My SLURM_ARRAY_TASK_ID:  18
My SLURM_ARRAY_JOB_ID:  4522329
MVGRL
Cora
result file is 4522329_18
Dataset: Cora():
======================
Number of graphs: 1
Number of features: 1433
Number of classes: 7
Data(x=[2708, 1433], edge_index=[2, 10556], y=[2708], train_mask=[2708], val_mask=[2708], test_mask=[2708])
==============================================================
Number of nodes: 2708
Number of edges: 10556
Average node degree: 3.90
Number of training nodes: 140
Training node label rate: 0.05
Contains isolated nodes: False
Contains self-loops: False
Is undirected: True
Epoch=000, loss=0.7007
Epoch=001, loss=0.6994
Epoch=002, loss=0.6985
Epoch=003, loss=0.6977
Epoch=004, loss=0.6973
Epoch=005, loss=0.6961
Epoch=006, loss=0.6955
Epoch=007, loss=0.6953
Epoch=008, loss=0.6948
Epoch=009, loss=0.6946
Epoch=010, loss=0.6937
Epoch=011, loss=0.6931
Epoch=012, loss=0.6921
Epoch=013, loss=0.6916
Epoch=014, loss=0.6907
Epoch=015, loss=0.6905
Epoch=016, loss=0.6895
Epoch=017, loss=0.6888
Epoch=018, loss=0.6884
Epoch=019, loss=0.6877
Epoch=020, loss=0.6866
Epoch=021, loss=0.6863
Epoch=022, loss=0.6854
Epoch=023, loss=0.6848
Epoch=024, loss=0.6844
Epoch=025, loss=0.6833
Epoch=026, loss=0.6829
Epoch=027, loss=0.6819
Epoch=028, loss=0.6812
Epoch=029, loss=0.6807
Epoch=030, loss=0.6807
Epoch=031, loss=0.6793
Epoch=032, loss=0.6785
Epoch=033, loss=0.6785
Epoch=034, loss=0.6774
Epoch=035, loss=0.6766
Epoch=036, loss=0.6760
Epoch=037, loss=0.6745
Epoch=038, loss=0.6743
Epoch=039, loss=0.6741
Epoch=040, loss=0.6719
Epoch=041, loss=0.6721
Epoch=042, loss=0.6690
Epoch=043, loss=0.6691
Epoch=044, loss=0.6690
Epoch=045, loss=0.6674
Epoch=046, loss=0.6672
Epoch=047, loss=0.6649
Epoch=048, loss=0.6634
Epoch=049, loss=0.6632
Epoch=050, loss=0.6618
Epoch=051, loss=0.6624
Epoch=052, loss=0.6607
Epoch=053, loss=0.6570
Epoch=054, loss=0.6600
Epoch=055, loss=0.6564
Epoch=056, loss=0.6572
Epoch=057, loss=0.6543
Epoch=058, loss=0.6564
Epoch=059, loss=0.6525
Epoch=060, loss=0.6514
Epoch=061, loss=0.6494
Epoch=062, loss=0.6475
Epoch=063, loss=0.6457
Epoch=064, loss=0.6441
Epoch=065, loss=0.6428
Epoch=066, loss=0.6416
Epoch=067, loss=0.6403
Epoch=068, loss=0.6378
Epoch=069, loss=0.6353
Epoch=070, loss=0.6348
Epoch=071, loss=0.6331
Epoch=072, loss=0.6325
Epoch=073, loss=0.6318
Epoch=074, loss=0.6276
Epoch=075, loss=0.6276
Epoch=076, loss=0.6226
Epoch=077, loss=0.6238
Epoch=078, loss=0.6216
Epoch=079, loss=0.6210
Epoch=080, loss=0.6171
Epoch=081, loss=0.6135
Epoch=082, loss=0.6186
Epoch=083, loss=0.6152
Epoch=084, loss=0.6125
Epoch=085, loss=0.6104
Epoch=086, loss=0.6085
Epoch=087, loss=0.6059
Epoch=088, loss=0.6067
Epoch=089, loss=0.6027
Epoch=090, loss=0.6037
Epoch=091, loss=0.5982
Epoch=092, loss=0.5997
Epoch=093, loss=0.5948
Epoch=094, loss=0.5962
Epoch=095, loss=0.5938
Epoch=096, loss=0.5926
Epoch=097, loss=0.5949
Epoch=098, loss=0.5905
Epoch=099, loss=0.5841
Epoch=100, loss=0.5836
Epoch=101, loss=0.5873
Epoch=102, loss=0.5824
Epoch=103, loss=0.5803
Epoch=104, loss=0.5763
Epoch=105, loss=0.5752
Epoch=106, loss=0.5719
Epoch=107, loss=0.5743
Epoch=108, loss=0.5742
Epoch=109, loss=0.5685
Epoch=110, loss=0.5695
Epoch=111, loss=0.5657
Epoch=112, loss=0.5655
Epoch=113, loss=0.5642
Epoch=114, loss=0.5628
Epoch=115, loss=0.5594
Epoch=116, loss=0.5596
Epoch=117, loss=0.5574
Epoch=118, loss=0.5549
Epoch=119, loss=0.5518
Epoch=120, loss=0.5525
Epoch=121, loss=0.5548
Epoch=122, loss=0.5529
Epoch=123, loss=0.5479
Epoch=124, loss=0.5470
Epoch=125, loss=0.5462
Epoch=126, loss=0.5460
Epoch=127, loss=0.5432
Epoch=128, loss=0.5415
Epoch=129, loss=0.5365
Epoch=130, loss=0.5379
Epoch=131, loss=0.5380
Epoch=132, loss=0.5379
Epoch=133, loss=0.5308
Epoch=134, loss=0.5361
Epoch=135, loss=0.5346
Epoch=136, loss=0.5266
Epoch=137, loss=0.5328
Epoch=138, loss=0.5322
Epoch=139, loss=0.5319
Epoch=140, loss=0.5239
Epoch=141, loss=0.5256
Epoch=142, loss=0.5235
Epoch=143, loss=0.5252
Epoch=144, loss=0.5150
Epoch=145, loss=0.5166
Epoch=146, loss=0.5166
Epoch=147, loss=0.5119
Epoch=148, loss=0.5144
Epoch=149, loss=0.5093
Epoch=150, loss=0.5103
Epoch=151, loss=0.5128
Epoch=152, loss=0.5105
Epoch=153, loss=0.5078
Epoch=154, loss=0.5048
Epoch=155, loss=0.5022
Epoch=156, loss=0.5013
Epoch=157, loss=0.5006
Epoch=158, loss=0.5071
Epoch=159, loss=0.5009
Epoch=160, loss=0.4981
Epoch=161, loss=0.4981
Epoch=162, loss=0.4933
Epoch=163, loss=0.4934
Epoch=164, loss=0.4891
Epoch=165, loss=0.4909
Epoch=166, loss=0.4885
Epoch=167, loss=0.4881
Epoch=168, loss=0.4863
Epoch=169, loss=0.4867
Epoch=170, loss=0.4853
Epoch=171, loss=0.4851
Epoch=172, loss=0.4856
Epoch=173, loss=0.4808
Epoch=174, loss=0.4872
Epoch=175, loss=0.4789
Epoch=176, loss=0.4772
Epoch=177, loss=0.4761
Epoch=178, loss=0.4772
Epoch=179, loss=0.4748
Epoch=180, loss=0.4776
Epoch=181, loss=0.4796
Epoch=182, loss=0.4708
Epoch=183, loss=0.4709
Epoch=184, loss=0.4674
Epoch=185, loss=0.4668
Epoch=186, loss=0.4649
Epoch=187, loss=0.4664
Epoch=188, loss=0.4744
Epoch=189, loss=0.4606
Epoch=190, loss=0.4636
Epoch=191, loss=0.4666
Epoch=192, loss=0.4604
Epoch=193, loss=0.4582
Epoch=194, loss=0.4618
Epoch=195, loss=0.4558
Epoch=196, loss=0.4595
Epoch=197, loss=0.4587
Epoch=198, loss=0.4511
Epoch=199, loss=0.4540
Epoch=200, loss=0.4519
Epoch=201, loss=0.4553
Epoch=202, loss=0.4525
Epoch=203, loss=0.4527
Epoch=204, loss=0.4510
Epoch=205, loss=0.4457
Epoch=206, loss=0.4503
Epoch=207, loss=0.4491
Epoch=208, loss=0.4456
Epoch=209, loss=0.4474
Epoch=210, loss=0.4471
Epoch=211, loss=0.4431
Epoch=212, loss=0.4444
Epoch=213, loss=0.4414
Epoch=214, loss=0.4405
Epoch=215, loss=0.4402
Epoch=216, loss=0.4407
Epoch=217, loss=0.4391
Epoch=218, loss=0.4383
Epoch=219, loss=0.4351
Epoch=220, loss=0.4331
Epoch=221, loss=0.4349
Epoch=222, loss=0.4363
Epoch=223, loss=0.4359
Epoch=224, loss=0.4326
Epoch=225, loss=0.4334
Epoch=226, loss=0.4288
Epoch=227, loss=0.4329
Epoch=228, loss=0.4322
Epoch=229, loss=0.4293
Epoch=230, loss=0.4299
Epoch=231, loss=0.4266
Epoch=232, loss=0.4266
Epoch=233, loss=0.4228
Epoch=234, loss=0.4210
Epoch=235, loss=0.4246
Epoch=236, loss=0.4225
Epoch=237, loss=0.4225
Epoch=238, loss=0.4200
Epoch=239, loss=0.4208
Epoch=240, loss=0.4206
Epoch=241, loss=0.4195
Epoch=242, loss=0.4190
Epoch=243, loss=0.4172
Epoch=244, loss=0.4173
Epoch=245, loss=0.4178
Epoch=246, loss=0.4155
Epoch=247, loss=0.4138
Epoch=248, loss=0.4129
Epoch=249, loss=0.4141
Epoch=250, loss=0.4134
Epoch=251, loss=0.4077
Epoch=252, loss=0.4137
Epoch=253, loss=0.4105
Epoch=254, loss=0.4136
Epoch=255, loss=0.4112
Epoch=256, loss=0.4096
Epoch=257, loss=0.4080
Epoch=258, loss=0.4054
Epoch=259, loss=0.4042
Epoch=260, loss=0.4086
Epoch=261, loss=0.4027
Epoch=262, loss=0.4024
Epoch=263, loss=0.4005
Epoch=264, loss=0.3988
Epoch=265, loss=0.4031
Epoch=266, loss=0.3971
Epoch=267, loss=0.3990
Epoch=268, loss=0.3993
Epoch=269, loss=0.3977
Epoch=270, loss=0.3975
Epoch=271, loss=0.4010
Epoch=272, loss=0.3984
Epoch=273, loss=0.3963
Epoch=274, loss=0.3973
Epoch=275, loss=0.3935
Epoch=276, loss=0.3935
Epoch=277, loss=0.3930
Epoch=278, loss=0.3915
Epoch=279, loss=0.3926
Epoch=280, loss=0.3980
Epoch=281, loss=0.3927
Epoch=282, loss=0.3895
Epoch=283, loss=0.3916
Epoch=284, loss=0.3871
Epoch=285, loss=0.3884
Epoch=286, loss=0.3895
Epoch=287, loss=0.3847
Epoch=288, loss=0.3902
Epoch=289, loss=0.3863
Epoch=290, loss=0.3835
Epoch=291, loss=0.3884
Epoch=292, loss=0.3855
Epoch=293, loss=0.3845
Epoch=294, loss=0.3810
Epoch=295, loss=0.3830
Epoch=296, loss=0.3812
Epoch=297, loss=0.3824
Epoch=298, loss=0.3794
Epoch=299, loss=0.3805
Epoch=300, loss=0.3784
Epoch=301, loss=0.3762
Epoch=302, loss=0.3753
Epoch=303, loss=0.3786
Epoch=304, loss=0.3760
Epoch=305, loss=0.3765
Epoch=306, loss=0.3762
Epoch=307, loss=0.3742
Epoch=308, loss=0.3724
Epoch=309, loss=0.3733
Epoch=310, loss=0.3715
Epoch=311, loss=0.3776
Epoch=312, loss=0.3684
Epoch=313, loss=0.3709
Epoch=314, loss=0.3699
Epoch=315, loss=0.3703
Epoch=316, loss=0.3711
Epoch=317, loss=0.3652
Epoch=318, loss=0.3666
Epoch=319, loss=0.3701
Epoch=320, loss=0.3688
Epoch=321, loss=0.3672
Epoch=322, loss=0.3657
Epoch=323, loss=0.3627
Epoch=324, loss=0.3666
Epoch=325, loss=0.3651
Epoch=326, loss=0.3626
Epoch=327, loss=0.3617
Epoch=328, loss=0.3641
Epoch=329, loss=0.3622
Epoch=330, loss=0.3616
Epoch=331, loss=0.3558
Epoch=332, loss=0.3587
Epoch=333, loss=0.3578
Epoch=334, loss=0.3606
Epoch=335, loss=0.3577
Epoch=336, loss=0.3568
Epoch=337, loss=0.3547
Epoch=338, loss=0.3534
Epoch=339, loss=0.3549
Epoch=340, loss=0.3546
Epoch=341, loss=0.3504
Epoch=342, loss=0.3546
Epoch=343, loss=0.3518
Epoch=344, loss=0.3521
Epoch=345, loss=0.3499
Epoch=346, loss=0.3507
Epoch=347, loss=0.3482
Epoch=348, loss=0.3503
Epoch=349, loss=0.3515
Epoch=350, loss=0.3448
Epoch=351, loss=0.3452
Epoch=352, loss=0.3467
Epoch=353, loss=0.3476
Epoch=354, loss=0.3470
Epoch=355, loss=0.3466
Epoch=356, loss=0.3438
Epoch=357, loss=0.3433
Epoch=358, loss=0.3482
Epoch=359, loss=0.3468
Epoch=360, loss=0.3431
Epoch=361, loss=0.3443
Epoch=362, loss=0.3404
Epoch=363, loss=0.3397
Epoch=364, loss=0.3426
Epoch=365, loss=0.3416
Epoch=366, loss=0.3364
Epoch=367, loss=0.3367
Epoch=368, loss=0.3393
Epoch=369, loss=0.3358
Epoch=370, loss=0.3403
Epoch=371, loss=0.3408
Epoch=372, loss=0.3384
Epoch=373, loss=0.3340
Epoch=374, loss=0.3356
Epoch=375, loss=0.3350
Epoch=376, loss=0.3380
Epoch=377, loss=0.3314
Epoch=378, loss=0.3331
Epoch=379, loss=0.3330
Epoch=380, loss=0.3337
Epoch=381, loss=0.3315
Epoch=382, loss=0.3334
Epoch=383, loss=0.3283
Epoch=384, loss=0.3280
Epoch=385, loss=0.3278
Epoch=386, loss=0.3291
Epoch=387, loss=0.3272
Epoch=388, loss=0.3274
Epoch=389, loss=0.3267
Epoch=390, loss=0.3283
Epoch=391, loss=0.3291
Epoch=392, loss=0.3250
Epoch=393, loss=0.3237
Epoch=394, loss=0.3251
Epoch=395, loss=0.3228
Epoch=396, loss=0.3232
Epoch=397, loss=0.3233
Epoch=398, loss=0.3256
Epoch=399, loss=0.3196
Epoch=400, loss=0.3212
Epoch=401, loss=0.3217
Epoch=402, loss=0.3202
Epoch=403, loss=0.3199
Epoch=404, loss=0.3184
Epoch=405, loss=0.3215
Epoch=406, loss=0.3196
Epoch=407, loss=0.3228
Epoch=408, loss=0.3186
Epoch=409, loss=0.3151
Epoch=410, loss=0.3172
Epoch=411, loss=0.3151
Epoch=412, loss=0.3134
Epoch=413, loss=0.3148
Epoch=414, loss=0.3164
Epoch=415, loss=0.3161
Epoch=416, loss=0.3125
Epoch=417, loss=0.3121
Epoch=418, loss=0.3084
Epoch=419, loss=0.3152
Epoch=420, loss=0.3105
Epoch=421, loss=0.3139
Epoch=422, loss=0.3128
Epoch=423, loss=0.3070
Epoch=424, loss=0.3128
Epoch=425, loss=0.3117
Epoch=426, loss=0.3064
Epoch=427, loss=0.3065
Epoch=428, loss=0.3095
Epoch=429, loss=0.3070
Epoch=430, loss=0.3116
Epoch=431, loss=0.3082
Epoch=432, loss=0.3010
Epoch=433, loss=0.3042
Epoch=434, loss=0.3119
Epoch=435, loss=0.3038
Epoch=436, loss=0.3036
Epoch=437, loss=0.3024
Epoch=438, loss=0.2997
Epoch=439, loss=0.3004
Epoch=440, loss=0.3017
Epoch=441, loss=0.3012
Epoch=442, loss=0.2986
Epoch=443, loss=0.2988
Epoch=444, loss=0.2990
Epoch=445, loss=0.2984
Epoch=446, loss=0.3000
Epoch=447, loss=0.2987
Epoch=448, loss=0.2960
Epoch=449, loss=0.2970
Epoch=450, loss=0.2987
Epoch=451, loss=0.3001
Epoch=452, loss=0.2940
Epoch=453, loss=0.2929
Epoch=454, loss=0.2937
Epoch=455, loss=0.2942
Epoch=456, loss=0.2907
Epoch=457, loss=0.2898
Epoch=458, loss=0.2929
Epoch=459, loss=0.2915
Epoch=460, loss=0.2874
Epoch=461, loss=0.2875
Epoch=462, loss=0.2930
Epoch=463, loss=0.2887
Epoch=464, loss=0.2885
Epoch=465, loss=0.2862
Epoch=466, loss=0.2919
Epoch=467, loss=0.2907
Epoch=468, loss=0.2860
Epoch=469, loss=0.2879
Epoch=470, loss=0.2874
Epoch=471, loss=0.2855
Epoch=472, loss=0.2859
Epoch=473, loss=0.2828
Epoch=474, loss=0.2865
Epoch=475, loss=0.2838
Epoch=476, loss=0.2832
Epoch=477, loss=0.2835
Epoch=478, loss=0.2813
Epoch=479, loss=0.2783
Epoch=480, loss=0.2814
Epoch=481, loss=0.2831
Epoch=482, loss=0.2851
Epoch=483, loss=0.2821
Epoch=484, loss=0.2835
Epoch=485, loss=0.2816
Epoch=486, loss=0.2809
Epoch=487, loss=0.2803
Epoch=488, loss=0.2763
Epoch=489, loss=0.2834
Epoch=490, loss=0.2724
Epoch=491, loss=0.2764
Epoch=492, loss=0.2762
Epoch=493, loss=0.2761
Epoch=494, loss=0.2773
Epoch=495, loss=0.2752
Epoch=496, loss=0.2752
Epoch=497, loss=0.2780
Epoch=498, loss=0.2698
Epoch=499, loss=0.2728
Loading 498th epoch
Early stopping!
Start to test process.
done with the edge prediction
done with the node prediction
done with the second node prediction
(E) | label_classification: F1Mi=0.6556+-0.0077, F1Ma=0.6025+-0.0177, acc=0.6556+-0.0077
[['MVGRL', 'heat', 16, 15, 2, 'normalize', 0.1, 0.2, 0.4, 0.001, 0.5, 0.2, 0.5, 0.0001, 512, 512, 0.9442266424070843, 0.9428492410533653, 0.94704910182228, 0.9448872242619979, 0.6142857074737549, 0.6399999856948853, 0.6358800530433655, 0.6928571462631226, 0.6320000290870667, 0.6494197249412537, 0.655577147298873, 0.007684690425161639, 0.6024665835272935, 0.017686956231889636, 0.655577147298873, 0.007684690425161639]]
Epoch=000, loss=0.6957
Epoch=001, loss=0.6939
Epoch=002, loss=0.6931
Epoch=003, loss=0.6918
Epoch=004, loss=0.6907
Epoch=005, loss=0.6895
Epoch=006, loss=0.6890
Epoch=007, loss=0.6878
Epoch=008, loss=0.6870
Epoch=009, loss=0.6857
Epoch=010, loss=0.6849
Epoch=011, loss=0.6837
Epoch=012, loss=0.6826
Epoch=013, loss=0.6814
Epoch=014, loss=0.6805
Epoch=015, loss=0.6785
Epoch=016, loss=0.6782
Epoch=017, loss=0.6760
Epoch=018, loss=0.6746
Epoch=019, loss=0.6727
Epoch=020, loss=0.6707
Epoch=021, loss=0.6696
Epoch=022, loss=0.6680
Epoch=023, loss=0.6647
Epoch=024, loss=0.6653
Epoch=025, loss=0.6615
Epoch=026, loss=0.6592
Epoch=027, loss=0.6572
Epoch=028, loss=0.6570
Epoch=029, loss=0.6545
Epoch=030, loss=0.6506
Epoch=031, loss=0.6485
Epoch=032, loss=0.6456
Epoch=033, loss=0.6419
Epoch=034, loss=0.6415
Epoch=035, loss=0.6405
Epoch=036, loss=0.6352
Epoch=037, loss=0.6337
Epoch=038, loss=0.6296
Epoch=039, loss=0.6301
Epoch=040, loss=0.6241
Epoch=041, loss=0.6228
Epoch=042, loss=0.6191
Epoch=043, loss=0.6148
Epoch=044, loss=0.6124
Epoch=045, loss=0.6088
Epoch=046, loss=0.6095
Epoch=047, loss=0.6057
Epoch=048, loss=0.6020
Epoch=049, loss=0.5984
Epoch=050, loss=0.5954
Epoch=051, loss=0.5928
Epoch=052, loss=0.5921
Epoch=053, loss=0.5897
Epoch=054, loss=0.5863
Epoch=055, loss=0.5843
Epoch=056, loss=0.5813
Epoch=057, loss=0.5766
Epoch=058, loss=0.5737
Epoch=059, loss=0.5707
Epoch=060, loss=0.5668
Epoch=061, loss=0.5635
Epoch=062, loss=0.5590
Epoch=063, loss=0.5586
Epoch=064, loss=0.5541
Epoch=065, loss=0.5520
Epoch=066, loss=0.5496
Epoch=067, loss=0.5532
Epoch=068, loss=0.5432
Epoch=069, loss=0.5421
Epoch=070, loss=0.5451
Epoch=071, loss=0.5384
Epoch=072, loss=0.5373
Epoch=073, loss=0.5356
Epoch=074, loss=0.5307
Epoch=075, loss=0.5314
Epoch=076, loss=0.5237
Epoch=077, loss=0.5234
Epoch=078, loss=0.5185
Epoch=079, loss=0.5155
Epoch=080, loss=0.5241
Epoch=081, loss=0.5146
Epoch=082, loss=0.5131
Epoch=083, loss=0.5091
Epoch=084, loss=0.5058
Epoch=085, loss=0.5045
Epoch=086, loss=0.5061
Epoch=087, loss=0.4980
Epoch=088, loss=0.4951
Epoch=089, loss=0.4944
Epoch=090, loss=0.4950
Epoch=091, loss=0.4893
Epoch=092, loss=0.4853
Epoch=093, loss=0.4825
Epoch=094, loss=0.4816
Epoch=095, loss=0.4802
Epoch=096, loss=0.4765
Epoch=097, loss=0.4760
Epoch=098, loss=0.4745
Epoch=099, loss=0.4736
Epoch=100, loss=0.4665
Epoch=101, loss=0.4652
Epoch=102, loss=0.4615
Epoch=103, loss=0.4617
Epoch=104, loss=0.4589
Epoch=105, loss=0.4591
Epoch=106, loss=0.4574
Epoch=107, loss=0.4561
Epoch=108, loss=0.4484
Epoch=109, loss=0.4534
Epoch=110, loss=0.4511
Epoch=111, loss=0.4435
Epoch=112, loss=0.4413
Epoch=113, loss=0.4413
Epoch=114, loss=0.4445
Epoch=115, loss=0.4381
Epoch=116, loss=0.4358
Epoch=117, loss=0.4381
Epoch=118, loss=0.4338
Epoch=119, loss=0.4358
Epoch=120, loss=0.4349
Epoch=121, loss=0.4310
Epoch=122, loss=0.4220
Epoch=123, loss=0.4257
Epoch=124, loss=0.4166
Epoch=125, loss=0.4257
Epoch=126, loss=0.4152
Epoch=127, loss=0.4144
Epoch=128, loss=0.4112
Epoch=129, loss=0.4155
Epoch=130, loss=0.4121
Epoch=131, loss=0.4064
Epoch=132, loss=0.4072
Epoch=133, loss=0.4009
Epoch=134, loss=0.4022
Epoch=135, loss=0.3983
Epoch=136, loss=0.3960
Epoch=137, loss=0.3946
Epoch=138, loss=0.3978
Epoch=139, loss=0.3955
Epoch=140, loss=0.3938
Epoch=141, loss=0.3889
Epoch=142, loss=0.3913
Epoch=143, loss=0.3866
Epoch=144, loss=0.3925
Epoch=145, loss=0.3884
Epoch=146, loss=0.3874
Epoch=147, loss=0.3826
Epoch=148, loss=0.3809
Epoch=149, loss=0.3758
Epoch=150, loss=0.3780
Epoch=151, loss=0.3772
Epoch=152, loss=0.3728
Epoch=153, loss=0.3720
Epoch=154, loss=0.3716
Epoch=155, loss=0.3649
Epoch=156, loss=0.3626
Epoch=157, loss=0.3646
Epoch=158, loss=0.3660
Epoch=159, loss=0.3636
Epoch=160, loss=0.3635
Epoch=161, loss=0.3569
Epoch=162, loss=0.3617
Epoch=163, loss=0.3614
Epoch=164, loss=0.3537
Epoch=165, loss=0.3526
Epoch=166, loss=0.3592
Epoch=167, loss=0.3487
Epoch=168, loss=0.3513
Epoch=169, loss=0.3473
Epoch=170, loss=0.3465
Epoch=171, loss=0.3439
Epoch=172, loss=0.3477
Epoch=173, loss=0.3420
Epoch=174, loss=0.3442
Epoch=175, loss=0.3410
Epoch=176, loss=0.3381
Epoch=177, loss=0.3390
Epoch=178, loss=0.3377
Epoch=179, loss=0.3398
Epoch=180, loss=0.3343
Epoch=181, loss=0.3297
Epoch=182, loss=0.3297
Epoch=183, loss=0.3304
Epoch=184, loss=0.3289
Epoch=185, loss=0.3244
Epoch=186, loss=0.3215
Epoch=187, loss=0.3223
Epoch=188, loss=0.3193
Epoch=189, loss=0.3224
Epoch=190, loss=0.3287
Epoch=191, loss=0.3166
Epoch=192, loss=0.3132
Epoch=193, loss=0.3165
Epoch=194, loss=0.3150
Epoch=195, loss=0.3110
Epoch=196, loss=0.3103
Epoch=197, loss=0.3119
Epoch=198, loss=0.3075
Epoch=199, loss=0.3051
Epoch=200, loss=0.3018
Epoch=201, loss=0.3047
Epoch=202, loss=0.3066
Epoch=203, loss=0.3033
Epoch=204, loss=0.3014
Epoch=205, loss=0.2983
Epoch=206, loss=0.2993
Epoch=207, loss=0.3009
Epoch=208, loss=0.2936
Epoch=209, loss=0.2959
Epoch=210, loss=0.2902
Epoch=211, loss=0.2932
Epoch=212, loss=0.2928
Epoch=213, loss=0.2894
Epoch=214, loss=0.2856
Epoch=215, loss=0.2860
Epoch=216, loss=0.2867
Epoch=217, loss=0.2886
Epoch=218, loss=0.2870
Epoch=219, loss=0.2891
Epoch=220, loss=0.2824
Epoch=221, loss=0.2844
Epoch=222, loss=0.2818
Epoch=223, loss=0.2828
Epoch=224, loss=0.2832
Epoch=225, loss=0.2778
Epoch=226, loss=0.2744
Epoch=227, loss=0.2746
Epoch=228, loss=0.2765
Epoch=229, loss=0.2765
Epoch=230, loss=0.2720
Epoch=231, loss=0.2726
Epoch=232, loss=0.2748
Epoch=233, loss=0.2664
Epoch=234, loss=0.2669
Epoch=235, loss=0.2658
Epoch=236, loss=0.2684
Epoch=237, loss=0.2669
Epoch=238, loss=0.2676
Epoch=239, loss=0.2649
Epoch=240, loss=0.2577
Epoch=241, loss=0.2620
Epoch=242, loss=0.2643
Epoch=243, loss=0.2572
Epoch=244, loss=0.2623
Epoch=245, loss=0.2550
Epoch=246, loss=0.2554
Epoch=247, loss=0.2552
Epoch=248, loss=0.2528
Epoch=249, loss=0.2501
Epoch=250, loss=0.2514
Epoch=251, loss=0.2482
Epoch=252, loss=0.2529
Epoch=253, loss=0.2489
Epoch=254, loss=0.2479
Epoch=255, loss=0.2484
Epoch=256, loss=0.2469
Epoch=257, loss=0.2447
Epoch=258, loss=0.2414
Epoch=259, loss=0.2442
Epoch=260, loss=0.2428
Epoch=261, loss=0.2428
Epoch=262, loss=0.2364
Epoch=263, loss=0.2401
Epoch=264, loss=0.2410
Epoch=265, loss=0.2378
Epoch=266, loss=0.2378
Epoch=267, loss=0.2401
Epoch=268, loss=0.2321
Epoch=269, loss=0.2317
Epoch=270, loss=0.2336
Epoch=271, loss=0.2280
Epoch=272, loss=0.2301
Epoch=273, loss=0.2285
Epoch=274, loss=0.2289
Epoch=275, loss=0.2352
Epoch=276, loss=0.2277
Epoch=277, loss=0.2274
Epoch=278, loss=0.2250
Epoch=279, loss=0.2267
Epoch=280, loss=0.2256
Epoch=281, loss=0.2231
Epoch=282, loss=0.2252
Epoch=283, loss=0.2272
Epoch=284, loss=0.2224
Epoch=285, loss=0.2166
Epoch=286, loss=0.2171
Epoch=287, loss=0.2193
Epoch=288, loss=0.2204
Epoch=289, loss=0.2205
Epoch=290, loss=0.2197
Epoch=291, loss=0.2151
Epoch=292, loss=0.2139
Epoch=293, loss=0.2140
Epoch=294, loss=0.2087
Epoch=295, loss=0.2129
Epoch=296, loss=0.2092
Epoch=297, loss=0.2099
Epoch=298, loss=0.2066
Epoch=299, loss=0.2051
Epoch=300, loss=0.2111
Epoch=301, loss=0.2108
Epoch=302, loss=0.2122
Epoch=303, loss=0.2058
Epoch=304, loss=0.2065
Epoch=305, loss=0.2045
Epoch=306, loss=0.2071
Epoch=307, loss=0.2031
Epoch=308, loss=0.2036
Epoch=309, loss=0.2035
Epoch=310, loss=0.2030
Epoch=311, loss=0.2079
Epoch=312, loss=0.2020
Epoch=313, loss=0.1968
Epoch=314, loss=0.1967
Epoch=315, loss=0.1931
Epoch=316, loss=0.1993
Epoch=317, loss=0.1971
Epoch=318, loss=0.1956
Epoch=319, loss=0.1982
Epoch=320, loss=0.1938
Epoch=321, loss=0.1929
Epoch=322, loss=0.1893
Epoch=323, loss=0.1897
Epoch=324, loss=0.1909
Epoch=325, loss=0.1866
Epoch=326, loss=0.1871
Epoch=327, loss=0.1883
Epoch=328, loss=0.1901
Epoch=329, loss=0.1906
Epoch=330, loss=0.1867
Epoch=331, loss=0.1836
Epoch=332, loss=0.1850
Epoch=333, loss=0.1831
Epoch=334, loss=0.1828
Epoch=335, loss=0.1842
Epoch=336, loss=0.1832
Epoch=337, loss=0.1767
Epoch=338, loss=0.1834
Epoch=339, loss=0.1789
Epoch=340, loss=0.1789
Epoch=341, loss=0.1765
Epoch=342, loss=0.1794
Epoch=343, loss=0.1746
Epoch=344, loss=0.1763
Epoch=345, loss=0.1803
Epoch=346, loss=0.1783
Epoch=347, loss=0.1748
Epoch=348, loss=0.1711
Epoch=349, loss=0.1693
Epoch=350, loss=0.1768
Epoch=351, loss=0.1713
Epoch=352, loss=0.1727
Epoch=353, loss=0.1688
Epoch=354, loss=0.1728
Epoch=355, loss=0.1715
Epoch=356, loss=0.1699
Epoch=357, loss=0.1724
Epoch=358, loss=0.1641
Epoch=359, loss=0.1659
Epoch=360, loss=0.1699
Epoch=361, loss=0.1668
Epoch=362, loss=0.1664
Epoch=363, loss=0.1647
Epoch=364, loss=0.1655
Epoch=365, loss=0.1667
Epoch=366, loss=0.1650
Epoch=367, loss=0.1669
Epoch=368, loss=0.1635
Epoch=369, loss=0.1638
Epoch=370, loss=0.1652
Epoch=371, loss=0.1615
Epoch=372, loss=0.1589
Epoch=373, loss=0.1595
Epoch=374, loss=0.1612
Epoch=375, loss=0.1732
Epoch=376, loss=0.1588
Epoch=377, loss=0.1566
Epoch=378, loss=0.1618
Epoch=379, loss=0.1551
Epoch=380, loss=0.1531
Epoch=381, loss=0.1566
Epoch=382, loss=0.1564
Epoch=383, loss=0.1558
Epoch=384, loss=0.1579
Epoch=385, loss=0.1591
Epoch=386, loss=0.1566
Epoch=387, loss=0.1546
Epoch=388, loss=0.1533
Epoch=389, loss=0.1560
Epoch=390, loss=0.1510
Epoch=391, loss=0.1498
Epoch=392, loss=0.1487
Epoch=393, loss=0.1500
Epoch=394, loss=0.1534
Epoch=395, loss=0.1504
Epoch=396, loss=0.1563
Epoch=397, loss=0.1476
Epoch=398, loss=0.1474
Epoch=399, loss=0.1518
Epoch=400, loss=0.1482
Epoch=401, loss=0.1563
Epoch=402, loss=0.1444
Epoch=403, loss=0.1473
Epoch=404, loss=0.1414
Epoch=405, loss=0.1456
Epoch=406, loss=0.1422
Epoch=407, loss=0.1451
Epoch=408, loss=0.1435
Epoch=409, loss=0.1442
Epoch=410, loss=0.1461
Epoch=411, loss=0.1386
Epoch=412, loss=0.1395
Epoch=413, loss=0.1382
Epoch=414, loss=0.1420
Epoch=415, loss=0.1470
Epoch=416, loss=0.1372
Epoch=417, loss=0.1393
Epoch=418, loss=0.1354
Epoch=419, loss=0.1353
Epoch=420, loss=0.1377
Epoch=421, loss=0.1370
Epoch=422, loss=0.1392
Epoch=423, loss=0.1354
Epoch=424, loss=0.1304
Epoch=425, loss=0.1370
Epoch=426, loss=0.1423
Epoch=427, loss=0.1322
Epoch=428, loss=0.1332
Epoch=429, loss=0.1338
Epoch=430, loss=0.1302
Epoch=431, loss=0.1334
Epoch=432, loss=0.1322
Epoch=433, loss=0.1357
Epoch=434, loss=0.1329
Epoch=435, loss=0.1290
Epoch=436, loss=0.1295
Epoch=437, loss=0.1295
Epoch=438, loss=0.1299
Epoch=439, loss=0.1302
Epoch=440, loss=0.1357
Epoch=441, loss=0.1294
Epoch=442, loss=0.1342
Epoch=443, loss=0.1352
Epoch=444, loss=0.1277
Epoch=445, loss=0.1271
Epoch=446, loss=0.1302
Epoch=447, loss=0.1333
Epoch=448, loss=0.1285
Epoch=449, loss=0.1262
Epoch=450, loss=0.1316
Epoch=451, loss=0.1303
Epoch=452, loss=0.1249
Epoch=453, loss=0.1246
Epoch=454, loss=0.1238
Epoch=455, loss=0.1261
Epoch=456, loss=0.1184
Epoch=457, loss=0.1282
Epoch=458, loss=0.1228
Epoch=459, loss=0.1197
Epoch=460, loss=0.1228
Epoch=461, loss=0.1236
Epoch=462, loss=0.1227
Epoch=463, loss=0.1232
Epoch=464, loss=0.1174
Epoch=465, loss=0.1191
Epoch=466, loss=0.1204
Epoch=467, loss=0.1211
Epoch=468, loss=0.1188
Epoch=469, loss=0.1163
Epoch=470, loss=0.1149
Epoch=471, loss=0.1178
Epoch=472, loss=0.1167
Epoch=473, loss=0.1171
Epoch=474, loss=0.1143
Epoch=475, loss=0.1158
Epoch=476, loss=0.1164
Epoch=477, loss=0.1124
Epoch=478, loss=0.1137
Epoch=479, loss=0.1121
Epoch=480, loss=0.1139
Epoch=481, loss=0.1145
Epoch=482, loss=0.1114
Epoch=483, loss=0.1219
Epoch=484, loss=0.1164
Epoch=485, loss=0.1145
Epoch=486, loss=0.1090
Epoch=487, loss=0.1124
Epoch=488, loss=0.1119
Epoch=489, loss=0.1115
Epoch=490, loss=0.1101
Epoch=491, loss=0.1099
Epoch=492, loss=0.1105
Epoch=493, loss=0.1097
Epoch=494, loss=0.1129
Epoch=495, loss=0.1094
Epoch=496, loss=0.1132
Epoch=497, loss=0.1067
Epoch=498, loss=0.1171
Epoch=499, loss=0.1104
Loading 497th epoch
done with the edge prediction
done with the node prediction
done with the second node prediction
(E) | label_classification: F1Mi=0.7497+-0.0209, F1Ma=0.7203+-0.0219, acc=0.7497+-0.0209
[['MVGRL', 'heat', 16, 15, 2, 'normalize', 0.1, 0.2, 0.4, 0.001, 0.5, 0.2, 0.5, 0.0001, 512, 512, 0.9442266424070843, 0.9428492410533653, 0.94704910182228, 0.9448872242619979, 0.6142857074737549, 0.6399999856948853, 0.6358800530433655, 0.6928571462631226, 0.6320000290870667, 0.6494197249412537, 0.655577147298873, 0.007684690425161639, 0.6024665835272935, 0.017686956231889636, 0.655577147298873, 0.007684690425161639], ['MVGRL', 'heat', 32, 15, 2, 'normalize', 0.1, 0.2, 0.4, 0.001, 0.5, 0.2, 0.5, 0.0001, 512, 512, 0.9676975549375479, 0.966471173686665, 0.9695062452966741, 0.9655136249159876, 0.9214285612106323, 0.7379999756813049, 0.717117965221405, 0.9214285612106323, 0.734000027179718, 0.7253385186195374, 0.7497085114652157, 0.020890508765856606, 0.7203138565128938, 0.021878676224646208, 0.7497085114652158, 0.020890508765856585]]
Epoch=000, loss=0.6946
Epoch=001, loss=0.6926
Epoch=002, loss=0.6910
Epoch=003, loss=0.6894
Epoch=004, loss=0.6875
Epoch=005, loss=0.6854
Epoch=006, loss=0.6837
Epoch=007, loss=0.6815
Epoch=008, loss=0.6787
Epoch=009, loss=0.6771
Epoch=010, loss=0.6742
Epoch=011, loss=0.6701
Epoch=012, loss=0.6674
Epoch=013, loss=0.6633
Epoch=014, loss=0.6615
Epoch=015, loss=0.6554
Epoch=016, loss=0.6540
Epoch=017, loss=0.6487
Epoch=018, loss=0.6438
Epoch=019, loss=0.6407
Epoch=020, loss=0.6371
Epoch=021, loss=0.6305
Epoch=022, loss=0.6255
Epoch=023, loss=0.6222
Epoch=024, loss=0.6157
Epoch=025, loss=0.6131
Epoch=026, loss=0.6033
Epoch=027, loss=0.6012
Epoch=028, loss=0.6007
Epoch=029, loss=0.5915
Epoch=030, loss=0.5873
Epoch=031, loss=0.5829
Epoch=032, loss=0.5732
Epoch=033, loss=0.5726
Epoch=034, loss=0.5671
Epoch=035, loss=0.5587
Epoch=036, loss=0.5582
Epoch=037, loss=0.5572
Epoch=038, loss=0.5535
Epoch=039, loss=0.5429
Epoch=040, loss=0.5356
Epoch=041, loss=0.5369
Epoch=042, loss=0.5289
Epoch=043, loss=0.5215
Epoch=044, loss=0.5170
Epoch=045, loss=0.5176
Epoch=046, loss=0.5082
Epoch=047, loss=0.5061
Epoch=048, loss=0.4984
Epoch=049, loss=0.4957
Epoch=050, loss=0.4901
Epoch=051, loss=0.4904
Epoch=052, loss=0.4812
Epoch=053, loss=0.4839
Epoch=054, loss=0.4784
Epoch=055, loss=0.4734
Epoch=056, loss=0.4741
Epoch=057, loss=0.4597
Epoch=058, loss=0.4617
Epoch=059, loss=0.4641
Epoch=060, loss=0.4568
Epoch=061, loss=0.4518
Epoch=062, loss=0.4439
Epoch=063, loss=0.4427
Epoch=064, loss=0.4362
Epoch=065, loss=0.4305
Epoch=066, loss=0.4295
Epoch=067, loss=0.4245
Epoch=068, loss=0.4208
Epoch=069, loss=0.4208
Epoch=070, loss=0.4140
Epoch=071, loss=0.4086
Epoch=072, loss=0.4160
Epoch=073, loss=0.4043
Epoch=074, loss=0.4023
Epoch=075, loss=0.3970
Epoch=076, loss=0.3988
Epoch=077, loss=0.3913
Epoch=078, loss=0.3880
Epoch=079, loss=0.3937
Epoch=080, loss=0.3812
Epoch=081, loss=0.3848
Epoch=082, loss=0.3800
Epoch=083, loss=0.3772
Epoch=084, loss=0.3694
Epoch=085, loss=0.3727
Epoch=086, loss=0.3696
Epoch=087, loss=0.3621
Epoch=088, loss=0.3598
Epoch=089, loss=0.3566
Epoch=090, loss=0.3585
Epoch=091, loss=0.3570
Epoch=092, loss=0.3523
Epoch=093, loss=0.3488
Epoch=094, loss=0.3512
Epoch=095, loss=0.3446
Epoch=096, loss=0.3409
Epoch=097, loss=0.3389
Epoch=098, loss=0.3364
Epoch=099, loss=0.3353
Epoch=100, loss=0.3346
Epoch=101, loss=0.3266
Epoch=102, loss=0.3291
Epoch=103, loss=0.3232
Epoch=104, loss=0.3247
Epoch=105, loss=0.3242
Epoch=106, loss=0.3185
Epoch=107, loss=0.3154
Epoch=108, loss=0.3138
Epoch=109, loss=0.3136
Epoch=110, loss=0.3096
Epoch=111, loss=0.3072
Epoch=112, loss=0.3053
Epoch=113, loss=0.3036
Epoch=114, loss=0.3027
Epoch=115, loss=0.3021
Epoch=116, loss=0.2995
Epoch=117, loss=0.2987
Epoch=118, loss=0.2966
Epoch=119, loss=0.2910
Epoch=120, loss=0.2883
Epoch=121, loss=0.2893
Epoch=122, loss=0.2825
Epoch=123, loss=0.2840
Epoch=124, loss=0.2826
Epoch=125, loss=0.2781
Epoch=126, loss=0.2811
Epoch=127, loss=0.2785
Epoch=128, loss=0.2752
Epoch=129, loss=0.2737
Epoch=130, loss=0.2680
Epoch=131, loss=0.2665
Epoch=132, loss=0.2690
Epoch=133, loss=0.2707
Epoch=134, loss=0.2676
Epoch=135, loss=0.2648
Epoch=136, loss=0.2602
Epoch=137, loss=0.2565
Epoch=138, loss=0.2577
Epoch=139, loss=0.2530
Epoch=140, loss=0.2533
Epoch=141, loss=0.2535
Epoch=142, loss=0.2512
Epoch=143, loss=0.2471
Epoch=144, loss=0.2490
Epoch=145, loss=0.2443
Epoch=146, loss=0.2455
Epoch=147, loss=0.2400
Epoch=148, loss=0.2379
Epoch=149, loss=0.2439
Epoch=150, loss=0.2362
Epoch=151, loss=0.2346
Epoch=152, loss=0.2311
Epoch=153, loss=0.2309
Epoch=154, loss=0.2312
Epoch=155, loss=0.2273
Epoch=156, loss=0.2349
Epoch=157, loss=0.2264
Epoch=158, loss=0.2277
Epoch=159, loss=0.2222
Epoch=160, loss=0.2189
Epoch=161, loss=0.2255
Epoch=162, loss=0.2188
Epoch=163, loss=0.2172
Epoch=164, loss=0.2160
Epoch=165, loss=0.2182
Epoch=166, loss=0.2093
Epoch=167, loss=0.2103
Epoch=168, loss=0.2114
Epoch=169, loss=0.2086
Epoch=170, loss=0.2076
Epoch=171, loss=0.2117
Epoch=172, loss=0.2035
Epoch=173, loss=0.2028
Epoch=174, loss=0.2016
Epoch=175, loss=0.2032
Epoch=176, loss=0.2018
Epoch=177, loss=0.1967
Epoch=178, loss=0.2019
Epoch=179, loss=0.1960
Epoch=180, loss=0.1957
Epoch=181, loss=0.1945
Epoch=182, loss=0.1918
Epoch=183, loss=0.1942
Epoch=184, loss=0.1878
Epoch=185, loss=0.1847
Epoch=186, loss=0.1899
Epoch=187, loss=0.1869
Epoch=188, loss=0.1880
Epoch=189, loss=0.1871
Epoch=190, loss=0.1872
Epoch=191, loss=0.1844
Epoch=192, loss=0.1836
Epoch=193, loss=0.1795
Epoch=194, loss=0.1766
Epoch=195, loss=0.1825
Epoch=196, loss=0.1788
Epoch=197, loss=0.1803
Epoch=198, loss=0.1733
Epoch=199, loss=0.1749
Epoch=200, loss=0.1802
Epoch=201, loss=0.1727
Epoch=202, loss=0.1709
Epoch=203, loss=0.1728
Epoch=204, loss=0.1689
Epoch=205, loss=0.1729
Epoch=206, loss=0.1668
Epoch=207, loss=0.1690
Epoch=208, loss=0.1703
Epoch=209, loss=0.1642
Epoch=210, loss=0.1664
Epoch=211, loss=0.1619
Epoch=212, loss=0.1594
Epoch=213, loss=0.1637
Epoch=214, loss=0.1617
Epoch=215, loss=0.1567
Epoch=216, loss=0.1579
Epoch=217, loss=0.1579
Epoch=218, loss=0.1558
Epoch=219, loss=0.1554
Epoch=220, loss=0.1542
Epoch=221, loss=0.1524
Epoch=222, loss=0.1498
Epoch=223, loss=0.1546
Epoch=224, loss=0.1528
Epoch=225, loss=0.1515
Epoch=226, loss=0.1547
Epoch=227, loss=0.1493
Epoch=228, loss=0.1496
Epoch=229, loss=0.1509
Epoch=230, loss=0.1465
Epoch=231, loss=0.1477
Epoch=232, loss=0.1457
Epoch=233, loss=0.1476
Epoch=234, loss=0.1438
Epoch=235, loss=0.1425
Epoch=236, loss=0.1431
Epoch=237, loss=0.1436
Epoch=238, loss=0.1393
Epoch=239, loss=0.1434
Epoch=240, loss=0.1419
Epoch=241, loss=0.1416
Epoch=242, loss=0.1385
Epoch=243, loss=0.1335
Epoch=244, loss=0.1392
Epoch=245, loss=0.1321
Epoch=246, loss=0.1388
Epoch=247, loss=0.1370
Epoch=248, loss=0.1327
Epoch=249, loss=0.1333
Epoch=250, loss=0.1329
Epoch=251, loss=0.1351
Epoch=252, loss=0.1377
Epoch=253, loss=0.1347
Epoch=254, loss=0.1324
Epoch=255, loss=0.1270
Epoch=256, loss=0.1279
Epoch=257, loss=0.1273
Epoch=258, loss=0.1264
Epoch=259, loss=0.1266
Epoch=260, loss=0.1293
Epoch=261, loss=0.1274
Epoch=262, loss=0.1279
Epoch=263, loss=0.1248
Epoch=264, loss=0.1211
Epoch=265, loss=0.1223
Epoch=266, loss=0.1193
Epoch=267, loss=0.1212
Epoch=268, loss=0.1267
Epoch=269, loss=0.1201
Epoch=270, loss=0.1245
Epoch=271, loss=0.1214
Epoch=272, loss=0.1144
Epoch=273, loss=0.1223
Epoch=274, loss=0.1218
Epoch=275, loss=0.1216
Epoch=276, loss=0.1188
Epoch=277, loss=0.1192
Epoch=278, loss=0.1171
Epoch=279, loss=0.1198
Epoch=280, loss=0.1161
Epoch=281, loss=0.1167
Epoch=282, loss=0.1158
Epoch=283, loss=0.1159
Epoch=284, loss=0.1131
Epoch=285, loss=0.1087
Epoch=286, loss=0.1116
Epoch=287, loss=0.1109
Epoch=288, loss=0.1089
Epoch=289, loss=0.1125
Epoch=290, loss=0.1111
Epoch=291, loss=0.1088
Epoch=292, loss=0.1114
Epoch=293, loss=0.1074
Epoch=294, loss=0.1174
Epoch=295, loss=0.1103
Epoch=296, loss=0.1047
Epoch=297, loss=0.1066
Epoch=298, loss=0.1053
Epoch=299, loss=0.1084
Epoch=300, loss=0.1068
Epoch=301, loss=0.1069
Epoch=302, loss=0.1121
Epoch=303, loss=0.1022
Epoch=304, loss=0.1055
Epoch=305, loss=0.1042
Epoch=306, loss=0.1081
Epoch=307, loss=0.1041
Epoch=308, loss=0.0996
Epoch=309, loss=0.1003
Epoch=310, loss=0.1010
Epoch=311, loss=0.0987
Epoch=312, loss=0.1066
Epoch=313, loss=0.1002
Epoch=314, loss=0.1002
Epoch=315, loss=0.1055
Epoch=316, loss=0.1027
Epoch=317, loss=0.1085
Epoch=318, loss=0.0967
Epoch=319, loss=0.0988
Epoch=320, loss=0.0989
Epoch=321, loss=0.0930
Epoch=322, loss=0.0983
Epoch=323, loss=0.0969
Epoch=324, loss=0.0961
Epoch=325, loss=0.0985
Epoch=326, loss=0.0969
Epoch=327, loss=0.0928
Epoch=328, loss=0.0928
Epoch=329, loss=0.0896
Epoch=330, loss=0.0932
Epoch=331, loss=0.0926
Epoch=332, loss=0.0969
Epoch=333, loss=0.0930
Epoch=334, loss=0.0943
Epoch=335, loss=0.0899
Epoch=336, loss=0.0907
Epoch=337, loss=0.0912
Epoch=338, loss=0.0910
Epoch=339, loss=0.0925
Epoch=340, loss=0.0918
Epoch=341, loss=0.0938
Epoch=342, loss=0.0910
Epoch=343, loss=0.0887
Epoch=344, loss=0.0871
Epoch=345, loss=0.0910
Epoch=346, loss=0.0826
Epoch=347, loss=0.0912
Epoch=348, loss=0.0897
Epoch=349, loss=0.0895
Epoch=350, loss=0.0853
Epoch=351, loss=0.0880
Epoch=352, loss=0.0856
Epoch=353, loss=0.0905
Epoch=354, loss=0.0837
Epoch=355, loss=0.0867
Epoch=356, loss=0.0882
Epoch=357, loss=0.0878
Epoch=358, loss=0.0841
Epoch=359, loss=0.0836
Epoch=360, loss=0.0779
Epoch=361, loss=0.0843
Epoch=362, loss=0.0824
Epoch=363, loss=0.0810
Epoch=364, loss=0.0831
Epoch=365, loss=0.0797
Epoch=366, loss=0.0800
Epoch=367, loss=0.0830
Epoch=368, loss=0.0799
Epoch=369, loss=0.0833
Epoch=370, loss=0.0801
Epoch=371, loss=0.0752
Epoch=372, loss=0.0806
Epoch=373, loss=0.0778
Epoch=374, loss=0.0797
Epoch=375, loss=0.0769
Epoch=376, loss=0.0837
Epoch=377, loss=0.0777
Epoch=378, loss=0.0764
Epoch=379, loss=0.0758
Epoch=380, loss=0.0754
Epoch=381, loss=0.0778
Epoch=382, loss=0.0763
Epoch=383, loss=0.0749
Epoch=384, loss=0.0793
Epoch=385, loss=0.0739
Epoch=386, loss=0.0771
Epoch=387, loss=0.0766
Epoch=388, loss=0.0756
Epoch=389, loss=0.0741
Epoch=390, loss=0.0763
Epoch=391, loss=0.0741
Epoch=392, loss=0.0758
Epoch=393, loss=0.0786
Epoch=394, loss=0.0736
Epoch=395, loss=0.0740
Epoch=396, loss=0.0687
Epoch=397, loss=0.0731
Epoch=398, loss=0.0715
Epoch=399, loss=0.0701
Epoch=400, loss=0.0733
Epoch=401, loss=0.0722
Epoch=402, loss=0.0721
Epoch=403, loss=0.0756
Epoch=404, loss=0.0712
Epoch=405, loss=0.0735
Epoch=406, loss=0.0704
Epoch=407, loss=0.0692
Epoch=408, loss=0.0675
Epoch=409, loss=0.0720
Epoch=410, loss=0.0706
Epoch=411, loss=0.0706
Epoch=412, loss=0.0653
Epoch=413, loss=0.0700
Epoch=414, loss=0.0694
Epoch=415, loss=0.0665
Epoch=416, loss=0.0685
Epoch=417, loss=0.0663
Epoch=418, loss=0.0659
Epoch=419, loss=0.0750
Epoch=420, loss=0.0735
Epoch=421, loss=0.0695
Epoch=422, loss=0.0743
Epoch=423, loss=0.0671
Epoch=424, loss=0.0670
Epoch=425, loss=0.0699
Epoch=426, loss=0.0654
Epoch=427, loss=0.0634
Epoch=428, loss=0.0688
Epoch=429, loss=0.0673
Epoch=430, loss=0.0625
Epoch=431, loss=0.0712
Epoch=432, loss=0.0695
Epoch=433, loss=0.0667
Epoch=434, loss=0.0623
Epoch=435, loss=0.0655
Epoch=436, loss=0.0641
Epoch=437, loss=0.0644
Epoch=438, loss=0.0628
Epoch=439, loss=0.0616
Epoch=440, loss=0.0644
Epoch=441, loss=0.0617
Epoch=442, loss=0.0647
Epoch=443, loss=0.0609
Epoch=444, loss=0.0632
Epoch=445, loss=0.0662
Epoch=446, loss=0.0598
Epoch=447, loss=0.0630
Epoch=448, loss=0.0625
Epoch=449, loss=0.0607
Epoch=450, loss=0.0598
Epoch=451, loss=0.0590
Epoch=452, loss=0.0605
Epoch=453, loss=0.0566
Epoch=454, loss=0.0587
Epoch=455, loss=0.0632
Epoch=456, loss=0.0584
Epoch=457, loss=0.0592
Epoch=458, loss=0.0596
Epoch=459, loss=0.0580
Epoch=460, loss=0.0597
Epoch=461, loss=0.0602
Epoch=462, loss=0.0557
Epoch=463, loss=0.0551
Epoch=464, loss=0.0586
Epoch=465, loss=0.0588
Epoch=466, loss=0.0566
Epoch=467, loss=0.0608
Epoch=468, loss=0.0576
Epoch=469, loss=0.0539
Epoch=470, loss=0.0531
Epoch=471, loss=0.0572
Epoch=472, loss=0.0552
Epoch=473, loss=0.0592
Epoch=474, loss=0.0558
Epoch=475, loss=0.0548
Epoch=476, loss=0.0559
Epoch=477, loss=0.0555
Epoch=478, loss=0.0556
Epoch=479, loss=0.0494
Epoch=480, loss=0.0557
Epoch=481, loss=0.0576
Epoch=482, loss=0.0573
Epoch=483, loss=0.0549
Epoch=484, loss=0.0542
Epoch=485, loss=0.0575
Epoch=486, loss=0.0571
Epoch=487, loss=0.0487
Epoch=488, loss=0.0546
Epoch=489, loss=0.0529
Epoch=490, loss=0.0520
Epoch=491, loss=0.0518
Epoch=492, loss=0.0555
Epoch=493, loss=0.0510
Epoch=494, loss=0.0530
Epoch=495, loss=0.0517
Epoch=496, loss=0.0503
Epoch=497, loss=0.0530
Epoch=498, loss=0.0546
Epoch=499, loss=0.0536
Loading 487th epoch
done with the edge prediction
done with the node prediction
done with the second node prediction
(E) | label_classification: F1Mi=0.7644+-0.0185, F1Ma=0.7358+-0.0216, acc=0.7644+-0.0185
[['MVGRL', 'heat', 16, 15, 2, 'normalize', 0.1, 0.2, 0.4, 0.001, 0.5, 0.2, 0.5, 0.0001, 512, 512, 0.9442266424070843, 0.9428492410533653, 0.94704910182228, 0.9448872242619979, 0.6142857074737549, 0.6399999856948853, 0.6358800530433655, 0.6928571462631226, 0.6320000290870667, 0.6494197249412537, 0.655577147298873, 0.007684690425161639, 0.6024665835272935, 0.017686956231889636, 0.655577147298873, 0.007684690425161639], ['MVGRL', 'heat', 32, 15, 2, 'normalize', 0.1, 0.2, 0.4, 0.001, 0.5, 0.2, 0.5, 0.0001, 512, 512, 0.9676975549375479, 0.966471173686665, 0.9695062452966741, 0.9655136249159876, 0.9214285612106323, 0.7379999756813049, 0.717117965221405, 0.9214285612106323, 0.734000027179718, 0.7253385186195374, 0.7497085114652157, 0.020890508765856606, 0.7203138565128938, 0.021878676224646208, 0.7497085114652158, 0.020890508765856585], ['MVGRL', 'heat', 64, 15, 2, 'normalize', 0.1, 0.2, 0.4, 0.001, 0.5, 0.2, 0.5, 0.0001, 512, 512, 0.9827989016462199, 0.9818363726483811, 0.9771215825498958, 0.9746969826252229, 0.75, 0.7480000257492065, 0.7359768152236938, 0.75, 0.75, 0.740812361240387, 0.7643995336183445, 0.018537326371966294, 0.7358136996345368, 0.0215638791008619, 0.7643995336183443, 0.018537326371966336]]
Epoch=000, loss=0.6941
Epoch=001, loss=0.6897
Epoch=002, loss=0.6853
Epoch=003, loss=0.6799
Epoch=004, loss=0.6756
Epoch=005, loss=0.6710
Epoch=006, loss=0.6655
Epoch=007, loss=0.6584
Epoch=008, loss=0.6540
Epoch=009, loss=0.6460
Epoch=010, loss=0.6411
Epoch=011, loss=0.6325
Epoch=012, loss=0.6239
Epoch=013, loss=0.6180
Epoch=014, loss=0.6103
Epoch=015, loss=0.5981
Epoch=016, loss=0.5926
Epoch=017, loss=0.5816
Epoch=018, loss=0.5745
Epoch=019, loss=0.5627
Epoch=020, loss=0.5580
Epoch=021, loss=0.5504
Epoch=022, loss=0.5408
Epoch=023, loss=0.5280
Epoch=024, loss=0.5219
Epoch=025, loss=0.5121
Epoch=026, loss=0.5066
Epoch=027, loss=0.4955
Epoch=028, loss=0.4887
Epoch=029, loss=0.4790
Epoch=030, loss=0.4729
Epoch=031, loss=0.4707
Epoch=032, loss=0.4683
Epoch=033, loss=0.4575
Epoch=034, loss=0.4491
Epoch=035, loss=0.4403
Epoch=036, loss=0.4358
Epoch=037, loss=0.4277
Epoch=038, loss=0.4222
Epoch=039, loss=0.4152
Epoch=040, loss=0.4094
Epoch=041, loss=0.4083
Epoch=042, loss=0.3981
Epoch=043, loss=0.3934
Epoch=044, loss=0.3854
Epoch=045, loss=0.3851
Epoch=046, loss=0.3757
Epoch=047, loss=0.3723
Epoch=048, loss=0.3665
Epoch=049, loss=0.3625
Epoch=050, loss=0.3614
Epoch=051, loss=0.3450
Epoch=052, loss=0.3465
Epoch=053, loss=0.3410
Epoch=054, loss=0.3402
Epoch=055, loss=0.3317
Epoch=056, loss=0.3290
Epoch=057, loss=0.3268
Epoch=058, loss=0.3216
Epoch=059, loss=0.3185
Epoch=060, loss=0.3117
Epoch=061, loss=0.3100
Epoch=062, loss=0.3091
Epoch=063, loss=0.3016
Epoch=064, loss=0.3011
Epoch=065, loss=0.2919
Epoch=066, loss=0.2869
Epoch=067, loss=0.2894
Epoch=068, loss=0.2869
Epoch=069, loss=0.2812
Epoch=070, loss=0.2779
Epoch=071, loss=0.2728
Epoch=072, loss=0.2721
Epoch=073, loss=0.2635
Epoch=074, loss=0.2605
Epoch=075, loss=0.2626
Epoch=076, loss=0.2576
Epoch=077, loss=0.2536
Epoch=078, loss=0.2476
Epoch=079, loss=0.2503
Epoch=080, loss=0.2425
Epoch=081, loss=0.2387
Epoch=082, loss=0.2379
Epoch=083, loss=0.2364
Epoch=084, loss=0.2321
Epoch=085, loss=0.2303
Epoch=086, loss=0.2257
Epoch=087, loss=0.2223
Epoch=088, loss=0.2208
Epoch=089, loss=0.2200
Epoch=090, loss=0.2146
Epoch=091, loss=0.2131
Epoch=092, loss=0.2100
Epoch=093, loss=0.2081
Epoch=094, loss=0.2092
Epoch=095, loss=0.2021
Epoch=096, loss=0.2044
Epoch=097, loss=0.2003
Epoch=098, loss=0.1979
Epoch=099, loss=0.1994
Epoch=100, loss=0.1932
Epoch=101, loss=0.1886
Epoch=102, loss=0.1892
Epoch=103, loss=0.1875
Epoch=104, loss=0.1831
Epoch=105, loss=0.1853
Epoch=106, loss=0.1809
Epoch=107, loss=0.1815
Epoch=108, loss=0.1739
Epoch=109, loss=0.1777
Epoch=110, loss=0.1717
Epoch=111, loss=0.1719
Epoch=112, loss=0.1668
Epoch=113, loss=0.1634
Epoch=114, loss=0.1667
Epoch=115, loss=0.1631
Epoch=116, loss=0.1638
Epoch=117, loss=0.1663
Epoch=118, loss=0.1624
Epoch=119, loss=0.1611
Epoch=120, loss=0.1587
Epoch=121, loss=0.1563
Epoch=122, loss=0.1569
Epoch=123, loss=0.1556
Epoch=124, loss=0.1533
Epoch=125, loss=0.1509
Epoch=126, loss=0.1472
Epoch=127, loss=0.1410
Epoch=128, loss=0.1489
Epoch=129, loss=0.1483
Epoch=130, loss=0.1439
Epoch=131, loss=0.1446
Epoch=132, loss=0.1378
Epoch=133, loss=0.1409
Epoch=134, loss=0.1405
Epoch=135, loss=0.1396
Epoch=136, loss=0.1365
Epoch=137, loss=0.1369
Epoch=138, loss=0.1355
Epoch=139, loss=0.1364
Epoch=140, loss=0.1312
Epoch=141, loss=0.1302
Epoch=142, loss=0.1281
Epoch=143, loss=0.1269
Epoch=144, loss=0.1281
Epoch=145, loss=0.1290
Epoch=146, loss=0.1257
Epoch=147, loss=0.1266
Epoch=148, loss=0.1263
Epoch=149, loss=0.1271
Epoch=150, loss=0.1258
Epoch=151, loss=0.1195
Epoch=152, loss=0.1207
Epoch=153, loss=0.1171
Epoch=154, loss=0.1179
Epoch=155, loss=0.1223
Epoch=156, loss=0.1181
Epoch=157, loss=0.1139
Epoch=158, loss=0.1178
Epoch=159, loss=0.1214
Epoch=160, loss=0.1128
Epoch=161, loss=0.1123
Epoch=162, loss=0.1143
Epoch=163, loss=0.1120
Epoch=164, loss=0.1102
Epoch=165, loss=0.1088
Epoch=166, loss=0.1111
Epoch=167, loss=0.1120
Epoch=168, loss=0.1090
Epoch=169, loss=0.1065
Epoch=170, loss=0.1081
Epoch=171, loss=0.1007
Epoch=172, loss=0.1079
Epoch=173, loss=0.1046
Epoch=174, loss=0.1048
Epoch=175, loss=0.1034
Epoch=176, loss=0.1035
Epoch=177, loss=0.0988
Epoch=178, loss=0.1053
Epoch=179, loss=0.0997
Epoch=180, loss=0.0984
Epoch=181, loss=0.1023
Epoch=182, loss=0.0965
Epoch=183, loss=0.0916
Epoch=184, loss=0.1015
Epoch=185, loss=0.0982
Epoch=186, loss=0.0922
Epoch=187, loss=0.0969
Epoch=188, loss=0.0991
Epoch=189, loss=0.0938
Epoch=190, loss=0.0949
Epoch=191, loss=0.0942
Epoch=192, loss=0.0916
Epoch=193, loss=0.0943
Epoch=194, loss=0.0902
Epoch=195, loss=0.0956
Epoch=196, loss=0.0913
Epoch=197, loss=0.0927
Epoch=198, loss=0.0883
Epoch=199, loss=0.0930
Epoch=200, loss=0.0885
Epoch=201, loss=0.0920
Epoch=202, loss=0.0886
Epoch=203, loss=0.0869
Epoch=204, loss=0.0860
Epoch=205, loss=0.0867
Epoch=206, loss=0.0873
Epoch=207, loss=0.0891
Epoch=208, loss=0.0861
Epoch=209, loss=0.0876
Epoch=210, loss=0.0870
Epoch=211, loss=0.0831
Epoch=212, loss=0.0839
Epoch=213, loss=0.0856
Epoch=214, loss=0.0816
Epoch=215, loss=0.0810
Epoch=216, loss=0.0875
Epoch=217, loss=0.0840
Epoch=218, loss=0.0806
Epoch=219, loss=0.0825
Epoch=220, loss=0.0815
Epoch=221, loss=0.0836
Epoch=222, loss=0.0782
Epoch=223, loss=0.0795
Epoch=224, loss=0.0767
Epoch=225, loss=0.0803
Epoch=226, loss=0.0846
Epoch=227, loss=0.0816
Epoch=228, loss=0.0785
Epoch=229, loss=0.0786
Epoch=230, loss=0.0747
Epoch=231, loss=0.0748
Epoch=232, loss=0.0769
Epoch=233, loss=0.0753
Epoch=234, loss=0.0717
Epoch=235, loss=0.0750
Epoch=236, loss=0.0723
Epoch=237, loss=0.0738
Epoch=238, loss=0.0747
Epoch=239, loss=0.0735
Epoch=240, loss=0.0748
Epoch=241, loss=0.0790
Epoch=242, loss=0.0706
Epoch=243, loss=0.0756
Epoch=244, loss=0.0719
Epoch=245, loss=0.0700
Epoch=246, loss=0.0730
Epoch=247, loss=0.0707
Epoch=248, loss=0.0692
Epoch=249, loss=0.0684
Epoch=250, loss=0.0713
Epoch=251, loss=0.0700
Epoch=252, loss=0.0703
Epoch=253, loss=0.0667
Epoch=254, loss=0.0667
Epoch=255, loss=0.0683
Epoch=256, loss=0.0719
Epoch=257, loss=0.0651
Epoch=258, loss=0.0658
Epoch=259, loss=0.0683
Epoch=260, loss=0.0622
Epoch=261, loss=0.0701
Epoch=262, loss=0.0630
Epoch=263, loss=0.0650
Epoch=264, loss=0.0648
Epoch=265, loss=0.0667
Epoch=266, loss=0.0716
Epoch=267, loss=0.0649
Epoch=268, loss=0.0669
Epoch=269, loss=0.0642
Epoch=270, loss=0.0610
Epoch=271, loss=0.0630
Epoch=272, loss=0.0662
Epoch=273, loss=0.0639
Epoch=274, loss=0.0682
Epoch=275, loss=0.0610
Epoch=276, loss=0.0610
Epoch=277, loss=0.0577
Epoch=278, loss=0.0609
Epoch=279, loss=0.0626
Epoch=280, loss=0.0623
Epoch=281, loss=0.0664
Epoch=282, loss=0.0685
Epoch=283, loss=0.0635
Epoch=284, loss=0.0575
Epoch=285, loss=0.0596
Epoch=286, loss=0.0599
Epoch=287, loss=0.0575
Epoch=288, loss=0.0644
Epoch=289, loss=0.0598
Epoch=290, loss=0.0585
Epoch=291, loss=0.0595
Epoch=292, loss=0.0584
Epoch=293, loss=0.0601
Epoch=294, loss=0.0571
Epoch=295, loss=0.0595
Epoch=296, loss=0.0554
Epoch=297, loss=0.0608
Epoch=298, loss=0.0614
Epoch=299, loss=0.0601
Epoch=300, loss=0.0554
Epoch=301, loss=0.0584
Epoch=302, loss=0.0593
Epoch=303, loss=0.0614
Epoch=304, loss=0.0589
Epoch=305, loss=0.0612
Epoch=306, loss=0.0579
Epoch=307, loss=0.0547
Epoch=308, loss=0.0585
Epoch=309, loss=0.0558
Epoch=310, loss=0.0553
Epoch=311, loss=0.0581
Epoch=312, loss=0.0566
Epoch=313, loss=0.0508
Epoch=314, loss=0.0516
Epoch=315, loss=0.0539
Epoch=316, loss=0.0521
Epoch=317, loss=0.0518
Epoch=318, loss=0.0581
Epoch=319, loss=0.0542
Epoch=320, loss=0.0539
Epoch=321, loss=0.0517
Epoch=322, loss=0.0530
Epoch=323, loss=0.0543
Epoch=324, loss=0.0529
Epoch=325, loss=0.0524
Epoch=326, loss=0.0514
Epoch=327, loss=0.0542
Epoch=328, loss=0.0505
Epoch=329, loss=0.0535
Epoch=330, loss=0.0501
Epoch=331, loss=0.0557
Epoch=332, loss=0.0517
Epoch=333, loss=0.0517
Epoch=334, loss=0.0548
Epoch=335, loss=0.0557
Epoch=336, loss=0.0520
Epoch=337, loss=0.0478
Epoch=338, loss=0.0530
Epoch=339, loss=0.0501
Epoch=340, loss=0.0523
Epoch=341, loss=0.0483
Epoch=342, loss=0.0496
Epoch=343, loss=0.0568
Epoch=344, loss=0.0518
Epoch=345, loss=0.0515
Epoch=346, loss=0.0546
Epoch=347, loss=0.0461
Epoch=348, loss=0.0477
Epoch=349, loss=0.0488
Epoch=350, loss=0.0478
Epoch=351, loss=0.0479
Epoch=352, loss=0.0490
Epoch=353, loss=0.0476
Epoch=354, loss=0.0484
Epoch=355, loss=0.0487
Epoch=356, loss=0.0474
Epoch=357, loss=0.0471
Epoch=358, loss=0.0474
Epoch=359, loss=0.0502
Epoch=360, loss=0.0482
Epoch=361, loss=0.0471
Epoch=362, loss=0.0480
Epoch=363, loss=0.0455
Epoch=364, loss=0.0473
Epoch=365, loss=0.0448
Epoch=366, loss=0.0472
Epoch=367, loss=0.0464
Epoch=368, loss=0.0427
Epoch=369, loss=0.0434
Epoch=370, loss=0.0465
Epoch=371, loss=0.0450
Epoch=372, loss=0.0469
Epoch=373, loss=0.0482
Epoch=374, loss=0.0469
Epoch=375, loss=0.0446
Epoch=376, loss=0.0461
Epoch=377, loss=0.0452
Epoch=378, loss=0.0460
Epoch=379, loss=0.0437
Epoch=380, loss=0.0454
Epoch=381, loss=0.0433
Epoch=382, loss=0.0429
Epoch=383, loss=0.0501
Epoch=384, loss=0.0423
Epoch=385, loss=0.0422
Epoch=386, loss=0.0458
Epoch=387, loss=0.0436
Epoch=388, loss=0.0399
Epoch=389, loss=0.0444
Epoch=390, loss=0.0479
Epoch=391, loss=0.0428
Epoch=392, loss=0.0453
Epoch=393, loss=0.0411
Epoch=394, loss=0.0414
Epoch=395, loss=0.0404
Epoch=396, loss=0.0405
Epoch=397, loss=0.0421
Epoch=398, loss=0.0452
Epoch=399, loss=0.0406
Epoch=400, loss=0.0400
Epoch=401, loss=0.0429
Epoch=402, loss=0.0385
Epoch=403, loss=0.0401
Epoch=404, loss=0.0407
Epoch=405, loss=0.0389
Epoch=406, loss=0.0413
Epoch=407, loss=0.0454
Epoch=408, loss=0.0393
Epoch=409, loss=0.0420
Epoch=410, loss=0.0408
Epoch=411, loss=0.0385
Epoch=412, loss=0.0423
Epoch=413, loss=0.0400
Epoch=414, loss=0.0442
Epoch=415, loss=0.0403
Epoch=416, loss=0.0408
Epoch=417, loss=0.0396
Epoch=418, loss=0.0395
Epoch=419, loss=0.0403
Epoch=420, loss=0.0393
Epoch=421, loss=0.0387
Epoch=422, loss=0.0417
Epoch=423, loss=0.0363
Epoch=424, loss=0.0392
Epoch=425, loss=0.0393
Epoch=426, loss=0.0399
Epoch=427, loss=0.0410
Epoch=428, loss=0.0376
Epoch=429, loss=0.0400
Epoch=430, loss=0.0361
Epoch=431, loss=0.0413
Epoch=432, loss=0.0375
Epoch=433, loss=0.0409
Epoch=434, loss=0.0399
Epoch=435, loss=0.0377
Epoch=436, loss=0.0348
Epoch=437, loss=0.0397
Epoch=438, loss=0.0390
Epoch=439, loss=0.0379
Epoch=440, loss=0.0339
Epoch=441, loss=0.0372
Epoch=442, loss=0.0365
Epoch=443, loss=0.0377
Epoch=444, loss=0.0420
Epoch=445, loss=0.0367
Epoch=446, loss=0.0355
Epoch=447, loss=0.0392
Epoch=448, loss=0.0405
Epoch=449, loss=0.0369
Epoch=450, loss=0.0360
Epoch=451, loss=0.0331
Epoch=452, loss=0.0387
Epoch=453, loss=0.0337
Epoch=454, loss=0.0391
Epoch=455, loss=0.0349
Epoch=456, loss=0.0411
Epoch=457, loss=0.0306
Epoch=458, loss=0.0339
Epoch=459, loss=0.0344
Epoch=460, loss=0.0365
Epoch=461, loss=0.0361
Epoch=462, loss=0.0358
Epoch=463, loss=0.0358
Epoch=464, loss=0.0360
Epoch=465, loss=0.0359
Epoch=466, loss=0.0350
Epoch=467, loss=0.0327
Epoch=468, loss=0.0361
Epoch=469, loss=0.0323
Epoch=470, loss=0.0372
Epoch=471, loss=0.0330
Epoch=472, loss=0.0327
Epoch=473, loss=0.0329
Epoch=474, loss=0.0353
Epoch=475, loss=0.0381
Epoch=476, loss=0.0387
Epoch=477, loss=0.0330
Early stopping!
Loading 457th epoch
Early stopping!
Start to test process.
done with the edge prediction
done with the node prediction
done with the second node prediction
(E) | label_classification: F1Mi=0.7788+-0.0194, F1Ma=0.7415+-0.0482, acc=0.7788+-0.0194
[['MVGRL', 'heat', 16, 15, 2, 'normalize', 0.1, 0.2, 0.4, 0.001, 0.5, 0.2, 0.5, 0.0001, 512, 512, 0.9442266424070843, 0.9428492410533653, 0.94704910182228, 0.9448872242619979, 0.6142857074737549, 0.6399999856948853, 0.6358800530433655, 0.6928571462631226, 0.6320000290870667, 0.6494197249412537, 0.655577147298873, 0.007684690425161639, 0.6024665835272935, 0.017686956231889636, 0.655577147298873, 0.007684690425161639], ['MVGRL', 'heat', 32, 15, 2, 'normalize', 0.1, 0.2, 0.4, 0.001, 0.5, 0.2, 0.5, 0.0001, 512, 512, 0.9676975549375479, 0.966471173686665, 0.9695062452966741, 0.9655136249159876, 0.9214285612106323, 0.7379999756813049, 0.717117965221405, 0.9214285612106323, 0.734000027179718, 0.7253385186195374, 0.7497085114652157, 0.020890508765856606, 0.7203138565128938, 0.021878676224646208, 0.7497085114652158, 0.020890508765856585], ['MVGRL', 'heat', 64, 15, 2, 'normalize', 0.1, 0.2, 0.4, 0.001, 0.5, 0.2, 0.5, 0.0001, 512, 512, 0.9827989016462199, 0.9818363726483811, 0.9771215825498958, 0.9746969826252229, 0.75, 0.7480000257492065, 0.7359768152236938, 0.75, 0.75, 0.740812361240387, 0.7643995336183445, 0.018537326371966294, 0.7358136996345368, 0.0215638791008619, 0.7643995336183443, 0.018537326371966336], ['MVGRL', 'heat', 128, 15, 2, 'normalize', 0.1, 0.2, 0.4, 0.001, 0.5, 0.2, 0.5, 0.0001, 512, 512, 0.9385934784301015, 0.9316724773144329, 0.9434592714480662, 0.9340324302247532, 0.9785714149475098, 0.7699999809265137, 0.7620889544487, 0.9714285731315613, 0.7639999985694885, 0.7611218690872192, 0.7787796346677031, 0.01938493968694922, 0.7414876227296394, 0.04815637744700723, 0.7787796346677032, 0.019384939686949248]]
Epoch=000, loss=0.6939
Epoch=001, loss=0.6852
Epoch=002, loss=0.6747
Epoch=003, loss=0.6677
Epoch=004, loss=0.6584
Epoch=005, loss=0.6498
Epoch=006, loss=0.6356
Epoch=007, loss=0.6273
Epoch=008, loss=0.6154
Epoch=009, loss=0.6022
Epoch=010, loss=0.5882
Epoch=011, loss=0.5733
Epoch=012, loss=0.5603
Epoch=013, loss=0.5495
Epoch=014, loss=0.5339
Epoch=015, loss=0.5259
Epoch=016, loss=0.5086
Epoch=017, loss=0.4900
Epoch=018, loss=0.4833
Epoch=019, loss=0.4721
Epoch=020, loss=0.4609
Epoch=021, loss=0.4492
Epoch=022, loss=0.4454
Epoch=023, loss=0.4271
Epoch=024, loss=0.4169
Epoch=025, loss=0.4068
Epoch=026, loss=0.3949
Epoch=027, loss=0.3845
Epoch=028, loss=0.3779
Epoch=029, loss=0.3709
Epoch=030, loss=0.3653
Epoch=031, loss=0.3488
Epoch=032, loss=0.3446
Epoch=033, loss=0.3378
Epoch=034, loss=0.3306
Epoch=035, loss=0.3215
Epoch=036, loss=0.3173
Epoch=037, loss=0.3125
Epoch=038, loss=0.3024
Epoch=039, loss=0.2985
Epoch=040, loss=0.2918
Epoch=041, loss=0.2842
Epoch=042, loss=0.2772
Epoch=043, loss=0.2773
Epoch=044, loss=0.2669
Epoch=045, loss=0.2568
Epoch=046, loss=0.2539
Epoch=047, loss=0.2514
Epoch=048, loss=0.2500
Epoch=049, loss=0.2391
Epoch=050, loss=0.2451
Epoch=051, loss=0.2262
Epoch=052, loss=0.2269
Epoch=053, loss=0.2190
Epoch=054, loss=0.2186
Epoch=055, loss=0.2131
Epoch=056, loss=0.2112
Epoch=057, loss=0.2079
Epoch=058, loss=0.2017
Epoch=059, loss=0.1976
Epoch=060, loss=0.1914
Epoch=061, loss=0.1898
Epoch=062, loss=0.1906
Epoch=063, loss=0.1826
Epoch=064, loss=0.1798
Epoch=065, loss=0.1727
Epoch=066, loss=0.1727
Epoch=067, loss=0.1715
Epoch=068, loss=0.1671
Epoch=069, loss=0.1655
Epoch=070, loss=0.1635
Epoch=071, loss=0.1619
Epoch=072, loss=0.1577
Epoch=073, loss=0.1526
Epoch=074, loss=0.1532
Epoch=075, loss=0.1500
Epoch=076, loss=0.1456
Epoch=077, loss=0.1454
Epoch=078, loss=0.1490
Epoch=079, loss=0.1385
Epoch=080, loss=0.1433
Epoch=081, loss=0.1407
Epoch=082, loss=0.1367
Epoch=083, loss=0.1320
Epoch=084, loss=0.1330
Epoch=085, loss=0.1282
Epoch=086, loss=0.1296
Epoch=087, loss=0.1252
Epoch=088, loss=0.1264
Epoch=089, loss=0.1236
Epoch=090, loss=0.1239
Epoch=091, loss=0.1345
Epoch=092, loss=0.1191
Epoch=093, loss=0.1226
Epoch=094, loss=0.1170
Epoch=095, loss=0.1202
Epoch=096, loss=0.1134
Epoch=097, loss=0.1147
Epoch=098, loss=0.1172
Epoch=099, loss=0.1151
Epoch=100, loss=0.1101
Epoch=101, loss=0.1099
Epoch=102, loss=0.1071
Epoch=103, loss=0.1050
Epoch=104, loss=0.1078
Epoch=105, loss=0.1052
Epoch=106, loss=0.1032
Epoch=107, loss=0.1055
Epoch=108, loss=0.1001
Epoch=109, loss=0.1018
Epoch=110, loss=0.0997
Epoch=111, loss=0.0959
Epoch=112, loss=0.0993
Epoch=113, loss=0.0973
Epoch=114, loss=0.0933
Epoch=115, loss=0.0931
Epoch=116, loss=0.0924
Epoch=117, loss=0.0946
Epoch=118, loss=0.0934
Epoch=119, loss=0.0949
Epoch=120, loss=0.0890
Epoch=121, loss=0.0912
Epoch=122, loss=0.0850
Epoch=123, loss=0.0875
Epoch=124, loss=0.0914
Epoch=125, loss=0.0862
Epoch=126, loss=0.0878
Epoch=127, loss=0.0866
Epoch=128, loss=0.0842
Epoch=129, loss=0.0874
Epoch=130, loss=0.0870
Epoch=131, loss=0.0800
Epoch=132, loss=0.0873
Epoch=133, loss=0.0826
Epoch=134, loss=0.0794
Epoch=135, loss=0.0865
Epoch=136, loss=0.0776
Epoch=137, loss=0.0767
Epoch=138, loss=0.0768
Epoch=139, loss=0.0749
Epoch=140, loss=0.0776
Epoch=141, loss=0.0776
Epoch=142, loss=0.0773
Epoch=143, loss=0.0761
Epoch=144, loss=0.0748
Epoch=145, loss=0.0716
Epoch=146, loss=0.0772
Epoch=147, loss=0.0780
Epoch=148, loss=0.0745
Epoch=149, loss=0.0737
Epoch=150, loss=0.0699
Epoch=151, loss=0.0746
Epoch=152, loss=0.0715
Epoch=153, loss=0.0707
Epoch=154, loss=0.0743
Epoch=155, loss=0.0718
Epoch=156, loss=0.0715
Epoch=157, loss=0.0698
Epoch=158, loss=0.0698
Epoch=159, loss=0.0706
Epoch=160, loss=0.0696
Epoch=161, loss=0.0661
Epoch=162, loss=0.0725
Epoch=163, loss=0.0678
Epoch=164, loss=0.0714
Epoch=165, loss=0.0680
Epoch=166, loss=0.0679
Epoch=167, loss=0.0648
Epoch=168, loss=0.0664
Epoch=169, loss=0.0661
Epoch=170, loss=0.0648
Epoch=171, loss=0.0658
Epoch=172, loss=0.0669
Epoch=173, loss=0.0598
Epoch=174, loss=0.0634
Epoch=175, loss=0.0639
Epoch=176, loss=0.0605
Epoch=177, loss=0.0589
Epoch=178, loss=0.0663
Epoch=179, loss=0.0636
Epoch=180, loss=0.0607
Epoch=181, loss=0.0595
Epoch=182, loss=0.0628
Epoch=183, loss=0.0579
Epoch=184, loss=0.0658
Epoch=185, loss=0.0596
Epoch=186, loss=0.0605
Epoch=187, loss=0.0571
Epoch=188, loss=0.0552
Epoch=189, loss=0.0589
Epoch=190, loss=0.0598
Epoch=191, loss=0.0583
Epoch=192, loss=0.0586
Epoch=193, loss=0.0618
Epoch=194, loss=0.0534
Epoch=195, loss=0.0577
Epoch=196, loss=0.0567
Epoch=197, loss=0.0559
Epoch=198, loss=0.0533
Epoch=199, loss=0.0574
Epoch=200, loss=0.0562
Epoch=201, loss=0.0527
Epoch=202, loss=0.0531
Epoch=203, loss=0.0598
Epoch=204, loss=0.0519
Epoch=205, loss=0.0564
Epoch=206, loss=0.0553
Epoch=207, loss=0.0552
Epoch=208, loss=0.0526
Epoch=209, loss=0.0542
Epoch=210, loss=0.0471
Epoch=211, loss=0.0505
Epoch=212, loss=0.0531
Epoch=213, loss=0.0514
Epoch=214, loss=0.0581
Epoch=215, loss=0.0475
Epoch=216, loss=0.0551
Epoch=217, loss=0.0472
Epoch=218, loss=0.0531
Epoch=219, loss=0.0495
Epoch=220, loss=0.0489
Epoch=221, loss=0.0493
Epoch=222, loss=0.0525
Epoch=223, loss=0.0491
Epoch=224, loss=0.0450
Epoch=225, loss=0.0461
Epoch=226, loss=0.0459
Epoch=227, loss=0.0511
Epoch=228, loss=0.0489
Epoch=229, loss=0.0534
Epoch=230, loss=0.0480
Epoch=231, loss=0.0508
Epoch=232, loss=0.0516
Epoch=233, loss=0.0483
Epoch=234, loss=0.0526
Epoch=235, loss=0.0467
Epoch=236, loss=0.0453
Epoch=237, loss=0.0528
Epoch=238, loss=0.0449
Epoch=239, loss=0.0483
Epoch=240, loss=0.0452
Epoch=241, loss=0.0425
Epoch=242, loss=0.0474
Epoch=243, loss=0.0501
Epoch=244, loss=0.0483
Epoch=245, loss=0.0483
Epoch=246, loss=0.0484
Epoch=247, loss=0.0435
Epoch=248, loss=0.0441
Epoch=249, loss=0.0481
Epoch=250, loss=0.0492
Epoch=251, loss=0.0447
Epoch=252, loss=0.0441
Epoch=253, loss=0.0487
Epoch=254, loss=0.0449
Epoch=255, loss=0.0447
Epoch=256, loss=0.0483
Epoch=257, loss=0.0410
Epoch=258, loss=0.0425
Epoch=259, loss=0.0453
Epoch=260, loss=0.0409
Epoch=261, loss=0.0448
Epoch=262, loss=0.0434
Epoch=263, loss=0.0419
Epoch=264, loss=0.0478
Epoch=265, loss=0.0441
Epoch=266, loss=0.0438
Epoch=267, loss=0.0384
Epoch=268, loss=0.0439
Epoch=269, loss=0.0456
Epoch=270, loss=0.0399
Epoch=271, loss=0.0455
Epoch=272, loss=0.0404
Epoch=273, loss=0.0422
Epoch=274, loss=0.0458
Epoch=275, loss=0.0387
Epoch=276, loss=0.0441
Epoch=277, loss=0.0420
Epoch=278, loss=0.0408
Epoch=279, loss=0.0434
Epoch=280, loss=0.0426
Epoch=281, loss=0.0439
Epoch=282, loss=0.0391
Epoch=283, loss=0.0435
Epoch=284, loss=0.0412
Epoch=285, loss=0.0427
Epoch=286, loss=0.0387
Epoch=287, loss=0.0348
Epoch=288, loss=0.0403
Epoch=289, loss=0.0404
Epoch=290, loss=0.0371
Epoch=291, loss=0.0408
Epoch=292, loss=0.0396
Epoch=293, loss=0.0360
Epoch=294, loss=0.0424
Epoch=295, loss=0.0401
Epoch=296, loss=0.0390
Epoch=297, loss=0.0369
Epoch=298, loss=0.0388
Epoch=299, loss=0.0397
Epoch=300, loss=0.0343
Epoch=301, loss=0.0373
Epoch=302, loss=0.0426
Epoch=303, loss=0.0346
Epoch=304, loss=0.0364
Epoch=305, loss=0.0350
Epoch=306, loss=0.0358
Epoch=307, loss=0.0363
Epoch=308, loss=0.0411
Epoch=309, loss=0.0382
Epoch=310, loss=0.0391
Epoch=311, loss=0.0405
Epoch=312, loss=0.0361
Epoch=313, loss=0.0374
Epoch=314, loss=0.0376
Epoch=315, loss=0.0336
Epoch=316, loss=0.0348
Epoch=317, loss=0.0335
Epoch=318, loss=0.0354
Epoch=319, loss=0.0330
Epoch=320, loss=0.0332
Epoch=321, loss=0.0370
Epoch=322, loss=0.0368
Epoch=323, loss=0.0343
Epoch=324, loss=0.0328
Epoch=325, loss=0.0388
Epoch=326, loss=0.0327
Epoch=327, loss=0.0344
Epoch=328, loss=0.0377
Epoch=329, loss=0.0358
Epoch=330, loss=0.0327
Epoch=331, loss=0.0341
Epoch=332, loss=0.0340
Epoch=333, loss=0.0348
Epoch=334, loss=0.0336
Epoch=335, loss=0.0333
Epoch=336, loss=0.0347
Epoch=337, loss=0.0339
Epoch=338, loss=0.0345
Epoch=339, loss=0.0329
Epoch=340, loss=0.0312
Epoch=341, loss=0.0345
Epoch=342, loss=0.0347
Epoch=343, loss=0.0343
Epoch=344, loss=0.0293
Epoch=345, loss=0.0364
Epoch=346, loss=0.0353
Epoch=347, loss=0.0345
Epoch=348, loss=0.0357
Epoch=349, loss=0.0311
Epoch=350, loss=0.0298
Epoch=351, loss=0.0331
Epoch=352, loss=0.0323
Epoch=353, loss=0.0336
Epoch=354, loss=0.0353
Epoch=355, loss=0.0313
Epoch=356, loss=0.0330
Epoch=357, loss=0.0351
Epoch=358, loss=0.0346
Epoch=359, loss=0.0325
Epoch=360, loss=0.0333
Epoch=361, loss=0.0310
Epoch=362, loss=0.0265
Epoch=363, loss=0.0361
Epoch=364, loss=0.0293
Epoch=365, loss=0.0318
Epoch=366, loss=0.0327
Epoch=367, loss=0.0318
Epoch=368, loss=0.0302
Epoch=369, loss=0.0371
Epoch=370, loss=0.0298
Epoch=371, loss=0.0354
Epoch=372, loss=0.0314
Epoch=373, loss=0.0306
Epoch=374, loss=0.0306
Epoch=375, loss=0.0321
Epoch=376, loss=0.0266
Epoch=377, loss=0.0260
Epoch=378, loss=0.0296
Epoch=379, loss=0.0295
Epoch=380, loss=0.0336
Epoch=381, loss=0.0301
Epoch=382, loss=0.0277
Epoch=383, loss=0.0272
Epoch=384, loss=0.0323
Epoch=385, loss=0.0321
Epoch=386, loss=0.0307
Epoch=387, loss=0.0282
Epoch=388, loss=0.0322
Epoch=389, loss=0.0305
Epoch=390, loss=0.0300
Epoch=391, loss=0.0299
Epoch=392, loss=0.0297
Epoch=393, loss=0.0291
Epoch=394, loss=0.0284
Epoch=395, loss=0.0261
Epoch=396, loss=0.0279
Epoch=397, loss=0.0294
Early stopping!
Loading 377th epoch
done with the edge prediction
done with the node prediction
done with the second node prediction
(E) | label_classification: F1Mi=0.7944+-0.0153, F1Ma=0.7699+-0.0190, acc=0.7944+-0.0153
[['MVGRL', 'heat', 16, 15, 2, 'normalize', 0.1, 0.2, 0.4, 0.001, 0.5, 0.2, 0.5, 0.0001, 512, 512, 0.9442266424070843, 0.9428492410533653, 0.94704910182228, 0.9448872242619979, 0.6142857074737549, 0.6399999856948853, 0.6358800530433655, 0.6928571462631226, 0.6320000290870667, 0.6494197249412537, 0.655577147298873, 0.007684690425161639, 0.6024665835272935, 0.017686956231889636, 0.655577147298873, 0.007684690425161639], ['MVGRL', 'heat', 32, 15, 2, 'normalize', 0.1, 0.2, 0.4, 0.001, 0.5, 0.2, 0.5, 0.0001, 512, 512, 0.9676975549375479, 0.966471173686665, 0.9695062452966741, 0.9655136249159876, 0.9214285612106323, 0.7379999756813049, 0.717117965221405, 0.9214285612106323, 0.734000027179718, 0.7253385186195374, 0.7497085114652157, 0.020890508765856606, 0.7203138565128938, 0.021878676224646208, 0.7497085114652158, 0.020890508765856585], ['MVGRL', 'heat', 64, 15, 2, 'normalize', 0.1, 0.2, 0.4, 0.001, 0.5, 0.2, 0.5, 0.0001, 512, 512, 0.9827989016462199, 0.9818363726483811, 0.9771215825498958, 0.9746969826252229, 0.75, 0.7480000257492065, 0.7359768152236938, 0.75, 0.75, 0.740812361240387, 0.7643995336183445, 0.018537326371966294, 0.7358136996345368, 0.0215638791008619, 0.7643995336183443, 0.018537326371966336], ['MVGRL', 'heat', 128, 15, 2, 'normalize', 0.1, 0.2, 0.4, 0.001, 0.5, 0.2, 0.5, 0.0001, 512, 512, 0.9385934784301015, 0.9316724773144329, 0.9434592714480662, 0.9340324302247532, 0.9785714149475098, 0.7699999809265137, 0.7620889544487, 0.9714285731315613, 0.7639999985694885, 0.7611218690872192, 0.7787796346677031, 0.01938493968694922, 0.7414876227296394, 0.04815637744700723, 0.7787796346677032, 0.019384939686949248], ['MVGRL', 'heat', 256, 15, 2, 'normalize', 0.1, 0.2, 0.4, 0.001, 0.5, 0.2, 0.5, 0.0001, 512, 512, 0.9949860352502692, 0.9943333242066736, 0.9746335456506162, 0.9729915725844633, 0.9714285731315613, 0.7699999809265137, 0.7848162651062012, 0.9714285731315613, 0.7699999809265137, 0.7848162651062012, 0.7944034201321415, 0.015279486825098311, 0.7698606919848779, 0.019049320375358388, 0.7944034201321415, 0.015279486825098313]]
Epoch=000, loss=0.6939
Epoch=001, loss=0.7561
Epoch=002, loss=0.6874
Epoch=003, loss=0.7013
Epoch=004, loss=0.6545
Epoch=005, loss=0.6554
Epoch=006, loss=0.6540
Epoch=007, loss=0.6297
Epoch=008, loss=0.6170
Epoch=009, loss=0.6199
Epoch=010, loss=0.6051
Epoch=011, loss=0.5857
Epoch=012, loss=0.5765
Epoch=013, loss=0.5711
Epoch=014, loss=0.5458
Epoch=015, loss=0.5400
Epoch=016, loss=0.5308
Epoch=017, loss=0.5092
Epoch=018, loss=0.4888
Epoch=019, loss=0.4880
Epoch=020, loss=0.4654
Epoch=021, loss=0.4491
Epoch=022, loss=0.4468
Epoch=023, loss=0.4317
Epoch=024, loss=0.4237
Epoch=025, loss=0.4102
Epoch=026, loss=0.3941
Epoch=027, loss=0.3839
Epoch=028, loss=0.3716
Epoch=029, loss=0.3608
Epoch=030, loss=0.3561
Epoch=031, loss=0.3442
Epoch=032, loss=0.3286
Epoch=033, loss=0.3251
Epoch=034, loss=0.3124
Epoch=035, loss=0.3087
Epoch=036, loss=0.2963
Epoch=037, loss=0.2866
Epoch=038, loss=0.2848
Epoch=039, loss=0.2740
Epoch=040, loss=0.2655
Epoch=041, loss=0.2544
Epoch=042, loss=0.2510
Epoch=043, loss=0.2493
Epoch=044, loss=0.2354
Epoch=045, loss=0.2287
Epoch=046, loss=0.2239
Epoch=047, loss=0.2169
Epoch=048, loss=0.2141
Epoch=049, loss=0.2094
Epoch=050, loss=0.2009
Epoch=051, loss=0.1947
Epoch=052, loss=0.1881
Epoch=053, loss=0.1880
Epoch=054, loss=0.1783
Epoch=055, loss=0.1752
Epoch=056, loss=0.1704
Epoch=057, loss=0.1686
Epoch=058, loss=0.1642
Epoch=059, loss=0.1612
Epoch=060, loss=0.1584
Epoch=061, loss=0.1573
Epoch=062, loss=0.1557
Epoch=063, loss=0.1494
Epoch=064, loss=0.1429
Epoch=065, loss=0.1392
Epoch=066, loss=0.1403
Epoch=067, loss=0.1402
Epoch=068, loss=0.1352
Epoch=069, loss=0.1334
Epoch=070, loss=0.1251
Epoch=071, loss=0.1287
Epoch=072, loss=0.1320
Epoch=073, loss=0.1239
Epoch=074, loss=0.1206
Epoch=075, loss=0.1192
Epoch=076, loss=0.1191
Epoch=077, loss=0.1168
Epoch=078, loss=0.1129
Epoch=079, loss=0.1094
Epoch=080, loss=0.1139
Epoch=081, loss=0.1065
Epoch=082, loss=0.1078
Epoch=083, loss=0.1080
Epoch=084, loss=0.1097
Epoch=085, loss=0.1048
Epoch=086, loss=0.1046
Epoch=087, loss=0.0992
Epoch=088, loss=0.1038
Epoch=089, loss=0.0971
Epoch=090, loss=0.1005
Epoch=091, loss=0.0947
Epoch=092, loss=0.0961
Epoch=093, loss=0.0892
Epoch=094, loss=0.0955
Epoch=095, loss=0.0931
Epoch=096, loss=0.0907
Epoch=097, loss=0.0884
Epoch=098, loss=0.0900
Epoch=099, loss=0.0838
Epoch=100, loss=0.0913
Epoch=101, loss=0.0851
Epoch=102, loss=0.0863
Epoch=103, loss=0.0867
Epoch=104, loss=0.0876
Epoch=105, loss=0.0803
Epoch=106, loss=0.0813
Epoch=107, loss=0.0865
Epoch=108, loss=0.0797
Epoch=109, loss=0.0823
Epoch=110, loss=0.0812
Epoch=111, loss=0.0787
Epoch=112, loss=0.0796
Epoch=113, loss=0.0770
Epoch=114, loss=0.0798
Epoch=115, loss=0.0791
Epoch=116, loss=0.0746
Epoch=117, loss=0.0754
Epoch=118, loss=0.0732
Epoch=119, loss=0.0725
Epoch=120, loss=0.0734
Epoch=121, loss=0.0740
Epoch=122, loss=0.0721
Epoch=123, loss=0.0718
Epoch=124, loss=0.0780
Epoch=125, loss=0.0682
Epoch=126, loss=0.0694
Epoch=127, loss=0.0703
Epoch=128, loss=0.0713
Epoch=129, loss=0.0722
Epoch=130, loss=0.0688
Epoch=131, loss=0.0669
Epoch=132, loss=0.0699
Epoch=133, loss=0.0671
Epoch=134, loss=0.0674
Epoch=135, loss=0.0664
Epoch=136, loss=0.0665
Epoch=137, loss=0.0695
Epoch=138, loss=0.0628
Epoch=139, loss=0.0661
Epoch=140, loss=0.0608
Epoch=141, loss=0.0619
Epoch=142, loss=0.0662
Epoch=143, loss=0.0620
Epoch=144, loss=0.0639
Epoch=145, loss=0.0626
Epoch=146, loss=0.0622
Epoch=147, loss=0.0617
Epoch=148, loss=0.0577
Epoch=149, loss=0.0570
Epoch=150, loss=0.0590
Epoch=151, loss=0.0599
Epoch=152, loss=0.0624
Epoch=153, loss=0.0570
Epoch=154, loss=0.0592
Epoch=155, loss=0.0591
Epoch=156, loss=0.0597
Epoch=157, loss=0.0551
Epoch=158, loss=0.0570
Epoch=159, loss=0.0606
Epoch=160, loss=0.0574
Epoch=161, loss=0.0527
Epoch=162, loss=0.0561
Epoch=163, loss=0.0567
Epoch=164, loss=0.0546
Epoch=165, loss=0.0496
Epoch=166, loss=0.0560
Epoch=167, loss=0.0566
Epoch=168, loss=0.0539
Epoch=169, loss=0.0536
Epoch=170, loss=0.0518
Epoch=171, loss=0.0582
Epoch=172, loss=0.0513
Epoch=173, loss=0.0540
Epoch=174, loss=0.0527
Epoch=175, loss=0.0531
Epoch=176, loss=0.0512
Epoch=177, loss=0.0458
Epoch=178, loss=0.0561
Epoch=179, loss=0.0541
Epoch=180, loss=0.0536
Epoch=181, loss=0.0513
Epoch=182, loss=0.0497
Epoch=183, loss=0.0526
Epoch=184, loss=0.0541
Epoch=185, loss=0.0511
Epoch=186, loss=0.0502
Epoch=187, loss=0.0514
Epoch=188, loss=0.0513
Epoch=189, loss=0.0481
Epoch=190, loss=0.0514
Epoch=191, loss=0.0459
Epoch=192, loss=0.0482
Epoch=193, loss=0.0461
Epoch=194, loss=0.0467
Epoch=195, loss=0.0458
Epoch=196, loss=0.0507
Epoch=197, loss=0.0490
Epoch=198, loss=0.0479
Epoch=199, loss=0.0481
Epoch=200, loss=0.0448
Epoch=201, loss=0.0468
Epoch=202, loss=0.0460
Epoch=203, loss=0.0470
Epoch=204, loss=0.0477
Epoch=205, loss=0.0454
Epoch=206, loss=0.0471
Epoch=207, loss=0.0428
Epoch=208, loss=0.0464
Epoch=209, loss=0.0460
Epoch=210, loss=0.0440
Epoch=211, loss=0.0402
Epoch=212, loss=0.0457
Epoch=213, loss=0.0460
Epoch=214, loss=0.0437
Epoch=215, loss=0.0433
Epoch=216, loss=0.0466
Epoch=217, loss=0.0394
Epoch=218, loss=0.0467
Epoch=219, loss=0.0398
Epoch=220, loss=0.0444
Epoch=221, loss=0.0398
Epoch=222, loss=0.0440
Epoch=223, loss=0.0409
Epoch=224, loss=0.0456
Epoch=225, loss=0.0388
Epoch=226, loss=0.0402
Epoch=227, loss=0.0403
Epoch=228, loss=0.0418
Epoch=229, loss=0.0404
Epoch=230, loss=0.0418
Epoch=231, loss=0.0397
Epoch=232, loss=0.0389
Epoch=233, loss=0.0397
Epoch=234, loss=0.0425
Epoch=235, loss=0.0429
Epoch=236, loss=0.0404
Epoch=237, loss=0.0436
Epoch=238, loss=0.0345
Epoch=239, loss=0.0407
Epoch=240, loss=0.0414
Epoch=241, loss=0.0396
Epoch=242, loss=0.0426
Epoch=243, loss=0.0364
Epoch=244, loss=0.0388
Epoch=245, loss=0.0405
Epoch=246, loss=0.0368
Epoch=247, loss=0.0412
Epoch=248, loss=0.0381
Epoch=249, loss=0.0376
Epoch=250, loss=0.0377
Epoch=251, loss=0.0378
Epoch=252, loss=0.0412
Epoch=253, loss=0.0380
Epoch=254, loss=0.0362
Epoch=255, loss=0.0356
Epoch=256, loss=0.0352
Epoch=257, loss=0.0365
Epoch=258, loss=0.0369
Early stopping!
Loading 238th epoch
Early stopping!
Start to test process.
done with the edge prediction
done with the node prediction
done with the second node prediction
(E) | label_classification: F1Mi=0.8092+-0.0075, F1Ma=0.7927+-0.0078, acc=0.8092+-0.0075
[['MVGRL', 'heat', 16, 15, 2, 'normalize', 0.1, 0.2, 0.4, 0.001, 0.5, 0.2, 0.5, 0.0001, 512, 512, 0.9442266424070843, 0.9428492410533653, 0.94704910182228, 0.9448872242619979, 0.6142857074737549, 0.6399999856948853, 0.6358800530433655, 0.6928571462631226, 0.6320000290870667, 0.6494197249412537, 0.655577147298873, 0.007684690425161639, 0.6024665835272935, 0.017686956231889636, 0.655577147298873, 0.007684690425161639], ['MVGRL', 'heat', 32, 15, 2, 'normalize', 0.1, 0.2, 0.4, 0.001, 0.5, 0.2, 0.5, 0.0001, 512, 512, 0.9676975549375479, 0.966471173686665, 0.9695062452966741, 0.9655136249159876, 0.9214285612106323, 0.7379999756813049, 0.717117965221405, 0.9214285612106323, 0.734000027179718, 0.7253385186195374, 0.7497085114652157, 0.020890508765856606, 0.7203138565128938, 0.021878676224646208, 0.7497085114652158, 0.020890508765856585], ['MVGRL', 'heat', 64, 15, 2, 'normalize', 0.1, 0.2, 0.4, 0.001, 0.5, 0.2, 0.5, 0.0001, 512, 512, 0.9827989016462199, 0.9818363726483811, 0.9771215825498958, 0.9746969826252229, 0.75, 0.7480000257492065, 0.7359768152236938, 0.75, 0.75, 0.740812361240387, 0.7643995336183445, 0.018537326371966294, 0.7358136996345368, 0.0215638791008619, 0.7643995336183443, 0.018537326371966336], ['MVGRL', 'heat', 128, 15, 2, 'normalize', 0.1, 0.2, 0.4, 0.001, 0.5, 0.2, 0.5, 0.0001, 512, 512, 0.9385934784301015, 0.9316724773144329, 0.9434592714480662, 0.9340324302247532, 0.9785714149475098, 0.7699999809265137, 0.7620889544487, 0.9714285731315613, 0.7639999985694885, 0.7611218690872192, 0.7787796346677031, 0.01938493968694922, 0.7414876227296394, 0.04815637744700723, 0.7787796346677032, 0.019384939686949248], ['MVGRL', 'heat', 256, 15, 2, 'normalize', 0.1, 0.2, 0.4, 0.001, 0.5, 0.2, 0.5, 0.0001, 512, 512, 0.9949860352502692, 0.9943333242066736, 0.9746335456506162, 0.9729915725844633, 0.9714285731315613, 0.7699999809265137, 0.7848162651062012, 0.9714285731315613, 0.7699999809265137, 0.7848162651062012, 0.7944034201321415, 0.015279486825098311, 0.7698606919848779, 0.019049320375358388, 0.7944034201321415, 0.015279486825098313], ['MVGRL', 'heat', 512, 15, 2, 'normalize', 0.1, 0.2, 0.4, 0.001, 0.5, 0.2, 0.5, 0.0001, 512, 512, 0.9971482181837247, 0.9967261769574794, 0.9751736404912702, 0.9763733715670257, 0.9857142567634583, 0.7919999957084656, 0.782882034778595, 0.9857142567634583, 0.7900000214576721, 0.7794970870018005, 0.809249902837155, 0.007537833142573275, 0.7927459729018854, 0.007818432311043589, 0.809249902837155, 0.007537833142573276]]
