My SLURM_ARRAY_TASK_ID:  19
My SLURM_ARRAY_JOB_ID:  4522329
MVGRL
Cora
result file is 4522329_19
Dataset: Cora():
======================
Number of graphs: 1
Number of features: 1433
Number of classes: 7
Data(x=[2708, 1433], edge_index=[2, 10556], y=[2708], train_mask=[2708], val_mask=[2708], test_mask=[2708])
==============================================================
Number of nodes: 2708
Number of edges: 10556
Average node degree: 3.90
Number of training nodes: 140
Training node label rate: 0.05
Contains isolated nodes: False
Contains self-loops: False
Is undirected: True
Epoch=000, loss=0.6971
Epoch=001, loss=0.6956
Epoch=002, loss=0.6948
Epoch=003, loss=0.6938
Epoch=004, loss=0.6934
Epoch=005, loss=0.6926
Epoch=006, loss=0.6916
Epoch=007, loss=0.6911
Epoch=008, loss=0.6901
Epoch=009, loss=0.6902
Epoch=010, loss=0.6890
Epoch=011, loss=0.6882
Epoch=012, loss=0.6871
Epoch=013, loss=0.6864
Epoch=014, loss=0.6859
Epoch=015, loss=0.6854
Epoch=016, loss=0.6837
Epoch=017, loss=0.6838
Epoch=018, loss=0.6830
Epoch=019, loss=0.6824
Epoch=020, loss=0.6818
Epoch=021, loss=0.6812
Epoch=022, loss=0.6798
Epoch=023, loss=0.6794
Epoch=024, loss=0.6790
Epoch=025, loss=0.6783
Epoch=026, loss=0.6768
Epoch=027, loss=0.6756
Epoch=028, loss=0.6745
Epoch=029, loss=0.6737
Epoch=030, loss=0.6727
Epoch=031, loss=0.6722
Epoch=032, loss=0.6700
Epoch=033, loss=0.6692
Epoch=034, loss=0.6685
Epoch=035, loss=0.6667
Epoch=036, loss=0.6654
Epoch=037, loss=0.6642
Epoch=038, loss=0.6625
Epoch=039, loss=0.6615
Epoch=040, loss=0.6603
Epoch=041, loss=0.6587
Epoch=042, loss=0.6574
Epoch=043, loss=0.6556
Epoch=044, loss=0.6544
Epoch=045, loss=0.6528
Epoch=046, loss=0.6515
Epoch=047, loss=0.6494
Epoch=048, loss=0.6486
Epoch=049, loss=0.6468
Epoch=050, loss=0.6466
Epoch=051, loss=0.6430
Epoch=052, loss=0.6431
Epoch=053, loss=0.6403
Epoch=054, loss=0.6373
Epoch=055, loss=0.6358
Epoch=056, loss=0.6351
Epoch=057, loss=0.6341
Epoch=058, loss=0.6328
Epoch=059, loss=0.6307
Epoch=060, loss=0.6304
Epoch=061, loss=0.6269
Epoch=062, loss=0.6266
Epoch=063, loss=0.6231
Epoch=064, loss=0.6229
Epoch=065, loss=0.6200
Epoch=066, loss=0.6172
Epoch=067, loss=0.6153
Epoch=068, loss=0.6141
Epoch=069, loss=0.6106
Epoch=070, loss=0.6095
Epoch=071, loss=0.6054
Epoch=072, loss=0.6066
Epoch=073, loss=0.6043
Epoch=074, loss=0.6014
Epoch=075, loss=0.6002
Epoch=076, loss=0.6014
Epoch=077, loss=0.5958
Epoch=078, loss=0.5950
Epoch=079, loss=0.5919
Epoch=080, loss=0.5911
Epoch=081, loss=0.5907
Epoch=082, loss=0.5870
Epoch=083, loss=0.5873
Epoch=084, loss=0.5818
Epoch=085, loss=0.5809
Epoch=086, loss=0.5788
Epoch=087, loss=0.5774
Epoch=088, loss=0.5760
Epoch=089, loss=0.5704
Epoch=090, loss=0.5729
Epoch=091, loss=0.5708
Epoch=092, loss=0.5675
Epoch=093, loss=0.5664
Epoch=094, loss=0.5627
Epoch=095, loss=0.5598
Epoch=096, loss=0.5597
Epoch=097, loss=0.5582
Epoch=098, loss=0.5540
Epoch=099, loss=0.5558
Epoch=100, loss=0.5544
Epoch=101, loss=0.5527
Epoch=102, loss=0.5522
Epoch=103, loss=0.5453
Epoch=104, loss=0.5432
Epoch=105, loss=0.5417
Epoch=106, loss=0.5404
Epoch=107, loss=0.5378
Epoch=108, loss=0.5386
Epoch=109, loss=0.5408
Epoch=110, loss=0.5347
Epoch=111, loss=0.5315
Epoch=112, loss=0.5327
Epoch=113, loss=0.5317
Epoch=114, loss=0.5298
Epoch=115, loss=0.5253
Epoch=116, loss=0.5250
Epoch=117, loss=0.5229
Epoch=118, loss=0.5175
Epoch=119, loss=0.5183
Epoch=120, loss=0.5205
Epoch=121, loss=0.5194
Epoch=122, loss=0.5141
Epoch=123, loss=0.5115
Epoch=124, loss=0.5148
Epoch=125, loss=0.5101
Epoch=126, loss=0.5076
Epoch=127, loss=0.5090
Epoch=128, loss=0.5048
Epoch=129, loss=0.5000
Epoch=130, loss=0.5021
Epoch=131, loss=0.4997
Epoch=132, loss=0.4999
Epoch=133, loss=0.4980
Epoch=134, loss=0.5010
Epoch=135, loss=0.4943
Epoch=136, loss=0.4933
Epoch=137, loss=0.4917
Epoch=138, loss=0.4906
Epoch=139, loss=0.4867
Epoch=140, loss=0.4875
Epoch=141, loss=0.4827
Epoch=142, loss=0.4873
Epoch=143, loss=0.4811
Epoch=144, loss=0.4832
Epoch=145, loss=0.4859
Epoch=146, loss=0.4804
Epoch=147, loss=0.4777
Epoch=148, loss=0.4811
Epoch=149, loss=0.4764
Epoch=150, loss=0.4778
Epoch=151, loss=0.4739
Epoch=152, loss=0.4726
Epoch=153, loss=0.4695
Epoch=154, loss=0.4690
Epoch=155, loss=0.4713
Epoch=156, loss=0.4652
Epoch=157, loss=0.4654
Epoch=158, loss=0.4656
Epoch=159, loss=0.4626
Epoch=160, loss=0.4608
Epoch=161, loss=0.4611
Epoch=162, loss=0.4591
Epoch=163, loss=0.4570
Epoch=164, loss=0.4581
Epoch=165, loss=0.4537
Epoch=166, loss=0.4553
Epoch=167, loss=0.4520
Epoch=168, loss=0.4517
Epoch=169, loss=0.4479
Epoch=170, loss=0.4497
Epoch=171, loss=0.4477
Epoch=172, loss=0.4465
Epoch=173, loss=0.4480
Epoch=174, loss=0.4451
Epoch=175, loss=0.4462
Epoch=176, loss=0.4413
Epoch=177, loss=0.4413
Epoch=178, loss=0.4383
Epoch=179, loss=0.4392
Epoch=180, loss=0.4408
Epoch=181, loss=0.4365
Epoch=182, loss=0.4350
Epoch=183, loss=0.4380
Epoch=184, loss=0.4342
Epoch=185, loss=0.4358
Epoch=186, loss=0.4326
Epoch=187, loss=0.4304
Epoch=188, loss=0.4319
Epoch=189, loss=0.4303
Epoch=190, loss=0.4327
Epoch=191, loss=0.4271
Epoch=192, loss=0.4290
Epoch=193, loss=0.4268
Epoch=194, loss=0.4233
Epoch=195, loss=0.4214
Epoch=196, loss=0.4223
Epoch=197, loss=0.4215
Epoch=198, loss=0.4199
Epoch=199, loss=0.4190
Epoch=200, loss=0.4170
Epoch=201, loss=0.4155
Epoch=202, loss=0.4125
Epoch=203, loss=0.4154
Epoch=204, loss=0.4132
Epoch=205, loss=0.4115
Epoch=206, loss=0.4131
Epoch=207, loss=0.4133
Epoch=208, loss=0.4117
Epoch=209, loss=0.4103
Epoch=210, loss=0.4066
Epoch=211, loss=0.4109
Epoch=212, loss=0.4032
Epoch=213, loss=0.4052
Epoch=214, loss=0.4088
Epoch=215, loss=0.4027
Epoch=216, loss=0.4019
Epoch=217, loss=0.3990
Epoch=218, loss=0.4004
Epoch=219, loss=0.4010
Epoch=220, loss=0.4021
Epoch=221, loss=0.3992
Epoch=222, loss=0.3960
Epoch=223, loss=0.3953
Epoch=224, loss=0.3954
Epoch=225, loss=0.3950
Epoch=226, loss=0.3956
Epoch=227, loss=0.3916
Epoch=228, loss=0.3914
Epoch=229, loss=0.3901
Epoch=230, loss=0.3910
Epoch=231, loss=0.3890
Epoch=232, loss=0.3923
Epoch=233, loss=0.3874
Epoch=234, loss=0.3901
Epoch=235, loss=0.3909
Epoch=236, loss=0.3856
Epoch=237, loss=0.3850
Epoch=238, loss=0.3871
Epoch=239, loss=0.3835
Epoch=240, loss=0.3873
Epoch=241, loss=0.3836
Epoch=242, loss=0.3809
Epoch=243, loss=0.3801
Epoch=244, loss=0.3786
Epoch=245, loss=0.3793
Epoch=246, loss=0.3788
Epoch=247, loss=0.3798
Epoch=248, loss=0.3741
Epoch=249, loss=0.3783
Epoch=250, loss=0.3746
Epoch=251, loss=0.3743
Epoch=252, loss=0.3778
Epoch=253, loss=0.3677
Epoch=254, loss=0.3743
Epoch=255, loss=0.3733
Epoch=256, loss=0.3662
Epoch=257, loss=0.3711
Epoch=258, loss=0.3691
Epoch=259, loss=0.3664
Epoch=260, loss=0.3724
Epoch=261, loss=0.3652
Epoch=262, loss=0.3663
Epoch=263, loss=0.3614
Epoch=264, loss=0.3643
Epoch=265, loss=0.3601
Epoch=266, loss=0.3642
Epoch=267, loss=0.3635
Epoch=268, loss=0.3615
Epoch=269, loss=0.3597
Epoch=270, loss=0.3590
Epoch=271, loss=0.3618
Epoch=272, loss=0.3604
Epoch=273, loss=0.3586
Epoch=274, loss=0.3528
Epoch=275, loss=0.3584
Epoch=276, loss=0.3532
Epoch=277, loss=0.3528
Epoch=278, loss=0.3527
Epoch=279, loss=0.3530
Epoch=280, loss=0.3585
Epoch=281, loss=0.3466
Epoch=282, loss=0.3513
Epoch=283, loss=0.3469
Epoch=284, loss=0.3473
Epoch=285, loss=0.3498
Epoch=286, loss=0.3439
Epoch=287, loss=0.3435
Epoch=288, loss=0.3426
Epoch=289, loss=0.3435
Epoch=290, loss=0.3435
Epoch=291, loss=0.3418
Epoch=292, loss=0.3466
Epoch=293, loss=0.3442
Epoch=294, loss=0.3405
Epoch=295, loss=0.3412
Epoch=296, loss=0.3361
Epoch=297, loss=0.3389
Epoch=298, loss=0.3401
Epoch=299, loss=0.3342
Epoch=300, loss=0.3373
Epoch=301, loss=0.3345
Epoch=302, loss=0.3340
Epoch=303, loss=0.3384
Epoch=304, loss=0.3326
Epoch=305, loss=0.3307
Epoch=306, loss=0.3317
Epoch=307, loss=0.3324
Epoch=308, loss=0.3297
Epoch=309, loss=0.3322
Epoch=310, loss=0.3282
Epoch=311, loss=0.3289
Epoch=312, loss=0.3245
Epoch=313, loss=0.3301
Epoch=314, loss=0.3298
Epoch=315, loss=0.3257
Epoch=316, loss=0.3257
Epoch=317, loss=0.3236
Epoch=318, loss=0.3220
Epoch=319, loss=0.3207
Epoch=320, loss=0.3238
Epoch=321, loss=0.3201
Epoch=322, loss=0.3158
Epoch=323, loss=0.3191
Epoch=324, loss=0.3193
Epoch=325, loss=0.3207
Epoch=326, loss=0.3184
Epoch=327, loss=0.3151
Epoch=328, loss=0.3145
Epoch=329, loss=0.3170
Epoch=330, loss=0.3138
Epoch=331, loss=0.3138
Epoch=332, loss=0.3172
Epoch=333, loss=0.3107
Epoch=334, loss=0.3103
Epoch=335, loss=0.3173
Epoch=336, loss=0.3092
Epoch=337, loss=0.3083
Epoch=338, loss=0.3077
Epoch=339, loss=0.3065
Epoch=340, loss=0.3037
Epoch=341, loss=0.3056
Epoch=342, loss=0.3056
Epoch=343, loss=0.3067
Epoch=344, loss=0.3053
Epoch=345, loss=0.3059
Epoch=346, loss=0.3028
Epoch=347, loss=0.3035
Epoch=348, loss=0.3007
Epoch=349, loss=0.3033
Epoch=350, loss=0.3007
Epoch=351, loss=0.3029
Epoch=352, loss=0.2999
Epoch=353, loss=0.2957
Epoch=354, loss=0.2971
Epoch=355, loss=0.2989
Epoch=356, loss=0.2987
Epoch=357, loss=0.2984
Epoch=358, loss=0.2948
Epoch=359, loss=0.2951
Epoch=360, loss=0.2896
Epoch=361, loss=0.2902
Epoch=362, loss=0.2946
Epoch=363, loss=0.2894
Epoch=364, loss=0.2914
Epoch=365, loss=0.2910
Epoch=366, loss=0.2900
Epoch=367, loss=0.2923
Epoch=368, loss=0.2937
Epoch=369, loss=0.2891
Epoch=370, loss=0.2854
Epoch=371, loss=0.2878
Epoch=372, loss=0.2861
Epoch=373, loss=0.2821
Epoch=374, loss=0.2849
Epoch=375, loss=0.2807
Epoch=376, loss=0.2810
Epoch=377, loss=0.2792
Epoch=378, loss=0.2774
Epoch=379, loss=0.2805
Epoch=380, loss=0.2827
Epoch=381, loss=0.2794
Epoch=382, loss=0.2802
Epoch=383, loss=0.2761
Epoch=384, loss=0.2790
Epoch=385, loss=0.2754
Epoch=386, loss=0.2780
Epoch=387, loss=0.2789
Epoch=388, loss=0.2739
Epoch=389, loss=0.2788
Epoch=390, loss=0.2753
Epoch=391, loss=0.2725
Epoch=392, loss=0.2686
Epoch=393, loss=0.2698
Epoch=394, loss=0.2671
Epoch=395, loss=0.2684
Epoch=396, loss=0.2697
Epoch=397, loss=0.2689
Epoch=398, loss=0.2657
Epoch=399, loss=0.2674
Epoch=400, loss=0.2687
Epoch=401, loss=0.2665
Epoch=402, loss=0.2643
Epoch=403, loss=0.2638
Epoch=404, loss=0.2662
Epoch=405, loss=0.2615
Epoch=406, loss=0.2622
Epoch=407, loss=0.2608
Epoch=408, loss=0.2582
Epoch=409, loss=0.2615
Epoch=410, loss=0.2632
Epoch=411, loss=0.2614
Epoch=412, loss=0.2620
Epoch=413, loss=0.2577
Epoch=414, loss=0.2594
Epoch=415, loss=0.2532
Epoch=416, loss=0.2549
Epoch=417, loss=0.2522
Epoch=418, loss=0.2580
Epoch=419, loss=0.2514
Epoch=420, loss=0.2520
Epoch=421, loss=0.2564
Epoch=422, loss=0.2502
Epoch=423, loss=0.2520
Epoch=424, loss=0.2544
Epoch=425, loss=0.2498
Epoch=426, loss=0.2510
Epoch=427, loss=0.2523
Epoch=428, loss=0.2512
Epoch=429, loss=0.2485
Epoch=430, loss=0.2460
Epoch=431, loss=0.2499
Epoch=432, loss=0.2486
Epoch=433, loss=0.2436
Epoch=434, loss=0.2463
Epoch=435, loss=0.2432
Epoch=436, loss=0.2452
Epoch=437, loss=0.2474
Epoch=438, loss=0.2463
Epoch=439, loss=0.2417
Epoch=440, loss=0.2453
Epoch=441, loss=0.2449
Epoch=442, loss=0.2420
Epoch=443, loss=0.2383
Epoch=444, loss=0.2391
Epoch=445, loss=0.2425
Epoch=446, loss=0.2416
Epoch=447, loss=0.2425
Epoch=448, loss=0.2386
Epoch=449, loss=0.2382
Epoch=450, loss=0.2357
Epoch=451, loss=0.2338
Epoch=452, loss=0.2333
Epoch=453, loss=0.2351
Epoch=454, loss=0.2342
Epoch=455, loss=0.2366
Epoch=456, loss=0.2361
Epoch=457, loss=0.2384
Epoch=458, loss=0.2328
Epoch=459, loss=0.2292
Epoch=460, loss=0.2342
Epoch=461, loss=0.2353
Epoch=462, loss=0.2291
Epoch=463, loss=0.2306
Epoch=464, loss=0.2303
Epoch=465, loss=0.2345
Epoch=466, loss=0.2307
Epoch=467, loss=0.2274
Epoch=468, loss=0.2308
Epoch=469, loss=0.2252
Epoch=470, loss=0.2250
Epoch=471, loss=0.2294
Epoch=472, loss=0.2272
Epoch=473, loss=0.2301
Epoch=474, loss=0.2212
Epoch=475, loss=0.2260
Epoch=476, loss=0.2211
Epoch=477, loss=0.2246
Epoch=478, loss=0.2269
Epoch=479, loss=0.2196
Epoch=480, loss=0.2226
Epoch=481, loss=0.2259
Epoch=482, loss=0.2267
Epoch=483, loss=0.2196
Epoch=484, loss=0.2205
Epoch=485, loss=0.2175
Epoch=486, loss=0.2183
Epoch=487, loss=0.2189
Epoch=488, loss=0.2161
Epoch=489, loss=0.2215
Epoch=490, loss=0.2149
Epoch=491, loss=0.2237
Epoch=492, loss=0.2202
Epoch=493, loss=0.2194
Epoch=494, loss=0.2139
Epoch=495, loss=0.2144
Epoch=496, loss=0.2144
Epoch=497, loss=0.2133
Epoch=498, loss=0.2128
Epoch=499, loss=0.2159
Loading 498th epoch
Early stopping!
Start to test process.
done with the edge prediction
done with the node prediction
done with the second node prediction
(E) | label_classification: F1Mi=0.7119+-0.0142, F1Ma=0.6609+-0.0137, acc=0.7119+-0.0142
[['MVGRL', 'heat', 16, 15, 2, 'normalize', 0.1, 0.2, 0.4, 0.001, 0.5, 0.2, 0.5, 0.0001, 512, 512, 0.9222433570130368, 0.9176198908436743, 0.9090624313629475, 0.9084017997004882, 0.7428571581840515, 0.6679999828338623, 0.6919729113578796, 0.7714285850524902, 0.6620000004768372, 0.6682785153388977, 0.7119315973571706, 0.014155449432921212, 0.6609273300196051, 0.013667011012004796, 0.7119315973571706, 0.014155449432921238]]
Epoch=000, loss=0.6933
Epoch=001, loss=0.6921
Epoch=002, loss=0.6911
Epoch=003, loss=0.6904
Epoch=004, loss=0.6892
Epoch=005, loss=0.6886
Epoch=006, loss=0.6876
Epoch=007, loss=0.6864
Epoch=008, loss=0.6854
Epoch=009, loss=0.6840
Epoch=010, loss=0.6828
Epoch=011, loss=0.6816
Epoch=012, loss=0.6796
Epoch=013, loss=0.6785
Epoch=014, loss=0.6774
Epoch=015, loss=0.6763
Epoch=016, loss=0.6744
Epoch=017, loss=0.6728
Epoch=018, loss=0.6721
Epoch=019, loss=0.6697
Epoch=020, loss=0.6675
Epoch=021, loss=0.6645
Epoch=022, loss=0.6638
Epoch=023, loss=0.6609
Epoch=024, loss=0.6585
Epoch=025, loss=0.6563
Epoch=026, loss=0.6544
Epoch=027, loss=0.6526
Epoch=028, loss=0.6499
Epoch=029, loss=0.6466
Epoch=030, loss=0.6444
Epoch=031, loss=0.6442
Epoch=032, loss=0.6398
Epoch=033, loss=0.6375
Epoch=034, loss=0.6349
Epoch=035, loss=0.6336
Epoch=036, loss=0.6281
Epoch=037, loss=0.6213
Epoch=038, loss=0.6240
Epoch=039, loss=0.6175
Epoch=040, loss=0.6160
Epoch=041, loss=0.6150
Epoch=042, loss=0.6076
Epoch=043, loss=0.6068
Epoch=044, loss=0.6055
Epoch=045, loss=0.6047
Epoch=046, loss=0.5987
Epoch=047, loss=0.5917
Epoch=048, loss=0.5920
Epoch=049, loss=0.5856
Epoch=050, loss=0.5887
Epoch=051, loss=0.5829
Epoch=052, loss=0.5775
Epoch=053, loss=0.5769
Epoch=054, loss=0.5722
Epoch=055, loss=0.5669
Epoch=056, loss=0.5685
Epoch=057, loss=0.5667
Epoch=058, loss=0.5617
Epoch=059, loss=0.5533
Epoch=060, loss=0.5532
Epoch=061, loss=0.5561
Epoch=062, loss=0.5462
Epoch=063, loss=0.5507
Epoch=064, loss=0.5437
Epoch=065, loss=0.5414
Epoch=066, loss=0.5398
Epoch=067, loss=0.5327
Epoch=068, loss=0.5306
Epoch=069, loss=0.5260
Epoch=070, loss=0.5265
Epoch=071, loss=0.5222
Epoch=072, loss=0.5194
Epoch=073, loss=0.5208
Epoch=074, loss=0.5144
Epoch=075, loss=0.5094
Epoch=076, loss=0.5126
Epoch=077, loss=0.5058
Epoch=078, loss=0.5022
Epoch=079, loss=0.5063
Epoch=080, loss=0.4997
Epoch=081, loss=0.4973
Epoch=082, loss=0.4943
Epoch=083, loss=0.4894
Epoch=084, loss=0.4868
Epoch=085, loss=0.4847
Epoch=086, loss=0.4861
Epoch=087, loss=0.4834
Epoch=088, loss=0.4764
Epoch=089, loss=0.4764
Epoch=090, loss=0.4765
Epoch=091, loss=0.4739
Epoch=092, loss=0.4717
Epoch=093, loss=0.4649
Epoch=094, loss=0.4600
Epoch=095, loss=0.4631
Epoch=096, loss=0.4545
Epoch=097, loss=0.4582
Epoch=098, loss=0.4526
Epoch=099, loss=0.4536
Epoch=100, loss=0.4510
Epoch=101, loss=0.4521
Epoch=102, loss=0.4454
Epoch=103, loss=0.4432
Epoch=104, loss=0.4464
Epoch=105, loss=0.4458
Epoch=106, loss=0.4345
Epoch=107, loss=0.4338
Epoch=108, loss=0.4319
Epoch=109, loss=0.4310
Epoch=110, loss=0.4305
Epoch=111, loss=0.4294
Epoch=112, loss=0.4208
Epoch=113, loss=0.4185
Epoch=114, loss=0.4184
Epoch=115, loss=0.4225
Epoch=116, loss=0.4200
Epoch=117, loss=0.4188
Epoch=118, loss=0.4149
Epoch=119, loss=0.4137
Epoch=120, loss=0.4107
Epoch=121, loss=0.4114
Epoch=122, loss=0.4044
Epoch=123, loss=0.4061
Epoch=124, loss=0.4018
Epoch=125, loss=0.4034
Epoch=126, loss=0.4002
Epoch=127, loss=0.3955
Epoch=128, loss=0.3944
Epoch=129, loss=0.3932
Epoch=130, loss=0.3936
Epoch=131, loss=0.3931
Epoch=132, loss=0.3879
Epoch=133, loss=0.3838
Epoch=134, loss=0.3819
Epoch=135, loss=0.3853
Epoch=136, loss=0.3831
Epoch=137, loss=0.3845
Epoch=138, loss=0.3773
Epoch=139, loss=0.3755
Epoch=140, loss=0.3729
Epoch=141, loss=0.3728
Epoch=142, loss=0.3741
Epoch=143, loss=0.3703
Epoch=144, loss=0.3699
Epoch=145, loss=0.3704
Epoch=146, loss=0.3635
Epoch=147, loss=0.3649
Epoch=148, loss=0.3684
Epoch=149, loss=0.3584
Epoch=150, loss=0.3643
Epoch=151, loss=0.3614
Epoch=152, loss=0.3532
Epoch=153, loss=0.3591
Epoch=154, loss=0.3499
Epoch=155, loss=0.3630
Epoch=156, loss=0.3535
Epoch=157, loss=0.3487
Epoch=158, loss=0.3473
Epoch=159, loss=0.3449
Epoch=160, loss=0.3458
Epoch=161, loss=0.3461
Epoch=162, loss=0.3433
Epoch=163, loss=0.3442
Epoch=164, loss=0.3428
Epoch=165, loss=0.3489
Epoch=166, loss=0.3354
Epoch=167, loss=0.3315
Epoch=168, loss=0.3348
Epoch=169, loss=0.3357
Epoch=170, loss=0.3331
Epoch=171, loss=0.3314
Epoch=172, loss=0.3350
Epoch=173, loss=0.3301
Epoch=174, loss=0.3287
Epoch=175, loss=0.3302
Epoch=176, loss=0.3224
Epoch=177, loss=0.3228
Epoch=178, loss=0.3195
Epoch=179, loss=0.3221
Epoch=180, loss=0.3211
Epoch=181, loss=0.3138
Epoch=182, loss=0.3173
Epoch=183, loss=0.3109
Epoch=184, loss=0.3147
Epoch=185, loss=0.3134
Epoch=186, loss=0.3141
Epoch=187, loss=0.3134
Epoch=188, loss=0.3097
Epoch=189, loss=0.3063
Epoch=190, loss=0.3055
Epoch=191, loss=0.3079
Epoch=192, loss=0.3021
Epoch=193, loss=0.3055
Epoch=194, loss=0.3012
Epoch=195, loss=0.2999
Epoch=196, loss=0.2971
Epoch=197, loss=0.2981
Epoch=198, loss=0.3017
Epoch=199, loss=0.2987
Epoch=200, loss=0.2995
Epoch=201, loss=0.2923
Epoch=202, loss=0.2938
Epoch=203, loss=0.2926
Epoch=204, loss=0.2906
Epoch=205, loss=0.2893
Epoch=206, loss=0.2942
Epoch=207, loss=0.2866
Epoch=208, loss=0.2870
Epoch=209, loss=0.2886
Epoch=210, loss=0.2827
Epoch=211, loss=0.2852
Epoch=212, loss=0.2822
Epoch=213, loss=0.2791
Epoch=214, loss=0.2856
Epoch=215, loss=0.2763
Epoch=216, loss=0.2745
Epoch=217, loss=0.2734
Epoch=218, loss=0.2717
Epoch=219, loss=0.2730
Epoch=220, loss=0.2778
Epoch=221, loss=0.2719
Epoch=222, loss=0.2670
Epoch=223, loss=0.2712
Epoch=224, loss=0.2719
Epoch=225, loss=0.2647
Epoch=226, loss=0.2669
Epoch=227, loss=0.2643
Epoch=228, loss=0.2636
Epoch=229, loss=0.2647
Epoch=230, loss=0.2589
Epoch=231, loss=0.2590
Epoch=232, loss=0.2591
Epoch=233, loss=0.2582
Epoch=234, loss=0.2573
Epoch=235, loss=0.2579
Epoch=236, loss=0.2548
Epoch=237, loss=0.2544
Epoch=238, loss=0.2523
Epoch=239, loss=0.2554
Epoch=240, loss=0.2495
Epoch=241, loss=0.2510
Epoch=242, loss=0.2517
Epoch=243, loss=0.2487
Epoch=244, loss=0.2488
Epoch=245, loss=0.2490
Epoch=246, loss=0.2509
Epoch=247, loss=0.2456
Epoch=248, loss=0.2482
Epoch=249, loss=0.2411
Epoch=250, loss=0.2453
Epoch=251, loss=0.2389
Epoch=252, loss=0.2450
Epoch=253, loss=0.2410
Epoch=254, loss=0.2458
Epoch=255, loss=0.2448
Epoch=256, loss=0.2355
Epoch=257, loss=0.2388
Epoch=258, loss=0.2370
Epoch=259, loss=0.2370
Epoch=260, loss=0.2322
Epoch=261, loss=0.2315
Epoch=262, loss=0.2330
Epoch=263, loss=0.2290
Epoch=264, loss=0.2322
Epoch=265, loss=0.2285
Epoch=266, loss=0.2295
Epoch=267, loss=0.2273
Epoch=268, loss=0.2248
Epoch=269, loss=0.2237
Epoch=270, loss=0.2278
Epoch=271, loss=0.2239
Epoch=272, loss=0.2272
Epoch=273, loss=0.2206
Epoch=274, loss=0.2262
Epoch=275, loss=0.2206
Epoch=276, loss=0.2199
Epoch=277, loss=0.2214
Epoch=278, loss=0.2224
Epoch=279, loss=0.2146
Epoch=280, loss=0.2179
Epoch=281, loss=0.2151
Epoch=282, loss=0.2113
Epoch=283, loss=0.2152
Epoch=284, loss=0.2151
Epoch=285, loss=0.2190
Epoch=286, loss=0.2108
Epoch=287, loss=0.2119
Epoch=288, loss=0.2145
Epoch=289, loss=0.2135
Epoch=290, loss=0.2073
Epoch=291, loss=0.2069
Epoch=292, loss=0.2087
Epoch=293, loss=0.2093
Epoch=294, loss=0.2094
Epoch=295, loss=0.2060
Epoch=296, loss=0.2000
Epoch=297, loss=0.2040
Epoch=298, loss=0.2049
Epoch=299, loss=0.2106
Epoch=300, loss=0.2002
Epoch=301, loss=0.2012
Epoch=302, loss=0.2025
Epoch=303, loss=0.1996
Epoch=304, loss=0.2007
Epoch=305, loss=0.1984
Epoch=306, loss=0.2003
Epoch=307, loss=0.1965
Epoch=308, loss=0.2006
Epoch=309, loss=0.1952
Epoch=310, loss=0.1976
Epoch=311, loss=0.1936
Epoch=312, loss=0.1961
Epoch=313, loss=0.1926
Epoch=314, loss=0.1953
Epoch=315, loss=0.1970
Epoch=316, loss=0.1914
Epoch=317, loss=0.1883
Epoch=318, loss=0.1865
Epoch=319, loss=0.1884
Epoch=320, loss=0.1907
Epoch=321, loss=0.1890
Epoch=322, loss=0.1880
Epoch=323, loss=0.1876
Epoch=324, loss=0.1856
Epoch=325, loss=0.1858
Epoch=326, loss=0.1837
Epoch=327, loss=0.1829
Epoch=328, loss=0.1837
Epoch=329, loss=0.1884
Epoch=330, loss=0.1785
Epoch=331, loss=0.1836
Epoch=332, loss=0.1813
Epoch=333, loss=0.1808
Epoch=334, loss=0.1790
Epoch=335, loss=0.1771
Epoch=336, loss=0.1804
Epoch=337, loss=0.1780
Epoch=338, loss=0.1797
Epoch=339, loss=0.1772
Epoch=340, loss=0.1777
Epoch=341, loss=0.1828
Epoch=342, loss=0.1743
Epoch=343, loss=0.1765
Epoch=344, loss=0.1750
Epoch=345, loss=0.1725
Epoch=346, loss=0.1760
Epoch=347, loss=0.1749
Epoch=348, loss=0.1769
Epoch=349, loss=0.1719
Epoch=350, loss=0.1713
Epoch=351, loss=0.1713
Epoch=352, loss=0.1667
Epoch=353, loss=0.1717
Epoch=354, loss=0.1712
Epoch=355, loss=0.1715
Epoch=356, loss=0.1715
Epoch=357, loss=0.1675
Epoch=358, loss=0.1688
Epoch=359, loss=0.1658
Epoch=360, loss=0.1740
Epoch=361, loss=0.1656
Epoch=362, loss=0.1651
Epoch=363, loss=0.1672
Epoch=364, loss=0.1654
Epoch=365, loss=0.1638
Epoch=366, loss=0.1662
Epoch=367, loss=0.1659
Epoch=368, loss=0.1620
Epoch=369, loss=0.1655
Epoch=370, loss=0.1586
Epoch=371, loss=0.1601
Epoch=372, loss=0.1686
Epoch=373, loss=0.1633
Epoch=374, loss=0.1601
Epoch=375, loss=0.1626
Epoch=376, loss=0.1587
Epoch=377, loss=0.1670
Epoch=378, loss=0.1562
Epoch=379, loss=0.1544
Epoch=380, loss=0.1574
Epoch=381, loss=0.1540
Epoch=382, loss=0.1531
Epoch=383, loss=0.1562
Epoch=384, loss=0.1597
Epoch=385, loss=0.1511
Epoch=386, loss=0.1545
Epoch=387, loss=0.1534
Epoch=388, loss=0.1521
Epoch=389, loss=0.1557
Epoch=390, loss=0.1509
Epoch=391, loss=0.1516
Epoch=392, loss=0.1498
Epoch=393, loss=0.1518
Epoch=394, loss=0.1483
Epoch=395, loss=0.1477
Epoch=396, loss=0.1520
Epoch=397, loss=0.1488
Epoch=398, loss=0.1508
Epoch=399, loss=0.1442
Epoch=400, loss=0.1461
Epoch=401, loss=0.1473
Epoch=402, loss=0.1409
Epoch=403, loss=0.1492
Epoch=404, loss=0.1503
Epoch=405, loss=0.1481
Epoch=406, loss=0.1446
Epoch=407, loss=0.1426
Epoch=408, loss=0.1453
Epoch=409, loss=0.1394
Epoch=410, loss=0.1476
Epoch=411, loss=0.1454
Epoch=412, loss=0.1481
Epoch=413, loss=0.1422
Epoch=414, loss=0.1424
Epoch=415, loss=0.1345
Epoch=416, loss=0.1412
Epoch=417, loss=0.1368
Epoch=418, loss=0.1399
Epoch=419, loss=0.1362
Epoch=420, loss=0.1409
Epoch=421, loss=0.1376
Epoch=422, loss=0.1409
Epoch=423, loss=0.1417
Epoch=424, loss=0.1393
Epoch=425, loss=0.1358
Epoch=426, loss=0.1375
Epoch=427, loss=0.1352
Epoch=428, loss=0.1370
Epoch=429, loss=0.1397
Epoch=430, loss=0.1373
Epoch=431, loss=0.1371
Epoch=432, loss=0.1356
Epoch=433, loss=0.1322
Epoch=434, loss=0.1329
Epoch=435, loss=0.1354
Epoch=436, loss=0.1300
Epoch=437, loss=0.1349
Epoch=438, loss=0.1374
Epoch=439, loss=0.1301
Epoch=440, loss=0.1337
Epoch=441, loss=0.1291
Epoch=442, loss=0.1260
Epoch=443, loss=0.1304
Epoch=444, loss=0.1318
Epoch=445, loss=0.1301
Epoch=446, loss=0.1249
Epoch=447, loss=0.1309
Epoch=448, loss=0.1296
Epoch=449, loss=0.1274
Epoch=450, loss=0.1327
Epoch=451, loss=0.1275
Epoch=452, loss=0.1268
Epoch=453, loss=0.1280
Epoch=454, loss=0.1272
Epoch=455, loss=0.1235
Epoch=456, loss=0.1251
Epoch=457, loss=0.1248
Epoch=458, loss=0.1270
Epoch=459, loss=0.1247
Epoch=460, loss=0.1251
Epoch=461, loss=0.1266
Epoch=462, loss=0.1250
Epoch=463, loss=0.1266
Epoch=464, loss=0.1265
Epoch=465, loss=0.1271
Epoch=466, loss=0.1209
Epoch=467, loss=0.1211
Epoch=468, loss=0.1228
Epoch=469, loss=0.1216
Epoch=470, loss=0.1191
Epoch=471, loss=0.1198
Epoch=472, loss=0.1191
Epoch=473, loss=0.1219
Epoch=474, loss=0.1207
Epoch=475, loss=0.1214
Epoch=476, loss=0.1214
Epoch=477, loss=0.1208
Epoch=478, loss=0.1151
Epoch=479, loss=0.1198
Epoch=480, loss=0.1161
Epoch=481, loss=0.1146
Epoch=482, loss=0.1195
Epoch=483, loss=0.1181
Epoch=484, loss=0.1204
Epoch=485, loss=0.1161
Epoch=486, loss=0.1153
Epoch=487, loss=0.1160
Epoch=488, loss=0.1183
Epoch=489, loss=0.1147
Epoch=490, loss=0.1162
Epoch=491, loss=0.1170
Epoch=492, loss=0.1148
Epoch=493, loss=0.1177
Epoch=494, loss=0.1183
Epoch=495, loss=0.1119
Epoch=496, loss=0.1132
Epoch=497, loss=0.1087
Epoch=498, loss=0.1157
Epoch=499, loss=0.1094
Loading 497th epoch
Early stopping!
Start to test process.
done with the edge prediction
done with the node prediction
done with the second node prediction
(E) | label_classification: F1Mi=0.7392+-0.0195, F1Ma=0.7032+-0.0291, acc=0.7392+-0.0195
[['MVGRL', 'heat', 16, 15, 2, 'normalize', 0.1, 0.2, 0.4, 0.001, 0.5, 0.2, 0.5, 0.0001, 512, 512, 0.9222433570130368, 0.9176198908436743, 0.9090624313629475, 0.9084017997004882, 0.7428571581840515, 0.6679999828338623, 0.6919729113578796, 0.7714285850524902, 0.6620000004768372, 0.6682785153388977, 0.7119315973571706, 0.014155449432921212, 0.6609273300196051, 0.013667011012004796, 0.7119315973571706, 0.014155449432921238], ['MVGRL', 'heat', 32, 15, 2, 'normalize', 0.1, 0.2, 0.4, 0.001, 0.5, 0.2, 0.5, 0.0001, 512, 512, 0.9668982110345354, 0.963446786112614, 0.9568932304512672, 0.9567363899849968, 0.8928571343421936, 0.7300000190734863, 0.7432301640510559, 0.8785714507102966, 0.7200000286102295, 0.7364603281021118, 0.739214924212981, 0.01949000451067601, 0.7031945303286146, 0.029057788901093663, 0.739214924212981, 0.01949000451067601]]
Epoch=000, loss=0.6931
Epoch=001, loss=0.6915
Epoch=002, loss=0.6894
Epoch=003, loss=0.6879
Epoch=004, loss=0.6859
Epoch=005, loss=0.6837
Epoch=006, loss=0.6820
Epoch=007, loss=0.6795
Epoch=008, loss=0.6769
Epoch=009, loss=0.6743
Epoch=010, loss=0.6713
Epoch=011, loss=0.6677
Epoch=012, loss=0.6648
Epoch=013, loss=0.6615
Epoch=014, loss=0.6583
Epoch=015, loss=0.6542
Epoch=016, loss=0.6514
Epoch=017, loss=0.6471
Epoch=018, loss=0.6413
Epoch=019, loss=0.6357
Epoch=020, loss=0.6292
Epoch=021, loss=0.6267
Epoch=022, loss=0.6231
Epoch=023, loss=0.6179
Epoch=024, loss=0.6125
Epoch=025, loss=0.6090
Epoch=026, loss=0.6022
Epoch=027, loss=0.5980
Epoch=028, loss=0.5960
Epoch=029, loss=0.5866
Epoch=030, loss=0.5837
Epoch=031, loss=0.5797
Epoch=032, loss=0.5753
Epoch=033, loss=0.5671
Epoch=034, loss=0.5648
Epoch=035, loss=0.5544
Epoch=036, loss=0.5486
Epoch=037, loss=0.5520
Epoch=038, loss=0.5420
Epoch=039, loss=0.5364
Epoch=040, loss=0.5326
Epoch=041, loss=0.5302
Epoch=042, loss=0.5212
Epoch=043, loss=0.5127
Epoch=044, loss=0.5127
Epoch=045, loss=0.5113
Epoch=046, loss=0.5079
Epoch=047, loss=0.4989
Epoch=048, loss=0.4926
Epoch=049, loss=0.4884
Epoch=050, loss=0.4891
Epoch=051, loss=0.4838
Epoch=052, loss=0.4807
Epoch=053, loss=0.4752
Epoch=054, loss=0.4695
Epoch=055, loss=0.4653
Epoch=056, loss=0.4642
Epoch=057, loss=0.4630
Epoch=058, loss=0.4563
Epoch=059, loss=0.4476
Epoch=060, loss=0.4469
Epoch=061, loss=0.4461
Epoch=062, loss=0.4351
Epoch=063, loss=0.4348
Epoch=064, loss=0.4307
Epoch=065, loss=0.4267
Epoch=066, loss=0.4289
Epoch=067, loss=0.4179
Epoch=068, loss=0.4187
Epoch=069, loss=0.4164
Epoch=070, loss=0.4132
Epoch=071, loss=0.4081
Epoch=072, loss=0.4035
Epoch=073, loss=0.4029
Epoch=074, loss=0.3985
Epoch=075, loss=0.3993
Epoch=076, loss=0.3960
Epoch=077, loss=0.3892
Epoch=078, loss=0.3895
Epoch=079, loss=0.3857
Epoch=080, loss=0.3809
Epoch=081, loss=0.3817
Epoch=082, loss=0.3774
Epoch=083, loss=0.3703
Epoch=084, loss=0.3669
Epoch=085, loss=0.3715
Epoch=086, loss=0.3654
Epoch=087, loss=0.3607
Epoch=088, loss=0.3665
Epoch=089, loss=0.3560
Epoch=090, loss=0.3542
Epoch=091, loss=0.3570
Epoch=092, loss=0.3449
Epoch=093, loss=0.3472
Epoch=094, loss=0.3448
Epoch=095, loss=0.3418
Epoch=096, loss=0.3435
Epoch=097, loss=0.3381
Epoch=098, loss=0.3354
Epoch=099, loss=0.3332
Epoch=100, loss=0.3279
Epoch=101, loss=0.3301
Epoch=102, loss=0.3248
Epoch=103, loss=0.3239
Epoch=104, loss=0.3240
Epoch=105, loss=0.3185
Epoch=106, loss=0.3172
Epoch=107, loss=0.3130
Epoch=108, loss=0.3139
Epoch=109, loss=0.3103
Epoch=110, loss=0.3078
Epoch=111, loss=0.3044
Epoch=112, loss=0.3041
Epoch=113, loss=0.3025
Epoch=114, loss=0.2982
Epoch=115, loss=0.2981
Epoch=116, loss=0.3020
Epoch=117, loss=0.2972
Epoch=118, loss=0.2952
Epoch=119, loss=0.2906
Epoch=120, loss=0.2900
Epoch=121, loss=0.2882
Epoch=122, loss=0.2867
Epoch=123, loss=0.2854
Epoch=124, loss=0.2831
Epoch=125, loss=0.2815
Epoch=126, loss=0.2758
Epoch=127, loss=0.2762
Epoch=128, loss=0.2701
Epoch=129, loss=0.2726
Epoch=130, loss=0.2691
Epoch=131, loss=0.2641
Epoch=132, loss=0.2669
Epoch=133, loss=0.2641
Epoch=134, loss=0.2613
Epoch=135, loss=0.2598
Epoch=136, loss=0.2592
Epoch=137, loss=0.2547
Epoch=138, loss=0.2531
Epoch=139, loss=0.2557
Epoch=140, loss=0.2517
Epoch=141, loss=0.2516
Epoch=142, loss=0.2502
Epoch=143, loss=0.2471
Epoch=144, loss=0.2462
Epoch=145, loss=0.2423
Epoch=146, loss=0.2404
Epoch=147, loss=0.2382
Epoch=148, loss=0.2405
Epoch=149, loss=0.2345
Epoch=150, loss=0.2356
Epoch=151, loss=0.2348
Epoch=152, loss=0.2313
Epoch=153, loss=0.2305
Epoch=154, loss=0.2288
Epoch=155, loss=0.2324
Epoch=156, loss=0.2260
Epoch=157, loss=0.2284
Epoch=158, loss=0.2238
Epoch=159, loss=0.2269
Epoch=160, loss=0.2191
Epoch=161, loss=0.2180
Epoch=162, loss=0.2195
Epoch=163, loss=0.2138
Epoch=164, loss=0.2172
Epoch=165, loss=0.2141
Epoch=166, loss=0.2098
Epoch=167, loss=0.2128
Epoch=168, loss=0.2058
Epoch=169, loss=0.2080
Epoch=170, loss=0.2100
Epoch=171, loss=0.2054
Epoch=172, loss=0.2064
Epoch=173, loss=0.2051
Epoch=174, loss=0.2038
Epoch=175, loss=0.2015
Epoch=176, loss=0.1978
Epoch=177, loss=0.1982
Epoch=178, loss=0.1944
Epoch=179, loss=0.1984
Epoch=180, loss=0.1935
Epoch=181, loss=0.1953
Epoch=182, loss=0.1936
Epoch=183, loss=0.1942
Epoch=184, loss=0.1903
Epoch=185, loss=0.1927
Epoch=186, loss=0.1901
Epoch=187, loss=0.1835
Epoch=188, loss=0.1860
Epoch=189, loss=0.1872
Epoch=190, loss=0.1852
Epoch=191, loss=0.1858
Epoch=192, loss=0.1786
Epoch=193, loss=0.1789
Epoch=194, loss=0.1808
Epoch=195, loss=0.1800
Epoch=196, loss=0.1778
Epoch=197, loss=0.1717
Epoch=198, loss=0.1814
Epoch=199, loss=0.1740
Epoch=200, loss=0.1778
Epoch=201, loss=0.1788
Epoch=202, loss=0.1725
Epoch=203, loss=0.1717
Epoch=204, loss=0.1695
Epoch=205, loss=0.1670
Epoch=206, loss=0.1655
Epoch=207, loss=0.1670
Epoch=208, loss=0.1610
Epoch=209, loss=0.1592
Epoch=210, loss=0.1674
Epoch=211, loss=0.1640
Epoch=212, loss=0.1614
Epoch=213, loss=0.1605
Epoch=214, loss=0.1578
Epoch=215, loss=0.1614
Epoch=216, loss=0.1563
Epoch=217, loss=0.1639
Epoch=218, loss=0.1559
Epoch=219, loss=0.1557
Epoch=220, loss=0.1557
Epoch=221, loss=0.1563
Epoch=222, loss=0.1561
Epoch=223, loss=0.1543
Epoch=224, loss=0.1479
Epoch=225, loss=0.1537
Epoch=226, loss=0.1487
Epoch=227, loss=0.1462
Epoch=228, loss=0.1536
Epoch=229, loss=0.1474
Epoch=230, loss=0.1460
Epoch=231, loss=0.1448
Epoch=232, loss=0.1480
Epoch=233, loss=0.1434
Epoch=234, loss=0.1413
Epoch=235, loss=0.1398
Epoch=236, loss=0.1412
Epoch=237, loss=0.1413
Epoch=238, loss=0.1433
Epoch=239, loss=0.1400
Epoch=240, loss=0.1390
Epoch=241, loss=0.1397
Epoch=242, loss=0.1375
Epoch=243, loss=0.1364
Epoch=244, loss=0.1380
Epoch=245, loss=0.1367
Epoch=246, loss=0.1356
Epoch=247, loss=0.1373
Epoch=248, loss=0.1306
Epoch=249, loss=0.1328
Epoch=250, loss=0.1321
Epoch=251, loss=0.1382
Epoch=252, loss=0.1301
Epoch=253, loss=0.1302
Epoch=254, loss=0.1338
Epoch=255, loss=0.1320
Epoch=256, loss=0.1258
Epoch=257, loss=0.1308
Epoch=258, loss=0.1253
Epoch=259, loss=0.1290
Epoch=260, loss=0.1241
Epoch=261, loss=0.1269
Epoch=262, loss=0.1234
Epoch=263, loss=0.1253
Epoch=264, loss=0.1258
Epoch=265, loss=0.1208
Epoch=266, loss=0.1239
Epoch=267, loss=0.1225
Epoch=268, loss=0.1189
Epoch=269, loss=0.1183
Epoch=270, loss=0.1204
Epoch=271, loss=0.1179
Epoch=272, loss=0.1169
Epoch=273, loss=0.1171
Epoch=274, loss=0.1212
Epoch=275, loss=0.1185
Epoch=276, loss=0.1154
Epoch=277, loss=0.1160
Epoch=278, loss=0.1173
Epoch=279, loss=0.1137
Epoch=280, loss=0.1143
Epoch=281, loss=0.1189
Epoch=282, loss=0.1143
Epoch=283, loss=0.1148
Epoch=284, loss=0.1146
Epoch=285, loss=0.1092
Epoch=286, loss=0.1094
Epoch=287, loss=0.1096
Epoch=288, loss=0.1154
Epoch=289, loss=0.1096
Epoch=290, loss=0.1049
Epoch=291, loss=0.1084
Epoch=292, loss=0.1076
Epoch=293, loss=0.1141
Epoch=294, loss=0.1110
Epoch=295, loss=0.1040
Epoch=296, loss=0.1070
Epoch=297, loss=0.1054
Epoch=298, loss=0.1076
Epoch=299, loss=0.1041
Epoch=300, loss=0.1022
Epoch=301, loss=0.1066
Epoch=302, loss=0.1056
Epoch=303, loss=0.1061
Epoch=304, loss=0.1126
Epoch=305, loss=0.1048
Epoch=306, loss=0.1013
Epoch=307, loss=0.1032
Epoch=308, loss=0.1026
Epoch=309, loss=0.0993
Epoch=310, loss=0.1014
Epoch=311, loss=0.0963
Epoch=312, loss=0.0968
Epoch=313, loss=0.1031
Epoch=314, loss=0.0984
Epoch=315, loss=0.0997
Epoch=316, loss=0.0938
Epoch=317, loss=0.0976
Epoch=318, loss=0.1011
Epoch=319, loss=0.0982
Epoch=320, loss=0.0958
Epoch=321, loss=0.0949
Epoch=322, loss=0.0957
Epoch=323, loss=0.0998
Epoch=324, loss=0.0966
Epoch=325, loss=0.0968
Epoch=326, loss=0.0945
Epoch=327, loss=0.0950
Epoch=328, loss=0.0989
Epoch=329, loss=0.0932
Epoch=330, loss=0.0910
Epoch=331, loss=0.0916
Epoch=332, loss=0.0890
Epoch=333, loss=0.0892
Epoch=334, loss=0.0922
Epoch=335, loss=0.0958
Epoch=336, loss=0.0922
Epoch=337, loss=0.0918
Epoch=338, loss=0.0906
Epoch=339, loss=0.0876
Epoch=340, loss=0.0838
Epoch=341, loss=0.0895
Epoch=342, loss=0.0905
Epoch=343, loss=0.0885
Epoch=344, loss=0.0887
Epoch=345, loss=0.0891
Epoch=346, loss=0.0851
Epoch=347, loss=0.0854
Epoch=348, loss=0.0901
Epoch=349, loss=0.0889
Epoch=350, loss=0.0879
Epoch=351, loss=0.0859
Epoch=352, loss=0.0861
Epoch=353, loss=0.0862
Epoch=354, loss=0.0818
Epoch=355, loss=0.0846
Epoch=356, loss=0.0853
Epoch=357, loss=0.0886
Epoch=358, loss=0.0859
Epoch=359, loss=0.0805
Epoch=360, loss=0.0814
Epoch=361, loss=0.0800
Epoch=362, loss=0.0802
Epoch=363, loss=0.0837
Epoch=364, loss=0.0819
Epoch=365, loss=0.0795
Epoch=366, loss=0.0821
Epoch=367, loss=0.0820
Epoch=368, loss=0.0842
Epoch=369, loss=0.0790
Epoch=370, loss=0.0786
Epoch=371, loss=0.0762
Epoch=372, loss=0.0795
Epoch=373, loss=0.0772
Epoch=374, loss=0.0779
Epoch=375, loss=0.0752
Epoch=376, loss=0.0855
Epoch=377, loss=0.0768
Epoch=378, loss=0.0805
Epoch=379, loss=0.0783
Epoch=380, loss=0.0769
Epoch=381, loss=0.0786
Epoch=382, loss=0.0749
Epoch=383, loss=0.0730
Epoch=384, loss=0.0780
Epoch=385, loss=0.0734
Epoch=386, loss=0.0763
Epoch=387, loss=0.0797
Epoch=388, loss=0.0731
Epoch=389, loss=0.0786
Epoch=390, loss=0.0718
Epoch=391, loss=0.0758
Epoch=392, loss=0.0748
Epoch=393, loss=0.0767
Epoch=394, loss=0.0741
Epoch=395, loss=0.0739
Epoch=396, loss=0.0718
Epoch=397, loss=0.0815
Epoch=398, loss=0.0713
Epoch=399, loss=0.0749
Epoch=400, loss=0.0726
Epoch=401, loss=0.0748
Epoch=402, loss=0.0688
Epoch=403, loss=0.0714
Epoch=404, loss=0.0692
Epoch=405, loss=0.0707
Epoch=406, loss=0.0693
Epoch=407, loss=0.0706
Epoch=408, loss=0.0680
Epoch=409, loss=0.0688
Epoch=410, loss=0.0696
Epoch=411, loss=0.0696
Epoch=412, loss=0.0679
Epoch=413, loss=0.0695
Epoch=414, loss=0.0711
Epoch=415, loss=0.0692
Epoch=416, loss=0.0649
Epoch=417, loss=0.0657
Epoch=418, loss=0.0698
Epoch=419, loss=0.0707
Epoch=420, loss=0.0678
Epoch=421, loss=0.0638
Epoch=422, loss=0.0665
Epoch=423, loss=0.0696
Epoch=424, loss=0.0697
Epoch=425, loss=0.0656
Epoch=426, loss=0.0664
Epoch=427, loss=0.0671
Epoch=428, loss=0.0671
Epoch=429, loss=0.0682
Epoch=430, loss=0.0664
Epoch=431, loss=0.0662
Epoch=432, loss=0.0641
Epoch=433, loss=0.0669
Epoch=434, loss=0.0654
Epoch=435, loss=0.0685
Epoch=436, loss=0.0665
Epoch=437, loss=0.0667
Epoch=438, loss=0.0662
Epoch=439, loss=0.0599
Epoch=440, loss=0.0637
Epoch=441, loss=0.0610
Epoch=442, loss=0.0614
Epoch=443, loss=0.0597
Epoch=444, loss=0.0622
Epoch=445, loss=0.0616
Epoch=446, loss=0.0626
Epoch=447, loss=0.0635
Epoch=448, loss=0.0677
Epoch=449, loss=0.0661
Epoch=450, loss=0.0610
Epoch=451, loss=0.0597
Epoch=452, loss=0.0625
Epoch=453, loss=0.0617
Epoch=454, loss=0.0607
Epoch=455, loss=0.0639
Epoch=456, loss=0.0611
Epoch=457, loss=0.0607
Epoch=458, loss=0.0562
Epoch=459, loss=0.0591
Epoch=460, loss=0.0608
Epoch=461, loss=0.0550
Epoch=462, loss=0.0594
Epoch=463, loss=0.0601
Epoch=464, loss=0.0581
Epoch=465, loss=0.0600
Epoch=466, loss=0.0566
Epoch=467, loss=0.0629
Epoch=468, loss=0.0586
Epoch=469, loss=0.0556
Epoch=470, loss=0.0564
Epoch=471, loss=0.0593
Epoch=472, loss=0.0575
Epoch=473, loss=0.0644
Epoch=474, loss=0.0556
Epoch=475, loss=0.0557
Epoch=476, loss=0.0571
Epoch=477, loss=0.0545
Epoch=478, loss=0.0579
Epoch=479, loss=0.0571
Epoch=480, loss=0.0590
Epoch=481, loss=0.0553
Epoch=482, loss=0.0584
Epoch=483, loss=0.0549
Epoch=484, loss=0.0537
Epoch=485, loss=0.0555
Epoch=486, loss=0.0556
Epoch=487, loss=0.0519
Epoch=488, loss=0.0541
Epoch=489, loss=0.0513
Epoch=490, loss=0.0560
Epoch=491, loss=0.0500
Epoch=492, loss=0.0535
Epoch=493, loss=0.0508
Epoch=494, loss=0.0526
Epoch=495, loss=0.0529
Epoch=496, loss=0.0526
Epoch=497, loss=0.0523
Epoch=498, loss=0.0524
Epoch=499, loss=0.0547
Loading 491th epoch
Early stopping!
Start to test process.
done with the edge prediction
done with the node prediction
done with the second node prediction
(E) | label_classification: F1Mi=0.7834+-0.0129, F1Ma=0.7615+-0.0161, acc=0.7834+-0.0129
[['MVGRL', 'heat', 16, 15, 2, 'normalize', 0.1, 0.2, 0.4, 0.001, 0.5, 0.2, 0.5, 0.0001, 512, 512, 0.9222433570130368, 0.9176198908436743, 0.9090624313629475, 0.9084017997004882, 0.7428571581840515, 0.6679999828338623, 0.6919729113578796, 0.7714285850524902, 0.6620000004768372, 0.6682785153388977, 0.7119315973571706, 0.014155449432921212, 0.6609273300196051, 0.013667011012004796, 0.7119315973571706, 0.014155449432921238], ['MVGRL', 'heat', 32, 15, 2, 'normalize', 0.1, 0.2, 0.4, 0.001, 0.5, 0.2, 0.5, 0.0001, 512, 512, 0.9668982110345354, 0.963446786112614, 0.9568932304512672, 0.9567363899849968, 0.8928571343421936, 0.7300000190734863, 0.7432301640510559, 0.8785714507102966, 0.7200000286102295, 0.7364603281021118, 0.739214924212981, 0.01949000451067601, 0.7031945303286146, 0.029057788901093663, 0.739214924212981, 0.01949000451067601], ['MVGRL', 'heat', 64, 15, 2, 'normalize', 0.1, 0.2, 0.4, 0.001, 0.5, 0.2, 0.5, 0.0001, 512, 512, 0.957960086076239, 0.9531918115626947, 0.9485973736988215, 0.9440043458410001, 0.9214285612106323, 0.7519999742507935, 0.7558026909828186, 0.9857142567634583, 0.7559999823570251, 0.7529013752937317, 0.7834434512242517, 0.012912119580169886, 0.7615409261890221, 0.016096529699468353, 0.7834434512242519, 0.012912119580169874]]
Epoch=000, loss=0.6970
Epoch=001, loss=0.6922
Epoch=002, loss=0.6889
Epoch=003, loss=0.6837
Epoch=004, loss=0.6803
Epoch=005, loss=0.6764
Epoch=006, loss=0.6714
Epoch=007, loss=0.6671
Epoch=008, loss=0.6637
Epoch=009, loss=0.6565
Epoch=010, loss=0.6512
Epoch=011, loss=0.6425
Epoch=012, loss=0.6352
Epoch=013, loss=0.6289
Epoch=014, loss=0.6188
Epoch=015, loss=0.6118
Epoch=016, loss=0.6032
Epoch=017, loss=0.5939
Epoch=018, loss=0.5840
Epoch=019, loss=0.5759
Epoch=020, loss=0.5683
Epoch=021, loss=0.5577
Epoch=022, loss=0.5491
Epoch=023, loss=0.5402
Epoch=024, loss=0.5332
Epoch=025, loss=0.5220
Epoch=026, loss=0.5138
Epoch=027, loss=0.5116
Epoch=028, loss=0.4988
Epoch=029, loss=0.4901
Epoch=030, loss=0.4780
Epoch=031, loss=0.4814
Epoch=032, loss=0.4690
Epoch=033, loss=0.4609
Epoch=034, loss=0.4550
Epoch=035, loss=0.4424
Epoch=036, loss=0.4420
Epoch=037, loss=0.4343
Epoch=038, loss=0.4284
Epoch=039, loss=0.4163
Epoch=040, loss=0.4122
Epoch=041, loss=0.4063
Epoch=042, loss=0.4010
Epoch=043, loss=0.3922
Epoch=044, loss=0.3909
Epoch=045, loss=0.3826
Epoch=046, loss=0.3763
Epoch=047, loss=0.3722
Epoch=048, loss=0.3697
Epoch=049, loss=0.3635
Epoch=050, loss=0.3545
Epoch=051, loss=0.3560
Epoch=052, loss=0.3510
Epoch=053, loss=0.3409
Epoch=054, loss=0.3421
Epoch=055, loss=0.3355
Epoch=056, loss=0.3285
Epoch=057, loss=0.3260
Epoch=058, loss=0.3183
Epoch=059, loss=0.3226
Epoch=060, loss=0.3149
Epoch=061, loss=0.3061
Epoch=062, loss=0.3071
Epoch=063, loss=0.3003
Epoch=064, loss=0.2972
Epoch=065, loss=0.2928
Epoch=066, loss=0.2926
Epoch=067, loss=0.2872
Epoch=068, loss=0.2850
Epoch=069, loss=0.2796
Epoch=070, loss=0.2744
Epoch=071, loss=0.2737
Epoch=072, loss=0.2659
Epoch=073, loss=0.2643
Epoch=074, loss=0.2635
Epoch=075, loss=0.2603
Epoch=076, loss=0.2549
Epoch=077, loss=0.2539
Epoch=078, loss=0.2500
Epoch=079, loss=0.2469
Epoch=080, loss=0.2437
Epoch=081, loss=0.2372
Epoch=082, loss=0.2369
Epoch=083, loss=0.2335
Epoch=084, loss=0.2310
Epoch=085, loss=0.2300
Epoch=086, loss=0.2286
Epoch=087, loss=0.2196
Epoch=088, loss=0.2216
Epoch=089, loss=0.2167
Epoch=090, loss=0.2165
Epoch=091, loss=0.2150
Epoch=092, loss=0.2150
Epoch=093, loss=0.2105
Epoch=094, loss=0.2057
Epoch=095, loss=0.2020
Epoch=096, loss=0.2006
Epoch=097, loss=0.1955
Epoch=098, loss=0.1953
Epoch=099, loss=0.1948
Epoch=100, loss=0.1935
Epoch=101, loss=0.1887
Epoch=102, loss=0.1907
Epoch=103, loss=0.1836
Epoch=104, loss=0.1839
Epoch=105, loss=0.1878
Epoch=106, loss=0.1816
Epoch=107, loss=0.1809
Epoch=108, loss=0.1760
Epoch=109, loss=0.1748
Epoch=110, loss=0.1712
Epoch=111, loss=0.1690
Epoch=112, loss=0.1665
Epoch=113, loss=0.1707
Epoch=114, loss=0.1647
Epoch=115, loss=0.1641
Epoch=116, loss=0.1619
Epoch=117, loss=0.1605
Epoch=118, loss=0.1584
Epoch=119, loss=0.1568
Epoch=120, loss=0.1579
Epoch=121, loss=0.1541
Epoch=122, loss=0.1525
Epoch=123, loss=0.1503
Epoch=124, loss=0.1468
Epoch=125, loss=0.1439
Epoch=126, loss=0.1453
Epoch=127, loss=0.1482
Epoch=128, loss=0.1457
Epoch=129, loss=0.1417
Epoch=130, loss=0.1423
Epoch=131, loss=0.1366
Epoch=132, loss=0.1369
Epoch=133, loss=0.1410
Epoch=134, loss=0.1348
Epoch=135, loss=0.1342
Epoch=136, loss=0.1324
Epoch=137, loss=0.1332
Epoch=138, loss=0.1341
Epoch=139, loss=0.1313
Epoch=140, loss=0.1288
Epoch=141, loss=0.1280
Epoch=142, loss=0.1304
Epoch=143, loss=0.1252
Epoch=144, loss=0.1269
Epoch=145, loss=0.1255
Epoch=146, loss=0.1260
Epoch=147, loss=0.1231
Epoch=148, loss=0.1214
Epoch=149, loss=0.1267
Epoch=150, loss=0.1187
Epoch=151, loss=0.1198
Epoch=152, loss=0.1208
Epoch=153, loss=0.1145
Epoch=154, loss=0.1162
Epoch=155, loss=0.1174
Epoch=156, loss=0.1185
Epoch=157, loss=0.1153
Epoch=158, loss=0.1167
Epoch=159, loss=0.1171
Epoch=160, loss=0.1069
Epoch=161, loss=0.1131
Epoch=162, loss=0.1116
Epoch=163, loss=0.1059
Epoch=164, loss=0.1089
Epoch=165, loss=0.1085
Epoch=166, loss=0.1068
Epoch=167, loss=0.1068
Epoch=168, loss=0.1101
Epoch=169, loss=0.1084
Epoch=170, loss=0.1065
Epoch=171, loss=0.1032
Epoch=172, loss=0.1060
Epoch=173, loss=0.1064
Epoch=174, loss=0.1024
Epoch=175, loss=0.1040
Epoch=176, loss=0.1009
Epoch=177, loss=0.0990
Epoch=178, loss=0.1008
Epoch=179, loss=0.1023
Epoch=180, loss=0.0987
Epoch=181, loss=0.1001
Epoch=182, loss=0.0961
Epoch=183, loss=0.0948
Epoch=184, loss=0.0963
Epoch=185, loss=0.0971
Epoch=186, loss=0.0968
Epoch=187, loss=0.0954
Epoch=188, loss=0.0938
Epoch=189, loss=0.0906
Epoch=190, loss=0.0933
Epoch=191, loss=0.0896
Epoch=192, loss=0.0916
Epoch=193, loss=0.0902
Epoch=194, loss=0.0905
Epoch=195, loss=0.0924
Epoch=196, loss=0.0927
Epoch=197, loss=0.0885
Epoch=198, loss=0.0825
Epoch=199, loss=0.0869
Epoch=200, loss=0.0829
Epoch=201, loss=0.0868
Epoch=202, loss=0.0854
Epoch=203, loss=0.0836
Epoch=204, loss=0.0882
Epoch=205, loss=0.0817
Epoch=206, loss=0.0853
Epoch=207, loss=0.0814
Epoch=208, loss=0.0838
Epoch=209, loss=0.0815
Epoch=210, loss=0.0831
Epoch=211, loss=0.0821
Epoch=212, loss=0.0825
Epoch=213, loss=0.0822
Epoch=214, loss=0.0808
Epoch=215, loss=0.0775
Epoch=216, loss=0.0789
Epoch=217, loss=0.0809
Epoch=218, loss=0.0757
Epoch=219, loss=0.0769
Epoch=220, loss=0.0814
Epoch=221, loss=0.0806
Epoch=222, loss=0.0733
Epoch=223, loss=0.0802
Epoch=224, loss=0.0789
Epoch=225, loss=0.0730
Epoch=226, loss=0.0792
Epoch=227, loss=0.0775
Epoch=228, loss=0.0711
Epoch=229, loss=0.0740
Epoch=230, loss=0.0713
Epoch=231, loss=0.0719
Epoch=232, loss=0.0745
Epoch=233, loss=0.0757
Epoch=234, loss=0.0701
Epoch=235, loss=0.0724
Epoch=236, loss=0.0705
Epoch=237, loss=0.0669
Epoch=238, loss=0.0714
Epoch=239, loss=0.0680
Epoch=240, loss=0.0716
Epoch=241, loss=0.0706
Epoch=242, loss=0.0738
Epoch=243, loss=0.0686
Epoch=244, loss=0.0673
Epoch=245, loss=0.0691
Epoch=246, loss=0.0693
Epoch=247, loss=0.0666
Epoch=248, loss=0.0686
Epoch=249, loss=0.0674
Epoch=250, loss=0.0665
Epoch=251, loss=0.0658
Epoch=252, loss=0.0724
Epoch=253, loss=0.0674
Epoch=254, loss=0.0654
Epoch=255, loss=0.0647
Epoch=256, loss=0.0675
Epoch=257, loss=0.0668
Epoch=258, loss=0.0658
Epoch=259, loss=0.0676
Epoch=260, loss=0.0678
Epoch=261, loss=0.0628
Epoch=262, loss=0.0603
Epoch=263, loss=0.0626
Epoch=264, loss=0.0647
Epoch=265, loss=0.0641
Epoch=266, loss=0.0643
Epoch=267, loss=0.0602
Epoch=268, loss=0.0585
Epoch=269, loss=0.0576
Epoch=270, loss=0.0606
Epoch=271, loss=0.0582
Epoch=272, loss=0.0625
Epoch=273, loss=0.0596
Epoch=274, loss=0.0659
Epoch=275, loss=0.0597
Epoch=276, loss=0.0621
Epoch=277, loss=0.0584
Epoch=278, loss=0.0594
Epoch=279, loss=0.0595
Epoch=280, loss=0.0575
Epoch=281, loss=0.0635
Epoch=282, loss=0.0618
Epoch=283, loss=0.0583
Epoch=284, loss=0.0611
Epoch=285, loss=0.0583
Epoch=286, loss=0.0576
Epoch=287, loss=0.0607
Epoch=288, loss=0.0549
Epoch=289, loss=0.0598
Epoch=290, loss=0.0571
Epoch=291, loss=0.0565
Epoch=292, loss=0.0559
Epoch=293, loss=0.0589
Epoch=294, loss=0.0552
Epoch=295, loss=0.0602
Epoch=296, loss=0.0545
Epoch=297, loss=0.0627
Epoch=298, loss=0.0545
Epoch=299, loss=0.0508
Epoch=300, loss=0.0547
Epoch=301, loss=0.0585
Epoch=302, loss=0.0538
Epoch=303, loss=0.0562
Epoch=304, loss=0.0531
Epoch=305, loss=0.0568
Epoch=306, loss=0.0581
Epoch=307, loss=0.0556
Epoch=308, loss=0.0559
Epoch=309, loss=0.0530
Epoch=310, loss=0.0559
Epoch=311, loss=0.0560
Epoch=312, loss=0.0521
Epoch=313, loss=0.0518
Epoch=314, loss=0.0504
Epoch=315, loss=0.0562
Epoch=316, loss=0.0518
Epoch=317, loss=0.0501
Epoch=318, loss=0.0496
Epoch=319, loss=0.0514
Epoch=320, loss=0.0554
Epoch=321, loss=0.0497
Epoch=322, loss=0.0504
Epoch=323, loss=0.0544
Epoch=324, loss=0.0494
Epoch=325, loss=0.0520
Epoch=326, loss=0.0473
Epoch=327, loss=0.0480
Epoch=328, loss=0.0563
Epoch=329, loss=0.0498
Epoch=330, loss=0.0462
Epoch=331, loss=0.0489
Epoch=332, loss=0.0487
Epoch=333, loss=0.0517
Epoch=334, loss=0.0472
Epoch=335, loss=0.0535
Epoch=336, loss=0.0469
Epoch=337, loss=0.0482
Epoch=338, loss=0.0487
Epoch=339, loss=0.0496
Epoch=340, loss=0.0468
Epoch=341, loss=0.0470
Epoch=342, loss=0.0489
Epoch=343, loss=0.0508
Epoch=344, loss=0.0484
Epoch=345, loss=0.0456
Epoch=346, loss=0.0483
Epoch=347, loss=0.0462
Epoch=348, loss=0.0454
Epoch=349, loss=0.0429
Epoch=350, loss=0.0460
Epoch=351, loss=0.0494
Epoch=352, loss=0.0454
Epoch=353, loss=0.0457
Epoch=354, loss=0.0455
Epoch=355, loss=0.0415
Epoch=356, loss=0.0420
Epoch=357, loss=0.0453
Epoch=358, loss=0.0420
Epoch=359, loss=0.0433
Epoch=360, loss=0.0448
Epoch=361, loss=0.0456
Epoch=362, loss=0.0443
Epoch=363, loss=0.0423
Epoch=364, loss=0.0454
Epoch=365, loss=0.0435
Epoch=366, loss=0.0423
Epoch=367, loss=0.0439
Epoch=368, loss=0.0446
Epoch=369, loss=0.0433
Epoch=370, loss=0.0440
Epoch=371, loss=0.0420
Epoch=372, loss=0.0480
Epoch=373, loss=0.0420
Epoch=374, loss=0.0453
Epoch=375, loss=0.0433
Early stopping!
Loading 355th epoch
Early stopping!
Start to test process.
done with the edge prediction
done with the node prediction
done with the second node prediction
(E) | label_classification: F1Mi=0.7880+-0.0218, F1Ma=0.7627+-0.0318, acc=0.7880+-0.0218
[['MVGRL', 'heat', 16, 15, 2, 'normalize', 0.1, 0.2, 0.4, 0.001, 0.5, 0.2, 0.5, 0.0001, 512, 512, 0.9222433570130368, 0.9176198908436743, 0.9090624313629475, 0.9084017997004882, 0.7428571581840515, 0.6679999828338623, 0.6919729113578796, 0.7714285850524902, 0.6620000004768372, 0.6682785153388977, 0.7119315973571706, 0.014155449432921212, 0.6609273300196051, 0.013667011012004796, 0.7119315973571706, 0.014155449432921238], ['MVGRL', 'heat', 32, 15, 2, 'normalize', 0.1, 0.2, 0.4, 0.001, 0.5, 0.2, 0.5, 0.0001, 512, 512, 0.9668982110345354, 0.963446786112614, 0.9568932304512672, 0.9567363899849968, 0.8928571343421936, 0.7300000190734863, 0.7432301640510559, 0.8785714507102966, 0.7200000286102295, 0.7364603281021118, 0.739214924212981, 0.01949000451067601, 0.7031945303286146, 0.029057788901093663, 0.739214924212981, 0.01949000451067601], ['MVGRL', 'heat', 64, 15, 2, 'normalize', 0.1, 0.2, 0.4, 0.001, 0.5, 0.2, 0.5, 0.0001, 512, 512, 0.957960086076239, 0.9531918115626947, 0.9485973736988215, 0.9440043458410001, 0.9214285612106323, 0.7519999742507935, 0.7558026909828186, 0.9857142567634583, 0.7559999823570251, 0.7529013752937317, 0.7834434512242517, 0.012912119580169886, 0.7615409261890221, 0.016096529699468353, 0.7834434512242519, 0.012912119580169874], ['MVGRL', 'heat', 128, 15, 2, 'normalize', 0.1, 0.2, 0.4, 0.001, 0.5, 0.2, 0.5, 0.0001, 512, 512, 0.96026835574207, 0.9547597670214749, 0.9528965286304275, 0.9475385026693182, 0.9428571462631226, 0.7739999890327454, 0.7727272510528564, 0.9285714030265808, 0.765999972820282, 0.7746614813804626, 0.7879518072289157, 0.02177086131454804, 0.7627190553417762, 0.031813191913622425, 0.7879518072289157, 0.02177086131454804]]
Epoch=000, loss=0.6930
Epoch=001, loss=0.6962
Epoch=002, loss=0.6744
Epoch=003, loss=0.6763
Epoch=004, loss=0.6651
Epoch=005, loss=0.6548
Epoch=006, loss=0.6514
Epoch=007, loss=0.6388
Epoch=008, loss=0.6274
Epoch=009, loss=0.6188
Epoch=010, loss=0.6082
Epoch=011, loss=0.5940
Epoch=012, loss=0.5893
Epoch=013, loss=0.5678
Epoch=014, loss=0.5556
Epoch=015, loss=0.5483
Epoch=016, loss=0.5306
Epoch=017, loss=0.5176
Epoch=018, loss=0.5168
Epoch=019, loss=0.4940
Epoch=020, loss=0.4870
Epoch=021, loss=0.4736
Epoch=022, loss=0.4634
Epoch=023, loss=0.4584
Epoch=024, loss=0.4402
Epoch=025, loss=0.4333
Epoch=026, loss=0.4265
Epoch=027, loss=0.4134
Epoch=028, loss=0.4009
Epoch=029, loss=0.3894
Epoch=030, loss=0.3904
Epoch=031, loss=0.3790
Epoch=032, loss=0.3670
Epoch=033, loss=0.3596
Epoch=034, loss=0.3526
Epoch=035, loss=0.3453
Epoch=036, loss=0.3372
Epoch=037, loss=0.3289
Epoch=038, loss=0.3248
Epoch=039, loss=0.3156
Epoch=040, loss=0.3076
Epoch=041, loss=0.2995
Epoch=042, loss=0.2987
Epoch=043, loss=0.2904
Epoch=044, loss=0.2808
Epoch=045, loss=0.2763
Epoch=046, loss=0.2701
Epoch=047, loss=0.2679
Epoch=048, loss=0.2582
Epoch=049, loss=0.2527
Epoch=050, loss=0.2561
Epoch=051, loss=0.2466
Epoch=052, loss=0.2435
Epoch=053, loss=0.2383
Epoch=054, loss=0.2282
Epoch=055, loss=0.2344
Epoch=056, loss=0.2208
Epoch=057, loss=0.2228
Epoch=058, loss=0.2166
Epoch=059, loss=0.2119
Epoch=060, loss=0.2048
Epoch=061, loss=0.2008
Epoch=062, loss=0.1980
Epoch=063, loss=0.1981
Epoch=064, loss=0.1907
Epoch=065, loss=0.1886
Epoch=066, loss=0.1826
Epoch=067, loss=0.1792
Epoch=068, loss=0.1756
Epoch=069, loss=0.1762
Epoch=070, loss=0.1707
Epoch=071, loss=0.1676
Epoch=072, loss=0.1652
Epoch=073, loss=0.1599
Epoch=074, loss=0.1588
Epoch=075, loss=0.1557
Epoch=076, loss=0.1578
Epoch=077, loss=0.1513
Epoch=078, loss=0.1533
Epoch=079, loss=0.1494
Epoch=080, loss=0.1433
Epoch=081, loss=0.1445
Epoch=082, loss=0.1382
Epoch=083, loss=0.1449
Epoch=084, loss=0.1384
Epoch=085, loss=0.1354
Epoch=086, loss=0.1325
Epoch=087, loss=0.1325
Epoch=088, loss=0.1343
Epoch=089, loss=0.1325
Epoch=090, loss=0.1237
Epoch=091, loss=0.1291
Epoch=092, loss=0.1253
Epoch=093, loss=0.1224
Epoch=094, loss=0.1227
Epoch=095, loss=0.1225
Epoch=096, loss=0.1201
Epoch=097, loss=0.1188
Epoch=098, loss=0.1160
Epoch=099, loss=0.1132
Epoch=100, loss=0.1159
Epoch=101, loss=0.1135
Epoch=102, loss=0.1059
Epoch=103, loss=0.1105
Epoch=104, loss=0.1060
Epoch=105, loss=0.1098
Epoch=106, loss=0.1062
Epoch=107, loss=0.1058
Epoch=108, loss=0.1067
Epoch=109, loss=0.1041
Epoch=110, loss=0.1012
Epoch=111, loss=0.1007
Epoch=112, loss=0.1017
Epoch=113, loss=0.0992
Epoch=114, loss=0.1017
Epoch=115, loss=0.0959
Epoch=116, loss=0.0951
Epoch=117, loss=0.0983
Epoch=118, loss=0.0956
Epoch=119, loss=0.0967
Epoch=120, loss=0.0913
Epoch=121, loss=0.0917
Epoch=122, loss=0.0911
Epoch=123, loss=0.0920
Epoch=124, loss=0.0894
Epoch=125, loss=0.0938
Epoch=126, loss=0.0891
Epoch=127, loss=0.0843
Epoch=128, loss=0.0873
Epoch=129, loss=0.0867
Epoch=130, loss=0.0887
Epoch=131, loss=0.0832
Epoch=132, loss=0.0826
Epoch=133, loss=0.0834
Epoch=134, loss=0.0769
Epoch=135, loss=0.0841
Epoch=136, loss=0.0821
Epoch=137, loss=0.0773
Epoch=138, loss=0.0798
Epoch=139, loss=0.0800
Epoch=140, loss=0.0827
Epoch=141, loss=0.0815
Epoch=142, loss=0.0793
Epoch=143, loss=0.0811
Epoch=144, loss=0.0787
Epoch=145, loss=0.0754
Epoch=146, loss=0.0765
Epoch=147, loss=0.0738
Epoch=148, loss=0.0800
Epoch=149, loss=0.0778
Epoch=150, loss=0.0736
Epoch=151, loss=0.0750
Epoch=152, loss=0.0737
Epoch=153, loss=0.0747
Epoch=154, loss=0.0722
Epoch=155, loss=0.0729
Epoch=156, loss=0.0783
Epoch=157, loss=0.0699
Epoch=158, loss=0.0706
Epoch=159, loss=0.0692
Epoch=160, loss=0.0690
Epoch=161, loss=0.0700
Epoch=162, loss=0.0721
Epoch=163, loss=0.0661
Epoch=164, loss=0.0670
Epoch=165, loss=0.0659
Epoch=166, loss=0.0651
Epoch=167, loss=0.0721
Epoch=168, loss=0.0669
Epoch=169, loss=0.0646
Epoch=170, loss=0.0700
Epoch=171, loss=0.0627
Epoch=172, loss=0.0645
Epoch=173, loss=0.0680
Epoch=174, loss=0.0663
Epoch=175, loss=0.0639
Epoch=176, loss=0.0645
Epoch=177, loss=0.0658
Epoch=178, loss=0.0655
Epoch=179, loss=0.0653
Epoch=180, loss=0.0624
Epoch=181, loss=0.0583
Epoch=182, loss=0.0627
Epoch=183, loss=0.0610
Epoch=184, loss=0.0614
Epoch=185, loss=0.0610
Epoch=186, loss=0.0613
Epoch=187, loss=0.0615
Epoch=188, loss=0.0592
Epoch=189, loss=0.0564
Epoch=190, loss=0.0596
Epoch=191, loss=0.0612
Epoch=192, loss=0.0585
Epoch=193, loss=0.0553
Epoch=194, loss=0.0603
Epoch=195, loss=0.0581
Epoch=196, loss=0.0578
Epoch=197, loss=0.0609
Epoch=198, loss=0.0569
Epoch=199, loss=0.0571
Epoch=200, loss=0.0556
Epoch=201, loss=0.0568
Epoch=202, loss=0.0534
Epoch=203, loss=0.0566
Epoch=204, loss=0.0570
Epoch=205, loss=0.0560
Epoch=206, loss=0.0562
Epoch=207, loss=0.0542
Epoch=208, loss=0.0491
Epoch=209, loss=0.0522
Epoch=210, loss=0.0560
Epoch=211, loss=0.0525
Epoch=212, loss=0.0508
Epoch=213, loss=0.0564
Epoch=214, loss=0.0491
Epoch=215, loss=0.0514
Epoch=216, loss=0.0521
Epoch=217, loss=0.0502
Epoch=218, loss=0.0520
Epoch=219, loss=0.0528
Epoch=220, loss=0.0521
Epoch=221, loss=0.0506
Epoch=222, loss=0.0491
Epoch=223, loss=0.0486
Epoch=224, loss=0.0488
Epoch=225, loss=0.0486
Epoch=226, loss=0.0511
Epoch=227, loss=0.0513
Epoch=228, loss=0.0464
Epoch=229, loss=0.0507
Epoch=230, loss=0.0477
Epoch=231, loss=0.0499
Epoch=232, loss=0.0506
Epoch=233, loss=0.0472
Epoch=234, loss=0.0490
Epoch=235, loss=0.0515
Epoch=236, loss=0.0499
Epoch=237, loss=0.0473
Epoch=238, loss=0.0454
Epoch=239, loss=0.0445
Epoch=240, loss=0.0460
Epoch=241, loss=0.0473
Epoch=242, loss=0.0511
Epoch=243, loss=0.0472
Epoch=244, loss=0.0468
Epoch=245, loss=0.0480
Epoch=246, loss=0.0423
Epoch=247, loss=0.0429
Epoch=248, loss=0.0460
Epoch=249, loss=0.0439
Epoch=250, loss=0.0431
Epoch=251, loss=0.0459
Epoch=252, loss=0.0441
Epoch=253, loss=0.0442
Epoch=254, loss=0.0448
Epoch=255, loss=0.0432
Epoch=256, loss=0.0431
Epoch=257, loss=0.0398
Epoch=258, loss=0.0474
Epoch=259, loss=0.0443
Epoch=260, loss=0.0457
Epoch=261, loss=0.0418
Epoch=262, loss=0.0501
Epoch=263, loss=0.0438
Epoch=264, loss=0.0425
Epoch=265, loss=0.0416
Epoch=266, loss=0.0404
Epoch=267, loss=0.0499
Epoch=268, loss=0.0402
Epoch=269, loss=0.0412
Epoch=270, loss=0.0434
Epoch=271, loss=0.0394
Epoch=272, loss=0.0382
Epoch=273, loss=0.0415
Epoch=274, loss=0.0438
Epoch=275, loss=0.0413
Epoch=276, loss=0.0454
Epoch=277, loss=0.0422
Epoch=278, loss=0.0418
Epoch=279, loss=0.0408
Epoch=280, loss=0.0431
Epoch=281, loss=0.0390
Epoch=282, loss=0.0391
Epoch=283, loss=0.0423
Epoch=284, loss=0.0354
Epoch=285, loss=0.0414
Epoch=286, loss=0.0419
Epoch=287, loss=0.0359
Epoch=288, loss=0.0433
Epoch=289, loss=0.0405
Epoch=290, loss=0.0405
Epoch=291, loss=0.0334
Epoch=292, loss=0.0461
Epoch=293, loss=0.0383
Epoch=294, loss=0.0384
Epoch=295, loss=0.0376
Epoch=296, loss=0.0384
Epoch=297, loss=0.0382
Epoch=298, loss=0.0365
Epoch=299, loss=0.0345
Epoch=300, loss=0.0381
Epoch=301, loss=0.0393
Epoch=302, loss=0.0399
Epoch=303, loss=0.0386
Epoch=304, loss=0.0376
Epoch=305, loss=0.0353
Epoch=306, loss=0.0338
Epoch=307, loss=0.0361
Epoch=308, loss=0.0333
Epoch=309, loss=0.0368
Epoch=310, loss=0.0323
Epoch=311, loss=0.0370
Epoch=312, loss=0.0372
Epoch=313, loss=0.0347
Epoch=314, loss=0.0371
Epoch=315, loss=0.0363
Epoch=316, loss=0.0365
Epoch=317, loss=0.0371
Epoch=318, loss=0.0349
Epoch=319, loss=0.0371
Epoch=320, loss=0.0343
Epoch=321, loss=0.0374
Epoch=322, loss=0.0338
Epoch=323, loss=0.0394
Epoch=324, loss=0.0306
Epoch=325, loss=0.0345
Epoch=326, loss=0.0334
Epoch=327, loss=0.0331
Epoch=328, loss=0.0302
Epoch=329, loss=0.0326
Epoch=330, loss=0.0310
Epoch=331, loss=0.0330
Epoch=332, loss=0.0306
Epoch=333, loss=0.0327
Epoch=334, loss=0.0332
Epoch=335, loss=0.0325
Epoch=336, loss=0.0295
Epoch=337, loss=0.0299
Epoch=338, loss=0.0359
Epoch=339, loss=0.0298
Epoch=340, loss=0.0316
Epoch=341, loss=0.0314
Epoch=342, loss=0.0312
Epoch=343, loss=0.0299
Epoch=344, loss=0.0324
Epoch=345, loss=0.0297
Epoch=346, loss=0.0265
Epoch=347, loss=0.0309
Epoch=348, loss=0.0307
Epoch=349, loss=0.0354
Epoch=350, loss=0.0317
Epoch=351, loss=0.0322
Epoch=352, loss=0.0305
Epoch=353, loss=0.0281
Epoch=354, loss=0.0334
Epoch=355, loss=0.0318
Epoch=356, loss=0.0283
Epoch=357, loss=0.0323
Epoch=358, loss=0.0304
Epoch=359, loss=0.0311
Epoch=360, loss=0.0276
Epoch=361, loss=0.0292
Epoch=362, loss=0.0353
Epoch=363, loss=0.0310
Epoch=364, loss=0.0325
Epoch=365, loss=0.0251
Epoch=366, loss=0.0307
Epoch=367, loss=0.0276
Epoch=368, loss=0.0274
Epoch=369, loss=0.0300
Epoch=370, loss=0.0281
Epoch=371, loss=0.0260
Epoch=372, loss=0.0280
Epoch=373, loss=0.0255
Epoch=374, loss=0.0307
Epoch=375, loss=0.0271
Epoch=376, loss=0.0266
Epoch=377, loss=0.0268
Epoch=378, loss=0.0267
Epoch=379, loss=0.0296
Epoch=380, loss=0.0284
Epoch=381, loss=0.0270
Epoch=382, loss=0.0288
Epoch=383, loss=0.0286
Epoch=384, loss=0.0248
Epoch=385, loss=0.0257
Epoch=386, loss=0.0280
Epoch=387, loss=0.0263
Epoch=388, loss=0.0254
Epoch=389, loss=0.0257
Epoch=390, loss=0.0236
Epoch=391, loss=0.0227
Epoch=392, loss=0.0280
Epoch=393, loss=0.0300
Epoch=394, loss=0.0264
Epoch=395, loss=0.0277
Epoch=396, loss=0.0283
Epoch=397, loss=0.0257
Epoch=398, loss=0.0279
Epoch=399, loss=0.0270
Epoch=400, loss=0.0267
Epoch=401, loss=0.0279
Epoch=402, loss=0.0252
Epoch=403, loss=0.0258
Epoch=404, loss=0.0276
Epoch=405, loss=0.0266
Epoch=406, loss=0.0286
Epoch=407, loss=0.0246
Epoch=408, loss=0.0259
Epoch=409, loss=0.0268
Epoch=410, loss=0.0231
Epoch=411, loss=0.0273
Early stopping!
Loading 391th epoch
Early stopping!
Start to test process.
done with the edge prediction
done with the node prediction
done with the second node prediction
(E) | label_classification: F1Mi=0.8031+-0.0042, F1Ma=0.7781+-0.0122, acc=0.8031+-0.0042
[['MVGRL', 'heat', 16, 15, 2, 'normalize', 0.1, 0.2, 0.4, 0.001, 0.5, 0.2, 0.5, 0.0001, 512, 512, 0.9222433570130368, 0.9176198908436743, 0.9090624313629475, 0.9084017997004882, 0.7428571581840515, 0.6679999828338623, 0.6919729113578796, 0.7714285850524902, 0.6620000004768372, 0.6682785153388977, 0.7119315973571706, 0.014155449432921212, 0.6609273300196051, 0.013667011012004796, 0.7119315973571706, 0.014155449432921238], ['MVGRL', 'heat', 32, 15, 2, 'normalize', 0.1, 0.2, 0.4, 0.001, 0.5, 0.2, 0.5, 0.0001, 512, 512, 0.9668982110345354, 0.963446786112614, 0.9568932304512672, 0.9567363899849968, 0.8928571343421936, 0.7300000190734863, 0.7432301640510559, 0.8785714507102966, 0.7200000286102295, 0.7364603281021118, 0.739214924212981, 0.01949000451067601, 0.7031945303286146, 0.029057788901093663, 0.739214924212981, 0.01949000451067601], ['MVGRL', 'heat', 64, 15, 2, 'normalize', 0.1, 0.2, 0.4, 0.001, 0.5, 0.2, 0.5, 0.0001, 512, 512, 0.957960086076239, 0.9531918115626947, 0.9485973736988215, 0.9440043458410001, 0.9214285612106323, 0.7519999742507935, 0.7558026909828186, 0.9857142567634583, 0.7559999823570251, 0.7529013752937317, 0.7834434512242517, 0.012912119580169886, 0.7615409261890221, 0.016096529699468353, 0.7834434512242519, 0.012912119580169874], ['MVGRL', 'heat', 128, 15, 2, 'normalize', 0.1, 0.2, 0.4, 0.001, 0.5, 0.2, 0.5, 0.0001, 512, 512, 0.96026835574207, 0.9547597670214749, 0.9528965286304275, 0.9475385026693182, 0.9428571462631226, 0.7739999890327454, 0.7727272510528564, 0.9285714030265808, 0.765999972820282, 0.7746614813804626, 0.7879518072289157, 0.02177086131454804, 0.7627190553417762, 0.031813191913622425, 0.7879518072289157, 0.02177086131454804], ['MVGRL', 'heat', 256, 15, 2, 'normalize', 0.1, 0.2, 0.4, 0.001, 0.5, 0.2, 0.5, 0.0001, 512, 512, 0.9930333136333451, 0.9920257896458609, 0.9745435298438405, 0.9747795253275066, 1.0, 0.7919999957084656, 0.7911025285720825, 1.0, 0.7979999780654907, 0.7867504954338074, 0.8031092110376992, 0.004211804798801153, 0.7781252100152931, 0.01224195127268463, 0.8031092110376992, 0.004211804798801106]]
Epoch=000, loss=0.6959
Epoch=001, loss=0.6980
Epoch=002, loss=0.7503
Epoch=003, loss=0.6566
Epoch=004, loss=0.6623
Epoch=005, loss=0.6736
Epoch=006, loss=0.6385
Epoch=007, loss=0.6180
Epoch=008, loss=0.6326
Epoch=009, loss=0.6188
Epoch=010, loss=0.5921
Epoch=011, loss=0.5817
Epoch=012, loss=0.5844
Epoch=013, loss=0.5607
Epoch=014, loss=0.5396
Epoch=015, loss=0.5343
Epoch=016, loss=0.5429
Epoch=017, loss=0.5250
Epoch=018, loss=0.4965
Epoch=019, loss=0.4897
Epoch=020, loss=0.4713
Epoch=021, loss=0.4543
Epoch=022, loss=0.4449
Epoch=023, loss=0.4343
Epoch=024, loss=0.4151
Epoch=025, loss=0.4114
Epoch=026, loss=0.3995
Epoch=027, loss=0.3856
Epoch=028, loss=0.3820
Epoch=029, loss=0.3725
Epoch=030, loss=0.3549
Epoch=031, loss=0.3448
Epoch=032, loss=0.3366
Epoch=033, loss=0.3332
Epoch=034, loss=0.3177
Epoch=035, loss=0.3106
Epoch=036, loss=0.2992
Epoch=037, loss=0.2879
Epoch=038, loss=0.2826
Epoch=039, loss=0.2761
Epoch=040, loss=0.2659
Epoch=041, loss=0.2613
Epoch=042, loss=0.2570
Epoch=043, loss=0.2498
Epoch=044, loss=0.2449
Epoch=045, loss=0.2336
Epoch=046, loss=0.2240
Epoch=047, loss=0.2190
Epoch=048, loss=0.2146
Epoch=049, loss=0.2109
Epoch=050, loss=0.2047
Epoch=051, loss=0.1997
Epoch=052, loss=0.1951
Epoch=053, loss=0.1919
Epoch=054, loss=0.1889
Epoch=055, loss=0.1776
Epoch=056, loss=0.1744
Epoch=057, loss=0.1728
Epoch=058, loss=0.1687
Epoch=059, loss=0.1619
Epoch=060, loss=0.1614
Epoch=061, loss=0.1549
Epoch=062, loss=0.1547
Epoch=063, loss=0.1512
Epoch=064, loss=0.1452
Epoch=065, loss=0.1432
Epoch=066, loss=0.1454
Epoch=067, loss=0.1453
Epoch=068, loss=0.1379
Epoch=069, loss=0.1378
Epoch=070, loss=0.1276
Epoch=071, loss=0.1352
Epoch=072, loss=0.1270
Epoch=073, loss=0.1250
Epoch=074, loss=0.1213
Epoch=075, loss=0.1165
Epoch=076, loss=0.1180
Epoch=077, loss=0.1161
Epoch=078, loss=0.1188
Epoch=079, loss=0.1168
Epoch=080, loss=0.1172
Epoch=081, loss=0.1131
Epoch=082, loss=0.1070
Epoch=083, loss=0.1048
Epoch=084, loss=0.1084
Epoch=085, loss=0.1016
Epoch=086, loss=0.1031
Epoch=087, loss=0.1023
Epoch=088, loss=0.1026
Epoch=089, loss=0.0990
Epoch=090, loss=0.0998
Epoch=091, loss=0.1019
Epoch=092, loss=0.0925
Epoch=093, loss=0.0968
Epoch=094, loss=0.0961
Epoch=095, loss=0.0910
Epoch=096, loss=0.0881
Epoch=097, loss=0.0949
Epoch=098, loss=0.0885
Epoch=099, loss=0.0954
Epoch=100, loss=0.0906
Epoch=101, loss=0.0911
Epoch=102, loss=0.0869
Epoch=103, loss=0.0821
Epoch=104, loss=0.0850
Epoch=105, loss=0.0845
Epoch=106, loss=0.0828
Epoch=107, loss=0.0760
Epoch=108, loss=0.0765
Epoch=109, loss=0.0846
Epoch=110, loss=0.0831
Epoch=111, loss=0.0785
Epoch=112, loss=0.0739
Epoch=113, loss=0.0774
Epoch=114, loss=0.0725
Epoch=115, loss=0.0746
Epoch=116, loss=0.0736
Epoch=117, loss=0.0730
Epoch=118, loss=0.0725
Epoch=119, loss=0.0793
Epoch=120, loss=0.0731
Epoch=121, loss=0.0735
Epoch=122, loss=0.0700
Epoch=123, loss=0.0712
Epoch=124, loss=0.0705
Epoch=125, loss=0.0652
Epoch=126, loss=0.0727
Epoch=127, loss=0.0697
Epoch=128, loss=0.0658
Epoch=129, loss=0.0696
Epoch=130, loss=0.0623
Epoch=131, loss=0.0677
Epoch=132, loss=0.0687
Epoch=133, loss=0.0659
Epoch=134, loss=0.0688
Epoch=135, loss=0.0721
Epoch=136, loss=0.0678
Epoch=137, loss=0.0715
Epoch=138, loss=0.0596
Epoch=139, loss=0.0655
Epoch=140, loss=0.0646
Epoch=141, loss=0.0657
Epoch=142, loss=0.0625
Epoch=143, loss=0.0604
Epoch=144, loss=0.0626
Epoch=145, loss=0.0606
Epoch=146, loss=0.0623
Epoch=147, loss=0.0583
Epoch=148, loss=0.0569
Epoch=149, loss=0.0589
Epoch=150, loss=0.0582
Epoch=151, loss=0.0573
Epoch=152, loss=0.0565
Epoch=153, loss=0.0599
Epoch=154, loss=0.0598
Epoch=155, loss=0.0560
Epoch=156, loss=0.0582
Epoch=157, loss=0.0571
Epoch=158, loss=0.0577
Epoch=159, loss=0.0578
Epoch=160, loss=0.0575
Epoch=161, loss=0.0554
Epoch=162, loss=0.0564
Epoch=163, loss=0.0524
Epoch=164, loss=0.0562
Epoch=165, loss=0.0522
Epoch=166, loss=0.0536
Epoch=167, loss=0.0518
Epoch=168, loss=0.0569
Epoch=169, loss=0.0586
Epoch=170, loss=0.0529
Epoch=171, loss=0.0531
Epoch=172, loss=0.0548
Epoch=173, loss=0.0541
Epoch=174, loss=0.0554
Epoch=175, loss=0.0575
Epoch=176, loss=0.0493
Epoch=177, loss=0.0520
Epoch=178, loss=0.0556
Epoch=179, loss=0.0547
Epoch=180, loss=0.0518
Epoch=181, loss=0.0471
Epoch=182, loss=0.0530
Epoch=183, loss=0.0475
Epoch=184, loss=0.0516
Epoch=185, loss=0.0492
Epoch=186, loss=0.0534
Epoch=187, loss=0.0567
Epoch=188, loss=0.0465
Epoch=189, loss=0.0530
Epoch=190, loss=0.0458
Epoch=191, loss=0.0524
Epoch=192, loss=0.0448
Epoch=193, loss=0.0486
Epoch=194, loss=0.0476
Epoch=195, loss=0.0498
Epoch=196, loss=0.0489
Epoch=197, loss=0.0476
Epoch=198, loss=0.0447
Epoch=199, loss=0.0450
Epoch=200, loss=0.0504
Epoch=201, loss=0.0469
Epoch=202, loss=0.0435
Epoch=203, loss=0.0438
Epoch=204, loss=0.0459
Epoch=205, loss=0.0470
Epoch=206, loss=0.0473
Epoch=207, loss=0.0435
Epoch=208, loss=0.0413
Epoch=209, loss=0.0430
Epoch=210, loss=0.0492
Epoch=211, loss=0.0415
Epoch=212, loss=0.0434
Epoch=213, loss=0.0448
Epoch=214, loss=0.0460
Epoch=215, loss=0.0439
Epoch=216, loss=0.0427
Epoch=217, loss=0.0403
Epoch=218, loss=0.0440
Epoch=219, loss=0.0456
Epoch=220, loss=0.0438
Epoch=221, loss=0.0429
Epoch=222, loss=0.0424
Epoch=223, loss=0.0412
Epoch=224, loss=0.0368
Epoch=225, loss=0.0373
Epoch=226, loss=0.0442
Epoch=227, loss=0.0482
Epoch=228, loss=0.0431
Epoch=229, loss=0.0404
Epoch=230, loss=0.0481
Epoch=231, loss=0.0458
Epoch=232, loss=0.0371
Epoch=233, loss=0.0394
Epoch=234, loss=0.0397
Epoch=235, loss=0.0431
Epoch=236, loss=0.0429
Epoch=237, loss=0.0448
Epoch=238, loss=0.0369
Epoch=239, loss=0.0412
Epoch=240, loss=0.0402
Epoch=241, loss=0.0438
Epoch=242, loss=0.0368
Epoch=243, loss=0.0410
Epoch=244, loss=0.0406
Early stopping!
Loading 224th epoch
Early stopping!
Start to test process.
done with the edge prediction
done with the node prediction
done with the second node prediction
(E) | label_classification: F1Mi=0.8065+-0.0117, F1Ma=0.7906+-0.0171, acc=0.8065+-0.0117
[['MVGRL', 'heat', 16, 15, 2, 'normalize', 0.1, 0.2, 0.4, 0.001, 0.5, 0.2, 0.5, 0.0001, 512, 512, 0.9222433570130368, 0.9176198908436743, 0.9090624313629475, 0.9084017997004882, 0.7428571581840515, 0.6679999828338623, 0.6919729113578796, 0.7714285850524902, 0.6620000004768372, 0.6682785153388977, 0.7119315973571706, 0.014155449432921212, 0.6609273300196051, 0.013667011012004796, 0.7119315973571706, 0.014155449432921238], ['MVGRL', 'heat', 32, 15, 2, 'normalize', 0.1, 0.2, 0.4, 0.001, 0.5, 0.2, 0.5, 0.0001, 512, 512, 0.9668982110345354, 0.963446786112614, 0.9568932304512672, 0.9567363899849968, 0.8928571343421936, 0.7300000190734863, 0.7432301640510559, 0.8785714507102966, 0.7200000286102295, 0.7364603281021118, 0.739214924212981, 0.01949000451067601, 0.7031945303286146, 0.029057788901093663, 0.739214924212981, 0.01949000451067601], ['MVGRL', 'heat', 64, 15, 2, 'normalize', 0.1, 0.2, 0.4, 0.001, 0.5, 0.2, 0.5, 0.0001, 512, 512, 0.957960086076239, 0.9531918115626947, 0.9485973736988215, 0.9440043458410001, 0.9214285612106323, 0.7519999742507935, 0.7558026909828186, 0.9857142567634583, 0.7559999823570251, 0.7529013752937317, 0.7834434512242517, 0.012912119580169886, 0.7615409261890221, 0.016096529699468353, 0.7834434512242519, 0.012912119580169874], ['MVGRL', 'heat', 128, 15, 2, 'normalize', 0.1, 0.2, 0.4, 0.001, 0.5, 0.2, 0.5, 0.0001, 512, 512, 0.96026835574207, 0.9547597670214749, 0.9528965286304275, 0.9475385026693182, 0.9428571462631226, 0.7739999890327454, 0.7727272510528564, 0.9285714030265808, 0.765999972820282, 0.7746614813804626, 0.7879518072289157, 0.02177086131454804, 0.7627190553417762, 0.031813191913622425, 0.7879518072289157, 0.02177086131454804], ['MVGRL', 'heat', 256, 15, 2, 'normalize', 0.1, 0.2, 0.4, 0.001, 0.5, 0.2, 0.5, 0.0001, 512, 512, 0.9930333136333451, 0.9920257896458609, 0.9745435298438405, 0.9747795253275066, 1.0, 0.7919999957084656, 0.7911025285720825, 1.0, 0.7979999780654907, 0.7867504954338074, 0.8031092110376992, 0.004211804798801153, 0.7781252100152931, 0.01224195127268463, 0.8031092110376992, 0.004211804798801106], ['MVGRL', 'heat', 512, 15, 2, 'normalize', 0.1, 0.2, 0.4, 0.001, 0.5, 0.2, 0.5, 0.0001, 512, 512, 0.9968044613324183, 0.9963248890069594, 0.9759045688422887, 0.9766502696625391, 0.9928571581840515, 0.8100000023841858, 0.813829779624939, 0.9928571581840515, 0.8140000104904175, 0.81141197681427, 0.8065293431791682, 0.011735469833873507, 0.790628924740103, 0.017090914421198894, 0.8065293431791682, 0.011735469833873507]]
