My SLURM_ARRAY_TASK_ID:  13
My SLURM_ARRAY_JOB_ID:  4522329
MVGRL
Cora
result file is 4522329_13
Dataset: Cora():
======================
Number of graphs: 1
Number of features: 1433
Number of classes: 7
Data(x=[2708, 1433], edge_index=[2, 10556], y=[2708], train_mask=[2708], val_mask=[2708], test_mask=[2708])
==============================================================
Number of nodes: 2708
Number of edges: 10556
Average node degree: 3.90
Number of training nodes: 140
Training node label rate: 0.05
Contains isolated nodes: False
Contains self-loops: False
Is undirected: True
Epoch=000, loss=0.6975
Epoch=001, loss=0.6969
Epoch=002, loss=0.6956
Epoch=003, loss=0.6951
Epoch=004, loss=0.6945
Epoch=005, loss=0.6936
Epoch=006, loss=0.6929
Epoch=007, loss=0.6921
Epoch=008, loss=0.6911
Epoch=009, loss=0.6907
Epoch=010, loss=0.6900
Epoch=011, loss=0.6889
Epoch=012, loss=0.6880
Epoch=013, loss=0.6879
Epoch=014, loss=0.6867
Epoch=015, loss=0.6864
Epoch=016, loss=0.6855
Epoch=017, loss=0.6842
Epoch=018, loss=0.6844
Epoch=019, loss=0.6823
Epoch=020, loss=0.6818
Epoch=021, loss=0.6815
Epoch=022, loss=0.6812
Epoch=023, loss=0.6802
Epoch=024, loss=0.6779
Epoch=025, loss=0.6767
Epoch=026, loss=0.6764
Epoch=027, loss=0.6766
Epoch=028, loss=0.6755
Epoch=029, loss=0.6751
Epoch=030, loss=0.6735
Epoch=031, loss=0.6722
Epoch=032, loss=0.6705
Epoch=033, loss=0.6700
Epoch=034, loss=0.6697
Epoch=035, loss=0.6683
Epoch=036, loss=0.6676
Epoch=037, loss=0.6657
Epoch=038, loss=0.6654
Epoch=039, loss=0.6635
Epoch=040, loss=0.6635
Epoch=041, loss=0.6612
Epoch=042, loss=0.6594
Epoch=043, loss=0.6577
Epoch=044, loss=0.6573
Epoch=045, loss=0.6557
Epoch=046, loss=0.6559
Epoch=047, loss=0.6539
Epoch=048, loss=0.6525
Epoch=049, loss=0.6505
Epoch=050, loss=0.6500
Epoch=051, loss=0.6500
Epoch=052, loss=0.6485
Epoch=053, loss=0.6472
Epoch=054, loss=0.6490
Epoch=055, loss=0.6430
Epoch=056, loss=0.6445
Epoch=057, loss=0.6398
Epoch=058, loss=0.6404
Epoch=059, loss=0.6392
Epoch=060, loss=0.6375
Epoch=061, loss=0.6380
Epoch=062, loss=0.6357
Epoch=063, loss=0.6335
Epoch=064, loss=0.6320
Epoch=065, loss=0.6311
Epoch=066, loss=0.6283
Epoch=067, loss=0.6289
Epoch=068, loss=0.6248
Epoch=069, loss=0.6266
Epoch=070, loss=0.6236
Epoch=071, loss=0.6235
Epoch=072, loss=0.6227
Epoch=073, loss=0.6204
Epoch=074, loss=0.6199
Epoch=075, loss=0.6150
Epoch=076, loss=0.6166
Epoch=077, loss=0.6162
Epoch=078, loss=0.6101
Epoch=079, loss=0.6116
Epoch=080, loss=0.6107
Epoch=081, loss=0.6093
Epoch=082, loss=0.6076
Epoch=083, loss=0.6062
Epoch=084, loss=0.6072
Epoch=085, loss=0.6048
Epoch=086, loss=0.6005
Epoch=087, loss=0.5994
Epoch=088, loss=0.5982
Epoch=089, loss=0.5953
Epoch=090, loss=0.5964
Epoch=091, loss=0.5934
Epoch=092, loss=0.5976
Epoch=093, loss=0.5963
Epoch=094, loss=0.5885
Epoch=095, loss=0.5909
Epoch=096, loss=0.5894
Epoch=097, loss=0.5856
Epoch=098, loss=0.5864
Epoch=099, loss=0.5847
Epoch=100, loss=0.5836
Epoch=101, loss=0.5792
Epoch=102, loss=0.5783
Epoch=103, loss=0.5780
Epoch=104, loss=0.5731
Epoch=105, loss=0.5742
Epoch=106, loss=0.5739
Epoch=107, loss=0.5728
Epoch=108, loss=0.5747
Epoch=109, loss=0.5677
Epoch=110, loss=0.5693
Epoch=111, loss=0.5734
Epoch=112, loss=0.5659
Epoch=113, loss=0.5649
Epoch=114, loss=0.5653
Epoch=115, loss=0.5622
Epoch=116, loss=0.5593
Epoch=117, loss=0.5567
Epoch=118, loss=0.5614
Epoch=119, loss=0.5563
Epoch=120, loss=0.5521
Epoch=121, loss=0.5523
Epoch=122, loss=0.5510
Epoch=123, loss=0.5507
Epoch=124, loss=0.5541
Epoch=125, loss=0.5486
Epoch=126, loss=0.5466
Epoch=127, loss=0.5510
Epoch=128, loss=0.5428
Epoch=129, loss=0.5403
Epoch=130, loss=0.5421
Epoch=131, loss=0.5427
Epoch=132, loss=0.5383
Epoch=133, loss=0.5354
Epoch=134, loss=0.5344
Epoch=135, loss=0.5327
Epoch=136, loss=0.5366
Epoch=137, loss=0.5312
Epoch=138, loss=0.5282
Epoch=139, loss=0.5207
Epoch=140, loss=0.5302
Epoch=141, loss=0.5250
Epoch=142, loss=0.5294
Epoch=143, loss=0.5268
Epoch=144, loss=0.5211
Epoch=145, loss=0.5218
Epoch=146, loss=0.5242
Epoch=147, loss=0.5212
Epoch=148, loss=0.5156
Epoch=149, loss=0.5111
Epoch=150, loss=0.5136
Epoch=151, loss=0.5126
Epoch=152, loss=0.5084
Epoch=153, loss=0.5092
Epoch=154, loss=0.5103
Epoch=155, loss=0.5054
Epoch=156, loss=0.5072
Epoch=157, loss=0.5086
Epoch=158, loss=0.5045
Epoch=159, loss=0.5027
Epoch=160, loss=0.5004
Epoch=161, loss=0.4973
Epoch=162, loss=0.5030
Epoch=163, loss=0.4949
Epoch=164, loss=0.4964
Epoch=165, loss=0.4976
Epoch=166, loss=0.4948
Epoch=167, loss=0.4945
Epoch=168, loss=0.4915
Epoch=169, loss=0.4887
Epoch=170, loss=0.4913
Epoch=171, loss=0.4808
Epoch=172, loss=0.4841
Epoch=173, loss=0.4805
Epoch=174, loss=0.4861
Epoch=175, loss=0.4809
Epoch=176, loss=0.4796
Epoch=177, loss=0.4821
Epoch=178, loss=0.4791
Epoch=179, loss=0.4831
Epoch=180, loss=0.4781
Epoch=181, loss=0.4732
Epoch=182, loss=0.4752
Epoch=183, loss=0.4685
Epoch=184, loss=0.4720
Epoch=185, loss=0.4706
Epoch=186, loss=0.4696
Epoch=187, loss=0.4698
Epoch=188, loss=0.4695
Epoch=189, loss=0.4614
Epoch=190, loss=0.4645
Epoch=191, loss=0.4597
Epoch=192, loss=0.4586
Epoch=193, loss=0.4600
Epoch=194, loss=0.4593
Epoch=195, loss=0.4612
Epoch=196, loss=0.4566
Epoch=197, loss=0.4508
Epoch=198, loss=0.4537
Epoch=199, loss=0.4507
Epoch=200, loss=0.4476
Epoch=201, loss=0.4522
Epoch=202, loss=0.4473
Epoch=203, loss=0.4468
Epoch=204, loss=0.4485
Epoch=205, loss=0.4418
Epoch=206, loss=0.4473
Epoch=207, loss=0.4450
Epoch=208, loss=0.4457
Epoch=209, loss=0.4411
Epoch=210, loss=0.4390
Epoch=211, loss=0.4381
Epoch=212, loss=0.4397
Epoch=213, loss=0.4338
Epoch=214, loss=0.4422
Epoch=215, loss=0.4370
Epoch=216, loss=0.4330
Epoch=217, loss=0.4311
Epoch=218, loss=0.4314
Epoch=219, loss=0.4347
Epoch=220, loss=0.4306
Epoch=221, loss=0.4370
Epoch=222, loss=0.4295
Epoch=223, loss=0.4247
Epoch=224, loss=0.4296
Epoch=225, loss=0.4258
Epoch=226, loss=0.4237
Epoch=227, loss=0.4213
Epoch=228, loss=0.4195
Epoch=229, loss=0.4189
Epoch=230, loss=0.4226
Epoch=231, loss=0.4218
Epoch=232, loss=0.4218
Epoch=233, loss=0.4175
Epoch=234, loss=0.4185
Epoch=235, loss=0.4139
Epoch=236, loss=0.4170
Epoch=237, loss=0.4111
Epoch=238, loss=0.4113
Epoch=239, loss=0.4197
Epoch=240, loss=0.4097
Epoch=241, loss=0.4039
Epoch=242, loss=0.4096
Epoch=243, loss=0.4111
Epoch=244, loss=0.4051
Epoch=245, loss=0.4045
Epoch=246, loss=0.4071
Epoch=247, loss=0.4026
Epoch=248, loss=0.4016
Epoch=249, loss=0.4053
Epoch=250, loss=0.3978
Epoch=251, loss=0.4018
Epoch=252, loss=0.3973
Epoch=253, loss=0.3965
Epoch=254, loss=0.3996
Epoch=255, loss=0.3966
Epoch=256, loss=0.3944
Epoch=257, loss=0.3916
Epoch=258, loss=0.3982
Epoch=259, loss=0.3876
Epoch=260, loss=0.3887
Epoch=261, loss=0.3896
Epoch=262, loss=0.3866
Epoch=263, loss=0.3921
Epoch=264, loss=0.3842
Epoch=265, loss=0.3878
Epoch=266, loss=0.3848
Epoch=267, loss=0.3819
Epoch=268, loss=0.3804
Epoch=269, loss=0.3818
Epoch=270, loss=0.3821
Epoch=271, loss=0.3843
Epoch=272, loss=0.3824
Epoch=273, loss=0.3793
Epoch=274, loss=0.3775
Epoch=275, loss=0.3803
Epoch=276, loss=0.3788
Epoch=277, loss=0.3800
Epoch=278, loss=0.3718
Epoch=279, loss=0.3770
Epoch=280, loss=0.3757
Epoch=281, loss=0.3772
Epoch=282, loss=0.3702
Epoch=283, loss=0.3709
Epoch=284, loss=0.3697
Epoch=285, loss=0.3664
Epoch=286, loss=0.3667
Epoch=287, loss=0.3673
Epoch=288, loss=0.3651
Epoch=289, loss=0.3641
Epoch=290, loss=0.3666
Epoch=291, loss=0.3661
Epoch=292, loss=0.3611
Epoch=293, loss=0.3612
Epoch=294, loss=0.3606
Epoch=295, loss=0.3623
Epoch=296, loss=0.3591
Epoch=297, loss=0.3598
Epoch=298, loss=0.3616
Epoch=299, loss=0.3559
Epoch=300, loss=0.3554
Epoch=301, loss=0.3618
Epoch=302, loss=0.3566
Epoch=303, loss=0.3552
Epoch=304, loss=0.3524
Epoch=305, loss=0.3544
Epoch=306, loss=0.3498
Epoch=307, loss=0.3526
Epoch=308, loss=0.3499
Epoch=309, loss=0.3471
Epoch=310, loss=0.3512
Epoch=311, loss=0.3505
Epoch=312, loss=0.3498
Epoch=313, loss=0.3445
Epoch=314, loss=0.3540
Epoch=315, loss=0.3523
Epoch=316, loss=0.3425
Epoch=317, loss=0.3439
Epoch=318, loss=0.3466
Epoch=319, loss=0.3368
Epoch=320, loss=0.3398
Epoch=321, loss=0.3447
Epoch=322, loss=0.3375
Epoch=323, loss=0.3340
Epoch=324, loss=0.3390
Epoch=325, loss=0.3377
Epoch=326, loss=0.3342
Epoch=327, loss=0.3333
Epoch=328, loss=0.3324
Epoch=329, loss=0.3359
Epoch=330, loss=0.3374
Epoch=331, loss=0.3329
Epoch=332, loss=0.3265
Epoch=333, loss=0.3308
Epoch=334, loss=0.3353
Epoch=335, loss=0.3320
Epoch=336, loss=0.3275
Epoch=337, loss=0.3207
Epoch=338, loss=0.3289
Epoch=339, loss=0.3268
Epoch=340, loss=0.3252
Epoch=341, loss=0.3236
Epoch=342, loss=0.3268
Epoch=343, loss=0.3219
Epoch=344, loss=0.3246
Epoch=345, loss=0.3241
Epoch=346, loss=0.3165
Epoch=347, loss=0.3242
Epoch=348, loss=0.3175
Epoch=349, loss=0.3206
Epoch=350, loss=0.3191
Epoch=351, loss=0.3148
Epoch=352, loss=0.3207
Epoch=353, loss=0.3103
Epoch=354, loss=0.3130
Epoch=355, loss=0.3162
Epoch=356, loss=0.3088
Epoch=357, loss=0.3186
Epoch=358, loss=0.3103
Epoch=359, loss=0.3110
Epoch=360, loss=0.3080
Epoch=361, loss=0.3096
Epoch=362, loss=0.3063
Epoch=363, loss=0.3082
Epoch=364, loss=0.3114
Epoch=365, loss=0.3046
Epoch=366, loss=0.3123
Epoch=367, loss=0.3043
Epoch=368, loss=0.3137
Epoch=369, loss=0.3055
Epoch=370, loss=0.3047
Epoch=371, loss=0.3006
Epoch=372, loss=0.3040
Epoch=373, loss=0.3032
Epoch=374, loss=0.2966
Epoch=375, loss=0.3016
Epoch=376, loss=0.3005
Epoch=377, loss=0.3031
Epoch=378, loss=0.2986
Epoch=379, loss=0.2952
Epoch=380, loss=0.2928
Epoch=381, loss=0.2946
Epoch=382, loss=0.3011
Epoch=383, loss=0.2979
Epoch=384, loss=0.2943
Epoch=385, loss=0.2932
Epoch=386, loss=0.2948
Epoch=387, loss=0.2923
Epoch=388, loss=0.2927
Epoch=389, loss=0.2895
Epoch=390, loss=0.2920
Epoch=391, loss=0.2946
Epoch=392, loss=0.2938
Epoch=393, loss=0.2914
Epoch=394, loss=0.2896
Epoch=395, loss=0.2910
Epoch=396, loss=0.2939
Epoch=397, loss=0.2884
Epoch=398, loss=0.2870
Epoch=399, loss=0.2852
Epoch=400, loss=0.2828
Epoch=401, loss=0.2824
Epoch=402, loss=0.2814
Epoch=403, loss=0.2847
Epoch=404, loss=0.2824
Epoch=405, loss=0.2824
Epoch=406, loss=0.2813
Epoch=407, loss=0.2823
Epoch=408, loss=0.2812
Epoch=409, loss=0.2782
Epoch=410, loss=0.2755
Epoch=411, loss=0.2795
Epoch=412, loss=0.2792
Epoch=413, loss=0.2769
Epoch=414, loss=0.2766
Epoch=415, loss=0.2815
Epoch=416, loss=0.2745
Epoch=417, loss=0.2731
Epoch=418, loss=0.2725
Epoch=419, loss=0.2729
Epoch=420, loss=0.2732
Epoch=421, loss=0.2753
Epoch=422, loss=0.2726
Epoch=423, loss=0.2699
Epoch=424, loss=0.2741
Epoch=425, loss=0.2684
Epoch=426, loss=0.2687
Epoch=427, loss=0.2639
Epoch=428, loss=0.2715
Epoch=429, loss=0.2633
Epoch=430, loss=0.2713
Epoch=431, loss=0.2672
Epoch=432, loss=0.2691
Epoch=433, loss=0.2663
Epoch=434, loss=0.2620
Epoch=435, loss=0.2696
Epoch=436, loss=0.2634
Epoch=437, loss=0.2632
Epoch=438, loss=0.2606
Epoch=439, loss=0.2589
Epoch=440, loss=0.2608
Epoch=441, loss=0.2638
Epoch=442, loss=0.2627
Epoch=443, loss=0.2667
Epoch=444, loss=0.2550
Epoch=445, loss=0.2601
Epoch=446, loss=0.2620
Epoch=447, loss=0.2588
Epoch=448, loss=0.2562
Epoch=449, loss=0.2601
Epoch=450, loss=0.2550
Epoch=451, loss=0.2558
Epoch=452, loss=0.2512
Epoch=453, loss=0.2573
Epoch=454, loss=0.2589
Epoch=455, loss=0.2534
Epoch=456, loss=0.2500
Epoch=457, loss=0.2545
Epoch=458, loss=0.2527
Epoch=459, loss=0.2517
Epoch=460, loss=0.2504
Epoch=461, loss=0.2551
Epoch=462, loss=0.2501
Epoch=463, loss=0.2448
Epoch=464, loss=0.2417
Epoch=465, loss=0.2489
Epoch=466, loss=0.2468
Epoch=467, loss=0.2473
Epoch=468, loss=0.2516
Epoch=469, loss=0.2482
Epoch=470, loss=0.2364
Epoch=471, loss=0.2455
Epoch=472, loss=0.2442
Epoch=473, loss=0.2440
Epoch=474, loss=0.2450
Epoch=475, loss=0.2478
Epoch=476, loss=0.2394
Epoch=477, loss=0.2384
Epoch=478, loss=0.2398
Epoch=479, loss=0.2417
Epoch=480, loss=0.2434
Epoch=481, loss=0.2418
Epoch=482, loss=0.2472
Epoch=483, loss=0.2386
Epoch=484, loss=0.2351
Epoch=485, loss=0.2368
Epoch=486, loss=0.2327
Epoch=487, loss=0.2391
Epoch=488, loss=0.2403
Epoch=489, loss=0.2370
Epoch=490, loss=0.2370
Epoch=491, loss=0.2323
Epoch=492, loss=0.2365
Epoch=493, loss=0.2347
Epoch=494, loss=0.2344
Epoch=495, loss=0.2336
Epoch=496, loss=0.2311
Epoch=497, loss=0.2333
Epoch=498, loss=0.2320
Epoch=499, loss=0.2300
Loading 499th epoch
Early stopping!
Start to test process.
done with the edge prediction
done with the node prediction
done with the second node prediction
(E) | label_classification: F1Mi=0.5622+-0.0145, F1Ma=0.5214+-0.0196, acc=0.5622+-0.0145
[['MVGRL', 'heat', 16, 15, 2, 'normalize', 0.1, 0.2, 0.4, 0.001, 0.5, 0.2, 0.5, 0.0001, 512, 512, 0.8990229143431803, 0.8959995093223734, 0.9085835472709007, 0.8976686882162594, 0.6714285612106323, 0.5640000104904175, 0.5628626942634583, 0.6714285612106323, 0.5619999766349792, 0.5585106611251831, 0.562223085891955, 0.014455741650737937, 0.5213607012768512, 0.019634499841451075, 0.562223085891955, 0.014455741650737937]]
Epoch=000, loss=0.6930
Epoch=001, loss=0.6917
Epoch=002, loss=0.6909
Epoch=003, loss=0.6900
Epoch=004, loss=0.6893
Epoch=005, loss=0.6882
Epoch=006, loss=0.6876
Epoch=007, loss=0.6866
Epoch=008, loss=0.6857
Epoch=009, loss=0.6844
Epoch=010, loss=0.6835
Epoch=011, loss=0.6821
Epoch=012, loss=0.6812
Epoch=013, loss=0.6795
Epoch=014, loss=0.6783
Epoch=015, loss=0.6775
Epoch=016, loss=0.6764
Epoch=017, loss=0.6739
Epoch=018, loss=0.6730
Epoch=019, loss=0.6713
Epoch=020, loss=0.6691
Epoch=021, loss=0.6665
Epoch=022, loss=0.6650
Epoch=023, loss=0.6639
Epoch=024, loss=0.6610
Epoch=025, loss=0.6589
Epoch=026, loss=0.6563
Epoch=027, loss=0.6532
Epoch=028, loss=0.6518
Epoch=029, loss=0.6497
Epoch=030, loss=0.6457
Epoch=031, loss=0.6440
Epoch=032, loss=0.6394
Epoch=033, loss=0.6389
Epoch=034, loss=0.6352
Epoch=035, loss=0.6323
Epoch=036, loss=0.6309
Epoch=037, loss=0.6285
Epoch=038, loss=0.6247
Epoch=039, loss=0.6199
Epoch=040, loss=0.6188
Epoch=041, loss=0.6148
Epoch=042, loss=0.6116
Epoch=043, loss=0.6072
Epoch=044, loss=0.6035
Epoch=045, loss=0.6012
Epoch=046, loss=0.5977
Epoch=047, loss=0.5941
Epoch=048, loss=0.5953
Epoch=049, loss=0.5864
Epoch=050, loss=0.5846
Epoch=051, loss=0.5813
Epoch=052, loss=0.5793
Epoch=053, loss=0.5758
Epoch=054, loss=0.5750
Epoch=055, loss=0.5658
Epoch=056, loss=0.5640
Epoch=057, loss=0.5614
Epoch=058, loss=0.5592
Epoch=059, loss=0.5562
Epoch=060, loss=0.5503
Epoch=061, loss=0.5441
Epoch=062, loss=0.5487
Epoch=063, loss=0.5397
Epoch=064, loss=0.5346
Epoch=065, loss=0.5296
Epoch=066, loss=0.5299
Epoch=067, loss=0.5285
Epoch=068, loss=0.5258
Epoch=069, loss=0.5200
Epoch=070, loss=0.5165
Epoch=071, loss=0.5138
Epoch=072, loss=0.5169
Epoch=073, loss=0.5077
Epoch=074, loss=0.5052
Epoch=075, loss=0.5026
Epoch=076, loss=0.4958
Epoch=077, loss=0.4965
Epoch=078, loss=0.4991
Epoch=079, loss=0.4896
Epoch=080, loss=0.4867
Epoch=081, loss=0.4845
Epoch=082, loss=0.4844
Epoch=083, loss=0.4812
Epoch=084, loss=0.4763
Epoch=085, loss=0.4718
Epoch=086, loss=0.4781
Epoch=087, loss=0.4721
Epoch=088, loss=0.4683
Epoch=089, loss=0.4620
Epoch=090, loss=0.4582
Epoch=091, loss=0.4595
Epoch=092, loss=0.4556
Epoch=093, loss=0.4532
Epoch=094, loss=0.4551
Epoch=095, loss=0.4495
Epoch=096, loss=0.4493
Epoch=097, loss=0.4450
Epoch=098, loss=0.4425
Epoch=099, loss=0.4389
Epoch=100, loss=0.4404
Epoch=101, loss=0.4306
Epoch=102, loss=0.4340
Epoch=103, loss=0.4319
Epoch=104, loss=0.4256
Epoch=105, loss=0.4284
Epoch=106, loss=0.4208
Epoch=107, loss=0.4185
Epoch=108, loss=0.4208
Epoch=109, loss=0.4186
Epoch=110, loss=0.4176
Epoch=111, loss=0.4129
Epoch=112, loss=0.4247
Epoch=113, loss=0.4064
Epoch=114, loss=0.4065
Epoch=115, loss=0.4032
Epoch=116, loss=0.4022
Epoch=117, loss=0.4026
Epoch=118, loss=0.3989
Epoch=119, loss=0.3910
Epoch=120, loss=0.3933
Epoch=121, loss=0.3938
Epoch=122, loss=0.3929
Epoch=123, loss=0.3859
Epoch=124, loss=0.3847
Epoch=125, loss=0.3826
Epoch=126, loss=0.3829
Epoch=127, loss=0.3817
Epoch=128, loss=0.3776
Epoch=129, loss=0.3779
Epoch=130, loss=0.3745
Epoch=131, loss=0.3744
Epoch=132, loss=0.3733
Epoch=133, loss=0.3699
Epoch=134, loss=0.3731
Epoch=135, loss=0.3688
Epoch=136, loss=0.3691
Epoch=137, loss=0.3642
Epoch=138, loss=0.3648
Epoch=139, loss=0.3610
Epoch=140, loss=0.3599
Epoch=141, loss=0.3655
Epoch=142, loss=0.3549
Epoch=143, loss=0.3502
Epoch=144, loss=0.3503
Epoch=145, loss=0.3501
Epoch=146, loss=0.3481
Epoch=147, loss=0.3450
Epoch=148, loss=0.3489
Epoch=149, loss=0.3501
Epoch=150, loss=0.3437
Epoch=151, loss=0.3405
Epoch=152, loss=0.3383
Epoch=153, loss=0.3385
Epoch=154, loss=0.3356
Epoch=155, loss=0.3343
Epoch=156, loss=0.3330
Epoch=157, loss=0.3298
Epoch=158, loss=0.3326
Epoch=159, loss=0.3290
Epoch=160, loss=0.3288
Epoch=161, loss=0.3262
Epoch=162, loss=0.3227
Epoch=163, loss=0.3227
Epoch=164, loss=0.3227
Epoch=165, loss=0.3205
Epoch=166, loss=0.3207
Epoch=167, loss=0.3186
Epoch=168, loss=0.3154
Epoch=169, loss=0.3129
Epoch=170, loss=0.3128
Epoch=171, loss=0.3168
Epoch=172, loss=0.3123
Epoch=173, loss=0.3099
Epoch=174, loss=0.3073
Epoch=175, loss=0.3064
Epoch=176, loss=0.3022
Epoch=177, loss=0.3051
Epoch=178, loss=0.3041
Epoch=179, loss=0.3030
Epoch=180, loss=0.3018
Epoch=181, loss=0.2995
Epoch=182, loss=0.2959
Epoch=183, loss=0.3000
Epoch=184, loss=0.2894
Epoch=185, loss=0.2944
Epoch=186, loss=0.2880
Epoch=187, loss=0.2912
Epoch=188, loss=0.2899
Epoch=189, loss=0.2867
Epoch=190, loss=0.2881
Epoch=191, loss=0.2830
Epoch=192, loss=0.2876
Epoch=193, loss=0.2870
Epoch=194, loss=0.2836
Epoch=195, loss=0.2796
Epoch=196, loss=0.2786
Epoch=197, loss=0.2811
Epoch=198, loss=0.2754
Epoch=199, loss=0.2750
Epoch=200, loss=0.2756
Epoch=201, loss=0.2792
Epoch=202, loss=0.2777
Epoch=203, loss=0.2694
Epoch=204, loss=0.2694
Epoch=205, loss=0.2674
Epoch=206, loss=0.2665
Epoch=207, loss=0.2689
Epoch=208, loss=0.2649
Epoch=209, loss=0.2645
Epoch=210, loss=0.2581
Epoch=211, loss=0.2631
Epoch=212, loss=0.2619
Epoch=213, loss=0.2588
Epoch=214, loss=0.2601
Epoch=215, loss=0.2571
Epoch=216, loss=0.2573
Epoch=217, loss=0.2556
Epoch=218, loss=0.2551
Epoch=219, loss=0.2548
Epoch=220, loss=0.2556
Epoch=221, loss=0.2528
Epoch=222, loss=0.2458
Epoch=223, loss=0.2500
Epoch=224, loss=0.2481
Epoch=225, loss=0.2472
Epoch=226, loss=0.2467
Epoch=227, loss=0.2459
Epoch=228, loss=0.2452
Epoch=229, loss=0.2414
Epoch=230, loss=0.2412
Epoch=231, loss=0.2418
Epoch=232, loss=0.2401
Epoch=233, loss=0.2426
Epoch=234, loss=0.2402
Epoch=235, loss=0.2381
Epoch=236, loss=0.2346
Epoch=237, loss=0.2377
Epoch=238, loss=0.2357
Epoch=239, loss=0.2366
Epoch=240, loss=0.2297
Epoch=241, loss=0.2320
Epoch=242, loss=0.2289
Epoch=243, loss=0.2321
Epoch=244, loss=0.2260
Epoch=245, loss=0.2271
Epoch=246, loss=0.2279
Epoch=247, loss=0.2223
Epoch=248, loss=0.2215
Epoch=249, loss=0.2230
Epoch=250, loss=0.2260
Epoch=251, loss=0.2242
Epoch=252, loss=0.2255
Epoch=253, loss=0.2172
Epoch=254, loss=0.2228
Epoch=255, loss=0.2169
Epoch=256, loss=0.2153
Epoch=257, loss=0.2178
Epoch=258, loss=0.2170
Epoch=259, loss=0.2128
Epoch=260, loss=0.2167
Epoch=261, loss=0.2093
Epoch=262, loss=0.2166
Epoch=263, loss=0.2084
Epoch=264, loss=0.2156
Epoch=265, loss=0.2062
Epoch=266, loss=0.2076
Epoch=267, loss=0.2082
Epoch=268, loss=0.2063
Epoch=269, loss=0.2064
Epoch=270, loss=0.2082
Epoch=271, loss=0.2026
Epoch=272, loss=0.2100
Epoch=273, loss=0.2049
Epoch=274, loss=0.2024
Epoch=275, loss=0.2018
Epoch=276, loss=0.2028
Epoch=277, loss=0.2032
Epoch=278, loss=0.1982
Epoch=279, loss=0.2002
Epoch=280, loss=0.1986
Epoch=281, loss=0.1975
Epoch=282, loss=0.2011
Epoch=283, loss=0.2027
Epoch=284, loss=0.1971
Epoch=285, loss=0.1947
Epoch=286, loss=0.1953
Epoch=287, loss=0.1943
Epoch=288, loss=0.1987
Epoch=289, loss=0.1935
Epoch=290, loss=0.1946
Epoch=291, loss=0.1927
Epoch=292, loss=0.1839
Epoch=293, loss=0.1898
Epoch=294, loss=0.1884
Epoch=295, loss=0.1858
Epoch=296, loss=0.1879
Epoch=297, loss=0.1869
Epoch=298, loss=0.1864
Epoch=299, loss=0.1834
Epoch=300, loss=0.1852
Epoch=301, loss=0.1852
Epoch=302, loss=0.1854
Epoch=303, loss=0.1850
Epoch=304, loss=0.1827
Epoch=305, loss=0.1825
Epoch=306, loss=0.1809
Epoch=307, loss=0.1849
Epoch=308, loss=0.1750
Epoch=309, loss=0.1782
Epoch=310, loss=0.1827
Epoch=311, loss=0.1789
Epoch=312, loss=0.1779
Epoch=313, loss=0.1774
Epoch=314, loss=0.1809
Epoch=315, loss=0.1735
Epoch=316, loss=0.1749
Epoch=317, loss=0.1716
Epoch=318, loss=0.1768
Epoch=319, loss=0.1779
Epoch=320, loss=0.1721
Epoch=321, loss=0.1732
Epoch=322, loss=0.1698
Epoch=323, loss=0.1712
Epoch=324, loss=0.1681
Epoch=325, loss=0.1703
Epoch=326, loss=0.1680
Epoch=327, loss=0.1682
Epoch=328, loss=0.1682
Epoch=329, loss=0.1677
Epoch=330, loss=0.1706
Epoch=331, loss=0.1717
Epoch=332, loss=0.1655
Epoch=333, loss=0.1660
Epoch=334, loss=0.1623
Epoch=335, loss=0.1668
Epoch=336, loss=0.1646
Epoch=337, loss=0.1592
Epoch=338, loss=0.1669
Epoch=339, loss=0.1605
Epoch=340, loss=0.1602
Epoch=341, loss=0.1568
Epoch=342, loss=0.1632
Epoch=343, loss=0.1572
Epoch=344, loss=0.1615
Epoch=345, loss=0.1550
Epoch=346, loss=0.1591
Epoch=347, loss=0.1590
Epoch=348, loss=0.1580
Epoch=349, loss=0.1571
Epoch=350, loss=0.1513
Epoch=351, loss=0.1593
Epoch=352, loss=0.1593
Epoch=353, loss=0.1573
Epoch=354, loss=0.1586
Epoch=355, loss=0.1568
Epoch=356, loss=0.1557
Epoch=357, loss=0.1540
Epoch=358, loss=0.1525
Epoch=359, loss=0.1509
Epoch=360, loss=0.1534
Epoch=361, loss=0.1506
Epoch=362, loss=0.1535
Epoch=363, loss=0.1475
Epoch=364, loss=0.1486
Epoch=365, loss=0.1504
Epoch=366, loss=0.1456
Epoch=367, loss=0.1479
Epoch=368, loss=0.1479
Epoch=369, loss=0.1477
Epoch=370, loss=0.1478
Epoch=371, loss=0.1449
Epoch=372, loss=0.1475
Epoch=373, loss=0.1480
Epoch=374, loss=0.1441
Epoch=375, loss=0.1470
Epoch=376, loss=0.1479
Epoch=377, loss=0.1428
Epoch=378, loss=0.1384
Epoch=379, loss=0.1419
Epoch=380, loss=0.1372
Epoch=381, loss=0.1477
Epoch=382, loss=0.1427
Epoch=383, loss=0.1405
Epoch=384, loss=0.1410
Epoch=385, loss=0.1426
Epoch=386, loss=0.1394
Epoch=387, loss=0.1413
Epoch=388, loss=0.1396
Epoch=389, loss=0.1382
Epoch=390, loss=0.1406
Epoch=391, loss=0.1393
Epoch=392, loss=0.1409
Epoch=393, loss=0.1383
Epoch=394, loss=0.1376
Epoch=395, loss=0.1381
Epoch=396, loss=0.1356
Epoch=397, loss=0.1373
Epoch=398, loss=0.1393
Epoch=399, loss=0.1351
Epoch=400, loss=0.1415
Epoch=401, loss=0.1350
Epoch=402, loss=0.1315
Epoch=403, loss=0.1341
Epoch=404, loss=0.1330
Epoch=405, loss=0.1372
Epoch=406, loss=0.1369
Epoch=407, loss=0.1386
Epoch=408, loss=0.1357
Epoch=409, loss=0.1298
Epoch=410, loss=0.1312
Epoch=411, loss=0.1339
Epoch=412, loss=0.1344
Epoch=413, loss=0.1337
Epoch=414, loss=0.1360
Epoch=415, loss=0.1320
Epoch=416, loss=0.1305
Epoch=417, loss=0.1273
Epoch=418, loss=0.1299
Epoch=419, loss=0.1280
Epoch=420, loss=0.1286
Epoch=421, loss=0.1283
Epoch=422, loss=0.1287
Epoch=423, loss=0.1316
Epoch=424, loss=0.1366
Epoch=425, loss=0.1269
Epoch=426, loss=0.1296
Epoch=427, loss=0.1246
Epoch=428, loss=0.1242
Epoch=429, loss=0.1262
Epoch=430, loss=0.1232
Epoch=431, loss=0.1232
Epoch=432, loss=0.1244
Epoch=433, loss=0.1268
Epoch=434, loss=0.1242
Epoch=435, loss=0.1241
Epoch=436, loss=0.1308
Epoch=437, loss=0.1236
Epoch=438, loss=0.1252
Epoch=439, loss=0.1229
Epoch=440, loss=0.1229
Epoch=441, loss=0.1237
Epoch=442, loss=0.1223
Epoch=443, loss=0.1222
Epoch=444, loss=0.1189
Epoch=445, loss=0.1259
Epoch=446, loss=0.1181
Epoch=447, loss=0.1198
Epoch=448, loss=0.1189
Epoch=449, loss=0.1155
Epoch=450, loss=0.1141
Epoch=451, loss=0.1229
Epoch=452, loss=0.1196
Epoch=453, loss=0.1188
Epoch=454, loss=0.1186
Epoch=455, loss=0.1206
Epoch=456, loss=0.1160
Epoch=457, loss=0.1162
Epoch=458, loss=0.1212
Epoch=459, loss=0.1146
Epoch=460, loss=0.1141
Epoch=461, loss=0.1177
Epoch=462, loss=0.1202
Epoch=463, loss=0.1178
Epoch=464, loss=0.1119
Epoch=465, loss=0.1163
Epoch=466, loss=0.1107
Epoch=467, loss=0.1146
Epoch=468, loss=0.1124
Epoch=469, loss=0.1125
Epoch=470, loss=0.1116
Epoch=471, loss=0.1139
Epoch=472, loss=0.1143
Epoch=473, loss=0.1117
Epoch=474, loss=0.1120
Epoch=475, loss=0.1093
Epoch=476, loss=0.1142
Epoch=477, loss=0.1138
Epoch=478, loss=0.1152
Epoch=479, loss=0.1182
Epoch=480, loss=0.1140
Epoch=481, loss=0.1146
Epoch=482, loss=0.1133
Epoch=483, loss=0.1123
Epoch=484, loss=0.1167
Epoch=485, loss=0.1072
Epoch=486, loss=0.1058
Epoch=487, loss=0.1081
Epoch=488, loss=0.1128
Epoch=489, loss=0.1088
Epoch=490, loss=0.1076
Epoch=491, loss=0.1056
Epoch=492, loss=0.1065
Epoch=493, loss=0.1045
Epoch=494, loss=0.1122
Epoch=495, loss=0.1069
Epoch=496, loss=0.1088
Epoch=497, loss=0.1031
Epoch=498, loss=0.1111
Epoch=499, loss=0.1118
Loading 497th epoch
Early stopping!
Start to test process.
done with the edge prediction
done with the node prediction
done with the second node prediction
(E) | label_classification: F1Mi=0.7925+-0.0091, F1Ma=0.7656+-0.0133, acc=0.7925+-0.0091
[['MVGRL', 'heat', 16, 15, 2, 'normalize', 0.1, 0.2, 0.4, 0.001, 0.5, 0.2, 0.5, 0.0001, 512, 512, 0.8990229143431803, 0.8959995093223734, 0.9085835472709007, 0.8976686882162594, 0.6714285612106323, 0.5640000104904175, 0.5628626942634583, 0.6714285612106323, 0.5619999766349792, 0.5585106611251831, 0.562223085891955, 0.014455741650737937, 0.5213607012768512, 0.019634499841451075, 0.562223085891955, 0.014455741650737937], ['MVGRL', 'heat', 32, 15, 2, 'normalize', 0.1, 0.2, 0.4, 0.001, 0.5, 0.2, 0.5, 0.0001, 512, 512, 0.9341408491568723, 0.9279129286365172, 0.9290243366735198, 0.9162962820138245, 0.8500000238418579, 0.7879999876022339, 0.7736943960189819, 0.8428571224212646, 0.7900000214576721, 0.7756286263465881, 0.792537893509522, 0.00910937815062165, 0.7656445668608957, 0.013327724524945107, 0.792537893509522, 0.009109378150621647]]
Epoch=000, loss=0.6948
Epoch=001, loss=0.6927
Epoch=002, loss=0.6907
Epoch=003, loss=0.6891
Epoch=004, loss=0.6868
Epoch=005, loss=0.6846
Epoch=006, loss=0.6837
Epoch=007, loss=0.6817
Epoch=008, loss=0.6786
Epoch=009, loss=0.6757
Epoch=010, loss=0.6744
Epoch=011, loss=0.6712
Epoch=012, loss=0.6680
Epoch=013, loss=0.6650
Epoch=014, loss=0.6610
Epoch=015, loss=0.6575
Epoch=016, loss=0.6540
Epoch=017, loss=0.6504
Epoch=018, loss=0.6468
Epoch=019, loss=0.6425
Epoch=020, loss=0.6396
Epoch=021, loss=0.6334
Epoch=022, loss=0.6285
Epoch=023, loss=0.6237
Epoch=024, loss=0.6166
Epoch=025, loss=0.6153
Epoch=026, loss=0.6094
Epoch=027, loss=0.6038
Epoch=028, loss=0.5960
Epoch=029, loss=0.5910
Epoch=030, loss=0.5874
Epoch=031, loss=0.5825
Epoch=032, loss=0.5787
Epoch=033, loss=0.5704
Epoch=034, loss=0.5645
Epoch=035, loss=0.5623
Epoch=036, loss=0.5574
Epoch=037, loss=0.5501
Epoch=038, loss=0.5451
Epoch=039, loss=0.5408
Epoch=040, loss=0.5329
Epoch=041, loss=0.5271
Epoch=042, loss=0.5214
Epoch=043, loss=0.5208
Epoch=044, loss=0.5100
Epoch=045, loss=0.5120
Epoch=046, loss=0.5001
Epoch=047, loss=0.4958
Epoch=048, loss=0.4898
Epoch=049, loss=0.4901
Epoch=050, loss=0.4827
Epoch=051, loss=0.4774
Epoch=052, loss=0.4729
Epoch=053, loss=0.4698
Epoch=054, loss=0.4657
Epoch=055, loss=0.4600
Epoch=056, loss=0.4528
Epoch=057, loss=0.4495
Epoch=058, loss=0.4436
Epoch=059, loss=0.4479
Epoch=060, loss=0.4378
Epoch=061, loss=0.4335
Epoch=062, loss=0.4304
Epoch=063, loss=0.4295
Epoch=064, loss=0.4221
Epoch=065, loss=0.4184
Epoch=066, loss=0.4202
Epoch=067, loss=0.4098
Epoch=068, loss=0.4087
Epoch=069, loss=0.4014
Epoch=070, loss=0.3991
Epoch=071, loss=0.3959
Epoch=072, loss=0.3936
Epoch=073, loss=0.3892
Epoch=074, loss=0.3895
Epoch=075, loss=0.3859
Epoch=076, loss=0.3804
Epoch=077, loss=0.3774
Epoch=078, loss=0.3779
Epoch=079, loss=0.3683
Epoch=080, loss=0.3680
Epoch=081, loss=0.3663
Epoch=082, loss=0.3624
Epoch=083, loss=0.3562
Epoch=084, loss=0.3576
Epoch=085, loss=0.3530
Epoch=086, loss=0.3495
Epoch=087, loss=0.3486
Epoch=088, loss=0.3493
Epoch=089, loss=0.3443
Epoch=090, loss=0.3383
Epoch=091, loss=0.3349
Epoch=092, loss=0.3362
Epoch=093, loss=0.3248
Epoch=094, loss=0.3266
Epoch=095, loss=0.3278
Epoch=096, loss=0.3259
Epoch=097, loss=0.3189
Epoch=098, loss=0.3194
Epoch=099, loss=0.3177
Epoch=100, loss=0.3167
Epoch=101, loss=0.3088
Epoch=102, loss=0.3058
Epoch=103, loss=0.3019
Epoch=104, loss=0.3068
Epoch=105, loss=0.3022
Epoch=106, loss=0.3003
Epoch=107, loss=0.2947
Epoch=108, loss=0.2970
Epoch=109, loss=0.2900
Epoch=110, loss=0.2887
Epoch=111, loss=0.2883
Epoch=112, loss=0.2926
Epoch=113, loss=0.2843
Epoch=114, loss=0.2814
Epoch=115, loss=0.2794
Epoch=116, loss=0.2740
Epoch=117, loss=0.2782
Epoch=118, loss=0.2733
Epoch=119, loss=0.2693
Epoch=120, loss=0.2731
Epoch=121, loss=0.2665
Epoch=122, loss=0.2629
Epoch=123, loss=0.2642
Epoch=124, loss=0.2585
Epoch=125, loss=0.2617
Epoch=126, loss=0.2607
Epoch=127, loss=0.2548
Epoch=128, loss=0.2530
Epoch=129, loss=0.2543
Epoch=130, loss=0.2469
Epoch=131, loss=0.2469
Epoch=132, loss=0.2425
Epoch=133, loss=0.2422
Epoch=134, loss=0.2406
Epoch=135, loss=0.2372
Epoch=136, loss=0.2396
Epoch=137, loss=0.2366
Epoch=138, loss=0.2356
Epoch=139, loss=0.2400
Epoch=140, loss=0.2352
Epoch=141, loss=0.2299
Epoch=142, loss=0.2280
Epoch=143, loss=0.2271
Epoch=144, loss=0.2276
Epoch=145, loss=0.2243
Epoch=146, loss=0.2207
Epoch=147, loss=0.2235
Epoch=148, loss=0.2217
Epoch=149, loss=0.2126
Epoch=150, loss=0.2153
Epoch=151, loss=0.2148
Epoch=152, loss=0.2148
Epoch=153, loss=0.2109
Epoch=154, loss=0.2087
Epoch=155, loss=0.2080
Epoch=156, loss=0.2064
Epoch=157, loss=0.2097
Epoch=158, loss=0.2038
Epoch=159, loss=0.2022
Epoch=160, loss=0.2024
Epoch=161, loss=0.2005
Epoch=162, loss=0.1997
Epoch=163, loss=0.1969
Epoch=164, loss=0.1976
Epoch=165, loss=0.1962
Epoch=166, loss=0.1950
Epoch=167, loss=0.1922
Epoch=168, loss=0.1926
Epoch=169, loss=0.1911
Epoch=170, loss=0.1927
Epoch=171, loss=0.1947
Epoch=172, loss=0.1884
Epoch=173, loss=0.1863
Epoch=174, loss=0.1844
Epoch=175, loss=0.1834
Epoch=176, loss=0.1801
Epoch=177, loss=0.1808
Epoch=178, loss=0.1795
Epoch=179, loss=0.1761
Epoch=180, loss=0.1773
Epoch=181, loss=0.1761
Epoch=182, loss=0.1792
Epoch=183, loss=0.1729
Epoch=184, loss=0.1703
Epoch=185, loss=0.1757
Epoch=186, loss=0.1734
Epoch=187, loss=0.1675
Epoch=188, loss=0.1676
Epoch=189, loss=0.1637
Epoch=190, loss=0.1663
Epoch=191, loss=0.1662
Epoch=192, loss=0.1657
Epoch=193, loss=0.1668
Epoch=194, loss=0.1636
Epoch=195, loss=0.1579
Epoch=196, loss=0.1653
Epoch=197, loss=0.1585
Epoch=198, loss=0.1591
Epoch=199, loss=0.1607
Epoch=200, loss=0.1543
Epoch=201, loss=0.1566
Epoch=202, loss=0.1564
Epoch=203, loss=0.1523
Epoch=204, loss=0.1540
Epoch=205, loss=0.1553
Epoch=206, loss=0.1524
Epoch=207, loss=0.1518
Epoch=208, loss=0.1487
Epoch=209, loss=0.1521
Epoch=210, loss=0.1507
Epoch=211, loss=0.1531
Epoch=212, loss=0.1461
Epoch=213, loss=0.1463
Epoch=214, loss=0.1471
Epoch=215, loss=0.1469
Epoch=216, loss=0.1438
Epoch=217, loss=0.1435
Epoch=218, loss=0.1396
Epoch=219, loss=0.1394
Epoch=220, loss=0.1357
Epoch=221, loss=0.1438
Epoch=222, loss=0.1402
Epoch=223, loss=0.1378
Epoch=224, loss=0.1372
Epoch=225, loss=0.1314
Epoch=226, loss=0.1370
Epoch=227, loss=0.1317
Epoch=228, loss=0.1382
Epoch=229, loss=0.1341
Epoch=230, loss=0.1331
Epoch=231, loss=0.1363
Epoch=232, loss=0.1360
Epoch=233, loss=0.1327
Epoch=234, loss=0.1340
Epoch=235, loss=0.1285
Epoch=236, loss=0.1331
Epoch=237, loss=0.1278
Epoch=238, loss=0.1248
Epoch=239, loss=0.1321
Epoch=240, loss=0.1275
Epoch=241, loss=0.1345
Epoch=242, loss=0.1274
Epoch=243, loss=0.1272
Epoch=244, loss=0.1252
Epoch=245, loss=0.1296
Epoch=246, loss=0.1203
Epoch=247, loss=0.1248
Epoch=248, loss=0.1268
Epoch=249, loss=0.1203
Epoch=250, loss=0.1271
Epoch=251, loss=0.1199
Epoch=252, loss=0.1172
Epoch=253, loss=0.1217
Epoch=254, loss=0.1205
Epoch=255, loss=0.1195
Epoch=256, loss=0.1216
Epoch=257, loss=0.1187
Epoch=258, loss=0.1211
Epoch=259, loss=0.1168
Epoch=260, loss=0.1146
Epoch=261, loss=0.1167
Epoch=262, loss=0.1165
Epoch=263, loss=0.1174
Epoch=264, loss=0.1116
Epoch=265, loss=0.1173
Epoch=266, loss=0.1210
Epoch=267, loss=0.1109
Epoch=268, loss=0.1100
Epoch=269, loss=0.1130
Epoch=270, loss=0.1161
Epoch=271, loss=0.1151
Epoch=272, loss=0.1114
Epoch=273, loss=0.1120
Epoch=274, loss=0.1102
Epoch=275, loss=0.1118
Epoch=276, loss=0.1063
Epoch=277, loss=0.1076
Epoch=278, loss=0.1012
Epoch=279, loss=0.1074
Epoch=280, loss=0.1052
Epoch=281, loss=0.1055
Epoch=282, loss=0.1115
Epoch=283, loss=0.1062
Epoch=284, loss=0.1053
Epoch=285, loss=0.1019
Epoch=286, loss=0.1033
Epoch=287, loss=0.1021
Epoch=288, loss=0.1050
Epoch=289, loss=0.0993
Epoch=290, loss=0.0998
Epoch=291, loss=0.1032
Epoch=292, loss=0.1014
Epoch=293, loss=0.1029
Epoch=294, loss=0.1064
Epoch=295, loss=0.1017
Epoch=296, loss=0.0983
Epoch=297, loss=0.0926
Epoch=298, loss=0.1029
Epoch=299, loss=0.1016
Epoch=300, loss=0.0995
Epoch=301, loss=0.0994
Epoch=302, loss=0.0984
Epoch=303, loss=0.0964
Epoch=304, loss=0.0952
Epoch=305, loss=0.0979
Epoch=306, loss=0.0965
Epoch=307, loss=0.0963
Epoch=308, loss=0.0960
Epoch=309, loss=0.0999
Epoch=310, loss=0.0957
Epoch=311, loss=0.0928
Epoch=312, loss=0.0939
Epoch=313, loss=0.0980
Epoch=314, loss=0.0947
Epoch=315, loss=0.0920
Epoch=316, loss=0.0947
Epoch=317, loss=0.0932
Epoch=318, loss=0.0915
Epoch=319, loss=0.0911
Epoch=320, loss=0.0908
Epoch=321, loss=0.0905
Epoch=322, loss=0.0903
Epoch=323, loss=0.0925
Epoch=324, loss=0.0908
Epoch=325, loss=0.0991
Epoch=326, loss=0.0937
Epoch=327, loss=0.0880
Epoch=328, loss=0.0900
Epoch=329, loss=0.0921
Epoch=330, loss=0.0902
Epoch=331, loss=0.0922
Epoch=332, loss=0.0859
Epoch=333, loss=0.0878
Epoch=334, loss=0.0862
Epoch=335, loss=0.0861
Epoch=336, loss=0.0901
Epoch=337, loss=0.0828
Epoch=338, loss=0.0896
Epoch=339, loss=0.0873
Epoch=340, loss=0.0853
Epoch=341, loss=0.0848
Epoch=342, loss=0.0885
Epoch=343, loss=0.0847
Epoch=344, loss=0.0803
Epoch=345, loss=0.0827
Epoch=346, loss=0.0841
Epoch=347, loss=0.0854
Epoch=348, loss=0.0861
Epoch=349, loss=0.0899
Epoch=350, loss=0.0767
Epoch=351, loss=0.0823
Epoch=352, loss=0.0815
Epoch=353, loss=0.0788
Epoch=354, loss=0.0794
Epoch=355, loss=0.0805
Epoch=356, loss=0.0816
Epoch=357, loss=0.0811
Epoch=358, loss=0.0827
Epoch=359, loss=0.0846
Epoch=360, loss=0.0801
Epoch=361, loss=0.0821
Epoch=362, loss=0.0793
Epoch=363, loss=0.0812
Epoch=364, loss=0.0765
Epoch=365, loss=0.0767
Epoch=366, loss=0.0791
Epoch=367, loss=0.0792
Epoch=368, loss=0.0749
Epoch=369, loss=0.0816
Epoch=370, loss=0.0770
Epoch=371, loss=0.0806
Epoch=372, loss=0.0764
Epoch=373, loss=0.0752
Epoch=374, loss=0.0789
Epoch=375, loss=0.0799
Epoch=376, loss=0.0762
Epoch=377, loss=0.0779
Epoch=378, loss=0.0756
Epoch=379, loss=0.0776
Epoch=380, loss=0.0751
Epoch=381, loss=0.0762
Epoch=382, loss=0.0736
Epoch=383, loss=0.0717
Epoch=384, loss=0.0730
Epoch=385, loss=0.0734
Epoch=386, loss=0.0762
Epoch=387, loss=0.0713
Epoch=388, loss=0.0716
Epoch=389, loss=0.0749
Epoch=390, loss=0.0701
Epoch=391, loss=0.0710
Epoch=392, loss=0.0743
Epoch=393, loss=0.0748
Epoch=394, loss=0.0744
Epoch=395, loss=0.0738
Epoch=396, loss=0.0692
Epoch=397, loss=0.0739
Epoch=398, loss=0.0689
Epoch=399, loss=0.0733
Epoch=400, loss=0.0683
Epoch=401, loss=0.0734
Epoch=402, loss=0.0704
Epoch=403, loss=0.0729
Epoch=404, loss=0.0690
Epoch=405, loss=0.0707
Epoch=406, loss=0.0673
Epoch=407, loss=0.0662
Epoch=408, loss=0.0700
Epoch=409, loss=0.0668
Epoch=410, loss=0.0692
Epoch=411, loss=0.0635
Epoch=412, loss=0.0697
Epoch=413, loss=0.0683
Epoch=414, loss=0.0680
Epoch=415, loss=0.0688
Epoch=416, loss=0.0677
Epoch=417, loss=0.0648
Epoch=418, loss=0.0688
Epoch=419, loss=0.0657
Epoch=420, loss=0.0652
Epoch=421, loss=0.0647
Epoch=422, loss=0.0660
Epoch=423, loss=0.0662
Epoch=424, loss=0.0690
Epoch=425, loss=0.0693
Epoch=426, loss=0.0669
Epoch=427, loss=0.0673
Epoch=428, loss=0.0618
Epoch=429, loss=0.0667
Epoch=430, loss=0.0648
Epoch=431, loss=0.0680
Epoch=432, loss=0.0635
Epoch=433, loss=0.0618
Epoch=434, loss=0.0634
Epoch=435, loss=0.0641
Epoch=436, loss=0.0614
Epoch=437, loss=0.0660
Epoch=438, loss=0.0646
Epoch=439, loss=0.0655
Epoch=440, loss=0.0666
Epoch=441, loss=0.0608
Epoch=442, loss=0.0637
Epoch=443, loss=0.0618
Epoch=444, loss=0.0625
Epoch=445, loss=0.0623
Epoch=446, loss=0.0611
Epoch=447, loss=0.0620
Epoch=448, loss=0.0615
Epoch=449, loss=0.0629
Epoch=450, loss=0.0648
Epoch=451, loss=0.0684
Epoch=452, loss=0.0631
Epoch=453, loss=0.0651
Epoch=454, loss=0.0640
Epoch=455, loss=0.0593
Epoch=456, loss=0.0620
Epoch=457, loss=0.0614
Epoch=458, loss=0.0576
Epoch=459, loss=0.0608
Epoch=460, loss=0.0575
Epoch=461, loss=0.0572
Epoch=462, loss=0.0579
Epoch=463, loss=0.0663
Epoch=464, loss=0.0625
Epoch=465, loss=0.0605
Epoch=466, loss=0.0564
Epoch=467, loss=0.0569
Epoch=468, loss=0.0589
Epoch=469, loss=0.0602
Epoch=470, loss=0.0573
Epoch=471, loss=0.0610
Epoch=472, loss=0.0594
Epoch=473, loss=0.0580
Epoch=474, loss=0.0597
Epoch=475, loss=0.0582
Epoch=476, loss=0.0560
Epoch=477, loss=0.0587
Epoch=478, loss=0.0592
Epoch=479, loss=0.0562
Epoch=480, loss=0.0560
Epoch=481, loss=0.0576
Epoch=482, loss=0.0591
Epoch=483, loss=0.0574
Epoch=484, loss=0.0535
Epoch=485, loss=0.0595
Epoch=486, loss=0.0554
Epoch=487, loss=0.0577
Epoch=488, loss=0.0549
Epoch=489, loss=0.0620
Epoch=490, loss=0.0576
Epoch=491, loss=0.0540
Epoch=492, loss=0.0519
Epoch=493, loss=0.0558
Epoch=494, loss=0.0572
Epoch=495, loss=0.0556
Epoch=496, loss=0.0576
Epoch=497, loss=0.0547
Epoch=498, loss=0.0546
Epoch=499, loss=0.0549
Loading 492th epoch
done with the edge prediction
done with the node prediction
done with the second node prediction
(E) | label_classification: F1Mi=0.7726+-0.0178, F1Ma=0.7449+-0.0254, acc=0.7726+-0.0178
[['MVGRL', 'heat', 16, 15, 2, 'normalize', 0.1, 0.2, 0.4, 0.001, 0.5, 0.2, 0.5, 0.0001, 512, 512, 0.8990229143431803, 0.8959995093223734, 0.9085835472709007, 0.8976686882162594, 0.6714285612106323, 0.5640000104904175, 0.5628626942634583, 0.6714285612106323, 0.5619999766349792, 0.5585106611251831, 0.562223085891955, 0.014455741650737937, 0.5213607012768512, 0.019634499841451075, 0.562223085891955, 0.014455741650737937], ['MVGRL', 'heat', 32, 15, 2, 'normalize', 0.1, 0.2, 0.4, 0.001, 0.5, 0.2, 0.5, 0.0001, 512, 512, 0.9341408491568723, 0.9279129286365172, 0.9290243366735198, 0.9162962820138245, 0.8500000238418579, 0.7879999876022339, 0.7736943960189819, 0.8428571224212646, 0.7900000214576721, 0.7756286263465881, 0.792537893509522, 0.00910937815062165, 0.7656445668608957, 0.013327724524945107, 0.792537893509522, 0.009109378150621647], ['MVGRL', 'heat', 64, 15, 2, 'normalize', 0.1, 0.2, 0.4, 0.001, 0.5, 0.2, 0.5, 0.0001, 512, 512, 0.9834311084261933, 0.981475795784727, 0.9715478037943464, 0.9671603328389836, 0.8857142925262451, 0.7799999713897705, 0.7722437381744385, 0.8142856955528259, 0.777999997138977, 0.759671151638031, 0.7726389428682472, 0.017840749385706692, 0.7449288170522081, 0.025355749897870074, 0.7726389428682472, 0.017840749385706692]]
Epoch=000, loss=0.6922
Epoch=001, loss=0.6872
Epoch=002, loss=0.6821
Epoch=003, loss=0.6777
Epoch=004, loss=0.6712
Epoch=005, loss=0.6667
Epoch=006, loss=0.6599
Epoch=007, loss=0.6519
Epoch=008, loss=0.6434
Epoch=009, loss=0.6349
Epoch=010, loss=0.6276
Epoch=011, loss=0.6193
Epoch=012, loss=0.6104
Epoch=013, loss=0.6013
Epoch=014, loss=0.5893
Epoch=015, loss=0.5794
Epoch=016, loss=0.5706
Epoch=017, loss=0.5609
Epoch=018, loss=0.5503
Epoch=019, loss=0.5438
Epoch=020, loss=0.5332
Epoch=021, loss=0.5200
Epoch=022, loss=0.5187
Epoch=023, loss=0.5098
Epoch=024, loss=0.5034
Epoch=025, loss=0.4874
Epoch=026, loss=0.4862
Epoch=027, loss=0.4781
Epoch=028, loss=0.4762
Epoch=029, loss=0.4651
Epoch=030, loss=0.4521
Epoch=031, loss=0.4505
Epoch=032, loss=0.4380
Epoch=033, loss=0.4353
Epoch=034, loss=0.4377
Epoch=035, loss=0.4175
Epoch=036, loss=0.4145
Epoch=037, loss=0.4084
Epoch=038, loss=0.4016
Epoch=039, loss=0.3981
Epoch=040, loss=0.3925
Epoch=041, loss=0.3889
Epoch=042, loss=0.3803
Epoch=043, loss=0.3822
Epoch=044, loss=0.3727
Epoch=045, loss=0.3672
Epoch=046, loss=0.3610
Epoch=047, loss=0.3585
Epoch=048, loss=0.3561
Epoch=049, loss=0.3594
Epoch=050, loss=0.3420
Epoch=051, loss=0.3385
Epoch=052, loss=0.3358
Epoch=053, loss=0.3314
Epoch=054, loss=0.3279
Epoch=055, loss=0.3229
Epoch=056, loss=0.3177
Epoch=057, loss=0.3181
Epoch=058, loss=0.3126
Epoch=059, loss=0.3038
Epoch=060, loss=0.3035
Epoch=061, loss=0.3013
Epoch=062, loss=0.2976
Epoch=063, loss=0.2924
Epoch=064, loss=0.2895
Epoch=065, loss=0.2879
Epoch=066, loss=0.2834
Epoch=067, loss=0.2721
Epoch=068, loss=0.2730
Epoch=069, loss=0.2702
Epoch=070, loss=0.2685
Epoch=071, loss=0.2687
Epoch=072, loss=0.2612
Epoch=073, loss=0.2610
Epoch=074, loss=0.2508
Epoch=075, loss=0.2497
Epoch=076, loss=0.2472
Epoch=077, loss=0.2437
Epoch=078, loss=0.2422
Epoch=079, loss=0.2377
Epoch=080, loss=0.2386
Epoch=081, loss=0.2304
Epoch=082, loss=0.2292
Epoch=083, loss=0.2292
Epoch=084, loss=0.2297
Epoch=085, loss=0.2210
Epoch=086, loss=0.2216
Epoch=087, loss=0.2157
Epoch=088, loss=0.2176
Epoch=089, loss=0.2089
Epoch=090, loss=0.2110
Epoch=091, loss=0.2092
Epoch=092, loss=0.2038
Epoch=093, loss=0.1994
Epoch=094, loss=0.2009
Epoch=095, loss=0.2005
Epoch=096, loss=0.2027
Epoch=097, loss=0.1913
Epoch=098, loss=0.1905
Epoch=099, loss=0.1892
Epoch=100, loss=0.1868
Epoch=101, loss=0.1841
Epoch=102, loss=0.1839
Epoch=103, loss=0.1804
Epoch=104, loss=0.1847
Epoch=105, loss=0.1814
Epoch=106, loss=0.1784
Epoch=107, loss=0.1769
Epoch=108, loss=0.1706
Epoch=109, loss=0.1736
Epoch=110, loss=0.1657
Epoch=111, loss=0.1687
Epoch=112, loss=0.1700
Epoch=113, loss=0.1650
Epoch=114, loss=0.1644
Epoch=115, loss=0.1625
Epoch=116, loss=0.1598
Epoch=117, loss=0.1608
Epoch=118, loss=0.1543
Epoch=119, loss=0.1562
Epoch=120, loss=0.1581
Epoch=121, loss=0.1508
Epoch=122, loss=0.1504
Epoch=123, loss=0.1475
Epoch=124, loss=0.1488
Epoch=125, loss=0.1449
Epoch=126, loss=0.1456
Epoch=127, loss=0.1475
Epoch=128, loss=0.1493
Epoch=129, loss=0.1397
Epoch=130, loss=0.1388
Epoch=131, loss=0.1394
Epoch=132, loss=0.1387
Epoch=133, loss=0.1426
Epoch=134, loss=0.1320
Epoch=135, loss=0.1308
Epoch=136, loss=0.1307
Epoch=137, loss=0.1348
Epoch=138, loss=0.1318
Epoch=139, loss=0.1328
Epoch=140, loss=0.1287
Epoch=141, loss=0.1265
Epoch=142, loss=0.1305
Epoch=143, loss=0.1239
Epoch=144, loss=0.1270
Epoch=145, loss=0.1243
Epoch=146, loss=0.1242
Epoch=147, loss=0.1279
Epoch=148, loss=0.1196
Epoch=149, loss=0.1222
Epoch=150, loss=0.1219
Epoch=151, loss=0.1222
Epoch=152, loss=0.1199
Epoch=153, loss=0.1190
Epoch=154, loss=0.1194
Epoch=155, loss=0.1131
Epoch=156, loss=0.1123
Epoch=157, loss=0.1140
Epoch=158, loss=0.1167
Epoch=159, loss=0.1155
Epoch=160, loss=0.1124
Epoch=161, loss=0.1137
Epoch=162, loss=0.1118
Epoch=163, loss=0.1093
Epoch=164, loss=0.1102
Epoch=165, loss=0.1121
Epoch=166, loss=0.1060
Epoch=167, loss=0.1068
Epoch=168, loss=0.1074
Epoch=169, loss=0.1084
Epoch=170, loss=0.1098
Epoch=171, loss=0.1044
Epoch=172, loss=0.1042
Epoch=173, loss=0.1059
Epoch=174, loss=0.1016
Epoch=175, loss=0.1025
Epoch=176, loss=0.1006
Epoch=177, loss=0.0993
Epoch=178, loss=0.0966
Epoch=179, loss=0.0969
Epoch=180, loss=0.0999
Epoch=181, loss=0.0970
Epoch=182, loss=0.0965
Epoch=183, loss=0.1019
Epoch=184, loss=0.0977
Epoch=185, loss=0.0974
Epoch=186, loss=0.0961
Epoch=187, loss=0.0987
Epoch=188, loss=0.0985
Epoch=189, loss=0.0976
Epoch=190, loss=0.0923
Epoch=191, loss=0.0959
Epoch=192, loss=0.0908
Epoch=193, loss=0.0927
Epoch=194, loss=0.0956
Epoch=195, loss=0.0910
Epoch=196, loss=0.0944
Epoch=197, loss=0.0922
Epoch=198, loss=0.0914
Epoch=199, loss=0.0938
Epoch=200, loss=0.0883
Epoch=201, loss=0.0907
Epoch=202, loss=0.0886
Epoch=203, loss=0.0890
Epoch=204, loss=0.0884
Epoch=205, loss=0.0884
Epoch=206, loss=0.0880
Epoch=207, loss=0.0871
Epoch=208, loss=0.0881
Epoch=209, loss=0.0853
Epoch=210, loss=0.0864
Epoch=211, loss=0.0840
Epoch=212, loss=0.0876
Epoch=213, loss=0.0821
Epoch=214, loss=0.0811
Epoch=215, loss=0.0840
Epoch=216, loss=0.0860
Epoch=217, loss=0.0825
Epoch=218, loss=0.0865
Epoch=219, loss=0.0807
Epoch=220, loss=0.0827
Epoch=221, loss=0.0832
Epoch=222, loss=0.0787
Epoch=223, loss=0.0833
Epoch=224, loss=0.0807
Epoch=225, loss=0.0810
Epoch=226, loss=0.0839
Epoch=227, loss=0.0801
Epoch=228, loss=0.0827
Epoch=229, loss=0.0761
Epoch=230, loss=0.0810
Epoch=231, loss=0.0814
Epoch=232, loss=0.0776
Epoch=233, loss=0.0765
Epoch=234, loss=0.0814
Epoch=235, loss=0.0769
Epoch=236, loss=0.0784
Epoch=237, loss=0.0753
Epoch=238, loss=0.0809
Epoch=239, loss=0.0773
Epoch=240, loss=0.0781
Epoch=241, loss=0.0772
Epoch=242, loss=0.0759
Epoch=243, loss=0.0751
Epoch=244, loss=0.0743
Epoch=245, loss=0.0760
Epoch=246, loss=0.0754
Epoch=247, loss=0.0724
Epoch=248, loss=0.0702
Epoch=249, loss=0.0740
Epoch=250, loss=0.0675
Epoch=251, loss=0.0747
Epoch=252, loss=0.0702
Epoch=253, loss=0.0756
Epoch=254, loss=0.0700
Epoch=255, loss=0.0793
Epoch=256, loss=0.0749
Epoch=257, loss=0.0730
Epoch=258, loss=0.0689
Epoch=259, loss=0.0712
Epoch=260, loss=0.0714
Epoch=261, loss=0.0667
Epoch=262, loss=0.0721
Epoch=263, loss=0.0742
Epoch=264, loss=0.0708
Epoch=265, loss=0.0680
Epoch=266, loss=0.0671
Epoch=267, loss=0.0684
Epoch=268, loss=0.0665
Epoch=269, loss=0.0655
Epoch=270, loss=0.0677
Epoch=271, loss=0.0699
Epoch=272, loss=0.0651
Epoch=273, loss=0.0699
Epoch=274, loss=0.0669
Epoch=275, loss=0.0644
Epoch=276, loss=0.0665
Epoch=277, loss=0.0674
Epoch=278, loss=0.0648
Epoch=279, loss=0.0666
Epoch=280, loss=0.0662
Epoch=281, loss=0.0696
Epoch=282, loss=0.0614
Epoch=283, loss=0.0657
Epoch=284, loss=0.0627
Epoch=285, loss=0.0648
Epoch=286, loss=0.0658
Epoch=287, loss=0.0666
Epoch=288, loss=0.0650
Epoch=289, loss=0.0631
Epoch=290, loss=0.0605
Epoch=291, loss=0.0668
Epoch=292, loss=0.0595
Epoch=293, loss=0.0609
Epoch=294, loss=0.0582
Epoch=295, loss=0.0617
Epoch=296, loss=0.0589
Epoch=297, loss=0.0656
Epoch=298, loss=0.0608
Epoch=299, loss=0.0626
Epoch=300, loss=0.0534
Epoch=301, loss=0.0636
Epoch=302, loss=0.0601
Epoch=303, loss=0.0675
Epoch=304, loss=0.0614
Epoch=305, loss=0.0622
Epoch=306, loss=0.0589
Epoch=307, loss=0.0607
Epoch=308, loss=0.0631
Epoch=309, loss=0.0637
Epoch=310, loss=0.0555
Epoch=311, loss=0.0616
Epoch=312, loss=0.0600
Epoch=313, loss=0.0594
Epoch=314, loss=0.0562
Epoch=315, loss=0.0615
Epoch=316, loss=0.0650
Epoch=317, loss=0.0544
Epoch=318, loss=0.0613
Epoch=319, loss=0.0596
Epoch=320, loss=0.0561
Early stopping!
Loading 300th epoch
Early stopping!
Start to test process.
done with the edge prediction
done with the node prediction
done with the second node prediction
(E) | label_classification: F1Mi=0.7968+-0.0220, F1Ma=0.7782+-0.0284, acc=0.7968+-0.0220
[['MVGRL', 'heat', 16, 15, 2, 'normalize', 0.1, 0.2, 0.4, 0.001, 0.5, 0.2, 0.5, 0.0001, 512, 512, 0.8990229143431803, 0.8959995093223734, 0.9085835472709007, 0.8976686882162594, 0.6714285612106323, 0.5640000104904175, 0.5628626942634583, 0.6714285612106323, 0.5619999766349792, 0.5585106611251831, 0.562223085891955, 0.014455741650737937, 0.5213607012768512, 0.019634499841451075, 0.562223085891955, 0.014455741650737937], ['MVGRL', 'heat', 32, 15, 2, 'normalize', 0.1, 0.2, 0.4, 0.001, 0.5, 0.2, 0.5, 0.0001, 512, 512, 0.9341408491568723, 0.9279129286365172, 0.9290243366735198, 0.9162962820138245, 0.8500000238418579, 0.7879999876022339, 0.7736943960189819, 0.8428571224212646, 0.7900000214576721, 0.7756286263465881, 0.792537893509522, 0.00910937815062165, 0.7656445668608957, 0.013327724524945107, 0.792537893509522, 0.009109378150621647], ['MVGRL', 'heat', 64, 15, 2, 'normalize', 0.1, 0.2, 0.4, 0.001, 0.5, 0.2, 0.5, 0.0001, 512, 512, 0.9834311084261933, 0.981475795784727, 0.9715478037943464, 0.9671603328389836, 0.8857142925262451, 0.7799999713897705, 0.7722437381744385, 0.8142856955528259, 0.777999997138977, 0.759671151638031, 0.7726389428682472, 0.017840749385706692, 0.7449288170522081, 0.025355749897870074, 0.7726389428682472, 0.017840749385706692], ['MVGRL', 'heat', 128, 15, 2, 'normalize', 0.1, 0.2, 0.4, 0.001, 0.5, 0.2, 0.5, 0.0001, 512, 512, 0.982847406909612, 0.9805886242072406, 0.9729592516445887, 0.9661286161881224, 1.0, 0.7799999713897705, 0.7732108235359192, 0.9928571581840515, 0.7760000228881836, 0.7780464291572571, 0.7968130586863584, 0.022013455680340882, 0.7781745050413436, 0.028359276113615266, 0.7968130586863582, 0.02201345568034089]]
Epoch=000, loss=0.6936
Epoch=001, loss=0.6895
Epoch=002, loss=0.6737
Epoch=003, loss=0.6716
Epoch=004, loss=0.6597
Epoch=005, loss=0.6525
Epoch=006, loss=0.6443
Epoch=007, loss=0.6330
Epoch=008, loss=0.6231
Epoch=009, loss=0.6095
Epoch=010, loss=0.5963
Epoch=011, loss=0.5874
Epoch=012, loss=0.5724
Epoch=013, loss=0.5578
Epoch=014, loss=0.5460
Epoch=015, loss=0.5416
Epoch=016, loss=0.5194
Epoch=017, loss=0.5130
Epoch=018, loss=0.4969
Epoch=019, loss=0.4843
Epoch=020, loss=0.4781
Epoch=021, loss=0.4569
Epoch=022, loss=0.4546
Epoch=023, loss=0.4414
Epoch=024, loss=0.4293
Epoch=025, loss=0.4294
Epoch=026, loss=0.4089
Epoch=027, loss=0.4017
Epoch=028, loss=0.3972
Epoch=029, loss=0.3834
Epoch=030, loss=0.3733
Epoch=031, loss=0.3692
Epoch=032, loss=0.3599
Epoch=033, loss=0.3519
Epoch=034, loss=0.3414
Epoch=035, loss=0.3338
Epoch=036, loss=0.3277
Epoch=037, loss=0.3228
Epoch=038, loss=0.3119
Epoch=039, loss=0.3080
Epoch=040, loss=0.3050
Epoch=041, loss=0.2954
Epoch=042, loss=0.2933
Epoch=043, loss=0.2828
Epoch=044, loss=0.2774
Epoch=045, loss=0.2730
Epoch=046, loss=0.2669
Epoch=047, loss=0.2583
Epoch=048, loss=0.2529
Epoch=049, loss=0.2492
Epoch=050, loss=0.2423
Epoch=051, loss=0.2417
Epoch=052, loss=0.2336
Epoch=053, loss=0.2320
Epoch=054, loss=0.2233
Epoch=055, loss=0.2208
Epoch=056, loss=0.2132
Epoch=057, loss=0.2141
Epoch=058, loss=0.2076
Epoch=059, loss=0.2020
Epoch=060, loss=0.2012
Epoch=061, loss=0.1989
Epoch=062, loss=0.1987
Epoch=063, loss=0.1912
Epoch=064, loss=0.1887
Epoch=065, loss=0.1814
Epoch=066, loss=0.1888
Epoch=067, loss=0.1826
Epoch=068, loss=0.1707
Epoch=069, loss=0.1711
Epoch=070, loss=0.1680
Epoch=071, loss=0.1646
Epoch=072, loss=0.1659
Epoch=073, loss=0.1626
Epoch=074, loss=0.1535
Epoch=075, loss=0.1529
Epoch=076, loss=0.1545
Epoch=077, loss=0.1496
Epoch=078, loss=0.1483
Epoch=079, loss=0.1479
Epoch=080, loss=0.1442
Epoch=081, loss=0.1393
Epoch=082, loss=0.1400
Epoch=083, loss=0.1393
Epoch=084, loss=0.1354
Epoch=085, loss=0.1361
Epoch=086, loss=0.1344
Epoch=087, loss=0.1276
Epoch=088, loss=0.1316
Epoch=089, loss=0.1285
Epoch=090, loss=0.1283
Epoch=091, loss=0.1228
Epoch=092, loss=0.1264
Epoch=093, loss=0.1215
Epoch=094, loss=0.1215
Epoch=095, loss=0.1202
Epoch=096, loss=0.1160
Epoch=097, loss=0.1186
Epoch=098, loss=0.1125
Epoch=099, loss=0.1144
Epoch=100, loss=0.1121
Epoch=101, loss=0.1101
Epoch=102, loss=0.1067
Epoch=103, loss=0.1070
Epoch=104, loss=0.1065
Epoch=105, loss=0.1029
Epoch=106, loss=0.1049
Epoch=107, loss=0.1016
Epoch=108, loss=0.0976
Epoch=109, loss=0.1044
Epoch=110, loss=0.1000
Epoch=111, loss=0.0972
Epoch=112, loss=0.1018
Epoch=113, loss=0.0987
Epoch=114, loss=0.1002
Epoch=115, loss=0.0985
Epoch=116, loss=0.0961
Epoch=117, loss=0.0964
Epoch=118, loss=0.0952
Epoch=119, loss=0.0941
Epoch=120, loss=0.0915
Epoch=121, loss=0.0976
Epoch=122, loss=0.0894
Epoch=123, loss=0.0864
Epoch=124, loss=0.0900
Epoch=125, loss=0.0857
Epoch=126, loss=0.0913
Epoch=127, loss=0.0918
Epoch=128, loss=0.0842
Epoch=129, loss=0.0863
Epoch=130, loss=0.0833
Epoch=131, loss=0.0828
Epoch=132, loss=0.0832
Epoch=133, loss=0.0805
Epoch=134, loss=0.0787
Epoch=135, loss=0.0851
Epoch=136, loss=0.0835
Epoch=137, loss=0.0866
Epoch=138, loss=0.0803
Epoch=139, loss=0.0808
Epoch=140, loss=0.0800
Epoch=141, loss=0.0801
Epoch=142, loss=0.0804
Epoch=143, loss=0.0763
Epoch=144, loss=0.0765
Epoch=145, loss=0.0797
Epoch=146, loss=0.0762
Epoch=147, loss=0.0780
Epoch=148, loss=0.0738
Epoch=149, loss=0.0761
Epoch=150, loss=0.0773
Epoch=151, loss=0.0759
Epoch=152, loss=0.0716
Epoch=153, loss=0.0746
Epoch=154, loss=0.0704
Epoch=155, loss=0.0722
Epoch=156, loss=0.0751
Epoch=157, loss=0.0702
Epoch=158, loss=0.0700
Epoch=159, loss=0.0659
Epoch=160, loss=0.0693
Epoch=161, loss=0.0687
Epoch=162, loss=0.0661
Epoch=163, loss=0.0652
Epoch=164, loss=0.0647
Epoch=165, loss=0.0676
Epoch=166, loss=0.0647
Epoch=167, loss=0.0649
Epoch=168, loss=0.0680
Epoch=169, loss=0.0665
Epoch=170, loss=0.0667
Epoch=171, loss=0.0644
Epoch=172, loss=0.0619
Epoch=173, loss=0.0644
Epoch=174, loss=0.0681
Epoch=175, loss=0.0624
Epoch=176, loss=0.0617
Epoch=177, loss=0.0626
Epoch=178, loss=0.0605
Epoch=179, loss=0.0607
Epoch=180, loss=0.0581
Epoch=181, loss=0.0581
Epoch=182, loss=0.0605
Epoch=183, loss=0.0609
Epoch=184, loss=0.0573
Epoch=185, loss=0.0594
Epoch=186, loss=0.0570
Epoch=187, loss=0.0588
Epoch=188, loss=0.0590
Epoch=189, loss=0.0533
Epoch=190, loss=0.0562
Epoch=191, loss=0.0530
Epoch=192, loss=0.0556
Epoch=193, loss=0.0597
Epoch=194, loss=0.0554
Epoch=195, loss=0.0561
Epoch=196, loss=0.0558
Epoch=197, loss=0.0514
Epoch=198, loss=0.0522
Epoch=199, loss=0.0577
Epoch=200, loss=0.0548
Epoch=201, loss=0.0558
Epoch=202, loss=0.0538
Epoch=203, loss=0.0512
Epoch=204, loss=0.0578
Epoch=205, loss=0.0537
Epoch=206, loss=0.0504
Epoch=207, loss=0.0523
Epoch=208, loss=0.0511
Epoch=209, loss=0.0503
Epoch=210, loss=0.0539
Epoch=211, loss=0.0526
Epoch=212, loss=0.0500
Epoch=213, loss=0.0527
Epoch=214, loss=0.0529
Epoch=215, loss=0.0494
Epoch=216, loss=0.0487
Epoch=217, loss=0.0509
Epoch=218, loss=0.0471
Epoch=219, loss=0.0509
Epoch=220, loss=0.0542
Epoch=221, loss=0.0477
Epoch=222, loss=0.0483
Epoch=223, loss=0.0514
Epoch=224, loss=0.0479
Epoch=225, loss=0.0466
Epoch=226, loss=0.0480
Epoch=227, loss=0.0458
Epoch=228, loss=0.0464
Epoch=229, loss=0.0479
Epoch=230, loss=0.0475
Epoch=231, loss=0.0457
Epoch=232, loss=0.0419
Epoch=233, loss=0.0457
Epoch=234, loss=0.0480
Epoch=235, loss=0.0430
Epoch=236, loss=0.0415
Epoch=237, loss=0.0472
Epoch=238, loss=0.0497
Epoch=239, loss=0.0464
Epoch=240, loss=0.0461
Epoch=241, loss=0.0435
Epoch=242, loss=0.0457
Epoch=243, loss=0.0472
Epoch=244, loss=0.0428
Epoch=245, loss=0.0478
Epoch=246, loss=0.0465
Epoch=247, loss=0.0495
Epoch=248, loss=0.0469
Epoch=249, loss=0.0417
Epoch=250, loss=0.0484
Epoch=251, loss=0.0415
Epoch=252, loss=0.0463
Epoch=253, loss=0.0404
Epoch=254, loss=0.0435
Epoch=255, loss=0.0457
Epoch=256, loss=0.0422
Epoch=257, loss=0.0448
Epoch=258, loss=0.0423
Epoch=259, loss=0.0444
Epoch=260, loss=0.0445
Epoch=261, loss=0.0414
Epoch=262, loss=0.0437
Epoch=263, loss=0.0416
Epoch=264, loss=0.0415
Epoch=265, loss=0.0444
Epoch=266, loss=0.0419
Epoch=267, loss=0.0396
Epoch=268, loss=0.0391
Epoch=269, loss=0.0412
Epoch=270, loss=0.0404
Epoch=271, loss=0.0404
Epoch=272, loss=0.0393
Epoch=273, loss=0.0404
Epoch=274, loss=0.0392
Epoch=275, loss=0.0409
Epoch=276, loss=0.0365
Epoch=277, loss=0.0376
Epoch=278, loss=0.0417
Epoch=279, loss=0.0382
Epoch=280, loss=0.0369
Epoch=281, loss=0.0386
Epoch=282, loss=0.0381
Epoch=283, loss=0.0387
Epoch=284, loss=0.0399
Epoch=285, loss=0.0351
Epoch=286, loss=0.0390
Epoch=287, loss=0.0368
Epoch=288, loss=0.0390
Epoch=289, loss=0.0337
Epoch=290, loss=0.0381
Epoch=291, loss=0.0394
Epoch=292, loss=0.0397
Epoch=293, loss=0.0362
Epoch=294, loss=0.0384
Epoch=295, loss=0.0338
Epoch=296, loss=0.0370
Epoch=297, loss=0.0341
Epoch=298, loss=0.0344
Epoch=299, loss=0.0333
Epoch=300, loss=0.0347
Epoch=301, loss=0.0348
Epoch=302, loss=0.0372
Epoch=303, loss=0.0311
Epoch=304, loss=0.0319
Epoch=305, loss=0.0345
Epoch=306, loss=0.0327
Epoch=307, loss=0.0323
Epoch=308, loss=0.0337
Epoch=309, loss=0.0339
Epoch=310, loss=0.0337
Epoch=311, loss=0.0366
Epoch=312, loss=0.0352
Epoch=313, loss=0.0351
Epoch=314, loss=0.0309
Epoch=315, loss=0.0354
Epoch=316, loss=0.0360
Epoch=317, loss=0.0334
Epoch=318, loss=0.0347
Epoch=319, loss=0.0285
Epoch=320, loss=0.0331
Epoch=321, loss=0.0333
Epoch=322, loss=0.0322
Epoch=323, loss=0.0329
Epoch=324, loss=0.0338
Epoch=325, loss=0.0377
Epoch=326, loss=0.0342
Epoch=327, loss=0.0332
Epoch=328, loss=0.0309
Epoch=329, loss=0.0329
Epoch=330, loss=0.0310
Epoch=331, loss=0.0310
Epoch=332, loss=0.0310
Epoch=333, loss=0.0303
Epoch=334, loss=0.0259
Epoch=335, loss=0.0292
Epoch=336, loss=0.0294
Epoch=337, loss=0.0331
Epoch=338, loss=0.0276
Epoch=339, loss=0.0317
Epoch=340, loss=0.0322
Epoch=341, loss=0.0296
Epoch=342, loss=0.0316
Epoch=343, loss=0.0313
Epoch=344, loss=0.0286
Epoch=345, loss=0.0291
Epoch=346, loss=0.0299
Epoch=347, loss=0.0346
Epoch=348, loss=0.0289
Epoch=349, loss=0.0262
Epoch=350, loss=0.0307
Epoch=351, loss=0.0328
Epoch=352, loss=0.0309
Epoch=353, loss=0.0309
Epoch=354, loss=0.0322
Early stopping!
Loading 334th epoch
Early stopping!
Start to test process.
done with the edge prediction
done with the node prediction
done with the second node prediction
(E) | label_classification: F1Mi=0.8021+-0.0111, F1Ma=0.7839+-0.0149, acc=0.8021+-0.0111
[['MVGRL', 'heat', 16, 15, 2, 'normalize', 0.1, 0.2, 0.4, 0.001, 0.5, 0.2, 0.5, 0.0001, 512, 512, 0.8990229143431803, 0.8959995093223734, 0.9085835472709007, 0.8976686882162594, 0.6714285612106323, 0.5640000104904175, 0.5628626942634583, 0.6714285612106323, 0.5619999766349792, 0.5585106611251831, 0.562223085891955, 0.014455741650737937, 0.5213607012768512, 0.019634499841451075, 0.562223085891955, 0.014455741650737937], ['MVGRL', 'heat', 32, 15, 2, 'normalize', 0.1, 0.2, 0.4, 0.001, 0.5, 0.2, 0.5, 0.0001, 512, 512, 0.9341408491568723, 0.9279129286365172, 0.9290243366735198, 0.9162962820138245, 0.8500000238418579, 0.7879999876022339, 0.7736943960189819, 0.8428571224212646, 0.7900000214576721, 0.7756286263465881, 0.792537893509522, 0.00910937815062165, 0.7656445668608957, 0.013327724524945107, 0.792537893509522, 0.009109378150621647], ['MVGRL', 'heat', 64, 15, 2, 'normalize', 0.1, 0.2, 0.4, 0.001, 0.5, 0.2, 0.5, 0.0001, 512, 512, 0.9834311084261933, 0.981475795784727, 0.9715478037943464, 0.9671603328389836, 0.8857142925262451, 0.7799999713897705, 0.7722437381744385, 0.8142856955528259, 0.777999997138977, 0.759671151638031, 0.7726389428682472, 0.017840749385706692, 0.7449288170522081, 0.025355749897870074, 0.7726389428682472, 0.017840749385706692], ['MVGRL', 'heat', 128, 15, 2, 'normalize', 0.1, 0.2, 0.4, 0.001, 0.5, 0.2, 0.5, 0.0001, 512, 512, 0.982847406909612, 0.9805886242072406, 0.9729592516445887, 0.9661286161881224, 1.0, 0.7799999713897705, 0.7732108235359192, 0.9928571581840515, 0.7760000228881836, 0.7780464291572571, 0.7968130586863584, 0.022013455680340882, 0.7781745050413436, 0.028359276113615266, 0.7968130586863582, 0.02201345568034089], ['MVGRL', 'heat', 256, 15, 2, 'normalize', 0.1, 0.2, 0.4, 0.001, 0.5, 0.2, 0.5, 0.0001, 512, 512, 0.9945199974739531, 0.9938979144031875, 0.9773412211184285, 0.9708481341701312, 1.0, 0.7979999780654907, 0.7915861010551453, 1.0, 0.7979999780654907, 0.7930367588996887, 0.8020987174504469, 0.011146640820983038, 0.7838814219554676, 0.014898670675673081, 0.8020987174504469, 0.011146640820983038]]
Epoch=000, loss=0.6923
Epoch=001, loss=0.7786
Epoch=002, loss=0.6666
Epoch=003, loss=0.7119
Epoch=004, loss=0.6683
Epoch=005, loss=0.6449
Epoch=006, loss=0.6600
Epoch=007, loss=0.6445
Epoch=008, loss=0.6227
Epoch=009, loss=0.6109
Epoch=010, loss=0.6118
Epoch=011, loss=0.5933
Epoch=012, loss=0.5752
Epoch=013, loss=0.5679
Epoch=014, loss=0.5596
Epoch=015, loss=0.5336
Epoch=016, loss=0.5242
Epoch=017, loss=0.5195
Epoch=018, loss=0.4966
Epoch=019, loss=0.4768
Epoch=020, loss=0.4687
Epoch=021, loss=0.4560
Epoch=022, loss=0.4396
Epoch=023, loss=0.4334
Epoch=024, loss=0.4161
Epoch=025, loss=0.4052
Epoch=026, loss=0.4011
Epoch=027, loss=0.3840
Epoch=028, loss=0.3700
Epoch=029, loss=0.3636
Epoch=030, loss=0.3535
Epoch=031, loss=0.3392
Epoch=032, loss=0.3317
Epoch=033, loss=0.3235
Epoch=034, loss=0.3078
Epoch=035, loss=0.2974
Epoch=036, loss=0.2924
Epoch=037, loss=0.2842
Epoch=038, loss=0.2747
Epoch=039, loss=0.2658
Epoch=040, loss=0.2593
Epoch=041, loss=0.2558
Epoch=042, loss=0.2499
Epoch=043, loss=0.2429
Epoch=044, loss=0.2330
Epoch=045, loss=0.2231
Epoch=046, loss=0.2236
Epoch=047, loss=0.2123
Epoch=048, loss=0.2102
Epoch=049, loss=0.2070
Epoch=050, loss=0.1960
Epoch=051, loss=0.1970
Epoch=052, loss=0.1874
Epoch=053, loss=0.1814
Epoch=054, loss=0.1827
Epoch=055, loss=0.1784
Epoch=056, loss=0.1709
Epoch=057, loss=0.1686
Epoch=058, loss=0.1698
Epoch=059, loss=0.1627
Epoch=060, loss=0.1619
Epoch=061, loss=0.1551
Epoch=062, loss=0.1481
Epoch=063, loss=0.1507
Epoch=064, loss=0.1444
Epoch=065, loss=0.1443
Epoch=066, loss=0.1391
Epoch=067, loss=0.1405
Epoch=068, loss=0.1378
Epoch=069, loss=0.1311
Epoch=070, loss=0.1314
Epoch=071, loss=0.1268
Epoch=072, loss=0.1223
Epoch=073, loss=0.1224
Epoch=074, loss=0.1231
Epoch=075, loss=0.1218
Epoch=076, loss=0.1150
Epoch=077, loss=0.1160
Epoch=078, loss=0.1152
Epoch=079, loss=0.1134
Epoch=080, loss=0.1080
Epoch=081, loss=0.1096
Epoch=082, loss=0.1096
Epoch=083, loss=0.1016
Epoch=084, loss=0.1045
Epoch=085, loss=0.1086
Epoch=086, loss=0.1068
Epoch=087, loss=0.1024
Epoch=088, loss=0.1042
Epoch=089, loss=0.1044
Epoch=090, loss=0.0953
Epoch=091, loss=0.1010
Epoch=092, loss=0.0941
Epoch=093, loss=0.0936
Epoch=094, loss=0.0961
Epoch=095, loss=0.0923
Epoch=096, loss=0.0917
Epoch=097, loss=0.0908
Epoch=098, loss=0.0934
Epoch=099, loss=0.0874
Epoch=100, loss=0.0861
Epoch=101, loss=0.0839
Epoch=102, loss=0.0925
Epoch=103, loss=0.0845
Epoch=104, loss=0.0837
Epoch=105, loss=0.0849
Epoch=106, loss=0.0895
Epoch=107, loss=0.0849
Epoch=108, loss=0.0846
Epoch=109, loss=0.0794
Epoch=110, loss=0.0799
Epoch=111, loss=0.0823
Epoch=112, loss=0.0858
Epoch=113, loss=0.0778
Epoch=114, loss=0.0716
Epoch=115, loss=0.0741
Epoch=116, loss=0.0810
Epoch=117, loss=0.0772
Epoch=118, loss=0.0763
Epoch=119, loss=0.0719
Epoch=120, loss=0.0757
Epoch=121, loss=0.0775
Epoch=122, loss=0.0711
Epoch=123, loss=0.0771
Epoch=124, loss=0.0743
Epoch=125, loss=0.0735
Epoch=126, loss=0.0704
Epoch=127, loss=0.0658
Epoch=128, loss=0.0671
Epoch=129, loss=0.0703
Epoch=130, loss=0.0676
Epoch=131, loss=0.0761
Epoch=132, loss=0.0670
Epoch=133, loss=0.0696
Epoch=134, loss=0.0683
Epoch=135, loss=0.0667
Epoch=136, loss=0.0641
Epoch=137, loss=0.0681
Epoch=138, loss=0.0632
Epoch=139, loss=0.0633
Epoch=140, loss=0.0667
Epoch=141, loss=0.0668
Epoch=142, loss=0.0675
Epoch=143, loss=0.0670
Epoch=144, loss=0.0642
Epoch=145, loss=0.0589
Epoch=146, loss=0.0651
Epoch=147, loss=0.0587
Epoch=148, loss=0.0621
Epoch=149, loss=0.0614
Epoch=150, loss=0.0620
Epoch=151, loss=0.0646
Epoch=152, loss=0.0611
Epoch=153, loss=0.0590
Epoch=154, loss=0.0575
Epoch=155, loss=0.0579
Epoch=156, loss=0.0607
Epoch=157, loss=0.0561
Epoch=158, loss=0.0544
Epoch=159, loss=0.0568
Epoch=160, loss=0.0583
Epoch=161, loss=0.0568
Epoch=162, loss=0.0565
Epoch=163, loss=0.0603
Epoch=164, loss=0.0573
Epoch=165, loss=0.0577
Epoch=166, loss=0.0548
Epoch=167, loss=0.0531
Epoch=168, loss=0.0597
Epoch=169, loss=0.0597
Epoch=170, loss=0.0522
Epoch=171, loss=0.0516
Epoch=172, loss=0.0523
Epoch=173, loss=0.0601
Epoch=174, loss=0.0582
Epoch=175, loss=0.0512
Epoch=176, loss=0.0549
Epoch=177, loss=0.0486
Epoch=178, loss=0.0490
Epoch=179, loss=0.0499
Epoch=180, loss=0.0561
Epoch=181, loss=0.0550
Epoch=182, loss=0.0523
Epoch=183, loss=0.0562
Epoch=184, loss=0.0551
Epoch=185, loss=0.0525
Epoch=186, loss=0.0521
Epoch=187, loss=0.0527
Epoch=188, loss=0.0515
Epoch=189, loss=0.0541
Epoch=190, loss=0.0485
Epoch=191, loss=0.0490
Epoch=192, loss=0.0486
Epoch=193, loss=0.0458
Epoch=194, loss=0.0448
Epoch=195, loss=0.0488
Epoch=196, loss=0.0487
Epoch=197, loss=0.0540
Epoch=198, loss=0.0518
Epoch=199, loss=0.0471
Epoch=200, loss=0.0454
Epoch=201, loss=0.0450
Epoch=202, loss=0.0462
Epoch=203, loss=0.0440
Epoch=204, loss=0.0436
Epoch=205, loss=0.0460
Epoch=206, loss=0.0487
Epoch=207, loss=0.0469
Epoch=208, loss=0.0469
Epoch=209, loss=0.0426
Epoch=210, loss=0.0438
Epoch=211, loss=0.0452
Epoch=212, loss=0.0407
Epoch=213, loss=0.0423
Epoch=214, loss=0.0422
Epoch=215, loss=0.0462
Epoch=216, loss=0.0425
Epoch=217, loss=0.0483
Epoch=218, loss=0.0470
Epoch=219, loss=0.0402
Epoch=220, loss=0.0439
Epoch=221, loss=0.0446
Epoch=222, loss=0.0440
Epoch=223, loss=0.0437
Epoch=224, loss=0.0429
Epoch=225, loss=0.0394
Epoch=226, loss=0.0472
Epoch=227, loss=0.0408
Epoch=228, loss=0.0387
Epoch=229, loss=0.0374
Epoch=230, loss=0.0425
Epoch=231, loss=0.0403
Epoch=232, loss=0.0377
Epoch=233, loss=0.0424
Epoch=234, loss=0.0440
Epoch=235, loss=0.0435
Epoch=236, loss=0.0428
Epoch=237, loss=0.0354
Epoch=238, loss=0.0444
Epoch=239, loss=0.0379
Epoch=240, loss=0.0452
Epoch=241, loss=0.0379
Epoch=242, loss=0.0405
Epoch=243, loss=0.0439
Epoch=244, loss=0.0420
Epoch=245, loss=0.0405
Epoch=246, loss=0.0437
Epoch=247, loss=0.0375
Epoch=248, loss=0.0398
Epoch=249, loss=0.0423
Epoch=250, loss=0.0414
Epoch=251, loss=0.0387
Epoch=252, loss=0.0382
Epoch=253, loss=0.0371
Epoch=254, loss=0.0398
Epoch=255, loss=0.0367
Epoch=256, loss=0.0408
Epoch=257, loss=0.0385
Early stopping!
Loading 237th epoch
Early stopping!
Start to test process.
done with the edge prediction
done with the node prediction
done with the second node prediction
(E) | label_classification: F1Mi=0.8092+-0.0074, F1Ma=0.7907+-0.0091, acc=0.8092+-0.0074
[['MVGRL', 'heat', 16, 15, 2, 'normalize', 0.1, 0.2, 0.4, 0.001, 0.5, 0.2, 0.5, 0.0001, 512, 512, 0.8990229143431803, 0.8959995093223734, 0.9085835472709007, 0.8976686882162594, 0.6714285612106323, 0.5640000104904175, 0.5628626942634583, 0.6714285612106323, 0.5619999766349792, 0.5585106611251831, 0.562223085891955, 0.014455741650737937, 0.5213607012768512, 0.019634499841451075, 0.562223085891955, 0.014455741650737937], ['MVGRL', 'heat', 32, 15, 2, 'normalize', 0.1, 0.2, 0.4, 0.001, 0.5, 0.2, 0.5, 0.0001, 512, 512, 0.9341408491568723, 0.9279129286365172, 0.9290243366735198, 0.9162962820138245, 0.8500000238418579, 0.7879999876022339, 0.7736943960189819, 0.8428571224212646, 0.7900000214576721, 0.7756286263465881, 0.792537893509522, 0.00910937815062165, 0.7656445668608957, 0.013327724524945107, 0.792537893509522, 0.009109378150621647], ['MVGRL', 'heat', 64, 15, 2, 'normalize', 0.1, 0.2, 0.4, 0.001, 0.5, 0.2, 0.5, 0.0001, 512, 512, 0.9834311084261933, 0.981475795784727, 0.9715478037943464, 0.9671603328389836, 0.8857142925262451, 0.7799999713897705, 0.7722437381744385, 0.8142856955528259, 0.777999997138977, 0.759671151638031, 0.7726389428682472, 0.017840749385706692, 0.7449288170522081, 0.025355749897870074, 0.7726389428682472, 0.017840749385706692], ['MVGRL', 'heat', 128, 15, 2, 'normalize', 0.1, 0.2, 0.4, 0.001, 0.5, 0.2, 0.5, 0.0001, 512, 512, 0.982847406909612, 0.9805886242072406, 0.9729592516445887, 0.9661286161881224, 1.0, 0.7799999713897705, 0.7732108235359192, 0.9928571581840515, 0.7760000228881836, 0.7780464291572571, 0.7968130586863584, 0.022013455680340882, 0.7781745050413436, 0.028359276113615266, 0.7968130586863582, 0.02201345568034089], ['MVGRL', 'heat', 256, 15, 2, 'normalize', 0.1, 0.2, 0.4, 0.001, 0.5, 0.2, 0.5, 0.0001, 512, 512, 0.9945199974739531, 0.9938979144031875, 0.9773412211184285, 0.9708481341701312, 1.0, 0.7979999780654907, 0.7915861010551453, 1.0, 0.7979999780654907, 0.7930367588996887, 0.8020987174504469, 0.011146640820983038, 0.7838814219554676, 0.014898670675673081, 0.8020987174504469, 0.011146640820983038], ['MVGRL', 'heat', 512, 15, 2, 'normalize', 0.1, 0.2, 0.4, 0.001, 0.5, 0.2, 0.5, 0.0001, 512, 512, 0.9979293167599238, 0.997718804611633, 0.9782503807668625, 0.9714789589814832, 0.9857142567634583, 0.777999997138977, 0.7722437381744385, 0.9857142567634583, 0.777999997138977, 0.7717601656913757, 0.8091721725612127, 0.007361840959223692, 0.7907035352988256, 0.009123516397565453, 0.8091721725612127, 0.007361840959223692]]
