My SLURM_ARRAY_TASK_ID:  16
My SLURM_ARRAY_JOB_ID:  4522329
MVGRL
Cora
result file is 4522329_16
Dataset: Cora():
======================
Number of graphs: 1
Number of features: 1433
Number of classes: 7
Data(x=[2708, 1433], edge_index=[2, 10556], y=[2708], train_mask=[2708], val_mask=[2708], test_mask=[2708])
==============================================================
Number of nodes: 2708
Number of edges: 10556
Average node degree: 3.90
Number of training nodes: 140
Training node label rate: 0.05
Contains isolated nodes: False
Contains self-loops: False
Is undirected: True
Epoch=000, loss=0.6960
Epoch=001, loss=0.6952
Epoch=002, loss=0.6945
Epoch=003, loss=0.6940
Epoch=004, loss=0.6935
Epoch=005, loss=0.6932
Epoch=006, loss=0.6928
Epoch=007, loss=0.6925
Epoch=008, loss=0.6917
Epoch=009, loss=0.6914
Epoch=010, loss=0.6910
Epoch=011, loss=0.6904
Epoch=012, loss=0.6897
Epoch=013, loss=0.6891
Epoch=014, loss=0.6887
Epoch=015, loss=0.6878
Epoch=016, loss=0.6876
Epoch=017, loss=0.6869
Epoch=018, loss=0.6863
Epoch=019, loss=0.6848
Epoch=020, loss=0.6848
Epoch=021, loss=0.6839
Epoch=022, loss=0.6827
Epoch=023, loss=0.6822
Epoch=024, loss=0.6810
Epoch=025, loss=0.6799
Epoch=026, loss=0.6797
Epoch=027, loss=0.6782
Epoch=028, loss=0.6771
Epoch=029, loss=0.6760
Epoch=030, loss=0.6751
Epoch=031, loss=0.6741
Epoch=032, loss=0.6732
Epoch=033, loss=0.6723
Epoch=034, loss=0.6723
Epoch=035, loss=0.6694
Epoch=036, loss=0.6700
Epoch=037, loss=0.6676
Epoch=038, loss=0.6665
Epoch=039, loss=0.6651
Epoch=040, loss=0.6644
Epoch=041, loss=0.6626
Epoch=042, loss=0.6614
Epoch=043, loss=0.6586
Epoch=044, loss=0.6583
Epoch=045, loss=0.6573
Epoch=046, loss=0.6550
Epoch=047, loss=0.6536
Epoch=048, loss=0.6525
Epoch=049, loss=0.6512
Epoch=050, loss=0.6482
Epoch=051, loss=0.6496
Epoch=052, loss=0.6474
Epoch=053, loss=0.6454
Epoch=054, loss=0.6429
Epoch=055, loss=0.6422
Epoch=056, loss=0.6399
Epoch=057, loss=0.6404
Epoch=058, loss=0.6360
Epoch=059, loss=0.6348
Epoch=060, loss=0.6335
Epoch=061, loss=0.6323
Epoch=062, loss=0.6288
Epoch=063, loss=0.6271
Epoch=064, loss=0.6274
Epoch=065, loss=0.6222
Epoch=066, loss=0.6261
Epoch=067, loss=0.6214
Epoch=068, loss=0.6186
Epoch=069, loss=0.6148
Epoch=070, loss=0.6130
Epoch=071, loss=0.6125
Epoch=072, loss=0.6117
Epoch=073, loss=0.6077
Epoch=074, loss=0.6053
Epoch=075, loss=0.6071
Epoch=076, loss=0.6038
Epoch=077, loss=0.6040
Epoch=078, loss=0.6020
Epoch=079, loss=0.5982
Epoch=080, loss=0.5955
Epoch=081, loss=0.5943
Epoch=082, loss=0.5938
Epoch=083, loss=0.5903
Epoch=084, loss=0.5881
Epoch=085, loss=0.5846
Epoch=086, loss=0.5836
Epoch=087, loss=0.5822
Epoch=088, loss=0.5817
Epoch=089, loss=0.5807
Epoch=090, loss=0.5793
Epoch=091, loss=0.5771
Epoch=092, loss=0.5742
Epoch=093, loss=0.5681
Epoch=094, loss=0.5681
Epoch=095, loss=0.5688
Epoch=096, loss=0.5669
Epoch=097, loss=0.5664
Epoch=098, loss=0.5619
Epoch=099, loss=0.5607
Epoch=100, loss=0.5591
Epoch=101, loss=0.5588
Epoch=102, loss=0.5574
Epoch=103, loss=0.5495
Epoch=104, loss=0.5527
Epoch=105, loss=0.5496
Epoch=106, loss=0.5499
Epoch=107, loss=0.5459
Epoch=108, loss=0.5426
Epoch=109, loss=0.5445
Epoch=110, loss=0.5373
Epoch=111, loss=0.5368
Epoch=112, loss=0.5347
Epoch=113, loss=0.5354
Epoch=114, loss=0.5327
Epoch=115, loss=0.5327
Epoch=116, loss=0.5324
Epoch=117, loss=0.5289
Epoch=118, loss=0.5261
Epoch=119, loss=0.5245
Epoch=120, loss=0.5237
Epoch=121, loss=0.5237
Epoch=122, loss=0.5241
Epoch=123, loss=0.5178
Epoch=124, loss=0.5156
Epoch=125, loss=0.5147
Epoch=126, loss=0.5158
Epoch=127, loss=0.5106
Epoch=128, loss=0.5081
Epoch=129, loss=0.5080
Epoch=130, loss=0.5082
Epoch=131, loss=0.5036
Epoch=132, loss=0.5028
Epoch=133, loss=0.5024
Epoch=134, loss=0.4967
Epoch=135, loss=0.5013
Epoch=136, loss=0.4975
Epoch=137, loss=0.4936
Epoch=138, loss=0.4948
Epoch=139, loss=0.4945
Epoch=140, loss=0.4872
Epoch=141, loss=0.4911
Epoch=142, loss=0.4857
Epoch=143, loss=0.4829
Epoch=144, loss=0.4822
Epoch=145, loss=0.4855
Epoch=146, loss=0.4800
Epoch=147, loss=0.4747
Epoch=148, loss=0.4838
Epoch=149, loss=0.4783
Epoch=150, loss=0.4739
Epoch=151, loss=0.4703
Epoch=152, loss=0.4716
Epoch=153, loss=0.4691
Epoch=154, loss=0.4681
Epoch=155, loss=0.4626
Epoch=156, loss=0.4708
Epoch=157, loss=0.4603
Epoch=158, loss=0.4629
Epoch=159, loss=0.4668
Epoch=160, loss=0.4581
Epoch=161, loss=0.4584
Epoch=162, loss=0.4554
Epoch=163, loss=0.4567
Epoch=164, loss=0.4596
Epoch=165, loss=0.4512
Epoch=166, loss=0.4513
Epoch=167, loss=0.4466
Epoch=168, loss=0.4512
Epoch=169, loss=0.4475
Epoch=170, loss=0.4465
Epoch=171, loss=0.4444
Epoch=172, loss=0.4418
Epoch=173, loss=0.4438
Epoch=174, loss=0.4403
Epoch=175, loss=0.4410
Epoch=176, loss=0.4389
Epoch=177, loss=0.4395
Epoch=178, loss=0.4329
Epoch=179, loss=0.4361
Epoch=180, loss=0.4363
Epoch=181, loss=0.4349
Epoch=182, loss=0.4333
Epoch=183, loss=0.4322
Epoch=184, loss=0.4316
Epoch=185, loss=0.4275
Epoch=186, loss=0.4226
Epoch=187, loss=0.4273
Epoch=188, loss=0.4217
Epoch=189, loss=0.4236
Epoch=190, loss=0.4199
Epoch=191, loss=0.4218
Epoch=192, loss=0.4203
Epoch=193, loss=0.4181
Epoch=194, loss=0.4161
Epoch=195, loss=0.4180
Epoch=196, loss=0.4114
Epoch=197, loss=0.4141
Epoch=198, loss=0.4090
Epoch=199, loss=0.4097
Epoch=200, loss=0.4087
Epoch=201, loss=0.4074
Epoch=202, loss=0.4102
Epoch=203, loss=0.4034
Epoch=204, loss=0.4056
Epoch=205, loss=0.4020
Epoch=206, loss=0.4035
Epoch=207, loss=0.4002
Epoch=208, loss=0.4006
Epoch=209, loss=0.3982
Epoch=210, loss=0.3975
Epoch=211, loss=0.3994
Epoch=212, loss=0.3969
Epoch=213, loss=0.3963
Epoch=214, loss=0.3960
Epoch=215, loss=0.3912
Epoch=216, loss=0.3906
Epoch=217, loss=0.3907
Epoch=218, loss=0.3912
Epoch=219, loss=0.3912
Epoch=220, loss=0.3874
Epoch=221, loss=0.3874
Epoch=222, loss=0.3892
Epoch=223, loss=0.3833
Epoch=224, loss=0.3864
Epoch=225, loss=0.3816
Epoch=226, loss=0.3814
Epoch=227, loss=0.3791
Epoch=228, loss=0.3801
Epoch=229, loss=0.3821
Epoch=230, loss=0.3790
Epoch=231, loss=0.3738
Epoch=232, loss=0.3757
Epoch=233, loss=0.3759
Epoch=234, loss=0.3751
Epoch=235, loss=0.3725
Epoch=236, loss=0.3713
Epoch=237, loss=0.3700
Epoch=238, loss=0.3700
Epoch=239, loss=0.3699
Epoch=240, loss=0.3681
Epoch=241, loss=0.3641
Epoch=242, loss=0.3651
Epoch=243, loss=0.3639
Epoch=244, loss=0.3636
Epoch=245, loss=0.3638
Epoch=246, loss=0.3650
Epoch=247, loss=0.3657
Epoch=248, loss=0.3587
Epoch=249, loss=0.3598
Epoch=250, loss=0.3570
Epoch=251, loss=0.3576
Epoch=252, loss=0.3567
Epoch=253, loss=0.3603
Epoch=254, loss=0.3529
Epoch=255, loss=0.3529
Epoch=256, loss=0.3543
Epoch=257, loss=0.3518
Epoch=258, loss=0.3527
Epoch=259, loss=0.3474
Epoch=260, loss=0.3485
Epoch=261, loss=0.3462
Epoch=262, loss=0.3442
Epoch=263, loss=0.3472
Epoch=264, loss=0.3452
Epoch=265, loss=0.3424
Epoch=266, loss=0.3467
Epoch=267, loss=0.3430
Epoch=268, loss=0.3398
Epoch=269, loss=0.3406
Epoch=270, loss=0.3416
Epoch=271, loss=0.3416
Epoch=272, loss=0.3385
Epoch=273, loss=0.3390
Epoch=274, loss=0.3348
Epoch=275, loss=0.3400
Epoch=276, loss=0.3307
Epoch=277, loss=0.3341
Epoch=278, loss=0.3325
Epoch=279, loss=0.3306
Epoch=280, loss=0.3328
Epoch=281, loss=0.3296
Epoch=282, loss=0.3308
Epoch=283, loss=0.3254
Epoch=284, loss=0.3334
Epoch=285, loss=0.3247
Epoch=286, loss=0.3247
Epoch=287, loss=0.3279
Epoch=288, loss=0.3266
Epoch=289, loss=0.3256
Epoch=290, loss=0.3276
Epoch=291, loss=0.3219
Epoch=292, loss=0.3244
Epoch=293, loss=0.3211
Epoch=294, loss=0.3254
Epoch=295, loss=0.3194
Epoch=296, loss=0.3178
Epoch=297, loss=0.3210
Epoch=298, loss=0.3150
Epoch=299, loss=0.3199
Epoch=300, loss=0.3155
Epoch=301, loss=0.3131
Epoch=302, loss=0.3103
Epoch=303, loss=0.3131
Epoch=304, loss=0.3100
Epoch=305, loss=0.3105
Epoch=306, loss=0.3091
Epoch=307, loss=0.3125
Epoch=308, loss=0.3081
Epoch=309, loss=0.3061
Epoch=310, loss=0.3103
Epoch=311, loss=0.3134
Epoch=312, loss=0.3038
Epoch=313, loss=0.3024
Epoch=314, loss=0.3086
Epoch=315, loss=0.3005
Epoch=316, loss=0.3009
Epoch=317, loss=0.3048
Epoch=318, loss=0.2995
Epoch=319, loss=0.2989
Epoch=320, loss=0.2990
Epoch=321, loss=0.3009
Epoch=322, loss=0.2974
Epoch=323, loss=0.3017
Epoch=324, loss=0.2950
Epoch=325, loss=0.2971
Epoch=326, loss=0.2978
Epoch=327, loss=0.2953
Epoch=328, loss=0.2932
Epoch=329, loss=0.2953
Epoch=330, loss=0.2917
Epoch=331, loss=0.2918
Epoch=332, loss=0.2915
Epoch=333, loss=0.2900
Epoch=334, loss=0.2885
Epoch=335, loss=0.2872
Epoch=336, loss=0.2897
Epoch=337, loss=0.2833
Epoch=338, loss=0.2838
Epoch=339, loss=0.2849
Epoch=340, loss=0.2873
Epoch=341, loss=0.2818
Epoch=342, loss=0.2836
Epoch=343, loss=0.2837
Epoch=344, loss=0.2814
Epoch=345, loss=0.2774
Epoch=346, loss=0.2781
Epoch=347, loss=0.2819
Epoch=348, loss=0.2812
Epoch=349, loss=0.2804
Epoch=350, loss=0.2815
Epoch=351, loss=0.2782
Epoch=352, loss=0.2747
Epoch=353, loss=0.2771
Epoch=354, loss=0.2738
Epoch=355, loss=0.2724
Epoch=356, loss=0.2751
Epoch=357, loss=0.2689
Epoch=358, loss=0.2689
Epoch=359, loss=0.2748
Epoch=360, loss=0.2692
Epoch=361, loss=0.2697
Epoch=362, loss=0.2693
Epoch=363, loss=0.2697
Epoch=364, loss=0.2697
Epoch=365, loss=0.2723
Epoch=366, loss=0.2676
Epoch=367, loss=0.2662
Epoch=368, loss=0.2689
Epoch=369, loss=0.2623
Epoch=370, loss=0.2647
Epoch=371, loss=0.2609
Epoch=372, loss=0.2654
Epoch=373, loss=0.2599
Epoch=374, loss=0.2635
Epoch=375, loss=0.2633
Epoch=376, loss=0.2572
Epoch=377, loss=0.2620
Epoch=378, loss=0.2599
Epoch=379, loss=0.2553
Epoch=380, loss=0.2600
Epoch=381, loss=0.2559
Epoch=382, loss=0.2589
Epoch=383, loss=0.2591
Epoch=384, loss=0.2585
Epoch=385, loss=0.2547
Epoch=386, loss=0.2553
Epoch=387, loss=0.2567
Epoch=388, loss=0.2554
Epoch=389, loss=0.2519
Epoch=390, loss=0.2510
Epoch=391, loss=0.2503
Epoch=392, loss=0.2536
Epoch=393, loss=0.2506
Epoch=394, loss=0.2503
Epoch=395, loss=0.2544
Epoch=396, loss=0.2480
Epoch=397, loss=0.2442
Epoch=398, loss=0.2470
Epoch=399, loss=0.2454
Epoch=400, loss=0.2487
Epoch=401, loss=0.2450
Epoch=402, loss=0.2415
Epoch=403, loss=0.2439
Epoch=404, loss=0.2431
Epoch=405, loss=0.2412
Epoch=406, loss=0.2384
Epoch=407, loss=0.2436
Epoch=408, loss=0.2446
Epoch=409, loss=0.2438
Epoch=410, loss=0.2430
Epoch=411, loss=0.2406
Epoch=412, loss=0.2358
Epoch=413, loss=0.2456
Epoch=414, loss=0.2382
Epoch=415, loss=0.2367
Epoch=416, loss=0.2386
Epoch=417, loss=0.2382
Epoch=418, loss=0.2367
Epoch=419, loss=0.2331
Epoch=420, loss=0.2337
Epoch=421, loss=0.2350
Epoch=422, loss=0.2337
Epoch=423, loss=0.2327
Epoch=424, loss=0.2316
Epoch=425, loss=0.2304
Epoch=426, loss=0.2338
Epoch=427, loss=0.2314
Epoch=428, loss=0.2251
Epoch=429, loss=0.2303
Epoch=430, loss=0.2281
Epoch=431, loss=0.2294
Epoch=432, loss=0.2287
Epoch=433, loss=0.2249
Epoch=434, loss=0.2282
Epoch=435, loss=0.2283
Epoch=436, loss=0.2291
Epoch=437, loss=0.2253
Epoch=438, loss=0.2241
Epoch=439, loss=0.2239
Epoch=440, loss=0.2223
Epoch=441, loss=0.2248
Epoch=442, loss=0.2263
Epoch=443, loss=0.2255
Epoch=444, loss=0.2230
Epoch=445, loss=0.2241
Epoch=446, loss=0.2212
Epoch=447, loss=0.2192
Epoch=448, loss=0.2186
Epoch=449, loss=0.2196
Epoch=450, loss=0.2200
Epoch=451, loss=0.2165
Epoch=452, loss=0.2260
Epoch=453, loss=0.2204
Epoch=454, loss=0.2186
Epoch=455, loss=0.2152
Epoch=456, loss=0.2169
Epoch=457, loss=0.2205
Epoch=458, loss=0.2130
Epoch=459, loss=0.2121
Epoch=460, loss=0.2117
Epoch=461, loss=0.2126
Epoch=462, loss=0.2142
Epoch=463, loss=0.2125
Epoch=464, loss=0.2144
Epoch=465, loss=0.2177
Epoch=466, loss=0.2143
Epoch=467, loss=0.2122
Epoch=468, loss=0.2076
Epoch=469, loss=0.2105
Epoch=470, loss=0.2113
Epoch=471, loss=0.2080
Epoch=472, loss=0.2076
Epoch=473, loss=0.2103
Epoch=474, loss=0.2097
Epoch=475, loss=0.2054
Epoch=476, loss=0.2113
Epoch=477, loss=0.2084
Epoch=478, loss=0.2015
Epoch=479, loss=0.2053
Epoch=480, loss=0.2044
Epoch=481, loss=0.2040
Epoch=482, loss=0.2039
Epoch=483, loss=0.2035
Epoch=484, loss=0.2067
Epoch=485, loss=0.2023
Epoch=486, loss=0.2011
Epoch=487, loss=0.2020
Epoch=488, loss=0.1995
Epoch=489, loss=0.2006
Epoch=490, loss=0.2038
Epoch=491, loss=0.1977
Epoch=492, loss=0.1966
Epoch=493, loss=0.1994
Epoch=494, loss=0.2014
Epoch=495, loss=0.2007
Epoch=496, loss=0.1956
Epoch=497, loss=0.1976
Epoch=498, loss=0.1958
Epoch=499, loss=0.1958
Loading 496th epoch
Early stopping!
Start to test process.
done with the edge prediction
done with the node prediction
done with the second node prediction
(E) | label_classification: F1Mi=0.7044+-0.0057, F1Ma=0.6756+-0.0097, acc=0.7044+-0.0057
[['MVGRL', 'heat', 16, 15, 2, 'normalize', 0.1, 0.2, 0.4, 0.001, 0.5, 0.2, 0.5, 0.0001, 512, 512, 0.9225689181846778, 0.9155990302927597, 0.924073467300858, 0.91377185975004, 0.7071428298950195, 0.6880000233650208, 0.6532881855964661, 0.6928571462631226, 0.6700000166893005, 0.6566731333732605, 0.70439176059075, 0.005709869466679192, 0.6755897681182781, 0.009662215063950534, 0.70439176059075, 0.005709869466679192]]
Epoch=000, loss=0.6933
Epoch=001, loss=0.6923
Epoch=002, loss=0.6913
Epoch=003, loss=0.6907
Epoch=004, loss=0.6897
Epoch=005, loss=0.6892
Epoch=006, loss=0.6879
Epoch=007, loss=0.6873
Epoch=008, loss=0.6863
Epoch=009, loss=0.6851
Epoch=010, loss=0.6842
Epoch=011, loss=0.6823
Epoch=012, loss=0.6818
Epoch=013, loss=0.6804
Epoch=014, loss=0.6794
Epoch=015, loss=0.6773
Epoch=016, loss=0.6762
Epoch=017, loss=0.6753
Epoch=018, loss=0.6732
Epoch=019, loss=0.6709
Epoch=020, loss=0.6685
Epoch=021, loss=0.6681
Epoch=022, loss=0.6663
Epoch=023, loss=0.6641
Epoch=024, loss=0.6613
Epoch=025, loss=0.6605
Epoch=026, loss=0.6576
Epoch=027, loss=0.6555
Epoch=028, loss=0.6551
Epoch=029, loss=0.6505
Epoch=030, loss=0.6489
Epoch=031, loss=0.6445
Epoch=032, loss=0.6423
Epoch=033, loss=0.6392
Epoch=034, loss=0.6387
Epoch=035, loss=0.6332
Epoch=036, loss=0.6319
Epoch=037, loss=0.6295
Epoch=038, loss=0.6268
Epoch=039, loss=0.6223
Epoch=040, loss=0.6188
Epoch=041, loss=0.6181
Epoch=042, loss=0.6154
Epoch=043, loss=0.6121
Epoch=044, loss=0.6143
Epoch=045, loss=0.6042
Epoch=046, loss=0.6004
Epoch=047, loss=0.6000
Epoch=048, loss=0.5975
Epoch=049, loss=0.5934
Epoch=050, loss=0.5919
Epoch=051, loss=0.5874
Epoch=052, loss=0.5818
Epoch=053, loss=0.5813
Epoch=054, loss=0.5750
Epoch=055, loss=0.5692
Epoch=056, loss=0.5706
Epoch=057, loss=0.5649
Epoch=058, loss=0.5634
Epoch=059, loss=0.5589
Epoch=060, loss=0.5561
Epoch=061, loss=0.5538
Epoch=062, loss=0.5506
Epoch=063, loss=0.5459
Epoch=064, loss=0.5425
Epoch=065, loss=0.5420
Epoch=066, loss=0.5401
Epoch=067, loss=0.5417
Epoch=068, loss=0.5339
Epoch=069, loss=0.5285
Epoch=070, loss=0.5281
Epoch=071, loss=0.5232
Epoch=072, loss=0.5204
Epoch=073, loss=0.5188
Epoch=074, loss=0.5158
Epoch=075, loss=0.5125
Epoch=076, loss=0.5125
Epoch=077, loss=0.5047
Epoch=078, loss=0.5052
Epoch=079, loss=0.4973
Epoch=080, loss=0.5003
Epoch=081, loss=0.4966
Epoch=082, loss=0.4942
Epoch=083, loss=0.4929
Epoch=084, loss=0.4854
Epoch=085, loss=0.4832
Epoch=086, loss=0.4808
Epoch=087, loss=0.4798
Epoch=088, loss=0.4795
Epoch=089, loss=0.4713
Epoch=090, loss=0.4688
Epoch=091, loss=0.4622
Epoch=092, loss=0.4648
Epoch=093, loss=0.4620
Epoch=094, loss=0.4606
Epoch=095, loss=0.4536
Epoch=096, loss=0.4592
Epoch=097, loss=0.4558
Epoch=098, loss=0.4523
Epoch=099, loss=0.4446
Epoch=100, loss=0.4421
Epoch=101, loss=0.4407
Epoch=102, loss=0.4393
Epoch=103, loss=0.4369
Epoch=104, loss=0.4370
Epoch=105, loss=0.4322
Epoch=106, loss=0.4305
Epoch=107, loss=0.4301
Epoch=108, loss=0.4308
Epoch=109, loss=0.4277
Epoch=110, loss=0.4217
Epoch=111, loss=0.4225
Epoch=112, loss=0.4168
Epoch=113, loss=0.4134
Epoch=114, loss=0.4161
Epoch=115, loss=0.4143
Epoch=116, loss=0.4106
Epoch=117, loss=0.4077
Epoch=118, loss=0.4078
Epoch=119, loss=0.4067
Epoch=120, loss=0.4053
Epoch=121, loss=0.3997
Epoch=122, loss=0.3961
Epoch=123, loss=0.3939
Epoch=124, loss=0.3925
Epoch=125, loss=0.3980
Epoch=126, loss=0.3911
Epoch=127, loss=0.3926
Epoch=128, loss=0.3879
Epoch=129, loss=0.3860
Epoch=130, loss=0.3834
Epoch=131, loss=0.3864
Epoch=132, loss=0.3780
Epoch=133, loss=0.3814
Epoch=134, loss=0.3728
Epoch=135, loss=0.3746
Epoch=136, loss=0.3734
Epoch=137, loss=0.3697
Epoch=138, loss=0.3699
Epoch=139, loss=0.3676
Epoch=140, loss=0.3718
Epoch=141, loss=0.3685
Epoch=142, loss=0.3609
Epoch=143, loss=0.3609
Epoch=144, loss=0.3585
Epoch=145, loss=0.3596
Epoch=146, loss=0.3599
Epoch=147, loss=0.3540
Epoch=148, loss=0.3534
Epoch=149, loss=0.3531
Epoch=150, loss=0.3495
Epoch=151, loss=0.3487
Epoch=152, loss=0.3478
Epoch=153, loss=0.3439
Epoch=154, loss=0.3430
Epoch=155, loss=0.3424
Epoch=156, loss=0.3403
Epoch=157, loss=0.3392
Epoch=158, loss=0.3389
Epoch=159, loss=0.3353
Epoch=160, loss=0.3425
Epoch=161, loss=0.3363
Epoch=162, loss=0.3346
Epoch=163, loss=0.3322
Epoch=164, loss=0.3261
Epoch=165, loss=0.3268
Epoch=166, loss=0.3248
Epoch=167, loss=0.3263
Epoch=168, loss=0.3254
Epoch=169, loss=0.3262
Epoch=170, loss=0.3242
Epoch=171, loss=0.3201
Epoch=172, loss=0.3200
Epoch=173, loss=0.3192
Epoch=174, loss=0.3124
Epoch=175, loss=0.3145
Epoch=176, loss=0.3113
Epoch=177, loss=0.3121
Epoch=178, loss=0.3093
Epoch=179, loss=0.3153
Epoch=180, loss=0.3060
Epoch=181, loss=0.3039
Epoch=182, loss=0.3039
Epoch=183, loss=0.3007
Epoch=184, loss=0.3029
Epoch=185, loss=0.3005
Epoch=186, loss=0.3005
Epoch=187, loss=0.2979
Epoch=188, loss=0.2942
Epoch=189, loss=0.2952
Epoch=190, loss=0.2948
Epoch=191, loss=0.2929
Epoch=192, loss=0.2935
Epoch=193, loss=0.2881
Epoch=194, loss=0.2922
Epoch=195, loss=0.2882
Epoch=196, loss=0.2885
Epoch=197, loss=0.2886
Epoch=198, loss=0.2819
Epoch=199, loss=0.2817
Epoch=200, loss=0.2877
Epoch=201, loss=0.2810
Epoch=202, loss=0.2818
Epoch=203, loss=0.2758
Epoch=204, loss=0.2773
Epoch=205, loss=0.2731
Epoch=206, loss=0.2739
Epoch=207, loss=0.2805
Epoch=208, loss=0.2731
Epoch=209, loss=0.2693
Epoch=210, loss=0.2690
Epoch=211, loss=0.2693
Epoch=212, loss=0.2651
Epoch=213, loss=0.2675
Epoch=214, loss=0.2711
Epoch=215, loss=0.2604
Epoch=216, loss=0.2650
Epoch=217, loss=0.2611
Epoch=218, loss=0.2607
Epoch=219, loss=0.2642
Epoch=220, loss=0.2595
Epoch=221, loss=0.2555
Epoch=222, loss=0.2618
Epoch=223, loss=0.2577
Epoch=224, loss=0.2551
Epoch=225, loss=0.2534
Epoch=226, loss=0.2538
Epoch=227, loss=0.2508
Epoch=228, loss=0.2558
Epoch=229, loss=0.2485
Epoch=230, loss=0.2495
Epoch=231, loss=0.2482
Epoch=232, loss=0.2442
Epoch=233, loss=0.2460
Epoch=234, loss=0.2418
Epoch=235, loss=0.2434
Epoch=236, loss=0.2409
Epoch=237, loss=0.2437
Epoch=238, loss=0.2401
Epoch=239, loss=0.2361
Epoch=240, loss=0.2397
Epoch=241, loss=0.2374
Epoch=242, loss=0.2386
Epoch=243, loss=0.2399
Epoch=244, loss=0.2342
Epoch=245, loss=0.2351
Epoch=246, loss=0.2300
Epoch=247, loss=0.2336
Epoch=248, loss=0.2288
Epoch=249, loss=0.2307
Epoch=250, loss=0.2304
Epoch=251, loss=0.2260
Epoch=252, loss=0.2335
Epoch=253, loss=0.2262
Epoch=254, loss=0.2263
Epoch=255, loss=0.2275
Epoch=256, loss=0.2265
Epoch=257, loss=0.2281
Epoch=258, loss=0.2258
Epoch=259, loss=0.2263
Epoch=260, loss=0.2231
Epoch=261, loss=0.2190
Epoch=262, loss=0.2186
Epoch=263, loss=0.2258
Epoch=264, loss=0.2174
Epoch=265, loss=0.2161
Epoch=266, loss=0.2143
Epoch=267, loss=0.2180
Epoch=268, loss=0.2157
Epoch=269, loss=0.2137
Epoch=270, loss=0.2096
Epoch=271, loss=0.2097
Epoch=272, loss=0.2112
Epoch=273, loss=0.2093
Epoch=274, loss=0.2138
Epoch=275, loss=0.2042
Epoch=276, loss=0.2038
Epoch=277, loss=0.2086
Epoch=278, loss=0.2019
Epoch=279, loss=0.2015
Epoch=280, loss=0.2045
Epoch=281, loss=0.2023
Epoch=282, loss=0.2003
Epoch=283, loss=0.2026
Epoch=284, loss=0.1977
Epoch=285, loss=0.2000
Epoch=286, loss=0.2017
Epoch=287, loss=0.2030
Epoch=288, loss=0.1999
Epoch=289, loss=0.1949
Epoch=290, loss=0.1996
Epoch=291, loss=0.1944
Epoch=292, loss=0.1943
Epoch=293, loss=0.1946
Epoch=294, loss=0.1952
Epoch=295, loss=0.1929
Epoch=296, loss=0.1892
Epoch=297, loss=0.1896
Epoch=298, loss=0.1942
Epoch=299, loss=0.1899
Epoch=300, loss=0.1887
Epoch=301, loss=0.1918
Epoch=302, loss=0.1932
Epoch=303, loss=0.1910
Epoch=304, loss=0.1887
Epoch=305, loss=0.1842
Epoch=306, loss=0.1860
Epoch=307, loss=0.1905
Epoch=308, loss=0.1824
Epoch=309, loss=0.1891
Epoch=310, loss=0.1831
Epoch=311, loss=0.1811
Epoch=312, loss=0.1801
Epoch=313, loss=0.1803
Epoch=314, loss=0.1784
Epoch=315, loss=0.1798
Epoch=316, loss=0.1789
Epoch=317, loss=0.1755
Epoch=318, loss=0.1769
Epoch=319, loss=0.1739
Epoch=320, loss=0.1746
Epoch=321, loss=0.1754
Epoch=322, loss=0.1793
Epoch=323, loss=0.1745
Epoch=324, loss=0.1741
Epoch=325, loss=0.1719
Epoch=326, loss=0.1704
Epoch=327, loss=0.1742
Epoch=328, loss=0.1772
Epoch=329, loss=0.1712
Epoch=330, loss=0.1720
Epoch=331, loss=0.1714
Epoch=332, loss=0.1682
Epoch=333, loss=0.1715
Epoch=334, loss=0.1679
Epoch=335, loss=0.1642
Epoch=336, loss=0.1650
Epoch=337, loss=0.1666
Epoch=338, loss=0.1649
Epoch=339, loss=0.1624
Epoch=340, loss=0.1647
Epoch=341, loss=0.1622
Epoch=342, loss=0.1605
Epoch=343, loss=0.1668
Epoch=344, loss=0.1635
Epoch=345, loss=0.1591
Epoch=346, loss=0.1642
Epoch=347, loss=0.1626
Epoch=348, loss=0.1576
Epoch=349, loss=0.1610
Epoch=350, loss=0.1571
Epoch=351, loss=0.1636
Epoch=352, loss=0.1584
Epoch=353, loss=0.1562
Epoch=354, loss=0.1586
Epoch=355, loss=0.1558
Epoch=356, loss=0.1531
Epoch=357, loss=0.1584
Epoch=358, loss=0.1596
Epoch=359, loss=0.1530
Epoch=360, loss=0.1523
Epoch=361, loss=0.1582
Epoch=362, loss=0.1534
Epoch=363, loss=0.1551
Epoch=364, loss=0.1519
Epoch=365, loss=0.1508
Epoch=366, loss=0.1482
Epoch=367, loss=0.1476
Epoch=368, loss=0.1427
Epoch=369, loss=0.1531
Epoch=370, loss=0.1482
Epoch=371, loss=0.1465
Epoch=372, loss=0.1489
Epoch=373, loss=0.1469
Epoch=374, loss=0.1459
Epoch=375, loss=0.1499
Epoch=376, loss=0.1448
Epoch=377, loss=0.1459
Epoch=378, loss=0.1380
Epoch=379, loss=0.1459
Epoch=380, loss=0.1463
Epoch=381, loss=0.1436
Epoch=382, loss=0.1406
Epoch=383, loss=0.1445
Epoch=384, loss=0.1447
Epoch=385, loss=0.1478
Epoch=386, loss=0.1402
Epoch=387, loss=0.1395
Epoch=388, loss=0.1385
Epoch=389, loss=0.1394
Epoch=390, loss=0.1396
Epoch=391, loss=0.1373
Epoch=392, loss=0.1343
Epoch=393, loss=0.1381
Epoch=394, loss=0.1337
Epoch=395, loss=0.1399
Epoch=396, loss=0.1383
Epoch=397, loss=0.1411
Epoch=398, loss=0.1390
Epoch=399, loss=0.1391
Epoch=400, loss=0.1365
Epoch=401, loss=0.1366
Epoch=402, loss=0.1382
Epoch=403, loss=0.1337
Epoch=404, loss=0.1379
Epoch=405, loss=0.1343
Epoch=406, loss=0.1345
Epoch=407, loss=0.1342
Epoch=408, loss=0.1306
Epoch=409, loss=0.1321
Epoch=410, loss=0.1336
Epoch=411, loss=0.1287
Epoch=412, loss=0.1329
Epoch=413, loss=0.1307
Epoch=414, loss=0.1316
Epoch=415, loss=0.1297
Epoch=416, loss=0.1287
Epoch=417, loss=0.1300
Epoch=418, loss=0.1291
Epoch=419, loss=0.1265
Epoch=420, loss=0.1288
Epoch=421, loss=0.1274
Epoch=422, loss=0.1275
Epoch=423, loss=0.1278
Epoch=424, loss=0.1254
Epoch=425, loss=0.1267
Epoch=426, loss=0.1250
Epoch=427, loss=0.1227
Epoch=428, loss=0.1204
Epoch=429, loss=0.1274
Epoch=430, loss=0.1229
Epoch=431, loss=0.1270
Epoch=432, loss=0.1259
Epoch=433, loss=0.1225
Epoch=434, loss=0.1230
Epoch=435, loss=0.1251
Epoch=436, loss=0.1237
Epoch=437, loss=0.1278
Epoch=438, loss=0.1224
Epoch=439, loss=0.1246
Epoch=440, loss=0.1228
Epoch=441, loss=0.1236
Epoch=442, loss=0.1237
Epoch=443, loss=0.1208
Epoch=444, loss=0.1243
Epoch=445, loss=0.1194
Epoch=446, loss=0.1189
Epoch=447, loss=0.1189
Epoch=448, loss=0.1138
Epoch=449, loss=0.1216
Epoch=450, loss=0.1172
Epoch=451, loss=0.1162
Epoch=452, loss=0.1117
Epoch=453, loss=0.1174
Epoch=454, loss=0.1166
Epoch=455, loss=0.1129
Epoch=456, loss=0.1160
Epoch=457, loss=0.1160
Epoch=458, loss=0.1115
Epoch=459, loss=0.1169
Epoch=460, loss=0.1134
Epoch=461, loss=0.1160
Epoch=462, loss=0.1172
Epoch=463, loss=0.1122
Epoch=464, loss=0.1145
Epoch=465, loss=0.1133
Epoch=466, loss=0.1146
Epoch=467, loss=0.1111
Epoch=468, loss=0.1158
Epoch=469, loss=0.1121
Epoch=470, loss=0.1121
Epoch=471, loss=0.1090
Epoch=472, loss=0.1129
Epoch=473, loss=0.1164
Epoch=474, loss=0.1127
Epoch=475, loss=0.1152
Epoch=476, loss=0.1093
Epoch=477, loss=0.1119
Epoch=478, loss=0.1110
Epoch=479, loss=0.1118
Epoch=480, loss=0.1121
Epoch=481, loss=0.1080
Epoch=482, loss=0.1095
Epoch=483, loss=0.1071
Epoch=484, loss=0.1027
Epoch=485, loss=0.1072
Epoch=486, loss=0.1060
Epoch=487, loss=0.1056
Epoch=488, loss=0.1078
Epoch=489, loss=0.1049
Epoch=490, loss=0.1059
Epoch=491, loss=0.1053
Epoch=492, loss=0.1065
Epoch=493, loss=0.1081
Epoch=494, loss=0.1084
Epoch=495, loss=0.1072
Epoch=496, loss=0.1097
Epoch=497, loss=0.1076
Epoch=498, loss=0.1051
Epoch=499, loss=0.1070
Loading 484th epoch
done with the edge prediction
done with the node prediction
done with the second node prediction
(E) | label_classification: F1Mi=0.7512+-0.0154, F1Ma=0.7284+-0.0232, acc=0.7512+-0.0154
[['MVGRL', 'heat', 16, 15, 2, 'normalize', 0.1, 0.2, 0.4, 0.001, 0.5, 0.2, 0.5, 0.0001, 512, 512, 0.9225689181846778, 0.9155990302927597, 0.924073467300858, 0.91377185975004, 0.7071428298950195, 0.6880000233650208, 0.6532881855964661, 0.6928571462631226, 0.6700000166893005, 0.6566731333732605, 0.70439176059075, 0.005709869466679192, 0.6755897681182781, 0.009662215063950534, 0.70439176059075, 0.005709869466679192], ['MVGRL', 'heat', 32, 15, 2, 'normalize', 0.1, 0.2, 0.4, 0.001, 0.5, 0.2, 0.5, 0.0001, 512, 512, 0.972623644235688, 0.9706519496327053, 0.9689085403396835, 0.9669000219920582, 0.8071428537368774, 0.7440000176429749, 0.7238878011703491, 0.8999999761581421, 0.7440000176429749, 0.7422630786895752, 0.7511853867081228, 0.015412171255415923, 0.7284478841061668, 0.023150694524828045, 0.7511853867081228, 0.015412171255415923]]
Epoch=000, loss=0.6962
Epoch=001, loss=0.6933
Epoch=002, loss=0.6915
Epoch=003, loss=0.6896
Epoch=004, loss=0.6873
Epoch=005, loss=0.6855
Epoch=006, loss=0.6839
Epoch=007, loss=0.6822
Epoch=008, loss=0.6795
Epoch=009, loss=0.6778
Epoch=010, loss=0.6747
Epoch=011, loss=0.6721
Epoch=012, loss=0.6684
Epoch=013, loss=0.6661
Epoch=014, loss=0.6630
Epoch=015, loss=0.6603
Epoch=016, loss=0.6567
Epoch=017, loss=0.6524
Epoch=018, loss=0.6484
Epoch=019, loss=0.6451
Epoch=020, loss=0.6410
Epoch=021, loss=0.6377
Epoch=022, loss=0.6338
Epoch=023, loss=0.6278
Epoch=024, loss=0.6252
Epoch=025, loss=0.6194
Epoch=026, loss=0.6142
Epoch=027, loss=0.6105
Epoch=028, loss=0.6040
Epoch=029, loss=0.5996
Epoch=030, loss=0.5926
Epoch=031, loss=0.5906
Epoch=032, loss=0.5830
Epoch=033, loss=0.5783
Epoch=034, loss=0.5707
Epoch=035, loss=0.5666
Epoch=036, loss=0.5600
Epoch=037, loss=0.5555
Epoch=038, loss=0.5517
Epoch=039, loss=0.5496
Epoch=040, loss=0.5384
Epoch=041, loss=0.5307
Epoch=042, loss=0.5324
Epoch=043, loss=0.5244
Epoch=044, loss=0.5184
Epoch=045, loss=0.5177
Epoch=046, loss=0.5143
Epoch=047, loss=0.5116
Epoch=048, loss=0.5005
Epoch=049, loss=0.4997
Epoch=050, loss=0.4843
Epoch=051, loss=0.4870
Epoch=052, loss=0.4812
Epoch=053, loss=0.4761
Epoch=054, loss=0.4746
Epoch=055, loss=0.4686
Epoch=056, loss=0.4630
Epoch=057, loss=0.4633
Epoch=058, loss=0.4556
Epoch=059, loss=0.4558
Epoch=060, loss=0.4495
Epoch=061, loss=0.4457
Epoch=062, loss=0.4389
Epoch=063, loss=0.4385
Epoch=064, loss=0.4333
Epoch=065, loss=0.4273
Epoch=066, loss=0.4274
Epoch=067, loss=0.4190
Epoch=068, loss=0.4183
Epoch=069, loss=0.4171
Epoch=070, loss=0.4083
Epoch=071, loss=0.4078
Epoch=072, loss=0.4045
Epoch=073, loss=0.3996
Epoch=074, loss=0.3996
Epoch=075, loss=0.3929
Epoch=076, loss=0.3887
Epoch=077, loss=0.3845
Epoch=078, loss=0.3828
Epoch=079, loss=0.3802
Epoch=080, loss=0.3767
Epoch=081, loss=0.3775
Epoch=082, loss=0.3712
Epoch=083, loss=0.3695
Epoch=084, loss=0.3678
Epoch=085, loss=0.3613
Epoch=086, loss=0.3600
Epoch=087, loss=0.3565
Epoch=088, loss=0.3532
Epoch=089, loss=0.3497
Epoch=090, loss=0.3468
Epoch=091, loss=0.3424
Epoch=092, loss=0.3428
Epoch=093, loss=0.3419
Epoch=094, loss=0.3413
Epoch=095, loss=0.3366
Epoch=096, loss=0.3326
Epoch=097, loss=0.3301
Epoch=098, loss=0.3306
Epoch=099, loss=0.3266
Epoch=100, loss=0.3249
Epoch=101, loss=0.3203
Epoch=102, loss=0.3173
Epoch=103, loss=0.3138
Epoch=104, loss=0.3145
Epoch=105, loss=0.3116
Epoch=106, loss=0.3116
Epoch=107, loss=0.3034
Epoch=108, loss=0.3015
Epoch=109, loss=0.3046
Epoch=110, loss=0.3007
Epoch=111, loss=0.2948
Epoch=112, loss=0.2962
Epoch=113, loss=0.2910
Epoch=114, loss=0.2885
Epoch=115, loss=0.2872
Epoch=116, loss=0.2853
Epoch=117, loss=0.2849
Epoch=118, loss=0.2856
Epoch=119, loss=0.2804
Epoch=120, loss=0.2769
Epoch=121, loss=0.2769
Epoch=122, loss=0.2711
Epoch=123, loss=0.2716
Epoch=124, loss=0.2689
Epoch=125, loss=0.2679
Epoch=126, loss=0.2653
Epoch=127, loss=0.2615
Epoch=128, loss=0.2613
Epoch=129, loss=0.2570
Epoch=130, loss=0.2574
Epoch=131, loss=0.2558
Epoch=132, loss=0.2639
Epoch=133, loss=0.2515
Epoch=134, loss=0.2567
Epoch=135, loss=0.2486
Epoch=136, loss=0.2461
Epoch=137, loss=0.2466
Epoch=138, loss=0.2446
Epoch=139, loss=0.2407
Epoch=140, loss=0.2457
Epoch=141, loss=0.2426
Epoch=142, loss=0.2365
Epoch=143, loss=0.2336
Epoch=144, loss=0.2346
Epoch=145, loss=0.2360
Epoch=146, loss=0.2343
Epoch=147, loss=0.2272
Epoch=148, loss=0.2295
Epoch=149, loss=0.2238
Epoch=150, loss=0.2215
Epoch=151, loss=0.2198
Epoch=152, loss=0.2192
Epoch=153, loss=0.2237
Epoch=154, loss=0.2205
Epoch=155, loss=0.2182
Epoch=156, loss=0.2149
Epoch=157, loss=0.2138
Epoch=158, loss=0.2103
Epoch=159, loss=0.2146
Epoch=160, loss=0.2086
Epoch=161, loss=0.2059
Epoch=162, loss=0.2057
Epoch=163, loss=0.2027
Epoch=164, loss=0.2039
Epoch=165, loss=0.2004
Epoch=166, loss=0.2027
Epoch=167, loss=0.2034
Epoch=168, loss=0.1985
Epoch=169, loss=0.1974
Epoch=170, loss=0.1950
Epoch=171, loss=0.1960
Epoch=172, loss=0.1911
Epoch=173, loss=0.1982
Epoch=174, loss=0.1900
Epoch=175, loss=0.1896
Epoch=176, loss=0.1853
Epoch=177, loss=0.1838
Epoch=178, loss=0.1914
Epoch=179, loss=0.1830
Epoch=180, loss=0.1825
Epoch=181, loss=0.1822
Epoch=182, loss=0.1828
Epoch=183, loss=0.1837
Epoch=184, loss=0.1788
Epoch=185, loss=0.1822
Epoch=186, loss=0.1718
Epoch=187, loss=0.1779
Epoch=188, loss=0.1747
Epoch=189, loss=0.1723
Epoch=190, loss=0.1693
Epoch=191, loss=0.1741
Epoch=192, loss=0.1679
Epoch=193, loss=0.1681
Epoch=194, loss=0.1746
Epoch=195, loss=0.1660
Epoch=196, loss=0.1656
Epoch=197, loss=0.1656
Epoch=198, loss=0.1628
Epoch=199, loss=0.1616
Epoch=200, loss=0.1646
Epoch=201, loss=0.1610
Epoch=202, loss=0.1581
Epoch=203, loss=0.1569
Epoch=204, loss=0.1571
Epoch=205, loss=0.1628
Epoch=206, loss=0.1550
Epoch=207, loss=0.1574
Epoch=208, loss=0.1502
Epoch=209, loss=0.1531
Epoch=210, loss=0.1552
Epoch=211, loss=0.1524
Epoch=212, loss=0.1530
Epoch=213, loss=0.1509
Epoch=214, loss=0.1541
Epoch=215, loss=0.1460
Epoch=216, loss=0.1438
Epoch=217, loss=0.1454
Epoch=218, loss=0.1443
Epoch=219, loss=0.1455
Epoch=220, loss=0.1420
Epoch=221, loss=0.1507
Epoch=222, loss=0.1454
Epoch=223, loss=0.1454
Epoch=224, loss=0.1429
Epoch=225, loss=0.1441
Epoch=226, loss=0.1410
Epoch=227, loss=0.1369
Epoch=228, loss=0.1409
Epoch=229, loss=0.1342
Epoch=230, loss=0.1396
Epoch=231, loss=0.1394
Epoch=232, loss=0.1375
Epoch=233, loss=0.1357
Epoch=234, loss=0.1287
Epoch=235, loss=0.1338
Epoch=236, loss=0.1309
Epoch=237, loss=0.1289
Epoch=238, loss=0.1314
Epoch=239, loss=0.1313
Epoch=240, loss=0.1273
Epoch=241, loss=0.1318
Epoch=242, loss=0.1320
Epoch=243, loss=0.1269
Epoch=244, loss=0.1318
Epoch=245, loss=0.1260
Epoch=246, loss=0.1306
Epoch=247, loss=0.1262
Epoch=248, loss=0.1226
Epoch=249, loss=0.1260
Epoch=250, loss=0.1225
Epoch=251, loss=0.1256
Epoch=252, loss=0.1245
Epoch=253, loss=0.1221
Epoch=254, loss=0.1216
Epoch=255, loss=0.1179
Epoch=256, loss=0.1198
Epoch=257, loss=0.1223
Epoch=258, loss=0.1233
Epoch=259, loss=0.1171
Epoch=260, loss=0.1170
Epoch=261, loss=0.1173
Epoch=262, loss=0.1256
Epoch=263, loss=0.1171
Epoch=264, loss=0.1149
Epoch=265, loss=0.1168
Epoch=266, loss=0.1119
Epoch=267, loss=0.1145
Epoch=268, loss=0.1136
Epoch=269, loss=0.1163
Epoch=270, loss=0.1090
Epoch=271, loss=0.1134
Epoch=272, loss=0.1136
Epoch=273, loss=0.1144
Epoch=274, loss=0.1102
Epoch=275, loss=0.1109
Epoch=276, loss=0.1092
Epoch=277, loss=0.1068
Epoch=278, loss=0.1125
Epoch=279, loss=0.1082
Epoch=280, loss=0.1051
Epoch=281, loss=0.1085
Epoch=282, loss=0.1078
Epoch=283, loss=0.1055
Epoch=284, loss=0.1041
Epoch=285, loss=0.1061
Epoch=286, loss=0.1044
Epoch=287, loss=0.1042
Epoch=288, loss=0.1080
Epoch=289, loss=0.1042
Epoch=290, loss=0.1029
Epoch=291, loss=0.1046
Epoch=292, loss=0.0991
Epoch=293, loss=0.0968
Epoch=294, loss=0.1020
Epoch=295, loss=0.1005
Epoch=296, loss=0.1030
Epoch=297, loss=0.1010
Epoch=298, loss=0.0966
Epoch=299, loss=0.0984
Epoch=300, loss=0.1007
Epoch=301, loss=0.0994
Epoch=302, loss=0.0964
Epoch=303, loss=0.0989
Epoch=304, loss=0.0972
Epoch=305, loss=0.0975
Epoch=306, loss=0.0937
Epoch=307, loss=0.0916
Epoch=308, loss=0.0990
Epoch=309, loss=0.0916
Epoch=310, loss=0.0958
Epoch=311, loss=0.0945
Epoch=312, loss=0.0995
Epoch=313, loss=0.0930
Epoch=314, loss=0.0947
Epoch=315, loss=0.0957
Epoch=316, loss=0.0915
Epoch=317, loss=0.0928
Epoch=318, loss=0.0892
Epoch=319, loss=0.0887
Epoch=320, loss=0.0879
Epoch=321, loss=0.0927
Epoch=322, loss=0.0966
Epoch=323, loss=0.0900
Epoch=324, loss=0.0923
Epoch=325, loss=0.0908
Epoch=326, loss=0.0862
Epoch=327, loss=0.0893
Epoch=328, loss=0.0911
Epoch=329, loss=0.0877
Epoch=330, loss=0.0891
Epoch=331, loss=0.0896
Epoch=332, loss=0.0843
Epoch=333, loss=0.0833
Epoch=334, loss=0.0856
Epoch=335, loss=0.0814
Epoch=336, loss=0.0868
Epoch=337, loss=0.0861
Epoch=338, loss=0.0863
Epoch=339, loss=0.0843
Epoch=340, loss=0.0877
Epoch=341, loss=0.0825
Epoch=342, loss=0.0843
Epoch=343, loss=0.0846
Epoch=344, loss=0.0747
Epoch=345, loss=0.0788
Epoch=346, loss=0.0821
Epoch=347, loss=0.0808
Epoch=348, loss=0.0810
Epoch=349, loss=0.0788
Epoch=350, loss=0.0792
Epoch=351, loss=0.0757
Epoch=352, loss=0.0809
Epoch=353, loss=0.0803
Epoch=354, loss=0.0792
Epoch=355, loss=0.0827
Epoch=356, loss=0.0761
Epoch=357, loss=0.0767
Epoch=358, loss=0.0776
Epoch=359, loss=0.0775
Epoch=360, loss=0.0811
Epoch=361, loss=0.0798
Epoch=362, loss=0.0802
Epoch=363, loss=0.0770
Epoch=364, loss=0.0777
Early stopping!
Loading 344th epoch
done with the edge prediction
done with the node prediction
done with the second node prediction
(E) | label_classification: F1Mi=0.7813+-0.0271, F1Ma=0.7547+-0.0359, acc=0.7813+-0.0271
[['MVGRL', 'heat', 16, 15, 2, 'normalize', 0.1, 0.2, 0.4, 0.001, 0.5, 0.2, 0.5, 0.0001, 512, 512, 0.9225689181846778, 0.9155990302927597, 0.924073467300858, 0.91377185975004, 0.7071428298950195, 0.6880000233650208, 0.6532881855964661, 0.6928571462631226, 0.6700000166893005, 0.6566731333732605, 0.70439176059075, 0.005709869466679192, 0.6755897681182781, 0.009662215063950534, 0.70439176059075, 0.005709869466679192], ['MVGRL', 'heat', 32, 15, 2, 'normalize', 0.1, 0.2, 0.4, 0.001, 0.5, 0.2, 0.5, 0.0001, 512, 512, 0.972623644235688, 0.9706519496327053, 0.9689085403396835, 0.9669000219920582, 0.8071428537368774, 0.7440000176429749, 0.7238878011703491, 0.8999999761581421, 0.7440000176429749, 0.7422630786895752, 0.7511853867081228, 0.015412171255415923, 0.7284478841061668, 0.023150694524828045, 0.7511853867081228, 0.015412171255415923], ['MVGRL', 'heat', 64, 15, 2, 'normalize', 0.1, 0.2, 0.4, 0.001, 0.5, 0.2, 0.5, 0.0001, 512, 512, 0.9836359029108322, 0.9827567873931844, 0.9718250524792154, 0.9651359408018265, 0.9357143044471741, 0.7900000214576721, 0.7785300016403198, 0.8428571224212646, 0.7860000133514404, 0.7456479668617249, 0.7813447337738049, 0.02711394255229009, 0.7547033905744682, 0.03587186926465517, 0.7813447337738049, 0.02711394255229009]]
Epoch=000, loss=0.6921
Epoch=001, loss=0.6892
Epoch=002, loss=0.6842
Epoch=003, loss=0.6782
Epoch=004, loss=0.6730
Epoch=005, loss=0.6690
Epoch=006, loss=0.6641
Epoch=007, loss=0.6576
Epoch=008, loss=0.6510
Epoch=009, loss=0.6417
Epoch=010, loss=0.6343
Epoch=011, loss=0.6277
Epoch=012, loss=0.6206
Epoch=013, loss=0.6088
Epoch=014, loss=0.6019
Epoch=015, loss=0.5898
Epoch=016, loss=0.5805
Epoch=017, loss=0.5730
Epoch=018, loss=0.5656
Epoch=019, loss=0.5588
Epoch=020, loss=0.5440
Epoch=021, loss=0.5332
Epoch=022, loss=0.5288
Epoch=023, loss=0.5176
Epoch=024, loss=0.5108
Epoch=025, loss=0.5023
Epoch=026, loss=0.4934
Epoch=027, loss=0.4875
Epoch=028, loss=0.4842
Epoch=029, loss=0.4739
Epoch=030, loss=0.4619
Epoch=031, loss=0.4540
Epoch=032, loss=0.4500
Epoch=033, loss=0.4414
Epoch=034, loss=0.4401
Epoch=035, loss=0.4341
Epoch=036, loss=0.4250
Epoch=037, loss=0.4171
Epoch=038, loss=0.4092
Epoch=039, loss=0.4027
Epoch=040, loss=0.3977
Epoch=041, loss=0.3931
Epoch=042, loss=0.3882
Epoch=043, loss=0.3857
Epoch=044, loss=0.3790
Epoch=045, loss=0.3686
Epoch=046, loss=0.3654
Epoch=047, loss=0.3608
Epoch=048, loss=0.3551
Epoch=049, loss=0.3516
Epoch=050, loss=0.3413
Epoch=051, loss=0.3415
Epoch=052, loss=0.3361
Epoch=053, loss=0.3349
Epoch=054, loss=0.3257
Epoch=055, loss=0.3271
Epoch=056, loss=0.3233
Epoch=057, loss=0.3142
Epoch=058, loss=0.3102
Epoch=059, loss=0.3075
Epoch=060, loss=0.3083
Epoch=061, loss=0.3000
Epoch=062, loss=0.2954
Epoch=063, loss=0.2899
Epoch=064, loss=0.2903
Epoch=065, loss=0.2854
Epoch=066, loss=0.2803
Epoch=067, loss=0.2738
Epoch=068, loss=0.2792
Epoch=069, loss=0.2707
Epoch=070, loss=0.2682
Epoch=071, loss=0.2634
Epoch=072, loss=0.2595
Epoch=073, loss=0.2542
Epoch=074, loss=0.2526
Epoch=075, loss=0.2514
Epoch=076, loss=0.2493
Epoch=077, loss=0.2425
Epoch=078, loss=0.2414
Epoch=079, loss=0.2438
Epoch=080, loss=0.2310
Epoch=081, loss=0.2322
Epoch=082, loss=0.2260
Epoch=083, loss=0.2264
Epoch=084, loss=0.2258
Epoch=085, loss=0.2184
Epoch=086, loss=0.2232
Epoch=087, loss=0.2175
Epoch=088, loss=0.2104
Epoch=089, loss=0.2091
Epoch=090, loss=0.2071
Epoch=091, loss=0.2086
Epoch=092, loss=0.2015
Epoch=093, loss=0.2038
Epoch=094, loss=0.2018
Epoch=095, loss=0.1972
Epoch=096, loss=0.1976
Epoch=097, loss=0.1937
Epoch=098, loss=0.1922
Epoch=099, loss=0.1950
Epoch=100, loss=0.1876
Epoch=101, loss=0.1848
Epoch=102, loss=0.1834
Epoch=103, loss=0.1821
Epoch=104, loss=0.1817
Epoch=105, loss=0.1797
Epoch=106, loss=0.1756
Epoch=107, loss=0.1741
Epoch=108, loss=0.1708
Epoch=109, loss=0.1687
Epoch=110, loss=0.1730
Epoch=111, loss=0.1696
Epoch=112, loss=0.1674
Epoch=113, loss=0.1623
Epoch=114, loss=0.1644
Epoch=115, loss=0.1625
Epoch=116, loss=0.1581
Epoch=117, loss=0.1563
Epoch=118, loss=0.1564
Epoch=119, loss=0.1549
Epoch=120, loss=0.1529
Epoch=121, loss=0.1497
Epoch=122, loss=0.1499
Epoch=123, loss=0.1497
Epoch=124, loss=0.1470
Epoch=125, loss=0.1490
Epoch=126, loss=0.1458
Epoch=127, loss=0.1495
Epoch=128, loss=0.1379
Epoch=129, loss=0.1409
Epoch=130, loss=0.1395
Epoch=131, loss=0.1377
Epoch=132, loss=0.1382
Epoch=133, loss=0.1356
Epoch=134, loss=0.1356
Epoch=135, loss=0.1319
Epoch=136, loss=0.1357
Epoch=137, loss=0.1308
Epoch=138, loss=0.1303
Epoch=139, loss=0.1289
Epoch=140, loss=0.1318
Epoch=141, loss=0.1263
Epoch=142, loss=0.1280
Epoch=143, loss=0.1284
Epoch=144, loss=0.1224
Epoch=145, loss=0.1234
Epoch=146, loss=0.1173
Epoch=147, loss=0.1205
Epoch=148, loss=0.1260
Epoch=149, loss=0.1214
Epoch=150, loss=0.1186
Epoch=151, loss=0.1193
Epoch=152, loss=0.1200
Epoch=153, loss=0.1172
Epoch=154, loss=0.1173
Epoch=155, loss=0.1157
Epoch=156, loss=0.1126
Epoch=157, loss=0.1159
Epoch=158, loss=0.1112
Epoch=159, loss=0.1142
Epoch=160, loss=0.1081
Epoch=161, loss=0.1088
Epoch=162, loss=0.1130
Epoch=163, loss=0.1145
Epoch=164, loss=0.1125
Epoch=165, loss=0.1064
Epoch=166, loss=0.1062
Epoch=167, loss=0.1032
Epoch=168, loss=0.1064
Epoch=169, loss=0.1043
Epoch=170, loss=0.1026
Epoch=171, loss=0.0999
Epoch=172, loss=0.1043
Epoch=173, loss=0.1011
Epoch=174, loss=0.1028
Epoch=175, loss=0.0983
Epoch=176, loss=0.1054
Epoch=177, loss=0.0994
Epoch=178, loss=0.0993
Epoch=179, loss=0.0986
Epoch=180, loss=0.1029
Epoch=181, loss=0.1002
Epoch=182, loss=0.0958
Epoch=183, loss=0.0980
Epoch=184, loss=0.0973
Epoch=185, loss=0.1012
Epoch=186, loss=0.0983
Epoch=187, loss=0.0912
Epoch=188, loss=0.0946
Epoch=189, loss=0.0950
Epoch=190, loss=0.0933
Epoch=191, loss=0.0970
Epoch=192, loss=0.0892
Epoch=193, loss=0.0933
Epoch=194, loss=0.0910
Epoch=195, loss=0.0911
Epoch=196, loss=0.0912
Epoch=197, loss=0.0911
Epoch=198, loss=0.0892
Epoch=199, loss=0.0925
Epoch=200, loss=0.0895
Epoch=201, loss=0.0837
Epoch=202, loss=0.0848
Epoch=203, loss=0.0896
Epoch=204, loss=0.0860
Epoch=205, loss=0.0855
Epoch=206, loss=0.0870
Epoch=207, loss=0.0867
Epoch=208, loss=0.0811
Epoch=209, loss=0.0843
Epoch=210, loss=0.0830
Epoch=211, loss=0.0860
Epoch=212, loss=0.0817
Epoch=213, loss=0.0816
Epoch=214, loss=0.0768
Epoch=215, loss=0.0833
Epoch=216, loss=0.0801
Epoch=217, loss=0.0836
Epoch=218, loss=0.0783
Epoch=219, loss=0.0829
Epoch=220, loss=0.0836
Epoch=221, loss=0.0744
Epoch=222, loss=0.0793
Epoch=223, loss=0.0798
Epoch=224, loss=0.0799
Epoch=225, loss=0.0754
Epoch=226, loss=0.0795
Epoch=227, loss=0.0767
Epoch=228, loss=0.0750
Epoch=229, loss=0.0741
Epoch=230, loss=0.0735
Epoch=231, loss=0.0729
Epoch=232, loss=0.0783
Epoch=233, loss=0.0704
Epoch=234, loss=0.0718
Epoch=235, loss=0.0781
Epoch=236, loss=0.0703
Epoch=237, loss=0.0720
Epoch=238, loss=0.0715
Epoch=239, loss=0.0726
Epoch=240, loss=0.0707
Epoch=241, loss=0.0757
Epoch=242, loss=0.0753
Epoch=243, loss=0.0729
Epoch=244, loss=0.0671
Epoch=245, loss=0.0682
Epoch=246, loss=0.0706
Epoch=247, loss=0.0635
Epoch=248, loss=0.0710
Epoch=249, loss=0.0682
Epoch=250, loss=0.0683
Epoch=251, loss=0.0684
Epoch=252, loss=0.0705
Epoch=253, loss=0.0649
Epoch=254, loss=0.0697
Epoch=255, loss=0.0684
Epoch=256, loss=0.0683
Epoch=257, loss=0.0659
Epoch=258, loss=0.0659
Epoch=259, loss=0.0650
Epoch=260, loss=0.0645
Epoch=261, loss=0.0667
Epoch=262, loss=0.0686
Epoch=263, loss=0.0663
Epoch=264, loss=0.0663
Epoch=265, loss=0.0669
Epoch=266, loss=0.0667
Epoch=267, loss=0.0602
Epoch=268, loss=0.0668
Epoch=269, loss=0.0666
Epoch=270, loss=0.0646
Epoch=271, loss=0.0642
Epoch=272, loss=0.0631
Epoch=273, loss=0.0679
Epoch=274, loss=0.0603
Epoch=275, loss=0.0627
Epoch=276, loss=0.0607
Epoch=277, loss=0.0660
Epoch=278, loss=0.0614
Epoch=279, loss=0.0630
Epoch=280, loss=0.0605
Epoch=281, loss=0.0568
Epoch=282, loss=0.0602
Epoch=283, loss=0.0572
Epoch=284, loss=0.0577
Epoch=285, loss=0.0607
Epoch=286, loss=0.0614
Epoch=287, loss=0.0634
Epoch=288, loss=0.0550
Epoch=289, loss=0.0575
Epoch=290, loss=0.0566
Epoch=291, loss=0.0579
Epoch=292, loss=0.0556
Epoch=293, loss=0.0527
Epoch=294, loss=0.0575
Epoch=295, loss=0.0555
Epoch=296, loss=0.0598
Epoch=297, loss=0.0605
Epoch=298, loss=0.0566
Epoch=299, loss=0.0544
Epoch=300, loss=0.0539
Epoch=301, loss=0.0571
Epoch=302, loss=0.0542
Epoch=303, loss=0.0568
Epoch=304, loss=0.0571
Epoch=305, loss=0.0620
Epoch=306, loss=0.0576
Epoch=307, loss=0.0601
Epoch=308, loss=0.0560
Epoch=309, loss=0.0575
Epoch=310, loss=0.0526
Epoch=311, loss=0.0536
Epoch=312, loss=0.0607
Epoch=313, loss=0.0526
Epoch=314, loss=0.0529
Epoch=315, loss=0.0541
Epoch=316, loss=0.0560
Epoch=317, loss=0.0543
Epoch=318, loss=0.0510
Epoch=319, loss=0.0541
Epoch=320, loss=0.0517
Epoch=321, loss=0.0516
Epoch=322, loss=0.0524
Epoch=323, loss=0.0514
Epoch=324, loss=0.0488
Epoch=325, loss=0.0508
Epoch=326, loss=0.0540
Epoch=327, loss=0.0505
Epoch=328, loss=0.0485
Epoch=329, loss=0.0500
Epoch=330, loss=0.0493
Epoch=331, loss=0.0489
Epoch=332, loss=0.0501
Epoch=333, loss=0.0515
Epoch=334, loss=0.0536
Epoch=335, loss=0.0487
Epoch=336, loss=0.0500
Epoch=337, loss=0.0495
Epoch=338, loss=0.0482
Epoch=339, loss=0.0481
Epoch=340, loss=0.0486
Epoch=341, loss=0.0485
Epoch=342, loss=0.0470
Epoch=343, loss=0.0497
Epoch=344, loss=0.0505
Epoch=345, loss=0.0461
Epoch=346, loss=0.0510
Epoch=347, loss=0.0475
Epoch=348, loss=0.0499
Epoch=349, loss=0.0484
Epoch=350, loss=0.0461
Epoch=351, loss=0.0498
Epoch=352, loss=0.0420
Epoch=353, loss=0.0475
Epoch=354, loss=0.0464
Epoch=355, loss=0.0435
Epoch=356, loss=0.0496
Epoch=357, loss=0.0442
Epoch=358, loss=0.0475
Epoch=359, loss=0.0485
Epoch=360, loss=0.0431
Epoch=361, loss=0.0428
Epoch=362, loss=0.0439
Epoch=363, loss=0.0416
Epoch=364, loss=0.0455
Epoch=365, loss=0.0488
Epoch=366, loss=0.0454
Epoch=367, loss=0.0476
Epoch=368, loss=0.0456
Epoch=369, loss=0.0459
Epoch=370, loss=0.0428
Epoch=371, loss=0.0439
Epoch=372, loss=0.0454
Epoch=373, loss=0.0427
Epoch=374, loss=0.0424
Epoch=375, loss=0.0418
Epoch=376, loss=0.0409
Epoch=377, loss=0.0464
Epoch=378, loss=0.0433
Epoch=379, loss=0.0451
Epoch=380, loss=0.0423
Epoch=381, loss=0.0438
Epoch=382, loss=0.0435
Epoch=383, loss=0.0429
Epoch=384, loss=0.0421
Epoch=385, loss=0.0419
Epoch=386, loss=0.0402
Epoch=387, loss=0.0394
Epoch=388, loss=0.0372
Epoch=389, loss=0.0379
Epoch=390, loss=0.0402
Epoch=391, loss=0.0433
Epoch=392, loss=0.0381
Epoch=393, loss=0.0400
Epoch=394, loss=0.0399
Epoch=395, loss=0.0403
Epoch=396, loss=0.0439
Epoch=397, loss=0.0370
Epoch=398, loss=0.0358
Epoch=399, loss=0.0407
Epoch=400, loss=0.0394
Epoch=401, loss=0.0364
Epoch=402, loss=0.0372
Epoch=403, loss=0.0374
Epoch=404, loss=0.0403
Epoch=405, loss=0.0384
Epoch=406, loss=0.0423
Epoch=407, loss=0.0412
Epoch=408, loss=0.0410
Epoch=409, loss=0.0388
Epoch=410, loss=0.0344
Epoch=411, loss=0.0373
Epoch=412, loss=0.0397
Epoch=413, loss=0.0368
Epoch=414, loss=0.0372
Epoch=415, loss=0.0374
Epoch=416, loss=0.0400
Epoch=417, loss=0.0391
Epoch=418, loss=0.0387
Epoch=419, loss=0.0352
Epoch=420, loss=0.0393
Epoch=421, loss=0.0370
Epoch=422, loss=0.0375
Epoch=423, loss=0.0319
Epoch=424, loss=0.0364
Epoch=425, loss=0.0338
Epoch=426, loss=0.0391
Epoch=427, loss=0.0323
Epoch=428, loss=0.0406
Epoch=429, loss=0.0337
Epoch=430, loss=0.0357
Epoch=431, loss=0.0377
Epoch=432, loss=0.0361
Epoch=433, loss=0.0339
Epoch=434, loss=0.0354
Epoch=435, loss=0.0362
Epoch=436, loss=0.0362
Epoch=437, loss=0.0305
Epoch=438, loss=0.0368
Epoch=439, loss=0.0333
Epoch=440, loss=0.0381
Epoch=441, loss=0.0317
Epoch=442, loss=0.0362
Epoch=443, loss=0.0338
Epoch=444, loss=0.0337
Epoch=445, loss=0.0361
Epoch=446, loss=0.0343
Epoch=447, loss=0.0357
Epoch=448, loss=0.0394
Epoch=449, loss=0.0370
Epoch=450, loss=0.0347
Epoch=451, loss=0.0323
Epoch=452, loss=0.0375
Epoch=453, loss=0.0342
Epoch=454, loss=0.0349
Epoch=455, loss=0.0349
Epoch=456, loss=0.0375
Epoch=457, loss=0.0353
Early stopping!
Loading 437th epoch
done with the edge prediction
done with the node prediction
done with the second node prediction
(E) | label_classification: F1Mi=0.8023+-0.0107, F1Ma=0.7812+-0.0218, acc=0.8023+-0.0107
[['MVGRL', 'heat', 16, 15, 2, 'normalize', 0.1, 0.2, 0.4, 0.001, 0.5, 0.2, 0.5, 0.0001, 512, 512, 0.9225689181846778, 0.9155990302927597, 0.924073467300858, 0.91377185975004, 0.7071428298950195, 0.6880000233650208, 0.6532881855964661, 0.6928571462631226, 0.6700000166893005, 0.6566731333732605, 0.70439176059075, 0.005709869466679192, 0.6755897681182781, 0.009662215063950534, 0.70439176059075, 0.005709869466679192], ['MVGRL', 'heat', 32, 15, 2, 'normalize', 0.1, 0.2, 0.4, 0.001, 0.5, 0.2, 0.5, 0.0001, 512, 512, 0.972623644235688, 0.9706519496327053, 0.9689085403396835, 0.9669000219920582, 0.8071428537368774, 0.7440000176429749, 0.7238878011703491, 0.8999999761581421, 0.7440000176429749, 0.7422630786895752, 0.7511853867081228, 0.015412171255415923, 0.7284478841061668, 0.023150694524828045, 0.7511853867081228, 0.015412171255415923], ['MVGRL', 'heat', 64, 15, 2, 'normalize', 0.1, 0.2, 0.4, 0.001, 0.5, 0.2, 0.5, 0.0001, 512, 512, 0.9836359029108322, 0.9827567873931844, 0.9718250524792154, 0.9651359408018265, 0.9357143044471741, 0.7900000214576721, 0.7785300016403198, 0.8428571224212646, 0.7860000133514404, 0.7456479668617249, 0.7813447337738049, 0.02711394255229009, 0.7547033905744682, 0.03587186926465517, 0.7813447337738049, 0.02711394255229009], ['MVGRL', 'heat', 128, 15, 2, 'normalize', 0.1, 0.2, 0.4, 0.001, 0.5, 0.2, 0.5, 0.0001, 512, 512, 0.9894691200698397, 0.9883352381157668, 0.979377378667694, 0.9744509649354038, 0.8928571343421936, 0.8040000200271606, 0.7765957713127136, 0.8928571343421936, 0.8059999942779541, 0.780464231967926, 0.8022541780023319, 0.010684449850562697, 0.7811686161568685, 0.021818278302526407, 0.8022541780023319, 0.010684449850562662]]
Epoch=000, loss=0.6952
Epoch=001, loss=0.7126
Epoch=002, loss=0.6820
Epoch=003, loss=0.6821
Epoch=004, loss=0.6822
Epoch=005, loss=0.6691
Epoch=006, loss=0.6597
Epoch=007, loss=0.6607
Epoch=008, loss=0.6537
Epoch=009, loss=0.6386
Epoch=010, loss=0.6325
Epoch=011, loss=0.6259
Epoch=012, loss=0.6162
Epoch=013, loss=0.6015
Epoch=014, loss=0.5944
Epoch=015, loss=0.5838
Epoch=016, loss=0.5669
Epoch=017, loss=0.5576
Epoch=018, loss=0.5454
Epoch=019, loss=0.5322
Epoch=020, loss=0.5217
Epoch=021, loss=0.5096
Epoch=022, loss=0.5119
Epoch=023, loss=0.4882
Epoch=024, loss=0.4782
Epoch=025, loss=0.4584
Epoch=026, loss=0.4526
Epoch=027, loss=0.4415
Epoch=028, loss=0.4354
Epoch=029, loss=0.4285
Epoch=030, loss=0.4164
Epoch=031, loss=0.4058
Epoch=032, loss=0.3956
Epoch=033, loss=0.3882
Epoch=034, loss=0.3793
Epoch=035, loss=0.3735
Epoch=036, loss=0.3557
Epoch=037, loss=0.3545
Epoch=038, loss=0.3503
Epoch=039, loss=0.3404
Epoch=040, loss=0.3350
Epoch=041, loss=0.3234
Epoch=042, loss=0.3142
Epoch=043, loss=0.3107
Epoch=044, loss=0.3051
Epoch=045, loss=0.2970
Epoch=046, loss=0.2916
Epoch=047, loss=0.2871
Epoch=048, loss=0.2779
Epoch=049, loss=0.2748
Epoch=050, loss=0.2702
Epoch=051, loss=0.2645
Epoch=052, loss=0.2554
Epoch=053, loss=0.2502
Epoch=054, loss=0.2464
Epoch=055, loss=0.2418
Epoch=056, loss=0.2396
Epoch=057, loss=0.2351
Epoch=058, loss=0.2311
Epoch=059, loss=0.2234
Epoch=060, loss=0.2198
Epoch=061, loss=0.2226
Epoch=062, loss=0.2093
Epoch=063, loss=0.2082
Epoch=064, loss=0.2002
Epoch=065, loss=0.1976
Epoch=066, loss=0.1964
Epoch=067, loss=0.1958
Epoch=068, loss=0.1940
Epoch=069, loss=0.1876
Epoch=070, loss=0.1846
Epoch=071, loss=0.1831
Epoch=072, loss=0.1774
Epoch=073, loss=0.1761
Epoch=074, loss=0.1755
Epoch=075, loss=0.1676
Epoch=076, loss=0.1710
Epoch=077, loss=0.1625
Epoch=078, loss=0.1630
Epoch=079, loss=0.1608
Epoch=080, loss=0.1560
Epoch=081, loss=0.1560
Epoch=082, loss=0.1551
Epoch=083, loss=0.1499
Epoch=084, loss=0.1490
Epoch=085, loss=0.1467
Epoch=086, loss=0.1452
Epoch=087, loss=0.1405
Epoch=088, loss=0.1412
Epoch=089, loss=0.1380
Epoch=090, loss=0.1346
Epoch=091, loss=0.1337
Epoch=092, loss=0.1314
Epoch=093, loss=0.1320
Epoch=094, loss=0.1287
Epoch=095, loss=0.1302
Epoch=096, loss=0.1276
Epoch=097, loss=0.1241
Epoch=098, loss=0.1244
Epoch=099, loss=0.1199
Epoch=100, loss=0.1224
Epoch=101, loss=0.1196
Epoch=102, loss=0.1205
Epoch=103, loss=0.1219
Epoch=104, loss=0.1175
Epoch=105, loss=0.1184
Epoch=106, loss=0.1112
Epoch=107, loss=0.1136
Epoch=108, loss=0.1115
Epoch=109, loss=0.1097
Epoch=110, loss=0.1063
Epoch=111, loss=0.1071
Epoch=112, loss=0.1085
Epoch=113, loss=0.1058
Epoch=114, loss=0.0993
Epoch=115, loss=0.1024
Epoch=116, loss=0.1048
Epoch=117, loss=0.0979
Epoch=118, loss=0.0999
Epoch=119, loss=0.1044
Epoch=120, loss=0.0998
Epoch=121, loss=0.0959
Epoch=122, loss=0.0949
Epoch=123, loss=0.0954
Epoch=124, loss=0.0965
Epoch=125, loss=0.0968
Epoch=126, loss=0.0948
Epoch=127, loss=0.0925
Epoch=128, loss=0.1021
Epoch=129, loss=0.0962
Epoch=130, loss=0.0903
Epoch=131, loss=0.0918
Epoch=132, loss=0.0892
Epoch=133, loss=0.0914
Epoch=134, loss=0.0905
Epoch=135, loss=0.0882
Epoch=136, loss=0.0916
Epoch=137, loss=0.0893
Epoch=138, loss=0.0824
Epoch=139, loss=0.0878
Epoch=140, loss=0.0865
Epoch=141, loss=0.0767
Epoch=142, loss=0.0866
Epoch=143, loss=0.0816
Epoch=144, loss=0.0831
Epoch=145, loss=0.0803
Epoch=146, loss=0.0810
Epoch=147, loss=0.0764
Epoch=148, loss=0.0813
Epoch=149, loss=0.0791
Epoch=150, loss=0.0815
Epoch=151, loss=0.0815
Epoch=152, loss=0.0752
Epoch=153, loss=0.0766
Epoch=154, loss=0.0779
Epoch=155, loss=0.0742
Epoch=156, loss=0.0757
Epoch=157, loss=0.0768
Epoch=158, loss=0.0760
Epoch=159, loss=0.0762
Epoch=160, loss=0.0716
Epoch=161, loss=0.0735
Epoch=162, loss=0.0780
Epoch=163, loss=0.0720
Epoch=164, loss=0.0732
Epoch=165, loss=0.0723
Epoch=166, loss=0.0688
Epoch=167, loss=0.0717
Epoch=168, loss=0.0779
Epoch=169, loss=0.0702
Epoch=170, loss=0.0722
Epoch=171, loss=0.0653
Epoch=172, loss=0.0718
Epoch=173, loss=0.0731
Epoch=174, loss=0.0713
Epoch=175, loss=0.0680
Epoch=176, loss=0.0698
Epoch=177, loss=0.0675
Epoch=178, loss=0.0659
Epoch=179, loss=0.0660
Epoch=180, loss=0.0683
Epoch=181, loss=0.0642
Epoch=182, loss=0.0622
Epoch=183, loss=0.0652
Epoch=184, loss=0.0690
Epoch=185, loss=0.0663
Epoch=186, loss=0.0665
Epoch=187, loss=0.0604
Epoch=188, loss=0.0668
Epoch=189, loss=0.0645
Epoch=190, loss=0.0613
Epoch=191, loss=0.0607
Epoch=192, loss=0.0622
Epoch=193, loss=0.0613
Epoch=194, loss=0.0637
Epoch=195, loss=0.0622
Epoch=196, loss=0.0628
Epoch=197, loss=0.0608
Epoch=198, loss=0.0602
Epoch=199, loss=0.0624
Epoch=200, loss=0.0590
Epoch=201, loss=0.0619
Epoch=202, loss=0.0615
Epoch=203, loss=0.0620
Epoch=204, loss=0.0581
Epoch=205, loss=0.0572
Epoch=206, loss=0.0640
Epoch=207, loss=0.0611
Epoch=208, loss=0.0532
Epoch=209, loss=0.0585
Epoch=210, loss=0.0583
Epoch=211, loss=0.0592
Epoch=212, loss=0.0543
Epoch=213, loss=0.0605
Epoch=214, loss=0.0576
Epoch=215, loss=0.0605
Epoch=216, loss=0.0539
Epoch=217, loss=0.0541
Epoch=218, loss=0.0548
Epoch=219, loss=0.0501
Epoch=220, loss=0.0557
Epoch=221, loss=0.0534
Epoch=222, loss=0.0571
Epoch=223, loss=0.0584
Epoch=224, loss=0.0576
Epoch=225, loss=0.0628
Epoch=226, loss=0.0546
Epoch=227, loss=0.0540
Epoch=228, loss=0.0591
Epoch=229, loss=0.0508
Epoch=230, loss=0.0526
Epoch=231, loss=0.0559
Epoch=232, loss=0.0501
Epoch=233, loss=0.0499
Epoch=234, loss=0.0542
Epoch=235, loss=0.0572
Epoch=236, loss=0.0520
Epoch=237, loss=0.0513
Epoch=238, loss=0.0539
Epoch=239, loss=0.0522
Epoch=240, loss=0.0503
Epoch=241, loss=0.0495
Epoch=242, loss=0.0487
Epoch=243, loss=0.0482
Epoch=244, loss=0.0482
Epoch=245, loss=0.0524
Epoch=246, loss=0.0497
Epoch=247, loss=0.0480
Epoch=248, loss=0.0429
Epoch=249, loss=0.0487
Epoch=250, loss=0.0490
Epoch=251, loss=0.0450
Epoch=252, loss=0.0484
Epoch=253, loss=0.0527
Epoch=254, loss=0.0535
Epoch=255, loss=0.0486
Epoch=256, loss=0.0535
Epoch=257, loss=0.0470
Epoch=258, loss=0.0476
Epoch=259, loss=0.0467
Epoch=260, loss=0.0466
Epoch=261, loss=0.0500
Epoch=262, loss=0.0454
Epoch=263, loss=0.0449
Epoch=264, loss=0.0458
Epoch=265, loss=0.0449
Epoch=266, loss=0.0428
Epoch=267, loss=0.0502
Epoch=268, loss=0.0443
Epoch=269, loss=0.0462
Epoch=270, loss=0.0468
Epoch=271, loss=0.0442
Epoch=272, loss=0.0416
Epoch=273, loss=0.0468
Epoch=274, loss=0.0455
Epoch=275, loss=0.0412
Epoch=276, loss=0.0468
Epoch=277, loss=0.0454
Epoch=278, loss=0.0441
Epoch=279, loss=0.0471
Epoch=280, loss=0.0420
Epoch=281, loss=0.0407
Epoch=282, loss=0.0422
Epoch=283, loss=0.0447
Epoch=284, loss=0.0444
Epoch=285, loss=0.0443
Epoch=286, loss=0.0423
Epoch=287, loss=0.0367
Epoch=288, loss=0.0397
Epoch=289, loss=0.0394
Epoch=290, loss=0.0379
Epoch=291, loss=0.0398
Epoch=292, loss=0.0432
Epoch=293, loss=0.0445
Epoch=294, loss=0.0420
Epoch=295, loss=0.0391
Epoch=296, loss=0.0381
Epoch=297, loss=0.0406
Epoch=298, loss=0.0405
Epoch=299, loss=0.0425
Epoch=300, loss=0.0423
Epoch=301, loss=0.0404
Epoch=302, loss=0.0395
Epoch=303, loss=0.0390
Epoch=304, loss=0.0444
Epoch=305, loss=0.0406
Epoch=306, loss=0.0349
Epoch=307, loss=0.0417
Epoch=308, loss=0.0402
Epoch=309, loss=0.0409
Epoch=310, loss=0.0340
Epoch=311, loss=0.0412
Epoch=312, loss=0.0405
Epoch=313, loss=0.0386
Epoch=314, loss=0.0414
Epoch=315, loss=0.0392
Epoch=316, loss=0.0383
Epoch=317, loss=0.0359
Epoch=318, loss=0.0341
Epoch=319, loss=0.0359
Epoch=320, loss=0.0387
Epoch=321, loss=0.0379
Epoch=322, loss=0.0349
Epoch=323, loss=0.0366
Epoch=324, loss=0.0380
Epoch=325, loss=0.0350
Epoch=326, loss=0.0398
Epoch=327, loss=0.0371
Epoch=328, loss=0.0407
Epoch=329, loss=0.0377
Epoch=330, loss=0.0371
Early stopping!
Loading 310th epoch
Early stopping!
Start to test process.
done with the edge prediction
done with the node prediction
done with the second node prediction
(E) | label_classification: F1Mi=0.7950+-0.0072, F1Ma=0.7796+-0.0096, acc=0.7950+-0.0072
[['MVGRL', 'heat', 16, 15, 2, 'normalize', 0.1, 0.2, 0.4, 0.001, 0.5, 0.2, 0.5, 0.0001, 512, 512, 0.9225689181846778, 0.9155990302927597, 0.924073467300858, 0.91377185975004, 0.7071428298950195, 0.6880000233650208, 0.6532881855964661, 0.6928571462631226, 0.6700000166893005, 0.6566731333732605, 0.70439176059075, 0.005709869466679192, 0.6755897681182781, 0.009662215063950534, 0.70439176059075, 0.005709869466679192], ['MVGRL', 'heat', 32, 15, 2, 'normalize', 0.1, 0.2, 0.4, 0.001, 0.5, 0.2, 0.5, 0.0001, 512, 512, 0.972623644235688, 0.9706519496327053, 0.9689085403396835, 0.9669000219920582, 0.8071428537368774, 0.7440000176429749, 0.7238878011703491, 0.8999999761581421, 0.7440000176429749, 0.7422630786895752, 0.7511853867081228, 0.015412171255415923, 0.7284478841061668, 0.023150694524828045, 0.7511853867081228, 0.015412171255415923], ['MVGRL', 'heat', 64, 15, 2, 'normalize', 0.1, 0.2, 0.4, 0.001, 0.5, 0.2, 0.5, 0.0001, 512, 512, 0.9836359029108322, 0.9827567873931844, 0.9718250524792154, 0.9651359408018265, 0.9357143044471741, 0.7900000214576721, 0.7785300016403198, 0.8428571224212646, 0.7860000133514404, 0.7456479668617249, 0.7813447337738049, 0.02711394255229009, 0.7547033905744682, 0.03587186926465517, 0.7813447337738049, 0.02711394255229009], ['MVGRL', 'heat', 128, 15, 2, 'normalize', 0.1, 0.2, 0.4, 0.001, 0.5, 0.2, 0.5, 0.0001, 512, 512, 0.9894691200698397, 0.9883352381157668, 0.979377378667694, 0.9744509649354038, 0.8928571343421936, 0.8040000200271606, 0.7765957713127136, 0.8928571343421936, 0.8059999942779541, 0.780464231967926, 0.8022541780023319, 0.010684449850562697, 0.7811686161568685, 0.021818278302526407, 0.8022541780023319, 0.010684449850562662], ['MVGRL', 'heat', 256, 15, 2, 'normalize', 0.1, 0.2, 0.4, 0.001, 0.5, 0.2, 0.5, 0.0001, 512, 512, 0.994850101359617, 0.9944791515379244, 0.9782503807668627, 0.9740086168158022, 0.9714285731315613, 0.8100000023841858, 0.7814313173294067, 0.9642857313156128, 0.8100000023841858, 0.780464231967926, 0.7950252623396813, 0.007231840403956791, 0.7796026838533437, 0.009565672244288852, 0.7950252623396814, 0.007231840403956763]]
Epoch=000, loss=0.6942
Epoch=001, loss=0.8165
Epoch=002, loss=0.6756
Epoch=003, loss=0.7195
Epoch=004, loss=0.6571
Epoch=005, loss=0.6431
Epoch=006, loss=0.6651
Epoch=007, loss=0.6496
Epoch=008, loss=0.6174
Epoch=009, loss=0.6109
Epoch=010, loss=0.6153
Epoch=011, loss=0.5958
Epoch=012, loss=0.5692
Epoch=013, loss=0.5692
Epoch=014, loss=0.5638
Epoch=015, loss=0.5414
Epoch=016, loss=0.5263
Epoch=017, loss=0.5220
Epoch=018, loss=0.5158
Epoch=019, loss=0.4914
Epoch=020, loss=0.4799
Epoch=021, loss=0.4725
Epoch=022, loss=0.4511
Epoch=023, loss=0.4440
Epoch=024, loss=0.4433
Epoch=025, loss=0.4226
Epoch=026, loss=0.4084
Epoch=027, loss=0.4036
Epoch=028, loss=0.3906
Epoch=029, loss=0.3783
Epoch=030, loss=0.3737
Epoch=031, loss=0.3635
Epoch=032, loss=0.3470
Epoch=033, loss=0.3406
Epoch=034, loss=0.3342
Epoch=035, loss=0.3216
Epoch=036, loss=0.3135
Epoch=037, loss=0.3087
Epoch=038, loss=0.2942
Epoch=039, loss=0.2932
Epoch=040, loss=0.2771
Epoch=041, loss=0.2706
Epoch=042, loss=0.2654
Epoch=043, loss=0.2707
Epoch=044, loss=0.2519
Epoch=045, loss=0.2479
Epoch=046, loss=0.2390
Epoch=047, loss=0.2376
Epoch=048, loss=0.2295
Epoch=049, loss=0.2245
Epoch=050, loss=0.2148
Epoch=051, loss=0.2140
Epoch=052, loss=0.2045
Epoch=053, loss=0.2016
Epoch=054, loss=0.1960
Epoch=055, loss=0.1979
Epoch=056, loss=0.1886
Epoch=057, loss=0.1857
Epoch=058, loss=0.1765
Epoch=059, loss=0.1755
Epoch=060, loss=0.1732
Epoch=061, loss=0.1693
Epoch=062, loss=0.1646
Epoch=063, loss=0.1559
Epoch=064, loss=0.1553
Epoch=065, loss=0.1521
Epoch=066, loss=0.1532
Epoch=067, loss=0.1454
Epoch=068, loss=0.1431
Epoch=069, loss=0.1453
Epoch=070, loss=0.1374
Epoch=071, loss=0.1423
Epoch=072, loss=0.1335
Epoch=073, loss=0.1317
Epoch=074, loss=0.1276
Epoch=075, loss=0.1271
Epoch=076, loss=0.1255
Epoch=077, loss=0.1255
Epoch=078, loss=0.1205
Epoch=079, loss=0.1199
Epoch=080, loss=0.1203
Epoch=081, loss=0.1137
Epoch=082, loss=0.1121
Epoch=083, loss=0.1146
Epoch=084, loss=0.1077
Epoch=085, loss=0.1097
Epoch=086, loss=0.1068
Epoch=087, loss=0.1082
Epoch=088, loss=0.1051
Epoch=089, loss=0.1010
Epoch=090, loss=0.1065
Epoch=091, loss=0.0987
Epoch=092, loss=0.0956
Epoch=093, loss=0.0974
Epoch=094, loss=0.0963
Epoch=095, loss=0.0937
Epoch=096, loss=0.0940
Epoch=097, loss=0.0996
Epoch=098, loss=0.0951
Epoch=099, loss=0.0945
Epoch=100, loss=0.0872
Epoch=101, loss=0.0862
Epoch=102, loss=0.0908
Epoch=103, loss=0.0882
Epoch=104, loss=0.0870
Epoch=105, loss=0.0918
Epoch=106, loss=0.0875
Epoch=107, loss=0.0898
Epoch=108, loss=0.0842
Epoch=109, loss=0.0846
Epoch=110, loss=0.0834
Epoch=111, loss=0.0813
Epoch=112, loss=0.0897
Epoch=113, loss=0.0820
Epoch=114, loss=0.0818
Epoch=115, loss=0.0838
Epoch=116, loss=0.0818
Epoch=117, loss=0.0773
Epoch=118, loss=0.0799
Epoch=119, loss=0.0786
Epoch=120, loss=0.0790
Epoch=121, loss=0.0803
Epoch=122, loss=0.0758
Epoch=123, loss=0.0753
Epoch=124, loss=0.0767
Epoch=125, loss=0.0753
Epoch=126, loss=0.0731
Epoch=127, loss=0.0795
Epoch=128, loss=0.0770
Epoch=129, loss=0.0697
Epoch=130, loss=0.0750
Epoch=131, loss=0.0712
Epoch=132, loss=0.0704
Epoch=133, loss=0.0697
Epoch=134, loss=0.0721
Epoch=135, loss=0.0712
Epoch=136, loss=0.0709
Epoch=137, loss=0.0654
Epoch=138, loss=0.0694
Epoch=139, loss=0.0702
Epoch=140, loss=0.0654
Epoch=141, loss=0.0676
Epoch=142, loss=0.0668
Epoch=143, loss=0.0623
Epoch=144, loss=0.0626
Epoch=145, loss=0.0620
Epoch=146, loss=0.0658
Epoch=147, loss=0.0655
Epoch=148, loss=0.0701
Epoch=149, loss=0.0637
Epoch=150, loss=0.0653
Epoch=151, loss=0.0651
Epoch=152, loss=0.0628
Epoch=153, loss=0.0591
Epoch=154, loss=0.0639
Epoch=155, loss=0.0602
Epoch=156, loss=0.0613
Epoch=157, loss=0.0556
Epoch=158, loss=0.0602
Epoch=159, loss=0.0623
Epoch=160, loss=0.0561
Epoch=161, loss=0.0564
Epoch=162, loss=0.0548
Epoch=163, loss=0.0600
Epoch=164, loss=0.0569
Epoch=165, loss=0.0559
Epoch=166, loss=0.0585
Epoch=167, loss=0.0514
Epoch=168, loss=0.0569
Epoch=169, loss=0.0568
Epoch=170, loss=0.0508
Epoch=171, loss=0.0527
Epoch=172, loss=0.0544
Epoch=173, loss=0.0486
Epoch=174, loss=0.0570
Epoch=175, loss=0.0552
Epoch=176, loss=0.0571
Epoch=177, loss=0.0508
Epoch=178, loss=0.0546
Epoch=179, loss=0.0546
Epoch=180, loss=0.0515
Epoch=181, loss=0.0531
Epoch=182, loss=0.0543
Epoch=183, loss=0.0553
Epoch=184, loss=0.0485
Epoch=185, loss=0.0555
Epoch=186, loss=0.0481
Epoch=187, loss=0.0501
Epoch=188, loss=0.0504
Epoch=189, loss=0.0510
Epoch=190, loss=0.0498
Epoch=191, loss=0.0478
Epoch=192, loss=0.0487
Epoch=193, loss=0.0517
Epoch=194, loss=0.0506
Epoch=195, loss=0.0533
Epoch=196, loss=0.0520
Epoch=197, loss=0.0456
Epoch=198, loss=0.0504
Epoch=199, loss=0.0498
Epoch=200, loss=0.0526
Epoch=201, loss=0.0499
Epoch=202, loss=0.0480
Epoch=203, loss=0.0495
Epoch=204, loss=0.0467
Epoch=205, loss=0.0499
Epoch=206, loss=0.0437
Epoch=207, loss=0.0483
Epoch=208, loss=0.0494
Epoch=209, loss=0.0452
Epoch=210, loss=0.0480
Epoch=211, loss=0.0442
Epoch=212, loss=0.0456
Epoch=213, loss=0.0464
Epoch=214, loss=0.0474
Epoch=215, loss=0.0462
Epoch=216, loss=0.0436
Epoch=217, loss=0.0481
Epoch=218, loss=0.0496
Epoch=219, loss=0.0468
Epoch=220, loss=0.0453
Epoch=221, loss=0.0447
Epoch=222, loss=0.0451
Epoch=223, loss=0.0445
Epoch=224, loss=0.0417
Epoch=225, loss=0.0401
Epoch=226, loss=0.0437
Epoch=227, loss=0.0462
Epoch=228, loss=0.0427
Epoch=229, loss=0.0411
Epoch=230, loss=0.0424
Epoch=231, loss=0.0441
Epoch=232, loss=0.0435
Epoch=233, loss=0.0404
Epoch=234, loss=0.0406
Epoch=235, loss=0.0454
Epoch=236, loss=0.0408
Epoch=237, loss=0.0434
Epoch=238, loss=0.0462
Epoch=239, loss=0.0432
Epoch=240, loss=0.0397
Epoch=241, loss=0.0446
Epoch=242, loss=0.0397
Epoch=243, loss=0.0464
Epoch=244, loss=0.0383
Epoch=245, loss=0.0402
Epoch=246, loss=0.0431
Epoch=247, loss=0.0389
Epoch=248, loss=0.0448
Epoch=249, loss=0.0397
Epoch=250, loss=0.0392
Epoch=251, loss=0.0396
Epoch=252, loss=0.0387
Epoch=253, loss=0.0405
Epoch=254, loss=0.0375
Epoch=255, loss=0.0399
Epoch=256, loss=0.0407
Epoch=257, loss=0.0430
Epoch=258, loss=0.0384
Epoch=259, loss=0.0400
Epoch=260, loss=0.0367
Epoch=261, loss=0.0397
Epoch=262, loss=0.0409
Epoch=263, loss=0.0386
Epoch=264, loss=0.0395
Epoch=265, loss=0.0388
Epoch=266, loss=0.0378
Epoch=267, loss=0.0417
Epoch=268, loss=0.0357
Epoch=269, loss=0.0380
Epoch=270, loss=0.0450
Epoch=271, loss=0.0373
Epoch=272, loss=0.0379
Epoch=273, loss=0.0369
Epoch=274, loss=0.0398
Epoch=275, loss=0.0373
Epoch=276, loss=0.0366
Epoch=277, loss=0.0353
Epoch=278, loss=0.0320
Epoch=279, loss=0.0353
Epoch=280, loss=0.0323
Epoch=281, loss=0.0376
Epoch=282, loss=0.0326
Epoch=283, loss=0.0377
Epoch=284, loss=0.0361
Epoch=285, loss=0.0357
Epoch=286, loss=0.0362
Epoch=287, loss=0.0370
Epoch=288, loss=0.0321
Epoch=289, loss=0.0456
Epoch=290, loss=0.0302
Epoch=291, loss=0.0360
Epoch=292, loss=0.0394
Epoch=293, loss=0.0396
Epoch=294, loss=0.0350
Epoch=295, loss=0.0366
Epoch=296, loss=0.0374
Epoch=297, loss=0.0378
Epoch=298, loss=0.0361
Epoch=299, loss=0.0336
Epoch=300, loss=0.0333
Epoch=301, loss=0.0326
Epoch=302, loss=0.0332
Epoch=303, loss=0.0341
Epoch=304, loss=0.0328
Epoch=305, loss=0.0383
Epoch=306, loss=0.0367
Epoch=307, loss=0.0328
Epoch=308, loss=0.0341
Epoch=309, loss=0.0313
Epoch=310, loss=0.0352
Early stopping!
Loading 290th epoch
Early stopping!
Start to test process.
done with the edge prediction
done with the node prediction
done with the second node prediction
(E) | label_classification: F1Mi=0.8058+-0.0179, F1Ma=0.7869+-0.0262, acc=0.8058+-0.0179
[['MVGRL', 'heat', 16, 15, 2, 'normalize', 0.1, 0.2, 0.4, 0.001, 0.5, 0.2, 0.5, 0.0001, 512, 512, 0.9225689181846778, 0.9155990302927597, 0.924073467300858, 0.91377185975004, 0.7071428298950195, 0.6880000233650208, 0.6532881855964661, 0.6928571462631226, 0.6700000166893005, 0.6566731333732605, 0.70439176059075, 0.005709869466679192, 0.6755897681182781, 0.009662215063950534, 0.70439176059075, 0.005709869466679192], ['MVGRL', 'heat', 32, 15, 2, 'normalize', 0.1, 0.2, 0.4, 0.001, 0.5, 0.2, 0.5, 0.0001, 512, 512, 0.972623644235688, 0.9706519496327053, 0.9689085403396835, 0.9669000219920582, 0.8071428537368774, 0.7440000176429749, 0.7238878011703491, 0.8999999761581421, 0.7440000176429749, 0.7422630786895752, 0.7511853867081228, 0.015412171255415923, 0.7284478841061668, 0.023150694524828045, 0.7511853867081228, 0.015412171255415923], ['MVGRL', 'heat', 64, 15, 2, 'normalize', 0.1, 0.2, 0.4, 0.001, 0.5, 0.2, 0.5, 0.0001, 512, 512, 0.9836359029108322, 0.9827567873931844, 0.9718250524792154, 0.9651359408018265, 0.9357143044471741, 0.7900000214576721, 0.7785300016403198, 0.8428571224212646, 0.7860000133514404, 0.7456479668617249, 0.7813447337738049, 0.02711394255229009, 0.7547033905744682, 0.03587186926465517, 0.7813447337738049, 0.02711394255229009], ['MVGRL', 'heat', 128, 15, 2, 'normalize', 0.1, 0.2, 0.4, 0.001, 0.5, 0.2, 0.5, 0.0001, 512, 512, 0.9894691200698397, 0.9883352381157668, 0.979377378667694, 0.9744509649354038, 0.8928571343421936, 0.8040000200271606, 0.7765957713127136, 0.8928571343421936, 0.8059999942779541, 0.780464231967926, 0.8022541780023319, 0.010684449850562697, 0.7811686161568685, 0.021818278302526407, 0.8022541780023319, 0.010684449850562662], ['MVGRL', 'heat', 256, 15, 2, 'normalize', 0.1, 0.2, 0.4, 0.001, 0.5, 0.2, 0.5, 0.0001, 512, 512, 0.994850101359617, 0.9944791515379244, 0.9782503807668627, 0.9740086168158022, 0.9714285731315613, 0.8100000023841858, 0.7814313173294067, 0.9642857313156128, 0.8100000023841858, 0.780464231967926, 0.7950252623396813, 0.007231840403956791, 0.7796026838533437, 0.009565672244288852, 0.7950252623396814, 0.007231840403956763], ['MVGRL', 'heat', 512, 15, 2, 'normalize', 0.1, 0.2, 0.4, 0.001, 0.5, 0.2, 0.5, 0.0001, 512, 512, 0.9989383950387803, 0.9988183928331085, 0.9780091384047038, 0.9722959162654934, 0.9214285612106323, 0.7960000038146973, 0.7674081325531006, 0.9142857193946838, 0.7979999780654907, 0.7664409875869751, 0.8057520404197435, 0.01787863936943656, 0.7869036269220923, 0.026231961085742304, 0.8057520404197435, 0.01787863936943656]]
