My SLURM_ARRAY_TASK_ID:  9
My SLURM_ARRAY_JOB_ID:  4522329
MVGRL
Cora
result file is 4522329_9
Dataset: Cora():
======================
Number of graphs: 1
Number of features: 1433
Number of classes: 7
Data(x=[2708, 1433], edge_index=[2, 10556], y=[2708], train_mask=[2708], val_mask=[2708], test_mask=[2708])
==============================================================
Number of nodes: 2708
Number of edges: 10556
Average node degree: 3.90
Number of training nodes: 140
Training node label rate: 0.05
Contains isolated nodes: False
Contains self-loops: False
Is undirected: True
Epoch=000, loss=0.6940
Epoch=001, loss=0.6939
Epoch=002, loss=0.6933
Epoch=003, loss=0.6932
Epoch=004, loss=0.6928
Epoch=005, loss=0.6923
Epoch=006, loss=0.6920
Epoch=007, loss=0.6916
Epoch=008, loss=0.6909
Epoch=009, loss=0.6907
Epoch=010, loss=0.6904
Epoch=011, loss=0.6901
Epoch=012, loss=0.6898
Epoch=013, loss=0.6890
Epoch=014, loss=0.6882
Epoch=015, loss=0.6878
Epoch=016, loss=0.6874
Epoch=017, loss=0.6870
Epoch=018, loss=0.6864
Epoch=019, loss=0.6854
Epoch=020, loss=0.6846
Epoch=021, loss=0.6845
Epoch=022, loss=0.6834
Epoch=023, loss=0.6828
Epoch=024, loss=0.6820
Epoch=025, loss=0.6813
Epoch=026, loss=0.6809
Epoch=027, loss=0.6805
Epoch=028, loss=0.6789
Epoch=029, loss=0.6785
Epoch=030, loss=0.6775
Epoch=031, loss=0.6761
Epoch=032, loss=0.6756
Epoch=033, loss=0.6758
Epoch=034, loss=0.6732
Epoch=035, loss=0.6722
Epoch=036, loss=0.6708
Epoch=037, loss=0.6702
Epoch=038, loss=0.6700
Epoch=039, loss=0.6676
Epoch=040, loss=0.6675
Epoch=041, loss=0.6663
Epoch=042, loss=0.6640
Epoch=043, loss=0.6640
Epoch=044, loss=0.6608
Epoch=045, loss=0.6605
Epoch=046, loss=0.6600
Epoch=047, loss=0.6598
Epoch=048, loss=0.6586
Epoch=049, loss=0.6544
Epoch=050, loss=0.6553
Epoch=051, loss=0.6538
Epoch=052, loss=0.6509
Epoch=053, loss=0.6505
Epoch=054, loss=0.6481
Epoch=055, loss=0.6497
Epoch=056, loss=0.6473
Epoch=057, loss=0.6443
Epoch=058, loss=0.6435
Epoch=059, loss=0.6435
Epoch=060, loss=0.6403
Epoch=061, loss=0.6385
Epoch=062, loss=0.6391
Epoch=063, loss=0.6341
Epoch=064, loss=0.6350
Epoch=065, loss=0.6326
Epoch=066, loss=0.6346
Epoch=067, loss=0.6300
Epoch=068, loss=0.6288
Epoch=069, loss=0.6266
Epoch=070, loss=0.6258
Epoch=071, loss=0.6269
Epoch=072, loss=0.6212
Epoch=073, loss=0.6229
Epoch=074, loss=0.6211
Epoch=075, loss=0.6160
Epoch=076, loss=0.6162
Epoch=077, loss=0.6175
Epoch=078, loss=0.6113
Epoch=079, loss=0.6134
Epoch=080, loss=0.6110
Epoch=081, loss=0.6096
Epoch=082, loss=0.6090
Epoch=083, loss=0.6057
Epoch=084, loss=0.6040
Epoch=085, loss=0.6015
Epoch=086, loss=0.5950
Epoch=087, loss=0.5987
Epoch=088, loss=0.5981
Epoch=089, loss=0.5968
Epoch=090, loss=0.5961
Epoch=091, loss=0.5959
Epoch=092, loss=0.5901
Epoch=093, loss=0.5907
Epoch=094, loss=0.5900
Epoch=095, loss=0.5897
Epoch=096, loss=0.5841
Epoch=097, loss=0.5843
Epoch=098, loss=0.5829
Epoch=099, loss=0.5790
Epoch=100, loss=0.5736
Epoch=101, loss=0.5825
Epoch=102, loss=0.5757
Epoch=103, loss=0.5790
Epoch=104, loss=0.5746
Epoch=105, loss=0.5728
Epoch=106, loss=0.5711
Epoch=107, loss=0.5646
Epoch=108, loss=0.5664
Epoch=109, loss=0.5636
Epoch=110, loss=0.5719
Epoch=111, loss=0.5654
Epoch=112, loss=0.5557
Epoch=113, loss=0.5591
Epoch=114, loss=0.5596
Epoch=115, loss=0.5541
Epoch=116, loss=0.5533
Epoch=117, loss=0.5555
Epoch=118, loss=0.5507
Epoch=119, loss=0.5471
Epoch=120, loss=0.5493
Epoch=121, loss=0.5424
Epoch=122, loss=0.5448
Epoch=123, loss=0.5396
Epoch=124, loss=0.5434
Epoch=125, loss=0.5458
Epoch=126, loss=0.5376
Epoch=127, loss=0.5335
Epoch=128, loss=0.5403
Epoch=129, loss=0.5404
Epoch=130, loss=0.5314
Epoch=131, loss=0.5303
Epoch=132, loss=0.5290
Epoch=133, loss=0.5316
Epoch=134, loss=0.5260
Epoch=135, loss=0.5279
Epoch=136, loss=0.5212
Epoch=137, loss=0.5281
Epoch=138, loss=0.5224
Epoch=139, loss=0.5221
Epoch=140, loss=0.5178
Epoch=141, loss=0.5133
Epoch=142, loss=0.5140
Epoch=143, loss=0.5109
Epoch=144, loss=0.5092
Epoch=145, loss=0.5084
Epoch=146, loss=0.5112
Epoch=147, loss=0.5110
Epoch=148, loss=0.5072
Epoch=149, loss=0.5046
Epoch=150, loss=0.5037
Epoch=151, loss=0.5017
Epoch=152, loss=0.4991
Epoch=153, loss=0.5028
Epoch=154, loss=0.4941
Epoch=155, loss=0.4972
Epoch=156, loss=0.4943
Epoch=157, loss=0.4954
Epoch=158, loss=0.4949
Epoch=159, loss=0.4889
Epoch=160, loss=0.4889
Epoch=161, loss=0.4866
Epoch=162, loss=0.4897
Epoch=163, loss=0.4937
Epoch=164, loss=0.4897
Epoch=165, loss=0.4845
Epoch=166, loss=0.4807
Epoch=167, loss=0.4799
Epoch=168, loss=0.4813
Epoch=169, loss=0.4756
Epoch=170, loss=0.4760
Epoch=171, loss=0.4762
Epoch=172, loss=0.4757
Epoch=173, loss=0.4714
Epoch=174, loss=0.4701
Epoch=175, loss=0.4663
Epoch=176, loss=0.4695
Epoch=177, loss=0.4685
Epoch=178, loss=0.4637
Epoch=179, loss=0.4691
Epoch=180, loss=0.4646
Epoch=181, loss=0.4616
Epoch=182, loss=0.4607
Epoch=183, loss=0.4602
Epoch=184, loss=0.4589
Epoch=185, loss=0.4606
Epoch=186, loss=0.4516
Epoch=187, loss=0.4549
Epoch=188, loss=0.4531
Epoch=189, loss=0.4538
Epoch=190, loss=0.4472
Epoch=191, loss=0.4438
Epoch=192, loss=0.4502
Epoch=193, loss=0.4478
Epoch=194, loss=0.4462
Epoch=195, loss=0.4451
Epoch=196, loss=0.4415
Epoch=197, loss=0.4462
Epoch=198, loss=0.4407
Epoch=199, loss=0.4398
Epoch=200, loss=0.4420
Epoch=201, loss=0.4375
Epoch=202, loss=0.4342
Epoch=203, loss=0.4356
Epoch=204, loss=0.4318
Epoch=205, loss=0.4268
Epoch=206, loss=0.4354
Epoch=207, loss=0.4316
Epoch=208, loss=0.4309
Epoch=209, loss=0.4276
Epoch=210, loss=0.4295
Epoch=211, loss=0.4234
Epoch=212, loss=0.4292
Epoch=213, loss=0.4277
Epoch=214, loss=0.4214
Epoch=215, loss=0.4277
Epoch=216, loss=0.4184
Epoch=217, loss=0.4171
Epoch=218, loss=0.4162
Epoch=219, loss=0.4200
Epoch=220, loss=0.4156
Epoch=221, loss=0.4154
Epoch=222, loss=0.4134
Epoch=223, loss=0.4145
Epoch=224, loss=0.4100
Epoch=225, loss=0.4093
Epoch=226, loss=0.4069
Epoch=227, loss=0.4097
Epoch=228, loss=0.4068
Epoch=229, loss=0.4064
Epoch=230, loss=0.4060
Epoch=231, loss=0.4029
Epoch=232, loss=0.4084
Epoch=233, loss=0.4007
Epoch=234, loss=0.4014
Epoch=235, loss=0.3979
Epoch=236, loss=0.4067
Epoch=237, loss=0.4010
Epoch=238, loss=0.3946
Epoch=239, loss=0.3950
Epoch=240, loss=0.3953
Epoch=241, loss=0.3940
Epoch=242, loss=0.3935
Epoch=243, loss=0.3899
Epoch=244, loss=0.3878
Epoch=245, loss=0.3880
Epoch=246, loss=0.3902
Epoch=247, loss=0.3876
Epoch=248, loss=0.3862
Epoch=249, loss=0.3819
Epoch=250, loss=0.3825
Epoch=251, loss=0.3816
Epoch=252, loss=0.3792
Epoch=253, loss=0.3796
Epoch=254, loss=0.3794
Epoch=255, loss=0.3809
Epoch=256, loss=0.3817
Epoch=257, loss=0.3784
Epoch=258, loss=0.3742
Epoch=259, loss=0.3772
Epoch=260, loss=0.3760
Epoch=261, loss=0.3723
Epoch=262, loss=0.3705
Epoch=263, loss=0.3738
Epoch=264, loss=0.3714
Epoch=265, loss=0.3655
Epoch=266, loss=0.3677
Epoch=267, loss=0.3703
Epoch=268, loss=0.3682
Epoch=269, loss=0.3631
Epoch=270, loss=0.3668
Epoch=271, loss=0.3627
Epoch=272, loss=0.3637
Epoch=273, loss=0.3626
Epoch=274, loss=0.3620
Epoch=275, loss=0.3615
Epoch=276, loss=0.3598
Epoch=277, loss=0.3609
Epoch=278, loss=0.3619
Epoch=279, loss=0.3551
Epoch=280, loss=0.3591
Epoch=281, loss=0.3524
Epoch=282, loss=0.3496
Epoch=283, loss=0.3549
Epoch=284, loss=0.3510
Epoch=285, loss=0.3478
Epoch=286, loss=0.3537
Epoch=287, loss=0.3488
Epoch=288, loss=0.3457
Epoch=289, loss=0.3455
Epoch=290, loss=0.3461
Epoch=291, loss=0.3442
Epoch=292, loss=0.3521
Epoch=293, loss=0.3425
Epoch=294, loss=0.3477
Epoch=295, loss=0.3362
Epoch=296, loss=0.3417
Epoch=297, loss=0.3410
Epoch=298, loss=0.3400
Epoch=299, loss=0.3386
Epoch=300, loss=0.3375
Epoch=301, loss=0.3402
Epoch=302, loss=0.3369
Epoch=303, loss=0.3347
Epoch=304, loss=0.3373
Epoch=305, loss=0.3363
Epoch=306, loss=0.3319
Epoch=307, loss=0.3306
Epoch=308, loss=0.3321
Epoch=309, loss=0.3343
Epoch=310, loss=0.3324
Epoch=311, loss=0.3305
Epoch=312, loss=0.3265
Epoch=313, loss=0.3264
Epoch=314, loss=0.3251
Epoch=315, loss=0.3279
Epoch=316, loss=0.3264
Epoch=317, loss=0.3257
Epoch=318, loss=0.3243
Epoch=319, loss=0.3231
Epoch=320, loss=0.3249
Epoch=321, loss=0.3264
Epoch=322, loss=0.3206
Epoch=323, loss=0.3203
Epoch=324, loss=0.3228
Epoch=325, loss=0.3158
Epoch=326, loss=0.3212
Epoch=327, loss=0.3218
Epoch=328, loss=0.3149
Epoch=329, loss=0.3123
Epoch=330, loss=0.3143
Epoch=331, loss=0.3158
Epoch=332, loss=0.3157
Epoch=333, loss=0.3134
Epoch=334, loss=0.3081
Epoch=335, loss=0.3075
Epoch=336, loss=0.3049
Epoch=337, loss=0.3037
Epoch=338, loss=0.3073
Epoch=339, loss=0.3039
Epoch=340, loss=0.3095
Epoch=341, loss=0.3052
Epoch=342, loss=0.3026
Epoch=343, loss=0.3030
Epoch=344, loss=0.3088
Epoch=345, loss=0.3054
Epoch=346, loss=0.3062
Epoch=347, loss=0.3045
Epoch=348, loss=0.3061
Epoch=349, loss=0.3008
Epoch=350, loss=0.3016
Epoch=351, loss=0.2966
Epoch=352, loss=0.2998
Epoch=353, loss=0.2989
Epoch=354, loss=0.2933
Epoch=355, loss=0.2986
Epoch=356, loss=0.2982
Epoch=357, loss=0.3000
Epoch=358, loss=0.2937
Epoch=359, loss=0.2920
Epoch=360, loss=0.2923
Epoch=361, loss=0.2922
Epoch=362, loss=0.2897
Epoch=363, loss=0.2914
Epoch=364, loss=0.2918
Epoch=365, loss=0.2882
Epoch=366, loss=0.2878
Epoch=367, loss=0.2877
Epoch=368, loss=0.2900
Epoch=369, loss=0.2869
Epoch=370, loss=0.2845
Epoch=371, loss=0.2852
Epoch=372, loss=0.2817
Epoch=373, loss=0.2868
Epoch=374, loss=0.2818
Epoch=375, loss=0.2837
Epoch=376, loss=0.2795
Epoch=377, loss=0.2827
Epoch=378, loss=0.2815
Epoch=379, loss=0.2813
Epoch=380, loss=0.2821
Epoch=381, loss=0.2847
Epoch=382, loss=0.2773
Epoch=383, loss=0.2738
Epoch=384, loss=0.2791
Epoch=385, loss=0.2766
Epoch=386, loss=0.2802
Epoch=387, loss=0.2744
Epoch=388, loss=0.2687
Epoch=389, loss=0.2786
Epoch=390, loss=0.2725
Epoch=391, loss=0.2697
Epoch=392, loss=0.2766
Epoch=393, loss=0.2734
Epoch=394, loss=0.2672
Epoch=395, loss=0.2695
Epoch=396, loss=0.2662
Epoch=397, loss=0.2690
Epoch=398, loss=0.2681
Epoch=399, loss=0.2722
Epoch=400, loss=0.2657
Epoch=401, loss=0.2671
Epoch=402, loss=0.2606
Epoch=403, loss=0.2656
Epoch=404, loss=0.2667
Epoch=405, loss=0.2599
Epoch=406, loss=0.2674
Epoch=407, loss=0.2613
Epoch=408, loss=0.2628
Epoch=409, loss=0.2634
Epoch=410, loss=0.2574
Epoch=411, loss=0.2596
Epoch=412, loss=0.2598
Epoch=413, loss=0.2649
Epoch=414, loss=0.2576
Epoch=415, loss=0.2595
Epoch=416, loss=0.2600
Epoch=417, loss=0.2528
Epoch=418, loss=0.2606
Epoch=419, loss=0.2587
Epoch=420, loss=0.2595
Epoch=421, loss=0.2535
Epoch=422, loss=0.2545
Epoch=423, loss=0.2546
Epoch=424, loss=0.2537
Epoch=425, loss=0.2489
Epoch=426, loss=0.2510
Epoch=427, loss=0.2492
Epoch=428, loss=0.2547
Epoch=429, loss=0.2456
Epoch=430, loss=0.2490
Epoch=431, loss=0.2514
Epoch=432, loss=0.2450
Epoch=433, loss=0.2460
Epoch=434, loss=0.2439
Epoch=435, loss=0.2434
Epoch=436, loss=0.2466
Epoch=437, loss=0.2428
Epoch=438, loss=0.2395
Epoch=439, loss=0.2399
Epoch=440, loss=0.2375
Epoch=441, loss=0.2399
Epoch=442, loss=0.2448
Epoch=443, loss=0.2389
Epoch=444, loss=0.2413
Epoch=445, loss=0.2386
Epoch=446, loss=0.2364
Epoch=447, loss=0.2375
Epoch=448, loss=0.2378
Epoch=449, loss=0.2386
Epoch=450, loss=0.2354
Epoch=451, loss=0.2352
Epoch=452, loss=0.2385
Epoch=453, loss=0.2353
Epoch=454, loss=0.2289
Epoch=455, loss=0.2352
Epoch=456, loss=0.2317
Epoch=457, loss=0.2348
Epoch=458, loss=0.2320
Epoch=459, loss=0.2329
Epoch=460, loss=0.2341
Epoch=461, loss=0.2343
Epoch=462, loss=0.2298
Epoch=463, loss=0.2293
Epoch=464, loss=0.2288
Epoch=465, loss=0.2268
Epoch=466, loss=0.2274
Epoch=467, loss=0.2271
Epoch=468, loss=0.2314
Epoch=469, loss=0.2279
Epoch=470, loss=0.2238
Epoch=471, loss=0.2236
Epoch=472, loss=0.2243
Epoch=473, loss=0.2203
Epoch=474, loss=0.2260
Epoch=475, loss=0.2266
Epoch=476, loss=0.2200
Epoch=477, loss=0.2203
Epoch=478, loss=0.2243
Epoch=479, loss=0.2192
Epoch=480, loss=0.2229
Epoch=481, loss=0.2224
Epoch=482, loss=0.2198
Epoch=483, loss=0.2245
Epoch=484, loss=0.2200
Epoch=485, loss=0.2204
Epoch=486, loss=0.2221
Epoch=487, loss=0.2221
Epoch=488, loss=0.2180
Epoch=489, loss=0.2165
Epoch=490, loss=0.2182
Epoch=491, loss=0.2151
Epoch=492, loss=0.2150
Epoch=493, loss=0.2187
Epoch=494, loss=0.2135
Epoch=495, loss=0.2149
Epoch=496, loss=0.2163
Epoch=497, loss=0.2085
Epoch=498, loss=0.2158
Epoch=499, loss=0.2172
Loading 497th epoch
Early stopping!
Start to test process.
done with the edge prediction
done with the node prediction
done with the second node prediction
(E) | label_classification: F1Mi=0.6046+-0.0162, F1Ma=0.5464+-0.0214, acc=0.6046+-0.0162
[['MVGRL', 'heat', 16, 15, 2, 'normalize', 0.1, 0.2, 0.4, 0.001, 0.5, 0.2, 0.5, 0.0001, 512, 512, 0.9302022912754471, 0.9297466144955604, 0.9316599994959115, 0.929297160506579, 0.7642857432365417, 0.5899999737739563, 0.6073501110076904, 0.7642857432365417, 0.5899999737739563, 0.6063829660415649, 0.6045860862806063, 0.016160795474493596, 0.546359339320872, 0.021375531092628484, 0.6045860862806063, 0.016160795474493596]]
Epoch=000, loss=0.6946
Epoch=001, loss=0.6937
Epoch=002, loss=0.6927
Epoch=003, loss=0.6912
Epoch=004, loss=0.6903
Epoch=005, loss=0.6894
Epoch=006, loss=0.6883
Epoch=007, loss=0.6879
Epoch=008, loss=0.6861
Epoch=009, loss=0.6852
Epoch=010, loss=0.6847
Epoch=011, loss=0.6833
Epoch=012, loss=0.6818
Epoch=013, loss=0.6805
Epoch=014, loss=0.6788
Epoch=015, loss=0.6787
Epoch=016, loss=0.6767
Epoch=017, loss=0.6738
Epoch=018, loss=0.6741
Epoch=019, loss=0.6721
Epoch=020, loss=0.6705
Epoch=021, loss=0.6681
Epoch=022, loss=0.6657
Epoch=023, loss=0.6633
Epoch=024, loss=0.6622
Epoch=025, loss=0.6600
Epoch=026, loss=0.6576
Epoch=027, loss=0.6573
Epoch=028, loss=0.6543
Epoch=029, loss=0.6516
Epoch=030, loss=0.6484
Epoch=031, loss=0.6468
Epoch=032, loss=0.6460
Epoch=033, loss=0.6404
Epoch=034, loss=0.6385
Epoch=035, loss=0.6338
Epoch=036, loss=0.6334
Epoch=037, loss=0.6323
Epoch=038, loss=0.6262
Epoch=039, loss=0.6257
Epoch=040, loss=0.6227
Epoch=041, loss=0.6157
Epoch=042, loss=0.6166
Epoch=043, loss=0.6121
Epoch=044, loss=0.6115
Epoch=045, loss=0.6080
Epoch=046, loss=0.6045
Epoch=047, loss=0.6037
Epoch=048, loss=0.5966
Epoch=049, loss=0.5943
Epoch=050, loss=0.5934
Epoch=051, loss=0.5907
Epoch=052, loss=0.5845
Epoch=053, loss=0.5805
Epoch=054, loss=0.5761
Epoch=055, loss=0.5728
Epoch=056, loss=0.5712
Epoch=057, loss=0.5735
Epoch=058, loss=0.5669
Epoch=059, loss=0.5633
Epoch=060, loss=0.5602
Epoch=061, loss=0.5561
Epoch=062, loss=0.5526
Epoch=063, loss=0.5523
Epoch=064, loss=0.5461
Epoch=065, loss=0.5451
Epoch=066, loss=0.5407
Epoch=067, loss=0.5399
Epoch=068, loss=0.5365
Epoch=069, loss=0.5378
Epoch=070, loss=0.5292
Epoch=071, loss=0.5209
Epoch=072, loss=0.5238
Epoch=073, loss=0.5169
Epoch=074, loss=0.5147
Epoch=075, loss=0.5147
Epoch=076, loss=0.5131
Epoch=077, loss=0.5110
Epoch=078, loss=0.5061
Epoch=079, loss=0.5039
Epoch=080, loss=0.4998
Epoch=081, loss=0.4984
Epoch=082, loss=0.4925
Epoch=083, loss=0.4949
Epoch=084, loss=0.4856
Epoch=085, loss=0.4862
Epoch=086, loss=0.4860
Epoch=087, loss=0.4829
Epoch=088, loss=0.4789
Epoch=089, loss=0.4761
Epoch=090, loss=0.4713
Epoch=091, loss=0.4732
Epoch=092, loss=0.4651
Epoch=093, loss=0.4647
Epoch=094, loss=0.4628
Epoch=095, loss=0.4613
Epoch=096, loss=0.4584
Epoch=097, loss=0.4581
Epoch=098, loss=0.4555
Epoch=099, loss=0.4549
Epoch=100, loss=0.4495
Epoch=101, loss=0.4474
Epoch=102, loss=0.4437
Epoch=103, loss=0.4439
Epoch=104, loss=0.4415
Epoch=105, loss=0.4399
Epoch=106, loss=0.4377
Epoch=107, loss=0.4330
Epoch=108, loss=0.4341
Epoch=109, loss=0.4265
Epoch=110, loss=0.4291
Epoch=111, loss=0.4249
Epoch=112, loss=0.4256
Epoch=113, loss=0.4204
Epoch=114, loss=0.4232
Epoch=115, loss=0.4149
Epoch=116, loss=0.4122
Epoch=117, loss=0.4140
Epoch=118, loss=0.4109
Epoch=119, loss=0.4092
Epoch=120, loss=0.4081
Epoch=121, loss=0.4097
Epoch=122, loss=0.4014
Epoch=123, loss=0.4049
Epoch=124, loss=0.4027
Epoch=125, loss=0.3997
Epoch=126, loss=0.3982
Epoch=127, loss=0.3942
Epoch=128, loss=0.3926
Epoch=129, loss=0.3888
Epoch=130, loss=0.3939
Epoch=131, loss=0.3883
Epoch=132, loss=0.3843
Epoch=133, loss=0.3863
Epoch=134, loss=0.3811
Epoch=135, loss=0.3774
Epoch=136, loss=0.3831
Epoch=137, loss=0.3760
Epoch=138, loss=0.3758
Epoch=139, loss=0.3760
Epoch=140, loss=0.3728
Epoch=141, loss=0.3758
Epoch=142, loss=0.3708
Epoch=143, loss=0.3650
Epoch=144, loss=0.3681
Epoch=145, loss=0.3667
Epoch=146, loss=0.3606
Epoch=147, loss=0.3605
Epoch=148, loss=0.3580
Epoch=149, loss=0.3599
Epoch=150, loss=0.3593
Epoch=151, loss=0.3574
Epoch=152, loss=0.3549
Epoch=153, loss=0.3504
Epoch=154, loss=0.3550
Epoch=155, loss=0.3458
Epoch=156, loss=0.3484
Epoch=157, loss=0.3437
Epoch=158, loss=0.3452
Epoch=159, loss=0.3396
Epoch=160, loss=0.3424
Epoch=161, loss=0.3385
Epoch=162, loss=0.3390
Epoch=163, loss=0.3399
Epoch=164, loss=0.3343
Epoch=165, loss=0.3313
Epoch=166, loss=0.3315
Epoch=167, loss=0.3310
Epoch=168, loss=0.3309
Epoch=169, loss=0.3282
Epoch=170, loss=0.3293
Epoch=171, loss=0.3279
Epoch=172, loss=0.3217
Epoch=173, loss=0.3220
Epoch=174, loss=0.3204
Epoch=175, loss=0.3204
Epoch=176, loss=0.3183
Epoch=177, loss=0.3218
Epoch=178, loss=0.3169
Epoch=179, loss=0.3163
Epoch=180, loss=0.3124
Epoch=181, loss=0.3155
Epoch=182, loss=0.3155
Epoch=183, loss=0.3105
Epoch=184, loss=0.3096
Epoch=185, loss=0.3096
Epoch=186, loss=0.3055
Epoch=187, loss=0.3036
Epoch=188, loss=0.3037
Epoch=189, loss=0.3003
Epoch=190, loss=0.3008
Epoch=191, loss=0.3007
Epoch=192, loss=0.2966
Epoch=193, loss=0.2986
Epoch=194, loss=0.2978
Epoch=195, loss=0.2947
Epoch=196, loss=0.2960
Epoch=197, loss=0.2914
Epoch=198, loss=0.2918
Epoch=199, loss=0.2843
Epoch=200, loss=0.2884
Epoch=201, loss=0.2890
Epoch=202, loss=0.2823
Epoch=203, loss=0.2834
Epoch=204, loss=0.2831
Epoch=205, loss=0.2883
Epoch=206, loss=0.2789
Epoch=207, loss=0.2790
Epoch=208, loss=0.2782
Epoch=209, loss=0.2801
Epoch=210, loss=0.2764
Epoch=211, loss=0.2758
Epoch=212, loss=0.2739
Epoch=213, loss=0.2773
Epoch=214, loss=0.2708
Epoch=215, loss=0.2715
Epoch=216, loss=0.2713
Epoch=217, loss=0.2679
Epoch=218, loss=0.2732
Epoch=219, loss=0.2700
Epoch=220, loss=0.2650
Epoch=221, loss=0.2652
Epoch=222, loss=0.2638
Epoch=223, loss=0.2639
Epoch=224, loss=0.2605
Epoch=225, loss=0.2615
Epoch=226, loss=0.2609
Epoch=227, loss=0.2575
Epoch=228, loss=0.2594
Epoch=229, loss=0.2529
Epoch=230, loss=0.2562
Epoch=231, loss=0.2555
Epoch=232, loss=0.2539
Epoch=233, loss=0.2512
Epoch=234, loss=0.2568
Epoch=235, loss=0.2493
Epoch=236, loss=0.2502
Epoch=237, loss=0.2442
Epoch=238, loss=0.2485
Epoch=239, loss=0.2448
Epoch=240, loss=0.2430
Epoch=241, loss=0.2450
Epoch=242, loss=0.2434
Epoch=243, loss=0.2405
Epoch=244, loss=0.2383
Epoch=245, loss=0.2389
Epoch=246, loss=0.2418
Epoch=247, loss=0.2350
Epoch=248, loss=0.2460
Epoch=249, loss=0.2363
Epoch=250, loss=0.2352
Epoch=251, loss=0.2366
Epoch=252, loss=0.2349
Epoch=253, loss=0.2302
Epoch=254, loss=0.2301
Epoch=255, loss=0.2298
Epoch=256, loss=0.2331
Epoch=257, loss=0.2348
Epoch=258, loss=0.2260
Epoch=259, loss=0.2234
Epoch=260, loss=0.2261
Epoch=261, loss=0.2190
Epoch=262, loss=0.2243
Epoch=263, loss=0.2232
Epoch=264, loss=0.2265
Epoch=265, loss=0.2209
Epoch=266, loss=0.2180
Epoch=267, loss=0.2170
Epoch=268, loss=0.2149
Epoch=269, loss=0.2177
Epoch=270, loss=0.2183
Epoch=271, loss=0.2164
Epoch=272, loss=0.2147
Epoch=273, loss=0.2159
Epoch=274, loss=0.2145
Epoch=275, loss=0.2106
Epoch=276, loss=0.2116
Epoch=277, loss=0.2104
Epoch=278, loss=0.2097
Epoch=279, loss=0.2107
Epoch=280, loss=0.2092
Epoch=281, loss=0.2060
Epoch=282, loss=0.2055
Epoch=283, loss=0.2071
Epoch=284, loss=0.2086
Epoch=285, loss=0.2068
Epoch=286, loss=0.2003
Epoch=287, loss=0.1989
Epoch=288, loss=0.2011
Epoch=289, loss=0.1985
Epoch=290, loss=0.1998
Epoch=291, loss=0.2013
Epoch=292, loss=0.2046
Epoch=293, loss=0.1940
Epoch=294, loss=0.1971
Epoch=295, loss=0.2016
Epoch=296, loss=0.1956
Epoch=297, loss=0.1934
Epoch=298, loss=0.1933
Epoch=299, loss=0.1981
Epoch=300, loss=0.1962
Epoch=301, loss=0.1895
Epoch=302, loss=0.1905
Epoch=303, loss=0.1938
Epoch=304, loss=0.1886
Epoch=305, loss=0.1900
Epoch=306, loss=0.1907
Epoch=307, loss=0.1870
Epoch=308, loss=0.1880
Epoch=309, loss=0.1896
Epoch=310, loss=0.1868
Epoch=311, loss=0.1821
Epoch=312, loss=0.1837
Epoch=313, loss=0.1829
Epoch=314, loss=0.1871
Epoch=315, loss=0.1816
Epoch=316, loss=0.1826
Epoch=317, loss=0.1805
Epoch=318, loss=0.1800
Epoch=319, loss=0.1875
Epoch=320, loss=0.1801
Epoch=321, loss=0.1782
Epoch=322, loss=0.1787
Epoch=323, loss=0.1774
Epoch=324, loss=0.1779
Epoch=325, loss=0.1781
Epoch=326, loss=0.1767
Epoch=327, loss=0.1758
Epoch=328, loss=0.1721
Epoch=329, loss=0.1768
Epoch=330, loss=0.1725
Epoch=331, loss=0.1714
Epoch=332, loss=0.1782
Epoch=333, loss=0.1743
Epoch=334, loss=0.1694
Epoch=335, loss=0.1660
Epoch=336, loss=0.1720
Epoch=337, loss=0.1721
Epoch=338, loss=0.1646
Epoch=339, loss=0.1706
Epoch=340, loss=0.1698
Epoch=341, loss=0.1613
Epoch=342, loss=0.1696
Epoch=343, loss=0.1673
Epoch=344, loss=0.1665
Epoch=345, loss=0.1635
Epoch=346, loss=0.1669
Epoch=347, loss=0.1653
Epoch=348, loss=0.1730
Epoch=349, loss=0.1653
Epoch=350, loss=0.1633
Epoch=351, loss=0.1611
Epoch=352, loss=0.1642
Epoch=353, loss=0.1633
Epoch=354, loss=0.1595
Epoch=355, loss=0.1614
Epoch=356, loss=0.1587
Epoch=357, loss=0.1533
Epoch=358, loss=0.1569
Epoch=359, loss=0.1594
Epoch=360, loss=0.1554
Epoch=361, loss=0.1581
Epoch=362, loss=0.1584
Epoch=363, loss=0.1550
Epoch=364, loss=0.1522
Epoch=365, loss=0.1615
Epoch=366, loss=0.1564
Epoch=367, loss=0.1538
Epoch=368, loss=0.1622
Epoch=369, loss=0.1528
Epoch=370, loss=0.1527
Epoch=371, loss=0.1522
Epoch=372, loss=0.1534
Epoch=373, loss=0.1494
Epoch=374, loss=0.1511
Epoch=375, loss=0.1518
Epoch=376, loss=0.1495
Epoch=377, loss=0.1473
Epoch=378, loss=0.1486
Epoch=379, loss=0.1448
Epoch=380, loss=0.1463
Epoch=381, loss=0.1474
Epoch=382, loss=0.1450
Epoch=383, loss=0.1489
Epoch=384, loss=0.1479
Epoch=385, loss=0.1443
Epoch=386, loss=0.1446
Epoch=387, loss=0.1453
Epoch=388, loss=0.1386
Epoch=389, loss=0.1417
Epoch=390, loss=0.1433
Epoch=391, loss=0.1449
Epoch=392, loss=0.1402
Epoch=393, loss=0.1406
Epoch=394, loss=0.1435
Epoch=395, loss=0.1377
Epoch=396, loss=0.1393
Epoch=397, loss=0.1440
Epoch=398, loss=0.1420
Epoch=399, loss=0.1411
Epoch=400, loss=0.1386
Epoch=401, loss=0.1381
Epoch=402, loss=0.1388
Epoch=403, loss=0.1373
Epoch=404, loss=0.1390
Epoch=405, loss=0.1340
Epoch=406, loss=0.1348
Epoch=407, loss=0.1357
Epoch=408, loss=0.1359
Epoch=409, loss=0.1332
Epoch=410, loss=0.1358
Epoch=411, loss=0.1356
Epoch=412, loss=0.1341
Epoch=413, loss=0.1369
Epoch=414, loss=0.1368
Epoch=415, loss=0.1349
Epoch=416, loss=0.1323
Epoch=417, loss=0.1328
Epoch=418, loss=0.1387
Epoch=419, loss=0.1315
Epoch=420, loss=0.1291
Epoch=421, loss=0.1298
Epoch=422, loss=0.1315
Epoch=423, loss=0.1268
Epoch=424, loss=0.1305
Epoch=425, loss=0.1257
Epoch=426, loss=0.1271
Epoch=427, loss=0.1274
Epoch=428, loss=0.1269
Epoch=429, loss=0.1301
Epoch=430, loss=0.1280
Epoch=431, loss=0.1269
Epoch=432, loss=0.1278
Epoch=433, loss=0.1287
Epoch=434, loss=0.1241
Epoch=435, loss=0.1222
Epoch=436, loss=0.1292
Epoch=437, loss=0.1239
Epoch=438, loss=0.1246
Epoch=439, loss=0.1222
Epoch=440, loss=0.1211
Epoch=441, loss=0.1253
Epoch=442, loss=0.1227
Epoch=443, loss=0.1212
Epoch=444, loss=0.1228
Epoch=445, loss=0.1218
Epoch=446, loss=0.1207
Epoch=447, loss=0.1215
Epoch=448, loss=0.1184
Epoch=449, loss=0.1246
Epoch=450, loss=0.1177
Epoch=451, loss=0.1190
Epoch=452, loss=0.1199
Epoch=453, loss=0.1247
Epoch=454, loss=0.1174
Epoch=455, loss=0.1171
Epoch=456, loss=0.1169
Epoch=457, loss=0.1170
Epoch=458, loss=0.1190
Epoch=459, loss=0.1164
Epoch=460, loss=0.1159
Epoch=461, loss=0.1182
Epoch=462, loss=0.1186
Epoch=463, loss=0.1145
Epoch=464, loss=0.1180
Epoch=465, loss=0.1151
Epoch=466, loss=0.1156
Epoch=467, loss=0.1147
Epoch=468, loss=0.1143
Epoch=469, loss=0.1173
Epoch=470, loss=0.1159
Epoch=471, loss=0.1098
Epoch=472, loss=0.1123
Epoch=473, loss=0.1098
Epoch=474, loss=0.1098
Epoch=475, loss=0.1156
Epoch=476, loss=0.1123
Epoch=477, loss=0.1139
Epoch=478, loss=0.1115
Epoch=479, loss=0.1091
Epoch=480, loss=0.1166
Epoch=481, loss=0.1088
Epoch=482, loss=0.1132
Epoch=483, loss=0.1069
Epoch=484, loss=0.1118
Epoch=485, loss=0.1109
Epoch=486, loss=0.1074
Epoch=487, loss=0.1089
Epoch=488, loss=0.1060
Epoch=489, loss=0.1091
Epoch=490, loss=0.1052
Epoch=491, loss=0.1105
Epoch=492, loss=0.1059
Epoch=493, loss=0.1084
Epoch=494, loss=0.1061
Epoch=495, loss=0.1076
Epoch=496, loss=0.1094
Epoch=497, loss=0.1059
Epoch=498, loss=0.1045
Epoch=499, loss=0.1041
Loading 499th epoch
Early stopping!
Start to test process.
done with the edge prediction
done with the node prediction
done with the second node prediction
(E) | label_classification: F1Mi=0.7602+-0.0079, F1Ma=0.7296+-0.0131, acc=0.7602+-0.0079
[['MVGRL', 'heat', 16, 15, 2, 'normalize', 0.1, 0.2, 0.4, 0.001, 0.5, 0.2, 0.5, 0.0001, 512, 512, 0.9302022912754471, 0.9297466144955604, 0.9316599994959115, 0.929297160506579, 0.7642857432365417, 0.5899999737739563, 0.6073501110076904, 0.7642857432365417, 0.5899999737739563, 0.6063829660415649, 0.6045860862806063, 0.016160795474493596, 0.546359339320872, 0.021375531092628484, 0.6045860862806063, 0.016160795474493596], ['MVGRL', 'heat', 32, 15, 2, 'normalize', 0.1, 0.2, 0.4, 0.001, 0.5, 0.2, 0.5, 0.0001, 512, 512, 0.9359109933877944, 0.929431206828142, 0.9277101058945951, 0.9124980942649596, 0.9142857193946838, 0.7540000081062317, 0.7369439005851746, 0.8999999761581421, 0.7580000162124634, 0.7306576371192932, 0.7602020987174505, 0.007854220336770591, 0.7295714926606508, 0.01310424546113451, 0.7602020987174505, 0.007854220336770553]]
Epoch=000, loss=0.6931
Epoch=001, loss=0.6912
Epoch=002, loss=0.6885
Epoch=003, loss=0.6869
Epoch=004, loss=0.6841
Epoch=005, loss=0.6813
Epoch=006, loss=0.6785
Epoch=007, loss=0.6758
Epoch=008, loss=0.6738
Epoch=009, loss=0.6709
Epoch=010, loss=0.6664
Epoch=011, loss=0.6649
Epoch=012, loss=0.6612
Epoch=013, loss=0.6558
Epoch=014, loss=0.6506
Epoch=015, loss=0.6455
Epoch=016, loss=0.6444
Epoch=017, loss=0.6390
Epoch=018, loss=0.6326
Epoch=019, loss=0.6270
Epoch=020, loss=0.6218
Epoch=021, loss=0.6197
Epoch=022, loss=0.6124
Epoch=023, loss=0.6093
Epoch=024, loss=0.6020
Epoch=025, loss=0.5933
Epoch=026, loss=0.5953
Epoch=027, loss=0.5849
Epoch=028, loss=0.5810
Epoch=029, loss=0.5764
Epoch=030, loss=0.5756
Epoch=031, loss=0.5643
Epoch=032, loss=0.5599
Epoch=033, loss=0.5561
Epoch=034, loss=0.5463
Epoch=035, loss=0.5455
Epoch=036, loss=0.5359
Epoch=037, loss=0.5344
Epoch=038, loss=0.5296
Epoch=039, loss=0.5250
Epoch=040, loss=0.5206
Epoch=041, loss=0.5135
Epoch=042, loss=0.5087
Epoch=043, loss=0.5007
Epoch=044, loss=0.4968
Epoch=045, loss=0.4916
Epoch=046, loss=0.4901
Epoch=047, loss=0.4849
Epoch=048, loss=0.4825
Epoch=049, loss=0.4743
Epoch=050, loss=0.4751
Epoch=051, loss=0.4645
Epoch=052, loss=0.4667
Epoch=053, loss=0.4549
Epoch=054, loss=0.4580
Epoch=055, loss=0.4473
Epoch=056, loss=0.4457
Epoch=057, loss=0.4413
Epoch=058, loss=0.4370
Epoch=059, loss=0.4332
Epoch=060, loss=0.4305
Epoch=061, loss=0.4264
Epoch=062, loss=0.4282
Epoch=063, loss=0.4169
Epoch=064, loss=0.4183
Epoch=065, loss=0.4124
Epoch=066, loss=0.4079
Epoch=067, loss=0.4092
Epoch=068, loss=0.3977
Epoch=069, loss=0.3965
Epoch=070, loss=0.3972
Epoch=071, loss=0.3950
Epoch=072, loss=0.3898
Epoch=073, loss=0.3816
Epoch=074, loss=0.3831
Epoch=075, loss=0.3816
Epoch=076, loss=0.3779
Epoch=077, loss=0.3721
Epoch=078, loss=0.3694
Epoch=079, loss=0.3676
Epoch=080, loss=0.3700
Epoch=081, loss=0.3632
Epoch=082, loss=0.3599
Epoch=083, loss=0.3545
Epoch=084, loss=0.3516
Epoch=085, loss=0.3491
Epoch=086, loss=0.3503
Epoch=087, loss=0.3426
Epoch=088, loss=0.3434
Epoch=089, loss=0.3377
Epoch=090, loss=0.3438
Epoch=091, loss=0.3365
Epoch=092, loss=0.3293
Epoch=093, loss=0.3291
Epoch=094, loss=0.3277
Epoch=095, loss=0.3255
Epoch=096, loss=0.3222
Epoch=097, loss=0.3200
Epoch=098, loss=0.3203
Epoch=099, loss=0.3178
Epoch=100, loss=0.3138
Epoch=101, loss=0.3087
Epoch=102, loss=0.3133
Epoch=103, loss=0.3082
Epoch=104, loss=0.3033
Epoch=105, loss=0.3009
Epoch=106, loss=0.2987
Epoch=107, loss=0.2976
Epoch=108, loss=0.2951
Epoch=109, loss=0.2933
Epoch=110, loss=0.2876
Epoch=111, loss=0.2913
Epoch=112, loss=0.2900
Epoch=113, loss=0.2873
Epoch=114, loss=0.2862
Epoch=115, loss=0.2817
Epoch=116, loss=0.2755
Epoch=117, loss=0.2785
Epoch=118, loss=0.2781
Epoch=119, loss=0.2731
Epoch=120, loss=0.2700
Epoch=121, loss=0.2716
Epoch=122, loss=0.2640
Epoch=123, loss=0.2663
Epoch=124, loss=0.2623
Epoch=125, loss=0.2642
Epoch=126, loss=0.2557
Epoch=127, loss=0.2552
Epoch=128, loss=0.2579
Epoch=129, loss=0.2527
Epoch=130, loss=0.2537
Epoch=131, loss=0.2514
Epoch=132, loss=0.2520
Epoch=133, loss=0.2540
Epoch=134, loss=0.2471
Epoch=135, loss=0.2444
Epoch=136, loss=0.2426
Epoch=137, loss=0.2397
Epoch=138, loss=0.2393
Epoch=139, loss=0.2364
Epoch=140, loss=0.2355
Epoch=141, loss=0.2374
Epoch=142, loss=0.2350
Epoch=143, loss=0.2314
Epoch=144, loss=0.2313
Epoch=145, loss=0.2267
Epoch=146, loss=0.2290
Epoch=147, loss=0.2238
Epoch=148, loss=0.2280
Epoch=149, loss=0.2273
Epoch=150, loss=0.2265
Epoch=151, loss=0.2172
Epoch=152, loss=0.2144
Epoch=153, loss=0.2152
Epoch=154, loss=0.2199
Epoch=155, loss=0.2139
Epoch=156, loss=0.2145
Epoch=157, loss=0.2088
Epoch=158, loss=0.2129
Epoch=159, loss=0.2084
Epoch=160, loss=0.2087
Epoch=161, loss=0.2038
Epoch=162, loss=0.2041
Epoch=163, loss=0.2036
Epoch=164, loss=0.2015
Epoch=165, loss=0.1973
Epoch=166, loss=0.1988
Epoch=167, loss=0.1998
Epoch=168, loss=0.1995
Epoch=169, loss=0.1984
Epoch=170, loss=0.1949
Epoch=171, loss=0.1941
Epoch=172, loss=0.1909
Epoch=173, loss=0.1866
Epoch=174, loss=0.1947
Epoch=175, loss=0.1872
Epoch=176, loss=0.1887
Epoch=177, loss=0.1836
Epoch=178, loss=0.1845
Epoch=179, loss=0.1835
Epoch=180, loss=0.1833
Epoch=181, loss=0.1844
Epoch=182, loss=0.1786
Epoch=183, loss=0.1791
Epoch=184, loss=0.1772
Epoch=185, loss=0.1772
Epoch=186, loss=0.1744
Epoch=187, loss=0.1722
Epoch=188, loss=0.1723
Epoch=189, loss=0.1720
Epoch=190, loss=0.1709
Epoch=191, loss=0.1745
Epoch=192, loss=0.1733
Epoch=193, loss=0.1692
Epoch=194, loss=0.1712
Epoch=195, loss=0.1688
Epoch=196, loss=0.1668
Epoch=197, loss=0.1663
Epoch=198, loss=0.1631
Epoch=199, loss=0.1637
Epoch=200, loss=0.1639
Epoch=201, loss=0.1609
Epoch=202, loss=0.1632
Epoch=203, loss=0.1605
Epoch=204, loss=0.1606
Epoch=205, loss=0.1623
Epoch=206, loss=0.1588
Epoch=207, loss=0.1606
Epoch=208, loss=0.1551
Epoch=209, loss=0.1564
Epoch=210, loss=0.1522
Epoch=211, loss=0.1504
Epoch=212, loss=0.1515
Epoch=213, loss=0.1535
Epoch=214, loss=0.1491
Epoch=215, loss=0.1474
Epoch=216, loss=0.1476
Epoch=217, loss=0.1450
Epoch=218, loss=0.1481
Epoch=219, loss=0.1462
Epoch=220, loss=0.1441
Epoch=221, loss=0.1438
Epoch=222, loss=0.1469
Epoch=223, loss=0.1447
Epoch=224, loss=0.1460
Epoch=225, loss=0.1472
Epoch=226, loss=0.1396
Epoch=227, loss=0.1454
Epoch=228, loss=0.1408
Epoch=229, loss=0.1381
Epoch=230, loss=0.1349
Epoch=231, loss=0.1398
Epoch=232, loss=0.1371
Epoch=233, loss=0.1356
Epoch=234, loss=0.1416
Epoch=235, loss=0.1373
Epoch=236, loss=0.1353
Epoch=237, loss=0.1322
Epoch=238, loss=0.1327
Epoch=239, loss=0.1317
Epoch=240, loss=0.1298
Epoch=241, loss=0.1309
Epoch=242, loss=0.1310
Epoch=243, loss=0.1304
Epoch=244, loss=0.1268
Epoch=245, loss=0.1285
Epoch=246, loss=0.1246
Epoch=247, loss=0.1243
Epoch=248, loss=0.1268
Epoch=249, loss=0.1260
Epoch=250, loss=0.1248
Epoch=251, loss=0.1214
Epoch=252, loss=0.1270
Epoch=253, loss=0.1228
Epoch=254, loss=0.1268
Epoch=255, loss=0.1233
Epoch=256, loss=0.1218
Epoch=257, loss=0.1215
Epoch=258, loss=0.1221
Epoch=259, loss=0.1182
Epoch=260, loss=0.1194
Epoch=261, loss=0.1187
Epoch=262, loss=0.1171
Epoch=263, loss=0.1168
Epoch=264, loss=0.1181
Epoch=265, loss=0.1194
Epoch=266, loss=0.1149
Epoch=267, loss=0.1163
Epoch=268, loss=0.1152
Epoch=269, loss=0.1139
Epoch=270, loss=0.1135
Epoch=271, loss=0.1175
Epoch=272, loss=0.1126
Epoch=273, loss=0.1126
Epoch=274, loss=0.1156
Epoch=275, loss=0.1078
Epoch=276, loss=0.1099
Epoch=277, loss=0.1093
Epoch=278, loss=0.1081
Epoch=279, loss=0.1127
Epoch=280, loss=0.1103
Epoch=281, loss=0.1108
Epoch=282, loss=0.1087
Epoch=283, loss=0.1143
Epoch=284, loss=0.1042
Epoch=285, loss=0.1065
Epoch=286, loss=0.1055
Epoch=287, loss=0.1052
Epoch=288, loss=0.1023
Epoch=289, loss=0.0994
Epoch=290, loss=0.1068
Epoch=291, loss=0.1026
Epoch=292, loss=0.1077
Epoch=293, loss=0.1053
Epoch=294, loss=0.1054
Epoch=295, loss=0.0996
Epoch=296, loss=0.1005
Epoch=297, loss=0.1000
Epoch=298, loss=0.1007
Epoch=299, loss=0.1024
Epoch=300, loss=0.0996
Epoch=301, loss=0.0981
Epoch=302, loss=0.0989
Epoch=303, loss=0.1003
Epoch=304, loss=0.0999
Epoch=305, loss=0.1019
Epoch=306, loss=0.0921
Epoch=307, loss=0.0965
Epoch=308, loss=0.0973
Epoch=309, loss=0.1005
Epoch=310, loss=0.0966
Epoch=311, loss=0.0962
Epoch=312, loss=0.0971
Epoch=313, loss=0.0933
Epoch=314, loss=0.0919
Epoch=315, loss=0.0964
Epoch=316, loss=0.0949
Epoch=317, loss=0.0939
Epoch=318, loss=0.0928
Epoch=319, loss=0.0953
Epoch=320, loss=0.0925
Epoch=321, loss=0.0926
Epoch=322, loss=0.0918
Epoch=323, loss=0.0893
Epoch=324, loss=0.0916
Epoch=325, loss=0.0889
Epoch=326, loss=0.0893
Epoch=327, loss=0.0929
Epoch=328, loss=0.0887
Epoch=329, loss=0.0846
Epoch=330, loss=0.0900
Epoch=331, loss=0.0891
Epoch=332, loss=0.0909
Epoch=333, loss=0.0877
Epoch=334, loss=0.0906
Epoch=335, loss=0.0868
Epoch=336, loss=0.0879
Epoch=337, loss=0.0855
Epoch=338, loss=0.0822
Epoch=339, loss=0.0850
Epoch=340, loss=0.0850
Epoch=341, loss=0.0831
Epoch=342, loss=0.0871
Epoch=343, loss=0.0800
Epoch=344, loss=0.0814
Epoch=345, loss=0.0847
Epoch=346, loss=0.0828
Epoch=347, loss=0.0820
Epoch=348, loss=0.0840
Epoch=349, loss=0.0843
Epoch=350, loss=0.0833
Epoch=351, loss=0.0855
Epoch=352, loss=0.0804
Epoch=353, loss=0.0793
Epoch=354, loss=0.0792
Epoch=355, loss=0.0800
Epoch=356, loss=0.0793
Epoch=357, loss=0.0828
Epoch=358, loss=0.0816
Epoch=359, loss=0.0816
Epoch=360, loss=0.0815
Epoch=361, loss=0.0793
Epoch=362, loss=0.0776
Epoch=363, loss=0.0774
Epoch=364, loss=0.0801
Epoch=365, loss=0.0800
Epoch=366, loss=0.0791
Epoch=367, loss=0.0761
Epoch=368, loss=0.0818
Epoch=369, loss=0.0755
Epoch=370, loss=0.0754
Epoch=371, loss=0.0772
Epoch=372, loss=0.0760
Epoch=373, loss=0.0757
Epoch=374, loss=0.0761
Epoch=375, loss=0.0792
Epoch=376, loss=0.0698
Epoch=377, loss=0.0753
Epoch=378, loss=0.0759
Epoch=379, loss=0.0757
Epoch=380, loss=0.0740
Epoch=381, loss=0.0740
Epoch=382, loss=0.0760
Epoch=383, loss=0.0778
Epoch=384, loss=0.0743
Epoch=385, loss=0.0716
Epoch=386, loss=0.0738
Epoch=387, loss=0.0734
Epoch=388, loss=0.0729
Epoch=389, loss=0.0746
Epoch=390, loss=0.0730
Epoch=391, loss=0.0706
Epoch=392, loss=0.0760
Epoch=393, loss=0.0721
Epoch=394, loss=0.0758
Epoch=395, loss=0.0677
Epoch=396, loss=0.0733
Epoch=397, loss=0.0697
Epoch=398, loss=0.0668
Epoch=399, loss=0.0707
Epoch=400, loss=0.0720
Epoch=401, loss=0.0692
Epoch=402, loss=0.0711
Epoch=403, loss=0.0652
Epoch=404, loss=0.0713
Epoch=405, loss=0.0693
Epoch=406, loss=0.0638
Epoch=407, loss=0.0671
Epoch=408, loss=0.0667
Epoch=409, loss=0.0722
Epoch=410, loss=0.0665
Epoch=411, loss=0.0619
Epoch=412, loss=0.0646
Epoch=413, loss=0.0641
Epoch=414, loss=0.0655
Epoch=415, loss=0.0689
Epoch=416, loss=0.0662
Epoch=417, loss=0.0637
Epoch=418, loss=0.0649
Epoch=419, loss=0.0631
Epoch=420, loss=0.0650
Epoch=421, loss=0.0644
Epoch=422, loss=0.0669
Epoch=423, loss=0.0622
Epoch=424, loss=0.0607
Epoch=425, loss=0.0633
Epoch=426, loss=0.0579
Epoch=427, loss=0.0593
Epoch=428, loss=0.0656
Epoch=429, loss=0.0696
Epoch=430, loss=0.0653
Epoch=431, loss=0.0623
Epoch=432, loss=0.0623
Epoch=433, loss=0.0669
Epoch=434, loss=0.0623
Epoch=435, loss=0.0657
Epoch=436, loss=0.0597
Epoch=437, loss=0.0664
Epoch=438, loss=0.0641
Epoch=439, loss=0.0639
Epoch=440, loss=0.0606
Epoch=441, loss=0.0633
Epoch=442, loss=0.0611
Epoch=443, loss=0.0598
Epoch=444, loss=0.0603
Epoch=445, loss=0.0600
Epoch=446, loss=0.0588
Early stopping!
Loading 426th epoch
Early stopping!
Start to test process.
done with the edge prediction
done with the node prediction
done with the second node prediction
(E) | label_classification: F1Mi=0.7716+-0.0091, F1Ma=0.7433+-0.0186, acc=0.7716+-0.0091
[['MVGRL', 'heat', 16, 15, 2, 'normalize', 0.1, 0.2, 0.4, 0.001, 0.5, 0.2, 0.5, 0.0001, 512, 512, 0.9302022912754471, 0.9297466144955604, 0.9316599994959115, 0.929297160506579, 0.7642857432365417, 0.5899999737739563, 0.6073501110076904, 0.7642857432365417, 0.5899999737739563, 0.6063829660415649, 0.6045860862806063, 0.016160795474493596, 0.546359339320872, 0.021375531092628484, 0.6045860862806063, 0.016160795474493596], ['MVGRL', 'heat', 32, 15, 2, 'normalize', 0.1, 0.2, 0.4, 0.001, 0.5, 0.2, 0.5, 0.0001, 512, 512, 0.9359109933877944, 0.929431206828142, 0.9277101058945951, 0.9124980942649596, 0.9142857193946838, 0.7540000081062317, 0.7369439005851746, 0.8999999761581421, 0.7580000162124634, 0.7306576371192932, 0.7602020987174505, 0.007854220336770591, 0.7295714926606508, 0.01310424546113451, 0.7602020987174505, 0.007854220336770553], ['MVGRL', 'heat', 64, 15, 2, 'normalize', 0.1, 0.2, 0.4, 0.001, 0.5, 0.2, 0.5, 0.0001, 512, 512, 0.9841604746743942, 0.9827701512235147, 0.9706530466749961, 0.966668927241233, 0.8357142806053162, 0.777999997138977, 0.7601547241210938, 0.8357142806053162, 0.7860000133514404, 0.7654739022254944, 0.7715507190050525, 0.00914248160352719, 0.7432702103108635, 0.0186008070948208, 0.7715507190050525, 0.00914248160352719]]
Epoch=000, loss=0.6949
Epoch=001, loss=0.6902
Epoch=002, loss=0.6856
Epoch=003, loss=0.6809
Epoch=004, loss=0.6766
Epoch=005, loss=0.6731
Epoch=006, loss=0.6673
Epoch=007, loss=0.6614
Epoch=008, loss=0.6563
Epoch=009, loss=0.6489
Epoch=010, loss=0.6408
Epoch=011, loss=0.6342
Epoch=012, loss=0.6279
Epoch=013, loss=0.6161
Epoch=014, loss=0.6087
Epoch=015, loss=0.6003
Epoch=016, loss=0.5930
Epoch=017, loss=0.5801
Epoch=018, loss=0.5728
Epoch=019, loss=0.5710
Epoch=020, loss=0.5543
Epoch=021, loss=0.5426
Epoch=022, loss=0.5387
Epoch=023, loss=0.5290
Epoch=024, loss=0.5191
Epoch=025, loss=0.5102
Epoch=026, loss=0.5054
Epoch=027, loss=0.4966
Epoch=028, loss=0.4893
Epoch=029, loss=0.4799
Epoch=030, loss=0.4739
Epoch=031, loss=0.4658
Epoch=032, loss=0.4531
Epoch=033, loss=0.4506
Epoch=034, loss=0.4480
Epoch=035, loss=0.4365
Epoch=036, loss=0.4323
Epoch=037, loss=0.4238
Epoch=038, loss=0.4171
Epoch=039, loss=0.4162
Epoch=040, loss=0.4109
Epoch=041, loss=0.4049
Epoch=042, loss=0.3957
Epoch=043, loss=0.3967
Epoch=044, loss=0.3889
Epoch=045, loss=0.3829
Epoch=046, loss=0.3774
Epoch=047, loss=0.3682
Epoch=048, loss=0.3670
Epoch=049, loss=0.3635
Epoch=050, loss=0.3592
Epoch=051, loss=0.3546
Epoch=052, loss=0.3478
Epoch=053, loss=0.3398
Epoch=054, loss=0.3346
Epoch=055, loss=0.3306
Epoch=056, loss=0.3280
Epoch=057, loss=0.3223
Epoch=058, loss=0.3210
Epoch=059, loss=0.3146
Epoch=060, loss=0.3114
Epoch=061, loss=0.3049
Epoch=062, loss=0.3070
Epoch=063, loss=0.3034
Epoch=064, loss=0.2978
Epoch=065, loss=0.2902
Epoch=066, loss=0.2908
Epoch=067, loss=0.2856
Epoch=068, loss=0.2795
Epoch=069, loss=0.2772
Epoch=070, loss=0.2753
Epoch=071, loss=0.2705
Epoch=072, loss=0.2658
Epoch=073, loss=0.2683
Epoch=074, loss=0.2663
Epoch=075, loss=0.2556
Epoch=076, loss=0.2540
Epoch=077, loss=0.2480
Epoch=078, loss=0.2513
Epoch=079, loss=0.2418
Epoch=080, loss=0.2414
Epoch=081, loss=0.2355
Epoch=082, loss=0.2346
Epoch=083, loss=0.2368
Epoch=084, loss=0.2322
Epoch=085, loss=0.2283
Epoch=086, loss=0.2274
Epoch=087, loss=0.2209
Epoch=088, loss=0.2232
Epoch=089, loss=0.2183
Epoch=090, loss=0.2138
Epoch=091, loss=0.2136
Epoch=092, loss=0.2129
Epoch=093, loss=0.2054
Epoch=094, loss=0.2061
Epoch=095, loss=0.2013
Epoch=096, loss=0.1989
Epoch=097, loss=0.1984
Epoch=098, loss=0.1945
Epoch=099, loss=0.1935
Epoch=100, loss=0.1924
Epoch=101, loss=0.1880
Epoch=102, loss=0.1866
Epoch=103, loss=0.1878
Epoch=104, loss=0.1824
Epoch=105, loss=0.1827
Epoch=106, loss=0.1754
Epoch=107, loss=0.1751
Epoch=108, loss=0.1705
Epoch=109, loss=0.1722
Epoch=110, loss=0.1689
Epoch=111, loss=0.1695
Epoch=112, loss=0.1638
Epoch=113, loss=0.1657
Epoch=114, loss=0.1674
Epoch=115, loss=0.1668
Epoch=116, loss=0.1597
Epoch=117, loss=0.1609
Epoch=118, loss=0.1618
Epoch=119, loss=0.1543
Epoch=120, loss=0.1540
Epoch=121, loss=0.1547
Epoch=122, loss=0.1539
Epoch=123, loss=0.1510
Epoch=124, loss=0.1521
Epoch=125, loss=0.1471
Epoch=126, loss=0.1445
Epoch=127, loss=0.1397
Epoch=128, loss=0.1438
Epoch=129, loss=0.1431
Epoch=130, loss=0.1430
Epoch=131, loss=0.1378
Epoch=132, loss=0.1375
Epoch=133, loss=0.1330
Epoch=134, loss=0.1356
Epoch=135, loss=0.1384
Epoch=136, loss=0.1390
Epoch=137, loss=0.1287
Epoch=138, loss=0.1346
Epoch=139, loss=0.1311
Epoch=140, loss=0.1283
Epoch=141, loss=0.1275
Epoch=142, loss=0.1265
Epoch=143, loss=0.1272
Epoch=144, loss=0.1255
Epoch=145, loss=0.1272
Epoch=146, loss=0.1205
Epoch=147, loss=0.1218
Epoch=148, loss=0.1200
Epoch=149, loss=0.1162
Epoch=150, loss=0.1212
Epoch=151, loss=0.1184
Epoch=152, loss=0.1208
Epoch=153, loss=0.1139
Epoch=154, loss=0.1157
Epoch=155, loss=0.1136
Epoch=156, loss=0.1160
Epoch=157, loss=0.1149
Epoch=158, loss=0.1104
Epoch=159, loss=0.1103
Epoch=160, loss=0.1112
Epoch=161, loss=0.1076
Epoch=162, loss=0.1101
Epoch=163, loss=0.1102
Epoch=164, loss=0.1055
Epoch=165, loss=0.1067
Epoch=166, loss=0.1071
Epoch=167, loss=0.1057
Epoch=168, loss=0.1044
Epoch=169, loss=0.1074
Epoch=170, loss=0.1027
Epoch=171, loss=0.1038
Epoch=172, loss=0.1056
Epoch=173, loss=0.0996
Epoch=174, loss=0.0984
Epoch=175, loss=0.0958
Epoch=176, loss=0.0995
Epoch=177, loss=0.0955
Epoch=178, loss=0.0978
Epoch=179, loss=0.0944
Epoch=180, loss=0.0970
Epoch=181, loss=0.0916
Epoch=182, loss=0.0927
Epoch=183, loss=0.0927
Epoch=184, loss=0.0927
Epoch=185, loss=0.0923
Epoch=186, loss=0.0931
Epoch=187, loss=0.0888
Epoch=188, loss=0.0879
Epoch=189, loss=0.0919
Epoch=190, loss=0.0911
Epoch=191, loss=0.0883
Epoch=192, loss=0.0900
Epoch=193, loss=0.0907
Epoch=194, loss=0.0864
Epoch=195, loss=0.0858
Epoch=196, loss=0.0874
Epoch=197, loss=0.0843
Epoch=198, loss=0.0871
Epoch=199, loss=0.0905
Epoch=200, loss=0.0894
Epoch=201, loss=0.0876
Epoch=202, loss=0.0859
Epoch=203, loss=0.0848
Epoch=204, loss=0.0797
Epoch=205, loss=0.0829
Epoch=206, loss=0.0839
Epoch=207, loss=0.0832
Epoch=208, loss=0.0796
Epoch=209, loss=0.0817
Epoch=210, loss=0.0816
Epoch=211, loss=0.0820
Epoch=212, loss=0.0805
Epoch=213, loss=0.0799
Epoch=214, loss=0.0812
Epoch=215, loss=0.0772
Epoch=216, loss=0.0795
Epoch=217, loss=0.0749
Epoch=218, loss=0.0787
Epoch=219, loss=0.0760
Epoch=220, loss=0.0786
Epoch=221, loss=0.0794
Epoch=222, loss=0.0809
Epoch=223, loss=0.0768
Epoch=224, loss=0.0745
Epoch=225, loss=0.0714
Epoch=226, loss=0.0754
Epoch=227, loss=0.0747
Epoch=228, loss=0.0746
Epoch=229, loss=0.0706
Epoch=230, loss=0.0709
Epoch=231, loss=0.0729
Epoch=232, loss=0.0714
Epoch=233, loss=0.0687
Epoch=234, loss=0.0737
Epoch=235, loss=0.0706
Epoch=236, loss=0.0749
Epoch=237, loss=0.0678
Epoch=238, loss=0.0698
Epoch=239, loss=0.0716
Epoch=240, loss=0.0652
Epoch=241, loss=0.0646
Epoch=242, loss=0.0657
Epoch=243, loss=0.0714
Epoch=244, loss=0.0659
Epoch=245, loss=0.0656
Epoch=246, loss=0.0680
Epoch=247, loss=0.0678
Epoch=248, loss=0.0636
Epoch=249, loss=0.0652
Epoch=250, loss=0.0614
Epoch=251, loss=0.0696
Epoch=252, loss=0.0667
Epoch=253, loss=0.0655
Epoch=254, loss=0.0620
Epoch=255, loss=0.0640
Epoch=256, loss=0.0642
Epoch=257, loss=0.0641
Epoch=258, loss=0.0627
Epoch=259, loss=0.0638
Epoch=260, loss=0.0641
Epoch=261, loss=0.0609
Epoch=262, loss=0.0564
Epoch=263, loss=0.0627
Epoch=264, loss=0.0582
Epoch=265, loss=0.0606
Epoch=266, loss=0.0610
Epoch=267, loss=0.0620
Epoch=268, loss=0.0633
Epoch=269, loss=0.0604
Epoch=270, loss=0.0634
Epoch=271, loss=0.0587
Epoch=272, loss=0.0642
Epoch=273, loss=0.0612
Epoch=274, loss=0.0556
Epoch=275, loss=0.0582
Epoch=276, loss=0.0581
Epoch=277, loss=0.0543
Epoch=278, loss=0.0530
Epoch=279, loss=0.0584
Epoch=280, loss=0.0571
Epoch=281, loss=0.0581
Epoch=282, loss=0.0602
Epoch=283, loss=0.0572
Epoch=284, loss=0.0544
Epoch=285, loss=0.0581
Epoch=286, loss=0.0549
Epoch=287, loss=0.0552
Epoch=288, loss=0.0537
Epoch=289, loss=0.0548
Epoch=290, loss=0.0568
Epoch=291, loss=0.0559
Epoch=292, loss=0.0564
Epoch=293, loss=0.0528
Epoch=294, loss=0.0546
Epoch=295, loss=0.0515
Epoch=296, loss=0.0564
Epoch=297, loss=0.0531
Epoch=298, loss=0.0512
Epoch=299, loss=0.0555
Epoch=300, loss=0.0528
Epoch=301, loss=0.0529
Epoch=302, loss=0.0538
Epoch=303, loss=0.0517
Epoch=304, loss=0.0493
Epoch=305, loss=0.0528
Epoch=306, loss=0.0490
Epoch=307, loss=0.0505
Epoch=308, loss=0.0485
Epoch=309, loss=0.0533
Epoch=310, loss=0.0493
Epoch=311, loss=0.0537
Epoch=312, loss=0.0519
Epoch=313, loss=0.0498
Epoch=314, loss=0.0508
Epoch=315, loss=0.0498
Epoch=316, loss=0.0550
Epoch=317, loss=0.0474
Epoch=318, loss=0.0501
Epoch=319, loss=0.0550
Epoch=320, loss=0.0444
Epoch=321, loss=0.0495
Epoch=322, loss=0.0454
Epoch=323, loss=0.0481
Epoch=324, loss=0.0493
Epoch=325, loss=0.0489
Epoch=326, loss=0.0488
Epoch=327, loss=0.0463
Epoch=328, loss=0.0451
Epoch=329, loss=0.0501
Epoch=330, loss=0.0485
Epoch=331, loss=0.0475
Epoch=332, loss=0.0497
Epoch=333, loss=0.0495
Epoch=334, loss=0.0473
Epoch=335, loss=0.0423
Epoch=336, loss=0.0412
Epoch=337, loss=0.0479
Epoch=338, loss=0.0431
Epoch=339, loss=0.0461
Epoch=340, loss=0.0461
Epoch=341, loss=0.0460
Epoch=342, loss=0.0471
Epoch=343, loss=0.0467
Epoch=344, loss=0.0458
Epoch=345, loss=0.0445
Epoch=346, loss=0.0415
Epoch=347, loss=0.0425
Epoch=348, loss=0.0400
Epoch=349, loss=0.0431
Epoch=350, loss=0.0431
Epoch=351, loss=0.0432
Epoch=352, loss=0.0432
Epoch=353, loss=0.0468
Epoch=354, loss=0.0412
Epoch=355, loss=0.0460
Epoch=356, loss=0.0441
Epoch=357, loss=0.0436
Epoch=358, loss=0.0446
Epoch=359, loss=0.0462
Epoch=360, loss=0.0432
Epoch=361, loss=0.0427
Epoch=362, loss=0.0394
Epoch=363, loss=0.0450
Epoch=364, loss=0.0424
Epoch=365, loss=0.0404
Epoch=366, loss=0.0432
Epoch=367, loss=0.0424
Epoch=368, loss=0.0425
Epoch=369, loss=0.0387
Epoch=370, loss=0.0432
Epoch=371, loss=0.0434
Epoch=372, loss=0.0417
Epoch=373, loss=0.0435
Epoch=374, loss=0.0434
Epoch=375, loss=0.0409
Epoch=376, loss=0.0365
Epoch=377, loss=0.0435
Epoch=378, loss=0.0413
Epoch=379, loss=0.0410
Epoch=380, loss=0.0401
Epoch=381, loss=0.0411
Epoch=382, loss=0.0409
Epoch=383, loss=0.0425
Epoch=384, loss=0.0364
Epoch=385, loss=0.0386
Epoch=386, loss=0.0366
Epoch=387, loss=0.0396
Epoch=388, loss=0.0349
Epoch=389, loss=0.0417
Epoch=390, loss=0.0389
Epoch=391, loss=0.0365
Epoch=392, loss=0.0388
Epoch=393, loss=0.0390
Epoch=394, loss=0.0404
Epoch=395, loss=0.0353
Epoch=396, loss=0.0369
Epoch=397, loss=0.0361
Epoch=398, loss=0.0376
Epoch=399, loss=0.0364
Epoch=400, loss=0.0358
Epoch=401, loss=0.0336
Epoch=402, loss=0.0359
Epoch=403, loss=0.0408
Epoch=404, loss=0.0382
Epoch=405, loss=0.0364
Epoch=406, loss=0.0385
Epoch=407, loss=0.0340
Epoch=408, loss=0.0378
Epoch=409, loss=0.0360
Epoch=410, loss=0.0375
Epoch=411, loss=0.0397
Epoch=412, loss=0.0357
Epoch=413, loss=0.0363
Epoch=414, loss=0.0357
Epoch=415, loss=0.0355
Epoch=416, loss=0.0344
Epoch=417, loss=0.0337
Epoch=418, loss=0.0317
Epoch=419, loss=0.0330
Epoch=420, loss=0.0328
Epoch=421, loss=0.0375
Epoch=422, loss=0.0353
Epoch=423, loss=0.0352
Epoch=424, loss=0.0325
Epoch=425, loss=0.0326
Epoch=426, loss=0.0339
Epoch=427, loss=0.0311
Epoch=428, loss=0.0355
Epoch=429, loss=0.0326
Epoch=430, loss=0.0336
Epoch=431, loss=0.0351
Epoch=432, loss=0.0298
Epoch=433, loss=0.0340
Epoch=434, loss=0.0348
Epoch=435, loss=0.0329
Epoch=436, loss=0.0309
Epoch=437, loss=0.0335
Epoch=438, loss=0.0330
Epoch=439, loss=0.0347
Epoch=440, loss=0.0326
Epoch=441, loss=0.0302
Epoch=442, loss=0.0329
Epoch=443, loss=0.0347
Epoch=444, loss=0.0304
Epoch=445, loss=0.0315
Epoch=446, loss=0.0325
Epoch=447, loss=0.0351
Epoch=448, loss=0.0284
Epoch=449, loss=0.0318
Epoch=450, loss=0.0345
Epoch=451, loss=0.0328
Epoch=452, loss=0.0312
Epoch=453, loss=0.0282
Epoch=454, loss=0.0280
Epoch=455, loss=0.0305
Epoch=456, loss=0.0340
Epoch=457, loss=0.0303
Epoch=458, loss=0.0306
Epoch=459, loss=0.0296
Epoch=460, loss=0.0310
Epoch=461, loss=0.0311
Epoch=462, loss=0.0288
Epoch=463, loss=0.0275
Epoch=464, loss=0.0290
Epoch=465, loss=0.0268
Epoch=466, loss=0.0301
Epoch=467, loss=0.0261
Epoch=468, loss=0.0305
Epoch=469, loss=0.0319
Epoch=470, loss=0.0304
Epoch=471, loss=0.0276
Epoch=472, loss=0.0268
Epoch=473, loss=0.0275
Epoch=474, loss=0.0306
Epoch=475, loss=0.0274
Epoch=476, loss=0.0287
Epoch=477, loss=0.0297
Epoch=478, loss=0.0302
Epoch=479, loss=0.0287
Epoch=480, loss=0.0333
Epoch=481, loss=0.0286
Epoch=482, loss=0.0271
Epoch=483, loss=0.0305
Epoch=484, loss=0.0290
Epoch=485, loss=0.0273
Epoch=486, loss=0.0283
Epoch=487, loss=0.0270
Early stopping!
Loading 467th epoch
Early stopping!
Start to test process.
done with the edge prediction
done with the node prediction
done with the second node prediction
(E) | label_classification: F1Mi=0.7928+-0.0140, F1Ma=0.7668+-0.0232, acc=0.7928+-0.0140
[['MVGRL', 'heat', 16, 15, 2, 'normalize', 0.1, 0.2, 0.4, 0.001, 0.5, 0.2, 0.5, 0.0001, 512, 512, 0.9302022912754471, 0.9297466144955604, 0.9316599994959115, 0.929297160506579, 0.7642857432365417, 0.5899999737739563, 0.6073501110076904, 0.7642857432365417, 0.5899999737739563, 0.6063829660415649, 0.6045860862806063, 0.016160795474493596, 0.546359339320872, 0.021375531092628484, 0.6045860862806063, 0.016160795474493596], ['MVGRL', 'heat', 32, 15, 2, 'normalize', 0.1, 0.2, 0.4, 0.001, 0.5, 0.2, 0.5, 0.0001, 512, 512, 0.9359109933877944, 0.929431206828142, 0.9277101058945951, 0.9124980942649596, 0.9142857193946838, 0.7540000081062317, 0.7369439005851746, 0.8999999761581421, 0.7580000162124634, 0.7306576371192932, 0.7602020987174505, 0.007854220336770591, 0.7295714926606508, 0.01310424546113451, 0.7602020987174505, 0.007854220336770553], ['MVGRL', 'heat', 64, 15, 2, 'normalize', 0.1, 0.2, 0.4, 0.001, 0.5, 0.2, 0.5, 0.0001, 512, 512, 0.9841604746743942, 0.9827701512235147, 0.9706530466749961, 0.966668927241233, 0.8357142806053162, 0.777999997138977, 0.7601547241210938, 0.8357142806053162, 0.7860000133514404, 0.7654739022254944, 0.7715507190050525, 0.00914248160352719, 0.7432702103108635, 0.0186008070948208, 0.7715507190050525, 0.00914248160352719], ['MVGRL', 'heat', 128, 15, 2, 'normalize', 0.1, 0.2, 0.4, 0.001, 0.5, 0.2, 0.5, 0.0001, 512, 512, 0.9356621867066387, 0.9281248924377054, 0.9259097897590817, 0.9139937313742763, 0.949999988079071, 0.7979999780654907, 0.7601547241210938, 0.949999988079071, 0.800000011920929, 0.761605441570282, 0.7928488146132918, 0.013980649629696761, 0.7667570334604059, 0.023161498070267298, 0.7928488146132918, 0.0139806496296968]]
Epoch=000, loss=0.6982
Epoch=001, loss=0.7073
Epoch=002, loss=0.6837
Epoch=003, loss=0.6812
Epoch=004, loss=0.6805
Epoch=005, loss=0.6678
Epoch=006, loss=0.6605
Epoch=007, loss=0.6583
Epoch=008, loss=0.6500
Epoch=009, loss=0.6392
Epoch=010, loss=0.6307
Epoch=011, loss=0.6238
Epoch=012, loss=0.6098
Epoch=013, loss=0.5991
Epoch=014, loss=0.5881
Epoch=015, loss=0.5784
Epoch=016, loss=0.5633
Epoch=017, loss=0.5502
Epoch=018, loss=0.5377
Epoch=019, loss=0.5249
Epoch=020, loss=0.5183
Epoch=021, loss=0.5038
Epoch=022, loss=0.4926
Epoch=023, loss=0.4822
Epoch=024, loss=0.4779
Epoch=025, loss=0.4618
Epoch=026, loss=0.4450
Epoch=027, loss=0.4378
Epoch=028, loss=0.4259
Epoch=029, loss=0.4144
Epoch=030, loss=0.4102
Epoch=031, loss=0.4014
Epoch=032, loss=0.3894
Epoch=033, loss=0.3847
Epoch=034, loss=0.3735
Epoch=035, loss=0.3653
Epoch=036, loss=0.3526
Epoch=037, loss=0.3480
Epoch=038, loss=0.3369
Epoch=039, loss=0.3323
Epoch=040, loss=0.3256
Epoch=041, loss=0.3184
Epoch=042, loss=0.3097
Epoch=043, loss=0.3003
Epoch=044, loss=0.2968
Epoch=045, loss=0.2917
Epoch=046, loss=0.2835
Epoch=047, loss=0.2800
Epoch=048, loss=0.2742
Epoch=049, loss=0.2659
Epoch=050, loss=0.2604
Epoch=051, loss=0.2543
Epoch=052, loss=0.2516
Epoch=053, loss=0.2446
Epoch=054, loss=0.2423
Epoch=055, loss=0.2369
Epoch=056, loss=0.2308
Epoch=057, loss=0.2238
Epoch=058, loss=0.2216
Epoch=059, loss=0.2223
Epoch=060, loss=0.2126
Epoch=061, loss=0.2126
Epoch=062, loss=0.2042
Epoch=063, loss=0.2007
Epoch=064, loss=0.1971
Epoch=065, loss=0.1902
Epoch=066, loss=0.1885
Epoch=067, loss=0.1861
Epoch=068, loss=0.1821
Epoch=069, loss=0.1808
Epoch=070, loss=0.1783
Epoch=071, loss=0.1753
Epoch=072, loss=0.1748
Epoch=073, loss=0.1698
Epoch=074, loss=0.1652
Epoch=075, loss=0.1612
Epoch=076, loss=0.1572
Epoch=077, loss=0.1565
Epoch=078, loss=0.1572
Epoch=079, loss=0.1542
Epoch=080, loss=0.1542
Epoch=081, loss=0.1485
Epoch=082, loss=0.1481
Epoch=083, loss=0.1468
Epoch=084, loss=0.1448
Epoch=085, loss=0.1409
Epoch=086, loss=0.1365
Epoch=087, loss=0.1449
Epoch=088, loss=0.1361
Epoch=089, loss=0.1316
Epoch=090, loss=0.1308
Epoch=091, loss=0.1291
Epoch=092, loss=0.1279
Epoch=093, loss=0.1277
Epoch=094, loss=0.1217
Epoch=095, loss=0.1251
Epoch=096, loss=0.1256
Epoch=097, loss=0.1187
Epoch=098, loss=0.1194
Epoch=099, loss=0.1173
Epoch=100, loss=0.1212
Epoch=101, loss=0.1150
Epoch=102, loss=0.1147
Epoch=103, loss=0.1101
Epoch=104, loss=0.1134
Epoch=105, loss=0.1095
Epoch=106, loss=0.1092
Epoch=107, loss=0.1127
Epoch=108, loss=0.1084
Epoch=109, loss=0.1043
Epoch=110, loss=0.1068
Epoch=111, loss=0.1051
Epoch=112, loss=0.1082
Epoch=113, loss=0.1022
Epoch=114, loss=0.1018
Epoch=115, loss=0.1038
Epoch=116, loss=0.0987
Epoch=117, loss=0.1060
Epoch=118, loss=0.0993
Epoch=119, loss=0.0993
Epoch=120, loss=0.0974
Epoch=121, loss=0.0943
Epoch=122, loss=0.0969
Epoch=123, loss=0.0958
Epoch=124, loss=0.0932
Epoch=125, loss=0.0912
Epoch=126, loss=0.0950
Epoch=127, loss=0.0879
Epoch=128, loss=0.0897
Epoch=129, loss=0.0852
Epoch=130, loss=0.0923
Epoch=131, loss=0.0854
Epoch=132, loss=0.0892
Epoch=133, loss=0.0921
Epoch=134, loss=0.0879
Epoch=135, loss=0.0832
Epoch=136, loss=0.0943
Epoch=137, loss=0.0895
Epoch=138, loss=0.0847
Epoch=139, loss=0.0825
Epoch=140, loss=0.0853
Epoch=141, loss=0.0805
Epoch=142, loss=0.0836
Epoch=143, loss=0.0837
Epoch=144, loss=0.0830
Epoch=145, loss=0.0779
Epoch=146, loss=0.0796
Epoch=147, loss=0.0780
Epoch=148, loss=0.0830
Epoch=149, loss=0.0818
Epoch=150, loss=0.0795
Epoch=151, loss=0.0758
Epoch=152, loss=0.0751
Epoch=153, loss=0.0727
Epoch=154, loss=0.0734
Epoch=155, loss=0.0695
Epoch=156, loss=0.0794
Epoch=157, loss=0.0700
Epoch=158, loss=0.0725
Epoch=159, loss=0.0762
Epoch=160, loss=0.0735
Epoch=161, loss=0.0722
Epoch=162, loss=0.0711
Epoch=163, loss=0.0727
Epoch=164, loss=0.0693
Epoch=165, loss=0.0683
Epoch=166, loss=0.0702
Epoch=167, loss=0.0705
Epoch=168, loss=0.0686
Epoch=169, loss=0.0646
Epoch=170, loss=0.0681
Epoch=171, loss=0.0681
Epoch=172, loss=0.0691
Epoch=173, loss=0.0663
Epoch=174, loss=0.0663
Epoch=175, loss=0.0676
Epoch=176, loss=0.0668
Epoch=177, loss=0.0664
Epoch=178, loss=0.0649
Epoch=179, loss=0.0604
Epoch=180, loss=0.0666
Epoch=181, loss=0.0680
Epoch=182, loss=0.0633
Epoch=183, loss=0.0646
Epoch=184, loss=0.0644
Epoch=185, loss=0.0635
Epoch=186, loss=0.0609
Epoch=187, loss=0.0632
Epoch=188, loss=0.0638
Epoch=189, loss=0.0581
Epoch=190, loss=0.0626
Epoch=191, loss=0.0626
Epoch=192, loss=0.0626
Epoch=193, loss=0.0635
Epoch=194, loss=0.0617
Epoch=195, loss=0.0587
Epoch=196, loss=0.0614
Epoch=197, loss=0.0628
Epoch=198, loss=0.0622
Epoch=199, loss=0.0570
Epoch=200, loss=0.0605
Epoch=201, loss=0.0643
Epoch=202, loss=0.0587
Epoch=203, loss=0.0553
Epoch=204, loss=0.0557
Epoch=205, loss=0.0595
Epoch=206, loss=0.0571
Epoch=207, loss=0.0625
Epoch=208, loss=0.0568
Epoch=209, loss=0.0545
Epoch=210, loss=0.0580
Epoch=211, loss=0.0569
Epoch=212, loss=0.0584
Epoch=213, loss=0.0520
Epoch=214, loss=0.0543
Epoch=215, loss=0.0549
Epoch=216, loss=0.0528
Epoch=217, loss=0.0544
Epoch=218, loss=0.0544
Epoch=219, loss=0.0537
Epoch=220, loss=0.0601
Epoch=221, loss=0.0536
Epoch=222, loss=0.0530
Epoch=223, loss=0.0520
Epoch=224, loss=0.0581
Epoch=225, loss=0.0546
Epoch=226, loss=0.0517
Epoch=227, loss=0.0504
Epoch=228, loss=0.0512
Epoch=229, loss=0.0504
Epoch=230, loss=0.0534
Epoch=231, loss=0.0505
Epoch=232, loss=0.0486
Epoch=233, loss=0.0564
Epoch=234, loss=0.0506
Epoch=235, loss=0.0483
Epoch=236, loss=0.0510
Epoch=237, loss=0.0546
Epoch=238, loss=0.0507
Epoch=239, loss=0.0494
Epoch=240, loss=0.0518
Epoch=241, loss=0.0534
Epoch=242, loss=0.0501
Epoch=243, loss=0.0510
Epoch=244, loss=0.0529
Epoch=245, loss=0.0427
Epoch=246, loss=0.0508
Epoch=247, loss=0.0467
Epoch=248, loss=0.0444
Epoch=249, loss=0.0464
Epoch=250, loss=0.0526
Epoch=251, loss=0.0471
Epoch=252, loss=0.0493
Epoch=253, loss=0.0433
Epoch=254, loss=0.0496
Epoch=255, loss=0.0485
Epoch=256, loss=0.0450
Epoch=257, loss=0.0459
Epoch=258, loss=0.0474
Epoch=259, loss=0.0458
Epoch=260, loss=0.0415
Epoch=261, loss=0.0462
Epoch=262, loss=0.0449
Epoch=263, loss=0.0464
Epoch=264, loss=0.0440
Epoch=265, loss=0.0475
Epoch=266, loss=0.0466
Epoch=267, loss=0.0448
Epoch=268, loss=0.0457
Epoch=269, loss=0.0489
Epoch=270, loss=0.0477
Epoch=271, loss=0.0440
Epoch=272, loss=0.0395
Epoch=273, loss=0.0404
Epoch=274, loss=0.0399
Epoch=275, loss=0.0472
Epoch=276, loss=0.0417
Epoch=277, loss=0.0449
Epoch=278, loss=0.0419
Epoch=279, loss=0.0421
Epoch=280, loss=0.0413
Epoch=281, loss=0.0426
Epoch=282, loss=0.0403
Epoch=283, loss=0.0462
Epoch=284, loss=0.0419
Epoch=285, loss=0.0403
Epoch=286, loss=0.0378
Epoch=287, loss=0.0413
Epoch=288, loss=0.0393
Epoch=289, loss=0.0378
Epoch=290, loss=0.0340
Epoch=291, loss=0.0406
Epoch=292, loss=0.0424
Epoch=293, loss=0.0349
Epoch=294, loss=0.0399
Epoch=295, loss=0.0384
Epoch=296, loss=0.0411
Epoch=297, loss=0.0416
Epoch=298, loss=0.0428
Epoch=299, loss=0.0392
Epoch=300, loss=0.0350
Epoch=301, loss=0.0444
Epoch=302, loss=0.0395
Epoch=303, loss=0.0366
Epoch=304, loss=0.0396
Epoch=305, loss=0.0376
Epoch=306, loss=0.0373
Epoch=307, loss=0.0351
Epoch=308, loss=0.0401
Epoch=309, loss=0.0369
Epoch=310, loss=0.0395
Early stopping!
Loading 290th epoch
Early stopping!
Start to test process.
done with the edge prediction
done with the node prediction
done with the second node prediction
(E) | label_classification: F1Mi=0.8133+-0.0120, F1Ma=0.7960+-0.0130, acc=0.8133+-0.0120
[['MVGRL', 'heat', 16, 15, 2, 'normalize', 0.1, 0.2, 0.4, 0.001, 0.5, 0.2, 0.5, 0.0001, 512, 512, 0.9302022912754471, 0.9297466144955604, 0.9316599994959115, 0.929297160506579, 0.7642857432365417, 0.5899999737739563, 0.6073501110076904, 0.7642857432365417, 0.5899999737739563, 0.6063829660415649, 0.6045860862806063, 0.016160795474493596, 0.546359339320872, 0.021375531092628484, 0.6045860862806063, 0.016160795474493596], ['MVGRL', 'heat', 32, 15, 2, 'normalize', 0.1, 0.2, 0.4, 0.001, 0.5, 0.2, 0.5, 0.0001, 512, 512, 0.9359109933877944, 0.929431206828142, 0.9277101058945951, 0.9124980942649596, 0.9142857193946838, 0.7540000081062317, 0.7369439005851746, 0.8999999761581421, 0.7580000162124634, 0.7306576371192932, 0.7602020987174505, 0.007854220336770591, 0.7295714926606508, 0.01310424546113451, 0.7602020987174505, 0.007854220336770553], ['MVGRL', 'heat', 64, 15, 2, 'normalize', 0.1, 0.2, 0.4, 0.001, 0.5, 0.2, 0.5, 0.0001, 512, 512, 0.9841604746743942, 0.9827701512235147, 0.9706530466749961, 0.966668927241233, 0.8357142806053162, 0.777999997138977, 0.7601547241210938, 0.8357142806053162, 0.7860000133514404, 0.7654739022254944, 0.7715507190050525, 0.00914248160352719, 0.7432702103108635, 0.0186008070948208, 0.7715507190050525, 0.00914248160352719], ['MVGRL', 'heat', 128, 15, 2, 'normalize', 0.1, 0.2, 0.4, 0.001, 0.5, 0.2, 0.5, 0.0001, 512, 512, 0.9356621867066387, 0.9281248924377054, 0.9259097897590817, 0.9139937313742763, 0.949999988079071, 0.7979999780654907, 0.7601547241210938, 0.949999988079071, 0.800000011920929, 0.761605441570282, 0.7928488146132918, 0.013980649629696761, 0.7667570334604059, 0.023161498070267298, 0.7928488146132918, 0.0139806496296968], ['MVGRL', 'heat', 256, 15, 2, 'normalize', 0.1, 0.2, 0.4, 0.001, 0.5, 0.2, 0.5, 0.0001, 512, 512, 0.9926981457386066, 0.9917525796810253, 0.9741924681974155, 0.968223905529708, 0.8999999761581421, 0.8240000009536743, 0.7935203313827515, 0.8928571343421936, 0.8240000009536743, 0.7944874167442322, 0.8132918771861639, 0.012043427715108574, 0.7960133960047504, 0.012961949275565156, 0.8132918771861639, 0.012043427715108574]]
Epoch=000, loss=0.6935
Epoch=001, loss=0.7079
Epoch=002, loss=0.7190
Epoch=003, loss=0.6754
Epoch=004, loss=0.6455
Epoch=005, loss=0.6639
Epoch=006, loss=0.6338
Epoch=007, loss=0.6155
Epoch=008, loss=0.6231
Epoch=009, loss=0.6093
Epoch=010, loss=0.5831
Epoch=011, loss=0.5749
Epoch=012, loss=0.5721
Epoch=013, loss=0.5468
Epoch=014, loss=0.5314
Epoch=015, loss=0.5266
Epoch=016, loss=0.5103
Epoch=017, loss=0.4881
Epoch=018, loss=0.4872
Epoch=019, loss=0.4684
Epoch=020, loss=0.4464
Epoch=021, loss=0.4413
Epoch=022, loss=0.4223
Epoch=023, loss=0.4102
Epoch=024, loss=0.4121
Epoch=025, loss=0.3941
Epoch=026, loss=0.3808
Epoch=027, loss=0.3729
Epoch=028, loss=0.3597
Epoch=029, loss=0.3468
Epoch=030, loss=0.3378
Epoch=031, loss=0.3317
Epoch=032, loss=0.3171
Epoch=033, loss=0.3088
Epoch=034, loss=0.2984
Epoch=035, loss=0.2920
Epoch=036, loss=0.2855
Epoch=037, loss=0.2777
Epoch=038, loss=0.2674
Epoch=039, loss=0.2595
Epoch=040, loss=0.2499
Epoch=041, loss=0.2452
Epoch=042, loss=0.2389
Epoch=043, loss=0.2298
Epoch=044, loss=0.2340
Epoch=045, loss=0.2199
Epoch=046, loss=0.2123
Epoch=047, loss=0.2093
Epoch=048, loss=0.2004
Epoch=049, loss=0.1933
Epoch=050, loss=0.1896
Epoch=051, loss=0.1867
Epoch=052, loss=0.1841
Epoch=053, loss=0.1780
Epoch=054, loss=0.1731
Epoch=055, loss=0.1708
Epoch=056, loss=0.1650
Epoch=057, loss=0.1624
Epoch=058, loss=0.1557
Epoch=059, loss=0.1566
Epoch=060, loss=0.1529
Epoch=061, loss=0.1532
Epoch=062, loss=0.1519
Epoch=063, loss=0.1417
Epoch=064, loss=0.1430
Epoch=065, loss=0.1394
Epoch=066, loss=0.1339
Epoch=067, loss=0.1280
Epoch=068, loss=0.1333
Epoch=069, loss=0.1266
Epoch=070, loss=0.1335
Epoch=071, loss=0.1234
Epoch=072, loss=0.1252
Epoch=073, loss=0.1232
Epoch=074, loss=0.1229
Epoch=075, loss=0.1187
Epoch=076, loss=0.1134
Epoch=077, loss=0.1174
Epoch=078, loss=0.1138
Epoch=079, loss=0.1125
Epoch=080, loss=0.1143
Epoch=081, loss=0.1161
Epoch=082, loss=0.1058
Epoch=083, loss=0.1073
Epoch=084, loss=0.1039
Epoch=085, loss=0.1019
Epoch=086, loss=0.1017
Epoch=087, loss=0.0960
Epoch=088, loss=0.0981
Epoch=089, loss=0.0981
Epoch=090, loss=0.0986
Epoch=091, loss=0.0988
Epoch=092, loss=0.0949
Epoch=093, loss=0.0910
Epoch=094, loss=0.0922
Epoch=095, loss=0.0953
Epoch=096, loss=0.0864
Epoch=097, loss=0.0890
Epoch=098, loss=0.0852
Epoch=099, loss=0.0885
Epoch=100, loss=0.0858
Epoch=101, loss=0.0878
Epoch=102, loss=0.0811
Epoch=103, loss=0.0826
Epoch=104, loss=0.0794
Epoch=105, loss=0.0880
Epoch=106, loss=0.0815
Epoch=107, loss=0.0814
Epoch=108, loss=0.0844
Epoch=109, loss=0.0834
Epoch=110, loss=0.0833
Epoch=111, loss=0.0806
Epoch=112, loss=0.0787
Epoch=113, loss=0.0765
Epoch=114, loss=0.0783
Epoch=115, loss=0.0729
Epoch=116, loss=0.0752
Epoch=117, loss=0.0767
Epoch=118, loss=0.0756
Epoch=119, loss=0.0713
Epoch=120, loss=0.0729
Epoch=121, loss=0.0747
Epoch=122, loss=0.0695
Epoch=123, loss=0.0744
Epoch=124, loss=0.0709
Epoch=125, loss=0.0708
Epoch=126, loss=0.0686
Epoch=127, loss=0.0702
Epoch=128, loss=0.0696
Epoch=129, loss=0.0656
Epoch=130, loss=0.0703
Epoch=131, loss=0.0686
Epoch=132, loss=0.0660
Epoch=133, loss=0.0677
Epoch=134, loss=0.0681
Epoch=135, loss=0.0700
Epoch=136, loss=0.0613
Epoch=137, loss=0.0658
Epoch=138, loss=0.0634
Epoch=139, loss=0.0625
Epoch=140, loss=0.0665
Epoch=141, loss=0.0631
Epoch=142, loss=0.0622
Epoch=143, loss=0.0613
Epoch=144, loss=0.0626
Epoch=145, loss=0.0702
Epoch=146, loss=0.0634
Epoch=147, loss=0.0614
Epoch=148, loss=0.0596
Epoch=149, loss=0.0591
Epoch=150, loss=0.0600
Epoch=151, loss=0.0585
Epoch=152, loss=0.0620
Epoch=153, loss=0.0530
Epoch=154, loss=0.0634
Epoch=155, loss=0.0567
Epoch=156, loss=0.0548
Epoch=157, loss=0.0648
Epoch=158, loss=0.0530
Epoch=159, loss=0.0546
Epoch=160, loss=0.0556
Epoch=161, loss=0.0579
Epoch=162, loss=0.0544
Epoch=163, loss=0.0524
Epoch=164, loss=0.0592
Epoch=165, loss=0.0522
Epoch=166, loss=0.0554
Epoch=167, loss=0.0532
Epoch=168, loss=0.0554
Epoch=169, loss=0.0534
Epoch=170, loss=0.0528
Epoch=171, loss=0.0554
Epoch=172, loss=0.0487
Epoch=173, loss=0.0507
Epoch=174, loss=0.0589
Epoch=175, loss=0.0515
Epoch=176, loss=0.0550
Epoch=177, loss=0.0494
Epoch=178, loss=0.0494
Epoch=179, loss=0.0477
Epoch=180, loss=0.0473
Epoch=181, loss=0.0487
Epoch=182, loss=0.0507
Epoch=183, loss=0.0516
Epoch=184, loss=0.0523
Epoch=185, loss=0.0498
Epoch=186, loss=0.0472
Epoch=187, loss=0.0489
Epoch=188, loss=0.0472
Epoch=189, loss=0.0484
Epoch=190, loss=0.0501
Epoch=191, loss=0.0469
Epoch=192, loss=0.0459
Epoch=193, loss=0.0449
Epoch=194, loss=0.0498
Epoch=195, loss=0.0471
Epoch=196, loss=0.0462
Epoch=197, loss=0.0443
Epoch=198, loss=0.0429
Epoch=199, loss=0.0412
Epoch=200, loss=0.0459
Epoch=201, loss=0.0470
Epoch=202, loss=0.0497
Epoch=203, loss=0.0458
Epoch=204, loss=0.0542
Epoch=205, loss=0.0529
Epoch=206, loss=0.0473
Epoch=207, loss=0.0429
Epoch=208, loss=0.0450
Epoch=209, loss=0.0467
Epoch=210, loss=0.0480
Epoch=211, loss=0.0469
Epoch=212, loss=0.0422
Epoch=213, loss=0.0441
Epoch=214, loss=0.0471
Epoch=215, loss=0.0422
Epoch=216, loss=0.0419
Epoch=217, loss=0.0418
Epoch=218, loss=0.0414
Epoch=219, loss=0.0416
Early stopping!
Loading 199th epoch
Early stopping!
Start to test process.
done with the edge prediction
done with the node prediction
done with the second node prediction
(E) | label_classification: F1Mi=0.7975+-0.0079, F1Ma=0.7770+-0.0085, acc=0.7975+-0.0079
[['MVGRL', 'heat', 16, 15, 2, 'normalize', 0.1, 0.2, 0.4, 0.001, 0.5, 0.2, 0.5, 0.0001, 512, 512, 0.9302022912754471, 0.9297466144955604, 0.9316599994959115, 0.929297160506579, 0.7642857432365417, 0.5899999737739563, 0.6073501110076904, 0.7642857432365417, 0.5899999737739563, 0.6063829660415649, 0.6045860862806063, 0.016160795474493596, 0.546359339320872, 0.021375531092628484, 0.6045860862806063, 0.016160795474493596], ['MVGRL', 'heat', 32, 15, 2, 'normalize', 0.1, 0.2, 0.4, 0.001, 0.5, 0.2, 0.5, 0.0001, 512, 512, 0.9359109933877944, 0.929431206828142, 0.9277101058945951, 0.9124980942649596, 0.9142857193946838, 0.7540000081062317, 0.7369439005851746, 0.8999999761581421, 0.7580000162124634, 0.7306576371192932, 0.7602020987174505, 0.007854220336770591, 0.7295714926606508, 0.01310424546113451, 0.7602020987174505, 0.007854220336770553], ['MVGRL', 'heat', 64, 15, 2, 'normalize', 0.1, 0.2, 0.4, 0.001, 0.5, 0.2, 0.5, 0.0001, 512, 512, 0.9841604746743942, 0.9827701512235147, 0.9706530466749961, 0.966668927241233, 0.8357142806053162, 0.777999997138977, 0.7601547241210938, 0.8357142806053162, 0.7860000133514404, 0.7654739022254944, 0.7715507190050525, 0.00914248160352719, 0.7432702103108635, 0.0186008070948208, 0.7715507190050525, 0.00914248160352719], ['MVGRL', 'heat', 128, 15, 2, 'normalize', 0.1, 0.2, 0.4, 0.001, 0.5, 0.2, 0.5, 0.0001, 512, 512, 0.9356621867066387, 0.9281248924377054, 0.9259097897590817, 0.9139937313742763, 0.949999988079071, 0.7979999780654907, 0.7601547241210938, 0.949999988079071, 0.800000011920929, 0.761605441570282, 0.7928488146132918, 0.013980649629696761, 0.7667570334604059, 0.023161498070267298, 0.7928488146132918, 0.0139806496296968], ['MVGRL', 'heat', 256, 15, 2, 'normalize', 0.1, 0.2, 0.4, 0.001, 0.5, 0.2, 0.5, 0.0001, 512, 512, 0.9926981457386066, 0.9917525796810253, 0.9741924681974155, 0.968223905529708, 0.8999999761581421, 0.8240000009536743, 0.7935203313827515, 0.8928571343421936, 0.8240000009536743, 0.7944874167442322, 0.8132918771861639, 0.012043427715108574, 0.7960133960047504, 0.012961949275565156, 0.8132918771861639, 0.012043427715108574], ['MVGRL', 'heat', 512, 15, 2, 'normalize', 0.1, 0.2, 0.4, 0.001, 0.5, 0.2, 0.5, 0.0001, 512, 512, 0.9951728574674077, 0.9945525197366248, 0.9743004871655462, 0.9698796438064269, 0.8928571343421936, 0.8119999766349792, 0.7857833504676819, 0.8785714507102966, 0.8119999766349792, 0.7809478044509888, 0.7975126311698406, 0.007877264553537945, 0.7769628908993671, 0.008476442809390191, 0.7975126311698406, 0.007877264553537957]]
