My SLURM_ARRAY_TASK_ID:  7
My SLURM_ARRAY_JOB_ID:  4522329
MVGRL
Cora
result file is 4522329_7
Dataset: Cora():
======================
Number of graphs: 1
Number of features: 1433
Number of classes: 7
Data(x=[2708, 1433], edge_index=[2, 10556], y=[2708], train_mask=[2708], val_mask=[2708], test_mask=[2708])
==============================================================
Number of nodes: 2708
Number of edges: 10556
Average node degree: 3.90
Number of training nodes: 140
Training node label rate: 0.05
Contains isolated nodes: False
Contains self-loops: False
Is undirected: True
Epoch=000, loss=0.6975
Epoch=001, loss=0.6964
Epoch=002, loss=0.6960
Epoch=003, loss=0.6952
Epoch=004, loss=0.6947
Epoch=005, loss=0.6942
Epoch=006, loss=0.6934
Epoch=007, loss=0.6928
Epoch=008, loss=0.6923
Epoch=009, loss=0.6915
Epoch=010, loss=0.6911
Epoch=011, loss=0.6903
Epoch=012, loss=0.6902
Epoch=013, loss=0.6895
Epoch=014, loss=0.6888
Epoch=015, loss=0.6881
Epoch=016, loss=0.6873
Epoch=017, loss=0.6867
Epoch=018, loss=0.6860
Epoch=019, loss=0.6852
Epoch=020, loss=0.6851
Epoch=021, loss=0.6841
Epoch=022, loss=0.6831
Epoch=023, loss=0.6822
Epoch=024, loss=0.6809
Epoch=025, loss=0.6807
Epoch=026, loss=0.6798
Epoch=027, loss=0.6791
Epoch=028, loss=0.6778
Epoch=029, loss=0.6774
Epoch=030, loss=0.6773
Epoch=031, loss=0.6761
Epoch=032, loss=0.6745
Epoch=033, loss=0.6739
Epoch=034, loss=0.6729
Epoch=035, loss=0.6707
Epoch=036, loss=0.6713
Epoch=037, loss=0.6690
Epoch=038, loss=0.6705
Epoch=039, loss=0.6688
Epoch=040, loss=0.6682
Epoch=041, loss=0.6668
Epoch=042, loss=0.6649
Epoch=043, loss=0.6639
Epoch=044, loss=0.6641
Epoch=045, loss=0.6623
Epoch=046, loss=0.6602
Epoch=047, loss=0.6597
Epoch=048, loss=0.6586
Epoch=049, loss=0.6574
Epoch=050, loss=0.6543
Epoch=051, loss=0.6553
Epoch=052, loss=0.6524
Epoch=053, loss=0.6532
Epoch=054, loss=0.6512
Epoch=055, loss=0.6494
Epoch=056, loss=0.6474
Epoch=057, loss=0.6459
Epoch=058, loss=0.6432
Epoch=059, loss=0.6443
Epoch=060, loss=0.6394
Epoch=061, loss=0.6411
Epoch=062, loss=0.6408
Epoch=063, loss=0.6390
Epoch=064, loss=0.6393
Epoch=065, loss=0.6342
Epoch=066, loss=0.6369
Epoch=067, loss=0.6354
Epoch=068, loss=0.6357
Epoch=069, loss=0.6297
Epoch=070, loss=0.6314
Epoch=071, loss=0.6258
Epoch=072, loss=0.6281
Epoch=073, loss=0.6237
Epoch=074, loss=0.6255
Epoch=075, loss=0.6207
Epoch=076, loss=0.6210
Epoch=077, loss=0.6217
Epoch=078, loss=0.6215
Epoch=079, loss=0.6182
Epoch=080, loss=0.6196
Epoch=081, loss=0.6127
Epoch=082, loss=0.6137
Epoch=083, loss=0.6109
Epoch=084, loss=0.6118
Epoch=085, loss=0.6120
Epoch=086, loss=0.6072
Epoch=087, loss=0.6089
Epoch=088, loss=0.5996
Epoch=089, loss=0.6041
Epoch=090, loss=0.6035
Epoch=091, loss=0.6003
Epoch=092, loss=0.5983
Epoch=093, loss=0.5978
Epoch=094, loss=0.5972
Epoch=095, loss=0.5984
Epoch=096, loss=0.5911
Epoch=097, loss=0.5908
Epoch=098, loss=0.5920
Epoch=099, loss=0.5873
Epoch=100, loss=0.5880
Epoch=101, loss=0.5895
Epoch=102, loss=0.5863
Epoch=103, loss=0.5853
Epoch=104, loss=0.5803
Epoch=105, loss=0.5835
Epoch=106, loss=0.5799
Epoch=107, loss=0.5782
Epoch=108, loss=0.5752
Epoch=109, loss=0.5748
Epoch=110, loss=0.5745
Epoch=111, loss=0.5713
Epoch=112, loss=0.5706
Epoch=113, loss=0.5718
Epoch=114, loss=0.5731
Epoch=115, loss=0.5702
Epoch=116, loss=0.5645
Epoch=117, loss=0.5670
Epoch=118, loss=0.5622
Epoch=119, loss=0.5659
Epoch=120, loss=0.5594
Epoch=121, loss=0.5572
Epoch=122, loss=0.5586
Epoch=123, loss=0.5542
Epoch=124, loss=0.5557
Epoch=125, loss=0.5517
Epoch=126, loss=0.5529
Epoch=127, loss=0.5508
Epoch=128, loss=0.5422
Epoch=129, loss=0.5487
Epoch=130, loss=0.5493
Epoch=131, loss=0.5442
Epoch=132, loss=0.5405
Epoch=133, loss=0.5394
Epoch=134, loss=0.5380
Epoch=135, loss=0.5379
Epoch=136, loss=0.5369
Epoch=137, loss=0.5397
Epoch=138, loss=0.5365
Epoch=139, loss=0.5316
Epoch=140, loss=0.5313
Epoch=141, loss=0.5308
Epoch=142, loss=0.5292
Epoch=143, loss=0.5295
Epoch=144, loss=0.5267
Epoch=145, loss=0.5257
Epoch=146, loss=0.5228
Epoch=147, loss=0.5183
Epoch=148, loss=0.5232
Epoch=149, loss=0.5195
Epoch=150, loss=0.5172
Epoch=151, loss=0.5158
Epoch=152, loss=0.5163
Epoch=153, loss=0.5143
Epoch=154, loss=0.5095
Epoch=155, loss=0.5088
Epoch=156, loss=0.5057
Epoch=157, loss=0.5071
Epoch=158, loss=0.5105
Epoch=159, loss=0.5077
Epoch=160, loss=0.5127
Epoch=161, loss=0.5002
Epoch=162, loss=0.5010
Epoch=163, loss=0.4978
Epoch=164, loss=0.5046
Epoch=165, loss=0.4965
Epoch=166, loss=0.5050
Epoch=167, loss=0.4993
Epoch=168, loss=0.4890
Epoch=169, loss=0.4917
Epoch=170, loss=0.4919
Epoch=171, loss=0.4924
Epoch=172, loss=0.4944
Epoch=173, loss=0.4837
Epoch=174, loss=0.4858
Epoch=175, loss=0.4843
Epoch=176, loss=0.4828
Epoch=177, loss=0.4829
Epoch=178, loss=0.4824
Epoch=179, loss=0.4825
Epoch=180, loss=0.4834
Epoch=181, loss=0.4805
Epoch=182, loss=0.4761
Epoch=183, loss=0.4727
Epoch=184, loss=0.4762
Epoch=185, loss=0.4728
Epoch=186, loss=0.4699
Epoch=187, loss=0.4689
Epoch=188, loss=0.4684
Epoch=189, loss=0.4662
Epoch=190, loss=0.4744
Epoch=191, loss=0.4688
Epoch=192, loss=0.4654
Epoch=193, loss=0.4634
Epoch=194, loss=0.4593
Epoch=195, loss=0.4570
Epoch=196, loss=0.4595
Epoch=197, loss=0.4590
Epoch=198, loss=0.4559
Epoch=199, loss=0.4557
Epoch=200, loss=0.4519
Epoch=201, loss=0.4489
Epoch=202, loss=0.4545
Epoch=203, loss=0.4515
Epoch=204, loss=0.4466
Epoch=205, loss=0.4457
Epoch=206, loss=0.4464
Epoch=207, loss=0.4484
Epoch=208, loss=0.4476
Epoch=209, loss=0.4415
Epoch=210, loss=0.4438
Epoch=211, loss=0.4428
Epoch=212, loss=0.4423
Epoch=213, loss=0.4353
Epoch=214, loss=0.4393
Epoch=215, loss=0.4355
Epoch=216, loss=0.4365
Epoch=217, loss=0.4332
Epoch=218, loss=0.4292
Epoch=219, loss=0.4343
Epoch=220, loss=0.4316
Epoch=221, loss=0.4295
Epoch=222, loss=0.4349
Epoch=223, loss=0.4272
Epoch=224, loss=0.4266
Epoch=225, loss=0.4226
Epoch=226, loss=0.4185
Epoch=227, loss=0.4201
Epoch=228, loss=0.4200
Epoch=229, loss=0.4216
Epoch=230, loss=0.4210
Epoch=231, loss=0.4188
Epoch=232, loss=0.4238
Epoch=233, loss=0.4149
Epoch=234, loss=0.4209
Epoch=235, loss=0.4179
Epoch=236, loss=0.4131
Epoch=237, loss=0.4164
Epoch=238, loss=0.4110
Epoch=239, loss=0.4106
Epoch=240, loss=0.4096
Epoch=241, loss=0.4074
Epoch=242, loss=0.4090
Epoch=243, loss=0.4102
Epoch=244, loss=0.4103
Epoch=245, loss=0.4025
Epoch=246, loss=0.4039
Epoch=247, loss=0.4022
Epoch=248, loss=0.4062
Epoch=249, loss=0.3992
Epoch=250, loss=0.4057
Epoch=251, loss=0.3983
Epoch=252, loss=0.3998
Epoch=253, loss=0.3972
Epoch=254, loss=0.3936
Epoch=255, loss=0.4034
Epoch=256, loss=0.3947
Epoch=257, loss=0.3948
Epoch=258, loss=0.3944
Epoch=259, loss=0.3868
Epoch=260, loss=0.3922
Epoch=261, loss=0.3948
Epoch=262, loss=0.3865
Epoch=263, loss=0.3854
Epoch=264, loss=0.3895
Epoch=265, loss=0.3837
Epoch=266, loss=0.3836
Epoch=267, loss=0.3851
Epoch=268, loss=0.3849
Epoch=269, loss=0.3814
Epoch=270, loss=0.3842
Epoch=271, loss=0.3821
Epoch=272, loss=0.3805
Epoch=273, loss=0.3781
Epoch=274, loss=0.3784
Epoch=275, loss=0.3779
Epoch=276, loss=0.3773
Epoch=277, loss=0.3769
Epoch=278, loss=0.3735
Epoch=279, loss=0.3714
Epoch=280, loss=0.3740
Epoch=281, loss=0.3737
Epoch=282, loss=0.3672
Epoch=283, loss=0.3647
Epoch=284, loss=0.3694
Epoch=285, loss=0.3701
Epoch=286, loss=0.3697
Epoch=287, loss=0.3691
Epoch=288, loss=0.3664
Epoch=289, loss=0.3648
Epoch=290, loss=0.3641
Epoch=291, loss=0.3671
Epoch=292, loss=0.3623
Epoch=293, loss=0.3649
Epoch=294, loss=0.3593
Epoch=295, loss=0.3599
Epoch=296, loss=0.3571
Epoch=297, loss=0.3588
Epoch=298, loss=0.3583
Epoch=299, loss=0.3563
Epoch=300, loss=0.3546
Epoch=301, loss=0.3571
Epoch=302, loss=0.3512
Epoch=303, loss=0.3542
Epoch=304, loss=0.3514
Epoch=305, loss=0.3510
Epoch=306, loss=0.3472
Epoch=307, loss=0.3495
Epoch=308, loss=0.3461
Epoch=309, loss=0.3534
Epoch=310, loss=0.3517
Epoch=311, loss=0.3470
Epoch=312, loss=0.3445
Epoch=313, loss=0.3466
Epoch=314, loss=0.3454
Epoch=315, loss=0.3490
Epoch=316, loss=0.3388
Epoch=317, loss=0.3401
Epoch=318, loss=0.3446
Epoch=319, loss=0.3357
Epoch=320, loss=0.3422
Epoch=321, loss=0.3419
Epoch=322, loss=0.3373
Epoch=323, loss=0.3360
Epoch=324, loss=0.3384
Epoch=325, loss=0.3371
Epoch=326, loss=0.3337
Epoch=327, loss=0.3365
Epoch=328, loss=0.3369
Epoch=329, loss=0.3330
Epoch=330, loss=0.3300
Epoch=331, loss=0.3298
Epoch=332, loss=0.3391
Epoch=333, loss=0.3300
Epoch=334, loss=0.3302
Epoch=335, loss=0.3285
Epoch=336, loss=0.3256
Epoch=337, loss=0.3306
Epoch=338, loss=0.3270
Epoch=339, loss=0.3324
Epoch=340, loss=0.3267
Epoch=341, loss=0.3280
Epoch=342, loss=0.3215
Epoch=343, loss=0.3251
Epoch=344, loss=0.3193
Epoch=345, loss=0.3210
Epoch=346, loss=0.3207
Epoch=347, loss=0.3189
Epoch=348, loss=0.3254
Epoch=349, loss=0.3218
Epoch=350, loss=0.3187
Epoch=351, loss=0.3171
Epoch=352, loss=0.3121
Epoch=353, loss=0.3171
Epoch=354, loss=0.3173
Epoch=355, loss=0.3154
Epoch=356, loss=0.3141
Epoch=357, loss=0.3133
Epoch=358, loss=0.3110
Epoch=359, loss=0.3075
Epoch=360, loss=0.3077
Epoch=361, loss=0.3129
Epoch=362, loss=0.3044
Epoch=363, loss=0.3063
Epoch=364, loss=0.3041
Epoch=365, loss=0.3096
Epoch=366, loss=0.3052
Epoch=367, loss=0.3016
Epoch=368, loss=0.3063
Epoch=369, loss=0.2999
Epoch=370, loss=0.3058
Epoch=371, loss=0.3051
Epoch=372, loss=0.3008
Epoch=373, loss=0.3036
Epoch=374, loss=0.3025
Epoch=375, loss=0.2981
Epoch=376, loss=0.2997
Epoch=377, loss=0.2947
Epoch=378, loss=0.3009
Epoch=379, loss=0.2988
Epoch=380, loss=0.3045
Epoch=381, loss=0.2968
Epoch=382, loss=0.2970
Epoch=383, loss=0.2959
Epoch=384, loss=0.2968
Epoch=385, loss=0.2936
Epoch=386, loss=0.2963
Epoch=387, loss=0.2929
Epoch=388, loss=0.2915
Epoch=389, loss=0.2895
Epoch=390, loss=0.2892
Epoch=391, loss=0.2892
Epoch=392, loss=0.2908
Epoch=393, loss=0.2861
Epoch=394, loss=0.2896
Epoch=395, loss=0.2906
Epoch=396, loss=0.2911
Epoch=397, loss=0.2858
Epoch=398, loss=0.2864
Epoch=399, loss=0.2852
Epoch=400, loss=0.2845
Epoch=401, loss=0.2800
Epoch=402, loss=0.2884
Epoch=403, loss=0.2817
Epoch=404, loss=0.2831
Epoch=405, loss=0.2828
Epoch=406, loss=0.2848
Epoch=407, loss=0.2843
Epoch=408, loss=0.2838
Epoch=409, loss=0.2816
Epoch=410, loss=0.2814
Epoch=411, loss=0.2760
Epoch=412, loss=0.2859
Epoch=413, loss=0.2788
Epoch=414, loss=0.2832
Epoch=415, loss=0.2797
Epoch=416, loss=0.2728
Epoch=417, loss=0.2741
Epoch=418, loss=0.2746
Epoch=419, loss=0.2750
Epoch=420, loss=0.2707
Epoch=421, loss=0.2695
Epoch=422, loss=0.2698
Epoch=423, loss=0.2775
Epoch=424, loss=0.2653
Epoch=425, loss=0.2724
Epoch=426, loss=0.2721
Epoch=427, loss=0.2654
Epoch=428, loss=0.2737
Epoch=429, loss=0.2684
Epoch=430, loss=0.2644
Epoch=431, loss=0.2707
Epoch=432, loss=0.2647
Epoch=433, loss=0.2694
Epoch=434, loss=0.2626
Epoch=435, loss=0.2658
Epoch=436, loss=0.2672
Epoch=437, loss=0.2650
Epoch=438, loss=0.2653
Epoch=439, loss=0.2624
Epoch=440, loss=0.2583
Epoch=441, loss=0.2584
Epoch=442, loss=0.2622
Epoch=443, loss=0.2578
Epoch=444, loss=0.2577
Epoch=445, loss=0.2626
Epoch=446, loss=0.2613
Epoch=447, loss=0.2626
Epoch=448, loss=0.2562
Epoch=449, loss=0.2622
Epoch=450, loss=0.2597
Epoch=451, loss=0.2577
Epoch=452, loss=0.2539
Epoch=453, loss=0.2555
Epoch=454, loss=0.2552
Epoch=455, loss=0.2577
Epoch=456, loss=0.2507
Epoch=457, loss=0.2584
Epoch=458, loss=0.2543
Epoch=459, loss=0.2544
Epoch=460, loss=0.2521
Epoch=461, loss=0.2473
Epoch=462, loss=0.2503
Epoch=463, loss=0.2531
Epoch=464, loss=0.2477
Epoch=465, loss=0.2473
Epoch=466, loss=0.2490
Epoch=467, loss=0.2483
Epoch=468, loss=0.2508
Epoch=469, loss=0.2462
Epoch=470, loss=0.2474
Epoch=471, loss=0.2478
Epoch=472, loss=0.2443
Epoch=473, loss=0.2476
Epoch=474, loss=0.2478
Epoch=475, loss=0.2436
Epoch=476, loss=0.2436
Epoch=477, loss=0.2430
Epoch=478, loss=0.2421
Epoch=479, loss=0.2438
Epoch=480, loss=0.2403
Epoch=481, loss=0.2393
Epoch=482, loss=0.2408
Epoch=483, loss=0.2438
Epoch=484, loss=0.2399
Epoch=485, loss=0.2408
Epoch=486, loss=0.2440
Epoch=487, loss=0.2438
Epoch=488, loss=0.2376
Epoch=489, loss=0.2372
Epoch=490, loss=0.2368
Epoch=491, loss=0.2359
Epoch=492, loss=0.2380
Epoch=493, loss=0.2425
Epoch=494, loss=0.2362
Epoch=495, loss=0.2337
Epoch=496, loss=0.2314
Epoch=497, loss=0.2284
Epoch=498, loss=0.2333
Epoch=499, loss=0.2326
Loading 497th epoch
Early stopping!
Start to test process.
done with the edge prediction
done with the node prediction
done with the second node prediction
(E) | label_classification: F1Mi=0.6707+-0.0097, F1Ma=0.6117+-0.0108, acc=0.6707+-0.0097
[['MVGRL', 'heat', 16, 15, 2, 'normalize', 0.1, 0.2, 0.4, 0.001, 0.5, 0.2, 0.5, 0.0001, 512, 512, 0.9262010538699356, 0.9241911101392026, 0.9348249552621442, 0.9284766508198952, 0.7571428418159485, 0.6600000262260437, 0.6634429693222046, 0.7642857432365417, 0.6639999747276306, 0.6711798906326294, 0.6706568208317141, 0.009719704023219948, 0.61167806253308, 0.010802328067581466, 0.6706568208317141, 0.009719704023219948]]
Epoch=000, loss=0.6933
Epoch=001, loss=0.6925
Epoch=002, loss=0.6917
Epoch=003, loss=0.6908
Epoch=004, loss=0.6903
Epoch=005, loss=0.6896
Epoch=006, loss=0.6886
Epoch=007, loss=0.6876
Epoch=008, loss=0.6864
Epoch=009, loss=0.6852
Epoch=010, loss=0.6846
Epoch=011, loss=0.6835
Epoch=012, loss=0.6826
Epoch=013, loss=0.6816
Epoch=014, loss=0.6796
Epoch=015, loss=0.6788
Epoch=016, loss=0.6770
Epoch=017, loss=0.6750
Epoch=018, loss=0.6742
Epoch=019, loss=0.6714
Epoch=020, loss=0.6702
Epoch=021, loss=0.6673
Epoch=022, loss=0.6663
Epoch=023, loss=0.6643
Epoch=024, loss=0.6612
Epoch=025, loss=0.6597
Epoch=026, loss=0.6573
Epoch=027, loss=0.6542
Epoch=028, loss=0.6531
Epoch=029, loss=0.6491
Epoch=030, loss=0.6464
Epoch=031, loss=0.6446
Epoch=032, loss=0.6421
Epoch=033, loss=0.6398
Epoch=034, loss=0.6363
Epoch=035, loss=0.6325
Epoch=036, loss=0.6329
Epoch=037, loss=0.6284
Epoch=038, loss=0.6273
Epoch=039, loss=0.6221
Epoch=040, loss=0.6208
Epoch=041, loss=0.6178
Epoch=042, loss=0.6113
Epoch=043, loss=0.6082
Epoch=044, loss=0.6045
Epoch=045, loss=0.6044
Epoch=046, loss=0.5988
Epoch=047, loss=0.5969
Epoch=048, loss=0.5953
Epoch=049, loss=0.5894
Epoch=050, loss=0.5867
Epoch=051, loss=0.5833
Epoch=052, loss=0.5812
Epoch=053, loss=0.5749
Epoch=054, loss=0.5766
Epoch=055, loss=0.5726
Epoch=056, loss=0.5655
Epoch=057, loss=0.5648
Epoch=058, loss=0.5638
Epoch=059, loss=0.5583
Epoch=060, loss=0.5515
Epoch=061, loss=0.5564
Epoch=062, loss=0.5482
Epoch=063, loss=0.5448
Epoch=064, loss=0.5475
Epoch=065, loss=0.5381
Epoch=066, loss=0.5312
Epoch=067, loss=0.5366
Epoch=068, loss=0.5355
Epoch=069, loss=0.5272
Epoch=070, loss=0.5298
Epoch=071, loss=0.5202
Epoch=072, loss=0.5209
Epoch=073, loss=0.5111
Epoch=074, loss=0.5140
Epoch=075, loss=0.5093
Epoch=076, loss=0.5127
Epoch=077, loss=0.5078
Epoch=078, loss=0.4989
Epoch=079, loss=0.4991
Epoch=080, loss=0.4936
Epoch=081, loss=0.4913
Epoch=082, loss=0.4912
Epoch=083, loss=0.4878
Epoch=084, loss=0.4851
Epoch=085, loss=0.4845
Epoch=086, loss=0.4789
Epoch=087, loss=0.4756
Epoch=088, loss=0.4748
Epoch=089, loss=0.4788
Epoch=090, loss=0.4668
Epoch=091, loss=0.4684
Epoch=092, loss=0.4663
Epoch=093, loss=0.4659
Epoch=094, loss=0.4606
Epoch=095, loss=0.4561
Epoch=096, loss=0.4591
Epoch=097, loss=0.4505
Epoch=098, loss=0.4537
Epoch=099, loss=0.4509
Epoch=100, loss=0.4484
Epoch=101, loss=0.4467
Epoch=102, loss=0.4424
Epoch=103, loss=0.4399
Epoch=104, loss=0.4345
Epoch=105, loss=0.4324
Epoch=106, loss=0.4355
Epoch=107, loss=0.4381
Epoch=108, loss=0.4353
Epoch=109, loss=0.4250
Epoch=110, loss=0.4298
Epoch=111, loss=0.4231
Epoch=112, loss=0.4214
Epoch=113, loss=0.4184
Epoch=114, loss=0.4160
Epoch=115, loss=0.4177
Epoch=116, loss=0.4148
Epoch=117, loss=0.4085
Epoch=118, loss=0.4091
Epoch=119, loss=0.4055
Epoch=120, loss=0.4069
Epoch=121, loss=0.4049
Epoch=122, loss=0.4024
Epoch=123, loss=0.4023
Epoch=124, loss=0.3971
Epoch=125, loss=0.4008
Epoch=126, loss=0.3942
Epoch=127, loss=0.3933
Epoch=128, loss=0.3936
Epoch=129, loss=0.3899
Epoch=130, loss=0.3906
Epoch=131, loss=0.3861
Epoch=132, loss=0.3842
Epoch=133, loss=0.3830
Epoch=134, loss=0.3799
Epoch=135, loss=0.3834
Epoch=136, loss=0.3822
Epoch=137, loss=0.3744
Epoch=138, loss=0.3766
Epoch=139, loss=0.3777
Epoch=140, loss=0.3755
Epoch=141, loss=0.3710
Epoch=142, loss=0.3674
Epoch=143, loss=0.3686
Epoch=144, loss=0.3688
Epoch=145, loss=0.3635
Epoch=146, loss=0.3670
Epoch=147, loss=0.3613
Epoch=148, loss=0.3619
Epoch=149, loss=0.3614
Epoch=150, loss=0.3555
Epoch=151, loss=0.3508
Epoch=152, loss=0.3525
Epoch=153, loss=0.3510
Epoch=154, loss=0.3514
Epoch=155, loss=0.3491
Epoch=156, loss=0.3484
Epoch=157, loss=0.3465
Epoch=158, loss=0.3456
Epoch=159, loss=0.3428
Epoch=160, loss=0.3457
Epoch=161, loss=0.3434
Epoch=162, loss=0.3405
Epoch=163, loss=0.3401
Epoch=164, loss=0.3345
Epoch=165, loss=0.3328
Epoch=166, loss=0.3312
Epoch=167, loss=0.3284
Epoch=168, loss=0.3311
Epoch=169, loss=0.3294
Epoch=170, loss=0.3241
Epoch=171, loss=0.3299
Epoch=172, loss=0.3260
Epoch=173, loss=0.3221
Epoch=174, loss=0.3211
Epoch=175, loss=0.3200
Epoch=176, loss=0.3184
Epoch=177, loss=0.3157
Epoch=178, loss=0.3132
Epoch=179, loss=0.3107
Epoch=180, loss=0.3258
Epoch=181, loss=0.3134
Epoch=182, loss=0.3124
Epoch=183, loss=0.3147
Epoch=184, loss=0.3102
Epoch=185, loss=0.3055
Epoch=186, loss=0.3104
Epoch=187, loss=0.3075
Epoch=188, loss=0.3029
Epoch=189, loss=0.3006
Epoch=190, loss=0.3002
Epoch=191, loss=0.3017
Epoch=192, loss=0.2981
Epoch=193, loss=0.2989
Epoch=194, loss=0.2945
Epoch=195, loss=0.2947
Epoch=196, loss=0.2926
Epoch=197, loss=0.2997
Epoch=198, loss=0.2919
Epoch=199, loss=0.2926
Epoch=200, loss=0.2893
Epoch=201, loss=0.2875
Epoch=202, loss=0.2907
Epoch=203, loss=0.2837
Epoch=204, loss=0.2818
Epoch=205, loss=0.2813
Epoch=206, loss=0.2853
Epoch=207, loss=0.2826
Epoch=208, loss=0.2811
Epoch=209, loss=0.2765
Epoch=210, loss=0.2805
Epoch=211, loss=0.2743
Epoch=212, loss=0.2793
Epoch=213, loss=0.2724
Epoch=214, loss=0.2723
Epoch=215, loss=0.2715
Epoch=216, loss=0.2694
Epoch=217, loss=0.2665
Epoch=218, loss=0.2748
Epoch=219, loss=0.2703
Epoch=220, loss=0.2653
Epoch=221, loss=0.2687
Epoch=222, loss=0.2601
Epoch=223, loss=0.2643
Epoch=224, loss=0.2679
Epoch=225, loss=0.2570
Epoch=226, loss=0.2568
Epoch=227, loss=0.2601
Epoch=228, loss=0.2579
Epoch=229, loss=0.2548
Epoch=230, loss=0.2587
Epoch=231, loss=0.2601
Epoch=232, loss=0.2559
Epoch=233, loss=0.2526
Epoch=234, loss=0.2520
Epoch=235, loss=0.2520
Epoch=236, loss=0.2489
Epoch=237, loss=0.2472
Epoch=238, loss=0.2450
Epoch=239, loss=0.2452
Epoch=240, loss=0.2439
Epoch=241, loss=0.2421
Epoch=242, loss=0.2480
Epoch=243, loss=0.2394
Epoch=244, loss=0.2398
Epoch=245, loss=0.2388
Epoch=246, loss=0.2393
Epoch=247, loss=0.2340
Epoch=248, loss=0.2367
Epoch=249, loss=0.2344
Epoch=250, loss=0.2365
Epoch=251, loss=0.2329
Epoch=252, loss=0.2318
Epoch=253, loss=0.2312
Epoch=254, loss=0.2291
Epoch=255, loss=0.2305
Epoch=256, loss=0.2331
Epoch=257, loss=0.2303
Epoch=258, loss=0.2281
Epoch=259, loss=0.2277
Epoch=260, loss=0.2264
Epoch=261, loss=0.2240
Epoch=262, loss=0.2282
Epoch=263, loss=0.2242
Epoch=264, loss=0.2221
Epoch=265, loss=0.2228
Epoch=266, loss=0.2213
Epoch=267, loss=0.2215
Epoch=268, loss=0.2178
Epoch=269, loss=0.2186
Epoch=270, loss=0.2175
Epoch=271, loss=0.2156
Epoch=272, loss=0.2178
Epoch=273, loss=0.2148
Epoch=274, loss=0.2125
Epoch=275, loss=0.2127
Epoch=276, loss=0.2131
Epoch=277, loss=0.2074
Epoch=278, loss=0.2070
Epoch=279, loss=0.2073
Epoch=280, loss=0.2078
Epoch=281, loss=0.2099
Epoch=282, loss=0.2103
Epoch=283, loss=0.2066
Epoch=284, loss=0.2040
Epoch=285, loss=0.2103
Epoch=286, loss=0.2055
Epoch=287, loss=0.2068
Epoch=288, loss=0.2019
Epoch=289, loss=0.2012
Epoch=290, loss=0.2006
Epoch=291, loss=0.2037
Epoch=292, loss=0.2049
Epoch=293, loss=0.1923
Epoch=294, loss=0.1966
Epoch=295, loss=0.1962
Epoch=296, loss=0.1932
Epoch=297, loss=0.1944
Epoch=298, loss=0.1943
Epoch=299, loss=0.1963
Epoch=300, loss=0.1946
Epoch=301, loss=0.1907
Epoch=302, loss=0.1975
Epoch=303, loss=0.1906
Epoch=304, loss=0.1886
Epoch=305, loss=0.1896
Epoch=306, loss=0.1881
Epoch=307, loss=0.1891
Epoch=308, loss=0.1830
Epoch=309, loss=0.1873
Epoch=310, loss=0.1828
Epoch=311, loss=0.1841
Epoch=312, loss=0.1864
Epoch=313, loss=0.1841
Epoch=314, loss=0.1894
Epoch=315, loss=0.1846
Epoch=316, loss=0.1852
Epoch=317, loss=0.1800
Epoch=318, loss=0.1818
Epoch=319, loss=0.1803
Epoch=320, loss=0.1779
Epoch=321, loss=0.1765
Epoch=322, loss=0.1784
Epoch=323, loss=0.1799
Epoch=324, loss=0.1791
Epoch=325, loss=0.1781
Epoch=326, loss=0.1770
Epoch=327, loss=0.1715
Epoch=328, loss=0.1736
Epoch=329, loss=0.1729
Epoch=330, loss=0.1722
Epoch=331, loss=0.1720
Epoch=332, loss=0.1745
Epoch=333, loss=0.1704
Epoch=334, loss=0.1690
Epoch=335, loss=0.1682
Epoch=336, loss=0.1659
Epoch=337, loss=0.1663
Epoch=338, loss=0.1717
Epoch=339, loss=0.1714
Epoch=340, loss=0.1672
Epoch=341, loss=0.1722
Epoch=342, loss=0.1649
Epoch=343, loss=0.1674
Epoch=344, loss=0.1663
Epoch=345, loss=0.1632
Epoch=346, loss=0.1626
Epoch=347, loss=0.1585
Epoch=348, loss=0.1670
Epoch=349, loss=0.1626
Epoch=350, loss=0.1662
Epoch=351, loss=0.1590
Epoch=352, loss=0.1580
Epoch=353, loss=0.1583
Epoch=354, loss=0.1610
Epoch=355, loss=0.1608
Epoch=356, loss=0.1563
Epoch=357, loss=0.1588
Epoch=358, loss=0.1595
Epoch=359, loss=0.1537
Epoch=360, loss=0.1621
Epoch=361, loss=0.1586
Epoch=362, loss=0.1528
Epoch=363, loss=0.1533
Epoch=364, loss=0.1560
Epoch=365, loss=0.1593
Epoch=366, loss=0.1535
Epoch=367, loss=0.1555
Epoch=368, loss=0.1529
Epoch=369, loss=0.1514
Epoch=370, loss=0.1547
Epoch=371, loss=0.1512
Epoch=372, loss=0.1478
Epoch=373, loss=0.1489
Epoch=374, loss=0.1506
Epoch=375, loss=0.1484
Epoch=376, loss=0.1438
Epoch=377, loss=0.1492
Epoch=378, loss=0.1474
Epoch=379, loss=0.1477
Epoch=380, loss=0.1453
Epoch=381, loss=0.1505
Epoch=382, loss=0.1444
Epoch=383, loss=0.1426
Epoch=384, loss=0.1465
Epoch=385, loss=0.1419
Epoch=386, loss=0.1472
Epoch=387, loss=0.1449
Epoch=388, loss=0.1487
Epoch=389, loss=0.1445
Epoch=390, loss=0.1439
Epoch=391, loss=0.1431
Epoch=392, loss=0.1406
Epoch=393, loss=0.1404
Epoch=394, loss=0.1416
Epoch=395, loss=0.1453
Epoch=396, loss=0.1362
Epoch=397, loss=0.1415
Epoch=398, loss=0.1362
Epoch=399, loss=0.1355
Epoch=400, loss=0.1394
Epoch=401, loss=0.1363
Epoch=402, loss=0.1380
Epoch=403, loss=0.1358
Epoch=404, loss=0.1426
Epoch=405, loss=0.1362
Epoch=406, loss=0.1387
Epoch=407, loss=0.1372
Epoch=408, loss=0.1324
Epoch=409, loss=0.1365
Epoch=410, loss=0.1361
Epoch=411, loss=0.1304
Epoch=412, loss=0.1297
Epoch=413, loss=0.1316
Epoch=414, loss=0.1311
Epoch=415, loss=0.1386
Epoch=416, loss=0.1315
Epoch=417, loss=0.1297
Epoch=418, loss=0.1410
Epoch=419, loss=0.1292
Epoch=420, loss=0.1277
Epoch=421, loss=0.1307
Epoch=422, loss=0.1315
Epoch=423, loss=0.1301
Epoch=424, loss=0.1263
Epoch=425, loss=0.1277
Epoch=426, loss=0.1271
Epoch=427, loss=0.1267
Epoch=428, loss=0.1218
Epoch=429, loss=0.1320
Epoch=430, loss=0.1243
Epoch=431, loss=0.1266
Epoch=432, loss=0.1247
Epoch=433, loss=0.1306
Epoch=434, loss=0.1299
Epoch=435, loss=0.1240
Epoch=436, loss=0.1244
Epoch=437, loss=0.1222
Epoch=438, loss=0.1251
Epoch=439, loss=0.1226
Epoch=440, loss=0.1255
Epoch=441, loss=0.1185
Epoch=442, loss=0.1217
Epoch=443, loss=0.1221
Epoch=444, loss=0.1205
Epoch=445, loss=0.1210
Epoch=446, loss=0.1197
Epoch=447, loss=0.1246
Epoch=448, loss=0.1228
Epoch=449, loss=0.1223
Epoch=450, loss=0.1176
Epoch=451, loss=0.1195
Epoch=452, loss=0.1209
Epoch=453, loss=0.1153
Epoch=454, loss=0.1184
Epoch=455, loss=0.1181
Epoch=456, loss=0.1188
Epoch=457, loss=0.1152
Epoch=458, loss=0.1158
Epoch=459, loss=0.1253
Epoch=460, loss=0.1186
Epoch=461, loss=0.1228
Epoch=462, loss=0.1158
Epoch=463, loss=0.1147
Epoch=464, loss=0.1159
Epoch=465, loss=0.1135
Epoch=466, loss=0.1153
Epoch=467, loss=0.1123
Epoch=468, loss=0.1162
Epoch=469, loss=0.1151
Epoch=470, loss=0.1101
Epoch=471, loss=0.1096
Epoch=472, loss=0.1170
Epoch=473, loss=0.1123
Epoch=474, loss=0.1134
Epoch=475, loss=0.1117
Epoch=476, loss=0.1112
Epoch=477, loss=0.1108
Epoch=478, loss=0.1106
Epoch=479, loss=0.1109
Epoch=480, loss=0.1096
Epoch=481, loss=0.1071
Epoch=482, loss=0.1084
Epoch=483, loss=0.1114
Epoch=484, loss=0.1101
Epoch=485, loss=0.1088
Epoch=486, loss=0.1068
Epoch=487, loss=0.1104
Epoch=488, loss=0.1091
Epoch=489, loss=0.1094
Epoch=490, loss=0.1048
Epoch=491, loss=0.1100
Epoch=492, loss=0.1068
Epoch=493, loss=0.1050
Epoch=494, loss=0.1115
Epoch=495, loss=0.1066
Epoch=496, loss=0.1070
Epoch=497, loss=0.1077
Epoch=498, loss=0.1107
Epoch=499, loss=0.1071
Loading 490th epoch
Early stopping!
Start to test process.
done with the edge prediction
done with the node prediction
done with the second node prediction
(E) | label_classification: F1Mi=0.7591+-0.0046, F1Ma=0.7225+-0.0107, acc=0.7591+-0.0046
[['MVGRL', 'heat', 16, 15, 2, 'normalize', 0.1, 0.2, 0.4, 0.001, 0.5, 0.2, 0.5, 0.0001, 512, 512, 0.9262010538699356, 0.9241911101392026, 0.9348249552621442, 0.9284766508198952, 0.7571428418159485, 0.6600000262260437, 0.6634429693222046, 0.7642857432365417, 0.6639999747276306, 0.6711798906326294, 0.6706568208317141, 0.009719704023219948, 0.61167806253308, 0.010802328067581466, 0.6706568208317141, 0.009719704023219948], ['MVGRL', 'heat', 32, 15, 2, 'normalize', 0.1, 0.2, 0.4, 0.001, 0.5, 0.2, 0.5, 0.0001, 512, 512, 0.926711550667099, 0.9188749249682592, 0.9302953598651923, 0.9258399384513948, 0.9285714030265808, 0.734000027179718, 0.728723406791687, 0.9357143044471741, 0.734000027179718, 0.7335590124130249, 0.7591138748542557, 0.004633924154151208, 0.7225325079367751, 0.010717427391440958, 0.7591138748542559, 0.004633924154151248]]
Epoch=000, loss=0.6948
Epoch=001, loss=0.6928
Epoch=002, loss=0.6913
Epoch=003, loss=0.6889
Epoch=004, loss=0.6874
Epoch=005, loss=0.6852
Epoch=006, loss=0.6826
Epoch=007, loss=0.6815
Epoch=008, loss=0.6790
Epoch=009, loss=0.6752
Epoch=010, loss=0.6739
Epoch=011, loss=0.6707
Epoch=012, loss=0.6683
Epoch=013, loss=0.6634
Epoch=014, loss=0.6613
Epoch=015, loss=0.6573
Epoch=016, loss=0.6533
Epoch=017, loss=0.6506
Epoch=018, loss=0.6462
Epoch=019, loss=0.6411
Epoch=020, loss=0.6352
Epoch=021, loss=0.6337
Epoch=022, loss=0.6280
Epoch=023, loss=0.6237
Epoch=024, loss=0.6136
Epoch=025, loss=0.6097
Epoch=026, loss=0.6065
Epoch=027, loss=0.6021
Epoch=028, loss=0.6009
Epoch=029, loss=0.5933
Epoch=030, loss=0.5861
Epoch=031, loss=0.5827
Epoch=032, loss=0.5841
Epoch=033, loss=0.5747
Epoch=034, loss=0.5690
Epoch=035, loss=0.5624
Epoch=036, loss=0.5568
Epoch=037, loss=0.5575
Epoch=038, loss=0.5500
Epoch=039, loss=0.5430
Epoch=040, loss=0.5407
Epoch=041, loss=0.5325
Epoch=042, loss=0.5295
Epoch=043, loss=0.5320
Epoch=044, loss=0.5192
Epoch=045, loss=0.5155
Epoch=046, loss=0.5150
Epoch=047, loss=0.5137
Epoch=048, loss=0.5063
Epoch=049, loss=0.5019
Epoch=050, loss=0.4906
Epoch=051, loss=0.4899
Epoch=052, loss=0.4855
Epoch=053, loss=0.4837
Epoch=054, loss=0.4807
Epoch=055, loss=0.4751
Epoch=056, loss=0.4698
Epoch=057, loss=0.4680
Epoch=058, loss=0.4652
Epoch=059, loss=0.4588
Epoch=060, loss=0.4554
Epoch=061, loss=0.4492
Epoch=062, loss=0.4555
Epoch=063, loss=0.4435
Epoch=064, loss=0.4545
Epoch=065, loss=0.4469
Epoch=066, loss=0.4334
Epoch=067, loss=0.4298
Epoch=068, loss=0.4259
Epoch=069, loss=0.4284
Epoch=070, loss=0.4236
Epoch=071, loss=0.4155
Epoch=072, loss=0.4126
Epoch=073, loss=0.4119
Epoch=074, loss=0.4060
Epoch=075, loss=0.4107
Epoch=076, loss=0.4017
Epoch=077, loss=0.3981
Epoch=078, loss=0.4020
Epoch=079, loss=0.3946
Epoch=080, loss=0.3923
Epoch=081, loss=0.3881
Epoch=082, loss=0.3841
Epoch=083, loss=0.3810
Epoch=084, loss=0.3793
Epoch=085, loss=0.3785
Epoch=086, loss=0.3739
Epoch=087, loss=0.3710
Epoch=088, loss=0.3711
Epoch=089, loss=0.3682
Epoch=090, loss=0.3663
Epoch=091, loss=0.3621
Epoch=092, loss=0.3615
Epoch=093, loss=0.3595
Epoch=094, loss=0.3561
Epoch=095, loss=0.3511
Epoch=096, loss=0.3509
Epoch=097, loss=0.3475
Epoch=098, loss=0.3406
Epoch=099, loss=0.3417
Epoch=100, loss=0.3380
Epoch=101, loss=0.3384
Epoch=102, loss=0.3366
Epoch=103, loss=0.3351
Epoch=104, loss=0.3298
Epoch=105, loss=0.3309
Epoch=106, loss=0.3255
Epoch=107, loss=0.3282
Epoch=108, loss=0.3256
Epoch=109, loss=0.3228
Epoch=110, loss=0.3169
Epoch=111, loss=0.3203
Epoch=112, loss=0.3118
Epoch=113, loss=0.3122
Epoch=114, loss=0.3100
Epoch=115, loss=0.3096
Epoch=116, loss=0.3061
Epoch=117, loss=0.3072
Epoch=118, loss=0.3022
Epoch=119, loss=0.2973
Epoch=120, loss=0.2977
Epoch=121, loss=0.2967
Epoch=122, loss=0.2932
Epoch=123, loss=0.2938
Epoch=124, loss=0.2892
Epoch=125, loss=0.2850
Epoch=126, loss=0.2890
Epoch=127, loss=0.2846
Epoch=128, loss=0.2825
Epoch=129, loss=0.2848
Epoch=130, loss=0.2782
Epoch=131, loss=0.2751
Epoch=132, loss=0.2724
Epoch=133, loss=0.2705
Epoch=134, loss=0.2741
Epoch=135, loss=0.2688
Epoch=136, loss=0.2653
Epoch=137, loss=0.2659
Epoch=138, loss=0.2618
Epoch=139, loss=0.2610
Epoch=140, loss=0.2639
Epoch=141, loss=0.2569
Epoch=142, loss=0.2587
Epoch=143, loss=0.2556
Epoch=144, loss=0.2518
Epoch=145, loss=0.2507
Epoch=146, loss=0.2541
Epoch=147, loss=0.2476
Epoch=148, loss=0.2464
Epoch=149, loss=0.2406
Epoch=150, loss=0.2480
Epoch=151, loss=0.2420
Epoch=152, loss=0.2400
Epoch=153, loss=0.2391
Epoch=154, loss=0.2333
Epoch=155, loss=0.2393
Epoch=156, loss=0.2367
Epoch=157, loss=0.2345
Epoch=158, loss=0.2325
Epoch=159, loss=0.2326
Epoch=160, loss=0.2301
Epoch=161, loss=0.2269
Epoch=162, loss=0.2247
Epoch=163, loss=0.2219
Epoch=164, loss=0.2212
Epoch=165, loss=0.2245
Epoch=166, loss=0.2170
Epoch=167, loss=0.2209
Epoch=168, loss=0.2168
Epoch=169, loss=0.2139
Epoch=170, loss=0.2137
Epoch=171, loss=0.2105
Epoch=172, loss=0.2144
Epoch=173, loss=0.2086
Epoch=174, loss=0.2096
Epoch=175, loss=0.2099
Epoch=176, loss=0.2079
Epoch=177, loss=0.2050
Epoch=178, loss=0.2079
Epoch=179, loss=0.2025
Epoch=180, loss=0.2012
Epoch=181, loss=0.1990
Epoch=182, loss=0.1991
Epoch=183, loss=0.1983
Epoch=184, loss=0.1965
Epoch=185, loss=0.1968
Epoch=186, loss=0.1934
Epoch=187, loss=0.1939
Epoch=188, loss=0.1948
Epoch=189, loss=0.1863
Epoch=190, loss=0.1875
Epoch=191, loss=0.1894
Epoch=192, loss=0.1855
Epoch=193, loss=0.1855
Epoch=194, loss=0.1836
Epoch=195, loss=0.1852
Epoch=196, loss=0.1847
Epoch=197, loss=0.1822
Epoch=198, loss=0.1805
Epoch=199, loss=0.1781
Epoch=200, loss=0.1796
Epoch=201, loss=0.1751
Epoch=202, loss=0.1786
Epoch=203, loss=0.1755
Epoch=204, loss=0.1717
Epoch=205, loss=0.1711
Epoch=206, loss=0.1721
Epoch=207, loss=0.1754
Epoch=208, loss=0.1665
Epoch=209, loss=0.1720
Epoch=210, loss=0.1679
Epoch=211, loss=0.1698
Epoch=212, loss=0.1668
Epoch=213, loss=0.1654
Epoch=214, loss=0.1626
Epoch=215, loss=0.1606
Epoch=216, loss=0.1624
Epoch=217, loss=0.1595
Epoch=218, loss=0.1579
Epoch=219, loss=0.1619
Epoch=220, loss=0.1635
Epoch=221, loss=0.1586
Epoch=222, loss=0.1547
Epoch=223, loss=0.1579
Epoch=224, loss=0.1529
Epoch=225, loss=0.1524
Epoch=226, loss=0.1515
Epoch=227, loss=0.1512
Epoch=228, loss=0.1476
Epoch=229, loss=0.1515
Epoch=230, loss=0.1519
Epoch=231, loss=0.1456
Epoch=232, loss=0.1461
Epoch=233, loss=0.1469
Epoch=234, loss=0.1418
Epoch=235, loss=0.1450
Epoch=236, loss=0.1476
Epoch=237, loss=0.1427
Epoch=238, loss=0.1408
Epoch=239, loss=0.1398
Epoch=240, loss=0.1405
Epoch=241, loss=0.1396
Epoch=242, loss=0.1423
Epoch=243, loss=0.1438
Epoch=244, loss=0.1396
Epoch=245, loss=0.1354
Epoch=246, loss=0.1343
Epoch=247, loss=0.1365
Epoch=248, loss=0.1360
Epoch=249, loss=0.1373
Epoch=250, loss=0.1368
Epoch=251, loss=0.1362
Epoch=252, loss=0.1340
Epoch=253, loss=0.1331
Epoch=254, loss=0.1333
Epoch=255, loss=0.1261
Epoch=256, loss=0.1294
Epoch=257, loss=0.1314
Epoch=258, loss=0.1275
Epoch=259, loss=0.1260
Epoch=260, loss=0.1275
Epoch=261, loss=0.1270
Epoch=262, loss=0.1261
Epoch=263, loss=0.1272
Epoch=264, loss=0.1252
Epoch=265, loss=0.1236
Epoch=266, loss=0.1302
Epoch=267, loss=0.1187
Epoch=268, loss=0.1219
Epoch=269, loss=0.1194
Epoch=270, loss=0.1171
Epoch=271, loss=0.1210
Epoch=272, loss=0.1238
Epoch=273, loss=0.1207
Epoch=274, loss=0.1217
Epoch=275, loss=0.1193
Epoch=276, loss=0.1139
Epoch=277, loss=0.1189
Epoch=278, loss=0.1164
Epoch=279, loss=0.1153
Epoch=280, loss=0.1154
Epoch=281, loss=0.1173
Epoch=282, loss=0.1151
Epoch=283, loss=0.1153
Epoch=284, loss=0.1145
Epoch=285, loss=0.1171
Epoch=286, loss=0.1112
Epoch=287, loss=0.1119
Epoch=288, loss=0.1118
Epoch=289, loss=0.1128
Epoch=290, loss=0.1102
Epoch=291, loss=0.1117
Epoch=292, loss=0.1125
Epoch=293, loss=0.1062
Epoch=294, loss=0.1075
Epoch=295, loss=0.1066
Epoch=296, loss=0.1057
Epoch=297, loss=0.1073
Epoch=298, loss=0.1056
Epoch=299, loss=0.1090
Epoch=300, loss=0.1054
Epoch=301, loss=0.1058
Epoch=302, loss=0.1053
Epoch=303, loss=0.1063
Epoch=304, loss=0.1091
Epoch=305, loss=0.1013
Epoch=306, loss=0.1005
Epoch=307, loss=0.0996
Epoch=308, loss=0.0984
Epoch=309, loss=0.1030
Epoch=310, loss=0.0978
Epoch=311, loss=0.0999
Epoch=312, loss=0.1003
Epoch=313, loss=0.0995
Epoch=314, loss=0.0966
Epoch=315, loss=0.0999
Epoch=316, loss=0.0946
Epoch=317, loss=0.0967
Epoch=318, loss=0.0952
Epoch=319, loss=0.1032
Epoch=320, loss=0.0917
Epoch=321, loss=0.0960
Epoch=322, loss=0.0939
Epoch=323, loss=0.0937
Epoch=324, loss=0.0930
Epoch=325, loss=0.0959
Epoch=326, loss=0.0953
Epoch=327, loss=0.0922
Epoch=328, loss=0.0933
Epoch=329, loss=0.0931
Epoch=330, loss=0.0893
Epoch=331, loss=0.0898
Epoch=332, loss=0.0901
Epoch=333, loss=0.0906
Epoch=334, loss=0.0876
Epoch=335, loss=0.0901
Epoch=336, loss=0.0929
Epoch=337, loss=0.0906
Epoch=338, loss=0.0915
Epoch=339, loss=0.0885
Epoch=340, loss=0.0887
Epoch=341, loss=0.0863
Epoch=342, loss=0.0886
Epoch=343, loss=0.0892
Epoch=344, loss=0.0857
Epoch=345, loss=0.0863
Epoch=346, loss=0.0838
Epoch=347, loss=0.0804
Epoch=348, loss=0.0853
Epoch=349, loss=0.0870
Epoch=350, loss=0.0850
Epoch=351, loss=0.0897
Epoch=352, loss=0.0852
Epoch=353, loss=0.0831
Epoch=354, loss=0.0831
Epoch=355, loss=0.0841
Epoch=356, loss=0.0853
Epoch=357, loss=0.0820
Epoch=358, loss=0.0799
Epoch=359, loss=0.0792
Epoch=360, loss=0.0826
Epoch=361, loss=0.0793
Epoch=362, loss=0.0784
Epoch=363, loss=0.0809
Epoch=364, loss=0.0796
Epoch=365, loss=0.0821
Epoch=366, loss=0.0807
Epoch=367, loss=0.0765
Epoch=368, loss=0.0805
Epoch=369, loss=0.0810
Epoch=370, loss=0.0750
Epoch=371, loss=0.0772
Epoch=372, loss=0.0791
Epoch=373, loss=0.0762
Epoch=374, loss=0.0768
Epoch=375, loss=0.0791
Epoch=376, loss=0.0767
Epoch=377, loss=0.0787
Epoch=378, loss=0.0722
Epoch=379, loss=0.0804
Epoch=380, loss=0.0761
Epoch=381, loss=0.0734
Epoch=382, loss=0.0768
Epoch=383, loss=0.0721
Epoch=384, loss=0.0700
Epoch=385, loss=0.0709
Epoch=386, loss=0.0717
Epoch=387, loss=0.0704
Epoch=388, loss=0.0742
Epoch=389, loss=0.0745
Epoch=390, loss=0.0734
Epoch=391, loss=0.0703
Epoch=392, loss=0.0717
Epoch=393, loss=0.0689
Epoch=394, loss=0.0695
Epoch=395, loss=0.0696
Epoch=396, loss=0.0706
Epoch=397, loss=0.0696
Epoch=398, loss=0.0712
Epoch=399, loss=0.0694
Epoch=400, loss=0.0658
Epoch=401, loss=0.0673
Epoch=402, loss=0.0663
Epoch=403, loss=0.0680
Epoch=404, loss=0.0721
Epoch=405, loss=0.0704
Epoch=406, loss=0.0704
Epoch=407, loss=0.0670
Epoch=408, loss=0.0721
Epoch=409, loss=0.0681
Epoch=410, loss=0.0678
Epoch=411, loss=0.0673
Epoch=412, loss=0.0687
Epoch=413, loss=0.0662
Epoch=414, loss=0.0664
Epoch=415, loss=0.0658
Epoch=416, loss=0.0666
Epoch=417, loss=0.0669
Epoch=418, loss=0.0640
Epoch=419, loss=0.0604
Epoch=420, loss=0.0650
Epoch=421, loss=0.0672
Epoch=422, loss=0.0683
Epoch=423, loss=0.0627
Epoch=424, loss=0.0626
Epoch=425, loss=0.0616
Epoch=426, loss=0.0637
Epoch=427, loss=0.0606
Epoch=428, loss=0.0637
Epoch=429, loss=0.0608
Epoch=430, loss=0.0635
Epoch=431, loss=0.0632
Epoch=432, loss=0.0591
Epoch=433, loss=0.0639
Epoch=434, loss=0.0581
Epoch=435, loss=0.0592
Epoch=436, loss=0.0548
Epoch=437, loss=0.0586
Epoch=438, loss=0.0630
Epoch=439, loss=0.0613
Epoch=440, loss=0.0614
Epoch=441, loss=0.0629
Epoch=442, loss=0.0564
Epoch=443, loss=0.0609
Epoch=444, loss=0.0588
Epoch=445, loss=0.0627
Epoch=446, loss=0.0594
Epoch=447, loss=0.0569
Epoch=448, loss=0.0576
Epoch=449, loss=0.0582
Epoch=450, loss=0.0609
Epoch=451, loss=0.0564
Epoch=452, loss=0.0605
Epoch=453, loss=0.0570
Epoch=454, loss=0.0595
Epoch=455, loss=0.0538
Epoch=456, loss=0.0572
Epoch=457, loss=0.0614
Epoch=458, loss=0.0604
Epoch=459, loss=0.0577
Epoch=460, loss=0.0579
Epoch=461, loss=0.0543
Epoch=462, loss=0.0615
Epoch=463, loss=0.0558
Epoch=464, loss=0.0540
Epoch=465, loss=0.0564
Epoch=466, loss=0.0550
Epoch=467, loss=0.0552
Epoch=468, loss=0.0548
Epoch=469, loss=0.0565
Epoch=470, loss=0.0525
Epoch=471, loss=0.0567
Epoch=472, loss=0.0550
Epoch=473, loss=0.0521
Epoch=474, loss=0.0552
Epoch=475, loss=0.0533
Epoch=476, loss=0.0523
Epoch=477, loss=0.0532
Epoch=478, loss=0.0495
Epoch=479, loss=0.0529
Epoch=480, loss=0.0512
Epoch=481, loss=0.0523
Epoch=482, loss=0.0524
Epoch=483, loss=0.0517
Epoch=484, loss=0.0518
Epoch=485, loss=0.0504
Epoch=486, loss=0.0492
Epoch=487, loss=0.0496
Epoch=488, loss=0.0500
Epoch=489, loss=0.0517
Epoch=490, loss=0.0502
Epoch=491, loss=0.0509
Epoch=492, loss=0.0523
Epoch=493, loss=0.0507
Epoch=494, loss=0.0503
Epoch=495, loss=0.0490
Epoch=496, loss=0.0499
Epoch=497, loss=0.0499
Epoch=498, loss=0.0486
Epoch=499, loss=0.0469
Loading 499th epoch
Early stopping!
Start to test process.
done with the edge prediction
done with the node prediction
done with the second node prediction
(E) | label_classification: F1Mi=0.7753+-0.0039, F1Ma=0.7511+-0.0144, acc=0.7753+-0.0039
[['MVGRL', 'heat', 16, 15, 2, 'normalize', 0.1, 0.2, 0.4, 0.001, 0.5, 0.2, 0.5, 0.0001, 512, 512, 0.9262010538699356, 0.9241911101392026, 0.9348249552621442, 0.9284766508198952, 0.7571428418159485, 0.6600000262260437, 0.6634429693222046, 0.7642857432365417, 0.6639999747276306, 0.6711798906326294, 0.6706568208317141, 0.009719704023219948, 0.61167806253308, 0.010802328067581466, 0.6706568208317141, 0.009719704023219948], ['MVGRL', 'heat', 32, 15, 2, 'normalize', 0.1, 0.2, 0.4, 0.001, 0.5, 0.2, 0.5, 0.0001, 512, 512, 0.926711550667099, 0.9188749249682592, 0.9302953598651923, 0.9258399384513948, 0.9285714030265808, 0.734000027179718, 0.728723406791687, 0.9357143044471741, 0.734000027179718, 0.7335590124130249, 0.7591138748542557, 0.004633924154151208, 0.7225325079367751, 0.010717427391440958, 0.7591138748542559, 0.004633924154151248], ['MVGRL', 'heat', 64, 15, 2, 'normalize', 0.1, 0.2, 0.4, 0.001, 0.5, 0.2, 0.5, 0.0001, 512, 512, 0.9689762420524846, 0.9644012498679699, 0.9628486762275457, 0.9577652738433283, 0.9071428775787354, 0.7860000133514404, 0.7756286263465881, 0.8999999761581421, 0.7839999794960022, 0.7707930207252502, 0.7752817722502914, 0.003850591862106746, 0.7510658993782167, 0.014420941838799618, 0.7752817722502915, 0.003850591862106762]]
Epoch=000, loss=0.6937
Epoch=001, loss=0.6894
Epoch=002, loss=0.6845
Epoch=003, loss=0.6799
Epoch=004, loss=0.6755
Epoch=005, loss=0.6715
Epoch=006, loss=0.6665
Epoch=007, loss=0.6587
Epoch=008, loss=0.6509
Epoch=009, loss=0.6423
Epoch=010, loss=0.6370
Epoch=011, loss=0.6297
Epoch=012, loss=0.6196
Epoch=013, loss=0.6110
Epoch=014, loss=0.6042
Epoch=015, loss=0.5911
Epoch=016, loss=0.5816
Epoch=017, loss=0.5795
Epoch=018, loss=0.5653
Epoch=019, loss=0.5556
Epoch=020, loss=0.5472
Epoch=021, loss=0.5370
Epoch=022, loss=0.5287
Epoch=023, loss=0.5198
Epoch=024, loss=0.5151
Epoch=025, loss=0.5093
Epoch=026, loss=0.4952
Epoch=027, loss=0.4882
Epoch=028, loss=0.4854
Epoch=029, loss=0.4739
Epoch=030, loss=0.4681
Epoch=031, loss=0.4645
Epoch=032, loss=0.4538
Epoch=033, loss=0.4449
Epoch=034, loss=0.4343
Epoch=035, loss=0.4343
Epoch=036, loss=0.4211
Epoch=037, loss=0.4176
Epoch=038, loss=0.4125
Epoch=039, loss=0.4037
Epoch=040, loss=0.4004
Epoch=041, loss=0.3964
Epoch=042, loss=0.3901
Epoch=043, loss=0.3801
Epoch=044, loss=0.3762
Epoch=045, loss=0.3735
Epoch=046, loss=0.3739
Epoch=047, loss=0.3646
Epoch=048, loss=0.3554
Epoch=049, loss=0.3547
Epoch=050, loss=0.3476
Epoch=051, loss=0.3456
Epoch=052, loss=0.3398
Epoch=053, loss=0.3328
Epoch=054, loss=0.3316
Epoch=055, loss=0.3294
Epoch=056, loss=0.3214
Epoch=057, loss=0.3185
Epoch=058, loss=0.3154
Epoch=059, loss=0.3077
Epoch=060, loss=0.3051
Epoch=061, loss=0.3005
Epoch=062, loss=0.2950
Epoch=063, loss=0.2904
Epoch=064, loss=0.2892
Epoch=065, loss=0.2887
Epoch=066, loss=0.2832
Epoch=067, loss=0.2816
Epoch=068, loss=0.2759
Epoch=069, loss=0.2725
Epoch=070, loss=0.2748
Epoch=071, loss=0.2669
Epoch=072, loss=0.2698
Epoch=073, loss=0.2591
Epoch=074, loss=0.2540
Epoch=075, loss=0.2586
Epoch=076, loss=0.2493
Epoch=077, loss=0.2488
Epoch=078, loss=0.2445
Epoch=079, loss=0.2433
Epoch=080, loss=0.2381
Epoch=081, loss=0.2368
Epoch=082, loss=0.2310
Epoch=083, loss=0.2286
Epoch=084, loss=0.2245
Epoch=085, loss=0.2259
Epoch=086, loss=0.2197
Epoch=087, loss=0.2180
Epoch=088, loss=0.2174
Epoch=089, loss=0.2126
Epoch=090, loss=0.2142
Epoch=091, loss=0.2120
Epoch=092, loss=0.2064
Epoch=093, loss=0.2047
Epoch=094, loss=0.2064
Epoch=095, loss=0.1971
Epoch=096, loss=0.1976
Epoch=097, loss=0.1941
Epoch=098, loss=0.1925
Epoch=099, loss=0.1937
Epoch=100, loss=0.1855
Epoch=101, loss=0.1864
Epoch=102, loss=0.1847
Epoch=103, loss=0.1786
Epoch=104, loss=0.1801
Epoch=105, loss=0.1803
Epoch=106, loss=0.1802
Epoch=107, loss=0.1764
Epoch=108, loss=0.1753
Epoch=109, loss=0.1698
Epoch=110, loss=0.1662
Epoch=111, loss=0.1694
Epoch=112, loss=0.1683
Epoch=113, loss=0.1638
Epoch=114, loss=0.1650
Epoch=115, loss=0.1623
Epoch=116, loss=0.1599
Epoch=117, loss=0.1576
Epoch=118, loss=0.1578
Epoch=119, loss=0.1529
Epoch=120, loss=0.1509
Epoch=121, loss=0.1544
Epoch=122, loss=0.1464
Epoch=123, loss=0.1474
Epoch=124, loss=0.1468
Epoch=125, loss=0.1447
Epoch=126, loss=0.1424
Epoch=127, loss=0.1465
Epoch=128, loss=0.1447
Epoch=129, loss=0.1395
Epoch=130, loss=0.1376
Epoch=131, loss=0.1405
Epoch=132, loss=0.1363
Epoch=133, loss=0.1373
Epoch=134, loss=0.1338
Epoch=135, loss=0.1333
Epoch=136, loss=0.1352
Epoch=137, loss=0.1304
Epoch=138, loss=0.1335
Epoch=139, loss=0.1304
Epoch=140, loss=0.1277
Epoch=141, loss=0.1280
Epoch=142, loss=0.1245
Epoch=143, loss=0.1239
Epoch=144, loss=0.1225
Epoch=145, loss=0.1249
Epoch=146, loss=0.1251
Epoch=147, loss=0.1232
Epoch=148, loss=0.1166
Epoch=149, loss=0.1152
Epoch=150, loss=0.1144
Epoch=151, loss=0.1173
Epoch=152, loss=0.1183
Epoch=153, loss=0.1183
Epoch=154, loss=0.1114
Epoch=155, loss=0.1162
Epoch=156, loss=0.1130
Epoch=157, loss=0.1120
Epoch=158, loss=0.1097
Epoch=159, loss=0.1087
Epoch=160, loss=0.1078
Epoch=161, loss=0.1135
Epoch=162, loss=0.1096
Epoch=163, loss=0.1046
Epoch=164, loss=0.1037
Epoch=165, loss=0.1077
Epoch=166, loss=0.1011
Epoch=167, loss=0.1016
Epoch=168, loss=0.1024
Epoch=169, loss=0.1033
Epoch=170, loss=0.0979
Epoch=171, loss=0.0999
Epoch=172, loss=0.1018
Epoch=173, loss=0.0990
Epoch=174, loss=0.0946
Epoch=175, loss=0.0995
Epoch=176, loss=0.0976
Epoch=177, loss=0.0984
Epoch=178, loss=0.0952
Epoch=179, loss=0.0957
Epoch=180, loss=0.0915
Epoch=181, loss=0.0937
Epoch=182, loss=0.0949
Epoch=183, loss=0.0973
Epoch=184, loss=0.0947
Epoch=185, loss=0.0962
Epoch=186, loss=0.0884
Epoch=187, loss=0.0898
Epoch=188, loss=0.0893
Epoch=189, loss=0.0881
Epoch=190, loss=0.0857
Epoch=191, loss=0.0951
Epoch=192, loss=0.0846
Epoch=193, loss=0.0869
Epoch=194, loss=0.0909
Epoch=195, loss=0.0850
Epoch=196, loss=0.0857
Epoch=197, loss=0.0866
Epoch=198, loss=0.0863
Epoch=199, loss=0.0826
Epoch=200, loss=0.0852
Epoch=201, loss=0.0858
Epoch=202, loss=0.0814
Epoch=203, loss=0.0808
Epoch=204, loss=0.0832
Epoch=205, loss=0.0832
Epoch=206, loss=0.0842
Epoch=207, loss=0.0826
Epoch=208, loss=0.0790
Epoch=209, loss=0.0787
Epoch=210, loss=0.0783
Epoch=211, loss=0.0800
Epoch=212, loss=0.0798
Epoch=213, loss=0.0824
Epoch=214, loss=0.0786
Epoch=215, loss=0.0797
Epoch=216, loss=0.0714
Epoch=217, loss=0.0752
Epoch=218, loss=0.0760
Epoch=219, loss=0.0746
Epoch=220, loss=0.0752
Epoch=221, loss=0.0751
Epoch=222, loss=0.0736
Epoch=223, loss=0.0752
Epoch=224, loss=0.0696
Epoch=225, loss=0.0754
Epoch=226, loss=0.0749
Epoch=227, loss=0.0693
Epoch=228, loss=0.0699
Epoch=229, loss=0.0683
Epoch=230, loss=0.0670
Epoch=231, loss=0.0693
Epoch=232, loss=0.0747
Epoch=233, loss=0.0713
Epoch=234, loss=0.0723
Epoch=235, loss=0.0651
Epoch=236, loss=0.0663
Epoch=237, loss=0.0665
Epoch=238, loss=0.0670
Epoch=239, loss=0.0687
Epoch=240, loss=0.0727
Epoch=241, loss=0.0652
Epoch=242, loss=0.0669
Epoch=243, loss=0.0671
Epoch=244, loss=0.0659
Epoch=245, loss=0.0660
Epoch=246, loss=0.0630
Epoch=247, loss=0.0619
Epoch=248, loss=0.0666
Epoch=249, loss=0.0620
Epoch=250, loss=0.0621
Epoch=251, loss=0.0627
Epoch=252, loss=0.0642
Epoch=253, loss=0.0624
Epoch=254, loss=0.0636
Epoch=255, loss=0.0622
Epoch=256, loss=0.0615
Epoch=257, loss=0.0627
Epoch=258, loss=0.0590
Epoch=259, loss=0.0631
Epoch=260, loss=0.0595
Epoch=261, loss=0.0593
Epoch=262, loss=0.0635
Epoch=263, loss=0.0573
Epoch=264, loss=0.0596
Epoch=265, loss=0.0592
Epoch=266, loss=0.0586
Epoch=267, loss=0.0569
Epoch=268, loss=0.0602
Epoch=269, loss=0.0608
Epoch=270, loss=0.0600
Epoch=271, loss=0.0562
Epoch=272, loss=0.0554
Epoch=273, loss=0.0598
Epoch=274, loss=0.0594
Epoch=275, loss=0.0543
Epoch=276, loss=0.0538
Epoch=277, loss=0.0567
Epoch=278, loss=0.0613
Epoch=279, loss=0.0527
Epoch=280, loss=0.0571
Epoch=281, loss=0.0519
Epoch=282, loss=0.0582
Epoch=283, loss=0.0559
Epoch=284, loss=0.0563
Epoch=285, loss=0.0563
Epoch=286, loss=0.0548
Epoch=287, loss=0.0552
Epoch=288, loss=0.0526
Epoch=289, loss=0.0543
Epoch=290, loss=0.0524
Epoch=291, loss=0.0540
Epoch=292, loss=0.0521
Epoch=293, loss=0.0552
Epoch=294, loss=0.0503
Epoch=295, loss=0.0493
Epoch=296, loss=0.0521
Epoch=297, loss=0.0500
Epoch=298, loss=0.0510
Epoch=299, loss=0.0510
Epoch=300, loss=0.0506
Epoch=301, loss=0.0524
Epoch=302, loss=0.0491
Epoch=303, loss=0.0477
Epoch=304, loss=0.0500
Epoch=305, loss=0.0520
Epoch=306, loss=0.0516
Epoch=307, loss=0.0517
Epoch=308, loss=0.0476
Epoch=309, loss=0.0502
Epoch=310, loss=0.0471
Epoch=311, loss=0.0490
Epoch=312, loss=0.0479
Epoch=313, loss=0.0462
Epoch=314, loss=0.0500
Epoch=315, loss=0.0477
Epoch=316, loss=0.0460
Epoch=317, loss=0.0484
Epoch=318, loss=0.0479
Epoch=319, loss=0.0451
Epoch=320, loss=0.0448
Epoch=321, loss=0.0506
Epoch=322, loss=0.0458
Epoch=323, loss=0.0432
Epoch=324, loss=0.0438
Epoch=325, loss=0.0427
Epoch=326, loss=0.0423
Epoch=327, loss=0.0411
Epoch=328, loss=0.0438
Epoch=329, loss=0.0432
Epoch=330, loss=0.0438
Epoch=331, loss=0.0415
Epoch=332, loss=0.0442
Epoch=333, loss=0.0448
Epoch=334, loss=0.0454
Epoch=335, loss=0.0445
Epoch=336, loss=0.0474
Epoch=337, loss=0.0435
Epoch=338, loss=0.0392
Epoch=339, loss=0.0436
Epoch=340, loss=0.0409
Epoch=341, loss=0.0415
Epoch=342, loss=0.0421
Epoch=343, loss=0.0417
Epoch=344, loss=0.0445
Epoch=345, loss=0.0422
Epoch=346, loss=0.0429
Epoch=347, loss=0.0449
Epoch=348, loss=0.0400
Epoch=349, loss=0.0382
Epoch=350, loss=0.0408
Epoch=351, loss=0.0401
Epoch=352, loss=0.0421
Epoch=353, loss=0.0406
Epoch=354, loss=0.0448
Epoch=355, loss=0.0382
Epoch=356, loss=0.0404
Epoch=357, loss=0.0382
Epoch=358, loss=0.0390
Epoch=359, loss=0.0413
Epoch=360, loss=0.0404
Epoch=361, loss=0.0424
Epoch=362, loss=0.0398
Epoch=363, loss=0.0374
Epoch=364, loss=0.0412
Epoch=365, loss=0.0378
Epoch=366, loss=0.0409
Epoch=367, loss=0.0347
Epoch=368, loss=0.0392
Epoch=369, loss=0.0381
Epoch=370, loss=0.0423
Epoch=371, loss=0.0362
Epoch=372, loss=0.0373
Epoch=373, loss=0.0400
Epoch=374, loss=0.0357
Epoch=375, loss=0.0343
Epoch=376, loss=0.0344
Epoch=377, loss=0.0360
Epoch=378, loss=0.0375
Epoch=379, loss=0.0402
Epoch=380, loss=0.0347
Epoch=381, loss=0.0347
Epoch=382, loss=0.0388
Epoch=383, loss=0.0340
Epoch=384, loss=0.0380
Epoch=385, loss=0.0377
Epoch=386, loss=0.0348
Epoch=387, loss=0.0371
Epoch=388, loss=0.0364
Epoch=389, loss=0.0357
Epoch=390, loss=0.0337
Epoch=391, loss=0.0360
Epoch=392, loss=0.0336
Epoch=393, loss=0.0358
Epoch=394, loss=0.0361
Epoch=395, loss=0.0393
Epoch=396, loss=0.0396
Epoch=397, loss=0.0327
Epoch=398, loss=0.0330
Epoch=399, loss=0.0347
Epoch=400, loss=0.0349
Epoch=401, loss=0.0329
Epoch=402, loss=0.0339
Epoch=403, loss=0.0358
Epoch=404, loss=0.0296
Epoch=405, loss=0.0331
Epoch=406, loss=0.0347
Epoch=407, loss=0.0361
Epoch=408, loss=0.0350
Epoch=409, loss=0.0306
Epoch=410, loss=0.0302
Epoch=411, loss=0.0328
Epoch=412, loss=0.0346
Epoch=413, loss=0.0344
Epoch=414, loss=0.0347
Epoch=415, loss=0.0335
Epoch=416, loss=0.0304
Epoch=417, loss=0.0302
Epoch=418, loss=0.0295
Epoch=419, loss=0.0335
Epoch=420, loss=0.0314
Epoch=421, loss=0.0321
Epoch=422, loss=0.0304
Epoch=423, loss=0.0317
Epoch=424, loss=0.0329
Epoch=425, loss=0.0330
Epoch=426, loss=0.0301
Epoch=427, loss=0.0312
Epoch=428, loss=0.0302
Epoch=429, loss=0.0320
Epoch=430, loss=0.0307
Epoch=431, loss=0.0307
Epoch=432, loss=0.0295
Epoch=433, loss=0.0294
Epoch=434, loss=0.0316
Epoch=435, loss=0.0312
Epoch=436, loss=0.0338
Epoch=437, loss=0.0275
Epoch=438, loss=0.0288
Epoch=439, loss=0.0298
Epoch=440, loss=0.0319
Epoch=441, loss=0.0292
Epoch=442, loss=0.0277
Epoch=443, loss=0.0308
Epoch=444, loss=0.0296
Epoch=445, loss=0.0262
Epoch=446, loss=0.0276
Epoch=447, loss=0.0264
Epoch=448, loss=0.0292
Epoch=449, loss=0.0280
Epoch=450, loss=0.0295
Epoch=451, loss=0.0327
Epoch=452, loss=0.0259
Epoch=453, loss=0.0282
Epoch=454, loss=0.0312
Epoch=455, loss=0.0295
Epoch=456, loss=0.0294
Epoch=457, loss=0.0280
Epoch=458, loss=0.0286
Epoch=459, loss=0.0247
Epoch=460, loss=0.0289
Epoch=461, loss=0.0279
Epoch=462, loss=0.0247
Epoch=463, loss=0.0268
Epoch=464, loss=0.0266
Epoch=465, loss=0.0232
Epoch=466, loss=0.0245
Epoch=467, loss=0.0255
Epoch=468, loss=0.0305
Epoch=469, loss=0.0252
Epoch=470, loss=0.0252
Epoch=471, loss=0.0252
Epoch=472, loss=0.0268
Epoch=473, loss=0.0297
Epoch=474, loss=0.0300
Epoch=475, loss=0.0268
Epoch=476, loss=0.0265
Epoch=477, loss=0.0261
Epoch=478, loss=0.0268
Epoch=479, loss=0.0221
Epoch=480, loss=0.0252
Epoch=481, loss=0.0248
Epoch=482, loss=0.0236
Epoch=483, loss=0.0248
Epoch=484, loss=0.0244
Epoch=485, loss=0.0257
Epoch=486, loss=0.0288
Epoch=487, loss=0.0241
Epoch=488, loss=0.0261
Epoch=489, loss=0.0285
Epoch=490, loss=0.0223
Epoch=491, loss=0.0283
Epoch=492, loss=0.0249
Epoch=493, loss=0.0268
Epoch=494, loss=0.0267
Epoch=495, loss=0.0282
Epoch=496, loss=0.0264
Epoch=497, loss=0.0258
Epoch=498, loss=0.0246
Epoch=499, loss=0.0245
Early stopping!
Loading 479th epoch
Early stopping!
Start to test process.
done with the edge prediction
done with the node prediction
done with the second node prediction
(E) | label_classification: F1Mi=0.7945+-0.0031, F1Ma=0.7743+-0.0042, acc=0.7945+-0.0031
[['MVGRL', 'heat', 16, 15, 2, 'normalize', 0.1, 0.2, 0.4, 0.001, 0.5, 0.2, 0.5, 0.0001, 512, 512, 0.9262010538699356, 0.9241911101392026, 0.9348249552621442, 0.9284766508198952, 0.7571428418159485, 0.6600000262260437, 0.6634429693222046, 0.7642857432365417, 0.6639999747276306, 0.6711798906326294, 0.6706568208317141, 0.009719704023219948, 0.61167806253308, 0.010802328067581466, 0.6706568208317141, 0.009719704023219948], ['MVGRL', 'heat', 32, 15, 2, 'normalize', 0.1, 0.2, 0.4, 0.001, 0.5, 0.2, 0.5, 0.0001, 512, 512, 0.926711550667099, 0.9188749249682592, 0.9302953598651923, 0.9258399384513948, 0.9285714030265808, 0.734000027179718, 0.728723406791687, 0.9357143044471741, 0.734000027179718, 0.7335590124130249, 0.7591138748542557, 0.004633924154151208, 0.7225325079367751, 0.010717427391440958, 0.7591138748542559, 0.004633924154151248], ['MVGRL', 'heat', 64, 15, 2, 'normalize', 0.1, 0.2, 0.4, 0.001, 0.5, 0.2, 0.5, 0.0001, 512, 512, 0.9689762420524846, 0.9644012498679699, 0.9628486762275457, 0.9577652738433283, 0.9071428775787354, 0.7860000133514404, 0.7756286263465881, 0.8999999761581421, 0.7839999794960022, 0.7707930207252502, 0.7752817722502914, 0.003850591862106746, 0.7510658993782167, 0.014420941838799618, 0.7752817722502915, 0.003850591862106762], ['MVGRL', 'heat', 128, 15, 2, 'normalize', 0.1, 0.2, 0.4, 0.001, 0.5, 0.2, 0.5, 0.0001, 512, 512, 0.978652694569158, 0.9754639283126885, 0.9671622336882356, 0.9653177243165125, 0.9428571462631226, 0.7799999713897705, 0.8007736802101135, 0.9357143044471741, 0.7839999794960022, 0.8012572526931763, 0.794481150408084, 0.003093625921823935, 0.774282338735112, 0.0041615662850818524, 0.794481150408084, 0.003093625921823935]]
Epoch=000, loss=0.6961
Epoch=001, loss=0.7123
Epoch=002, loss=0.6818
Epoch=003, loss=0.6796
Epoch=004, loss=0.6797
Epoch=005, loss=0.6685
Epoch=006, loss=0.6591
Epoch=007, loss=0.6578
Epoch=008, loss=0.6491
Epoch=009, loss=0.6374
Epoch=010, loss=0.6291
Epoch=011, loss=0.6214
Epoch=012, loss=0.6138
Epoch=013, loss=0.6005
Epoch=014, loss=0.5893
Epoch=015, loss=0.5794
Epoch=016, loss=0.5622
Epoch=017, loss=0.5515
Epoch=018, loss=0.5439
Epoch=019, loss=0.5231
Epoch=020, loss=0.5180
Epoch=021, loss=0.5079
Epoch=022, loss=0.4887
Epoch=023, loss=0.4808
Epoch=024, loss=0.4703
Epoch=025, loss=0.4529
Epoch=026, loss=0.4517
Epoch=027, loss=0.4355
Epoch=028, loss=0.4279
Epoch=029, loss=0.4151
Epoch=030, loss=0.4077
Epoch=031, loss=0.4015
Epoch=032, loss=0.3897
Epoch=033, loss=0.3798
Epoch=034, loss=0.3746
Epoch=035, loss=0.3667
Epoch=036, loss=0.3582
Epoch=037, loss=0.3479
Epoch=038, loss=0.3411
Epoch=039, loss=0.3339
Epoch=040, loss=0.3307
Epoch=041, loss=0.3203
Epoch=042, loss=0.3126
Epoch=043, loss=0.3045
Epoch=044, loss=0.2996
Epoch=045, loss=0.2960
Epoch=046, loss=0.2897
Epoch=047, loss=0.2792
Epoch=048, loss=0.2781
Epoch=049, loss=0.2702
Epoch=050, loss=0.2627
Epoch=051, loss=0.2591
Epoch=052, loss=0.2549
Epoch=053, loss=0.2496
Epoch=054, loss=0.2425
Epoch=055, loss=0.2396
Epoch=056, loss=0.2331
Epoch=057, loss=0.2300
Epoch=058, loss=0.2244
Epoch=059, loss=0.2187
Epoch=060, loss=0.2137
Epoch=061, loss=0.2145
Epoch=062, loss=0.2073
Epoch=063, loss=0.2029
Epoch=064, loss=0.2029
Epoch=065, loss=0.2022
Epoch=066, loss=0.1919
Epoch=067, loss=0.1876
Epoch=068, loss=0.1884
Epoch=069, loss=0.1848
Epoch=070, loss=0.1829
Epoch=071, loss=0.1737
Epoch=072, loss=0.1769
Epoch=073, loss=0.1710
Epoch=074, loss=0.1680
Epoch=075, loss=0.1659
Epoch=076, loss=0.1635
Epoch=077, loss=0.1607
Epoch=078, loss=0.1569
Epoch=079, loss=0.1573
Epoch=080, loss=0.1545
Epoch=081, loss=0.1514
Epoch=082, loss=0.1484
Epoch=083, loss=0.1453
Epoch=084, loss=0.1440
Epoch=085, loss=0.1391
Epoch=086, loss=0.1402
Epoch=087, loss=0.1406
Epoch=088, loss=0.1385
Epoch=089, loss=0.1331
Epoch=090, loss=0.1353
Epoch=091, loss=0.1330
Epoch=092, loss=0.1303
Epoch=093, loss=0.1298
Epoch=094, loss=0.1218
Epoch=095, loss=0.1210
Epoch=096, loss=0.1229
Epoch=097, loss=0.1193
Epoch=098, loss=0.1189
Epoch=099, loss=0.1216
Epoch=100, loss=0.1224
Epoch=101, loss=0.1189
Epoch=102, loss=0.1175
Epoch=103, loss=0.1138
Epoch=104, loss=0.1129
Epoch=105, loss=0.1116
Epoch=106, loss=0.1126
Epoch=107, loss=0.1129
Epoch=108, loss=0.1097
Epoch=109, loss=0.1114
Epoch=110, loss=0.1050
Epoch=111, loss=0.1030
Epoch=112, loss=0.0997
Epoch=113, loss=0.1063
Epoch=114, loss=0.1034
Epoch=115, loss=0.1036
Epoch=116, loss=0.1014
Epoch=117, loss=0.1013
Epoch=118, loss=0.1003
Epoch=119, loss=0.0936
Epoch=120, loss=0.0945
Epoch=121, loss=0.0992
Epoch=122, loss=0.0963
Epoch=123, loss=0.0948
Epoch=124, loss=0.0970
Epoch=125, loss=0.0915
Epoch=126, loss=0.0928
Epoch=127, loss=0.0919
Epoch=128, loss=0.0906
Epoch=129, loss=0.0882
Epoch=130, loss=0.0910
Epoch=131, loss=0.0849
Epoch=132, loss=0.0892
Epoch=133, loss=0.0826
Epoch=134, loss=0.0852
Epoch=135, loss=0.0887
Epoch=136, loss=0.0852
Epoch=137, loss=0.0828
Epoch=138, loss=0.0821
Epoch=139, loss=0.0843
Epoch=140, loss=0.0822
Epoch=141, loss=0.0805
Epoch=142, loss=0.0802
Epoch=143, loss=0.0772
Epoch=144, loss=0.0825
Epoch=145, loss=0.0779
Epoch=146, loss=0.0760
Epoch=147, loss=0.0772
Epoch=148, loss=0.0820
Epoch=149, loss=0.0760
Epoch=150, loss=0.0762
Epoch=151, loss=0.0804
Epoch=152, loss=0.0753
Epoch=153, loss=0.0735
Epoch=154, loss=0.0770
Epoch=155, loss=0.0709
Epoch=156, loss=0.0737
Epoch=157, loss=0.0717
Epoch=158, loss=0.0764
Epoch=159, loss=0.0717
Epoch=160, loss=0.0762
Epoch=161, loss=0.0695
Epoch=162, loss=0.0736
Epoch=163, loss=0.0678
Epoch=164, loss=0.0688
Epoch=165, loss=0.0673
Epoch=166, loss=0.0709
Epoch=167, loss=0.0706
Epoch=168, loss=0.0714
Epoch=169, loss=0.0674
Epoch=170, loss=0.0660
Epoch=171, loss=0.0730
Epoch=172, loss=0.0655
Epoch=173, loss=0.0670
Epoch=174, loss=0.0665
Epoch=175, loss=0.0667
Epoch=176, loss=0.0630
Epoch=177, loss=0.0656
Epoch=178, loss=0.0638
Epoch=179, loss=0.0654
Epoch=180, loss=0.0639
Epoch=181, loss=0.0645
Epoch=182, loss=0.0601
Epoch=183, loss=0.0604
Epoch=184, loss=0.0634
Epoch=185, loss=0.0642
Epoch=186, loss=0.0630
Epoch=187, loss=0.0674
Epoch=188, loss=0.0635
Epoch=189, loss=0.0633
Epoch=190, loss=0.0580
Epoch=191, loss=0.0636
Epoch=192, loss=0.0586
Epoch=193, loss=0.0602
Epoch=194, loss=0.0595
Epoch=195, loss=0.0639
Epoch=196, loss=0.0584
Epoch=197, loss=0.0568
Epoch=198, loss=0.0595
Epoch=199, loss=0.0554
Epoch=200, loss=0.0606
Epoch=201, loss=0.0548
Epoch=202, loss=0.0574
Epoch=203, loss=0.0589
Epoch=204, loss=0.0614
Epoch=205, loss=0.0564
Epoch=206, loss=0.0603
Epoch=207, loss=0.0551
Epoch=208, loss=0.0532
Epoch=209, loss=0.0591
Epoch=210, loss=0.0551
Epoch=211, loss=0.0578
Epoch=212, loss=0.0546
Epoch=213, loss=0.0504
Epoch=214, loss=0.0578
Epoch=215, loss=0.0507
Epoch=216, loss=0.0534
Epoch=217, loss=0.0585
Epoch=218, loss=0.0550
Epoch=219, loss=0.0581
Epoch=220, loss=0.0535
Epoch=221, loss=0.0516
Epoch=222, loss=0.0513
Epoch=223, loss=0.0560
Epoch=224, loss=0.0534
Epoch=225, loss=0.0500
Epoch=226, loss=0.0498
Epoch=227, loss=0.0506
Epoch=228, loss=0.0492
Epoch=229, loss=0.0505
Epoch=230, loss=0.0476
Epoch=231, loss=0.0526
Epoch=232, loss=0.0515
Epoch=233, loss=0.0493
Epoch=234, loss=0.0508
Epoch=235, loss=0.0463
Epoch=236, loss=0.0515
Epoch=237, loss=0.0478
Epoch=238, loss=0.0513
Epoch=239, loss=0.0531
Epoch=240, loss=0.0522
Epoch=241, loss=0.0488
Epoch=242, loss=0.0491
Epoch=243, loss=0.0461
Epoch=244, loss=0.0478
Epoch=245, loss=0.0453
Epoch=246, loss=0.0441
Epoch=247, loss=0.0489
Epoch=248, loss=0.0462
Epoch=249, loss=0.0511
Epoch=250, loss=0.0508
Epoch=251, loss=0.0488
Epoch=252, loss=0.0457
Epoch=253, loss=0.0487
Epoch=254, loss=0.0454
Epoch=255, loss=0.0464
Epoch=256, loss=0.0474
Epoch=257, loss=0.0441
Epoch=258, loss=0.0468
Epoch=259, loss=0.0455
Epoch=260, loss=0.0448
Epoch=261, loss=0.0440
Epoch=262, loss=0.0498
Epoch=263, loss=0.0451
Epoch=264, loss=0.0496
Epoch=265, loss=0.0459
Epoch=266, loss=0.0406
Epoch=267, loss=0.0400
Epoch=268, loss=0.0437
Epoch=269, loss=0.0451
Epoch=270, loss=0.0494
Epoch=271, loss=0.0446
Epoch=272, loss=0.0406
Epoch=273, loss=0.0416
Epoch=274, loss=0.0391
Epoch=275, loss=0.0424
Epoch=276, loss=0.0462
Epoch=277, loss=0.0379
Epoch=278, loss=0.0409
Epoch=279, loss=0.0454
Epoch=280, loss=0.0437
Epoch=281, loss=0.0425
Epoch=282, loss=0.0417
Epoch=283, loss=0.0394
Epoch=284, loss=0.0398
Epoch=285, loss=0.0399
Epoch=286, loss=0.0364
Epoch=287, loss=0.0383
Epoch=288, loss=0.0406
Epoch=289, loss=0.0432
Epoch=290, loss=0.0457
Epoch=291, loss=0.0380
Epoch=292, loss=0.0393
Epoch=293, loss=0.0416
Epoch=294, loss=0.0420
Epoch=295, loss=0.0410
Epoch=296, loss=0.0371
Epoch=297, loss=0.0407
Epoch=298, loss=0.0407
Epoch=299, loss=0.0403
Epoch=300, loss=0.0380
Epoch=301, loss=0.0397
Epoch=302, loss=0.0426
Epoch=303, loss=0.0364
Epoch=304, loss=0.0395
Epoch=305, loss=0.0358
Epoch=306, loss=0.0401
Epoch=307, loss=0.0384
Epoch=308, loss=0.0385
Epoch=309, loss=0.0392
Epoch=310, loss=0.0385
Epoch=311, loss=0.0385
Epoch=312, loss=0.0382
Epoch=313, loss=0.0377
Epoch=314, loss=0.0368
Epoch=315, loss=0.0317
Epoch=316, loss=0.0379
Epoch=317, loss=0.0384
Epoch=318, loss=0.0385
Epoch=319, loss=0.0341
Epoch=320, loss=0.0355
Epoch=321, loss=0.0362
Epoch=322, loss=0.0347
Epoch=323, loss=0.0379
Epoch=324, loss=0.0320
Epoch=325, loss=0.0341
Epoch=326, loss=0.0342
Epoch=327, loss=0.0382
Epoch=328, loss=0.0359
Epoch=329, loss=0.0367
Epoch=330, loss=0.0338
Epoch=331, loss=0.0345
Epoch=332, loss=0.0348
Epoch=333, loss=0.0325
Epoch=334, loss=0.0354
Epoch=335, loss=0.0345
Early stopping!
Loading 315th epoch
Early stopping!
Start to test process.
done with the edge prediction
done with the node prediction
done with the second node prediction
(E) | label_classification: F1Mi=0.7939+-0.0097, F1Ma=0.7798+-0.0090, acc=0.7939+-0.0097
[['MVGRL', 'heat', 16, 15, 2, 'normalize', 0.1, 0.2, 0.4, 0.001, 0.5, 0.2, 0.5, 0.0001, 512, 512, 0.9262010538699356, 0.9241911101392026, 0.9348249552621442, 0.9284766508198952, 0.7571428418159485, 0.6600000262260437, 0.6634429693222046, 0.7642857432365417, 0.6639999747276306, 0.6711798906326294, 0.6706568208317141, 0.009719704023219948, 0.61167806253308, 0.010802328067581466, 0.6706568208317141, 0.009719704023219948], ['MVGRL', 'heat', 32, 15, 2, 'normalize', 0.1, 0.2, 0.4, 0.001, 0.5, 0.2, 0.5, 0.0001, 512, 512, 0.926711550667099, 0.9188749249682592, 0.9302953598651923, 0.9258399384513948, 0.9285714030265808, 0.734000027179718, 0.728723406791687, 0.9357143044471741, 0.734000027179718, 0.7335590124130249, 0.7591138748542557, 0.004633924154151208, 0.7225325079367751, 0.010717427391440958, 0.7591138748542559, 0.004633924154151248], ['MVGRL', 'heat', 64, 15, 2, 'normalize', 0.1, 0.2, 0.4, 0.001, 0.5, 0.2, 0.5, 0.0001, 512, 512, 0.9689762420524846, 0.9644012498679699, 0.9628486762275457, 0.9577652738433283, 0.9071428775787354, 0.7860000133514404, 0.7756286263465881, 0.8999999761581421, 0.7839999794960022, 0.7707930207252502, 0.7752817722502914, 0.003850591862106746, 0.7510658993782167, 0.014420941838799618, 0.7752817722502915, 0.003850591862106762], ['MVGRL', 'heat', 128, 15, 2, 'normalize', 0.1, 0.2, 0.4, 0.001, 0.5, 0.2, 0.5, 0.0001, 512, 512, 0.978652694569158, 0.9754639283126885, 0.9671622336882356, 0.9653177243165125, 0.9428571462631226, 0.7799999713897705, 0.8007736802101135, 0.9357143044471741, 0.7839999794960022, 0.8012572526931763, 0.794481150408084, 0.003093625921823935, 0.774282338735112, 0.0041615662850818524, 0.794481150408084, 0.003093625921823935], ['MVGRL', 'heat', 256, 15, 2, 'normalize', 0.1, 0.2, 0.4, 0.001, 0.5, 0.2, 0.5, 0.0001, 512, 512, 0.9822787733023852, 0.9799608929050672, 0.9713173633290004, 0.9688779911547316, 0.9928571581840515, 0.7860000133514404, 0.8031914830207825, 0.8928571343421936, 0.7860000133514404, 0.8051257133483887, 0.7939370384764867, 0.009743917177975667, 0.7797656944553533, 0.009049498597322212, 0.7939370384764867, 0.009743917177975667]]
Epoch=000, loss=0.6968
Epoch=001, loss=0.8735
Epoch=002, loss=0.6722
Epoch=003, loss=0.7310
Epoch=004, loss=0.7247
Epoch=005, loss=0.6783
Epoch=006, loss=0.6717
Epoch=007, loss=0.6889
Epoch=008, loss=0.6722
Epoch=009, loss=0.6500
Epoch=010, loss=0.6427
Epoch=011, loss=0.6435
Epoch=012, loss=0.6366
Epoch=013, loss=0.6139
Epoch=014, loss=0.6007
Epoch=015, loss=0.5972
Epoch=016, loss=0.5916
Epoch=017, loss=0.5687
Epoch=018, loss=0.5506
Epoch=019, loss=0.5517
Epoch=020, loss=0.5360
Epoch=021, loss=0.5176
Epoch=022, loss=0.5044
Epoch=023, loss=0.4972
Epoch=024, loss=0.4752
Epoch=025, loss=0.4661
Epoch=026, loss=0.4577
Epoch=027, loss=0.4423
Epoch=028, loss=0.4273
Epoch=029, loss=0.4215
Epoch=030, loss=0.4049
Epoch=031, loss=0.3940
Epoch=032, loss=0.3854
Epoch=033, loss=0.3727
Epoch=034, loss=0.3631
Epoch=035, loss=0.3517
Epoch=036, loss=0.3408
Epoch=037, loss=0.3287
Epoch=038, loss=0.3270
Epoch=039, loss=0.3184
Epoch=040, loss=0.3029
Epoch=041, loss=0.3017
Epoch=042, loss=0.2905
Epoch=043, loss=0.2791
Epoch=044, loss=0.2718
Epoch=045, loss=0.2658
Epoch=046, loss=0.2583
Epoch=047, loss=0.2499
Epoch=048, loss=0.2471
Epoch=049, loss=0.2411
Epoch=050, loss=0.2309
Epoch=051, loss=0.2295
Epoch=052, loss=0.2236
Epoch=053, loss=0.2129
Epoch=054, loss=0.2163
Epoch=055, loss=0.2032
Epoch=056, loss=0.2026
Epoch=057, loss=0.1940
Epoch=058, loss=0.1883
Epoch=059, loss=0.1860
Epoch=060, loss=0.1861
Epoch=061, loss=0.1773
Epoch=062, loss=0.1790
Epoch=063, loss=0.1710
Epoch=064, loss=0.1632
Epoch=065, loss=0.1613
Epoch=066, loss=0.1640
Epoch=067, loss=0.1586
Epoch=068, loss=0.1570
Epoch=069, loss=0.1520
Epoch=070, loss=0.1445
Epoch=071, loss=0.1401
Epoch=072, loss=0.1431
Epoch=073, loss=0.1388
Epoch=074, loss=0.1407
Epoch=075, loss=0.1276
Epoch=076, loss=0.1300
Epoch=077, loss=0.1262
Epoch=078, loss=0.1265
Epoch=079, loss=0.1246
Epoch=080, loss=0.1234
Epoch=081, loss=0.1223
Epoch=082, loss=0.1224
Epoch=083, loss=0.1189
Epoch=084, loss=0.1205
Epoch=085, loss=0.1168
Epoch=086, loss=0.1135
Epoch=087, loss=0.1118
Epoch=088, loss=0.1118
Epoch=089, loss=0.1121
Epoch=090, loss=0.1112
Epoch=091, loss=0.1079
Epoch=092, loss=0.1064
Epoch=093, loss=0.1067
Epoch=094, loss=0.1026
Epoch=095, loss=0.1073
Epoch=096, loss=0.0967
Epoch=097, loss=0.1047
Epoch=098, loss=0.0993
Epoch=099, loss=0.1014
Epoch=100, loss=0.0990
Epoch=101, loss=0.0956
Epoch=102, loss=0.0949
Epoch=103, loss=0.0966
Epoch=104, loss=0.0973
Epoch=105, loss=0.0899
Epoch=106, loss=0.0990
Epoch=107, loss=0.0902
Epoch=108, loss=0.0880
Epoch=109, loss=0.0892
Epoch=110, loss=0.0907
Epoch=111, loss=0.0894
Epoch=112, loss=0.0882
Epoch=113, loss=0.0881
Epoch=114, loss=0.0849
Epoch=115, loss=0.0855
Epoch=116, loss=0.0862
Epoch=117, loss=0.0806
Epoch=118, loss=0.0833
Epoch=119, loss=0.0827
Epoch=120, loss=0.0826
Epoch=121, loss=0.0802
Epoch=122, loss=0.0869
Epoch=123, loss=0.0794
Epoch=124, loss=0.0796
Epoch=125, loss=0.0756
Epoch=126, loss=0.0821
Epoch=127, loss=0.0761
Epoch=128, loss=0.0780
Epoch=129, loss=0.0694
Epoch=130, loss=0.0751
Epoch=131, loss=0.0692
Epoch=132, loss=0.0775
Epoch=133, loss=0.0724
Epoch=134, loss=0.0736
Epoch=135, loss=0.0712
Epoch=136, loss=0.0748
Epoch=137, loss=0.0736
Epoch=138, loss=0.0692
Epoch=139, loss=0.0698
Epoch=140, loss=0.0684
Epoch=141, loss=0.0692
Epoch=142, loss=0.0701
Epoch=143, loss=0.0716
Epoch=144, loss=0.0709
Epoch=145, loss=0.0702
Epoch=146, loss=0.0659
Epoch=147, loss=0.0631
Epoch=148, loss=0.0713
Epoch=149, loss=0.0667
Epoch=150, loss=0.0695
Epoch=151, loss=0.0656
Epoch=152, loss=0.0651
Epoch=153, loss=0.0691
Epoch=154, loss=0.0642
Epoch=155, loss=0.0655
Epoch=156, loss=0.0684
Epoch=157, loss=0.0606
Epoch=158, loss=0.0649
Epoch=159, loss=0.0634
Epoch=160, loss=0.0584
Epoch=161, loss=0.0591
Epoch=162, loss=0.0620
Epoch=163, loss=0.0596
Epoch=164, loss=0.0593
Epoch=165, loss=0.0553
Epoch=166, loss=0.0637
Epoch=167, loss=0.0593
Epoch=168, loss=0.0596
Epoch=169, loss=0.0577
Epoch=170, loss=0.0604
Epoch=171, loss=0.0571
Epoch=172, loss=0.0567
Epoch=173, loss=0.0569
Epoch=174, loss=0.0622
Epoch=175, loss=0.0548
Epoch=176, loss=0.0568
Epoch=177, loss=0.0583
Epoch=178, loss=0.0603
Epoch=179, loss=0.0575
Epoch=180, loss=0.0560
Epoch=181, loss=0.0557
Epoch=182, loss=0.0564
Epoch=183, loss=0.0530
Epoch=184, loss=0.0538
Epoch=185, loss=0.0520
Epoch=186, loss=0.0569
Epoch=187, loss=0.0540
Epoch=188, loss=0.0519
Epoch=189, loss=0.0494
Epoch=190, loss=0.0531
Epoch=191, loss=0.0538
Epoch=192, loss=0.0448
Epoch=193, loss=0.0546
Epoch=194, loss=0.0509
Epoch=195, loss=0.0539
Epoch=196, loss=0.0488
Epoch=197, loss=0.0512
Epoch=198, loss=0.0490
Epoch=199, loss=0.0506
Epoch=200, loss=0.0492
Epoch=201, loss=0.0568
Epoch=202, loss=0.0508
Epoch=203, loss=0.0520
Epoch=204, loss=0.0466
Epoch=205, loss=0.0496
Epoch=206, loss=0.0479
Epoch=207, loss=0.0448
Epoch=208, loss=0.0461
Epoch=209, loss=0.0478
Epoch=210, loss=0.0458
Epoch=211, loss=0.0439
Epoch=212, loss=0.0467
Epoch=213, loss=0.0484
Epoch=214, loss=0.0479
Epoch=215, loss=0.0474
Epoch=216, loss=0.0470
Epoch=217, loss=0.0510
Epoch=218, loss=0.0505
Epoch=219, loss=0.0522
Epoch=220, loss=0.0420
Epoch=221, loss=0.0469
Epoch=222, loss=0.0450
Epoch=223, loss=0.0434
Epoch=224, loss=0.0421
Epoch=225, loss=0.0418
Epoch=226, loss=0.0472
Epoch=227, loss=0.0432
Epoch=228, loss=0.0433
Epoch=229, loss=0.0447
Epoch=230, loss=0.0416
Epoch=231, loss=0.0476
Epoch=232, loss=0.0419
Epoch=233, loss=0.0400
Epoch=234, loss=0.0426
Epoch=235, loss=0.0507
Epoch=236, loss=0.0447
Epoch=237, loss=0.0383
Epoch=238, loss=0.0451
Epoch=239, loss=0.0384
Epoch=240, loss=0.0379
Epoch=241, loss=0.0415
Epoch=242, loss=0.0374
Epoch=243, loss=0.0433
Epoch=244, loss=0.0399
Epoch=245, loss=0.0450
Epoch=246, loss=0.0384
Epoch=247, loss=0.0376
Epoch=248, loss=0.0401
Epoch=249, loss=0.0433
Epoch=250, loss=0.0372
Epoch=251, loss=0.0387
Epoch=252, loss=0.0342
Epoch=253, loss=0.0406
Epoch=254, loss=0.0361
Epoch=255, loss=0.0418
Epoch=256, loss=0.0361
Epoch=257, loss=0.0397
Epoch=258, loss=0.0387
Epoch=259, loss=0.0381
Epoch=260, loss=0.0370
Epoch=261, loss=0.0382
Epoch=262, loss=0.0360
Epoch=263, loss=0.0358
Epoch=264, loss=0.0416
Epoch=265, loss=0.0392
Epoch=266, loss=0.0374
Epoch=267, loss=0.0444
Epoch=268, loss=0.0337
Epoch=269, loss=0.0396
Epoch=270, loss=0.0354
Epoch=271, loss=0.0353
Epoch=272, loss=0.0365
Epoch=273, loss=0.0380
Epoch=274, loss=0.0342
Epoch=275, loss=0.0341
Epoch=276, loss=0.0355
Epoch=277, loss=0.0361
Epoch=278, loss=0.0350
Epoch=279, loss=0.0347
Epoch=280, loss=0.0355
Epoch=281, loss=0.0378
Epoch=282, loss=0.0348
Epoch=283, loss=0.0322
Epoch=284, loss=0.0374
Epoch=285, loss=0.0314
Epoch=286, loss=0.0346
Epoch=287, loss=0.0371
Epoch=288, loss=0.0330
Epoch=289, loss=0.0364
Epoch=290, loss=0.0347
Epoch=291, loss=0.0373
Epoch=292, loss=0.0341
Epoch=293, loss=0.0338
Epoch=294, loss=0.0375
Epoch=295, loss=0.0313
Epoch=296, loss=0.0337
Epoch=297, loss=0.0322
Epoch=298, loss=0.0323
Epoch=299, loss=0.0316
Epoch=300, loss=0.0334
Epoch=301, loss=0.0317
Epoch=302, loss=0.0304
Epoch=303, loss=0.0303
Epoch=304, loss=0.0303
Epoch=305, loss=0.0307
Epoch=306, loss=0.0326
Epoch=307, loss=0.0313
Epoch=308, loss=0.0337
Epoch=309, loss=0.0299
Epoch=310, loss=0.0322
Epoch=311, loss=0.0287
Epoch=312, loss=0.0290
Epoch=313, loss=0.0284
Epoch=314, loss=0.0280
Epoch=315, loss=0.0307
Epoch=316, loss=0.0302
Epoch=317, loss=0.0306
Epoch=318, loss=0.0308
Epoch=319, loss=0.0296
Epoch=320, loss=0.0261
Epoch=321, loss=0.0291
Epoch=322, loss=0.0309
Epoch=323, loss=0.0322
Epoch=324, loss=0.0287
Epoch=325, loss=0.0357
Epoch=326, loss=0.0385
Epoch=327, loss=0.0316
Epoch=328, loss=0.0314
Epoch=329, loss=0.0301
Epoch=330, loss=0.0283
Epoch=331, loss=0.0270
Epoch=332, loss=0.0281
Epoch=333, loss=0.0264
Epoch=334, loss=0.0295
Epoch=335, loss=0.0294
Epoch=336, loss=0.0290
Epoch=337, loss=0.0299
Epoch=338, loss=0.0303
Epoch=339, loss=0.0280
Epoch=340, loss=0.0299
Early stopping!
Loading 320th epoch
Early stopping!
Start to test process.
done with the edge prediction
done with the node prediction
done with the second node prediction
(E) | label_classification: F1Mi=0.8104+-0.0126, F1Ma=0.7875+-0.0216, acc=0.8104+-0.0126
[['MVGRL', 'heat', 16, 15, 2, 'normalize', 0.1, 0.2, 0.4, 0.001, 0.5, 0.2, 0.5, 0.0001, 512, 512, 0.9262010538699356, 0.9241911101392026, 0.9348249552621442, 0.9284766508198952, 0.7571428418159485, 0.6600000262260437, 0.6634429693222046, 0.7642857432365417, 0.6639999747276306, 0.6711798906326294, 0.6706568208317141, 0.009719704023219948, 0.61167806253308, 0.010802328067581466, 0.6706568208317141, 0.009719704023219948], ['MVGRL', 'heat', 32, 15, 2, 'normalize', 0.1, 0.2, 0.4, 0.001, 0.5, 0.2, 0.5, 0.0001, 512, 512, 0.926711550667099, 0.9188749249682592, 0.9302953598651923, 0.9258399384513948, 0.9285714030265808, 0.734000027179718, 0.728723406791687, 0.9357143044471741, 0.734000027179718, 0.7335590124130249, 0.7591138748542557, 0.004633924154151208, 0.7225325079367751, 0.010717427391440958, 0.7591138748542559, 0.004633924154151248], ['MVGRL', 'heat', 64, 15, 2, 'normalize', 0.1, 0.2, 0.4, 0.001, 0.5, 0.2, 0.5, 0.0001, 512, 512, 0.9689762420524846, 0.9644012498679699, 0.9628486762275457, 0.9577652738433283, 0.9071428775787354, 0.7860000133514404, 0.7756286263465881, 0.8999999761581421, 0.7839999794960022, 0.7707930207252502, 0.7752817722502914, 0.003850591862106746, 0.7510658993782167, 0.014420941838799618, 0.7752817722502915, 0.003850591862106762], ['MVGRL', 'heat', 128, 15, 2, 'normalize', 0.1, 0.2, 0.4, 0.001, 0.5, 0.2, 0.5, 0.0001, 512, 512, 0.978652694569158, 0.9754639283126885, 0.9671622336882356, 0.9653177243165125, 0.9428571462631226, 0.7799999713897705, 0.8007736802101135, 0.9357143044471741, 0.7839999794960022, 0.8012572526931763, 0.794481150408084, 0.003093625921823935, 0.774282338735112, 0.0041615662850818524, 0.794481150408084, 0.003093625921823935], ['MVGRL', 'heat', 256, 15, 2, 'normalize', 0.1, 0.2, 0.4, 0.001, 0.5, 0.2, 0.5, 0.0001, 512, 512, 0.9822787733023852, 0.9799608929050672, 0.9713173633290004, 0.9688779911547316, 0.9928571581840515, 0.7860000133514404, 0.8031914830207825, 0.8928571343421936, 0.7860000133514404, 0.8051257133483887, 0.7939370384764867, 0.009743917177975667, 0.7797656944553533, 0.009049498597322212, 0.7939370384764867, 0.009743917177975667], ['MVGRL', 'heat', 512, 15, 2, 'normalize', 0.1, 0.2, 0.4, 0.001, 0.5, 0.2, 0.5, 0.0001, 512, 512, 0.9982250151721684, 0.9980039509371187, 0.9837215415026879, 0.9819930430092831, 1.0, 0.8140000104904175, 0.8259187340736389, 1.0, 0.8140000104904175, 0.823017418384552, 0.8104158569762921, 0.012551454036863776, 0.7874958829944605, 0.02156058511412998, 0.8104158569762921, 0.012551454036863755]]
