My SLURM_ARRAY_TASK_ID:  10
My SLURM_ARRAY_JOB_ID:  4522329
MVGRL
Cora
result file is 4522329_10
Dataset: Cora():
======================
Number of graphs: 1
Number of features: 1433
Number of classes: 7
Data(x=[2708, 1433], edge_index=[2, 10556], y=[2708], train_mask=[2708], val_mask=[2708], test_mask=[2708])
==============================================================
Number of nodes: 2708
Number of edges: 10556
Average node degree: 3.90
Number of training nodes: 140
Training node label rate: 0.05
Contains isolated nodes: False
Contains self-loops: False
Is undirected: True
Epoch=000, loss=0.6969
Epoch=001, loss=0.6960
Epoch=002, loss=0.6954
Epoch=003, loss=0.6951
Epoch=004, loss=0.6947
Epoch=005, loss=0.6941
Epoch=006, loss=0.6940
Epoch=007, loss=0.6938
Epoch=008, loss=0.6934
Epoch=009, loss=0.6930
Epoch=010, loss=0.6930
Epoch=011, loss=0.6928
Epoch=012, loss=0.6924
Epoch=013, loss=0.6922
Epoch=014, loss=0.6921
Epoch=015, loss=0.6917
Epoch=016, loss=0.6914
Epoch=017, loss=0.6910
Epoch=018, loss=0.6908
Epoch=019, loss=0.6905
Epoch=020, loss=0.6901
Epoch=021, loss=0.6900
Epoch=022, loss=0.6897
Epoch=023, loss=0.6893
Epoch=024, loss=0.6889
Epoch=025, loss=0.6888
Epoch=026, loss=0.6883
Epoch=027, loss=0.6880
Epoch=028, loss=0.6874
Epoch=029, loss=0.6871
Epoch=030, loss=0.6871
Epoch=031, loss=0.6862
Epoch=032, loss=0.6858
Epoch=033, loss=0.6852
Epoch=034, loss=0.6840
Epoch=035, loss=0.6836
Epoch=036, loss=0.6829
Epoch=037, loss=0.6826
Epoch=038, loss=0.6822
Epoch=039, loss=0.6815
Epoch=040, loss=0.6799
Epoch=041, loss=0.6798
Epoch=042, loss=0.6792
Epoch=043, loss=0.6788
Epoch=044, loss=0.6780
Epoch=045, loss=0.6767
Epoch=046, loss=0.6764
Epoch=047, loss=0.6754
Epoch=048, loss=0.6753
Epoch=049, loss=0.6734
Epoch=050, loss=0.6725
Epoch=051, loss=0.6726
Epoch=052, loss=0.6724
Epoch=053, loss=0.6705
Epoch=054, loss=0.6689
Epoch=055, loss=0.6684
Epoch=056, loss=0.6677
Epoch=057, loss=0.6664
Epoch=058, loss=0.6691
Epoch=059, loss=0.6644
Epoch=060, loss=0.6655
Epoch=061, loss=0.6622
Epoch=062, loss=0.6627
Epoch=063, loss=0.6628
Epoch=064, loss=0.6621
Epoch=065, loss=0.6597
Epoch=066, loss=0.6586
Epoch=067, loss=0.6617
Epoch=068, loss=0.6579
Epoch=069, loss=0.6544
Epoch=070, loss=0.6566
Epoch=071, loss=0.6524
Epoch=072, loss=0.6547
Epoch=073, loss=0.6544
Epoch=074, loss=0.6517
Epoch=075, loss=0.6495
Epoch=076, loss=0.6452
Epoch=077, loss=0.6453
Epoch=078, loss=0.6460
Epoch=079, loss=0.6440
Epoch=080, loss=0.6449
Epoch=081, loss=0.6420
Epoch=082, loss=0.6424
Epoch=083, loss=0.6423
Epoch=084, loss=0.6388
Epoch=085, loss=0.6381
Epoch=086, loss=0.6368
Epoch=087, loss=0.6358
Epoch=088, loss=0.6351
Epoch=089, loss=0.6325
Epoch=090, loss=0.6351
Epoch=091, loss=0.6296
Epoch=092, loss=0.6294
Epoch=093, loss=0.6306
Epoch=094, loss=0.6315
Epoch=095, loss=0.6249
Epoch=096, loss=0.6344
Epoch=097, loss=0.6222
Epoch=098, loss=0.6243
Epoch=099, loss=0.6245
Epoch=100, loss=0.6222
Epoch=101, loss=0.6203
Epoch=102, loss=0.6228
Epoch=103, loss=0.6172
Epoch=104, loss=0.6221
Epoch=105, loss=0.6178
Epoch=106, loss=0.6176
Epoch=107, loss=0.6203
Epoch=108, loss=0.6169
Epoch=109, loss=0.6169
Epoch=110, loss=0.6161
Epoch=111, loss=0.6143
Epoch=112, loss=0.6097
Epoch=113, loss=0.6099
Epoch=114, loss=0.6107
Epoch=115, loss=0.6109
Epoch=116, loss=0.6127
Epoch=117, loss=0.6066
Epoch=118, loss=0.6101
Epoch=119, loss=0.6051
Epoch=120, loss=0.6057
Epoch=121, loss=0.6069
Epoch=122, loss=0.6052
Epoch=123, loss=0.6040
Epoch=124, loss=0.6005
Epoch=125, loss=0.6043
Epoch=126, loss=0.5994
Epoch=127, loss=0.6001
Epoch=128, loss=0.6021
Epoch=129, loss=0.5997
Epoch=130, loss=0.5995
Epoch=131, loss=0.5924
Epoch=132, loss=0.5961
Epoch=133, loss=0.5965
Epoch=134, loss=0.5948
Epoch=135, loss=0.5956
Epoch=136, loss=0.5933
Epoch=137, loss=0.5961
Epoch=138, loss=0.5916
Epoch=139, loss=0.5952
Epoch=140, loss=0.5870
Epoch=141, loss=0.5917
Epoch=142, loss=0.5896
Epoch=143, loss=0.5900
Epoch=144, loss=0.5906
Epoch=145, loss=0.5883
Epoch=146, loss=0.5860
Epoch=147, loss=0.5864
Epoch=148, loss=0.5890
Epoch=149, loss=0.5826
Epoch=150, loss=0.5731
Epoch=151, loss=0.5810
Epoch=152, loss=0.5804
Epoch=153, loss=0.5774
Epoch=154, loss=0.5815
Epoch=155, loss=0.5755
Epoch=156, loss=0.5771
Epoch=157, loss=0.5826
Epoch=158, loss=0.5761
Epoch=159, loss=0.5756
Epoch=160, loss=0.5723
Epoch=161, loss=0.5720
Epoch=162, loss=0.5769
Epoch=163, loss=0.5788
Epoch=164, loss=0.5735
Epoch=165, loss=0.5694
Epoch=166, loss=0.5709
Epoch=167, loss=0.5655
Epoch=168, loss=0.5646
Epoch=169, loss=0.5669
Epoch=170, loss=0.5653
Epoch=171, loss=0.5678
Epoch=172, loss=0.5718
Epoch=173, loss=0.5651
Epoch=174, loss=0.5670
Epoch=175, loss=0.5606
Epoch=176, loss=0.5590
Epoch=177, loss=0.5625
Epoch=178, loss=0.5655
Epoch=179, loss=0.5620
Epoch=180, loss=0.5596
Epoch=181, loss=0.5598
Epoch=182, loss=0.5568
Epoch=183, loss=0.5575
Epoch=184, loss=0.5619
Epoch=185, loss=0.5539
Epoch=186, loss=0.5613
Epoch=187, loss=0.5591
Epoch=188, loss=0.5568
Epoch=189, loss=0.5497
Epoch=190, loss=0.5529
Epoch=191, loss=0.5534
Epoch=192, loss=0.5457
Epoch=193, loss=0.5459
Epoch=194, loss=0.5421
Epoch=195, loss=0.5454
Epoch=196, loss=0.5400
Epoch=197, loss=0.5470
Epoch=198, loss=0.5428
Epoch=199, loss=0.5392
Epoch=200, loss=0.5425
Epoch=201, loss=0.5356
Epoch=202, loss=0.5412
Epoch=203, loss=0.5430
Epoch=204, loss=0.5389
Epoch=205, loss=0.5405
Epoch=206, loss=0.5378
Epoch=207, loss=0.5317
Epoch=208, loss=0.5316
Epoch=209, loss=0.5297
Epoch=210, loss=0.5330
Epoch=211, loss=0.5346
Epoch=212, loss=0.5257
Epoch=213, loss=0.5365
Epoch=214, loss=0.5291
Epoch=215, loss=0.5271
Epoch=216, loss=0.5286
Epoch=217, loss=0.5299
Epoch=218, loss=0.5235
Epoch=219, loss=0.5260
Epoch=220, loss=0.5293
Epoch=221, loss=0.5240
Epoch=222, loss=0.5227
Epoch=223, loss=0.5270
Epoch=224, loss=0.5242
Epoch=225, loss=0.5172
Epoch=226, loss=0.5202
Epoch=227, loss=0.5187
Epoch=228, loss=0.5218
Epoch=229, loss=0.5192
Epoch=230, loss=0.5170
Epoch=231, loss=0.5125
Epoch=232, loss=0.5180
Epoch=233, loss=0.5182
Epoch=234, loss=0.5114
Epoch=235, loss=0.5176
Epoch=236, loss=0.5144
Epoch=237, loss=0.5068
Epoch=238, loss=0.5075
Epoch=239, loss=0.5114
Epoch=240, loss=0.5036
Epoch=241, loss=0.5089
Epoch=242, loss=0.5021
Epoch=243, loss=0.5124
Epoch=244, loss=0.5074
Epoch=245, loss=0.5022
Epoch=246, loss=0.5004
Epoch=247, loss=0.5027
Epoch=248, loss=0.5046
Epoch=249, loss=0.4970
Epoch=250, loss=0.5028
Epoch=251, loss=0.5022
Epoch=252, loss=0.5006
Epoch=253, loss=0.4990
Epoch=254, loss=0.4953
Epoch=255, loss=0.4939
Epoch=256, loss=0.4944
Epoch=257, loss=0.4934
Epoch=258, loss=0.4949
Epoch=259, loss=0.4886
Epoch=260, loss=0.4954
Epoch=261, loss=0.4946
Epoch=262, loss=0.4939
Epoch=263, loss=0.4881
Epoch=264, loss=0.4913
Epoch=265, loss=0.4889
Epoch=266, loss=0.4898
Epoch=267, loss=0.4872
Epoch=268, loss=0.4904
Epoch=269, loss=0.4845
Epoch=270, loss=0.4860
Epoch=271, loss=0.4792
Epoch=272, loss=0.4783
Epoch=273, loss=0.4856
Epoch=274, loss=0.4825
Epoch=275, loss=0.4824
Epoch=276, loss=0.4776
Epoch=277, loss=0.4817
Epoch=278, loss=0.4787
Epoch=279, loss=0.4834
Epoch=280, loss=0.4753
Epoch=281, loss=0.4775
Epoch=282, loss=0.4769
Epoch=283, loss=0.4701
Epoch=284, loss=0.4722
Epoch=285, loss=0.4768
Epoch=286, loss=0.4756
Epoch=287, loss=0.4717
Epoch=288, loss=0.4718
Epoch=289, loss=0.4714
Epoch=290, loss=0.4702
Epoch=291, loss=0.4726
Epoch=292, loss=0.4711
Epoch=293, loss=0.4710
Epoch=294, loss=0.4709
Epoch=295, loss=0.4691
Epoch=296, loss=0.4614
Epoch=297, loss=0.4653
Epoch=298, loss=0.4634
Epoch=299, loss=0.4690
Epoch=300, loss=0.4642
Epoch=301, loss=0.4641
Epoch=302, loss=0.4683
Epoch=303, loss=0.4597
Epoch=304, loss=0.4649
Epoch=305, loss=0.4603
Epoch=306, loss=0.4631
Epoch=307, loss=0.4576
Epoch=308, loss=0.4605
Epoch=309, loss=0.4554
Epoch=310, loss=0.4584
Epoch=311, loss=0.4589
Epoch=312, loss=0.4610
Epoch=313, loss=0.4595
Epoch=314, loss=0.4576
Epoch=315, loss=0.4562
Epoch=316, loss=0.4576
Epoch=317, loss=0.4524
Epoch=318, loss=0.4589
Epoch=319, loss=0.4545
Epoch=320, loss=0.4518
Epoch=321, loss=0.4511
Epoch=322, loss=0.4544
Epoch=323, loss=0.4578
Epoch=324, loss=0.4455
Epoch=325, loss=0.4477
Epoch=326, loss=0.4519
Epoch=327, loss=0.4465
Epoch=328, loss=0.4468
Epoch=329, loss=0.4452
Epoch=330, loss=0.4478
Epoch=331, loss=0.4460
Epoch=332, loss=0.4495
Epoch=333, loss=0.4446
Epoch=334, loss=0.4488
Epoch=335, loss=0.4452
Epoch=336, loss=0.4509
Epoch=337, loss=0.4438
Epoch=338, loss=0.4408
Epoch=339, loss=0.4408
Epoch=340, loss=0.4388
Epoch=341, loss=0.4406
Epoch=342, loss=0.4400
Epoch=343, loss=0.4393
Epoch=344, loss=0.4396
Epoch=345, loss=0.4516
Epoch=346, loss=0.4423
Epoch=347, loss=0.4352
Epoch=348, loss=0.4464
Epoch=349, loss=0.4347
Epoch=350, loss=0.4410
Epoch=351, loss=0.4401
Epoch=352, loss=0.4375
Epoch=353, loss=0.4378
Epoch=354, loss=0.4354
Epoch=355, loss=0.4380
Epoch=356, loss=0.4370
Epoch=357, loss=0.4384
Epoch=358, loss=0.4312
Epoch=359, loss=0.4353
Epoch=360, loss=0.4349
Epoch=361, loss=0.4297
Epoch=362, loss=0.4299
Epoch=363, loss=0.4368
Epoch=364, loss=0.4269
Epoch=365, loss=0.4277
Epoch=366, loss=0.4302
Epoch=367, loss=0.4305
Epoch=368, loss=0.4289
Epoch=369, loss=0.4338
Epoch=370, loss=0.4290
Epoch=371, loss=0.4265
Epoch=372, loss=0.4280
Epoch=373, loss=0.4311
Epoch=374, loss=0.4268
Epoch=375, loss=0.4274
Epoch=376, loss=0.4263
Epoch=377, loss=0.4246
Epoch=378, loss=0.4250
Epoch=379, loss=0.4327
Epoch=380, loss=0.4213
Epoch=381, loss=0.4267
Epoch=382, loss=0.4157
Epoch=383, loss=0.4261
Epoch=384, loss=0.4218
Epoch=385, loss=0.4209
Epoch=386, loss=0.4174
Epoch=387, loss=0.4201
Epoch=388, loss=0.4182
Epoch=389, loss=0.4166
Epoch=390, loss=0.4178
Epoch=391, loss=0.4220
Epoch=392, loss=0.4187
Epoch=393, loss=0.4183
Epoch=394, loss=0.4184
Epoch=395, loss=0.4187
Epoch=396, loss=0.4161
Epoch=397, loss=0.4136
Epoch=398, loss=0.4139
Epoch=399, loss=0.4212
Epoch=400, loss=0.4163
Epoch=401, loss=0.4234
Epoch=402, loss=0.4148
Epoch=403, loss=0.4169
Epoch=404, loss=0.4118
Epoch=405, loss=0.4158
Epoch=406, loss=0.4147
Epoch=407, loss=0.4078
Epoch=408, loss=0.4147
Epoch=409, loss=0.4149
Epoch=410, loss=0.4101
Epoch=411, loss=0.4123
Epoch=412, loss=0.4119
Epoch=413, loss=0.4099
Epoch=414, loss=0.4083
Epoch=415, loss=0.4078
Epoch=416, loss=0.4097
Epoch=417, loss=0.4089
Epoch=418, loss=0.4115
Epoch=419, loss=0.4025
Epoch=420, loss=0.4072
Epoch=421, loss=0.4093
Epoch=422, loss=0.4108
Epoch=423, loss=0.4009
Epoch=424, loss=0.4064
Epoch=425, loss=0.4076
Epoch=426, loss=0.4007
Epoch=427, loss=0.4070
Epoch=428, loss=0.4019
Epoch=429, loss=0.4046
Epoch=430, loss=0.4054
Epoch=431, loss=0.4008
Epoch=432, loss=0.4042
Epoch=433, loss=0.4013
Epoch=434, loss=0.4033
Epoch=435, loss=0.3995
Epoch=436, loss=0.4016
Epoch=437, loss=0.4014
Epoch=438, loss=0.4050
Epoch=439, loss=0.3991
Epoch=440, loss=0.3950
Epoch=441, loss=0.3957
Epoch=442, loss=0.3965
Epoch=443, loss=0.3968
Epoch=444, loss=0.3944
Epoch=445, loss=0.3956
Epoch=446, loss=0.3964
Epoch=447, loss=0.3969
Epoch=448, loss=0.3966
Epoch=449, loss=0.3971
Epoch=450, loss=0.3953
Epoch=451, loss=0.3917
Epoch=452, loss=0.3938
Epoch=453, loss=0.3965
Epoch=454, loss=0.3942
Epoch=455, loss=0.3933
Epoch=456, loss=0.3942
Epoch=457, loss=0.3905
Epoch=458, loss=0.3945
Epoch=459, loss=0.3907
Epoch=460, loss=0.3899
Epoch=461, loss=0.3895
Epoch=462, loss=0.3888
Epoch=463, loss=0.3933
Epoch=464, loss=0.3849
Epoch=465, loss=0.3910
Epoch=466, loss=0.3875
Epoch=467, loss=0.3902
Epoch=468, loss=0.3899
Epoch=469, loss=0.3838
Epoch=470, loss=0.3882
Epoch=471, loss=0.3876
Epoch=472, loss=0.3860
Epoch=473, loss=0.3866
Epoch=474, loss=0.3905
Epoch=475, loss=0.3813
Epoch=476, loss=0.3902
Epoch=477, loss=0.3835
Epoch=478, loss=0.3802
Epoch=479, loss=0.3847
Epoch=480, loss=0.3856
Epoch=481, loss=0.3861
Epoch=482, loss=0.3834
Epoch=483, loss=0.3810
Epoch=484, loss=0.3820
Epoch=485, loss=0.3836
Epoch=486, loss=0.3817
Epoch=487, loss=0.3796
Epoch=488, loss=0.3793
Epoch=489, loss=0.3817
Epoch=490, loss=0.3774
Epoch=491, loss=0.3796
Epoch=492, loss=0.3831
Epoch=493, loss=0.3786
Epoch=494, loss=0.3826
Epoch=495, loss=0.3801
Epoch=496, loss=0.3800
Epoch=497, loss=0.3787
Epoch=498, loss=0.3766
Epoch=499, loss=0.3763
Loading 499th epoch
Early stopping!
Start to test process.
done with the edge prediction
done with the node prediction
done with the second node prediction
(E) | label_classification: F1Mi=0.6347+-0.0133, F1Ma=0.5486+-0.0335, acc=0.6347+-0.0133
[['MVGRL', 'heat', 16, 15, 2, 'normalize', 0.1, 0.2, 0.4, 0.001, 0.5, 0.2, 0.5, 0.0001, 512, 512, 0.8698231181347924, 0.8598182193422996, 0.8399843012432981, 0.8300959008141205, 0.7714285850524902, 0.6740000247955322, 0.624758243560791, 0.75, 0.6700000166893005, 0.6175048351287842, 0.6347454333462885, 0.013326605887816145, 0.548592188869357, 0.03345793009034363, 0.6347454333462885, 0.013326605887816145]]
Epoch=000, loss=0.6961
Epoch=001, loss=0.6952
Epoch=002, loss=0.6933
Epoch=003, loss=0.6926
Epoch=004, loss=0.6920
Epoch=005, loss=0.6914
Epoch=006, loss=0.6902
Epoch=007, loss=0.6891
Epoch=008, loss=0.6874
Epoch=009, loss=0.6864
Epoch=010, loss=0.6856
Epoch=011, loss=0.6842
Epoch=012, loss=0.6826
Epoch=013, loss=0.6807
Epoch=014, loss=0.6796
Epoch=015, loss=0.6789
Epoch=016, loss=0.6766
Epoch=017, loss=0.6744
Epoch=018, loss=0.6737
Epoch=019, loss=0.6717
Epoch=020, loss=0.6709
Epoch=021, loss=0.6682
Epoch=022, loss=0.6677
Epoch=023, loss=0.6658
Epoch=024, loss=0.6611
Epoch=025, loss=0.6616
Epoch=026, loss=0.6573
Epoch=027, loss=0.6572
Epoch=028, loss=0.6530
Epoch=029, loss=0.6522
Epoch=030, loss=0.6517
Epoch=031, loss=0.6488
Epoch=032, loss=0.6456
Epoch=033, loss=0.6443
Epoch=034, loss=0.6405
Epoch=035, loss=0.6373
Epoch=036, loss=0.6339
Epoch=037, loss=0.6332
Epoch=038, loss=0.6269
Epoch=039, loss=0.6264
Epoch=040, loss=0.6256
Epoch=041, loss=0.6216
Epoch=042, loss=0.6210
Epoch=043, loss=0.6171
Epoch=044, loss=0.6128
Epoch=045, loss=0.6096
Epoch=046, loss=0.6082
Epoch=047, loss=0.6080
Epoch=048, loss=0.6047
Epoch=049, loss=0.6004
Epoch=050, loss=0.5960
Epoch=051, loss=0.5930
Epoch=052, loss=0.6024
Epoch=053, loss=0.5907
Epoch=054, loss=0.5869
Epoch=055, loss=0.5831
Epoch=056, loss=0.5815
Epoch=057, loss=0.5765
Epoch=058, loss=0.5773
Epoch=059, loss=0.5741
Epoch=060, loss=0.5721
Epoch=061, loss=0.5656
Epoch=062, loss=0.5676
Epoch=063, loss=0.5617
Epoch=064, loss=0.5602
Epoch=065, loss=0.5612
Epoch=066, loss=0.5551
Epoch=067, loss=0.5512
Epoch=068, loss=0.5522
Epoch=069, loss=0.5485
Epoch=070, loss=0.5444
Epoch=071, loss=0.5411
Epoch=072, loss=0.5407
Epoch=073, loss=0.5356
Epoch=074, loss=0.5317
Epoch=075, loss=0.5320
Epoch=076, loss=0.5311
Epoch=077, loss=0.5302
Epoch=078, loss=0.5245
Epoch=079, loss=0.5221
Epoch=080, loss=0.5184
Epoch=081, loss=0.5171
Epoch=082, loss=0.5121
Epoch=083, loss=0.5119
Epoch=084, loss=0.5118
Epoch=085, loss=0.5042
Epoch=086, loss=0.5008
Epoch=087, loss=0.5005
Epoch=088, loss=0.4962
Epoch=089, loss=0.4932
Epoch=090, loss=0.4927
Epoch=091, loss=0.4918
Epoch=092, loss=0.4932
Epoch=093, loss=0.4856
Epoch=094, loss=0.4860
Epoch=095, loss=0.4867
Epoch=096, loss=0.4823
Epoch=097, loss=0.4885
Epoch=098, loss=0.4768
Epoch=099, loss=0.4734
Epoch=100, loss=0.4672
Epoch=101, loss=0.4716
Epoch=102, loss=0.4637
Epoch=103, loss=0.4652
Epoch=104, loss=0.4634
Epoch=105, loss=0.4583
Epoch=106, loss=0.4571
Epoch=107, loss=0.4572
Epoch=108, loss=0.4593
Epoch=109, loss=0.4508
Epoch=110, loss=0.4469
Epoch=111, loss=0.4449
Epoch=112, loss=0.4494
Epoch=113, loss=0.4428
Epoch=114, loss=0.4423
Epoch=115, loss=0.4426
Epoch=116, loss=0.4387
Epoch=117, loss=0.4365
Epoch=118, loss=0.4359
Epoch=119, loss=0.4365
Epoch=120, loss=0.4356
Epoch=121, loss=0.4310
Epoch=122, loss=0.4319
Epoch=123, loss=0.4239
Epoch=124, loss=0.4237
Epoch=125, loss=0.4228
Epoch=126, loss=0.4188
Epoch=127, loss=0.4181
Epoch=128, loss=0.4137
Epoch=129, loss=0.4146
Epoch=130, loss=0.4103
Epoch=131, loss=0.4081
Epoch=132, loss=0.4080
Epoch=133, loss=0.4063
Epoch=134, loss=0.4084
Epoch=135, loss=0.3986
Epoch=136, loss=0.4006
Epoch=137, loss=0.4023
Epoch=138, loss=0.4000
Epoch=139, loss=0.3971
Epoch=140, loss=0.3940
Epoch=141, loss=0.3963
Epoch=142, loss=0.3906
Epoch=143, loss=0.3907
Epoch=144, loss=0.3860
Epoch=145, loss=0.3885
Epoch=146, loss=0.3842
Epoch=147, loss=0.3833
Epoch=148, loss=0.3832
Epoch=149, loss=0.3778
Epoch=150, loss=0.3768
Epoch=151, loss=0.3851
Epoch=152, loss=0.3764
Epoch=153, loss=0.3716
Epoch=154, loss=0.3690
Epoch=155, loss=0.3705
Epoch=156, loss=0.3683
Epoch=157, loss=0.3678
Epoch=158, loss=0.3643
Epoch=159, loss=0.3643
Epoch=160, loss=0.3622
Epoch=161, loss=0.3566
Epoch=162, loss=0.3656
Epoch=163, loss=0.3583
Epoch=164, loss=0.3542
Epoch=165, loss=0.3542
Epoch=166, loss=0.3541
Epoch=167, loss=0.3557
Epoch=168, loss=0.3517
Epoch=169, loss=0.3519
Epoch=170, loss=0.3451
Epoch=171, loss=0.3455
Epoch=172, loss=0.3469
Epoch=173, loss=0.3454
Epoch=174, loss=0.3445
Epoch=175, loss=0.3405
Epoch=176, loss=0.3396
Epoch=177, loss=0.3364
Epoch=178, loss=0.3388
Epoch=179, loss=0.3404
Epoch=180, loss=0.3391
Epoch=181, loss=0.3389
Epoch=182, loss=0.3319
Epoch=183, loss=0.3297
Epoch=184, loss=0.3273
Epoch=185, loss=0.3280
Epoch=186, loss=0.3271
Epoch=187, loss=0.3279
Epoch=188, loss=0.3229
Epoch=189, loss=0.3232
Epoch=190, loss=0.3236
Epoch=191, loss=0.3194
Epoch=192, loss=0.3198
Epoch=193, loss=0.3168
Epoch=194, loss=0.3143
Epoch=195, loss=0.3155
Epoch=196, loss=0.3139
Epoch=197, loss=0.3102
Epoch=198, loss=0.3103
Epoch=199, loss=0.3106
Epoch=200, loss=0.3091
Epoch=201, loss=0.3075
Epoch=202, loss=0.3012
Epoch=203, loss=0.3081
Epoch=204, loss=0.3038
Epoch=205, loss=0.3045
Epoch=206, loss=0.3036
Epoch=207, loss=0.2979
Epoch=208, loss=0.2994
Epoch=209, loss=0.2996
Epoch=210, loss=0.2992
Epoch=211, loss=0.2950
Epoch=212, loss=0.2931
Epoch=213, loss=0.2929
Epoch=214, loss=0.2894
Epoch=215, loss=0.2923
Epoch=216, loss=0.2957
Epoch=217, loss=0.2893
Epoch=218, loss=0.2836
Epoch=219, loss=0.2862
Epoch=220, loss=0.2825
Epoch=221, loss=0.2859
Epoch=222, loss=0.2802
Epoch=223, loss=0.2822
Epoch=224, loss=0.2765
Epoch=225, loss=0.2784
Epoch=226, loss=0.2856
Epoch=227, loss=0.2784
Epoch=228, loss=0.2749
Epoch=229, loss=0.2809
Epoch=230, loss=0.2721
Epoch=231, loss=0.2769
Epoch=232, loss=0.2681
Epoch=233, loss=0.2713
Epoch=234, loss=0.2744
Epoch=235, loss=0.2653
Epoch=236, loss=0.2638
Epoch=237, loss=0.2660
Epoch=238, loss=0.2637
Epoch=239, loss=0.2650
Epoch=240, loss=0.2637
Epoch=241, loss=0.2626
Epoch=242, loss=0.2605
Epoch=243, loss=0.2601
Epoch=244, loss=0.2565
Epoch=245, loss=0.2600
Epoch=246, loss=0.2559
Epoch=247, loss=0.2565
Epoch=248, loss=0.2524
Epoch=249, loss=0.2551
Epoch=250, loss=0.2528
Epoch=251, loss=0.2496
Epoch=252, loss=0.2590
Epoch=253, loss=0.2488
Epoch=254, loss=0.2490
Epoch=255, loss=0.2525
Epoch=256, loss=0.2504
Epoch=257, loss=0.2495
Epoch=258, loss=0.2446
Epoch=259, loss=0.2418
Epoch=260, loss=0.2429
Epoch=261, loss=0.2402
Epoch=262, loss=0.2414
Epoch=263, loss=0.2424
Epoch=264, loss=0.2473
Epoch=265, loss=0.2394
Epoch=266, loss=0.2384
Epoch=267, loss=0.2360
Epoch=268, loss=0.2354
Epoch=269, loss=0.2354
Epoch=270, loss=0.2334
Epoch=271, loss=0.2363
Epoch=272, loss=0.2338
Epoch=273, loss=0.2331
Epoch=274, loss=0.2314
Epoch=275, loss=0.2270
Epoch=276, loss=0.2332
Epoch=277, loss=0.2233
Epoch=278, loss=0.2273
Epoch=279, loss=0.2301
Epoch=280, loss=0.2199
Epoch=281, loss=0.2262
Epoch=282, loss=0.2258
Epoch=283, loss=0.2255
Epoch=284, loss=0.2231
Epoch=285, loss=0.2216
Epoch=286, loss=0.2198
Epoch=287, loss=0.2236
Epoch=288, loss=0.2226
Epoch=289, loss=0.2204
Epoch=290, loss=0.2184
Epoch=291, loss=0.2146
Epoch=292, loss=0.2152
Epoch=293, loss=0.2174
Epoch=294, loss=0.2133
Epoch=295, loss=0.2141
Epoch=296, loss=0.2136
Epoch=297, loss=0.2124
Epoch=298, loss=0.2116
Epoch=299, loss=0.2110
Epoch=300, loss=0.2066
Epoch=301, loss=0.2060
Epoch=302, loss=0.2034
Epoch=303, loss=0.2085
Epoch=304, loss=0.2091
Epoch=305, loss=0.2008
Epoch=306, loss=0.2053
Epoch=307, loss=0.2011
Epoch=308, loss=0.2060
Epoch=309, loss=0.2017
Epoch=310, loss=0.2030
Epoch=311, loss=0.1995
Epoch=312, loss=0.2013
Epoch=313, loss=0.1983
Epoch=314, loss=0.1989
Epoch=315, loss=0.1934
Epoch=316, loss=0.1959
Epoch=317, loss=0.1954
Epoch=318, loss=0.1998
Epoch=319, loss=0.1969
Epoch=320, loss=0.1961
Epoch=321, loss=0.1921
Epoch=322, loss=0.1908
Epoch=323, loss=0.1938
Epoch=324, loss=0.1963
Epoch=325, loss=0.1931
Epoch=326, loss=0.1904
Epoch=327, loss=0.1928
Epoch=328, loss=0.1855
Epoch=329, loss=0.1860
Epoch=330, loss=0.1855
Epoch=331, loss=0.1868
Epoch=332, loss=0.1936
Epoch=333, loss=0.1864
Epoch=334, loss=0.1824
Epoch=335, loss=0.1812
Epoch=336, loss=0.1822
Epoch=337, loss=0.1823
Epoch=338, loss=0.1852
Epoch=339, loss=0.1861
Epoch=340, loss=0.1819
Epoch=341, loss=0.1828
Epoch=342, loss=0.1789
Epoch=343, loss=0.1786
Epoch=344, loss=0.1784
Epoch=345, loss=0.1773
Epoch=346, loss=0.1806
Epoch=347, loss=0.1807
Epoch=348, loss=0.1710
Epoch=349, loss=0.1755
Epoch=350, loss=0.1758
Epoch=351, loss=0.1732
Epoch=352, loss=0.1759
Epoch=353, loss=0.1785
Epoch=354, loss=0.1755
Epoch=355, loss=0.1685
Epoch=356, loss=0.1705
Epoch=357, loss=0.1687
Epoch=358, loss=0.1758
Epoch=359, loss=0.1695
Epoch=360, loss=0.1670
Epoch=361, loss=0.1684
Epoch=362, loss=0.1656
Epoch=363, loss=0.1664
Epoch=364, loss=0.1671
Epoch=365, loss=0.1657
Epoch=366, loss=0.1651
Epoch=367, loss=0.1665
Epoch=368, loss=0.1617
Epoch=369, loss=0.1633
Epoch=370, loss=0.1635
Epoch=371, loss=0.1625
Epoch=372, loss=0.1592
Epoch=373, loss=0.1613
Epoch=374, loss=0.1623
Epoch=375, loss=0.1622
Epoch=376, loss=0.1602
Epoch=377, loss=0.1559
Epoch=378, loss=0.1560
Epoch=379, loss=0.1549
Epoch=380, loss=0.1566
Epoch=381, loss=0.1540
Epoch=382, loss=0.1562
Epoch=383, loss=0.1532
Epoch=384, loss=0.1572
Epoch=385, loss=0.1523
Epoch=386, loss=0.1544
Epoch=387, loss=0.1538
Epoch=388, loss=0.1488
Epoch=389, loss=0.1547
Epoch=390, loss=0.1541
Epoch=391, loss=0.1504
Epoch=392, loss=0.1462
Epoch=393, loss=0.1498
Epoch=394, loss=0.1467
Epoch=395, loss=0.1494
Epoch=396, loss=0.1500
Epoch=397, loss=0.1498
Epoch=398, loss=0.1495
Epoch=399, loss=0.1463
Epoch=400, loss=0.1480
Epoch=401, loss=0.1512
Epoch=402, loss=0.1500
Epoch=403, loss=0.1457
Epoch=404, loss=0.1448
Epoch=405, loss=0.1441
Epoch=406, loss=0.1417
Epoch=407, loss=0.1462
Epoch=408, loss=0.1422
Epoch=409, loss=0.1387
Epoch=410, loss=0.1408
Epoch=411, loss=0.1429
Epoch=412, loss=0.1485
Epoch=413, loss=0.1454
Epoch=414, loss=0.1412
Epoch=415, loss=0.1401
Epoch=416, loss=0.1410
Epoch=417, loss=0.1387
Epoch=418, loss=0.1381
Epoch=419, loss=0.1347
Epoch=420, loss=0.1415
Epoch=421, loss=0.1362
Epoch=422, loss=0.1334
Epoch=423, loss=0.1332
Epoch=424, loss=0.1412
Epoch=425, loss=0.1352
Epoch=426, loss=0.1389
Epoch=427, loss=0.1339
Epoch=428, loss=0.1358
Epoch=429, loss=0.1355
Epoch=430, loss=0.1354
Epoch=431, loss=0.1291
Epoch=432, loss=0.1297
Epoch=433, loss=0.1307
Epoch=434, loss=0.1336
Epoch=435, loss=0.1297
Epoch=436, loss=0.1296
Epoch=437, loss=0.1308
Epoch=438, loss=0.1306
Epoch=439, loss=0.1357
Epoch=440, loss=0.1328
Epoch=441, loss=0.1286
Epoch=442, loss=0.1296
Epoch=443, loss=0.1333
Epoch=444, loss=0.1290
Epoch=445, loss=0.1284
Epoch=446, loss=0.1274
Epoch=447, loss=0.1248
Epoch=448, loss=0.1286
Epoch=449, loss=0.1296
Epoch=450, loss=0.1252
Epoch=451, loss=0.1245
Epoch=452, loss=0.1265
Epoch=453, loss=0.1255
Epoch=454, loss=0.1191
Epoch=455, loss=0.1242
Epoch=456, loss=0.1239
Epoch=457, loss=0.1242
Epoch=458, loss=0.1211
Epoch=459, loss=0.1233
Epoch=460, loss=0.1196
Epoch=461, loss=0.1252
Epoch=462, loss=0.1209
Epoch=463, loss=0.1189
Epoch=464, loss=0.1187
Epoch=465, loss=0.1217
Epoch=466, loss=0.1193
Epoch=467, loss=0.1218
Epoch=468, loss=0.1161
Epoch=469, loss=0.1212
Epoch=470, loss=0.1148
Epoch=471, loss=0.1163
Epoch=472, loss=0.1181
Epoch=473, loss=0.1193
Epoch=474, loss=0.1163
Epoch=475, loss=0.1156
Epoch=476, loss=0.1230
Epoch=477, loss=0.1164
Epoch=478, loss=0.1173
Epoch=479, loss=0.1154
Epoch=480, loss=0.1143
Epoch=481, loss=0.1125
Epoch=482, loss=0.1142
Epoch=483, loss=0.1173
Epoch=484, loss=0.1140
Epoch=485, loss=0.1139
Epoch=486, loss=0.1147
Epoch=487, loss=0.1137
Epoch=488, loss=0.1123
Epoch=489, loss=0.1105
Epoch=490, loss=0.1107
Epoch=491, loss=0.1159
Epoch=492, loss=0.1085
Epoch=493, loss=0.1123
Epoch=494, loss=0.1119
Epoch=495, loss=0.1133
Epoch=496, loss=0.1100
Epoch=497, loss=0.1066
Epoch=498, loss=0.1105
Epoch=499, loss=0.1086
Loading 497th epoch
Early stopping!
Start to test process.
done with the edge prediction
done with the node prediction
done with the second node prediction
(E) | label_classification: F1Mi=0.7286+-0.0201, F1Ma=0.6892+-0.0374, acc=0.7286+-0.0201
[['MVGRL', 'heat', 16, 15, 2, 'normalize', 0.1, 0.2, 0.4, 0.001, 0.5, 0.2, 0.5, 0.0001, 512, 512, 0.8698231181347924, 0.8598182193422996, 0.8399843012432981, 0.8300959008141205, 0.7714285850524902, 0.6740000247955322, 0.624758243560791, 0.75, 0.6700000166893005, 0.6175048351287842, 0.6347454333462885, 0.013326605887816145, 0.548592188869357, 0.03345793009034363, 0.6347454333462885, 0.013326605887816145], ['MVGRL', 'heat', 32, 15, 2, 'normalize', 0.1, 0.2, 0.4, 0.001, 0.5, 0.2, 0.5, 0.0001, 512, 512, 0.9657101796114654, 0.9630779118222177, 0.9566447868245664, 0.9549107680346136, 0.8571428656578064, 0.75, 0.7359768152236938, 0.8142856955528259, 0.7480000257492065, 0.7345260977745056, 0.7285658764088613, 0.020072780868422214, 0.68915163687654, 0.03736845217042359, 0.7285658764088614, 0.020072780868422232]]
Epoch=000, loss=0.6942
Epoch=001, loss=0.6921
Epoch=002, loss=0.6903
Epoch=003, loss=0.6884
Epoch=004, loss=0.6864
Epoch=005, loss=0.6848
Epoch=006, loss=0.6821
Epoch=007, loss=0.6800
Epoch=008, loss=0.6773
Epoch=009, loss=0.6736
Epoch=010, loss=0.6703
Epoch=011, loss=0.6667
Epoch=012, loss=0.6640
Epoch=013, loss=0.6612
Epoch=014, loss=0.6562
Epoch=015, loss=0.6526
Epoch=016, loss=0.6476
Epoch=017, loss=0.6426
Epoch=018, loss=0.6382
Epoch=019, loss=0.6327
Epoch=020, loss=0.6301
Epoch=021, loss=0.6235
Epoch=022, loss=0.6183
Epoch=023, loss=0.6137
Epoch=024, loss=0.6079
Epoch=025, loss=0.5986
Epoch=026, loss=0.5979
Epoch=027, loss=0.5903
Epoch=028, loss=0.5887
Epoch=029, loss=0.5802
Epoch=030, loss=0.5715
Epoch=031, loss=0.5683
Epoch=032, loss=0.5648
Epoch=033, loss=0.5571
Epoch=034, loss=0.5517
Epoch=035, loss=0.5436
Epoch=036, loss=0.5461
Epoch=037, loss=0.5331
Epoch=038, loss=0.5301
Epoch=039, loss=0.5206
Epoch=040, loss=0.5207
Epoch=041, loss=0.5141
Epoch=042, loss=0.5112
Epoch=043, loss=0.5044
Epoch=044, loss=0.4969
Epoch=045, loss=0.4973
Epoch=046, loss=0.4919
Epoch=047, loss=0.4838
Epoch=048, loss=0.4807
Epoch=049, loss=0.4738
Epoch=050, loss=0.4652
Epoch=051, loss=0.4678
Epoch=052, loss=0.4645
Epoch=053, loss=0.4577
Epoch=054, loss=0.4588
Epoch=055, loss=0.4506
Epoch=056, loss=0.4414
Epoch=057, loss=0.4433
Epoch=058, loss=0.4351
Epoch=059, loss=0.4316
Epoch=060, loss=0.4300
Epoch=061, loss=0.4232
Epoch=062, loss=0.4209
Epoch=063, loss=0.4232
Epoch=064, loss=0.4154
Epoch=065, loss=0.4122
Epoch=066, loss=0.4104
Epoch=067, loss=0.4023
Epoch=068, loss=0.4056
Epoch=069, loss=0.4001
Epoch=070, loss=0.3940
Epoch=071, loss=0.3932
Epoch=072, loss=0.3881
Epoch=073, loss=0.3861
Epoch=074, loss=0.3809
Epoch=075, loss=0.3752
Epoch=076, loss=0.3727
Epoch=077, loss=0.3734
Epoch=078, loss=0.3738
Epoch=079, loss=0.3679
Epoch=080, loss=0.3654
Epoch=081, loss=0.3593
Epoch=082, loss=0.3590
Epoch=083, loss=0.3532
Epoch=084, loss=0.3524
Epoch=085, loss=0.3489
Epoch=086, loss=0.3483
Epoch=087, loss=0.3472
Epoch=088, loss=0.3424
Epoch=089, loss=0.3434
Epoch=090, loss=0.3380
Epoch=091, loss=0.3348
Epoch=092, loss=0.3327
Epoch=093, loss=0.3312
Epoch=094, loss=0.3281
Epoch=095, loss=0.3274
Epoch=096, loss=0.3206
Epoch=097, loss=0.3227
Epoch=098, loss=0.3188
Epoch=099, loss=0.3128
Epoch=100, loss=0.3136
Epoch=101, loss=0.3109
Epoch=102, loss=0.3102
Epoch=103, loss=0.3118
Epoch=104, loss=0.3051
Epoch=105, loss=0.3018
Epoch=106, loss=0.3044
Epoch=107, loss=0.3012
Epoch=108, loss=0.2973
Epoch=109, loss=0.2958
Epoch=110, loss=0.2903
Epoch=111, loss=0.2934
Epoch=112, loss=0.2918
Epoch=113, loss=0.2833
Epoch=114, loss=0.2872
Epoch=115, loss=0.2856
Epoch=116, loss=0.2802
Epoch=117, loss=0.2795
Epoch=118, loss=0.2739
Epoch=119, loss=0.2744
Epoch=120, loss=0.2741
Epoch=121, loss=0.2691
Epoch=122, loss=0.2666
Epoch=123, loss=0.2676
Epoch=124, loss=0.2628
Epoch=125, loss=0.2606
Epoch=126, loss=0.2570
Epoch=127, loss=0.2587
Epoch=128, loss=0.2581
Epoch=129, loss=0.2534
Epoch=130, loss=0.2556
Epoch=131, loss=0.2518
Epoch=132, loss=0.2539
Epoch=133, loss=0.2513
Epoch=134, loss=0.2423
Epoch=135, loss=0.2410
Epoch=136, loss=0.2427
Epoch=137, loss=0.2439
Epoch=138, loss=0.2396
Epoch=139, loss=0.2352
Epoch=140, loss=0.2366
Epoch=141, loss=0.2310
Epoch=142, loss=0.2299
Epoch=143, loss=0.2275
Epoch=144, loss=0.2308
Epoch=145, loss=0.2252
Epoch=146, loss=0.2267
Epoch=147, loss=0.2267
Epoch=148, loss=0.2222
Epoch=149, loss=0.2234
Epoch=150, loss=0.2252
Epoch=151, loss=0.2212
Epoch=152, loss=0.2145
Epoch=153, loss=0.2192
Epoch=154, loss=0.2148
Epoch=155, loss=0.2108
Epoch=156, loss=0.2118
Epoch=157, loss=0.2095
Epoch=158, loss=0.2085
Epoch=159, loss=0.2073
Epoch=160, loss=0.2025
Epoch=161, loss=0.2056
Epoch=162, loss=0.2065
Epoch=163, loss=0.2006
Epoch=164, loss=0.2040
Epoch=165, loss=0.2027
Epoch=166, loss=0.2007
Epoch=167, loss=0.1967
Epoch=168, loss=0.1914
Epoch=169, loss=0.1973
Epoch=170, loss=0.1920
Epoch=171, loss=0.1931
Epoch=172, loss=0.1891
Epoch=173, loss=0.1854
Epoch=174, loss=0.1877
Epoch=175, loss=0.1876
Epoch=176, loss=0.1828
Epoch=177, loss=0.1851
Epoch=178, loss=0.1820
Epoch=179, loss=0.1787
Epoch=180, loss=0.1794
Epoch=181, loss=0.1812
Epoch=182, loss=0.1808
Epoch=183, loss=0.1759
Epoch=184, loss=0.1755
Epoch=185, loss=0.1769
Epoch=186, loss=0.1743
Epoch=187, loss=0.1768
Epoch=188, loss=0.1732
Epoch=189, loss=0.1696
Epoch=190, loss=0.1720
Epoch=191, loss=0.1718
Epoch=192, loss=0.1680
Epoch=193, loss=0.1684
Epoch=194, loss=0.1639
Epoch=195, loss=0.1683
Epoch=196, loss=0.1656
Epoch=197, loss=0.1628
Epoch=198, loss=0.1595
Epoch=199, loss=0.1634
Epoch=200, loss=0.1623
Epoch=201, loss=0.1627
Epoch=202, loss=0.1605
Epoch=203, loss=0.1570
Epoch=204, loss=0.1553
Epoch=205, loss=0.1588
Epoch=206, loss=0.1546
Epoch=207, loss=0.1559
Epoch=208, loss=0.1554
Epoch=209, loss=0.1562
Epoch=210, loss=0.1522
Epoch=211, loss=0.1497
Epoch=212, loss=0.1551
Epoch=213, loss=0.1465
Epoch=214, loss=0.1501
Epoch=215, loss=0.1469
Epoch=216, loss=0.1462
Epoch=217, loss=0.1441
Epoch=218, loss=0.1464
Epoch=219, loss=0.1464
Epoch=220, loss=0.1385
Epoch=221, loss=0.1445
Epoch=222, loss=0.1408
Epoch=223, loss=0.1414
Epoch=224, loss=0.1428
Epoch=225, loss=0.1363
Epoch=226, loss=0.1428
Epoch=227, loss=0.1372
Epoch=228, loss=0.1362
Epoch=229, loss=0.1396
Epoch=230, loss=0.1387
Epoch=231, loss=0.1393
Epoch=232, loss=0.1375
Epoch=233, loss=0.1352
Epoch=234, loss=0.1347
Epoch=235, loss=0.1341
Epoch=236, loss=0.1397
Epoch=237, loss=0.1304
Epoch=238, loss=0.1320
Epoch=239, loss=0.1329
Epoch=240, loss=0.1277
Epoch=241, loss=0.1358
Epoch=242, loss=0.1318
Epoch=243, loss=0.1288
Epoch=244, loss=0.1288
Epoch=245, loss=0.1271
Epoch=246, loss=0.1267
Epoch=247, loss=0.1249
Epoch=248, loss=0.1213
Epoch=249, loss=0.1274
Epoch=250, loss=0.1265
Epoch=251, loss=0.1217
Epoch=252, loss=0.1243
Epoch=253, loss=0.1203
Epoch=254, loss=0.1222
Epoch=255, loss=0.1216
Epoch=256, loss=0.1202
Epoch=257, loss=0.1218
Epoch=258, loss=0.1207
Epoch=259, loss=0.1196
Epoch=260, loss=0.1188
Epoch=261, loss=0.1213
Epoch=262, loss=0.1185
Epoch=263, loss=0.1161
Epoch=264, loss=0.1162
Epoch=265, loss=0.1126
Epoch=266, loss=0.1159
Epoch=267, loss=0.1157
Epoch=268, loss=0.1152
Epoch=269, loss=0.1114
Epoch=270, loss=0.1105
Epoch=271, loss=0.1112
Epoch=272, loss=0.1117
Epoch=273, loss=0.1125
Epoch=274, loss=0.1142
Epoch=275, loss=0.1045
Epoch=276, loss=0.1090
Epoch=277, loss=0.1090
Epoch=278, loss=0.1111
Epoch=279, loss=0.1075
Epoch=280, loss=0.1129
Epoch=281, loss=0.1090
Epoch=282, loss=0.1112
Epoch=283, loss=0.1064
Epoch=284, loss=0.1097
Epoch=285, loss=0.1053
Epoch=286, loss=0.1084
Epoch=287, loss=0.1109
Epoch=288, loss=0.1069
Epoch=289, loss=0.1098
Epoch=290, loss=0.0990
Epoch=291, loss=0.1033
Epoch=292, loss=0.1035
Epoch=293, loss=0.1035
Epoch=294, loss=0.1002
Epoch=295, loss=0.1084
Epoch=296, loss=0.1031
Epoch=297, loss=0.1043
Epoch=298, loss=0.1040
Epoch=299, loss=0.1024
Epoch=300, loss=0.1046
Epoch=301, loss=0.1056
Epoch=302, loss=0.0995
Epoch=303, loss=0.1044
Epoch=304, loss=0.1035
Epoch=305, loss=0.0998
Epoch=306, loss=0.0994
Epoch=307, loss=0.0955
Epoch=308, loss=0.0959
Epoch=309, loss=0.1043
Epoch=310, loss=0.0976
Epoch=311, loss=0.0991
Epoch=312, loss=0.0976
Epoch=313, loss=0.0961
Epoch=314, loss=0.0958
Epoch=315, loss=0.0949
Epoch=316, loss=0.0963
Epoch=317, loss=0.0937
Epoch=318, loss=0.0991
Epoch=319, loss=0.0958
Epoch=320, loss=0.0983
Epoch=321, loss=0.0930
Epoch=322, loss=0.0957
Epoch=323, loss=0.0978
Epoch=324, loss=0.0933
Epoch=325, loss=0.0949
Epoch=326, loss=0.0878
Epoch=327, loss=0.0950
Epoch=328, loss=0.0936
Epoch=329, loss=0.0930
Epoch=330, loss=0.0913
Epoch=331, loss=0.0927
Epoch=332, loss=0.0884
Epoch=333, loss=0.0896
Epoch=334, loss=0.0905
Epoch=335, loss=0.0906
Epoch=336, loss=0.0873
Epoch=337, loss=0.0842
Epoch=338, loss=0.0896
Epoch=339, loss=0.0844
Epoch=340, loss=0.0881
Epoch=341, loss=0.0897
Epoch=342, loss=0.0858
Epoch=343, loss=0.0825
Epoch=344, loss=0.0859
Epoch=345, loss=0.0860
Epoch=346, loss=0.0854
Epoch=347, loss=0.0896
Epoch=348, loss=0.0832
Epoch=349, loss=0.0919
Epoch=350, loss=0.0827
Epoch=351, loss=0.0873
Epoch=352, loss=0.0854
Epoch=353, loss=0.0797
Epoch=354, loss=0.0858
Epoch=355, loss=0.0855
Epoch=356, loss=0.0886
Epoch=357, loss=0.0835
Epoch=358, loss=0.0828
Epoch=359, loss=0.0823
Epoch=360, loss=0.0823
Epoch=361, loss=0.0772
Epoch=362, loss=0.0814
Epoch=363, loss=0.0797
Epoch=364, loss=0.0827
Epoch=365, loss=0.0919
Epoch=366, loss=0.0821
Epoch=367, loss=0.0819
Epoch=368, loss=0.0775
Epoch=369, loss=0.0782
Epoch=370, loss=0.0784
Epoch=371, loss=0.0809
Epoch=372, loss=0.0770
Epoch=373, loss=0.0767
Epoch=374, loss=0.0846
Epoch=375, loss=0.0761
Epoch=376, loss=0.0822
Epoch=377, loss=0.0760
Epoch=378, loss=0.0752
Epoch=379, loss=0.0724
Epoch=380, loss=0.0762
Epoch=381, loss=0.0760
Epoch=382, loss=0.0805
Epoch=383, loss=0.0814
Epoch=384, loss=0.0755
Epoch=385, loss=0.0728
Epoch=386, loss=0.0763
Epoch=387, loss=0.0755
Epoch=388, loss=0.0764
Epoch=389, loss=0.0736
Epoch=390, loss=0.0771
Epoch=391, loss=0.0747
Epoch=392, loss=0.0753
Epoch=393, loss=0.0724
Epoch=394, loss=0.0731
Epoch=395, loss=0.0746
Epoch=396, loss=0.0756
Epoch=397, loss=0.0720
Epoch=398, loss=0.0728
Epoch=399, loss=0.0728
Epoch=400, loss=0.0707
Epoch=401, loss=0.0728
Epoch=402, loss=0.0719
Epoch=403, loss=0.0735
Epoch=404, loss=0.0741
Epoch=405, loss=0.0666
Epoch=406, loss=0.0705
Epoch=407, loss=0.0687
Epoch=408, loss=0.0708
Epoch=409, loss=0.0705
Epoch=410, loss=0.0674
Epoch=411, loss=0.0718
Epoch=412, loss=0.0668
Epoch=413, loss=0.0680
Epoch=414, loss=0.0732
Epoch=415, loss=0.0692
Epoch=416, loss=0.0693
Epoch=417, loss=0.0726
Epoch=418, loss=0.0690
Epoch=419, loss=0.0712
Epoch=420, loss=0.0716
Epoch=421, loss=0.0643
Epoch=422, loss=0.0655
Epoch=423, loss=0.0672
Epoch=424, loss=0.0714
Epoch=425, loss=0.0662
Epoch=426, loss=0.0687
Epoch=427, loss=0.0695
Epoch=428, loss=0.0646
Epoch=429, loss=0.0676
Epoch=430, loss=0.0679
Epoch=431, loss=0.0667
Epoch=432, loss=0.0644
Epoch=433, loss=0.0654
Epoch=434, loss=0.0648
Epoch=435, loss=0.0686
Epoch=436, loss=0.0637
Epoch=437, loss=0.0645
Epoch=438, loss=0.0683
Epoch=439, loss=0.0636
Epoch=440, loss=0.0698
Epoch=441, loss=0.0610
Epoch=442, loss=0.0733
Epoch=443, loss=0.0640
Epoch=444, loss=0.0613
Epoch=445, loss=0.0639
Epoch=446, loss=0.0615
Epoch=447, loss=0.0615
Epoch=448, loss=0.0616
Epoch=449, loss=0.0620
Epoch=450, loss=0.0647
Epoch=451, loss=0.0642
Epoch=452, loss=0.0611
Epoch=453, loss=0.0584
Epoch=454, loss=0.0631
Epoch=455, loss=0.0661
Epoch=456, loss=0.0670
Epoch=457, loss=0.0677
Epoch=458, loss=0.0634
Epoch=459, loss=0.0612
Epoch=460, loss=0.0588
Epoch=461, loss=0.0565
Epoch=462, loss=0.0607
Epoch=463, loss=0.0639
Epoch=464, loss=0.0579
Epoch=465, loss=0.0607
Epoch=466, loss=0.0594
Epoch=467, loss=0.0568
Epoch=468, loss=0.0602
Epoch=469, loss=0.0608
Epoch=470, loss=0.0573
Epoch=471, loss=0.0586
Epoch=472, loss=0.0608
Epoch=473, loss=0.0607
Epoch=474, loss=0.0558
Epoch=475, loss=0.0612
Epoch=476, loss=0.0610
Epoch=477, loss=0.0571
Epoch=478, loss=0.0576
Epoch=479, loss=0.0611
Epoch=480, loss=0.0562
Epoch=481, loss=0.0573
Epoch=482, loss=0.0579
Epoch=483, loss=0.0568
Epoch=484, loss=0.0577
Epoch=485, loss=0.0587
Epoch=486, loss=0.0598
Epoch=487, loss=0.0568
Epoch=488, loss=0.0569
Epoch=489, loss=0.0524
Epoch=490, loss=0.0595
Epoch=491, loss=0.0556
Epoch=492, loss=0.0577
Epoch=493, loss=0.0590
Epoch=494, loss=0.0576
Epoch=495, loss=0.0584
Epoch=496, loss=0.0550
Epoch=497, loss=0.0560
Epoch=498, loss=0.0554
Epoch=499, loss=0.0529
Loading 489th epoch
Early stopping!
Start to test process.
done with the edge prediction
done with the node prediction
done with the second node prediction
(E) | label_classification: F1Mi=0.7933+-0.0092, F1Ma=0.7705+-0.0131, acc=0.7933+-0.0092
[['MVGRL', 'heat', 16, 15, 2, 'normalize', 0.1, 0.2, 0.4, 0.001, 0.5, 0.2, 0.5, 0.0001, 512, 512, 0.8698231181347924, 0.8598182193422996, 0.8399843012432981, 0.8300959008141205, 0.7714285850524902, 0.6740000247955322, 0.624758243560791, 0.75, 0.6700000166893005, 0.6175048351287842, 0.6347454333462885, 0.013326605887816145, 0.548592188869357, 0.03345793009034363, 0.6347454333462885, 0.013326605887816145], ['MVGRL', 'heat', 32, 15, 2, 'normalize', 0.1, 0.2, 0.4, 0.001, 0.5, 0.2, 0.5, 0.0001, 512, 512, 0.9657101796114654, 0.9630779118222177, 0.9566447868245664, 0.9549107680346136, 0.8571428656578064, 0.75, 0.7359768152236938, 0.8142856955528259, 0.7480000257492065, 0.7345260977745056, 0.7285658764088613, 0.020072780868422214, 0.68915163687654, 0.03736845217042359, 0.7285658764088614, 0.020072780868422232], ['MVGRL', 'heat', 64, 15, 2, 'normalize', 0.1, 0.2, 0.4, 0.001, 0.5, 0.2, 0.5, 0.0001, 512, 512, 0.9425004359019576, 0.9334812073579986, 0.9330678467138829, 0.924382063726219, 0.8857142925262451, 0.7860000133514404, 0.7635396718978882, 0.8857142925262451, 0.7860000133514404, 0.7625725269317627, 0.7933151962689468, 0.0092050501939137, 0.770493140052477, 0.01309848073431494, 0.7933151962689468, 0.0092050501939137]]
Epoch=000, loss=0.6952
Epoch=001, loss=0.6898
Epoch=002, loss=0.6850
Epoch=003, loss=0.6802
Epoch=004, loss=0.6762
Epoch=005, loss=0.6705
Epoch=006, loss=0.6661
Epoch=007, loss=0.6589
Epoch=008, loss=0.6527
Epoch=009, loss=0.6449
Epoch=010, loss=0.6372
Epoch=011, loss=0.6283
Epoch=012, loss=0.6187
Epoch=013, loss=0.6133
Epoch=014, loss=0.6007
Epoch=015, loss=0.5910
Epoch=016, loss=0.5824
Epoch=017, loss=0.5724
Epoch=018, loss=0.5642
Epoch=019, loss=0.5568
Epoch=020, loss=0.5475
Epoch=021, loss=0.5353
Epoch=022, loss=0.5237
Epoch=023, loss=0.5178
Epoch=024, loss=0.5058
Epoch=025, loss=0.5028
Epoch=026, loss=0.4914
Epoch=027, loss=0.4973
Epoch=028, loss=0.4782
Epoch=029, loss=0.4699
Epoch=030, loss=0.4615
Epoch=031, loss=0.4559
Epoch=032, loss=0.4536
Epoch=033, loss=0.4397
Epoch=034, loss=0.4314
Epoch=035, loss=0.4314
Epoch=036, loss=0.4226
Epoch=037, loss=0.4199
Epoch=038, loss=0.4057
Epoch=039, loss=0.4005
Epoch=040, loss=0.3977
Epoch=041, loss=0.4050
Epoch=042, loss=0.3900
Epoch=043, loss=0.3850
Epoch=044, loss=0.3774
Epoch=045, loss=0.3705
Epoch=046, loss=0.3680
Epoch=047, loss=0.3609
Epoch=048, loss=0.3593
Epoch=049, loss=0.3537
Epoch=050, loss=0.3486
Epoch=051, loss=0.3453
Epoch=052, loss=0.3388
Epoch=053, loss=0.3403
Epoch=054, loss=0.3285
Epoch=055, loss=0.3269
Epoch=056, loss=0.3211
Epoch=057, loss=0.3166
Epoch=058, loss=0.3202
Epoch=059, loss=0.3097
Epoch=060, loss=0.3094
Epoch=061, loss=0.3050
Epoch=062, loss=0.2970
Epoch=063, loss=0.2947
Epoch=064, loss=0.2934
Epoch=065, loss=0.2894
Epoch=066, loss=0.2853
Epoch=067, loss=0.2806
Epoch=068, loss=0.2762
Epoch=069, loss=0.2756
Epoch=070, loss=0.2737
Epoch=071, loss=0.2698
Epoch=072, loss=0.2629
Epoch=073, loss=0.2591
Epoch=074, loss=0.2608
Epoch=075, loss=0.2567
Epoch=076, loss=0.2524
Epoch=077, loss=0.2469
Epoch=078, loss=0.2442
Epoch=079, loss=0.2426
Epoch=080, loss=0.2423
Epoch=081, loss=0.2401
Epoch=082, loss=0.2324
Epoch=083, loss=0.2338
Epoch=084, loss=0.2282
Epoch=085, loss=0.2284
Epoch=086, loss=0.2235
Epoch=087, loss=0.2211
Epoch=088, loss=0.2157
Epoch=089, loss=0.2160
Epoch=090, loss=0.2119
Epoch=091, loss=0.2126
Epoch=092, loss=0.2052
Epoch=093, loss=0.2061
Epoch=094, loss=0.2067
Epoch=095, loss=0.2034
Epoch=096, loss=0.1996
Epoch=097, loss=0.2000
Epoch=098, loss=0.1919
Epoch=099, loss=0.1931
Epoch=100, loss=0.1908
Epoch=101, loss=0.1888
Epoch=102, loss=0.1871
Epoch=103, loss=0.1856
Epoch=104, loss=0.1814
Epoch=105, loss=0.1807
Epoch=106, loss=0.1778
Epoch=107, loss=0.1734
Epoch=108, loss=0.1807
Epoch=109, loss=0.1792
Epoch=110, loss=0.1745
Epoch=111, loss=0.1696
Epoch=112, loss=0.1670
Epoch=113, loss=0.1695
Epoch=114, loss=0.1661
Epoch=115, loss=0.1637
Epoch=116, loss=0.1610
Epoch=117, loss=0.1580
Epoch=118, loss=0.1585
Epoch=119, loss=0.1542
Epoch=120, loss=0.1562
Epoch=121, loss=0.1524
Epoch=122, loss=0.1530
Epoch=123, loss=0.1492
Epoch=124, loss=0.1495
Epoch=125, loss=0.1485
Epoch=126, loss=0.1481
Epoch=127, loss=0.1466
Epoch=128, loss=0.1425
Epoch=129, loss=0.1421
Epoch=130, loss=0.1458
Epoch=131, loss=0.1406
Epoch=132, loss=0.1399
Epoch=133, loss=0.1444
Epoch=134, loss=0.1357
Epoch=135, loss=0.1385
Epoch=136, loss=0.1355
Epoch=137, loss=0.1386
Epoch=138, loss=0.1301
Epoch=139, loss=0.1294
Epoch=140, loss=0.1304
Epoch=141, loss=0.1306
Epoch=142, loss=0.1254
Epoch=143, loss=0.1280
Epoch=144, loss=0.1303
Epoch=145, loss=0.1270
Epoch=146, loss=0.1245
Epoch=147, loss=0.1218
Epoch=148, loss=0.1255
Epoch=149, loss=0.1278
Epoch=150, loss=0.1228
Epoch=151, loss=0.1240
Epoch=152, loss=0.1186
Epoch=153, loss=0.1202
Epoch=154, loss=0.1159
Epoch=155, loss=0.1167
Epoch=156, loss=0.1178
Epoch=157, loss=0.1176
Epoch=158, loss=0.1198
Epoch=159, loss=0.1131
Epoch=160, loss=0.1125
Epoch=161, loss=0.1103
Epoch=162, loss=0.1119
Epoch=163, loss=0.1132
Epoch=164, loss=0.1101
Epoch=165, loss=0.1091
Epoch=166, loss=0.1093
Epoch=167, loss=0.1086
Epoch=168, loss=0.1053
Epoch=169, loss=0.1064
Epoch=170, loss=0.1037
Epoch=171, loss=0.1109
Epoch=172, loss=0.1036
Epoch=173, loss=0.1023
Epoch=174, loss=0.1027
Epoch=175, loss=0.1033
Epoch=176, loss=0.1051
Epoch=177, loss=0.1029
Epoch=178, loss=0.1017
Epoch=179, loss=0.1026
Epoch=180, loss=0.1004
Epoch=181, loss=0.0963
Epoch=182, loss=0.0982
Epoch=183, loss=0.0965
Epoch=184, loss=0.0974
Epoch=185, loss=0.0966
Epoch=186, loss=0.0924
Epoch=187, loss=0.0985
Epoch=188, loss=0.0911
Epoch=189, loss=0.0986
Epoch=190, loss=0.0957
Epoch=191, loss=0.0922
Epoch=192, loss=0.0935
Epoch=193, loss=0.0980
Epoch=194, loss=0.0913
Epoch=195, loss=0.0903
Epoch=196, loss=0.0876
Epoch=197, loss=0.0906
Epoch=198, loss=0.0944
Epoch=199, loss=0.0877
Epoch=200, loss=0.0921
Epoch=201, loss=0.0870
Epoch=202, loss=0.0910
Epoch=203, loss=0.0877
Epoch=204, loss=0.0879
Epoch=205, loss=0.0907
Epoch=206, loss=0.0872
Epoch=207, loss=0.0902
Epoch=208, loss=0.0823
Epoch=209, loss=0.0851
Epoch=210, loss=0.0849
Epoch=211, loss=0.0892
Epoch=212, loss=0.0860
Epoch=213, loss=0.0859
Epoch=214, loss=0.0857
Epoch=215, loss=0.0813
Epoch=216, loss=0.0818
Epoch=217, loss=0.0815
Epoch=218, loss=0.0824
Epoch=219, loss=0.0818
Epoch=220, loss=0.0789
Epoch=221, loss=0.0802
Epoch=222, loss=0.0779
Epoch=223, loss=0.0771
Epoch=224, loss=0.0807
Epoch=225, loss=0.0806
Epoch=226, loss=0.0760
Epoch=227, loss=0.0775
Epoch=228, loss=0.0761
Epoch=229, loss=0.0753
Epoch=230, loss=0.0741
Epoch=231, loss=0.0790
Epoch=232, loss=0.0757
Epoch=233, loss=0.0768
Epoch=234, loss=0.0743
Epoch=235, loss=0.0712
Epoch=236, loss=0.0724
Epoch=237, loss=0.0764
Epoch=238, loss=0.0751
Epoch=239, loss=0.0756
Epoch=240, loss=0.0769
Epoch=241, loss=0.0701
Epoch=242, loss=0.0731
Epoch=243, loss=0.0712
Epoch=244, loss=0.0706
Epoch=245, loss=0.0769
Epoch=246, loss=0.0759
Epoch=247, loss=0.0746
Epoch=248, loss=0.0712
Epoch=249, loss=0.0715
Epoch=250, loss=0.0707
Epoch=251, loss=0.0734
Epoch=252, loss=0.0706
Epoch=253, loss=0.0704
Epoch=254, loss=0.0694
Epoch=255, loss=0.0696
Epoch=256, loss=0.0696
Epoch=257, loss=0.0682
Epoch=258, loss=0.0685
Epoch=259, loss=0.0646
Epoch=260, loss=0.0640
Epoch=261, loss=0.0711
Epoch=262, loss=0.0688
Epoch=263, loss=0.0674
Epoch=264, loss=0.0653
Epoch=265, loss=0.0682
Epoch=266, loss=0.0658
Epoch=267, loss=0.0660
Epoch=268, loss=0.0692
Epoch=269, loss=0.0642
Epoch=270, loss=0.0644
Epoch=271, loss=0.0647
Epoch=272, loss=0.0632
Epoch=273, loss=0.0614
Epoch=274, loss=0.0638
Epoch=275, loss=0.0629
Epoch=276, loss=0.0642
Epoch=277, loss=0.0593
Epoch=278, loss=0.0653
Epoch=279, loss=0.0672
Epoch=280, loss=0.0617
Epoch=281, loss=0.0651
Epoch=282, loss=0.0595
Epoch=283, loss=0.0637
Epoch=284, loss=0.0637
Epoch=285, loss=0.0615
Epoch=286, loss=0.0633
Epoch=287, loss=0.0572
Epoch=288, loss=0.0632
Epoch=289, loss=0.0649
Epoch=290, loss=0.0616
Epoch=291, loss=0.0578
Epoch=292, loss=0.0608
Epoch=293, loss=0.0563
Epoch=294, loss=0.0626
Epoch=295, loss=0.0577
Epoch=296, loss=0.0593
Epoch=297, loss=0.0585
Epoch=298, loss=0.0575
Epoch=299, loss=0.0590
Epoch=300, loss=0.0594
Epoch=301, loss=0.0606
Epoch=302, loss=0.0585
Epoch=303, loss=0.0602
Epoch=304, loss=0.0552
Epoch=305, loss=0.0545
Epoch=306, loss=0.0582
Epoch=307, loss=0.0586
Epoch=308, loss=0.0586
Epoch=309, loss=0.0561
Epoch=310, loss=0.0556
Epoch=311, loss=0.0574
Epoch=312, loss=0.0531
Epoch=313, loss=0.0505
Epoch=314, loss=0.0530
Epoch=315, loss=0.0572
Epoch=316, loss=0.0541
Epoch=317, loss=0.0545
Epoch=318, loss=0.0538
Epoch=319, loss=0.0530
Epoch=320, loss=0.0524
Epoch=321, loss=0.0560
Epoch=322, loss=0.0537
Epoch=323, loss=0.0556
Epoch=324, loss=0.0534
Epoch=325, loss=0.0499
Epoch=326, loss=0.0494
Epoch=327, loss=0.0516
Epoch=328, loss=0.0533
Epoch=329, loss=0.0587
Epoch=330, loss=0.0546
Epoch=331, loss=0.0526
Epoch=332, loss=0.0548
Epoch=333, loss=0.0536
Epoch=334, loss=0.0545
Epoch=335, loss=0.0547
Epoch=336, loss=0.0473
Epoch=337, loss=0.0504
Epoch=338, loss=0.0476
Epoch=339, loss=0.0491
Epoch=340, loss=0.0569
Epoch=341, loss=0.0481
Epoch=342, loss=0.0511
Epoch=343, loss=0.0492
Epoch=344, loss=0.0527
Epoch=345, loss=0.0453
Epoch=346, loss=0.0518
Epoch=347, loss=0.0492
Epoch=348, loss=0.0494
Epoch=349, loss=0.0465
Epoch=350, loss=0.0491
Epoch=351, loss=0.0471
Epoch=352, loss=0.0472
Epoch=353, loss=0.0488
Epoch=354, loss=0.0465
Epoch=355, loss=0.0478
Epoch=356, loss=0.0559
Epoch=357, loss=0.0494
Epoch=358, loss=0.0504
Epoch=359, loss=0.0511
Epoch=360, loss=0.0442
Epoch=361, loss=0.0478
Epoch=362, loss=0.0469
Epoch=363, loss=0.0461
Epoch=364, loss=0.0460
Epoch=365, loss=0.0491
Epoch=366, loss=0.0465
Epoch=367, loss=0.0460
Epoch=368, loss=0.0438
Epoch=369, loss=0.0429
Epoch=370, loss=0.0448
Epoch=371, loss=0.0496
Epoch=372, loss=0.0451
Epoch=373, loss=0.0458
Epoch=374, loss=0.0458
Epoch=375, loss=0.0452
Epoch=376, loss=0.0457
Epoch=377, loss=0.0484
Epoch=378, loss=0.0425
Epoch=379, loss=0.0421
Epoch=380, loss=0.0451
Epoch=381, loss=0.0467
Epoch=382, loss=0.0461
Epoch=383, loss=0.0464
Epoch=384, loss=0.0461
Epoch=385, loss=0.0453
Epoch=386, loss=0.0456
Epoch=387, loss=0.0439
Epoch=388, loss=0.0415
Epoch=389, loss=0.0431
Epoch=390, loss=0.0437
Epoch=391, loss=0.0451
Epoch=392, loss=0.0425
Epoch=393, loss=0.0435
Epoch=394, loss=0.0441
Epoch=395, loss=0.0422
Epoch=396, loss=0.0414
Epoch=397, loss=0.0413
Epoch=398, loss=0.0474
Epoch=399, loss=0.0418
Epoch=400, loss=0.0440
Epoch=401, loss=0.0418
Epoch=402, loss=0.0398
Epoch=403, loss=0.0412
Epoch=404, loss=0.0401
Epoch=405, loss=0.0398
Epoch=406, loss=0.0392
Epoch=407, loss=0.0374
Epoch=408, loss=0.0405
Epoch=409, loss=0.0417
Epoch=410, loss=0.0477
Epoch=411, loss=0.0425
Epoch=412, loss=0.0399
Epoch=413, loss=0.0401
Epoch=414, loss=0.0411
Epoch=415, loss=0.0400
Epoch=416, loss=0.0400
Epoch=417, loss=0.0413
Epoch=418, loss=0.0399
Epoch=419, loss=0.0397
Epoch=420, loss=0.0392
Epoch=421, loss=0.0437
Epoch=422, loss=0.0366
Epoch=423, loss=0.0363
Epoch=424, loss=0.0379
Epoch=425, loss=0.0401
Epoch=426, loss=0.0413
Epoch=427, loss=0.0379
Epoch=428, loss=0.0406
Epoch=429, loss=0.0387
Epoch=430, loss=0.0403
Epoch=431, loss=0.0360
Epoch=432, loss=0.0399
Epoch=433, loss=0.0424
Epoch=434, loss=0.0380
Epoch=435, loss=0.0355
Epoch=436, loss=0.0436
Epoch=437, loss=0.0373
Epoch=438, loss=0.0391
Epoch=439, loss=0.0384
Epoch=440, loss=0.0336
Epoch=441, loss=0.0358
Epoch=442, loss=0.0346
Epoch=443, loss=0.0362
Epoch=444, loss=0.0353
Epoch=445, loss=0.0357
Epoch=446, loss=0.0402
Epoch=447, loss=0.0364
Epoch=448, loss=0.0365
Epoch=449, loss=0.0388
Epoch=450, loss=0.0357
Epoch=451, loss=0.0349
Epoch=452, loss=0.0371
Epoch=453, loss=0.0364
Epoch=454, loss=0.0373
Epoch=455, loss=0.0365
Epoch=456, loss=0.0344
Epoch=457, loss=0.0357
Epoch=458, loss=0.0315
Epoch=459, loss=0.0330
Epoch=460, loss=0.0343
Epoch=461, loss=0.0366
Epoch=462, loss=0.0350
Epoch=463, loss=0.0353
Epoch=464, loss=0.0342
Epoch=465, loss=0.0340
Epoch=466, loss=0.0317
Epoch=467, loss=0.0315
Epoch=468, loss=0.0326
Epoch=469, loss=0.0374
Epoch=470, loss=0.0371
Epoch=471, loss=0.0362
Epoch=472, loss=0.0331
Epoch=473, loss=0.0317
Epoch=474, loss=0.0349
Epoch=475, loss=0.0318
Epoch=476, loss=0.0332
Epoch=477, loss=0.0334
Epoch=478, loss=0.0316
Early stopping!
Loading 458th epoch
Early stopping!
Start to test process.
done with the edge prediction
done with the node prediction
done with the second node prediction
(E) | label_classification: F1Mi=0.7898+-0.0078, F1Ma=0.7698+-0.0120, acc=0.7898+-0.0078
[['MVGRL', 'heat', 16, 15, 2, 'normalize', 0.1, 0.2, 0.4, 0.001, 0.5, 0.2, 0.5, 0.0001, 512, 512, 0.8698231181347924, 0.8598182193422996, 0.8399843012432981, 0.8300959008141205, 0.7714285850524902, 0.6740000247955322, 0.624758243560791, 0.75, 0.6700000166893005, 0.6175048351287842, 0.6347454333462885, 0.013326605887816145, 0.548592188869357, 0.03345793009034363, 0.6347454333462885, 0.013326605887816145], ['MVGRL', 'heat', 32, 15, 2, 'normalize', 0.1, 0.2, 0.4, 0.001, 0.5, 0.2, 0.5, 0.0001, 512, 512, 0.9657101796114654, 0.9630779118222177, 0.9566447868245664, 0.9549107680346136, 0.8571428656578064, 0.75, 0.7359768152236938, 0.8142856955528259, 0.7480000257492065, 0.7345260977745056, 0.7285658764088613, 0.020072780868422214, 0.68915163687654, 0.03736845217042359, 0.7285658764088614, 0.020072780868422232], ['MVGRL', 'heat', 64, 15, 2, 'normalize', 0.1, 0.2, 0.4, 0.001, 0.5, 0.2, 0.5, 0.0001, 512, 512, 0.9425004359019576, 0.9334812073579986, 0.9330678467138829, 0.924382063726219, 0.8857142925262451, 0.7860000133514404, 0.7635396718978882, 0.8857142925262451, 0.7860000133514404, 0.7625725269317627, 0.7933151962689468, 0.0092050501939137, 0.770493140052477, 0.01309848073431494, 0.7933151962689468, 0.0092050501939137], ['MVGRL', 'heat', 128, 15, 2, 'normalize', 0.1, 0.2, 0.4, 0.001, 0.5, 0.2, 0.5, 0.0001, 512, 512, 0.9788883944032969, 0.9758910873852229, 0.9681992157822913, 0.964375862833763, 0.9714285731315613, 0.7860000133514404, 0.7587040662765503, 0.9428571462631226, 0.7860000133514404, 0.761605441570282, 0.7898173338515352, 0.007782349637487021, 0.7697936825065586, 0.011984605768826708, 0.7898173338515352, 0.007782349637487021]]
Epoch=000, loss=0.6931
Epoch=001, loss=0.6857
Epoch=002, loss=0.6766
Epoch=003, loss=0.6669
Epoch=004, loss=0.6570
Epoch=005, loss=0.6500
Epoch=006, loss=0.6375
Epoch=007, loss=0.6302
Epoch=008, loss=0.6138
Epoch=009, loss=0.6029
Epoch=010, loss=0.5925
Epoch=011, loss=0.5734
Epoch=012, loss=0.5606
Epoch=013, loss=0.5460
Epoch=014, loss=0.5325
Epoch=015, loss=0.5229
Epoch=016, loss=0.5091
Epoch=017, loss=0.4958
Epoch=018, loss=0.4823
Epoch=019, loss=0.4722
Epoch=020, loss=0.4584
Epoch=021, loss=0.4464
Epoch=022, loss=0.4347
Epoch=023, loss=0.4254
Epoch=024, loss=0.4142
Epoch=025, loss=0.4101
Epoch=026, loss=0.3949
Epoch=027, loss=0.3882
Epoch=028, loss=0.3781
Epoch=029, loss=0.3708
Epoch=030, loss=0.3635
Epoch=031, loss=0.3583
Epoch=032, loss=0.3479
Epoch=033, loss=0.3393
Epoch=034, loss=0.3285
Epoch=035, loss=0.3228
Epoch=036, loss=0.3156
Epoch=037, loss=0.3074
Epoch=038, loss=0.3034
Epoch=039, loss=0.2945
Epoch=040, loss=0.2879
Epoch=041, loss=0.2853
Epoch=042, loss=0.2800
Epoch=043, loss=0.2688
Epoch=044, loss=0.2673
Epoch=045, loss=0.2591
Epoch=046, loss=0.2526
Epoch=047, loss=0.2468
Epoch=048, loss=0.2434
Epoch=049, loss=0.2362
Epoch=050, loss=0.2349
Epoch=051, loss=0.2243
Epoch=052, loss=0.2271
Epoch=053, loss=0.2222
Epoch=054, loss=0.2198
Epoch=055, loss=0.2118
Epoch=056, loss=0.2067
Epoch=057, loss=0.2040
Epoch=058, loss=0.1975
Epoch=059, loss=0.1954
Epoch=060, loss=0.1937
Epoch=061, loss=0.1938
Epoch=062, loss=0.1868
Epoch=063, loss=0.1787
Epoch=064, loss=0.1808
Epoch=065, loss=0.1729
Epoch=066, loss=0.1758
Epoch=067, loss=0.1733
Epoch=068, loss=0.1651
Epoch=069, loss=0.1654
Epoch=070, loss=0.1603
Epoch=071, loss=0.1602
Epoch=072, loss=0.1566
Epoch=073, loss=0.1578
Epoch=074, loss=0.1516
Epoch=075, loss=0.1494
Epoch=076, loss=0.1467
Epoch=077, loss=0.1469
Epoch=078, loss=0.1406
Epoch=079, loss=0.1435
Epoch=080, loss=0.1411
Epoch=081, loss=0.1375
Epoch=082, loss=0.1381
Epoch=083, loss=0.1312
Epoch=084, loss=0.1296
Epoch=085, loss=0.1348
Epoch=086, loss=0.1273
Epoch=087, loss=0.1263
Epoch=088, loss=0.1223
Epoch=089, loss=0.1216
Epoch=090, loss=0.1230
Epoch=091, loss=0.1209
Epoch=092, loss=0.1180
Epoch=093, loss=0.1141
Epoch=094, loss=0.1150
Epoch=095, loss=0.1146
Epoch=096, loss=0.1151
Epoch=097, loss=0.1141
Epoch=098, loss=0.1148
Epoch=099, loss=0.1107
Epoch=100, loss=0.1065
Epoch=101, loss=0.1077
Epoch=102, loss=0.1019
Epoch=103, loss=0.1031
Epoch=104, loss=0.1075
Epoch=105, loss=0.1012
Epoch=106, loss=0.1041
Epoch=107, loss=0.1036
Epoch=108, loss=0.0968
Epoch=109, loss=0.1035
Epoch=110, loss=0.0995
Epoch=111, loss=0.1030
Epoch=112, loss=0.0959
Epoch=113, loss=0.0965
Epoch=114, loss=0.0922
Epoch=115, loss=0.0934
Epoch=116, loss=0.0977
Epoch=117, loss=0.0949
Epoch=118, loss=0.0905
Epoch=119, loss=0.0918
Epoch=120, loss=0.0924
Epoch=121, loss=0.0854
Epoch=122, loss=0.0877
Epoch=123, loss=0.0857
Epoch=124, loss=0.0875
Epoch=125, loss=0.0848
Epoch=126, loss=0.0882
Epoch=127, loss=0.0858
Epoch=128, loss=0.0885
Epoch=129, loss=0.0868
Epoch=130, loss=0.0894
Epoch=131, loss=0.0815
Epoch=132, loss=0.0811
Epoch=133, loss=0.0854
Epoch=134, loss=0.0805
Epoch=135, loss=0.0849
Epoch=136, loss=0.0841
Epoch=137, loss=0.0833
Epoch=138, loss=0.0785
Epoch=139, loss=0.0813
Epoch=140, loss=0.0786
Epoch=141, loss=0.0766
Epoch=142, loss=0.0763
Epoch=143, loss=0.0753
Epoch=144, loss=0.0757
Epoch=145, loss=0.0786
Epoch=146, loss=0.0747
Epoch=147, loss=0.0800
Epoch=148, loss=0.0756
Epoch=149, loss=0.0705
Epoch=150, loss=0.0732
Epoch=151, loss=0.0707
Epoch=152, loss=0.0720
Epoch=153, loss=0.0671
Epoch=154, loss=0.0731
Epoch=155, loss=0.0740
Epoch=156, loss=0.0707
Epoch=157, loss=0.0717
Epoch=158, loss=0.0670
Epoch=159, loss=0.0676
Epoch=160, loss=0.0651
Epoch=161, loss=0.0671
Epoch=162, loss=0.0693
Epoch=163, loss=0.0668
Epoch=164, loss=0.0651
Epoch=165, loss=0.0672
Epoch=166, loss=0.0693
Epoch=167, loss=0.0674
Epoch=168, loss=0.0599
Epoch=169, loss=0.0650
Epoch=170, loss=0.0669
Epoch=171, loss=0.0655
Epoch=172, loss=0.0649
Epoch=173, loss=0.0629
Epoch=174, loss=0.0657
Epoch=175, loss=0.0620
Epoch=176, loss=0.0628
Epoch=177, loss=0.0650
Epoch=178, loss=0.0629
Epoch=179, loss=0.0661
Epoch=180, loss=0.0583
Epoch=181, loss=0.0602
Epoch=182, loss=0.0615
Epoch=183, loss=0.0590
Epoch=184, loss=0.0588
Epoch=185, loss=0.0600
Epoch=186, loss=0.0595
Epoch=187, loss=0.0596
Epoch=188, loss=0.0578
Epoch=189, loss=0.0596
Epoch=190, loss=0.0632
Epoch=191, loss=0.0602
Epoch=192, loss=0.0570
Epoch=193, loss=0.0534
Epoch=194, loss=0.0581
Epoch=195, loss=0.0562
Epoch=196, loss=0.0622
Epoch=197, loss=0.0537
Epoch=198, loss=0.0579
Epoch=199, loss=0.0536
Epoch=200, loss=0.0549
Epoch=201, loss=0.0544
Epoch=202, loss=0.0573
Epoch=203, loss=0.0567
Epoch=204, loss=0.0591
Epoch=205, loss=0.0560
Epoch=206, loss=0.0539
Epoch=207, loss=0.0565
Epoch=208, loss=0.0566
Epoch=209, loss=0.0532
Epoch=210, loss=0.0529
Epoch=211, loss=0.0499
Epoch=212, loss=0.0536
Epoch=213, loss=0.0526
Epoch=214, loss=0.0508
Epoch=215, loss=0.0512
Epoch=216, loss=0.0546
Epoch=217, loss=0.0500
Epoch=218, loss=0.0488
Epoch=219, loss=0.0517
Epoch=220, loss=0.0537
Epoch=221, loss=0.0479
Epoch=222, loss=0.0477
Epoch=223, loss=0.0496
Epoch=224, loss=0.0512
Epoch=225, loss=0.0500
Epoch=226, loss=0.0541
Epoch=227, loss=0.0487
Epoch=228, loss=0.0536
Epoch=229, loss=0.0486
Epoch=230, loss=0.0535
Epoch=231, loss=0.0472
Epoch=232, loss=0.0482
Epoch=233, loss=0.0469
Epoch=234, loss=0.0499
Epoch=235, loss=0.0478
Epoch=236, loss=0.0494
Epoch=237, loss=0.0498
Epoch=238, loss=0.0457
Epoch=239, loss=0.0496
Epoch=240, loss=0.0434
Epoch=241, loss=0.0440
Epoch=242, loss=0.0446
Epoch=243, loss=0.0452
Epoch=244, loss=0.0521
Epoch=245, loss=0.0465
Epoch=246, loss=0.0449
Epoch=247, loss=0.0447
Epoch=248, loss=0.0442
Epoch=249, loss=0.0458
Epoch=250, loss=0.0462
Epoch=251, loss=0.0460
Epoch=252, loss=0.0475
Epoch=253, loss=0.0445
Epoch=254, loss=0.0480
Epoch=255, loss=0.0461
Epoch=256, loss=0.0481
Epoch=257, loss=0.0416
Epoch=258, loss=0.0435
Epoch=259, loss=0.0482
Epoch=260, loss=0.0406
Epoch=261, loss=0.0446
Epoch=262, loss=0.0434
Epoch=263, loss=0.0429
Epoch=264, loss=0.0433
Epoch=265, loss=0.0435
Epoch=266, loss=0.0409
Epoch=267, loss=0.0449
Epoch=268, loss=0.0413
Epoch=269, loss=0.0475
Epoch=270, loss=0.0396
Epoch=271, loss=0.0400
Epoch=272, loss=0.0399
Epoch=273, loss=0.0406
Epoch=274, loss=0.0443
Epoch=275, loss=0.0436
Epoch=276, loss=0.0448
Epoch=277, loss=0.0405
Epoch=278, loss=0.0390
Epoch=279, loss=0.0351
Epoch=280, loss=0.0391
Epoch=281, loss=0.0403
Epoch=282, loss=0.0440
Epoch=283, loss=0.0419
Epoch=284, loss=0.0392
Epoch=285, loss=0.0423
Epoch=286, loss=0.0395
Epoch=287, loss=0.0380
Epoch=288, loss=0.0406
Epoch=289, loss=0.0402
Epoch=290, loss=0.0414
Epoch=291, loss=0.0393
Epoch=292, loss=0.0389
Epoch=293, loss=0.0401
Epoch=294, loss=0.0420
Epoch=295, loss=0.0371
Epoch=296, loss=0.0388
Epoch=297, loss=0.0375
Epoch=298, loss=0.0403
Epoch=299, loss=0.0441
Early stopping!
Loading 279th epoch
Early stopping!
Start to test process.
done with the edge prediction
done with the node prediction
done with the second node prediction
(E) | label_classification: F1Mi=0.8051+-0.0083, F1Ma=0.7880+-0.0072, acc=0.8051+-0.0083
[['MVGRL', 'heat', 16, 15, 2, 'normalize', 0.1, 0.2, 0.4, 0.001, 0.5, 0.2, 0.5, 0.0001, 512, 512, 0.8698231181347924, 0.8598182193422996, 0.8399843012432981, 0.8300959008141205, 0.7714285850524902, 0.6740000247955322, 0.624758243560791, 0.75, 0.6700000166893005, 0.6175048351287842, 0.6347454333462885, 0.013326605887816145, 0.548592188869357, 0.03345793009034363, 0.6347454333462885, 0.013326605887816145], ['MVGRL', 'heat', 32, 15, 2, 'normalize', 0.1, 0.2, 0.4, 0.001, 0.5, 0.2, 0.5, 0.0001, 512, 512, 0.9657101796114654, 0.9630779118222177, 0.9566447868245664, 0.9549107680346136, 0.8571428656578064, 0.75, 0.7359768152236938, 0.8142856955528259, 0.7480000257492065, 0.7345260977745056, 0.7285658764088613, 0.020072780868422214, 0.68915163687654, 0.03736845217042359, 0.7285658764088614, 0.020072780868422232], ['MVGRL', 'heat', 64, 15, 2, 'normalize', 0.1, 0.2, 0.4, 0.001, 0.5, 0.2, 0.5, 0.0001, 512, 512, 0.9425004359019576, 0.9334812073579986, 0.9330678467138829, 0.924382063726219, 0.8857142925262451, 0.7860000133514404, 0.7635396718978882, 0.8857142925262451, 0.7860000133514404, 0.7625725269317627, 0.7933151962689468, 0.0092050501939137, 0.770493140052477, 0.01309848073431494, 0.7933151962689468, 0.0092050501939137], ['MVGRL', 'heat', 128, 15, 2, 'normalize', 0.1, 0.2, 0.4, 0.001, 0.5, 0.2, 0.5, 0.0001, 512, 512, 0.9788883944032969, 0.9758910873852229, 0.9681992157822913, 0.964375862833763, 0.9714285731315613, 0.7860000133514404, 0.7587040662765503, 0.9428571462631226, 0.7860000133514404, 0.761605441570282, 0.7898173338515352, 0.007782349637487021, 0.7697936825065586, 0.011984605768826708, 0.7898173338515352, 0.007782349637487021], ['MVGRL', 'heat', 256, 15, 2, 'normalize', 0.1, 0.2, 0.4, 0.001, 0.5, 0.2, 0.5, 0.0001, 512, 512, 0.9809297361790282, 0.9779617531408933, 0.9707340609010942, 0.9654065693485041, 0.949999988079071, 0.8240000009536743, 0.771276593208313, 0.9357143044471741, 0.8259999752044678, 0.7741779685020447, 0.8050524679362612, 0.008319681716445967, 0.7879737696978146, 0.007207380029897353, 0.8050524679362612, 0.008319681716445967]]
Epoch=000, loss=0.6928
Epoch=001, loss=0.8274
Epoch=002, loss=0.6701
Epoch=003, loss=0.7294
Epoch=004, loss=0.6622
Epoch=005, loss=0.6442
Epoch=006, loss=0.6673
Epoch=007, loss=0.6574
Epoch=008, loss=0.6255
Epoch=009, loss=0.6105
Epoch=010, loss=0.6193
Epoch=011, loss=0.6138
Epoch=012, loss=0.5828
Epoch=013, loss=0.5713
Epoch=014, loss=0.5746
Epoch=015, loss=0.5598
Epoch=016, loss=0.5380
Epoch=017, loss=0.5219
Epoch=018, loss=0.5252
Epoch=019, loss=0.5044
Epoch=020, loss=0.4862
Epoch=021, loss=0.4780
Epoch=022, loss=0.4679
Epoch=023, loss=0.4433
Epoch=024, loss=0.4393
Epoch=025, loss=0.4299
Epoch=026, loss=0.4128
Epoch=027, loss=0.4007
Epoch=028, loss=0.3968
Epoch=029, loss=0.3853
Epoch=030, loss=0.3758
Epoch=031, loss=0.3616
Epoch=032, loss=0.3555
Epoch=033, loss=0.3391
Epoch=034, loss=0.3318
Epoch=035, loss=0.3259
Epoch=036, loss=0.3140
Epoch=037, loss=0.3051
Epoch=038, loss=0.3001
Epoch=039, loss=0.2884
Epoch=040, loss=0.2822
Epoch=041, loss=0.2764
Epoch=042, loss=0.2675
Epoch=043, loss=0.2606
Epoch=044, loss=0.2502
Epoch=045, loss=0.2482
Epoch=046, loss=0.2389
Epoch=047, loss=0.2277
Epoch=048, loss=0.2291
Epoch=049, loss=0.2263
Epoch=050, loss=0.2129
Epoch=051, loss=0.2133
Epoch=052, loss=0.2039
Epoch=053, loss=0.1973
Epoch=054, loss=0.1960
Epoch=055, loss=0.1972
Epoch=056, loss=0.1853
Epoch=057, loss=0.1851
Epoch=058, loss=0.1726
Epoch=059, loss=0.1685
Epoch=060, loss=0.1723
Epoch=061, loss=0.1636
Epoch=062, loss=0.1649
Epoch=063, loss=0.1577
Epoch=064, loss=0.1527
Epoch=065, loss=0.1551
Epoch=066, loss=0.1504
Epoch=067, loss=0.1494
Epoch=068, loss=0.1428
Epoch=069, loss=0.1357
Epoch=070, loss=0.1359
Epoch=071, loss=0.1345
Epoch=072, loss=0.1293
Epoch=073, loss=0.1344
Epoch=074, loss=0.1330
Epoch=075, loss=0.1325
Epoch=076, loss=0.1250
Epoch=077, loss=0.1211
Epoch=078, loss=0.1238
Epoch=079, loss=0.1209
Epoch=080, loss=0.1193
Epoch=081, loss=0.1173
Epoch=082, loss=0.1145
Epoch=083, loss=0.1136
Epoch=084, loss=0.1095
Epoch=085, loss=0.1122
Epoch=086, loss=0.1101
Epoch=087, loss=0.1078
Epoch=088, loss=0.1109
Epoch=089, loss=0.1059
Epoch=090, loss=0.0958
Epoch=091, loss=0.1056
Epoch=092, loss=0.0997
Epoch=093, loss=0.0995
Epoch=094, loss=0.1003
Epoch=095, loss=0.0978
Epoch=096, loss=0.0962
Epoch=097, loss=0.1010
Epoch=098, loss=0.0958
Epoch=099, loss=0.0963
Epoch=100, loss=0.0895
Epoch=101, loss=0.0879
Epoch=102, loss=0.0913
Epoch=103, loss=0.0937
Epoch=104, loss=0.0890
Epoch=105, loss=0.0840
Epoch=106, loss=0.0881
Epoch=107, loss=0.0849
Epoch=108, loss=0.0839
Epoch=109, loss=0.0830
Epoch=110, loss=0.0808
Epoch=111, loss=0.0852
Epoch=112, loss=0.0816
Epoch=113, loss=0.0837
Epoch=114, loss=0.0811
Epoch=115, loss=0.0817
Epoch=116, loss=0.0811
Epoch=117, loss=0.0782
Epoch=118, loss=0.0771
Epoch=119, loss=0.0769
Epoch=120, loss=0.0809
Epoch=121, loss=0.0816
Epoch=122, loss=0.0743
Epoch=123, loss=0.0796
Epoch=124, loss=0.0747
Epoch=125, loss=0.0791
Epoch=126, loss=0.0716
Epoch=127, loss=0.0711
Epoch=128, loss=0.0728
Epoch=129, loss=0.0721
Epoch=130, loss=0.0699
Epoch=131, loss=0.0673
Epoch=132, loss=0.0755
Epoch=133, loss=0.0702
Epoch=134, loss=0.0679
Epoch=135, loss=0.0669
Epoch=136, loss=0.0676
Epoch=137, loss=0.0699
Epoch=138, loss=0.0691
Epoch=139, loss=0.0679
Epoch=140, loss=0.0709
Epoch=141, loss=0.0653
Epoch=142, loss=0.0671
Epoch=143, loss=0.0690
Epoch=144, loss=0.0642
Epoch=145, loss=0.0651
Epoch=146, loss=0.0662
Epoch=147, loss=0.0662
Epoch=148, loss=0.0663
Epoch=149, loss=0.0632
Epoch=150, loss=0.0702
Epoch=151, loss=0.0640
Epoch=152, loss=0.0625
Epoch=153, loss=0.0662
Epoch=154, loss=0.0628
Epoch=155, loss=0.0663
Epoch=156, loss=0.0605
Epoch=157, loss=0.0606
Epoch=158, loss=0.0610
Epoch=159, loss=0.0596
Epoch=160, loss=0.0610
Epoch=161, loss=0.0625
Epoch=162, loss=0.0609
Epoch=163, loss=0.0568
Epoch=164, loss=0.0615
Epoch=165, loss=0.0573
Epoch=166, loss=0.0547
Epoch=167, loss=0.0576
Epoch=168, loss=0.0548
Epoch=169, loss=0.0563
Epoch=170, loss=0.0592
Epoch=171, loss=0.0584
Epoch=172, loss=0.0532
Epoch=173, loss=0.0592
Epoch=174, loss=0.0547
Epoch=175, loss=0.0583
Epoch=176, loss=0.0564
Epoch=177, loss=0.0546
Epoch=178, loss=0.0511
Epoch=179, loss=0.0577
Epoch=180, loss=0.0533
Epoch=181, loss=0.0554
Epoch=182, loss=0.0559
Epoch=183, loss=0.0528
Epoch=184, loss=0.0529
Epoch=185, loss=0.0511
Epoch=186, loss=0.0560
Epoch=187, loss=0.0509
Epoch=188, loss=0.0498
Epoch=189, loss=0.0510
Epoch=190, loss=0.0501
Epoch=191, loss=0.0554
Epoch=192, loss=0.0507
Epoch=193, loss=0.0540
Epoch=194, loss=0.0471
Epoch=195, loss=0.0513
Epoch=196, loss=0.0537
Epoch=197, loss=0.0506
Epoch=198, loss=0.0482
Epoch=199, loss=0.0476
Epoch=200, loss=0.0531
Epoch=201, loss=0.0471
Epoch=202, loss=0.0487
Epoch=203, loss=0.0515
Epoch=204, loss=0.0492
Epoch=205, loss=0.0468
Epoch=206, loss=0.0491
Epoch=207, loss=0.0449
Epoch=208, loss=0.0472
Epoch=209, loss=0.0499
Epoch=210, loss=0.0516
Epoch=211, loss=0.0486
Epoch=212, loss=0.0421
Epoch=213, loss=0.0478
Epoch=214, loss=0.0509
Epoch=215, loss=0.0522
Epoch=216, loss=0.0472
Epoch=217, loss=0.0436
Epoch=218, loss=0.0452
Epoch=219, loss=0.0477
Epoch=220, loss=0.0450
Epoch=221, loss=0.0437
Epoch=222, loss=0.0427
Epoch=223, loss=0.0519
Epoch=224, loss=0.0500
Epoch=225, loss=0.0379
Epoch=226, loss=0.0424
Epoch=227, loss=0.0451
Epoch=228, loss=0.0436
Epoch=229, loss=0.0449
Epoch=230, loss=0.0478
Epoch=231, loss=0.0474
Epoch=232, loss=0.0411
Epoch=233, loss=0.0496
Epoch=234, loss=0.0435
Epoch=235, loss=0.0457
Epoch=236, loss=0.0436
Epoch=237, loss=0.0417
Epoch=238, loss=0.0449
Epoch=239, loss=0.0457
Epoch=240, loss=0.0414
Epoch=241, loss=0.0475
Epoch=242, loss=0.0395
Epoch=243, loss=0.0422
Epoch=244, loss=0.0417
Epoch=245, loss=0.0383
Early stopping!
Loading 225th epoch
Early stopping!
Start to test process.
done with the edge prediction
done with the node prediction
done with the second node prediction
(E) | label_classification: F1Mi=0.8072+-0.0077, F1Ma=0.7908+-0.0115, acc=0.8072+-0.0077
[['MVGRL', 'heat', 16, 15, 2, 'normalize', 0.1, 0.2, 0.4, 0.001, 0.5, 0.2, 0.5, 0.0001, 512, 512, 0.8698231181347924, 0.8598182193422996, 0.8399843012432981, 0.8300959008141205, 0.7714285850524902, 0.6740000247955322, 0.624758243560791, 0.75, 0.6700000166893005, 0.6175048351287842, 0.6347454333462885, 0.013326605887816145, 0.548592188869357, 0.03345793009034363, 0.6347454333462885, 0.013326605887816145], ['MVGRL', 'heat', 32, 15, 2, 'normalize', 0.1, 0.2, 0.4, 0.001, 0.5, 0.2, 0.5, 0.0001, 512, 512, 0.9657101796114654, 0.9630779118222177, 0.9566447868245664, 0.9549107680346136, 0.8571428656578064, 0.75, 0.7359768152236938, 0.8142856955528259, 0.7480000257492065, 0.7345260977745056, 0.7285658764088613, 0.020072780868422214, 0.68915163687654, 0.03736845217042359, 0.7285658764088614, 0.020072780868422232], ['MVGRL', 'heat', 64, 15, 2, 'normalize', 0.1, 0.2, 0.4, 0.001, 0.5, 0.2, 0.5, 0.0001, 512, 512, 0.9425004359019576, 0.9334812073579986, 0.9330678467138829, 0.924382063726219, 0.8857142925262451, 0.7860000133514404, 0.7635396718978882, 0.8857142925262451, 0.7860000133514404, 0.7625725269317627, 0.7933151962689468, 0.0092050501939137, 0.770493140052477, 0.01309848073431494, 0.7933151962689468, 0.0092050501939137], ['MVGRL', 'heat', 128, 15, 2, 'normalize', 0.1, 0.2, 0.4, 0.001, 0.5, 0.2, 0.5, 0.0001, 512, 512, 0.9788883944032969, 0.9758910873852229, 0.9681992157822913, 0.964375862833763, 0.9714285731315613, 0.7860000133514404, 0.7587040662765503, 0.9428571462631226, 0.7860000133514404, 0.761605441570282, 0.7898173338515352, 0.007782349637487021, 0.7697936825065586, 0.011984605768826708, 0.7898173338515352, 0.007782349637487021], ['MVGRL', 'heat', 256, 15, 2, 'normalize', 0.1, 0.2, 0.4, 0.001, 0.5, 0.2, 0.5, 0.0001, 512, 512, 0.9809297361790282, 0.9779617531408933, 0.9707340609010942, 0.9654065693485041, 0.949999988079071, 0.8240000009536743, 0.771276593208313, 0.9357143044471741, 0.8259999752044678, 0.7741779685020447, 0.8050524679362612, 0.008319681716445967, 0.7879737696978146, 0.007207380029897353, 0.8050524679362612, 0.008319681716445967], ['MVGRL', 'heat', 512, 15, 2, 'normalize', 0.1, 0.2, 0.4, 0.001, 0.5, 0.2, 0.5, 0.0001, 512, 512, 0.9902360443853444, 0.9892084663873169, 0.9762826352307465, 0.9745287281515557, 0.9357143044471741, 0.828000009059906, 0.8046421408653259, 0.9357143044471741, 0.828000009059906, 0.8060928583145142, 0.8072289156626506, 0.007722337633591751, 0.7908454657534902, 0.011505633864642156, 0.8072289156626506, 0.007722337633591783]]
