My SLURM_ARRAY_TASK_ID:  1
My SLURM_ARRAY_JOB_ID:  4522329
MVGRL
Cora
result file is 4522329_1
Dataset: Cora():
======================
Number of graphs: 1
Number of features: 1433
Number of classes: 7
Data(x=[2708, 1433], edge_index=[2, 10556], y=[2708], train_mask=[2708], val_mask=[2708], test_mask=[2708])
==============================================================
Number of nodes: 2708
Number of edges: 10556
Average node degree: 3.90
Number of training nodes: 140
Training node label rate: 0.05
Contains isolated nodes: False
Contains self-loops: False
Is undirected: True
Epoch=000, loss=0.6938
Epoch=001, loss=0.6932
Epoch=002, loss=0.6930
Epoch=003, loss=0.6926
Epoch=004, loss=0.6921
Epoch=005, loss=0.6919
Epoch=006, loss=0.6914
Epoch=007, loss=0.6912
Epoch=008, loss=0.6909
Epoch=009, loss=0.6904
Epoch=010, loss=0.6901
Epoch=011, loss=0.6897
Epoch=012, loss=0.6891
Epoch=013, loss=0.6887
Epoch=014, loss=0.6882
Epoch=015, loss=0.6880
Epoch=016, loss=0.6874
Epoch=017, loss=0.6869
Epoch=018, loss=0.6861
Epoch=019, loss=0.6860
Epoch=020, loss=0.6853
Epoch=021, loss=0.6841
Epoch=022, loss=0.6835
Epoch=023, loss=0.6832
Epoch=024, loss=0.6815
Epoch=025, loss=0.6812
Epoch=026, loss=0.6806
Epoch=027, loss=0.6798
Epoch=028, loss=0.6793
Epoch=029, loss=0.6783
Epoch=030, loss=0.6772
Epoch=031, loss=0.6766
Epoch=032, loss=0.6751
Epoch=033, loss=0.6749
Epoch=034, loss=0.6726
Epoch=035, loss=0.6720
Epoch=036, loss=0.6716
Epoch=037, loss=0.6711
Epoch=038, loss=0.6692
Epoch=039, loss=0.6686
Epoch=040, loss=0.6668
Epoch=041, loss=0.6664
Epoch=042, loss=0.6662
Epoch=043, loss=0.6639
Epoch=044, loss=0.6635
Epoch=045, loss=0.6622
Epoch=046, loss=0.6604
Epoch=047, loss=0.6591
Epoch=048, loss=0.6567
Epoch=049, loss=0.6576
Epoch=050, loss=0.6575
Epoch=051, loss=0.6519
Epoch=052, loss=0.6535
Epoch=053, loss=0.6497
Epoch=054, loss=0.6481
Epoch=055, loss=0.6476
Epoch=056, loss=0.6473
Epoch=057, loss=0.6451
Epoch=058, loss=0.6441
Epoch=059, loss=0.6420
Epoch=060, loss=0.6393
Epoch=061, loss=0.6390
Epoch=062, loss=0.6375
Epoch=063, loss=0.6352
Epoch=064, loss=0.6338
Epoch=065, loss=0.6324
Epoch=066, loss=0.6320
Epoch=067, loss=0.6284
Epoch=068, loss=0.6284
Epoch=069, loss=0.6295
Epoch=070, loss=0.6279
Epoch=071, loss=0.6219
Epoch=072, loss=0.6211
Epoch=073, loss=0.6247
Epoch=074, loss=0.6187
Epoch=075, loss=0.6185
Epoch=076, loss=0.6132
Epoch=077, loss=0.6127
Epoch=078, loss=0.6143
Epoch=079, loss=0.6108
Epoch=080, loss=0.6106
Epoch=081, loss=0.6042
Epoch=082, loss=0.6075
Epoch=083, loss=0.6059
Epoch=084, loss=0.6001
Epoch=085, loss=0.6018
Epoch=086, loss=0.6008
Epoch=087, loss=0.6007
Epoch=088, loss=0.5968
Epoch=089, loss=0.5966
Epoch=090, loss=0.5930
Epoch=091, loss=0.5935
Epoch=092, loss=0.5927
Epoch=093, loss=0.5860
Epoch=094, loss=0.5845
Epoch=095, loss=0.5840
Epoch=096, loss=0.5819
Epoch=097, loss=0.5802
Epoch=098, loss=0.5812
Epoch=099, loss=0.5801
Epoch=100, loss=0.5734
Epoch=101, loss=0.5746
Epoch=102, loss=0.5750
Epoch=103, loss=0.5761
Epoch=104, loss=0.5672
Epoch=105, loss=0.5700
Epoch=106, loss=0.5692
Epoch=107, loss=0.5648
Epoch=108, loss=0.5669
Epoch=109, loss=0.5624
Epoch=110, loss=0.5615
Epoch=111, loss=0.5619
Epoch=112, loss=0.5562
Epoch=113, loss=0.5515
Epoch=114, loss=0.5525
Epoch=115, loss=0.5550
Epoch=116, loss=0.5521
Epoch=117, loss=0.5473
Epoch=118, loss=0.5485
Epoch=119, loss=0.5429
Epoch=120, loss=0.5519
Epoch=121, loss=0.5452
Epoch=122, loss=0.5396
Epoch=123, loss=0.5393
Epoch=124, loss=0.5362
Epoch=125, loss=0.5420
Epoch=126, loss=0.5379
Epoch=127, loss=0.5338
Epoch=128, loss=0.5354
Epoch=129, loss=0.5282
Epoch=130, loss=0.5284
Epoch=131, loss=0.5270
Epoch=132, loss=0.5280
Epoch=133, loss=0.5252
Epoch=134, loss=0.5221
Epoch=135, loss=0.5214
Epoch=136, loss=0.5172
Epoch=137, loss=0.5154
Epoch=138, loss=0.5154
Epoch=139, loss=0.5156
Epoch=140, loss=0.5169
Epoch=141, loss=0.5096
Epoch=142, loss=0.5127
Epoch=143, loss=0.5072
Epoch=144, loss=0.5092
Epoch=145, loss=0.5046
Epoch=146, loss=0.5024
Epoch=147, loss=0.5044
Epoch=148, loss=0.4991
Epoch=149, loss=0.5017
Epoch=150, loss=0.5005
Epoch=151, loss=0.4948
Epoch=152, loss=0.4964
Epoch=153, loss=0.4946
Epoch=154, loss=0.4929
Epoch=155, loss=0.4877
Epoch=156, loss=0.4899
Epoch=157, loss=0.4830
Epoch=158, loss=0.4884
Epoch=159, loss=0.4885
Epoch=160, loss=0.4863
Epoch=161, loss=0.4808
Epoch=162, loss=0.4842
Epoch=163, loss=0.4823
Epoch=164, loss=0.4772
Epoch=165, loss=0.4828
Epoch=166, loss=0.4742
Epoch=167, loss=0.4808
Epoch=168, loss=0.4716
Epoch=169, loss=0.4713
Epoch=170, loss=0.4689
Epoch=171, loss=0.4694
Epoch=172, loss=0.4699
Epoch=173, loss=0.4630
Epoch=174, loss=0.4636
Epoch=175, loss=0.4619
Epoch=176, loss=0.4688
Epoch=177, loss=0.4589
Epoch=178, loss=0.4548
Epoch=179, loss=0.4580
Epoch=180, loss=0.4612
Epoch=181, loss=0.4616
Epoch=182, loss=0.4518
Epoch=183, loss=0.4538
Epoch=184, loss=0.4492
Epoch=185, loss=0.4539
Epoch=186, loss=0.4466
Epoch=187, loss=0.4461
Epoch=188, loss=0.4508
Epoch=189, loss=0.4470
Epoch=190, loss=0.4415
Epoch=191, loss=0.4434
Epoch=192, loss=0.4424
Epoch=193, loss=0.4402
Epoch=194, loss=0.4476
Epoch=195, loss=0.4375
Epoch=196, loss=0.4391
Epoch=197, loss=0.4371
Epoch=198, loss=0.4321
Epoch=199, loss=0.4359
Epoch=200, loss=0.4292
Epoch=201, loss=0.4293
Epoch=202, loss=0.4334
Epoch=203, loss=0.4311
Epoch=204, loss=0.4267
Epoch=205, loss=0.4284
Epoch=206, loss=0.4253
Epoch=207, loss=0.4259
Epoch=208, loss=0.4242
Epoch=209, loss=0.4234
Epoch=210, loss=0.4197
Epoch=211, loss=0.4178
Epoch=212, loss=0.4193
Epoch=213, loss=0.4208
Epoch=214, loss=0.4158
Epoch=215, loss=0.4144
Epoch=216, loss=0.4160
Epoch=217, loss=0.4083
Epoch=218, loss=0.4098
Epoch=219, loss=0.4105
Epoch=220, loss=0.4113
Epoch=221, loss=0.4060
Epoch=222, loss=0.4138
Epoch=223, loss=0.4063
Epoch=224, loss=0.4019
Epoch=225, loss=0.4057
Epoch=226, loss=0.4031
Epoch=227, loss=0.4035
Epoch=228, loss=0.4074
Epoch=229, loss=0.4033
Epoch=230, loss=0.4028
Epoch=231, loss=0.4018
Epoch=232, loss=0.3963
Epoch=233, loss=0.3941
Epoch=234, loss=0.3925
Epoch=235, loss=0.3925
Epoch=236, loss=0.3878
Epoch=237, loss=0.3876
Epoch=238, loss=0.3935
Epoch=239, loss=0.3959
Epoch=240, loss=0.3863
Epoch=241, loss=0.3853
Epoch=242, loss=0.3869
Epoch=243, loss=0.3855
Epoch=244, loss=0.3883
Epoch=245, loss=0.3822
Epoch=246, loss=0.3858
Epoch=247, loss=0.3812
Epoch=248, loss=0.3847
Epoch=249, loss=0.3827
Epoch=250, loss=0.3805
Epoch=251, loss=0.3780
Epoch=252, loss=0.3792
Epoch=253, loss=0.3724
Epoch=254, loss=0.3738
Epoch=255, loss=0.3716
Epoch=256, loss=0.3729
Epoch=257, loss=0.3707
Epoch=258, loss=0.3727
Epoch=259, loss=0.3718
Epoch=260, loss=0.3679
Epoch=261, loss=0.3717
Epoch=262, loss=0.3665
Epoch=263, loss=0.3636
Epoch=264, loss=0.3638
Epoch=265, loss=0.3645
Epoch=266, loss=0.3673
Epoch=267, loss=0.3596
Epoch=268, loss=0.3650
Epoch=269, loss=0.3581
Epoch=270, loss=0.3592
Epoch=271, loss=0.3620
Epoch=272, loss=0.3600
Epoch=273, loss=0.3587
Epoch=274, loss=0.3599
Epoch=275, loss=0.3578
Epoch=276, loss=0.3557
Epoch=277, loss=0.3547
Epoch=278, loss=0.3543
Epoch=279, loss=0.3511
Epoch=280, loss=0.3508
Epoch=281, loss=0.3500
Epoch=282, loss=0.3485
Epoch=283, loss=0.3535
Epoch=284, loss=0.3480
Epoch=285, loss=0.3516
Epoch=286, loss=0.3428
Epoch=287, loss=0.3475
Epoch=288, loss=0.3454
Epoch=289, loss=0.3438
Epoch=290, loss=0.3419
Epoch=291, loss=0.3427
Epoch=292, loss=0.3427
Epoch=293, loss=0.3419
Epoch=294, loss=0.3375
Epoch=295, loss=0.3429
Epoch=296, loss=0.3360
Epoch=297, loss=0.3395
Epoch=298, loss=0.3365
Epoch=299, loss=0.3368
Epoch=300, loss=0.3319
Epoch=301, loss=0.3298
Epoch=302, loss=0.3346
Epoch=303, loss=0.3321
Epoch=304, loss=0.3329
Epoch=305, loss=0.3277
Epoch=306, loss=0.3292
Epoch=307, loss=0.3320
Epoch=308, loss=0.3260
Epoch=309, loss=0.3309
Epoch=310, loss=0.3257
Epoch=311, loss=0.3192
Epoch=312, loss=0.3254
Epoch=313, loss=0.3223
Epoch=314, loss=0.3292
Epoch=315, loss=0.3240
Epoch=316, loss=0.3206
Epoch=317, loss=0.3145
Epoch=318, loss=0.3181
Epoch=319, loss=0.3232
Epoch=320, loss=0.3196
Epoch=321, loss=0.3204
Epoch=322, loss=0.3183
Epoch=323, loss=0.3130
Epoch=324, loss=0.3151
Epoch=325, loss=0.3131
Epoch=326, loss=0.3157
Epoch=327, loss=0.3131
Epoch=328, loss=0.3129
Epoch=329, loss=0.3157
Epoch=330, loss=0.3104
Epoch=331, loss=0.3056
Epoch=332, loss=0.3117
Epoch=333, loss=0.3019
Epoch=334, loss=0.3077
Epoch=335, loss=0.3069
Epoch=336, loss=0.3021
Epoch=337, loss=0.3046
Epoch=338, loss=0.3013
Epoch=339, loss=0.3001
Epoch=340, loss=0.3059
Epoch=341, loss=0.3009
Epoch=342, loss=0.2978
Epoch=343, loss=0.3010
Epoch=344, loss=0.3039
Epoch=345, loss=0.2981
Epoch=346, loss=0.2961
Epoch=347, loss=0.2955
Epoch=348, loss=0.2985
Epoch=349, loss=0.2977
Epoch=350, loss=0.2945
Epoch=351, loss=0.2963
Epoch=352, loss=0.2960
Epoch=353, loss=0.2955
Epoch=354, loss=0.2951
Epoch=355, loss=0.2918
Epoch=356, loss=0.2900
Epoch=357, loss=0.2901
Epoch=358, loss=0.2886
Epoch=359, loss=0.2862
Epoch=360, loss=0.2865
Epoch=361, loss=0.2901
Epoch=362, loss=0.2849
Epoch=363, loss=0.2849
Epoch=364, loss=0.2827
Epoch=365, loss=0.2853
Epoch=366, loss=0.2849
Epoch=367, loss=0.2883
Epoch=368, loss=0.2863
Epoch=369, loss=0.2851
Epoch=370, loss=0.2829
Epoch=371, loss=0.2832
Epoch=372, loss=0.2759
Epoch=373, loss=0.2763
Epoch=374, loss=0.2798
Epoch=375, loss=0.2834
Epoch=376, loss=0.2831
Epoch=377, loss=0.2779
Epoch=378, loss=0.2771
Epoch=379, loss=0.2744
Epoch=380, loss=0.2774
Epoch=381, loss=0.2703
Epoch=382, loss=0.2738
Epoch=383, loss=0.2720
Epoch=384, loss=0.2765
Epoch=385, loss=0.2717
Epoch=386, loss=0.2687
Epoch=387, loss=0.2696
Epoch=388, loss=0.2698
Epoch=389, loss=0.2709
Epoch=390, loss=0.2624
Epoch=391, loss=0.2711
Epoch=392, loss=0.2653
Epoch=393, loss=0.2656
Epoch=394, loss=0.2692
Epoch=395, loss=0.2673
Epoch=396, loss=0.2643
Epoch=397, loss=0.2677
Epoch=398, loss=0.2620
Epoch=399, loss=0.2636
Epoch=400, loss=0.2602
Epoch=401, loss=0.2640
Epoch=402, loss=0.2644
Epoch=403, loss=0.2604
Epoch=404, loss=0.2640
Epoch=405, loss=0.2573
Epoch=406, loss=0.2595
Epoch=407, loss=0.2614
Epoch=408, loss=0.2570
Epoch=409, loss=0.2609
Epoch=410, loss=0.2565
Epoch=411, loss=0.2543
Epoch=412, loss=0.2508
Epoch=413, loss=0.2612
Epoch=414, loss=0.2547
Epoch=415, loss=0.2569
Epoch=416, loss=0.2535
Epoch=417, loss=0.2487
Epoch=418, loss=0.2510
Epoch=419, loss=0.2510
Epoch=420, loss=0.2498
Epoch=421, loss=0.2568
Epoch=422, loss=0.2482
Epoch=423, loss=0.2495
Epoch=424, loss=0.2463
Epoch=425, loss=0.2455
Epoch=426, loss=0.2493
Epoch=427, loss=0.2456
Epoch=428, loss=0.2483
Epoch=429, loss=0.2418
Epoch=430, loss=0.2464
Epoch=431, loss=0.2446
Epoch=432, loss=0.2477
Epoch=433, loss=0.2422
Epoch=434, loss=0.2418
Epoch=435, loss=0.2420
Epoch=436, loss=0.2424
Epoch=437, loss=0.2392
Epoch=438, loss=0.2425
Epoch=439, loss=0.2373
Epoch=440, loss=0.2370
Epoch=441, loss=0.2375
Epoch=442, loss=0.2340
Epoch=443, loss=0.2370
Epoch=444, loss=0.2344
Epoch=445, loss=0.2355
Epoch=446, loss=0.2347
Epoch=447, loss=0.2312
Epoch=448, loss=0.2353
Epoch=449, loss=0.2362
Epoch=450, loss=0.2333
Epoch=451, loss=0.2348
Epoch=452, loss=0.2311
Epoch=453, loss=0.2301
Epoch=454, loss=0.2292
Epoch=455, loss=0.2277
Epoch=456, loss=0.2251
Epoch=457, loss=0.2305
Epoch=458, loss=0.2276
Epoch=459, loss=0.2335
Epoch=460, loss=0.2277
Epoch=461, loss=0.2264
Epoch=462, loss=0.2311
Epoch=463, loss=0.2241
Epoch=464, loss=0.2250
Epoch=465, loss=0.2276
Epoch=466, loss=0.2236
Epoch=467, loss=0.2293
Epoch=468, loss=0.2255
Epoch=469, loss=0.2220
Epoch=470, loss=0.2211
Epoch=471, loss=0.2211
Epoch=472, loss=0.2181
Epoch=473, loss=0.2208
Epoch=474, loss=0.2211
Epoch=475, loss=0.2198
Epoch=476, loss=0.2195
Epoch=477, loss=0.2240
Epoch=478, loss=0.2188
Epoch=479, loss=0.2215
Epoch=480, loss=0.2181
Epoch=481, loss=0.2156
Epoch=482, loss=0.2263
Epoch=483, loss=0.2159
Epoch=484, loss=0.2215
Epoch=485, loss=0.2180
Epoch=486, loss=0.2148
Epoch=487, loss=0.2207
Epoch=488, loss=0.2154
Epoch=489, loss=0.2098
Epoch=490, loss=0.2113
Epoch=491, loss=0.2090
Epoch=492, loss=0.2200
Epoch=493, loss=0.2084
Epoch=494, loss=0.2130
Epoch=495, loss=0.2069
Epoch=496, loss=0.2163
Epoch=497, loss=0.2101
Epoch=498, loss=0.2141
Epoch=499, loss=0.2115
Loading 495th epoch
Early stopping!
Start to test process.
done with the edge prediction
done with the node prediction
done with the second node prediction
(E) | label_classification: F1Mi=0.6234+-0.0255, F1Ma=0.5613+-0.0259, acc=0.6234+-0.0255
[['MVGRL', 'heat', 16, 15, 2, 'normalize', 0.1, 0.2, 0.4, 0.001, 0.5, 0.2, 0.5, 0.0001, 512, 512, 0.9388151032978417, 0.9375479755317188, 0.9266083124196609, 0.9234591852952199, 0.75, 0.6499999761581421, 0.6165376901626587, 0.7428571581840515, 0.6439999938011169, 0.6102514266967773, 0.6233968130586864, 0.025534129446141793, 0.5613219336619502, 0.025901078938069647, 0.6233968130586864, 0.025534129446141793]]
Epoch=000, loss=0.6955
Epoch=001, loss=0.6942
Epoch=002, loss=0.6932
Epoch=003, loss=0.6928
Epoch=004, loss=0.6916
Epoch=005, loss=0.6910
Epoch=006, loss=0.6901
Epoch=007, loss=0.6891
Epoch=008, loss=0.6882
Epoch=009, loss=0.6871
Epoch=010, loss=0.6854
Epoch=011, loss=0.6843
Epoch=012, loss=0.6830
Epoch=013, loss=0.6822
Epoch=014, loss=0.6803
Epoch=015, loss=0.6792
Epoch=016, loss=0.6772
Epoch=017, loss=0.6747
Epoch=018, loss=0.6739
Epoch=019, loss=0.6712
Epoch=020, loss=0.6702
Epoch=021, loss=0.6676
Epoch=022, loss=0.6653
Epoch=023, loss=0.6654
Epoch=024, loss=0.6624
Epoch=025, loss=0.6583
Epoch=026, loss=0.6574
Epoch=027, loss=0.6540
Epoch=028, loss=0.6533
Epoch=029, loss=0.6496
Epoch=030, loss=0.6461
Epoch=031, loss=0.6463
Epoch=032, loss=0.6444
Epoch=033, loss=0.6414
Epoch=034, loss=0.6397
Epoch=035, loss=0.6364
Epoch=036, loss=0.6329
Epoch=037, loss=0.6292
Epoch=038, loss=0.6259
Epoch=039, loss=0.6235
Epoch=040, loss=0.6205
Epoch=041, loss=0.6163
Epoch=042, loss=0.6170
Epoch=043, loss=0.6114
Epoch=044, loss=0.6082
Epoch=045, loss=0.6041
Epoch=046, loss=0.6050
Epoch=047, loss=0.6002
Epoch=048, loss=0.5988
Epoch=049, loss=0.5944
Epoch=050, loss=0.5901
Epoch=051, loss=0.5913
Epoch=052, loss=0.5879
Epoch=053, loss=0.5806
Epoch=054, loss=0.5781
Epoch=055, loss=0.5803
Epoch=056, loss=0.5745
Epoch=057, loss=0.5701
Epoch=058, loss=0.5697
Epoch=059, loss=0.5644
Epoch=060, loss=0.5608
Epoch=061, loss=0.5600
Epoch=062, loss=0.5589
Epoch=063, loss=0.5522
Epoch=064, loss=0.5447
Epoch=065, loss=0.5513
Epoch=066, loss=0.5495
Epoch=067, loss=0.5427
Epoch=068, loss=0.5445
Epoch=069, loss=0.5365
Epoch=070, loss=0.5326
Epoch=071, loss=0.5357
Epoch=072, loss=0.5265
Epoch=073, loss=0.5294
Epoch=074, loss=0.5241
Epoch=075, loss=0.5180
Epoch=076, loss=0.5185
Epoch=077, loss=0.5145
Epoch=078, loss=0.5150
Epoch=079, loss=0.5046
Epoch=080, loss=0.5063
Epoch=081, loss=0.5040
Epoch=082, loss=0.5010
Epoch=083, loss=0.4968
Epoch=084, loss=0.4989
Epoch=085, loss=0.5002
Epoch=086, loss=0.4894
Epoch=087, loss=0.4901
Epoch=088, loss=0.4870
Epoch=089, loss=0.4846
Epoch=090, loss=0.4849
Epoch=091, loss=0.4806
Epoch=092, loss=0.4780
Epoch=093, loss=0.4757
Epoch=094, loss=0.4696
Epoch=095, loss=0.4706
Epoch=096, loss=0.4673
Epoch=097, loss=0.4665
Epoch=098, loss=0.4624
Epoch=099, loss=0.4640
Epoch=100, loss=0.4571
Epoch=101, loss=0.4579
Epoch=102, loss=0.4564
Epoch=103, loss=0.4479
Epoch=104, loss=0.4509
Epoch=105, loss=0.4440
Epoch=106, loss=0.4460
Epoch=107, loss=0.4451
Epoch=108, loss=0.4387
Epoch=109, loss=0.4421
Epoch=110, loss=0.4370
Epoch=111, loss=0.4305
Epoch=112, loss=0.4288
Epoch=113, loss=0.4364
Epoch=114, loss=0.4255
Epoch=115, loss=0.4249
Epoch=116, loss=0.4270
Epoch=117, loss=0.4254
Epoch=118, loss=0.4240
Epoch=119, loss=0.4176
Epoch=120, loss=0.4132
Epoch=121, loss=0.4126
Epoch=122, loss=0.4130
Epoch=123, loss=0.4105
Epoch=124, loss=0.4089
Epoch=125, loss=0.4083
Epoch=126, loss=0.4040
Epoch=127, loss=0.4013
Epoch=128, loss=0.4008
Epoch=129, loss=0.3971
Epoch=130, loss=0.3953
Epoch=131, loss=0.3981
Epoch=132, loss=0.3950
Epoch=133, loss=0.3922
Epoch=134, loss=0.3937
Epoch=135, loss=0.3875
Epoch=136, loss=0.3854
Epoch=137, loss=0.3845
Epoch=138, loss=0.3839
Epoch=139, loss=0.3866
Epoch=140, loss=0.3775
Epoch=141, loss=0.3773
Epoch=142, loss=0.3801
Epoch=143, loss=0.3743
Epoch=144, loss=0.3722
Epoch=145, loss=0.3759
Epoch=146, loss=0.3683
Epoch=147, loss=0.3670
Epoch=148, loss=0.3657
Epoch=149, loss=0.3660
Epoch=150, loss=0.3629
Epoch=151, loss=0.3666
Epoch=152, loss=0.3624
Epoch=153, loss=0.3585
Epoch=154, loss=0.3601
Epoch=155, loss=0.3574
Epoch=156, loss=0.3568
Epoch=157, loss=0.3566
Epoch=158, loss=0.3544
Epoch=159, loss=0.3511
Epoch=160, loss=0.3488
Epoch=161, loss=0.3499
Epoch=162, loss=0.3476
Epoch=163, loss=0.3392
Epoch=164, loss=0.3444
Epoch=165, loss=0.3474
Epoch=166, loss=0.3408
Epoch=167, loss=0.3399
Epoch=168, loss=0.3366
Epoch=169, loss=0.3400
Epoch=170, loss=0.3357
Epoch=171, loss=0.3331
Epoch=172, loss=0.3335
Epoch=173, loss=0.3321
Epoch=174, loss=0.3330
Epoch=175, loss=0.3276
Epoch=176, loss=0.3270
Epoch=177, loss=0.3238
Epoch=178, loss=0.3263
Epoch=179, loss=0.3225
Epoch=180, loss=0.3214
Epoch=181, loss=0.3182
Epoch=182, loss=0.3175
Epoch=183, loss=0.3184
Epoch=184, loss=0.3207
Epoch=185, loss=0.3141
Epoch=186, loss=0.3115
Epoch=187, loss=0.3115
Epoch=188, loss=0.3114
Epoch=189, loss=0.3132
Epoch=190, loss=0.3095
Epoch=191, loss=0.3068
Epoch=192, loss=0.3058
Epoch=193, loss=0.3008
Epoch=194, loss=0.3041
Epoch=195, loss=0.3005
Epoch=196, loss=0.3038
Epoch=197, loss=0.3018
Epoch=198, loss=0.3024
Epoch=199, loss=0.2972
Epoch=200, loss=0.2963
Epoch=201, loss=0.2936
Epoch=202, loss=0.2931
Epoch=203, loss=0.2955
Epoch=204, loss=0.2896
Epoch=205, loss=0.2943
Epoch=206, loss=0.2844
Epoch=207, loss=0.2886
Epoch=208, loss=0.2858
Epoch=209, loss=0.2880
Epoch=210, loss=0.2810
Epoch=211, loss=0.2807
Epoch=212, loss=0.2840
Epoch=213, loss=0.2849
Epoch=214, loss=0.2800
Epoch=215, loss=0.2792
Epoch=216, loss=0.2730
Epoch=217, loss=0.2739
Epoch=218, loss=0.2785
Epoch=219, loss=0.2756
Epoch=220, loss=0.2681
Epoch=221, loss=0.2701
Epoch=222, loss=0.2751
Epoch=223, loss=0.2731
Epoch=224, loss=0.2652
Epoch=225, loss=0.2675
Epoch=226, loss=0.2681
Epoch=227, loss=0.2635
Epoch=228, loss=0.2636
Epoch=229, loss=0.2637
Epoch=230, loss=0.2602
Epoch=231, loss=0.2590
Epoch=232, loss=0.2625
Epoch=233, loss=0.2568
Epoch=234, loss=0.2570
Epoch=235, loss=0.2577
Epoch=236, loss=0.2570
Epoch=237, loss=0.2537
Epoch=238, loss=0.2541
Epoch=239, loss=0.2540
Epoch=240, loss=0.2486
Epoch=241, loss=0.2545
Epoch=242, loss=0.2481
Epoch=243, loss=0.2505
Epoch=244, loss=0.2471
Epoch=245, loss=0.2461
Epoch=246, loss=0.2445
Epoch=247, loss=0.2406
Epoch=248, loss=0.2434
Epoch=249, loss=0.2422
Epoch=250, loss=0.2416
Epoch=251, loss=0.2402
Epoch=252, loss=0.2394
Epoch=253, loss=0.2365
Epoch=254, loss=0.2378
Epoch=255, loss=0.2378
Epoch=256, loss=0.2295
Epoch=257, loss=0.2269
Epoch=258, loss=0.2363
Epoch=259, loss=0.2342
Epoch=260, loss=0.2326
Epoch=261, loss=0.2315
Epoch=262, loss=0.2300
Epoch=263, loss=0.2294
Epoch=264, loss=0.2304
Epoch=265, loss=0.2258
Epoch=266, loss=0.2246
Epoch=267, loss=0.2217
Epoch=268, loss=0.2273
Epoch=269, loss=0.2210
Epoch=270, loss=0.2208
Epoch=271, loss=0.2202
Epoch=272, loss=0.2226
Epoch=273, loss=0.2198
Epoch=274, loss=0.2162
Epoch=275, loss=0.2201
Epoch=276, loss=0.2153
Epoch=277, loss=0.2140
Epoch=278, loss=0.2207
Epoch=279, loss=0.2132
Epoch=280, loss=0.2106
Epoch=281, loss=0.2136
Epoch=282, loss=0.2130
Epoch=283, loss=0.2077
Epoch=284, loss=0.2120
Epoch=285, loss=0.2134
Epoch=286, loss=0.2099
Epoch=287, loss=0.2073
Epoch=288, loss=0.2110
Epoch=289, loss=0.2151
Epoch=290, loss=0.2087
Epoch=291, loss=0.2028
Epoch=292, loss=0.2047
Epoch=293, loss=0.2083
Epoch=294, loss=0.2036
Epoch=295, loss=0.2013
Epoch=296, loss=0.2020
Epoch=297, loss=0.2078
Epoch=298, loss=0.2010
Epoch=299, loss=0.1957
Epoch=300, loss=0.1996
Epoch=301, loss=0.1961
Epoch=302, loss=0.1984
Epoch=303, loss=0.1926
Epoch=304, loss=0.1943
Epoch=305, loss=0.1948
Epoch=306, loss=0.1930
Epoch=307, loss=0.1893
Epoch=308, loss=0.1931
Epoch=309, loss=0.1907
Epoch=310, loss=0.1925
Epoch=311, loss=0.1884
Epoch=312, loss=0.1884
Epoch=313, loss=0.1849
Epoch=314, loss=0.1871
Epoch=315, loss=0.1874
Epoch=316, loss=0.1874
Epoch=317, loss=0.1862
Epoch=318, loss=0.1850
Epoch=319, loss=0.1872
Epoch=320, loss=0.1849
Epoch=321, loss=0.1828
Epoch=322, loss=0.1821
Epoch=323, loss=0.1836
Epoch=324, loss=0.1808
Epoch=325, loss=0.1793
Epoch=326, loss=0.1782
Epoch=327, loss=0.1798
Epoch=328, loss=0.1765
Epoch=329, loss=0.1802
Epoch=330, loss=0.1781
Epoch=331, loss=0.1838
Epoch=332, loss=0.1735
Epoch=333, loss=0.1746
Epoch=334, loss=0.1756
Epoch=335, loss=0.1773
Epoch=336, loss=0.1779
Epoch=337, loss=0.1734
Epoch=338, loss=0.1777
Epoch=339, loss=0.1734
Epoch=340, loss=0.1761
Epoch=341, loss=0.1727
Epoch=342, loss=0.1703
Epoch=343, loss=0.1694
Epoch=344, loss=0.1709
Epoch=345, loss=0.1663
Epoch=346, loss=0.1659
Epoch=347, loss=0.1635
Epoch=348, loss=0.1678
Epoch=349, loss=0.1632
Epoch=350, loss=0.1622
Epoch=351, loss=0.1625
Epoch=352, loss=0.1646
Epoch=353, loss=0.1633
Epoch=354, loss=0.1670
Epoch=355, loss=0.1623
Epoch=356, loss=0.1596
Epoch=357, loss=0.1660
Epoch=358, loss=0.1630
Epoch=359, loss=0.1654
Epoch=360, loss=0.1623
Epoch=361, loss=0.1640
Epoch=362, loss=0.1583
Epoch=363, loss=0.1591
Epoch=364, loss=0.1593
Epoch=365, loss=0.1583
Epoch=366, loss=0.1637
Epoch=367, loss=0.1565
Epoch=368, loss=0.1590
Epoch=369, loss=0.1592
Epoch=370, loss=0.1587
Epoch=371, loss=0.1541
Epoch=372, loss=0.1508
Epoch=373, loss=0.1558
Epoch=374, loss=0.1560
Epoch=375, loss=0.1514
Epoch=376, loss=0.1515
Epoch=377, loss=0.1531
Epoch=378, loss=0.1495
Epoch=379, loss=0.1505
Epoch=380, loss=0.1480
Epoch=381, loss=0.1525
Epoch=382, loss=0.1509
Epoch=383, loss=0.1531
Epoch=384, loss=0.1505
Epoch=385, loss=0.1491
Epoch=386, loss=0.1436
Epoch=387, loss=0.1471
Epoch=388, loss=0.1460
Epoch=389, loss=0.1471
Epoch=390, loss=0.1452
Epoch=391, loss=0.1416
Epoch=392, loss=0.1468
Epoch=393, loss=0.1460
Epoch=394, loss=0.1450
Epoch=395, loss=0.1443
Epoch=396, loss=0.1464
Epoch=397, loss=0.1416
Epoch=398, loss=0.1384
Epoch=399, loss=0.1403
Epoch=400, loss=0.1411
Epoch=401, loss=0.1388
Epoch=402, loss=0.1441
Epoch=403, loss=0.1406
Epoch=404, loss=0.1395
Epoch=405, loss=0.1414
Epoch=406, loss=0.1392
Epoch=407, loss=0.1382
Epoch=408, loss=0.1365
Epoch=409, loss=0.1364
Epoch=410, loss=0.1361
Epoch=411, loss=0.1404
Epoch=412, loss=0.1372
Epoch=413, loss=0.1335
Epoch=414, loss=0.1373
Epoch=415, loss=0.1349
Epoch=416, loss=0.1350
Epoch=417, loss=0.1393
Epoch=418, loss=0.1319
Epoch=419, loss=0.1345
Epoch=420, loss=0.1291
Epoch=421, loss=0.1358
Epoch=422, loss=0.1383
Epoch=423, loss=0.1308
Epoch=424, loss=0.1290
Epoch=425, loss=0.1315
Epoch=426, loss=0.1323
Epoch=427, loss=0.1328
Epoch=428, loss=0.1369
Epoch=429, loss=0.1270
Epoch=430, loss=0.1308
Epoch=431, loss=0.1272
Epoch=432, loss=0.1312
Epoch=433, loss=0.1306
Epoch=434, loss=0.1334
Epoch=435, loss=0.1276
Epoch=436, loss=0.1326
Epoch=437, loss=0.1300
Epoch=438, loss=0.1227
Epoch=439, loss=0.1298
Epoch=440, loss=0.1317
Epoch=441, loss=0.1257
Epoch=442, loss=0.1251
Epoch=443, loss=0.1276
Epoch=444, loss=0.1250
Epoch=445, loss=0.1212
Epoch=446, loss=0.1265
Epoch=447, loss=0.1223
Epoch=448, loss=0.1237
Epoch=449, loss=0.1233
Epoch=450, loss=0.1258
Epoch=451, loss=0.1218
Epoch=452, loss=0.1193
Epoch=453, loss=0.1244
Epoch=454, loss=0.1242
Epoch=455, loss=0.1208
Epoch=456, loss=0.1182
Epoch=457, loss=0.1206
Epoch=458, loss=0.1180
Epoch=459, loss=0.1262
Epoch=460, loss=0.1191
Epoch=461, loss=0.1256
Epoch=462, loss=0.1234
Epoch=463, loss=0.1187
Epoch=464, loss=0.1200
Epoch=465, loss=0.1151
Epoch=466, loss=0.1183
Epoch=467, loss=0.1186
Epoch=468, loss=0.1173
Epoch=469, loss=0.1189
Epoch=470, loss=0.1163
Epoch=471, loss=0.1139
Epoch=472, loss=0.1152
Epoch=473, loss=0.1165
Epoch=474, loss=0.1189
Epoch=475, loss=0.1131
Epoch=476, loss=0.1128
Epoch=477, loss=0.1133
Epoch=478, loss=0.1115
Epoch=479, loss=0.1126
Epoch=480, loss=0.1153
Epoch=481, loss=0.1176
Epoch=482, loss=0.1163
Epoch=483, loss=0.1136
Epoch=484, loss=0.1101
Epoch=485, loss=0.1133
Epoch=486, loss=0.1111
Epoch=487, loss=0.1111
Epoch=488, loss=0.1137
Epoch=489, loss=0.1105
Epoch=490, loss=0.1093
Epoch=491, loss=0.1102
Epoch=492, loss=0.1101
Epoch=493, loss=0.1083
Epoch=494, loss=0.1100
Epoch=495, loss=0.1094
Epoch=496, loss=0.1087
Epoch=497, loss=0.1090
Epoch=498, loss=0.1070
Epoch=499, loss=0.1070
Loading 498th epoch
done with the edge prediction
done with the node prediction
done with the second node prediction
(E) | label_classification: F1Mi=0.7480+-0.0158, F1Ma=0.7075+-0.0269, acc=0.7480+-0.0158
[['MVGRL', 'heat', 16, 15, 2, 'normalize', 0.1, 0.2, 0.4, 0.001, 0.5, 0.2, 0.5, 0.0001, 512, 512, 0.9388151032978417, 0.9375479755317188, 0.9266083124196609, 0.9234591852952199, 0.75, 0.6499999761581421, 0.6165376901626587, 0.7428571581840515, 0.6439999938011169, 0.6102514266967773, 0.6233968130586864, 0.025534129446141793, 0.5613219336619502, 0.025901078938069647, 0.6233968130586864, 0.025534129446141793], ['MVGRL', 'heat', 32, 15, 2, 'normalize', 0.1, 0.2, 0.4, 0.001, 0.5, 0.2, 0.5, 0.0001, 512, 512, 0.9705190519936706, 0.9698024086196388, 0.9624129997227512, 0.9578093410751032, 0.800000011920929, 0.7620000243186951, 0.7412959337234497, 0.7857142686843872, 0.75, 0.7432301640510559, 0.7479984453944812, 0.01575567959056327, 0.7074912653044774, 0.026900672904108764, 0.7479984453944812, 0.01575567959056325]]
Epoch=000, loss=0.6954
Epoch=001, loss=0.6933
Epoch=002, loss=0.6911
Epoch=003, loss=0.6894
Epoch=004, loss=0.6869
Epoch=005, loss=0.6848
Epoch=006, loss=0.6830
Epoch=007, loss=0.6807
Epoch=008, loss=0.6791
Epoch=009, loss=0.6760
Epoch=010, loss=0.6739
Epoch=011, loss=0.6703
Epoch=012, loss=0.6686
Epoch=013, loss=0.6652
Epoch=014, loss=0.6625
Epoch=015, loss=0.6592
Epoch=016, loss=0.6558
Epoch=017, loss=0.6516
Epoch=018, loss=0.6473
Epoch=019, loss=0.6441
Epoch=020, loss=0.6378
Epoch=021, loss=0.6349
Epoch=022, loss=0.6314
Epoch=023, loss=0.6251
Epoch=024, loss=0.6192
Epoch=025, loss=0.6145
Epoch=026, loss=0.6105
Epoch=027, loss=0.6049
Epoch=028, loss=0.5993
Epoch=029, loss=0.5967
Epoch=030, loss=0.5878
Epoch=031, loss=0.5846
Epoch=032, loss=0.5793
Epoch=033, loss=0.5754
Epoch=034, loss=0.5694
Epoch=035, loss=0.5661
Epoch=036, loss=0.5606
Epoch=037, loss=0.5583
Epoch=038, loss=0.5471
Epoch=039, loss=0.5437
Epoch=040, loss=0.5376
Epoch=041, loss=0.5325
Epoch=042, loss=0.5347
Epoch=043, loss=0.5214
Epoch=044, loss=0.5197
Epoch=045, loss=0.5109
Epoch=046, loss=0.5091
Epoch=047, loss=0.5009
Epoch=048, loss=0.5007
Epoch=049, loss=0.4966
Epoch=050, loss=0.4939
Epoch=051, loss=0.4828
Epoch=052, loss=0.4757
Epoch=053, loss=0.4741
Epoch=054, loss=0.4710
Epoch=055, loss=0.4673
Epoch=056, loss=0.4642
Epoch=057, loss=0.4584
Epoch=058, loss=0.4574
Epoch=059, loss=0.4507
Epoch=060, loss=0.4469
Epoch=061, loss=0.4409
Epoch=062, loss=0.4386
Epoch=063, loss=0.4338
Epoch=064, loss=0.4294
Epoch=065, loss=0.4273
Epoch=066, loss=0.4226
Epoch=067, loss=0.4186
Epoch=068, loss=0.4155
Epoch=069, loss=0.4165
Epoch=070, loss=0.4113
Epoch=071, loss=0.4049
Epoch=072, loss=0.4019
Epoch=073, loss=0.3979
Epoch=074, loss=0.3996
Epoch=075, loss=0.3960
Epoch=076, loss=0.3929
Epoch=077, loss=0.3862
Epoch=078, loss=0.3852
Epoch=079, loss=0.3826
Epoch=080, loss=0.3804
Epoch=081, loss=0.3781
Epoch=082, loss=0.3737
Epoch=083, loss=0.3736
Epoch=084, loss=0.3708
Epoch=085, loss=0.3631
Epoch=086, loss=0.3584
Epoch=087, loss=0.3578
Epoch=088, loss=0.3635
Epoch=089, loss=0.3564
Epoch=090, loss=0.3573
Epoch=091, loss=0.3477
Epoch=092, loss=0.3476
Epoch=093, loss=0.3439
Epoch=094, loss=0.3364
Epoch=095, loss=0.3394
Epoch=096, loss=0.3353
Epoch=097, loss=0.3314
Epoch=098, loss=0.3311
Epoch=099, loss=0.3283
Epoch=100, loss=0.3268
Epoch=101, loss=0.3242
Epoch=102, loss=0.3224
Epoch=103, loss=0.3160
Epoch=104, loss=0.3153
Epoch=105, loss=0.3155
Epoch=106, loss=0.3089
Epoch=107, loss=0.3090
Epoch=108, loss=0.3079
Epoch=109, loss=0.2995
Epoch=110, loss=0.3016
Epoch=111, loss=0.3002
Epoch=112, loss=0.2992
Epoch=113, loss=0.2977
Epoch=114, loss=0.2917
Epoch=115, loss=0.2889
Epoch=116, loss=0.2885
Epoch=117, loss=0.2867
Epoch=118, loss=0.2834
Epoch=119, loss=0.2848
Epoch=120, loss=0.2798
Epoch=121, loss=0.2794
Epoch=122, loss=0.2779
Epoch=123, loss=0.2743
Epoch=124, loss=0.2728
Epoch=125, loss=0.2717
Epoch=126, loss=0.2711
Epoch=127, loss=0.2692
Epoch=128, loss=0.2657
Epoch=129, loss=0.2612
Epoch=130, loss=0.2653
Epoch=131, loss=0.2601
Epoch=132, loss=0.2589
Epoch=133, loss=0.2583
Epoch=134, loss=0.2488
Epoch=135, loss=0.2503
Epoch=136, loss=0.2486
Epoch=137, loss=0.2527
Epoch=138, loss=0.2455
Epoch=139, loss=0.2431
Epoch=140, loss=0.2415
Epoch=141, loss=0.2397
Epoch=142, loss=0.2387
Epoch=143, loss=0.2388
Epoch=144, loss=0.2331
Epoch=145, loss=0.2383
Epoch=146, loss=0.2328
Epoch=147, loss=0.2301
Epoch=148, loss=0.2285
Epoch=149, loss=0.2248
Epoch=150, loss=0.2236
Epoch=151, loss=0.2243
Epoch=152, loss=0.2254
Epoch=153, loss=0.2208
Epoch=154, loss=0.2220
Epoch=155, loss=0.2175
Epoch=156, loss=0.2138
Epoch=157, loss=0.2173
Epoch=158, loss=0.2152
Epoch=159, loss=0.2129
Epoch=160, loss=0.2089
Epoch=161, loss=0.2080
Epoch=162, loss=0.2066
Epoch=163, loss=0.2078
Epoch=164, loss=0.2032
Epoch=165, loss=0.2034
Epoch=166, loss=0.2030
Epoch=167, loss=0.2019
Epoch=168, loss=0.1996
Epoch=169, loss=0.1983
Epoch=170, loss=0.1999
Epoch=171, loss=0.1960
Epoch=172, loss=0.1951
Epoch=173, loss=0.1897
Epoch=174, loss=0.1939
Epoch=175, loss=0.1927
Epoch=176, loss=0.1865
Epoch=177, loss=0.1943
Epoch=178, loss=0.1836
Epoch=179, loss=0.1861
Epoch=180, loss=0.1857
Epoch=181, loss=0.1817
Epoch=182, loss=0.1810
Epoch=183, loss=0.1811
Epoch=184, loss=0.1811
Epoch=185, loss=0.1784
Epoch=186, loss=0.1795
Epoch=187, loss=0.1739
Epoch=188, loss=0.1742
Epoch=189, loss=0.1707
Epoch=190, loss=0.1737
Epoch=191, loss=0.1715
Epoch=192, loss=0.1710
Epoch=193, loss=0.1678
Epoch=194, loss=0.1671
Epoch=195, loss=0.1644
Epoch=196, loss=0.1676
Epoch=197, loss=0.1678
Epoch=198, loss=0.1628
Epoch=199, loss=0.1641
Epoch=200, loss=0.1640
Epoch=201, loss=0.1616
Epoch=202, loss=0.1601
Epoch=203, loss=0.1618
Epoch=204, loss=0.1581
Epoch=205, loss=0.1628
Epoch=206, loss=0.1558
Epoch=207, loss=0.1537
Epoch=208, loss=0.1536
Epoch=209, loss=0.1533
Epoch=210, loss=0.1532
Epoch=211, loss=0.1526
Epoch=212, loss=0.1527
Epoch=213, loss=0.1504
Epoch=214, loss=0.1462
Epoch=215, loss=0.1507
Epoch=216, loss=0.1500
Epoch=217, loss=0.1481
Epoch=218, loss=0.1438
Epoch=219, loss=0.1426
Epoch=220, loss=0.1426
Epoch=221, loss=0.1455
Epoch=222, loss=0.1454
Epoch=223, loss=0.1438
Epoch=224, loss=0.1423
Epoch=225, loss=0.1422
Epoch=226, loss=0.1401
Epoch=227, loss=0.1394
Epoch=228, loss=0.1370
Epoch=229, loss=0.1367
Epoch=230, loss=0.1340
Epoch=231, loss=0.1346
Epoch=232, loss=0.1354
Epoch=233, loss=0.1325
Epoch=234, loss=0.1324
Epoch=235, loss=0.1350
Epoch=236, loss=0.1289
Epoch=237, loss=0.1320
Epoch=238, loss=0.1291
Epoch=239, loss=0.1282
Epoch=240, loss=0.1298
Epoch=241, loss=0.1279
Epoch=242, loss=0.1279
Epoch=243, loss=0.1250
Epoch=244, loss=0.1248
Epoch=245, loss=0.1244
Epoch=246, loss=0.1256
Epoch=247, loss=0.1272
Epoch=248, loss=0.1224
Epoch=249, loss=0.1225
Epoch=250, loss=0.1251
Epoch=251, loss=0.1249
Epoch=252, loss=0.1233
Epoch=253, loss=0.1214
Epoch=254, loss=0.1236
Epoch=255, loss=0.1225
Epoch=256, loss=0.1147
Epoch=257, loss=0.1145
Epoch=258, loss=0.1142
Epoch=259, loss=0.1177
Epoch=260, loss=0.1175
Epoch=261, loss=0.1125
Epoch=262, loss=0.1141
Epoch=263, loss=0.1141
Epoch=264, loss=0.1187
Epoch=265, loss=0.1172
Epoch=266, loss=0.1130
Epoch=267, loss=0.1174
Epoch=268, loss=0.1113
Epoch=269, loss=0.1094
Epoch=270, loss=0.1090
Epoch=271, loss=0.1074
Epoch=272, loss=0.1114
Epoch=273, loss=0.1091
Epoch=274, loss=0.1081
Epoch=275, loss=0.1079
Epoch=276, loss=0.1087
Epoch=277, loss=0.1062
Epoch=278, loss=0.1036
Epoch=279, loss=0.1056
Epoch=280, loss=0.1066
Epoch=281, loss=0.1057
Epoch=282, loss=0.1068
Epoch=283, loss=0.1061
Epoch=284, loss=0.1019
Epoch=285, loss=0.1030
Epoch=286, loss=0.1041
Epoch=287, loss=0.1034
Epoch=288, loss=0.1049
Epoch=289, loss=0.0990
Epoch=290, loss=0.0997
Epoch=291, loss=0.0994
Epoch=292, loss=0.0947
Epoch=293, loss=0.0959
Epoch=294, loss=0.1015
Epoch=295, loss=0.0990
Epoch=296, loss=0.0962
Epoch=297, loss=0.1001
Epoch=298, loss=0.0954
Epoch=299, loss=0.0920
Epoch=300, loss=0.0962
Epoch=301, loss=0.0931
Epoch=302, loss=0.0964
Epoch=303, loss=0.0957
Epoch=304, loss=0.0952
Epoch=305, loss=0.0941
Epoch=306, loss=0.0924
Epoch=307, loss=0.0915
Epoch=308, loss=0.0892
Epoch=309, loss=0.0917
Epoch=310, loss=0.0919
Epoch=311, loss=0.0969
Epoch=312, loss=0.0903
Epoch=313, loss=0.0947
Epoch=314, loss=0.0918
Epoch=315, loss=0.0933
Epoch=316, loss=0.0899
Epoch=317, loss=0.0843
Epoch=318, loss=0.0903
Epoch=319, loss=0.0859
Epoch=320, loss=0.0872
Epoch=321, loss=0.0899
Epoch=322, loss=0.0893
Epoch=323, loss=0.0849
Epoch=324, loss=0.0859
Epoch=325, loss=0.0882
Epoch=326, loss=0.0850
Epoch=327, loss=0.0844
Epoch=328, loss=0.0863
Epoch=329, loss=0.0822
Epoch=330, loss=0.0847
Epoch=331, loss=0.0857
Epoch=332, loss=0.0828
Epoch=333, loss=0.0818
Epoch=334, loss=0.0802
Epoch=335, loss=0.0809
Epoch=336, loss=0.0841
Epoch=337, loss=0.0839
Epoch=338, loss=0.0824
Epoch=339, loss=0.0792
Epoch=340, loss=0.0835
Epoch=341, loss=0.0815
Epoch=342, loss=0.0768
Epoch=343, loss=0.0844
Epoch=344, loss=0.0817
Epoch=345, loss=0.0808
Epoch=346, loss=0.0780
Epoch=347, loss=0.0812
Epoch=348, loss=0.0794
Epoch=349, loss=0.0768
Epoch=350, loss=0.0756
Epoch=351, loss=0.0754
Epoch=352, loss=0.0786
Epoch=353, loss=0.0806
Epoch=354, loss=0.0739
Epoch=355, loss=0.0736
Epoch=356, loss=0.0753
Epoch=357, loss=0.0776
Epoch=358, loss=0.0776
Epoch=359, loss=0.0753
Epoch=360, loss=0.0755
Epoch=361, loss=0.0748
Epoch=362, loss=0.0717
Epoch=363, loss=0.0808
Epoch=364, loss=0.0768
Epoch=365, loss=0.0713
Epoch=366, loss=0.0722
Epoch=367, loss=0.0719
Epoch=368, loss=0.0736
Epoch=369, loss=0.0709
Epoch=370, loss=0.0719
Epoch=371, loss=0.0705
Epoch=372, loss=0.0679
Epoch=373, loss=0.0686
Epoch=374, loss=0.0771
Epoch=375, loss=0.0732
Epoch=376, loss=0.0717
Epoch=377, loss=0.0706
Epoch=378, loss=0.0688
Epoch=379, loss=0.0688
Epoch=380, loss=0.0657
Epoch=381, loss=0.0678
Epoch=382, loss=0.0712
Epoch=383, loss=0.0659
Epoch=384, loss=0.0696
Epoch=385, loss=0.0706
Epoch=386, loss=0.0645
Epoch=387, loss=0.0651
Epoch=388, loss=0.0621
Epoch=389, loss=0.0674
Epoch=390, loss=0.0710
Epoch=391, loss=0.0670
Epoch=392, loss=0.0659
Epoch=393, loss=0.0673
Epoch=394, loss=0.0648
Epoch=395, loss=0.0675
Epoch=396, loss=0.0627
Epoch=397, loss=0.0638
Epoch=398, loss=0.0658
Epoch=399, loss=0.0642
Epoch=400, loss=0.0604
Epoch=401, loss=0.0656
Epoch=402, loss=0.0655
Epoch=403, loss=0.0665
Epoch=404, loss=0.0631
Epoch=405, loss=0.0626
Epoch=406, loss=0.0642
Epoch=407, loss=0.0680
Epoch=408, loss=0.0616
Epoch=409, loss=0.0615
Epoch=410, loss=0.0615
Epoch=411, loss=0.0613
Epoch=412, loss=0.0592
Epoch=413, loss=0.0597
Epoch=414, loss=0.0605
Epoch=415, loss=0.0613
Epoch=416, loss=0.0649
Epoch=417, loss=0.0599
Epoch=418, loss=0.0621
Epoch=419, loss=0.0611
Epoch=420, loss=0.0622
Epoch=421, loss=0.0593
Epoch=422, loss=0.0578
Epoch=423, loss=0.0621
Epoch=424, loss=0.0605
Epoch=425, loss=0.0542
Epoch=426, loss=0.0592
Epoch=427, loss=0.0628
Epoch=428, loss=0.0596
Epoch=429, loss=0.0619
Epoch=430, loss=0.0613
Epoch=431, loss=0.0598
Epoch=432, loss=0.0598
Epoch=433, loss=0.0595
Epoch=434, loss=0.0560
Epoch=435, loss=0.0550
Epoch=436, loss=0.0538
Epoch=437, loss=0.0586
Epoch=438, loss=0.0576
Epoch=439, loss=0.0546
Epoch=440, loss=0.0551
Epoch=441, loss=0.0558
Epoch=442, loss=0.0555
Epoch=443, loss=0.0542
Epoch=444, loss=0.0551
Epoch=445, loss=0.0585
Epoch=446, loss=0.0562
Epoch=447, loss=0.0575
Epoch=448, loss=0.0564
Epoch=449, loss=0.0525
Epoch=450, loss=0.0512
Epoch=451, loss=0.0531
Epoch=452, loss=0.0553
Epoch=453, loss=0.0542
Epoch=454, loss=0.0517
Epoch=455, loss=0.0513
Epoch=456, loss=0.0472
Epoch=457, loss=0.0520
Epoch=458, loss=0.0563
Epoch=459, loss=0.0497
Epoch=460, loss=0.0541
Epoch=461, loss=0.0513
Epoch=462, loss=0.0473
Epoch=463, loss=0.0527
Epoch=464, loss=0.0499
Epoch=465, loss=0.0542
Epoch=466, loss=0.0502
Epoch=467, loss=0.0497
Epoch=468, loss=0.0497
Epoch=469, loss=0.0498
Epoch=470, loss=0.0486
Epoch=471, loss=0.0503
Epoch=472, loss=0.0481
Epoch=473, loss=0.0477
Epoch=474, loss=0.0551
Epoch=475, loss=0.0483
Epoch=476, loss=0.0515
Early stopping!
Loading 456th epoch
Early stopping!
Start to test process.
done with the edge prediction
done with the node prediction
done with the second node prediction
(E) | label_classification: F1Mi=0.7879+-0.0108, F1Ma=0.7698+-0.0117, acc=0.7879+-0.0108
[['MVGRL', 'heat', 16, 15, 2, 'normalize', 0.1, 0.2, 0.4, 0.001, 0.5, 0.2, 0.5, 0.0001, 512, 512, 0.9388151032978417, 0.9375479755317188, 0.9266083124196609, 0.9234591852952199, 0.75, 0.6499999761581421, 0.6165376901626587, 0.7428571581840515, 0.6439999938011169, 0.6102514266967773, 0.6233968130586864, 0.025534129446141793, 0.5613219336619502, 0.025901078938069647, 0.6233968130586864, 0.025534129446141793], ['MVGRL', 'heat', 32, 15, 2, 'normalize', 0.1, 0.2, 0.4, 0.001, 0.5, 0.2, 0.5, 0.0001, 512, 512, 0.9705190519936706, 0.9698024086196388, 0.9624129997227512, 0.9578093410751032, 0.800000011920929, 0.7620000243186951, 0.7412959337234497, 0.7857142686843872, 0.75, 0.7432301640510559, 0.7479984453944812, 0.01575567959056327, 0.7074912653044774, 0.026900672904108764, 0.7479984453944812, 0.01575567959056325], ['MVGRL', 'heat', 64, 15, 2, 'normalize', 0.1, 0.2, 0.4, 0.001, 0.5, 0.2, 0.5, 0.0001, 512, 512, 0.9450848678273771, 0.9390573151301596, 0.9446582819943181, 0.931903623375268, 0.8571428656578064, 0.765999972820282, 0.759187638759613, 0.8785714507102966, 0.765999972820282, 0.761605441570282, 0.7878740769529731, 0.010757712931506071, 0.7698332024746797, 0.011662537616962808, 0.7878740769529731, 0.01075771293150609]]
Epoch=000, loss=0.6947
Epoch=001, loss=0.6901
Epoch=002, loss=0.6848
Epoch=003, loss=0.6807
Epoch=004, loss=0.6769
Epoch=005, loss=0.6720
Epoch=006, loss=0.6660
Epoch=007, loss=0.6599
Epoch=008, loss=0.6542
Epoch=009, loss=0.6484
Epoch=010, loss=0.6399
Epoch=011, loss=0.6334
Epoch=012, loss=0.6230
Epoch=013, loss=0.6141
Epoch=014, loss=0.6085
Epoch=015, loss=0.5976
Epoch=016, loss=0.5862
Epoch=017, loss=0.5813
Epoch=018, loss=0.5710
Epoch=019, loss=0.5615
Epoch=020, loss=0.5560
Epoch=021, loss=0.5362
Epoch=022, loss=0.5304
Epoch=023, loss=0.5213
Epoch=024, loss=0.5138
Epoch=025, loss=0.5051
Epoch=026, loss=0.4942
Epoch=027, loss=0.4864
Epoch=028, loss=0.4807
Epoch=029, loss=0.4676
Epoch=030, loss=0.4642
Epoch=031, loss=0.4572
Epoch=032, loss=0.4532
Epoch=033, loss=0.4386
Epoch=034, loss=0.4330
Epoch=035, loss=0.4264
Epoch=036, loss=0.4217
Epoch=037, loss=0.4136
Epoch=038, loss=0.4085
Epoch=039, loss=0.4014
Epoch=040, loss=0.3957
Epoch=041, loss=0.3878
Epoch=042, loss=0.3833
Epoch=043, loss=0.3783
Epoch=044, loss=0.3823
Epoch=045, loss=0.3679
Epoch=046, loss=0.3679
Epoch=047, loss=0.3554
Epoch=048, loss=0.3578
Epoch=049, loss=0.3469
Epoch=050, loss=0.3420
Epoch=051, loss=0.3366
Epoch=052, loss=0.3315
Epoch=053, loss=0.3278
Epoch=054, loss=0.3207
Epoch=055, loss=0.3178
Epoch=056, loss=0.3173
Epoch=057, loss=0.3083
Epoch=058, loss=0.3085
Epoch=059, loss=0.3013
Epoch=060, loss=0.3003
Epoch=061, loss=0.2942
Epoch=062, loss=0.2894
Epoch=063, loss=0.2842
Epoch=064, loss=0.2843
Epoch=065, loss=0.2765
Epoch=066, loss=0.2756
Epoch=067, loss=0.2755
Epoch=068, loss=0.2684
Epoch=069, loss=0.2657
Epoch=070, loss=0.2603
Epoch=071, loss=0.2591
Epoch=072, loss=0.2550
Epoch=073, loss=0.2559
Epoch=074, loss=0.2472
Epoch=075, loss=0.2474
Epoch=076, loss=0.2387
Epoch=077, loss=0.2402
Epoch=078, loss=0.2355
Epoch=079, loss=0.2305
Epoch=080, loss=0.2309
Epoch=081, loss=0.2289
Epoch=082, loss=0.2271
Epoch=083, loss=0.2239
Epoch=084, loss=0.2165
Epoch=085, loss=0.2177
Epoch=086, loss=0.2146
Epoch=087, loss=0.2093
Epoch=088, loss=0.2087
Epoch=089, loss=0.2071
Epoch=090, loss=0.2067
Epoch=091, loss=0.1995
Epoch=092, loss=0.2006
Epoch=093, loss=0.1951
Epoch=094, loss=0.1998
Epoch=095, loss=0.1929
Epoch=096, loss=0.1881
Epoch=097, loss=0.1898
Epoch=098, loss=0.1876
Epoch=099, loss=0.1837
Epoch=100, loss=0.1825
Epoch=101, loss=0.1790
Epoch=102, loss=0.1785
Epoch=103, loss=0.1800
Epoch=104, loss=0.1739
Epoch=105, loss=0.1854
Epoch=106, loss=0.1667
Epoch=107, loss=0.1692
Epoch=108, loss=0.1683
Epoch=109, loss=0.1660
Epoch=110, loss=0.1655
Epoch=111, loss=0.1614
Epoch=112, loss=0.1704
Epoch=113, loss=0.1600
Epoch=114, loss=0.1627
Epoch=115, loss=0.1597
Epoch=116, loss=0.1548
Epoch=117, loss=0.1549
Epoch=118, loss=0.1525
Epoch=119, loss=0.1532
Epoch=120, loss=0.1541
Epoch=121, loss=0.1486
Epoch=122, loss=0.1522
Epoch=123, loss=0.1488
Epoch=124, loss=0.1493
Epoch=125, loss=0.1436
Epoch=126, loss=0.1401
Epoch=127, loss=0.1418
Epoch=128, loss=0.1404
Epoch=129, loss=0.1406
Epoch=130, loss=0.1356
Epoch=131, loss=0.1358
Epoch=132, loss=0.1356
Epoch=133, loss=0.1369
Epoch=134, loss=0.1338
Epoch=135, loss=0.1285
Epoch=136, loss=0.1321
Epoch=137, loss=0.1312
Epoch=138, loss=0.1254
Epoch=139, loss=0.1297
Epoch=140, loss=0.1250
Epoch=141, loss=0.1264
Epoch=142, loss=0.1258
Epoch=143, loss=0.1246
Epoch=144, loss=0.1248
Epoch=145, loss=0.1248
Epoch=146, loss=0.1195
Epoch=147, loss=0.1243
Epoch=148, loss=0.1196
Epoch=149, loss=0.1225
Epoch=150, loss=0.1178
Epoch=151, loss=0.1138
Epoch=152, loss=0.1148
Epoch=153, loss=0.1169
Epoch=154, loss=0.1147
Epoch=155, loss=0.1162
Epoch=156, loss=0.1132
Epoch=157, loss=0.1107
Epoch=158, loss=0.1127
Epoch=159, loss=0.1146
Epoch=160, loss=0.1076
Epoch=161, loss=0.1120
Epoch=162, loss=0.1080
Epoch=163, loss=0.1101
Epoch=164, loss=0.1077
Epoch=165, loss=0.1076
Epoch=166, loss=0.1060
Epoch=167, loss=0.1075
Epoch=168, loss=0.1024
Epoch=169, loss=0.1027
Epoch=170, loss=0.1012
Epoch=171, loss=0.0997
Epoch=172, loss=0.1004
Epoch=173, loss=0.1030
Epoch=174, loss=0.1024
Epoch=175, loss=0.1041
Epoch=176, loss=0.1006
Epoch=177, loss=0.0991
Epoch=178, loss=0.0996
Epoch=179, loss=0.0976
Epoch=180, loss=0.0981
Epoch=181, loss=0.1004
Epoch=182, loss=0.0970
Epoch=183, loss=0.0937
Epoch=184, loss=0.0974
Epoch=185, loss=0.0968
Epoch=186, loss=0.0947
Epoch=187, loss=0.0940
Epoch=188, loss=0.0951
Epoch=189, loss=0.0946
Epoch=190, loss=0.0920
Epoch=191, loss=0.0893
Epoch=192, loss=0.0918
Epoch=193, loss=0.0901
Epoch=194, loss=0.0878
Epoch=195, loss=0.0932
Epoch=196, loss=0.0917
Epoch=197, loss=0.0879
Epoch=198, loss=0.0875
Epoch=199, loss=0.0903
Epoch=200, loss=0.0894
Epoch=201, loss=0.0903
Epoch=202, loss=0.0852
Epoch=203, loss=0.0877
Epoch=204, loss=0.0828
Epoch=205, loss=0.0853
Epoch=206, loss=0.0849
Epoch=207, loss=0.0856
Epoch=208, loss=0.0841
Epoch=209, loss=0.0827
Epoch=210, loss=0.0855
Epoch=211, loss=0.0875
Epoch=212, loss=0.0824
Epoch=213, loss=0.0909
Epoch=214, loss=0.0779
Epoch=215, loss=0.0869
Epoch=216, loss=0.0850
Epoch=217, loss=0.0826
Epoch=218, loss=0.0799
Epoch=219, loss=0.0808
Epoch=220, loss=0.0797
Epoch=221, loss=0.0789
Epoch=222, loss=0.0813
Epoch=223, loss=0.0791
Epoch=224, loss=0.0788
Epoch=225, loss=0.0833
Epoch=226, loss=0.0762
Epoch=227, loss=0.0801
Epoch=228, loss=0.0774
Epoch=229, loss=0.0746
Epoch=230, loss=0.0795
Epoch=231, loss=0.0767
Epoch=232, loss=0.0718
Epoch=233, loss=0.0766
Epoch=234, loss=0.0725
Epoch=235, loss=0.0771
Epoch=236, loss=0.0739
Epoch=237, loss=0.0685
Epoch=238, loss=0.0773
Epoch=239, loss=0.0727
Epoch=240, loss=0.0702
Epoch=241, loss=0.0783
Epoch=242, loss=0.0722
Epoch=243, loss=0.0713
Epoch=244, loss=0.0725
Epoch=245, loss=0.0717
Epoch=246, loss=0.0715
Epoch=247, loss=0.0745
Epoch=248, loss=0.0756
Epoch=249, loss=0.0709
Epoch=250, loss=0.0702
Epoch=251, loss=0.0702
Epoch=252, loss=0.0704
Epoch=253, loss=0.0752
Epoch=254, loss=0.0707
Epoch=255, loss=0.0638
Epoch=256, loss=0.0644
Epoch=257, loss=0.0748
Epoch=258, loss=0.0663
Epoch=259, loss=0.0642
Epoch=260, loss=0.0665
Epoch=261, loss=0.0670
Epoch=262, loss=0.0682
Epoch=263, loss=0.0657
Epoch=264, loss=0.0695
Epoch=265, loss=0.0651
Epoch=266, loss=0.0710
Epoch=267, loss=0.0681
Epoch=268, loss=0.0701
Epoch=269, loss=0.0698
Epoch=270, loss=0.0662
Epoch=271, loss=0.0647
Epoch=272, loss=0.0635
Epoch=273, loss=0.0701
Epoch=274, loss=0.0684
Epoch=275, loss=0.0650
Epoch=276, loss=0.0596
Epoch=277, loss=0.0659
Epoch=278, loss=0.0652
Epoch=279, loss=0.0635
Epoch=280, loss=0.0656
Epoch=281, loss=0.0602
Epoch=282, loss=0.0664
Epoch=283, loss=0.0629
Epoch=284, loss=0.0617
Epoch=285, loss=0.0648
Epoch=286, loss=0.0648
Epoch=287, loss=0.0633
Epoch=288, loss=0.0614
Epoch=289, loss=0.0620
Epoch=290, loss=0.0600
Epoch=291, loss=0.0651
Epoch=292, loss=0.0601
Epoch=293, loss=0.0608
Epoch=294, loss=0.0625
Epoch=295, loss=0.0601
Epoch=296, loss=0.0619
Early stopping!
Loading 276th epoch
Early stopping!
Start to test process.
done with the edge prediction
done with the node prediction
done with the second node prediction
(E) | label_classification: F1Mi=0.7999+-0.0127, F1Ma=0.7747+-0.0170, acc=0.7999+-0.0127
[['MVGRL', 'heat', 16, 15, 2, 'normalize', 0.1, 0.2, 0.4, 0.001, 0.5, 0.2, 0.5, 0.0001, 512, 512, 0.9388151032978417, 0.9375479755317188, 0.9266083124196609, 0.9234591852952199, 0.75, 0.6499999761581421, 0.6165376901626587, 0.7428571581840515, 0.6439999938011169, 0.6102514266967773, 0.6233968130586864, 0.025534129446141793, 0.5613219336619502, 0.025901078938069647, 0.6233968130586864, 0.025534129446141793], ['MVGRL', 'heat', 32, 15, 2, 'normalize', 0.1, 0.2, 0.4, 0.001, 0.5, 0.2, 0.5, 0.0001, 512, 512, 0.9705190519936706, 0.9698024086196388, 0.9624129997227512, 0.9578093410751032, 0.800000011920929, 0.7620000243186951, 0.7412959337234497, 0.7857142686843872, 0.75, 0.7432301640510559, 0.7479984453944812, 0.01575567959056327, 0.7074912653044774, 0.026900672904108764, 0.7479984453944812, 0.01575567959056325], ['MVGRL', 'heat', 64, 15, 2, 'normalize', 0.1, 0.2, 0.4, 0.001, 0.5, 0.2, 0.5, 0.0001, 512, 512, 0.9450848678273771, 0.9390573151301596, 0.9446582819943181, 0.931903623375268, 0.8571428656578064, 0.765999972820282, 0.759187638759613, 0.8785714507102966, 0.765999972820282, 0.761605441570282, 0.7878740769529731, 0.010757712931506071, 0.7698332024746797, 0.011662537616962808, 0.7878740769529731, 0.01075771293150609], ['MVGRL', 'heat', 128, 15, 2, 'normalize', 0.1, 0.2, 0.4, 0.001, 0.5, 0.2, 0.5, 0.0001, 512, 512, 0.9856694997315082, 0.9843307283331983, 0.9710743206507062, 0.9622057947625904, 0.8571428656578064, 0.7879999876022339, 0.761605441570282, 0.8714285492897034, 0.7839999794960022, 0.7625725269317627, 0.7999222697240576, 0.012742550571921493, 0.7747011195487149, 0.016982371708824273, 0.7999222697240576, 0.01274255057192156]]
Epoch=000, loss=0.6942
Epoch=001, loss=0.6954
Epoch=002, loss=0.6767
Epoch=003, loss=0.6768
Epoch=004, loss=0.6652
Epoch=005, loss=0.6571
Epoch=006, loss=0.6520
Epoch=007, loss=0.6422
Epoch=008, loss=0.6286
Epoch=009, loss=0.6213
Epoch=010, loss=0.6099
Epoch=011, loss=0.5945
Epoch=012, loss=0.5855
Epoch=013, loss=0.5739
Epoch=014, loss=0.5573
Epoch=015, loss=0.5494
Epoch=016, loss=0.5279
Epoch=017, loss=0.5212
Epoch=018, loss=0.5114
Epoch=019, loss=0.4928
Epoch=020, loss=0.4889
Epoch=021, loss=0.4745
Epoch=022, loss=0.4681
Epoch=023, loss=0.4537
Epoch=024, loss=0.4411
Epoch=025, loss=0.4348
Epoch=026, loss=0.4236
Epoch=027, loss=0.4097
Epoch=028, loss=0.4039
Epoch=029, loss=0.4028
Epoch=030, loss=0.3876
Epoch=031, loss=0.3788
Epoch=032, loss=0.3637
Epoch=033, loss=0.3683
Epoch=034, loss=0.3522
Epoch=035, loss=0.3471
Epoch=036, loss=0.3364
Epoch=037, loss=0.3272
Epoch=038, loss=0.3272
Epoch=039, loss=0.3158
Epoch=040, loss=0.3120
Epoch=041, loss=0.3041
Epoch=042, loss=0.2957
Epoch=043, loss=0.2933
Epoch=044, loss=0.2833
Epoch=045, loss=0.2772
Epoch=046, loss=0.2710
Epoch=047, loss=0.2668
Epoch=048, loss=0.2636
Epoch=049, loss=0.2594
Epoch=050, loss=0.2506
Epoch=051, loss=0.2443
Epoch=052, loss=0.2369
Epoch=053, loss=0.2375
Epoch=054, loss=0.2296
Epoch=055, loss=0.2269
Epoch=056, loss=0.2244
Epoch=057, loss=0.2199
Epoch=058, loss=0.2097
Epoch=059, loss=0.2107
Epoch=060, loss=0.2079
Epoch=061, loss=0.2051
Epoch=062, loss=0.2034
Epoch=063, loss=0.1983
Epoch=064, loss=0.1890
Epoch=065, loss=0.1860
Epoch=066, loss=0.1830
Epoch=067, loss=0.1813
Epoch=068, loss=0.1791
Epoch=069, loss=0.1771
Epoch=070, loss=0.1716
Epoch=071, loss=0.1755
Epoch=072, loss=0.1679
Epoch=073, loss=0.1649
Epoch=074, loss=0.1631
Epoch=075, loss=0.1582
Epoch=076, loss=0.1584
Epoch=077, loss=0.1528
Epoch=078, loss=0.1504
Epoch=079, loss=0.1465
Epoch=080, loss=0.1453
Epoch=081, loss=0.1480
Epoch=082, loss=0.1390
Epoch=083, loss=0.1402
Epoch=084, loss=0.1351
Epoch=085, loss=0.1369
Epoch=086, loss=0.1341
Epoch=087, loss=0.1305
Epoch=088, loss=0.1325
Epoch=089, loss=0.1266
Epoch=090, loss=0.1267
Epoch=091, loss=0.1230
Epoch=092, loss=0.1288
Epoch=093, loss=0.1253
Epoch=094, loss=0.1212
Epoch=095, loss=0.1276
Epoch=096, loss=0.1163
Epoch=097, loss=0.1168
Epoch=098, loss=0.1118
Epoch=099, loss=0.1154
Epoch=100, loss=0.1122
Epoch=101, loss=0.1160
Epoch=102, loss=0.1098
Epoch=103, loss=0.1056
Epoch=104, loss=0.1105
Epoch=105, loss=0.1128
Epoch=106, loss=0.1101
Epoch=107, loss=0.1041
Epoch=108, loss=0.1006
Epoch=109, loss=0.1043
Epoch=110, loss=0.1071
Epoch=111, loss=0.1005
Epoch=112, loss=0.0995
Epoch=113, loss=0.1022
Epoch=114, loss=0.0977
Epoch=115, loss=0.0965
Epoch=116, loss=0.0972
Epoch=117, loss=0.0905
Epoch=118, loss=0.0974
Epoch=119, loss=0.0912
Epoch=120, loss=0.0906
Epoch=121, loss=0.0912
Epoch=122, loss=0.0892
Epoch=123, loss=0.0905
Epoch=124, loss=0.0862
Epoch=125, loss=0.0873
Epoch=126, loss=0.0880
Epoch=127, loss=0.0878
Epoch=128, loss=0.0858
Epoch=129, loss=0.0856
Epoch=130, loss=0.0812
Epoch=131, loss=0.0857
Epoch=132, loss=0.0818
Epoch=133, loss=0.0866
Epoch=134, loss=0.0793
Epoch=135, loss=0.0798
Epoch=136, loss=0.0814
Epoch=137, loss=0.0812
Epoch=138, loss=0.0813
Epoch=139, loss=0.0800
Epoch=140, loss=0.0802
Epoch=141, loss=0.0770
Epoch=142, loss=0.0779
Epoch=143, loss=0.0727
Epoch=144, loss=0.0778
Epoch=145, loss=0.0755
Epoch=146, loss=0.0734
Epoch=147, loss=0.0747
Epoch=148, loss=0.0720
Epoch=149, loss=0.0741
Epoch=150, loss=0.0711
Epoch=151, loss=0.0730
Epoch=152, loss=0.0728
Epoch=153, loss=0.0715
Epoch=154, loss=0.0741
Epoch=155, loss=0.0726
Epoch=156, loss=0.0750
Epoch=157, loss=0.0661
Epoch=158, loss=0.0692
Epoch=159, loss=0.0682
Epoch=160, loss=0.0668
Epoch=161, loss=0.0678
Epoch=162, loss=0.0623
Epoch=163, loss=0.0673
Epoch=164, loss=0.0673
Epoch=165, loss=0.0668
Epoch=166, loss=0.0686
Epoch=167, loss=0.0659
Epoch=168, loss=0.0663
Epoch=169, loss=0.0678
Epoch=170, loss=0.0644
Epoch=171, loss=0.0598
Epoch=172, loss=0.0611
Epoch=173, loss=0.0627
Epoch=174, loss=0.0635
Epoch=175, loss=0.0612
Epoch=176, loss=0.0626
Epoch=177, loss=0.0578
Epoch=178, loss=0.0636
Epoch=179, loss=0.0583
Epoch=180, loss=0.0617
Epoch=181, loss=0.0614
Epoch=182, loss=0.0583
Epoch=183, loss=0.0602
Epoch=184, loss=0.0583
Epoch=185, loss=0.0613
Epoch=186, loss=0.0576
Epoch=187, loss=0.0569
Epoch=188, loss=0.0583
Epoch=189, loss=0.0611
Epoch=190, loss=0.0543
Epoch=191, loss=0.0544
Epoch=192, loss=0.0600
Epoch=193, loss=0.0571
Epoch=194, loss=0.0538
Epoch=195, loss=0.0547
Epoch=196, loss=0.0543
Epoch=197, loss=0.0530
Epoch=198, loss=0.0552
Epoch=199, loss=0.0538
Epoch=200, loss=0.0561
Epoch=201, loss=0.0516
Epoch=202, loss=0.0517
Epoch=203, loss=0.0586
Epoch=204, loss=0.0502
Epoch=205, loss=0.0586
Epoch=206, loss=0.0506
Epoch=207, loss=0.0546
Epoch=208, loss=0.0538
Epoch=209, loss=0.0535
Epoch=210, loss=0.0485
Epoch=211, loss=0.0505
Epoch=212, loss=0.0535
Epoch=213, loss=0.0541
Epoch=214, loss=0.0524
Epoch=215, loss=0.0504
Epoch=216, loss=0.0569
Epoch=217, loss=0.0461
Epoch=218, loss=0.0501
Epoch=219, loss=0.0503
Epoch=220, loss=0.0477
Epoch=221, loss=0.0480
Epoch=222, loss=0.0513
Epoch=223, loss=0.0451
Epoch=224, loss=0.0475
Epoch=225, loss=0.0467
Epoch=226, loss=0.0454
Epoch=227, loss=0.0438
Epoch=228, loss=0.0463
Epoch=229, loss=0.0480
Epoch=230, loss=0.0495
Epoch=231, loss=0.0469
Epoch=232, loss=0.0461
Epoch=233, loss=0.0487
Epoch=234, loss=0.0487
Epoch=235, loss=0.0433
Epoch=236, loss=0.0482
Epoch=237, loss=0.0449
Epoch=238, loss=0.0426
Epoch=239, loss=0.0474
Epoch=240, loss=0.0449
Epoch=241, loss=0.0447
Epoch=242, loss=0.0388
Epoch=243, loss=0.0414
Epoch=244, loss=0.0412
Epoch=245, loss=0.0458
Epoch=246, loss=0.0414
Epoch=247, loss=0.0410
Epoch=248, loss=0.0435
Epoch=249, loss=0.0447
Epoch=250, loss=0.0462
Epoch=251, loss=0.0417
Epoch=252, loss=0.0385
Epoch=253, loss=0.0404
Epoch=254, loss=0.0415
Epoch=255, loss=0.0430
Epoch=256, loss=0.0425
Epoch=257, loss=0.0412
Epoch=258, loss=0.0402
Epoch=259, loss=0.0409
Epoch=260, loss=0.0414
Epoch=261, loss=0.0378
Epoch=262, loss=0.0364
Epoch=263, loss=0.0375
Epoch=264, loss=0.0378
Epoch=265, loss=0.0442
Epoch=266, loss=0.0371
Epoch=267, loss=0.0393
Epoch=268, loss=0.0387
Epoch=269, loss=0.0393
Epoch=270, loss=0.0345
Epoch=271, loss=0.0401
Epoch=272, loss=0.0358
Epoch=273, loss=0.0353
Epoch=274, loss=0.0356
Epoch=275, loss=0.0361
Epoch=276, loss=0.0373
Epoch=277, loss=0.0354
Epoch=278, loss=0.0371
Epoch=279, loss=0.0392
Epoch=280, loss=0.0370
Epoch=281, loss=0.0371
Epoch=282, loss=0.0363
Epoch=283, loss=0.0365
Epoch=284, loss=0.0328
Epoch=285, loss=0.0349
Epoch=286, loss=0.0358
Epoch=287, loss=0.0329
Epoch=288, loss=0.0412
Epoch=289, loss=0.0360
Epoch=290, loss=0.0325
Epoch=291, loss=0.0312
Epoch=292, loss=0.0371
Epoch=293, loss=0.0306
Epoch=294, loss=0.0405
Epoch=295, loss=0.0308
Epoch=296, loss=0.0345
Epoch=297, loss=0.0346
Epoch=298, loss=0.0333
Epoch=299, loss=0.0323
Epoch=300, loss=0.0347
Epoch=301, loss=0.0333
Epoch=302, loss=0.0308
Epoch=303, loss=0.0337
Epoch=304, loss=0.0364
Epoch=305, loss=0.0344
Epoch=306, loss=0.0317
Epoch=307, loss=0.0340
Epoch=308, loss=0.0308
Epoch=309, loss=0.0294
Epoch=310, loss=0.0286
Epoch=311, loss=0.0326
Epoch=312, loss=0.0341
Epoch=313, loss=0.0324
Epoch=314, loss=0.0277
Epoch=315, loss=0.0354
Epoch=316, loss=0.0314
Epoch=317, loss=0.0346
Epoch=318, loss=0.0316
Epoch=319, loss=0.0319
Epoch=320, loss=0.0288
Epoch=321, loss=0.0307
Epoch=322, loss=0.0299
Epoch=323, loss=0.0329
Epoch=324, loss=0.0357
Epoch=325, loss=0.0297
Epoch=326, loss=0.0296
Epoch=327, loss=0.0295
Epoch=328, loss=0.0279
Epoch=329, loss=0.0323
Epoch=330, loss=0.0306
Epoch=331, loss=0.0283
Epoch=332, loss=0.0317
Epoch=333, loss=0.0276
Epoch=334, loss=0.0286
Epoch=335, loss=0.0283
Epoch=336, loss=0.0364
Epoch=337, loss=0.0306
Epoch=338, loss=0.0305
Epoch=339, loss=0.0246
Epoch=340, loss=0.0321
Epoch=341, loss=0.0332
Epoch=342, loss=0.0295
Epoch=343, loss=0.0303
Epoch=344, loss=0.0289
Epoch=345, loss=0.0313
Epoch=346, loss=0.0292
Epoch=347, loss=0.0284
Epoch=348, loss=0.0273
Epoch=349, loss=0.0245
Epoch=350, loss=0.0295
Epoch=351, loss=0.0284
Epoch=352, loss=0.0279
Epoch=353, loss=0.0283
Epoch=354, loss=0.0272
Epoch=355, loss=0.0272
Epoch=356, loss=0.0246
Epoch=357, loss=0.0255
Epoch=358, loss=0.0289
Epoch=359, loss=0.0253
Epoch=360, loss=0.0237
Epoch=361, loss=0.0303
Epoch=362, loss=0.0272
Epoch=363, loss=0.0250
Epoch=364, loss=0.0244
Epoch=365, loss=0.0258
Epoch=366, loss=0.0293
Epoch=367, loss=0.0282
Epoch=368, loss=0.0249
Epoch=369, loss=0.0304
Epoch=370, loss=0.0215
Epoch=371, loss=0.0276
Epoch=372, loss=0.0241
Epoch=373, loss=0.0250
Epoch=374, loss=0.0224
Epoch=375, loss=0.0261
Epoch=376, loss=0.0248
Epoch=377, loss=0.0258
Epoch=378, loss=0.0280
Epoch=379, loss=0.0255
Epoch=380, loss=0.0228
Epoch=381, loss=0.0248
Epoch=382, loss=0.0270
Epoch=383, loss=0.0206
Epoch=384, loss=0.0209
Epoch=385, loss=0.0237
Epoch=386, loss=0.0269
Epoch=387, loss=0.0228
Epoch=388, loss=0.0265
Epoch=389, loss=0.0227
Epoch=390, loss=0.0268
Epoch=391, loss=0.0222
Epoch=392, loss=0.0231
Epoch=393, loss=0.0228
Epoch=394, loss=0.0237
Epoch=395, loss=0.0228
Epoch=396, loss=0.0220
Epoch=397, loss=0.0224
Epoch=398, loss=0.0241
Epoch=399, loss=0.0233
Epoch=400, loss=0.0243
Epoch=401, loss=0.0240
Epoch=402, loss=0.0221
Epoch=403, loss=0.0236
Early stopping!
Loading 383th epoch
Early stopping!
Start to test process.
done with the edge prediction
done with the node prediction
done with the second node prediction
(E) | label_classification: F1Mi=0.7941+-0.0081, F1Ma=0.7767+-0.0086, acc=0.7941+-0.0081
[['MVGRL', 'heat', 16, 15, 2, 'normalize', 0.1, 0.2, 0.4, 0.001, 0.5, 0.2, 0.5, 0.0001, 512, 512, 0.9388151032978417, 0.9375479755317188, 0.9266083124196609, 0.9234591852952199, 0.75, 0.6499999761581421, 0.6165376901626587, 0.7428571581840515, 0.6439999938011169, 0.6102514266967773, 0.6233968130586864, 0.025534129446141793, 0.5613219336619502, 0.025901078938069647, 0.6233968130586864, 0.025534129446141793], ['MVGRL', 'heat', 32, 15, 2, 'normalize', 0.1, 0.2, 0.4, 0.001, 0.5, 0.2, 0.5, 0.0001, 512, 512, 0.9705190519936706, 0.9698024086196388, 0.9624129997227512, 0.9578093410751032, 0.800000011920929, 0.7620000243186951, 0.7412959337234497, 0.7857142686843872, 0.75, 0.7432301640510559, 0.7479984453944812, 0.01575567959056327, 0.7074912653044774, 0.026900672904108764, 0.7479984453944812, 0.01575567959056325], ['MVGRL', 'heat', 64, 15, 2, 'normalize', 0.1, 0.2, 0.4, 0.001, 0.5, 0.2, 0.5, 0.0001, 512, 512, 0.9450848678273771, 0.9390573151301596, 0.9446582819943181, 0.931903623375268, 0.8571428656578064, 0.765999972820282, 0.759187638759613, 0.8785714507102966, 0.765999972820282, 0.761605441570282, 0.7878740769529731, 0.010757712931506071, 0.7698332024746797, 0.011662537616962808, 0.7878740769529731, 0.01075771293150609], ['MVGRL', 'heat', 128, 15, 2, 'normalize', 0.1, 0.2, 0.4, 0.001, 0.5, 0.2, 0.5, 0.0001, 512, 512, 0.9856694997315082, 0.9843307283331983, 0.9710743206507062, 0.9622057947625904, 0.8571428656578064, 0.7879999876022339, 0.761605441570282, 0.8714285492897034, 0.7839999794960022, 0.7625725269317627, 0.7999222697240576, 0.012742550571921493, 0.7747011195487149, 0.016982371708824273, 0.7999222697240576, 0.01274255057192156], ['MVGRL', 'heat', 256, 15, 2, 'normalize', 0.1, 0.2, 0.4, 0.001, 0.5, 0.2, 0.5, 0.0001, 512, 512, 0.9929968229797185, 0.9923677143758228, 0.9764356621022654, 0.9708966862785123, 0.8857142925262451, 0.7979999780654907, 0.7780464291572571, 0.9071428775787354, 0.800000011920929, 0.7819148898124695, 0.7940924990283715, 0.008098136970471225, 0.7767237938587561, 0.008639461030724558, 0.7940924990283715, 0.0080981369704712]]
Epoch=000, loss=0.6962
Epoch=001, loss=0.8735
Epoch=002, loss=0.6697
Epoch=003, loss=0.7342
Epoch=004, loss=0.7260
Epoch=005, loss=0.6741
Epoch=006, loss=0.6679
Epoch=007, loss=0.6900
Epoch=008, loss=0.6682
Epoch=009, loss=0.6435
Epoch=010, loss=0.6374
Epoch=011, loss=0.6441
Epoch=012, loss=0.6348
Epoch=013, loss=0.6151
Epoch=014, loss=0.5968
Epoch=015, loss=0.5989
Epoch=016, loss=0.5897
Epoch=017, loss=0.5699
Epoch=018, loss=0.5552
Epoch=019, loss=0.5524
Epoch=020, loss=0.5389
Epoch=021, loss=0.5150
Epoch=022, loss=0.5109
Epoch=023, loss=0.5020
Epoch=024, loss=0.4803
Epoch=025, loss=0.4672
Epoch=026, loss=0.4657
Epoch=027, loss=0.4494
Epoch=028, loss=0.4393
Epoch=029, loss=0.4293
Epoch=030, loss=0.4179
Epoch=031, loss=0.4091
Epoch=032, loss=0.3954
Epoch=033, loss=0.3849
Epoch=034, loss=0.3695
Epoch=035, loss=0.3592
Epoch=036, loss=0.3614
Epoch=037, loss=0.3442
Epoch=038, loss=0.3345
Epoch=039, loss=0.3288
Epoch=040, loss=0.3149
Epoch=041, loss=0.3119
Epoch=042, loss=0.2965
Epoch=043, loss=0.2933
Epoch=044, loss=0.2868
Epoch=045, loss=0.2801
Epoch=046, loss=0.2770
Epoch=047, loss=0.2616
Epoch=048, loss=0.2577
Epoch=049, loss=0.2476
Epoch=050, loss=0.2384
Epoch=051, loss=0.2366
Epoch=052, loss=0.2268
Epoch=053, loss=0.2224
Epoch=054, loss=0.2180
Epoch=055, loss=0.2117
Epoch=056, loss=0.2092
Epoch=057, loss=0.2042
Epoch=058, loss=0.1990
Epoch=059, loss=0.1997
Epoch=060, loss=0.1912
Epoch=061, loss=0.1849
Epoch=062, loss=0.1817
Epoch=063, loss=0.1741
Epoch=064, loss=0.1668
Epoch=065, loss=0.1706
Epoch=066, loss=0.1657
Epoch=067, loss=0.1637
Epoch=068, loss=0.1673
Epoch=069, loss=0.1543
Epoch=070, loss=0.1433
Epoch=071, loss=0.1479
Epoch=072, loss=0.1437
Epoch=073, loss=0.1435
Epoch=074, loss=0.1430
Epoch=075, loss=0.1378
Epoch=076, loss=0.1335
Epoch=077, loss=0.1270
Epoch=078, loss=0.1307
Epoch=079, loss=0.1265
Epoch=080, loss=0.1292
Epoch=081, loss=0.1252
Epoch=082, loss=0.1242
Epoch=083, loss=0.1199
Epoch=084, loss=0.1189
Epoch=085, loss=0.1217
Epoch=086, loss=0.1185
Epoch=087, loss=0.1173
Epoch=088, loss=0.1184
Epoch=089, loss=0.1152
Epoch=090, loss=0.1096
Epoch=091, loss=0.1055
Epoch=092, loss=0.1102
Epoch=093, loss=0.1080
Epoch=094, loss=0.1038
Epoch=095, loss=0.0986
Epoch=096, loss=0.1020
Epoch=097, loss=0.1027
Epoch=098, loss=0.1001
Epoch=099, loss=0.0932
Epoch=100, loss=0.0948
Epoch=101, loss=0.1002
Epoch=102, loss=0.0972
Epoch=103, loss=0.0933
Epoch=104, loss=0.0945
Epoch=105, loss=0.0909
Epoch=106, loss=0.0875
Epoch=107, loss=0.0960
Epoch=108, loss=0.0901
Epoch=109, loss=0.0883
Epoch=110, loss=0.0947
Epoch=111, loss=0.0879
Epoch=112, loss=0.0852
Epoch=113, loss=0.0869
Epoch=114, loss=0.0812
Epoch=115, loss=0.0838
Epoch=116, loss=0.0820
Epoch=117, loss=0.0819
Epoch=118, loss=0.0856
Epoch=119, loss=0.0809
Epoch=120, loss=0.0796
Epoch=121, loss=0.0828
Epoch=122, loss=0.0827
Epoch=123, loss=0.0770
Epoch=124, loss=0.0787
Epoch=125, loss=0.0844
Epoch=126, loss=0.0736
Epoch=127, loss=0.0784
Epoch=128, loss=0.0722
Epoch=129, loss=0.0755
Epoch=130, loss=0.0738
Epoch=131, loss=0.0701
Epoch=132, loss=0.0752
Epoch=133, loss=0.0750
Epoch=134, loss=0.0731
Epoch=135, loss=0.0698
Epoch=136, loss=0.0737
Epoch=137, loss=0.0684
Epoch=138, loss=0.0674
Epoch=139, loss=0.0750
Epoch=140, loss=0.0667
Epoch=141, loss=0.0671
Epoch=142, loss=0.0666
Epoch=143, loss=0.0646
Epoch=144, loss=0.0698
Epoch=145, loss=0.0716
Epoch=146, loss=0.0708
Epoch=147, loss=0.0672
Epoch=148, loss=0.0682
Epoch=149, loss=0.0645
Epoch=150, loss=0.0699
Epoch=151, loss=0.0619
Epoch=152, loss=0.0621
Epoch=153, loss=0.0696
Epoch=154, loss=0.0630
Epoch=155, loss=0.0672
Epoch=156, loss=0.0640
Epoch=157, loss=0.0649
Epoch=158, loss=0.0613
Epoch=159, loss=0.0656
Epoch=160, loss=0.0640
Epoch=161, loss=0.0584
Epoch=162, loss=0.0570
Epoch=163, loss=0.0603
Epoch=164, loss=0.0646
Epoch=165, loss=0.0588
Epoch=166, loss=0.0561
Epoch=167, loss=0.0594
Epoch=168, loss=0.0600
Epoch=169, loss=0.0567
Epoch=170, loss=0.0598
Epoch=171, loss=0.0593
Epoch=172, loss=0.0586
Epoch=173, loss=0.0573
Epoch=174, loss=0.0608
Epoch=175, loss=0.0596
Epoch=176, loss=0.0602
Epoch=177, loss=0.0562
Epoch=178, loss=0.0572
Epoch=179, loss=0.0511
Epoch=180, loss=0.0528
Epoch=181, loss=0.0588
Epoch=182, loss=0.0563
Epoch=183, loss=0.0555
Epoch=184, loss=0.0562
Epoch=185, loss=0.0536
Epoch=186, loss=0.0532
Epoch=187, loss=0.0585
Epoch=188, loss=0.0569
Epoch=189, loss=0.0512
Epoch=190, loss=0.0526
Epoch=191, loss=0.0525
Epoch=192, loss=0.0560
Epoch=193, loss=0.0468
Epoch=194, loss=0.0511
Epoch=195, loss=0.0554
Epoch=196, loss=0.0515
Epoch=197, loss=0.0514
Epoch=198, loss=0.0520
Epoch=199, loss=0.0501
Epoch=200, loss=0.0513
Epoch=201, loss=0.0512
Epoch=202, loss=0.0563
Epoch=203, loss=0.0514
Epoch=204, loss=0.0490
Epoch=205, loss=0.0481
Epoch=206, loss=0.0483
Epoch=207, loss=0.0477
Epoch=208, loss=0.0494
Epoch=209, loss=0.0469
Epoch=210, loss=0.0505
Epoch=211, loss=0.0463
Epoch=212, loss=0.0507
Epoch=213, loss=0.0473
Epoch=214, loss=0.0468
Epoch=215, loss=0.0478
Epoch=216, loss=0.0503
Epoch=217, loss=0.0513
Epoch=218, loss=0.0494
Epoch=219, loss=0.0499
Epoch=220, loss=0.0454
Epoch=221, loss=0.0462
Epoch=222, loss=0.0483
Epoch=223, loss=0.0512
Epoch=224, loss=0.0452
Epoch=225, loss=0.0436
Epoch=226, loss=0.0435
Epoch=227, loss=0.0470
Epoch=228, loss=0.0444
Epoch=229, loss=0.0510
Epoch=230, loss=0.0444
Epoch=231, loss=0.0467
Epoch=232, loss=0.0467
Epoch=233, loss=0.0489
Epoch=234, loss=0.0455
Epoch=235, loss=0.0423
Epoch=236, loss=0.0428
Epoch=237, loss=0.0412
Epoch=238, loss=0.0444
Epoch=239, loss=0.0447
Epoch=240, loss=0.0418
Epoch=241, loss=0.0436
Epoch=242, loss=0.0467
Epoch=243, loss=0.0395
Epoch=244, loss=0.0378
Epoch=245, loss=0.0409
Epoch=246, loss=0.0446
Epoch=247, loss=0.0439
Epoch=248, loss=0.0437
Epoch=249, loss=0.0439
Epoch=250, loss=0.0437
Epoch=251, loss=0.0427
Epoch=252, loss=0.0410
Epoch=253, loss=0.0420
Epoch=254, loss=0.0378
Epoch=255, loss=0.0405
Epoch=256, loss=0.0437
Epoch=257, loss=0.0439
Epoch=258, loss=0.0365
Epoch=259, loss=0.0427
Epoch=260, loss=0.0382
Epoch=261, loss=0.0398
Epoch=262, loss=0.0401
Epoch=263, loss=0.0373
Epoch=264, loss=0.0382
Epoch=265, loss=0.0369
Epoch=266, loss=0.0442
Epoch=267, loss=0.0450
Epoch=268, loss=0.0394
Epoch=269, loss=0.0387
Epoch=270, loss=0.0389
Epoch=271, loss=0.0423
Epoch=272, loss=0.0394
Epoch=273, loss=0.0407
Epoch=274, loss=0.0358
Epoch=275, loss=0.0398
Epoch=276, loss=0.0415
Epoch=277, loss=0.0369
Epoch=278, loss=0.0378
Epoch=279, loss=0.0375
Epoch=280, loss=0.0375
Epoch=281, loss=0.0388
Epoch=282, loss=0.0359
Epoch=283, loss=0.0379
Epoch=284, loss=0.0399
Epoch=285, loss=0.0361
Epoch=286, loss=0.0378
Epoch=287, loss=0.0381
Epoch=288, loss=0.0359
Epoch=289, loss=0.0366
Epoch=290, loss=0.0378
Epoch=291, loss=0.0342
Epoch=292, loss=0.0362
Epoch=293, loss=0.0376
Epoch=294, loss=0.0418
Epoch=295, loss=0.0364
Epoch=296, loss=0.0361
Epoch=297, loss=0.0328
Epoch=298, loss=0.0401
Epoch=299, loss=0.0388
Epoch=300, loss=0.0399
Epoch=301, loss=0.0335
Epoch=302, loss=0.0369
Epoch=303, loss=0.0348
Epoch=304, loss=0.0352
Epoch=305, loss=0.0363
Epoch=306, loss=0.0355
Epoch=307, loss=0.0356
Epoch=308, loss=0.0322
Epoch=309, loss=0.0380
Epoch=310, loss=0.0326
Epoch=311, loss=0.0303
Epoch=312, loss=0.0306
Epoch=313, loss=0.0329
Epoch=314, loss=0.0344
Epoch=315, loss=0.0348
Epoch=316, loss=0.0335
Epoch=317, loss=0.0359
Epoch=318, loss=0.0284
Epoch=319, loss=0.0268
Epoch=320, loss=0.0338
Epoch=321, loss=0.0350
Epoch=322, loss=0.0344
Epoch=323, loss=0.0305
Epoch=324, loss=0.0332
Epoch=325, loss=0.0337
Epoch=326, loss=0.0317
Epoch=327, loss=0.0316
Epoch=328, loss=0.0330
Epoch=329, loss=0.0323
Epoch=330, loss=0.0293
Epoch=331, loss=0.0316
Epoch=332, loss=0.0334
Epoch=333, loss=0.0346
Epoch=334, loss=0.0332
Epoch=335, loss=0.0326
Epoch=336, loss=0.0292
Epoch=337, loss=0.0283
Epoch=338, loss=0.0355
Epoch=339, loss=0.0311
Early stopping!
Loading 319th epoch
Early stopping!
Start to test process.
done with the edge prediction
done with the node prediction
done with the second node prediction
(E) | label_classification: F1Mi=0.7991+-0.0065, F1Ma=0.7729+-0.0152, acc=0.7991+-0.0065
[['MVGRL', 'heat', 16, 15, 2, 'normalize', 0.1, 0.2, 0.4, 0.001, 0.5, 0.2, 0.5, 0.0001, 512, 512, 0.9388151032978417, 0.9375479755317188, 0.9266083124196609, 0.9234591852952199, 0.75, 0.6499999761581421, 0.6165376901626587, 0.7428571581840515, 0.6439999938011169, 0.6102514266967773, 0.6233968130586864, 0.025534129446141793, 0.5613219336619502, 0.025901078938069647, 0.6233968130586864, 0.025534129446141793], ['MVGRL', 'heat', 32, 15, 2, 'normalize', 0.1, 0.2, 0.4, 0.001, 0.5, 0.2, 0.5, 0.0001, 512, 512, 0.9705190519936706, 0.9698024086196388, 0.9624129997227512, 0.9578093410751032, 0.800000011920929, 0.7620000243186951, 0.7412959337234497, 0.7857142686843872, 0.75, 0.7432301640510559, 0.7479984453944812, 0.01575567959056327, 0.7074912653044774, 0.026900672904108764, 0.7479984453944812, 0.01575567959056325], ['MVGRL', 'heat', 64, 15, 2, 'normalize', 0.1, 0.2, 0.4, 0.001, 0.5, 0.2, 0.5, 0.0001, 512, 512, 0.9450848678273771, 0.9390573151301596, 0.9446582819943181, 0.931903623375268, 0.8571428656578064, 0.765999972820282, 0.759187638759613, 0.8785714507102966, 0.765999972820282, 0.761605441570282, 0.7878740769529731, 0.010757712931506071, 0.7698332024746797, 0.011662537616962808, 0.7878740769529731, 0.01075771293150609], ['MVGRL', 'heat', 128, 15, 2, 'normalize', 0.1, 0.2, 0.4, 0.001, 0.5, 0.2, 0.5, 0.0001, 512, 512, 0.9856694997315082, 0.9843307283331983, 0.9710743206507062, 0.9622057947625904, 0.8571428656578064, 0.7879999876022339, 0.761605441570282, 0.8714285492897034, 0.7839999794960022, 0.7625725269317627, 0.7999222697240576, 0.012742550571921493, 0.7747011195487149, 0.016982371708824273, 0.7999222697240576, 0.01274255057192156], ['MVGRL', 'heat', 256, 15, 2, 'normalize', 0.1, 0.2, 0.4, 0.001, 0.5, 0.2, 0.5, 0.0001, 512, 512, 0.9929968229797185, 0.9923677143758228, 0.9764356621022654, 0.9708966862785123, 0.8857142925262451, 0.7979999780654907, 0.7780464291572571, 0.9071428775787354, 0.800000011920929, 0.7819148898124695, 0.7940924990283715, 0.008098136970471225, 0.7767237938587561, 0.008639461030724558, 0.7940924990283715, 0.0080981369704712], ['MVGRL', 'heat', 512, 15, 2, 'normalize', 0.1, 0.2, 0.4, 0.001, 0.5, 0.2, 0.5, 0.0001, 512, 512, 0.9990761162267533, 0.9989831021851343, 0.9811668929063944, 0.9760451180180014, 0.8928571343421936, 0.8159999847412109, 0.7930367588996887, 0.8999999761581421, 0.8159999847412109, 0.7852997779846191, 0.7991449669646327, 0.006519156267784492, 0.772909091027849, 0.015229155747446998, 0.7991449669646327, 0.0065191562677844525]]
