My SLURM_ARRAY_TASK_ID:  6
My SLURM_ARRAY_JOB_ID:  4522329
MVGRL
Cora
result file is 4522329_6
Dataset: Cora():
======================
Number of graphs: 1
Number of features: 1433
Number of classes: 7
Data(x=[2708, 1433], edge_index=[2, 10556], y=[2708], train_mask=[2708], val_mask=[2708], test_mask=[2708])
==============================================================
Number of nodes: 2708
Number of edges: 10556
Average node degree: 3.90
Number of training nodes: 140
Training node label rate: 0.05
Contains isolated nodes: False
Contains self-loops: False
Is undirected: True
Epoch=000, loss=0.6937
Epoch=001, loss=0.6935
Epoch=002, loss=0.6931
Epoch=003, loss=0.6928
Epoch=004, loss=0.6926
Epoch=005, loss=0.6920
Epoch=006, loss=0.6915
Epoch=007, loss=0.6914
Epoch=008, loss=0.6913
Epoch=009, loss=0.6909
Epoch=010, loss=0.6906
Epoch=011, loss=0.6898
Epoch=012, loss=0.6897
Epoch=013, loss=0.6892
Epoch=014, loss=0.6888
Epoch=015, loss=0.6886
Epoch=016, loss=0.6877
Epoch=017, loss=0.6880
Epoch=018, loss=0.6873
Epoch=019, loss=0.6862
Epoch=020, loss=0.6861
Epoch=021, loss=0.6855
Epoch=022, loss=0.6850
Epoch=023, loss=0.6839
Epoch=024, loss=0.6838
Epoch=025, loss=0.6824
Epoch=026, loss=0.6819
Epoch=027, loss=0.6816
Epoch=028, loss=0.6805
Epoch=029, loss=0.6804
Epoch=030, loss=0.6797
Epoch=031, loss=0.6785
Epoch=032, loss=0.6781
Epoch=033, loss=0.6770
Epoch=034, loss=0.6753
Epoch=035, loss=0.6742
Epoch=036, loss=0.6741
Epoch=037, loss=0.6734
Epoch=038, loss=0.6732
Epoch=039, loss=0.6715
Epoch=040, loss=0.6707
Epoch=041, loss=0.6680
Epoch=042, loss=0.6684
Epoch=043, loss=0.6675
Epoch=044, loss=0.6673
Epoch=045, loss=0.6645
Epoch=046, loss=0.6650
Epoch=047, loss=0.6626
Epoch=048, loss=0.6628
Epoch=049, loss=0.6605
Epoch=050, loss=0.6611
Epoch=051, loss=0.6594
Epoch=052, loss=0.6592
Epoch=053, loss=0.6561
Epoch=054, loss=0.6545
Epoch=055, loss=0.6551
Epoch=056, loss=0.6548
Epoch=057, loss=0.6498
Epoch=058, loss=0.6508
Epoch=059, loss=0.6505
Epoch=060, loss=0.6487
Epoch=061, loss=0.6468
Epoch=062, loss=0.6419
Epoch=063, loss=0.6436
Epoch=064, loss=0.6410
Epoch=065, loss=0.6417
Epoch=066, loss=0.6377
Epoch=067, loss=0.6391
Epoch=068, loss=0.6380
Epoch=069, loss=0.6352
Epoch=070, loss=0.6386
Epoch=071, loss=0.6340
Epoch=072, loss=0.6297
Epoch=073, loss=0.6324
Epoch=074, loss=0.6303
Epoch=075, loss=0.6276
Epoch=076, loss=0.6235
Epoch=077, loss=0.6286
Epoch=078, loss=0.6237
Epoch=079, loss=0.6255
Epoch=080, loss=0.6224
Epoch=081, loss=0.6207
Epoch=082, loss=0.6174
Epoch=083, loss=0.6175
Epoch=084, loss=0.6169
Epoch=085, loss=0.6166
Epoch=086, loss=0.6114
Epoch=087, loss=0.6115
Epoch=088, loss=0.6132
Epoch=089, loss=0.6078
Epoch=090, loss=0.6077
Epoch=091, loss=0.6051
Epoch=092, loss=0.6063
Epoch=093, loss=0.6049
Epoch=094, loss=0.6016
Epoch=095, loss=0.5997
Epoch=096, loss=0.6023
Epoch=097, loss=0.5972
Epoch=098, loss=0.5990
Epoch=099, loss=0.5997
Epoch=100, loss=0.5937
Epoch=101, loss=0.5926
Epoch=102, loss=0.5920
Epoch=103, loss=0.5882
Epoch=104, loss=0.5931
Epoch=105, loss=0.5861
Epoch=106, loss=0.5884
Epoch=107, loss=0.5868
Epoch=108, loss=0.5833
Epoch=109, loss=0.5821
Epoch=110, loss=0.5816
Epoch=111, loss=0.5832
Epoch=112, loss=0.5841
Epoch=113, loss=0.5779
Epoch=114, loss=0.5788
Epoch=115, loss=0.5781
Epoch=116, loss=0.5710
Epoch=117, loss=0.5757
Epoch=118, loss=0.5741
Epoch=119, loss=0.5735
Epoch=120, loss=0.5635
Epoch=121, loss=0.5681
Epoch=122, loss=0.5701
Epoch=123, loss=0.5664
Epoch=124, loss=0.5612
Epoch=125, loss=0.5597
Epoch=126, loss=0.5650
Epoch=127, loss=0.5601
Epoch=128, loss=0.5575
Epoch=129, loss=0.5578
Epoch=130, loss=0.5571
Epoch=131, loss=0.5521
Epoch=132, loss=0.5539
Epoch=133, loss=0.5515
Epoch=134, loss=0.5555
Epoch=135, loss=0.5489
Epoch=136, loss=0.5466
Epoch=137, loss=0.5458
Epoch=138, loss=0.5425
Epoch=139, loss=0.5427
Epoch=140, loss=0.5431
Epoch=141, loss=0.5406
Epoch=142, loss=0.5384
Epoch=143, loss=0.5393
Epoch=144, loss=0.5371
Epoch=145, loss=0.5347
Epoch=146, loss=0.5328
Epoch=147, loss=0.5382
Epoch=148, loss=0.5357
Epoch=149, loss=0.5260
Epoch=150, loss=0.5337
Epoch=151, loss=0.5322
Epoch=152, loss=0.5260
Epoch=153, loss=0.5235
Epoch=154, loss=0.5241
Epoch=155, loss=0.5236
Epoch=156, loss=0.5211
Epoch=157, loss=0.5213
Epoch=158, loss=0.5160
Epoch=159, loss=0.5157
Epoch=160, loss=0.5193
Epoch=161, loss=0.5168
Epoch=162, loss=0.5128
Epoch=163, loss=0.5090
Epoch=164, loss=0.5110
Epoch=165, loss=0.5115
Epoch=166, loss=0.5218
Epoch=167, loss=0.5130
Epoch=168, loss=0.5061
Epoch=169, loss=0.5053
Epoch=170, loss=0.5047
Epoch=171, loss=0.5025
Epoch=172, loss=0.5047
Epoch=173, loss=0.5024
Epoch=174, loss=0.4953
Epoch=175, loss=0.4969
Epoch=176, loss=0.5001
Epoch=177, loss=0.4939
Epoch=178, loss=0.4931
Epoch=179, loss=0.4936
Epoch=180, loss=0.4926
Epoch=181, loss=0.4882
Epoch=182, loss=0.4852
Epoch=183, loss=0.4887
Epoch=184, loss=0.4836
Epoch=185, loss=0.4902
Epoch=186, loss=0.4854
Epoch=187, loss=0.4812
Epoch=188, loss=0.4782
Epoch=189, loss=0.4791
Epoch=190, loss=0.4809
Epoch=191, loss=0.4791
Epoch=192, loss=0.4816
Epoch=193, loss=0.4812
Epoch=194, loss=0.4738
Epoch=195, loss=0.4722
Epoch=196, loss=0.4733
Epoch=197, loss=0.4704
Epoch=198, loss=0.4632
Epoch=199, loss=0.4694
Epoch=200, loss=0.4692
Epoch=201, loss=0.4668
Epoch=202, loss=0.4655
Epoch=203, loss=0.4689
Epoch=204, loss=0.4611
Epoch=205, loss=0.4628
Epoch=206, loss=0.4599
Epoch=207, loss=0.4577
Epoch=208, loss=0.4579
Epoch=209, loss=0.4624
Epoch=210, loss=0.4582
Epoch=211, loss=0.4507
Epoch=212, loss=0.4533
Epoch=213, loss=0.4546
Epoch=214, loss=0.4499
Epoch=215, loss=0.4543
Epoch=216, loss=0.4418
Epoch=217, loss=0.4497
Epoch=218, loss=0.4429
Epoch=219, loss=0.4417
Epoch=220, loss=0.4417
Epoch=221, loss=0.4451
Epoch=222, loss=0.4431
Epoch=223, loss=0.4406
Epoch=224, loss=0.4351
Epoch=225, loss=0.4383
Epoch=226, loss=0.4357
Epoch=227, loss=0.4372
Epoch=228, loss=0.4318
Epoch=229, loss=0.4357
Epoch=230, loss=0.4346
Epoch=231, loss=0.4346
Epoch=232, loss=0.4324
Epoch=233, loss=0.4345
Epoch=234, loss=0.4289
Epoch=235, loss=0.4226
Epoch=236, loss=0.4253
Epoch=237, loss=0.4296
Epoch=238, loss=0.4265
Epoch=239, loss=0.4230
Epoch=240, loss=0.4210
Epoch=241, loss=0.4218
Epoch=242, loss=0.4203
Epoch=243, loss=0.4172
Epoch=244, loss=0.4180
Epoch=245, loss=0.4192
Epoch=246, loss=0.4177
Epoch=247, loss=0.4143
Epoch=248, loss=0.4144
Epoch=249, loss=0.4174
Epoch=250, loss=0.4080
Epoch=251, loss=0.4159
Epoch=252, loss=0.4078
Epoch=253, loss=0.4105
Epoch=254, loss=0.4027
Epoch=255, loss=0.4079
Epoch=256, loss=0.4049
Epoch=257, loss=0.4063
Epoch=258, loss=0.4046
Epoch=259, loss=0.4051
Epoch=260, loss=0.4018
Epoch=261, loss=0.4006
Epoch=262, loss=0.4039
Epoch=263, loss=0.4017
Epoch=264, loss=0.3990
Epoch=265, loss=0.4029
Epoch=266, loss=0.3929
Epoch=267, loss=0.4046
Epoch=268, loss=0.3949
Epoch=269, loss=0.3962
Epoch=270, loss=0.3969
Epoch=271, loss=0.3896
Epoch=272, loss=0.3905
Epoch=273, loss=0.3895
Epoch=274, loss=0.3886
Epoch=275, loss=0.3879
Epoch=276, loss=0.3907
Epoch=277, loss=0.3888
Epoch=278, loss=0.3895
Epoch=279, loss=0.3825
Epoch=280, loss=0.3847
Epoch=281, loss=0.3824
Epoch=282, loss=0.3808
Epoch=283, loss=0.3826
Epoch=284, loss=0.3820
Epoch=285, loss=0.3793
Epoch=286, loss=0.3794
Epoch=287, loss=0.3756
Epoch=288, loss=0.3759
Epoch=289, loss=0.3768
Epoch=290, loss=0.3745
Epoch=291, loss=0.3801
Epoch=292, loss=0.3751
Epoch=293, loss=0.3688
Epoch=294, loss=0.3657
Epoch=295, loss=0.3714
Epoch=296, loss=0.3757
Epoch=297, loss=0.3683
Epoch=298, loss=0.3679
Epoch=299, loss=0.3711
Epoch=300, loss=0.3669
Epoch=301, loss=0.3663
Epoch=302, loss=0.3651
Epoch=303, loss=0.3618
Epoch=304, loss=0.3586
Epoch=305, loss=0.3627
Epoch=306, loss=0.3600
Epoch=307, loss=0.3585
Epoch=308, loss=0.3631
Epoch=309, loss=0.3592
Epoch=310, loss=0.3558
Epoch=311, loss=0.3563
Epoch=312, loss=0.3576
Epoch=313, loss=0.3511
Epoch=314, loss=0.3557
Epoch=315, loss=0.3526
Epoch=316, loss=0.3556
Epoch=317, loss=0.3534
Epoch=318, loss=0.3462
Epoch=319, loss=0.3478
Epoch=320, loss=0.3530
Epoch=321, loss=0.3537
Epoch=322, loss=0.3457
Epoch=323, loss=0.3472
Epoch=324, loss=0.3485
Epoch=325, loss=0.3473
Epoch=326, loss=0.3481
Epoch=327, loss=0.3406
Epoch=328, loss=0.3420
Epoch=329, loss=0.3370
Epoch=330, loss=0.3431
Epoch=331, loss=0.3414
Epoch=332, loss=0.3408
Epoch=333, loss=0.3366
Epoch=334, loss=0.3398
Epoch=335, loss=0.3391
Epoch=336, loss=0.3342
Epoch=337, loss=0.3355
Epoch=338, loss=0.3344
Epoch=339, loss=0.3315
Epoch=340, loss=0.3297
Epoch=341, loss=0.3371
Epoch=342, loss=0.3306
Epoch=343, loss=0.3316
Epoch=344, loss=0.3281
Epoch=345, loss=0.3322
Epoch=346, loss=0.3277
Epoch=347, loss=0.3280
Epoch=348, loss=0.3312
Epoch=349, loss=0.3258
Epoch=350, loss=0.3262
Epoch=351, loss=0.3236
Epoch=352, loss=0.3242
Epoch=353, loss=0.3261
Epoch=354, loss=0.3200
Epoch=355, loss=0.3217
Epoch=356, loss=0.3248
Epoch=357, loss=0.3209
Epoch=358, loss=0.3169
Epoch=359, loss=0.3208
Epoch=360, loss=0.3232
Epoch=361, loss=0.3131
Epoch=362, loss=0.3191
Epoch=363, loss=0.3155
Epoch=364, loss=0.3195
Epoch=365, loss=0.3161
Epoch=366, loss=0.3162
Epoch=367, loss=0.3135
Epoch=368, loss=0.3123
Epoch=369, loss=0.3127
Epoch=370, loss=0.3083
Epoch=371, loss=0.3100
Epoch=372, loss=0.3083
Epoch=373, loss=0.3050
Epoch=374, loss=0.3109
Epoch=375, loss=0.3117
Epoch=376, loss=0.3048
Epoch=377, loss=0.3059
Epoch=378, loss=0.3054
Epoch=379, loss=0.3021
Epoch=380, loss=0.3038
Epoch=381, loss=0.3039
Epoch=382, loss=0.3037
Epoch=383, loss=0.3035
Epoch=384, loss=0.3053
Epoch=385, loss=0.3047
Epoch=386, loss=0.2962
Epoch=387, loss=0.2989
Epoch=388, loss=0.2952
Epoch=389, loss=0.3009
Epoch=390, loss=0.2984
Epoch=391, loss=0.2970
Epoch=392, loss=0.2976
Epoch=393, loss=0.2925
Epoch=394, loss=0.2930
Epoch=395, loss=0.2964
Epoch=396, loss=0.2928
Epoch=397, loss=0.2885
Epoch=398, loss=0.2962
Epoch=399, loss=0.2940
Epoch=400, loss=0.2892
Epoch=401, loss=0.2910
Epoch=402, loss=0.2880
Epoch=403, loss=0.2916
Epoch=404, loss=0.2897
Epoch=405, loss=0.2895
Epoch=406, loss=0.2884
Epoch=407, loss=0.2871
Epoch=408, loss=0.2859
Epoch=409, loss=0.2815
Epoch=410, loss=0.2880
Epoch=411, loss=0.2844
Epoch=412, loss=0.2800
Epoch=413, loss=0.2842
Epoch=414, loss=0.2794
Epoch=415, loss=0.2817
Epoch=416, loss=0.2822
Epoch=417, loss=0.2780
Epoch=418, loss=0.2797
Epoch=419, loss=0.2764
Epoch=420, loss=0.2799
Epoch=421, loss=0.2798
Epoch=422, loss=0.2729
Epoch=423, loss=0.2752
Epoch=424, loss=0.2745
Epoch=425, loss=0.2787
Epoch=426, loss=0.2695
Epoch=427, loss=0.2694
Epoch=428, loss=0.2725
Epoch=429, loss=0.2747
Epoch=430, loss=0.2719
Epoch=431, loss=0.2797
Epoch=432, loss=0.2703
Epoch=433, loss=0.2679
Epoch=434, loss=0.2695
Epoch=435, loss=0.2669
Epoch=436, loss=0.2655
Epoch=437, loss=0.2618
Epoch=438, loss=0.2676
Epoch=439, loss=0.2672
Epoch=440, loss=0.2650
Epoch=441, loss=0.2614
Epoch=442, loss=0.2690
Epoch=443, loss=0.2691
Epoch=444, loss=0.2692
Epoch=445, loss=0.2641
Epoch=446, loss=0.2654
Epoch=447, loss=0.2614
Epoch=448, loss=0.2581
Epoch=449, loss=0.2583
Epoch=450, loss=0.2555
Epoch=451, loss=0.2592
Epoch=452, loss=0.2600
Epoch=453, loss=0.2584
Epoch=454, loss=0.2555
Epoch=455, loss=0.2603
Epoch=456, loss=0.2562
Epoch=457, loss=0.2565
Epoch=458, loss=0.2521
Epoch=459, loss=0.2526
Epoch=460, loss=0.2579
Epoch=461, loss=0.2520
Epoch=462, loss=0.2633
Epoch=463, loss=0.2525
Epoch=464, loss=0.2506
Epoch=465, loss=0.2467
Epoch=466, loss=0.2461
Epoch=467, loss=0.2500
Epoch=468, loss=0.2508
Epoch=469, loss=0.2484
Epoch=470, loss=0.2463
Epoch=471, loss=0.2588
Epoch=472, loss=0.2502
Epoch=473, loss=0.2470
Epoch=474, loss=0.2463
Epoch=475, loss=0.2455
Epoch=476, loss=0.2463
Epoch=477, loss=0.2438
Epoch=478, loss=0.2476
Epoch=479, loss=0.2464
Epoch=480, loss=0.2437
Epoch=481, loss=0.2411
Epoch=482, loss=0.2423
Epoch=483, loss=0.2398
Epoch=484, loss=0.2398
Epoch=485, loss=0.2445
Epoch=486, loss=0.2386
Epoch=487, loss=0.2388
Epoch=488, loss=0.2369
Epoch=489, loss=0.2379
Epoch=490, loss=0.2405
Epoch=491, loss=0.2336
Epoch=492, loss=0.2369
Epoch=493, loss=0.2343
Epoch=494, loss=0.2354
Epoch=495, loss=0.2388
Epoch=496, loss=0.2366
Epoch=497, loss=0.2353
Epoch=498, loss=0.2296
Epoch=499, loss=0.2299
Loading 498th epoch
Early stopping!
Start to test process.
done with the edge prediction
done with the node prediction
done with the second node prediction
(E) | label_classification: F1Mi=0.5671+-0.0187, F1Ma=0.5089+-0.0172, acc=0.5671+-0.0187
[['MVGRL', 'heat', 16, 15, 2, 'normalize', 0.1, 0.2, 0.4, 0.001, 0.5, 0.2, 0.5, 0.0001, 512, 512, 0.9311730171326349, 0.9286803079298508, 0.9321640880138552, 0.9320222936363982, 0.6000000238418579, 0.5199999809265137, 0.48887813091278076, 0.4357142746448517, 0.5260000228881836, 0.5058026909828186, 0.5671200932763312, 0.018665627385686605, 0.5089418056988969, 0.017247741416500456, 0.5671200932763312, 0.018665627385686605]]
Epoch=000, loss=0.6952
Epoch=001, loss=0.6941
Epoch=002, loss=0.6931
Epoch=003, loss=0.6923
Epoch=004, loss=0.6915
Epoch=005, loss=0.6912
Epoch=006, loss=0.6901
Epoch=007, loss=0.6889
Epoch=008, loss=0.6886
Epoch=009, loss=0.6877
Epoch=010, loss=0.6866
Epoch=011, loss=0.6858
Epoch=012, loss=0.6846
Epoch=013, loss=0.6835
Epoch=014, loss=0.6823
Epoch=015, loss=0.6813
Epoch=016, loss=0.6800
Epoch=017, loss=0.6789
Epoch=018, loss=0.6766
Epoch=019, loss=0.6751
Epoch=020, loss=0.6739
Epoch=021, loss=0.6714
Epoch=022, loss=0.6700
Epoch=023, loss=0.6677
Epoch=024, loss=0.6658
Epoch=025, loss=0.6635
Epoch=026, loss=0.6609
Epoch=027, loss=0.6598
Epoch=028, loss=0.6567
Epoch=029, loss=0.6544
Epoch=030, loss=0.6521
Epoch=031, loss=0.6500
Epoch=032, loss=0.6462
Epoch=033, loss=0.6409
Epoch=034, loss=0.6411
Epoch=035, loss=0.6372
Epoch=036, loss=0.6343
Epoch=037, loss=0.6339
Epoch=038, loss=0.6306
Epoch=039, loss=0.6243
Epoch=040, loss=0.6235
Epoch=041, loss=0.6191
Epoch=042, loss=0.6156
Epoch=043, loss=0.6116
Epoch=044, loss=0.6099
Epoch=045, loss=0.6060
Epoch=046, loss=0.6037
Epoch=047, loss=0.6000
Epoch=048, loss=0.5964
Epoch=049, loss=0.5932
Epoch=050, loss=0.5882
Epoch=051, loss=0.5879
Epoch=052, loss=0.5817
Epoch=053, loss=0.5794
Epoch=054, loss=0.5754
Epoch=055, loss=0.5698
Epoch=056, loss=0.5682
Epoch=057, loss=0.5625
Epoch=058, loss=0.5659
Epoch=059, loss=0.5586
Epoch=060, loss=0.5564
Epoch=061, loss=0.5525
Epoch=062, loss=0.5489
Epoch=063, loss=0.5459
Epoch=064, loss=0.5439
Epoch=065, loss=0.5419
Epoch=066, loss=0.5386
Epoch=067, loss=0.5361
Epoch=068, loss=0.5305
Epoch=069, loss=0.5231
Epoch=070, loss=0.5226
Epoch=071, loss=0.5256
Epoch=072, loss=0.5155
Epoch=073, loss=0.5138
Epoch=074, loss=0.5107
Epoch=075, loss=0.5098
Epoch=076, loss=0.5048
Epoch=077, loss=0.5033
Epoch=078, loss=0.5009
Epoch=079, loss=0.4983
Epoch=080, loss=0.4951
Epoch=081, loss=0.4956
Epoch=082, loss=0.4917
Epoch=083, loss=0.4871
Epoch=084, loss=0.4852
Epoch=085, loss=0.4838
Epoch=086, loss=0.4828
Epoch=087, loss=0.4795
Epoch=088, loss=0.4772
Epoch=089, loss=0.4737
Epoch=090, loss=0.4714
Epoch=091, loss=0.4696
Epoch=092, loss=0.4656
Epoch=093, loss=0.4615
Epoch=094, loss=0.4609
Epoch=095, loss=0.4577
Epoch=096, loss=0.4539
Epoch=097, loss=0.4535
Epoch=098, loss=0.4528
Epoch=099, loss=0.4482
Epoch=100, loss=0.4424
Epoch=101, loss=0.4440
Epoch=102, loss=0.4446
Epoch=103, loss=0.4404
Epoch=104, loss=0.4381
Epoch=105, loss=0.4345
Epoch=106, loss=0.4309
Epoch=107, loss=0.4326
Epoch=108, loss=0.4263
Epoch=109, loss=0.4307
Epoch=110, loss=0.4244
Epoch=111, loss=0.4203
Epoch=112, loss=0.4219
Epoch=113, loss=0.4203
Epoch=114, loss=0.4156
Epoch=115, loss=0.4171
Epoch=116, loss=0.4151
Epoch=117, loss=0.4191
Epoch=118, loss=0.4092
Epoch=119, loss=0.4031
Epoch=120, loss=0.4056
Epoch=121, loss=0.4058
Epoch=122, loss=0.4028
Epoch=123, loss=0.4002
Epoch=124, loss=0.3972
Epoch=125, loss=0.3996
Epoch=126, loss=0.3971
Epoch=127, loss=0.3938
Epoch=128, loss=0.3925
Epoch=129, loss=0.3906
Epoch=130, loss=0.3918
Epoch=131, loss=0.3848
Epoch=132, loss=0.3825
Epoch=133, loss=0.3823
Epoch=134, loss=0.3864
Epoch=135, loss=0.3798
Epoch=136, loss=0.3783
Epoch=137, loss=0.3768
Epoch=138, loss=0.3753
Epoch=139, loss=0.3749
Epoch=140, loss=0.3723
Epoch=141, loss=0.3696
Epoch=142, loss=0.3687
Epoch=143, loss=0.3666
Epoch=144, loss=0.3667
Epoch=145, loss=0.3639
Epoch=146, loss=0.3619
Epoch=147, loss=0.3620
Epoch=148, loss=0.3597
Epoch=149, loss=0.3561
Epoch=150, loss=0.3592
Epoch=151, loss=0.3541
Epoch=152, loss=0.3544
Epoch=153, loss=0.3532
Epoch=154, loss=0.3522
Epoch=155, loss=0.3477
Epoch=156, loss=0.3491
Epoch=157, loss=0.3481
Epoch=158, loss=0.3449
Epoch=159, loss=0.3547
Epoch=160, loss=0.3440
Epoch=161, loss=0.3405
Epoch=162, loss=0.3388
Epoch=163, loss=0.3382
Epoch=164, loss=0.3366
Epoch=165, loss=0.3378
Epoch=166, loss=0.3345
Epoch=167, loss=0.3341
Epoch=168, loss=0.3286
Epoch=169, loss=0.3292
Epoch=170, loss=0.3280
Epoch=171, loss=0.3286
Epoch=172, loss=0.3252
Epoch=173, loss=0.3246
Epoch=174, loss=0.3272
Epoch=175, loss=0.3177
Epoch=176, loss=0.3199
Epoch=177, loss=0.3195
Epoch=178, loss=0.3172
Epoch=179, loss=0.3155
Epoch=180, loss=0.3133
Epoch=181, loss=0.3142
Epoch=182, loss=0.3135
Epoch=183, loss=0.3159
Epoch=184, loss=0.3094
Epoch=185, loss=0.3068
Epoch=186, loss=0.3120
Epoch=187, loss=0.3098
Epoch=188, loss=0.3034
Epoch=189, loss=0.3002
Epoch=190, loss=0.3002
Epoch=191, loss=0.3059
Epoch=192, loss=0.2998
Epoch=193, loss=0.2965
Epoch=194, loss=0.2979
Epoch=195, loss=0.2994
Epoch=196, loss=0.2942
Epoch=197, loss=0.2911
Epoch=198, loss=0.2970
Epoch=199, loss=0.2912
Epoch=200, loss=0.2965
Epoch=201, loss=0.2925
Epoch=202, loss=0.2909
Epoch=203, loss=0.2882
Epoch=204, loss=0.2852
Epoch=205, loss=0.2859
Epoch=206, loss=0.2827
Epoch=207, loss=0.2830
Epoch=208, loss=0.2814
Epoch=209, loss=0.2870
Epoch=210, loss=0.2785
Epoch=211, loss=0.2833
Epoch=212, loss=0.2757
Epoch=213, loss=0.2733
Epoch=214, loss=0.2742
Epoch=215, loss=0.2767
Epoch=216, loss=0.2761
Epoch=217, loss=0.2679
Epoch=218, loss=0.2744
Epoch=219, loss=0.2691
Epoch=220, loss=0.2643
Epoch=221, loss=0.2666
Epoch=222, loss=0.2682
Epoch=223, loss=0.2642
Epoch=224, loss=0.2655
Epoch=225, loss=0.2664
Epoch=226, loss=0.2596
Epoch=227, loss=0.2671
Epoch=228, loss=0.2581
Epoch=229, loss=0.2609
Epoch=230, loss=0.2583
Epoch=231, loss=0.2566
Epoch=232, loss=0.2543
Epoch=233, loss=0.2552
Epoch=234, loss=0.2529
Epoch=235, loss=0.2563
Epoch=236, loss=0.2514
Epoch=237, loss=0.2522
Epoch=238, loss=0.2492
Epoch=239, loss=0.2494
Epoch=240, loss=0.2499
Epoch=241, loss=0.2512
Epoch=242, loss=0.2483
Epoch=243, loss=0.2463
Epoch=244, loss=0.2460
Epoch=245, loss=0.2427
Epoch=246, loss=0.2428
Epoch=247, loss=0.2392
Epoch=248, loss=0.2393
Epoch=249, loss=0.2415
Epoch=250, loss=0.2399
Epoch=251, loss=0.2410
Epoch=252, loss=0.2351
Epoch=253, loss=0.2354
Epoch=254, loss=0.2324
Epoch=255, loss=0.2302
Epoch=256, loss=0.2320
Epoch=257, loss=0.2351
Epoch=258, loss=0.2390
Epoch=259, loss=0.2334
Epoch=260, loss=0.2296
Epoch=261, loss=0.2285
Epoch=262, loss=0.2276
Epoch=263, loss=0.2221
Epoch=264, loss=0.2217
Epoch=265, loss=0.2247
Epoch=266, loss=0.2213
Epoch=267, loss=0.2287
Epoch=268, loss=0.2242
Epoch=269, loss=0.2227
Epoch=270, loss=0.2198
Epoch=271, loss=0.2226
Epoch=272, loss=0.2154
Epoch=273, loss=0.2191
Epoch=274, loss=0.2183
Epoch=275, loss=0.2214
Epoch=276, loss=0.2160
Epoch=277, loss=0.2145
Epoch=278, loss=0.2140
Epoch=279, loss=0.2115
Epoch=280, loss=0.2106
Epoch=281, loss=0.2100
Epoch=282, loss=0.2122
Epoch=283, loss=0.2084
Epoch=284, loss=0.2125
Epoch=285, loss=0.2103
Epoch=286, loss=0.2053
Epoch=287, loss=0.2038
Epoch=288, loss=0.2111
Epoch=289, loss=0.2083
Epoch=290, loss=0.2049
Epoch=291, loss=0.2074
Epoch=292, loss=0.2059
Epoch=293, loss=0.2052
Epoch=294, loss=0.2058
Epoch=295, loss=0.1986
Epoch=296, loss=0.1992
Epoch=297, loss=0.1973
Epoch=298, loss=0.1981
Epoch=299, loss=0.1974
Epoch=300, loss=0.1979
Epoch=301, loss=0.1982
Epoch=302, loss=0.1944
Epoch=303, loss=0.1959
Epoch=304, loss=0.1953
Epoch=305, loss=0.1924
Epoch=306, loss=0.1945
Epoch=307, loss=0.1950
Epoch=308, loss=0.1962
Epoch=309, loss=0.1897
Epoch=310, loss=0.1906
Epoch=311, loss=0.1826
Epoch=312, loss=0.1910
Epoch=313, loss=0.1853
Epoch=314, loss=0.1904
Epoch=315, loss=0.1847
Epoch=316, loss=0.1866
Epoch=317, loss=0.1830
Epoch=318, loss=0.1846
Epoch=319, loss=0.1821
Epoch=320, loss=0.1829
Epoch=321, loss=0.1842
Epoch=322, loss=0.1786
Epoch=323, loss=0.1810
Epoch=324, loss=0.1800
Epoch=325, loss=0.1822
Epoch=326, loss=0.1765
Epoch=327, loss=0.1798
Epoch=328, loss=0.1751
Epoch=329, loss=0.1798
Epoch=330, loss=0.1753
Epoch=331, loss=0.1788
Epoch=332, loss=0.1712
Epoch=333, loss=0.1731
Epoch=334, loss=0.1827
Epoch=335, loss=0.1717
Epoch=336, loss=0.1732
Epoch=337, loss=0.1756
Epoch=338, loss=0.1710
Epoch=339, loss=0.1725
Epoch=340, loss=0.1734
Epoch=341, loss=0.1742
Epoch=342, loss=0.1739
Epoch=343, loss=0.1682
Epoch=344, loss=0.1691
Epoch=345, loss=0.1635
Epoch=346, loss=0.1662
Epoch=347, loss=0.1627
Epoch=348, loss=0.1643
Epoch=349, loss=0.1680
Epoch=350, loss=0.1657
Epoch=351, loss=0.1646
Epoch=352, loss=0.1623
Epoch=353, loss=0.1631
Epoch=354, loss=0.1629
Epoch=355, loss=0.1680
Epoch=356, loss=0.1667
Epoch=357, loss=0.1604
Epoch=358, loss=0.1693
Epoch=359, loss=0.1632
Epoch=360, loss=0.1576
Epoch=361, loss=0.1608
Epoch=362, loss=0.1605
Epoch=363, loss=0.1602
Epoch=364, loss=0.1584
Epoch=365, loss=0.1589
Epoch=366, loss=0.1571
Epoch=367, loss=0.1553
Epoch=368, loss=0.1575
Epoch=369, loss=0.1550
Epoch=370, loss=0.1564
Epoch=371, loss=0.1548
Epoch=372, loss=0.1562
Epoch=373, loss=0.1538
Epoch=374, loss=0.1525
Epoch=375, loss=0.1534
Epoch=376, loss=0.1499
Epoch=377, loss=0.1531
Epoch=378, loss=0.1507
Epoch=379, loss=0.1500
Epoch=380, loss=0.1459
Epoch=381, loss=0.1537
Epoch=382, loss=0.1574
Epoch=383, loss=0.1495
Epoch=384, loss=0.1468
Epoch=385, loss=0.1455
Epoch=386, loss=0.1486
Epoch=387, loss=0.1517
Epoch=388, loss=0.1488
Epoch=389, loss=0.1463
Epoch=390, loss=0.1482
Epoch=391, loss=0.1438
Epoch=392, loss=0.1462
Epoch=393, loss=0.1436
Epoch=394, loss=0.1432
Epoch=395, loss=0.1424
Epoch=396, loss=0.1427
Epoch=397, loss=0.1388
Epoch=398, loss=0.1469
Epoch=399, loss=0.1418
Epoch=400, loss=0.1392
Epoch=401, loss=0.1425
Epoch=402, loss=0.1434
Epoch=403, loss=0.1389
Epoch=404, loss=0.1444
Epoch=405, loss=0.1375
Epoch=406, loss=0.1359
Epoch=407, loss=0.1374
Epoch=408, loss=0.1378
Epoch=409, loss=0.1359
Epoch=410, loss=0.1358
Epoch=411, loss=0.1356
Epoch=412, loss=0.1351
Epoch=413, loss=0.1371
Epoch=414, loss=0.1357
Epoch=415, loss=0.1396
Epoch=416, loss=0.1304
Epoch=417, loss=0.1346
Epoch=418, loss=0.1386
Epoch=419, loss=0.1338
Epoch=420, loss=0.1338
Epoch=421, loss=0.1287
Epoch=422, loss=0.1338
Epoch=423, loss=0.1295
Epoch=424, loss=0.1324
Epoch=425, loss=0.1338
Epoch=426, loss=0.1355
Epoch=427, loss=0.1327
Epoch=428, loss=0.1271
Epoch=429, loss=0.1276
Epoch=430, loss=0.1267
Epoch=431, loss=0.1312
Epoch=432, loss=0.1280
Epoch=433, loss=0.1310
Epoch=434, loss=0.1283
Epoch=435, loss=0.1294
Epoch=436, loss=0.1268
Epoch=437, loss=0.1326
Epoch=438, loss=0.1280
Epoch=439, loss=0.1261
Epoch=440, loss=0.1261
Epoch=441, loss=0.1280
Epoch=442, loss=0.1236
Epoch=443, loss=0.1279
Epoch=444, loss=0.1248
Epoch=445, loss=0.1238
Epoch=446, loss=0.1248
Epoch=447, loss=0.1243
Epoch=448, loss=0.1211
Epoch=449, loss=0.1259
Epoch=450, loss=0.1212
Epoch=451, loss=0.1242
Epoch=452, loss=0.1223
Epoch=453, loss=0.1218
Epoch=454, loss=0.1188
Epoch=455, loss=0.1227
Epoch=456, loss=0.1215
Epoch=457, loss=0.1191
Epoch=458, loss=0.1192
Epoch=459, loss=0.1190
Epoch=460, loss=0.1178
Epoch=461, loss=0.1151
Epoch=462, loss=0.1192
Epoch=463, loss=0.1179
Epoch=464, loss=0.1177
Epoch=465, loss=0.1201
Epoch=466, loss=0.1223
Epoch=467, loss=0.1251
Epoch=468, loss=0.1221
Epoch=469, loss=0.1154
Epoch=470, loss=0.1123
Epoch=471, loss=0.1167
Epoch=472, loss=0.1191
Epoch=473, loss=0.1160
Epoch=474, loss=0.1189
Epoch=475, loss=0.1122
Epoch=476, loss=0.1147
Epoch=477, loss=0.1125
Epoch=478, loss=0.1127
Epoch=479, loss=0.1159
Epoch=480, loss=0.1167
Epoch=481, loss=0.1157
Epoch=482, loss=0.1171
Epoch=483, loss=0.1159
Epoch=484, loss=0.1117
Epoch=485, loss=0.1105
Epoch=486, loss=0.1115
Epoch=487, loss=0.1107
Epoch=488, loss=0.1127
Epoch=489, loss=0.1126
Epoch=490, loss=0.1095
Epoch=491, loss=0.1120
Epoch=492, loss=0.1110
Epoch=493, loss=0.1099
Epoch=494, loss=0.1065
Epoch=495, loss=0.1098
Epoch=496, loss=0.1057
Epoch=497, loss=0.1063
Epoch=498, loss=0.1111
Epoch=499, loss=0.1084
Loading 496th epoch
done with the edge prediction
done with the node prediction
done with the second node prediction
(E) | label_classification: F1Mi=0.7634+-0.0177, F1Ma=0.7455+-0.0193, acc=0.7634+-0.0177
[['MVGRL', 'heat', 16, 15, 2, 'normalize', 0.1, 0.2, 0.4, 0.001, 0.5, 0.2, 0.5, 0.0001, 512, 512, 0.9311730171326349, 0.9286803079298508, 0.9321640880138552, 0.9320222936363982, 0.6000000238418579, 0.5199999809265137, 0.48887813091278076, 0.4357142746448517, 0.5260000228881836, 0.5058026909828186, 0.5671200932763312, 0.018665627385686605, 0.5089418056988969, 0.017247741416500456, 0.5671200932763312, 0.018665627385686605], ['MVGRL', 'heat', 32, 15, 2, 'normalize', 0.1, 0.2, 0.4, 0.001, 0.5, 0.2, 0.5, 0.0001, 512, 512, 0.9743399709584044, 0.9730684032857028, 0.9642817278714142, 0.9565256149787587, 0.7928571701049805, 0.7620000243186951, 0.7514506578445435, 0.7214285731315613, 0.7580000162124634, 0.7582204937934875, 0.7633890400310921, 0.017749755741863542, 0.7455109195180186, 0.01928086871271946, 0.7633890400310921, 0.017749755741863476]]
Epoch=000, loss=0.6949
Epoch=001, loss=0.6924
Epoch=002, loss=0.6911
Epoch=003, loss=0.6890
Epoch=004, loss=0.6869
Epoch=005, loss=0.6849
Epoch=006, loss=0.6825
Epoch=007, loss=0.6804
Epoch=008, loss=0.6782
Epoch=009, loss=0.6757
Epoch=010, loss=0.6715
Epoch=011, loss=0.6699
Epoch=012, loss=0.6666
Epoch=013, loss=0.6629
Epoch=014, loss=0.6597
Epoch=015, loss=0.6555
Epoch=016, loss=0.6534
Epoch=017, loss=0.6477
Epoch=018, loss=0.6428
Epoch=019, loss=0.6391
Epoch=020, loss=0.6354
Epoch=021, loss=0.6287
Epoch=022, loss=0.6230
Epoch=023, loss=0.6200
Epoch=024, loss=0.6160
Epoch=025, loss=0.6094
Epoch=026, loss=0.6042
Epoch=027, loss=0.6001
Epoch=028, loss=0.5947
Epoch=029, loss=0.5918
Epoch=030, loss=0.5893
Epoch=031, loss=0.5808
Epoch=032, loss=0.5783
Epoch=033, loss=0.5708
Epoch=034, loss=0.5666
Epoch=035, loss=0.5575
Epoch=036, loss=0.5504
Epoch=037, loss=0.5507
Epoch=038, loss=0.5471
Epoch=039, loss=0.5422
Epoch=040, loss=0.5340
Epoch=041, loss=0.5245
Epoch=042, loss=0.5231
Epoch=043, loss=0.5173
Epoch=044, loss=0.5174
Epoch=045, loss=0.5160
Epoch=046, loss=0.5065
Epoch=047, loss=0.5099
Epoch=048, loss=0.4986
Epoch=049, loss=0.4920
Epoch=050, loss=0.4955
Epoch=051, loss=0.4785
Epoch=052, loss=0.4776
Epoch=053, loss=0.4791
Epoch=054, loss=0.4732
Epoch=055, loss=0.4694
Epoch=056, loss=0.4677
Epoch=057, loss=0.4637
Epoch=058, loss=0.4590
Epoch=059, loss=0.4543
Epoch=060, loss=0.4466
Epoch=061, loss=0.4477
Epoch=062, loss=0.4435
Epoch=063, loss=0.4296
Epoch=064, loss=0.4335
Epoch=065, loss=0.4360
Epoch=066, loss=0.4298
Epoch=067, loss=0.4258
Epoch=068, loss=0.4243
Epoch=069, loss=0.4178
Epoch=070, loss=0.4137
Epoch=071, loss=0.4094
Epoch=072, loss=0.4037
Epoch=073, loss=0.4057
Epoch=074, loss=0.4016
Epoch=075, loss=0.3963
Epoch=076, loss=0.3989
Epoch=077, loss=0.3950
Epoch=078, loss=0.3873
Epoch=079, loss=0.3831
Epoch=080, loss=0.3803
Epoch=081, loss=0.3790
Epoch=082, loss=0.3785
Epoch=083, loss=0.3777
Epoch=084, loss=0.3705
Epoch=085, loss=0.3689
Epoch=086, loss=0.3685
Epoch=087, loss=0.3652
Epoch=088, loss=0.3627
Epoch=089, loss=0.3588
Epoch=090, loss=0.3587
Epoch=091, loss=0.3552
Epoch=092, loss=0.3506
Epoch=093, loss=0.3449
Epoch=094, loss=0.3459
Epoch=095, loss=0.3455
Epoch=096, loss=0.3437
Epoch=097, loss=0.3396
Epoch=098, loss=0.3379
Epoch=099, loss=0.3328
Epoch=100, loss=0.3312
Epoch=101, loss=0.3291
Epoch=102, loss=0.3271
Epoch=103, loss=0.3189
Epoch=104, loss=0.3194
Epoch=105, loss=0.3213
Epoch=106, loss=0.3159
Epoch=107, loss=0.3194
Epoch=108, loss=0.3148
Epoch=109, loss=0.3145
Epoch=110, loss=0.3083
Epoch=111, loss=0.3062
Epoch=112, loss=0.3032
Epoch=113, loss=0.3051
Epoch=114, loss=0.3009
Epoch=115, loss=0.2991
Epoch=116, loss=0.3016
Epoch=117, loss=0.2978
Epoch=118, loss=0.2903
Epoch=119, loss=0.2888
Epoch=120, loss=0.2870
Epoch=121, loss=0.2852
Epoch=122, loss=0.2859
Epoch=123, loss=0.2893
Epoch=124, loss=0.2823
Epoch=125, loss=0.2778
Epoch=126, loss=0.2801
Epoch=127, loss=0.2730
Epoch=128, loss=0.2739
Epoch=129, loss=0.2743
Epoch=130, loss=0.2755
Epoch=131, loss=0.2666
Epoch=132, loss=0.2651
Epoch=133, loss=0.2647
Epoch=134, loss=0.2629
Epoch=135, loss=0.2585
Epoch=136, loss=0.2597
Epoch=137, loss=0.2586
Epoch=138, loss=0.2548
Epoch=139, loss=0.2492
Epoch=140, loss=0.2516
Epoch=141, loss=0.2538
Epoch=142, loss=0.2499
Epoch=143, loss=0.2442
Epoch=144, loss=0.2475
Epoch=145, loss=0.2436
Epoch=146, loss=0.2421
Epoch=147, loss=0.2480
Epoch=148, loss=0.2392
Epoch=149, loss=0.2369
Epoch=150, loss=0.2357
Epoch=151, loss=0.2353
Epoch=152, loss=0.2355
Epoch=153, loss=0.2339
Epoch=154, loss=0.2296
Epoch=155, loss=0.2296
Epoch=156, loss=0.2255
Epoch=157, loss=0.2256
Epoch=158, loss=0.2228
Epoch=159, loss=0.2256
Epoch=160, loss=0.2206
Epoch=161, loss=0.2165
Epoch=162, loss=0.2242
Epoch=163, loss=0.2149
Epoch=164, loss=0.2175
Epoch=165, loss=0.2096
Epoch=166, loss=0.2084
Epoch=167, loss=0.2114
Epoch=168, loss=0.2078
Epoch=169, loss=0.2066
Epoch=170, loss=0.2077
Epoch=171, loss=0.2040
Epoch=172, loss=0.2065
Epoch=173, loss=0.2032
Epoch=174, loss=0.1995
Epoch=175, loss=0.2038
Epoch=176, loss=0.1981
Epoch=177, loss=0.1941
Epoch=178, loss=0.1980
Epoch=179, loss=0.1955
Epoch=180, loss=0.1966
Epoch=181, loss=0.1935
Epoch=182, loss=0.1940
Epoch=183, loss=0.1901
Epoch=184, loss=0.1881
Epoch=185, loss=0.1901
Epoch=186, loss=0.1859
Epoch=187, loss=0.1818
Epoch=188, loss=0.1836
Epoch=189, loss=0.1869
Epoch=190, loss=0.1837
Epoch=191, loss=0.1815
Epoch=192, loss=0.1820
Epoch=193, loss=0.1816
Epoch=194, loss=0.1789
Epoch=195, loss=0.1765
Epoch=196, loss=0.1772
Epoch=197, loss=0.1769
Epoch=198, loss=0.1745
Epoch=199, loss=0.1766
Epoch=200, loss=0.1731
Epoch=201, loss=0.1688
Epoch=202, loss=0.1706
Epoch=203, loss=0.1699
Epoch=204, loss=0.1657
Epoch=205, loss=0.1706
Epoch=206, loss=0.1623
Epoch=207, loss=0.1632
Epoch=208, loss=0.1630
Epoch=209, loss=0.1640
Epoch=210, loss=0.1625
Epoch=211, loss=0.1664
Epoch=212, loss=0.1602
Epoch=213, loss=0.1621
Epoch=214, loss=0.1560
Epoch=215, loss=0.1559
Epoch=216, loss=0.1565
Epoch=217, loss=0.1587
Epoch=218, loss=0.1544
Epoch=219, loss=0.1567
Epoch=220, loss=0.1507
Epoch=221, loss=0.1490
Epoch=222, loss=0.1523
Epoch=223, loss=0.1541
Epoch=224, loss=0.1514
Epoch=225, loss=0.1493
Epoch=226, loss=0.1514
Epoch=227, loss=0.1484
Epoch=228, loss=0.1471
Epoch=229, loss=0.1536
Epoch=230, loss=0.1494
Epoch=231, loss=0.1484
Epoch=232, loss=0.1468
Epoch=233, loss=0.1432
Epoch=234, loss=0.1428
Epoch=235, loss=0.1431
Epoch=236, loss=0.1375
Epoch=237, loss=0.1415
Epoch=238, loss=0.1391
Epoch=239, loss=0.1366
Epoch=240, loss=0.1426
Epoch=241, loss=0.1432
Epoch=242, loss=0.1370
Epoch=243, loss=0.1359
Epoch=244, loss=0.1352
Epoch=245, loss=0.1387
Epoch=246, loss=0.1357
Epoch=247, loss=0.1309
Epoch=248, loss=0.1341
Epoch=249, loss=0.1383
Epoch=250, loss=0.1389
Epoch=251, loss=0.1329
Epoch=252, loss=0.1324
Epoch=253, loss=0.1317
Epoch=254, loss=0.1306
Epoch=255, loss=0.1330
Epoch=256, loss=0.1312
Epoch=257, loss=0.1313
Epoch=258, loss=0.1308
Epoch=259, loss=0.1286
Epoch=260, loss=0.1285
Epoch=261, loss=0.1277
Epoch=262, loss=0.1277
Epoch=263, loss=0.1296
Epoch=264, loss=0.1226
Epoch=265, loss=0.1246
Epoch=266, loss=0.1238
Epoch=267, loss=0.1255
Epoch=268, loss=0.1239
Epoch=269, loss=0.1223
Epoch=270, loss=0.1242
Epoch=271, loss=0.1221
Epoch=272, loss=0.1228
Epoch=273, loss=0.1175
Epoch=274, loss=0.1210
Epoch=275, loss=0.1191
Epoch=276, loss=0.1204
Epoch=277, loss=0.1221
Epoch=278, loss=0.1186
Epoch=279, loss=0.1196
Epoch=280, loss=0.1170
Epoch=281, loss=0.1176
Epoch=282, loss=0.1194
Epoch=283, loss=0.1157
Epoch=284, loss=0.1155
Epoch=285, loss=0.1129
Epoch=286, loss=0.1181
Epoch=287, loss=0.1097
Epoch=288, loss=0.1127
Epoch=289, loss=0.1115
Epoch=290, loss=0.1135
Epoch=291, loss=0.1115
Epoch=292, loss=0.1083
Epoch=293, loss=0.1147
Epoch=294, loss=0.1077
Epoch=295, loss=0.1100
Epoch=296, loss=0.1113
Epoch=297, loss=0.1088
Epoch=298, loss=0.1094
Epoch=299, loss=0.1079
Epoch=300, loss=0.1044
Epoch=301, loss=0.1073
Epoch=302, loss=0.1079
Epoch=303, loss=0.1082
Epoch=304, loss=0.1083
Epoch=305, loss=0.1081
Epoch=306, loss=0.1061
Epoch=307, loss=0.1043
Epoch=308, loss=0.1104
Epoch=309, loss=0.1035
Epoch=310, loss=0.1044
Epoch=311, loss=0.0991
Epoch=312, loss=0.1015
Epoch=313, loss=0.1047
Epoch=314, loss=0.1002
Epoch=315, loss=0.1026
Epoch=316, loss=0.1007
Epoch=317, loss=0.0992
Epoch=318, loss=0.1068
Epoch=319, loss=0.1016
Epoch=320, loss=0.1009
Epoch=321, loss=0.0968
Epoch=322, loss=0.0947
Epoch=323, loss=0.1022
Epoch=324, loss=0.0943
Epoch=325, loss=0.0937
Epoch=326, loss=0.0971
Epoch=327, loss=0.0951
Epoch=328, loss=0.0949
Epoch=329, loss=0.0983
Epoch=330, loss=0.0946
Epoch=331, loss=0.0984
Epoch=332, loss=0.0935
Epoch=333, loss=0.1028
Epoch=334, loss=0.0962
Epoch=335, loss=0.0968
Epoch=336, loss=0.0925
Epoch=337, loss=0.0924
Epoch=338, loss=0.0950
Epoch=339, loss=0.0912
Epoch=340, loss=0.0920
Epoch=341, loss=0.0934
Epoch=342, loss=0.0896
Epoch=343, loss=0.0939
Epoch=344, loss=0.0893
Epoch=345, loss=0.0944
Epoch=346, loss=0.0941
Epoch=347, loss=0.0902
Epoch=348, loss=0.0871
Epoch=349, loss=0.0864
Epoch=350, loss=0.0877
Epoch=351, loss=0.0876
Epoch=352, loss=0.0936
Epoch=353, loss=0.0868
Epoch=354, loss=0.0892
Epoch=355, loss=0.0896
Epoch=356, loss=0.0884
Epoch=357, loss=0.0870
Epoch=358, loss=0.0812
Epoch=359, loss=0.0839
Epoch=360, loss=0.0868
Epoch=361, loss=0.0889
Epoch=362, loss=0.0824
Epoch=363, loss=0.0903
Epoch=364, loss=0.0837
Epoch=365, loss=0.0816
Epoch=366, loss=0.0828
Epoch=367, loss=0.0811
Epoch=368, loss=0.0823
Epoch=369, loss=0.0843
Epoch=370, loss=0.0861
Epoch=371, loss=0.0866
Epoch=372, loss=0.0876
Epoch=373, loss=0.0843
Epoch=374, loss=0.0817
Epoch=375, loss=0.0820
Epoch=376, loss=0.0857
Epoch=377, loss=0.0854
Epoch=378, loss=0.0853
Epoch=379, loss=0.0812
Epoch=380, loss=0.0834
Epoch=381, loss=0.0757
Epoch=382, loss=0.0817
Epoch=383, loss=0.0798
Epoch=384, loss=0.0780
Epoch=385, loss=0.0812
Epoch=386, loss=0.0787
Epoch=387, loss=0.0777
Epoch=388, loss=0.0844
Epoch=389, loss=0.0770
Epoch=390, loss=0.0787
Epoch=391, loss=0.0780
Epoch=392, loss=0.0812
Epoch=393, loss=0.0806
Epoch=394, loss=0.0758
Epoch=395, loss=0.0768
Epoch=396, loss=0.0751
Epoch=397, loss=0.0735
Epoch=398, loss=0.0784
Epoch=399, loss=0.0836
Epoch=400, loss=0.0744
Epoch=401, loss=0.0772
Epoch=402, loss=0.0786
Epoch=403, loss=0.0725
Epoch=404, loss=0.0738
Epoch=405, loss=0.0794
Epoch=406, loss=0.0749
Epoch=407, loss=0.0717
Epoch=408, loss=0.0763
Epoch=409, loss=0.0767
Epoch=410, loss=0.0752
Epoch=411, loss=0.0742
Epoch=412, loss=0.0718
Epoch=413, loss=0.0733
Epoch=414, loss=0.0739
Epoch=415, loss=0.0743
Epoch=416, loss=0.0768
Epoch=417, loss=0.0717
Epoch=418, loss=0.0705
Epoch=419, loss=0.0703
Epoch=420, loss=0.0739
Epoch=421, loss=0.0720
Epoch=422, loss=0.0716
Epoch=423, loss=0.0712
Epoch=424, loss=0.0717
Epoch=425, loss=0.0708
Epoch=426, loss=0.0726
Epoch=427, loss=0.0739
Epoch=428, loss=0.0697
Epoch=429, loss=0.0678
Epoch=430, loss=0.0711
Epoch=431, loss=0.0718
Epoch=432, loss=0.0683
Epoch=433, loss=0.0705
Epoch=434, loss=0.0685
Epoch=435, loss=0.0669
Epoch=436, loss=0.0676
Epoch=437, loss=0.0656
Epoch=438, loss=0.0683
Epoch=439, loss=0.0670
Epoch=440, loss=0.0732
Epoch=441, loss=0.0705
Epoch=442, loss=0.0672
Epoch=443, loss=0.0624
Epoch=444, loss=0.0719
Epoch=445, loss=0.0745
Epoch=446, loss=0.0666
Epoch=447, loss=0.0689
Epoch=448, loss=0.0695
Epoch=449, loss=0.0681
Epoch=450, loss=0.0680
Epoch=451, loss=0.0764
Epoch=452, loss=0.0712
Epoch=453, loss=0.0696
Epoch=454, loss=0.0627
Epoch=455, loss=0.0644
Epoch=456, loss=0.0696
Epoch=457, loss=0.0635
Epoch=458, loss=0.0628
Epoch=459, loss=0.0674
Epoch=460, loss=0.0658
Epoch=461, loss=0.0654
Epoch=462, loss=0.0660
Epoch=463, loss=0.0649
Early stopping!
Loading 443th epoch
done with the edge prediction
done with the node prediction
done with the second node prediction
(E) | label_classification: F1Mi=0.7898+-0.0101, F1Ma=0.7657+-0.0201, acc=0.7898+-0.0101
[['MVGRL', 'heat', 16, 15, 2, 'normalize', 0.1, 0.2, 0.4, 0.001, 0.5, 0.2, 0.5, 0.0001, 512, 512, 0.9311730171326349, 0.9286803079298508, 0.9321640880138552, 0.9320222936363982, 0.6000000238418579, 0.5199999809265137, 0.48887813091278076, 0.4357142746448517, 0.5260000228881836, 0.5058026909828186, 0.5671200932763312, 0.018665627385686605, 0.5089418056988969, 0.017247741416500456, 0.5671200932763312, 0.018665627385686605], ['MVGRL', 'heat', 32, 15, 2, 'normalize', 0.1, 0.2, 0.4, 0.001, 0.5, 0.2, 0.5, 0.0001, 512, 512, 0.9743399709584044, 0.9730684032857028, 0.9642817278714142, 0.9565256149787587, 0.7928571701049805, 0.7620000243186951, 0.7514506578445435, 0.7214285731315613, 0.7580000162124634, 0.7582204937934875, 0.7633890400310921, 0.017749755741863542, 0.7455109195180186, 0.01928086871271946, 0.7633890400310921, 0.017749755741863476], ['MVGRL', 'heat', 64, 15, 2, 'normalize', 0.1, 0.2, 0.4, 0.001, 0.5, 0.2, 0.5, 0.0001, 512, 512, 0.9834145262788312, 0.9812918178235521, 0.9727522152890047, 0.9642742415598088, 0.7928571701049805, 0.7480000257492065, 0.75, 0.800000011920929, 0.7400000095367432, 0.7466151118278503, 0.7898173338515352, 0.010144917763330272, 0.7656585359135379, 0.020069075725681514, 0.7898173338515352, 0.010144917763330265]]
Epoch=000, loss=0.6935
Epoch=001, loss=0.6902
Epoch=002, loss=0.6853
Epoch=003, loss=0.6807
Epoch=004, loss=0.6767
Epoch=005, loss=0.6730
Epoch=006, loss=0.6679
Epoch=007, loss=0.6609
Epoch=008, loss=0.6549
Epoch=009, loss=0.6477
Epoch=010, loss=0.6410
Epoch=011, loss=0.6345
Epoch=012, loss=0.6261
Epoch=013, loss=0.6143
Epoch=014, loss=0.6094
Epoch=015, loss=0.5973
Epoch=016, loss=0.5884
Epoch=017, loss=0.5811
Epoch=018, loss=0.5739
Epoch=019, loss=0.5644
Epoch=020, loss=0.5504
Epoch=021, loss=0.5430
Epoch=022, loss=0.5398
Epoch=023, loss=0.5295
Epoch=024, loss=0.5211
Epoch=025, loss=0.5104
Epoch=026, loss=0.5044
Epoch=027, loss=0.5011
Epoch=028, loss=0.4901
Epoch=029, loss=0.4826
Epoch=030, loss=0.4713
Epoch=031, loss=0.4699
Epoch=032, loss=0.4567
Epoch=033, loss=0.4534
Epoch=034, loss=0.4466
Epoch=035, loss=0.4368
Epoch=036, loss=0.4327
Epoch=037, loss=0.4279
Epoch=038, loss=0.4185
Epoch=039, loss=0.4150
Epoch=040, loss=0.4110
Epoch=041, loss=0.4045
Epoch=042, loss=0.3967
Epoch=043, loss=0.3946
Epoch=044, loss=0.3886
Epoch=045, loss=0.3818
Epoch=046, loss=0.3747
Epoch=047, loss=0.3738
Epoch=048, loss=0.3671
Epoch=049, loss=0.3622
Epoch=050, loss=0.3640
Epoch=051, loss=0.3503
Epoch=052, loss=0.3442
Epoch=053, loss=0.3452
Epoch=054, loss=0.3379
Epoch=055, loss=0.3325
Epoch=056, loss=0.3330
Epoch=057, loss=0.3225
Epoch=058, loss=0.3257
Epoch=059, loss=0.3164
Epoch=060, loss=0.3116
Epoch=061, loss=0.3111
Epoch=062, loss=0.3089
Epoch=063, loss=0.2992
Epoch=064, loss=0.2992
Epoch=065, loss=0.2942
Epoch=066, loss=0.2916
Epoch=067, loss=0.2841
Epoch=068, loss=0.2845
Epoch=069, loss=0.2775
Epoch=070, loss=0.2797
Epoch=071, loss=0.2734
Epoch=072, loss=0.2662
Epoch=073, loss=0.2679
Epoch=074, loss=0.2605
Epoch=075, loss=0.2608
Epoch=076, loss=0.2554
Epoch=077, loss=0.2534
Epoch=078, loss=0.2477
Epoch=079, loss=0.2471
Epoch=080, loss=0.2440
Epoch=081, loss=0.2411
Epoch=082, loss=0.2376
Epoch=083, loss=0.2330
Epoch=084, loss=0.2313
Epoch=085, loss=0.2262
Epoch=086, loss=0.2300
Epoch=087, loss=0.2263
Epoch=088, loss=0.2253
Epoch=089, loss=0.2191
Epoch=090, loss=0.2184
Epoch=091, loss=0.2135
Epoch=092, loss=0.2100
Epoch=093, loss=0.2110
Epoch=094, loss=0.2014
Epoch=095, loss=0.2030
Epoch=096, loss=0.1998
Epoch=097, loss=0.2023
Epoch=098, loss=0.1999
Epoch=099, loss=0.1981
Epoch=100, loss=0.1934
Epoch=101, loss=0.1942
Epoch=102, loss=0.1860
Epoch=103, loss=0.1888
Epoch=104, loss=0.1896
Epoch=105, loss=0.1857
Epoch=106, loss=0.1818
Epoch=107, loss=0.1811
Epoch=108, loss=0.1777
Epoch=109, loss=0.1748
Epoch=110, loss=0.1793
Epoch=111, loss=0.1776
Epoch=112, loss=0.1739
Epoch=113, loss=0.1657
Epoch=114, loss=0.1686
Epoch=115, loss=0.1634
Epoch=116, loss=0.1688
Epoch=117, loss=0.1641
Epoch=118, loss=0.1571
Epoch=119, loss=0.1591
Epoch=120, loss=0.1560
Epoch=121, loss=0.1544
Epoch=122, loss=0.1562
Epoch=123, loss=0.1600
Epoch=124, loss=0.1522
Epoch=125, loss=0.1510
Epoch=126, loss=0.1481
Epoch=127, loss=0.1476
Epoch=128, loss=0.1513
Epoch=129, loss=0.1491
Epoch=130, loss=0.1448
Epoch=131, loss=0.1448
Epoch=132, loss=0.1430
Epoch=133, loss=0.1419
Epoch=134, loss=0.1414
Epoch=135, loss=0.1369
Epoch=136, loss=0.1392
Epoch=137, loss=0.1392
Epoch=138, loss=0.1369
Epoch=139, loss=0.1370
Epoch=140, loss=0.1355
Epoch=141, loss=0.1346
Epoch=142, loss=0.1336
Epoch=143, loss=0.1336
Epoch=144, loss=0.1337
Epoch=145, loss=0.1274
Epoch=146, loss=0.1262
Epoch=147, loss=0.1300
Epoch=148, loss=0.1280
Epoch=149, loss=0.1302
Epoch=150, loss=0.1312
Epoch=151, loss=0.1312
Epoch=152, loss=0.1253
Epoch=153, loss=0.1207
Epoch=154, loss=0.1193
Epoch=155, loss=0.1235
Epoch=156, loss=0.1210
Epoch=157, loss=0.1208
Epoch=158, loss=0.1141
Epoch=159, loss=0.1212
Epoch=160, loss=0.1129
Epoch=161, loss=0.1196
Epoch=162, loss=0.1158
Epoch=163, loss=0.1154
Epoch=164, loss=0.1094
Epoch=165, loss=0.1139
Epoch=166, loss=0.1127
Epoch=167, loss=0.1124
Epoch=168, loss=0.1172
Epoch=169, loss=0.1117
Epoch=170, loss=0.1064
Epoch=171, loss=0.1077
Epoch=172, loss=0.1090
Epoch=173, loss=0.1121
Epoch=174, loss=0.1036
Epoch=175, loss=0.1074
Epoch=176, loss=0.1113
Epoch=177, loss=0.1071
Epoch=178, loss=0.1015
Epoch=179, loss=0.1075
Epoch=180, loss=0.1075
Epoch=181, loss=0.1046
Epoch=182, loss=0.1019
Epoch=183, loss=0.1058
Epoch=184, loss=0.1005
Epoch=185, loss=0.1011
Epoch=186, loss=0.1003
Epoch=187, loss=0.0976
Epoch=188, loss=0.0965
Epoch=189, loss=0.0982
Epoch=190, loss=0.0951
Epoch=191, loss=0.1005
Epoch=192, loss=0.0975
Epoch=193, loss=0.0971
Epoch=194, loss=0.0990
Epoch=195, loss=0.0909
Epoch=196, loss=0.0950
Epoch=197, loss=0.0922
Epoch=198, loss=0.0974
Epoch=199, loss=0.0964
Epoch=200, loss=0.0932
Epoch=201, loss=0.0941
Epoch=202, loss=0.0920
Epoch=203, loss=0.0901
Epoch=204, loss=0.0906
Epoch=205, loss=0.0940
Epoch=206, loss=0.0890
Epoch=207, loss=0.0900
Epoch=208, loss=0.0861
Epoch=209, loss=0.0856
Epoch=210, loss=0.0864
Epoch=211, loss=0.0859
Epoch=212, loss=0.0902
Epoch=213, loss=0.0925
Epoch=214, loss=0.0817
Epoch=215, loss=0.0853
Epoch=216, loss=0.0875
Epoch=217, loss=0.0858
Epoch=218, loss=0.0823
Epoch=219, loss=0.0845
Epoch=220, loss=0.0855
Epoch=221, loss=0.0810
Epoch=222, loss=0.0884
Epoch=223, loss=0.0854
Epoch=224, loss=0.0901
Epoch=225, loss=0.0858
Epoch=226, loss=0.0769
Epoch=227, loss=0.0820
Epoch=228, loss=0.0811
Epoch=229, loss=0.0820
Epoch=230, loss=0.0817
Epoch=231, loss=0.0794
Epoch=232, loss=0.0783
Epoch=233, loss=0.0849
Epoch=234, loss=0.0820
Epoch=235, loss=0.0783
Epoch=236, loss=0.0786
Epoch=237, loss=0.0819
Epoch=238, loss=0.0845
Epoch=239, loss=0.0837
Epoch=240, loss=0.0782
Epoch=241, loss=0.0718
Epoch=242, loss=0.0804
Epoch=243, loss=0.0750
Epoch=244, loss=0.0785
Epoch=245, loss=0.0790
Epoch=246, loss=0.0744
Epoch=247, loss=0.0718
Epoch=248, loss=0.0727
Epoch=249, loss=0.0766
Epoch=250, loss=0.0720
Epoch=251, loss=0.0747
Epoch=252, loss=0.0757
Epoch=253, loss=0.0756
Epoch=254, loss=0.0779
Epoch=255, loss=0.0764
Epoch=256, loss=0.0809
Epoch=257, loss=0.0704
Epoch=258, loss=0.0729
Epoch=259, loss=0.0723
Epoch=260, loss=0.0755
Epoch=261, loss=0.0715
Epoch=262, loss=0.0693
Epoch=263, loss=0.0692
Epoch=264, loss=0.0700
Epoch=265, loss=0.0679
Epoch=266, loss=0.0676
Epoch=267, loss=0.0697
Epoch=268, loss=0.0683
Epoch=269, loss=0.0682
Epoch=270, loss=0.0718
Epoch=271, loss=0.0673
Epoch=272, loss=0.0729
Epoch=273, loss=0.0707
Epoch=274, loss=0.0740
Epoch=275, loss=0.0680
Epoch=276, loss=0.0710
Epoch=277, loss=0.0681
Epoch=278, loss=0.0704
Epoch=279, loss=0.0637
Epoch=280, loss=0.0677
Epoch=281, loss=0.0635
Epoch=282, loss=0.0654
Epoch=283, loss=0.0645
Epoch=284, loss=0.0658
Epoch=285, loss=0.0698
Epoch=286, loss=0.0711
Epoch=287, loss=0.0737
Epoch=288, loss=0.0624
Epoch=289, loss=0.0660
Epoch=290, loss=0.0593
Epoch=291, loss=0.0690
Epoch=292, loss=0.0661
Epoch=293, loss=0.0692
Epoch=294, loss=0.0664
Epoch=295, loss=0.0641
Epoch=296, loss=0.0717
Epoch=297, loss=0.0654
Epoch=298, loss=0.0636
Epoch=299, loss=0.0634
Epoch=300, loss=0.0638
Epoch=301, loss=0.0616
Epoch=302, loss=0.0601
Epoch=303, loss=0.0623
Epoch=304, loss=0.0619
Epoch=305, loss=0.0663
Epoch=306, loss=0.0584
Epoch=307, loss=0.0633
Epoch=308, loss=0.0619
Epoch=309, loss=0.0606
Epoch=310, loss=0.0633
Epoch=311, loss=0.0632
Epoch=312, loss=0.0611
Epoch=313, loss=0.0585
Epoch=314, loss=0.0626
Epoch=315, loss=0.0564
Epoch=316, loss=0.0577
Epoch=317, loss=0.0594
Epoch=318, loss=0.0636
Epoch=319, loss=0.0594
Epoch=320, loss=0.0633
Epoch=321, loss=0.0622
Epoch=322, loss=0.0559
Epoch=323, loss=0.0571
Epoch=324, loss=0.0587
Epoch=325, loss=0.0585
Epoch=326, loss=0.0605
Epoch=327, loss=0.0628
Epoch=328, loss=0.0602
Epoch=329, loss=0.0632
Epoch=330, loss=0.0599
Epoch=331, loss=0.0577
Epoch=332, loss=0.0578
Epoch=333, loss=0.0594
Epoch=334, loss=0.0600
Epoch=335, loss=0.0593
Epoch=336, loss=0.0547
Epoch=337, loss=0.0525
Epoch=338, loss=0.0507
Epoch=339, loss=0.0562
Epoch=340, loss=0.0542
Epoch=341, loss=0.0494
Epoch=342, loss=0.0582
Epoch=343, loss=0.0549
Epoch=344, loss=0.0561
Epoch=345, loss=0.0637
Epoch=346, loss=0.0584
Epoch=347, loss=0.0568
Epoch=348, loss=0.0528
Epoch=349, loss=0.0607
Epoch=350, loss=0.0561
Epoch=351, loss=0.0587
Epoch=352, loss=0.0540
Epoch=353, loss=0.0542
Epoch=354, loss=0.0532
Epoch=355, loss=0.0505
Epoch=356, loss=0.0559
Epoch=357, loss=0.0501
Epoch=358, loss=0.0562
Epoch=359, loss=0.0507
Epoch=360, loss=0.0529
Epoch=361, loss=0.0523
Early stopping!
Loading 341th epoch
Early stopping!
Start to test process.
done with the edge prediction
done with the node prediction
done with the second node prediction
(E) | label_classification: F1Mi=0.7990+-0.0106, F1Ma=0.7771+-0.0123, acc=0.7990+-0.0106
[['MVGRL', 'heat', 16, 15, 2, 'normalize', 0.1, 0.2, 0.4, 0.001, 0.5, 0.2, 0.5, 0.0001, 512, 512, 0.9311730171326349, 0.9286803079298508, 0.9321640880138552, 0.9320222936363982, 0.6000000238418579, 0.5199999809265137, 0.48887813091278076, 0.4357142746448517, 0.5260000228881836, 0.5058026909828186, 0.5671200932763312, 0.018665627385686605, 0.5089418056988969, 0.017247741416500456, 0.5671200932763312, 0.018665627385686605], ['MVGRL', 'heat', 32, 15, 2, 'normalize', 0.1, 0.2, 0.4, 0.001, 0.5, 0.2, 0.5, 0.0001, 512, 512, 0.9743399709584044, 0.9730684032857028, 0.9642817278714142, 0.9565256149787587, 0.7928571701049805, 0.7620000243186951, 0.7514506578445435, 0.7214285731315613, 0.7580000162124634, 0.7582204937934875, 0.7633890400310921, 0.017749755741863542, 0.7455109195180186, 0.01928086871271946, 0.7633890400310921, 0.017749755741863476], ['MVGRL', 'heat', 64, 15, 2, 'normalize', 0.1, 0.2, 0.4, 0.001, 0.5, 0.2, 0.5, 0.0001, 512, 512, 0.9834145262788312, 0.9812918178235521, 0.9727522152890047, 0.9642742415598088, 0.7928571701049805, 0.7480000257492065, 0.75, 0.800000011920929, 0.7400000095367432, 0.7466151118278503, 0.7898173338515352, 0.010144917763330272, 0.7656585359135379, 0.020069075725681514, 0.7898173338515352, 0.010144917763330265], ['MVGRL', 'heat', 128, 15, 2, 'normalize', 0.1, 0.2, 0.4, 0.001, 0.5, 0.2, 0.5, 0.0001, 512, 512, 0.9463801619132501, 0.9391189711219516, 0.9429515822978515, 0.9306613643833187, 1.0, 0.7919999957084656, 0.7751450538635254, 1.0, 0.7900000214576721, 0.7746614813804626, 0.7989895064127477, 0.01058787939286415, 0.7771314099886488, 0.012272392918003406, 0.7989895064127477, 0.010587879392864107]]
Epoch=000, loss=0.6955
Epoch=001, loss=0.6953
Epoch=002, loss=0.6779
Epoch=003, loss=0.6769
Epoch=004, loss=0.6665
Epoch=005, loss=0.6557
Epoch=006, loss=0.6498
Epoch=007, loss=0.6399
Epoch=008, loss=0.6290
Epoch=009, loss=0.6190
Epoch=010, loss=0.6104
Epoch=011, loss=0.5928
Epoch=012, loss=0.5854
Epoch=013, loss=0.5732
Epoch=014, loss=0.5537
Epoch=015, loss=0.5467
Epoch=016, loss=0.5296
Epoch=017, loss=0.5176
Epoch=018, loss=0.5060
Epoch=019, loss=0.4912
Epoch=020, loss=0.4842
Epoch=021, loss=0.4703
Epoch=022, loss=0.4606
Epoch=023, loss=0.4457
Epoch=024, loss=0.4385
Epoch=025, loss=0.4266
Epoch=026, loss=0.4159
Epoch=027, loss=0.4119
Epoch=028, loss=0.3989
Epoch=029, loss=0.3875
Epoch=030, loss=0.3792
Epoch=031, loss=0.3697
Epoch=032, loss=0.3615
Epoch=033, loss=0.3553
Epoch=034, loss=0.3459
Epoch=035, loss=0.3448
Epoch=036, loss=0.3317
Epoch=037, loss=0.3252
Epoch=038, loss=0.3174
Epoch=039, loss=0.3148
Epoch=040, loss=0.3025
Epoch=041, loss=0.2984
Epoch=042, loss=0.2889
Epoch=043, loss=0.2884
Epoch=044, loss=0.2854
Epoch=045, loss=0.2734
Epoch=046, loss=0.2648
Epoch=047, loss=0.2652
Epoch=048, loss=0.2588
Epoch=049, loss=0.2517
Epoch=050, loss=0.2440
Epoch=051, loss=0.2402
Epoch=052, loss=0.2381
Epoch=053, loss=0.2335
Epoch=054, loss=0.2267
Epoch=055, loss=0.2252
Epoch=056, loss=0.2204
Epoch=057, loss=0.2174
Epoch=058, loss=0.2102
Epoch=059, loss=0.2040
Epoch=060, loss=0.2031
Epoch=061, loss=0.2071
Epoch=062, loss=0.1980
Epoch=063, loss=0.1921
Epoch=064, loss=0.1936
Epoch=065, loss=0.1840
Epoch=066, loss=0.1838
Epoch=067, loss=0.1808
Epoch=068, loss=0.1805
Epoch=069, loss=0.1746
Epoch=070, loss=0.1708
Epoch=071, loss=0.1657
Epoch=072, loss=0.1647
Epoch=073, loss=0.1630
Epoch=074, loss=0.1595
Epoch=075, loss=0.1570
Epoch=076, loss=0.1544
Epoch=077, loss=0.1495
Epoch=078, loss=0.1484
Epoch=079, loss=0.1477
Epoch=080, loss=0.1433
Epoch=081, loss=0.1430
Epoch=082, loss=0.1459
Epoch=083, loss=0.1415
Epoch=084, loss=0.1387
Epoch=085, loss=0.1361
Epoch=086, loss=0.1313
Epoch=087, loss=0.1322
Epoch=088, loss=0.1370
Epoch=089, loss=0.1323
Epoch=090, loss=0.1304
Epoch=091, loss=0.1269
Epoch=092, loss=0.1288
Epoch=093, loss=0.1285
Epoch=094, loss=0.1219
Epoch=095, loss=0.1189
Epoch=096, loss=0.1161
Epoch=097, loss=0.1173
Epoch=098, loss=0.1175
Epoch=099, loss=0.1171
Epoch=100, loss=0.1158
Epoch=101, loss=0.1123
Epoch=102, loss=0.1103
Epoch=103, loss=0.1051
Epoch=104, loss=0.1072
Epoch=105, loss=0.1104
Epoch=106, loss=0.1082
Epoch=107, loss=0.1048
Epoch=108, loss=0.1062
Epoch=109, loss=0.1064
Epoch=110, loss=0.1063
Epoch=111, loss=0.1052
Epoch=112, loss=0.0987
Epoch=113, loss=0.0986
Epoch=114, loss=0.0994
Epoch=115, loss=0.1023
Epoch=116, loss=0.0987
Epoch=117, loss=0.0983
Epoch=118, loss=0.1031
Epoch=119, loss=0.0931
Epoch=120, loss=0.0938
Epoch=121, loss=0.0932
Epoch=122, loss=0.0901
Epoch=123, loss=0.0892
Epoch=124, loss=0.0934
Epoch=125, loss=0.0914
Epoch=126, loss=0.0898
Epoch=127, loss=0.0902
Epoch=128, loss=0.0944
Epoch=129, loss=0.0846
Epoch=130, loss=0.0879
Epoch=131, loss=0.0894
Epoch=132, loss=0.0896
Epoch=133, loss=0.0832
Epoch=134, loss=0.0876
Epoch=135, loss=0.0850
Epoch=136, loss=0.0831
Epoch=137, loss=0.0790
Epoch=138, loss=0.0828
Epoch=139, loss=0.0848
Epoch=140, loss=0.0819
Epoch=141, loss=0.0798
Epoch=142, loss=0.0822
Epoch=143, loss=0.0792
Epoch=144, loss=0.0756
Epoch=145, loss=0.0839
Epoch=146, loss=0.0818
Epoch=147, loss=0.0783
Epoch=148, loss=0.0745
Epoch=149, loss=0.0745
Epoch=150, loss=0.0787
Epoch=151, loss=0.0752
Epoch=152, loss=0.0782
Epoch=153, loss=0.0744
Epoch=154, loss=0.0749
Epoch=155, loss=0.0732
Epoch=156, loss=0.0748
Epoch=157, loss=0.0734
Epoch=158, loss=0.0720
Epoch=159, loss=0.0686
Epoch=160, loss=0.0739
Epoch=161, loss=0.0706
Epoch=162, loss=0.0670
Epoch=163, loss=0.0678
Epoch=164, loss=0.0751
Epoch=165, loss=0.0711
Epoch=166, loss=0.0712
Epoch=167, loss=0.0661
Epoch=168, loss=0.0679
Epoch=169, loss=0.0703
Epoch=170, loss=0.0689
Epoch=171, loss=0.0674
Epoch=172, loss=0.0637
Epoch=173, loss=0.0661
Epoch=174, loss=0.0614
Epoch=175, loss=0.0670
Epoch=176, loss=0.0625
Epoch=177, loss=0.0656
Epoch=178, loss=0.0669
Epoch=179, loss=0.0667
Epoch=180, loss=0.0599
Epoch=181, loss=0.0640
Epoch=182, loss=0.0611
Epoch=183, loss=0.0646
Epoch=184, loss=0.0647
Epoch=185, loss=0.0631
Epoch=186, loss=0.0553
Epoch=187, loss=0.0628
Epoch=188, loss=0.0626
Epoch=189, loss=0.0631
Epoch=190, loss=0.0619
Epoch=191, loss=0.0608
Epoch=192, loss=0.0593
Epoch=193, loss=0.0573
Epoch=194, loss=0.0600
Epoch=195, loss=0.0595
Epoch=196, loss=0.0570
Epoch=197, loss=0.0626
Epoch=198, loss=0.0540
Epoch=199, loss=0.0617
Epoch=200, loss=0.0573
Epoch=201, loss=0.0586
Epoch=202, loss=0.0547
Epoch=203, loss=0.0564
Epoch=204, loss=0.0568
Epoch=205, loss=0.0564
Epoch=206, loss=0.0574
Epoch=207, loss=0.0595
Epoch=208, loss=0.0587
Epoch=209, loss=0.0544
Epoch=210, loss=0.0531
Epoch=211, loss=0.0601
Epoch=212, loss=0.0543
Epoch=213, loss=0.0574
Epoch=214, loss=0.0524
Epoch=215, loss=0.0568
Epoch=216, loss=0.0512
Epoch=217, loss=0.0561
Epoch=218, loss=0.0556
Epoch=219, loss=0.0510
Epoch=220, loss=0.0542
Epoch=221, loss=0.0541
Epoch=222, loss=0.0539
Epoch=223, loss=0.0495
Epoch=224, loss=0.0537
Epoch=225, loss=0.0510
Epoch=226, loss=0.0556
Epoch=227, loss=0.0543
Epoch=228, loss=0.0564
Epoch=229, loss=0.0498
Epoch=230, loss=0.0514
Epoch=231, loss=0.0494
Epoch=232, loss=0.0477
Epoch=233, loss=0.0485
Epoch=234, loss=0.0484
Epoch=235, loss=0.0485
Epoch=236, loss=0.0475
Epoch=237, loss=0.0493
Epoch=238, loss=0.0492
Epoch=239, loss=0.0460
Epoch=240, loss=0.0445
Epoch=241, loss=0.0459
Epoch=242, loss=0.0490
Epoch=243, loss=0.0485
Epoch=244, loss=0.0527
Epoch=245, loss=0.0463
Epoch=246, loss=0.0480
Epoch=247, loss=0.0466
Epoch=248, loss=0.0454
Epoch=249, loss=0.0514
Epoch=250, loss=0.0463
Epoch=251, loss=0.0431
Epoch=252, loss=0.0456
Epoch=253, loss=0.0488
Epoch=254, loss=0.0448
Epoch=255, loss=0.0459
Epoch=256, loss=0.0435
Epoch=257, loss=0.0492
Epoch=258, loss=0.0440
Epoch=259, loss=0.0485
Epoch=260, loss=0.0396
Epoch=261, loss=0.0450
Epoch=262, loss=0.0454
Epoch=263, loss=0.0446
Epoch=264, loss=0.0470
Epoch=265, loss=0.0461
Epoch=266, loss=0.0445
Epoch=267, loss=0.0468
Epoch=268, loss=0.0464
Epoch=269, loss=0.0455
Epoch=270, loss=0.0415
Epoch=271, loss=0.0430
Epoch=272, loss=0.0422
Epoch=273, loss=0.0457
Epoch=274, loss=0.0415
Epoch=275, loss=0.0405
Epoch=276, loss=0.0414
Epoch=277, loss=0.0416
Epoch=278, loss=0.0405
Epoch=279, loss=0.0426
Epoch=280, loss=0.0445
Early stopping!
Loading 260th epoch
Early stopping!
Start to test process.
done with the edge prediction
done with the node prediction
done with the second node prediction
(E) | label_classification: F1Mi=0.8051+-0.0153, F1Ma=0.7875+-0.0195, acc=0.8051+-0.0153
[['MVGRL', 'heat', 16, 15, 2, 'normalize', 0.1, 0.2, 0.4, 0.001, 0.5, 0.2, 0.5, 0.0001, 512, 512, 0.9311730171326349, 0.9286803079298508, 0.9321640880138552, 0.9320222936363982, 0.6000000238418579, 0.5199999809265137, 0.48887813091278076, 0.4357142746448517, 0.5260000228881836, 0.5058026909828186, 0.5671200932763312, 0.018665627385686605, 0.5089418056988969, 0.017247741416500456, 0.5671200932763312, 0.018665627385686605], ['MVGRL', 'heat', 32, 15, 2, 'normalize', 0.1, 0.2, 0.4, 0.001, 0.5, 0.2, 0.5, 0.0001, 512, 512, 0.9743399709584044, 0.9730684032857028, 0.9642817278714142, 0.9565256149787587, 0.7928571701049805, 0.7620000243186951, 0.7514506578445435, 0.7214285731315613, 0.7580000162124634, 0.7582204937934875, 0.7633890400310921, 0.017749755741863542, 0.7455109195180186, 0.01928086871271946, 0.7633890400310921, 0.017749755741863476], ['MVGRL', 'heat', 64, 15, 2, 'normalize', 0.1, 0.2, 0.4, 0.001, 0.5, 0.2, 0.5, 0.0001, 512, 512, 0.9834145262788312, 0.9812918178235521, 0.9727522152890047, 0.9642742415598088, 0.7928571701049805, 0.7480000257492065, 0.75, 0.800000011920929, 0.7400000095367432, 0.7466151118278503, 0.7898173338515352, 0.010144917763330272, 0.7656585359135379, 0.020069075725681514, 0.7898173338515352, 0.010144917763330265], ['MVGRL', 'heat', 128, 15, 2, 'normalize', 0.1, 0.2, 0.4, 0.001, 0.5, 0.2, 0.5, 0.0001, 512, 512, 0.9463801619132501, 0.9391189711219516, 0.9429515822978515, 0.9306613643833187, 1.0, 0.7919999957084656, 0.7751450538635254, 1.0, 0.7900000214576721, 0.7746614813804626, 0.7989895064127477, 0.01058787939286415, 0.7771314099886488, 0.012272392918003406, 0.7989895064127477, 0.010587879392864107], ['MVGRL', 'heat', 256, 15, 2, 'normalize', 0.1, 0.2, 0.4, 0.001, 0.5, 0.2, 0.5, 0.0001, 512, 512, 0.9959336255365864, 0.9953946804955345, 0.967219843804572, 0.9643696472944947, 0.949999988079071, 0.8040000200271606, 0.7761121988296509, 0.9428571462631226, 0.800000011920929, 0.7756286263465881, 0.8051301982122038, 0.015300430359730105, 0.7875112737131598, 0.019520797765421597, 0.8051301982122038, 0.015300430359730105]]
Epoch=000, loss=0.6936
Epoch=001, loss=0.7223
Epoch=002, loss=0.7179
Epoch=003, loss=0.6888
Epoch=004, loss=0.6453
Epoch=005, loss=0.6601
Epoch=006, loss=0.6500
Epoch=007, loss=0.6159
Epoch=008, loss=0.6187
Epoch=009, loss=0.6188
Epoch=010, loss=0.5943
Epoch=011, loss=0.5721
Epoch=012, loss=0.5748
Epoch=013, loss=0.5610
Epoch=014, loss=0.5381
Epoch=015, loss=0.5273
Epoch=016, loss=0.5187
Epoch=017, loss=0.4969
Epoch=018, loss=0.4818
Epoch=019, loss=0.4790
Epoch=020, loss=0.4635
Epoch=021, loss=0.4439
Epoch=022, loss=0.4374
Epoch=023, loss=0.4195
Epoch=024, loss=0.4148
Epoch=025, loss=0.4015
Epoch=026, loss=0.3883
Epoch=027, loss=0.3803
Epoch=028, loss=0.3697
Epoch=029, loss=0.3554
Epoch=030, loss=0.3472
Epoch=031, loss=0.3355
Epoch=032, loss=0.3225
Epoch=033, loss=0.3140
Epoch=034, loss=0.3090
Epoch=035, loss=0.2946
Epoch=036, loss=0.2880
Epoch=037, loss=0.2818
Epoch=038, loss=0.2722
Epoch=039, loss=0.2704
Epoch=040, loss=0.2593
Epoch=041, loss=0.2524
Epoch=042, loss=0.2423
Epoch=043, loss=0.2357
Epoch=044, loss=0.2287
Epoch=045, loss=0.2244
Epoch=046, loss=0.2194
Epoch=047, loss=0.2138
Epoch=048, loss=0.2077
Epoch=049, loss=0.2016
Epoch=050, loss=0.1936
Epoch=051, loss=0.1849
Epoch=052, loss=0.1826
Epoch=053, loss=0.1826
Epoch=054, loss=0.1736
Epoch=055, loss=0.1747
Epoch=056, loss=0.1735
Epoch=057, loss=0.1659
Epoch=058, loss=0.1637
Epoch=059, loss=0.1604
Epoch=060, loss=0.1540
Epoch=061, loss=0.1539
Epoch=062, loss=0.1510
Epoch=063, loss=0.1452
Epoch=064, loss=0.1403
Epoch=065, loss=0.1399
Epoch=066, loss=0.1403
Epoch=067, loss=0.1338
Epoch=068, loss=0.1369
Epoch=069, loss=0.1307
Epoch=070, loss=0.1238
Epoch=071, loss=0.1245
Epoch=072, loss=0.1260
Epoch=073, loss=0.1201
Epoch=074, loss=0.1157
Epoch=075, loss=0.1130
Epoch=076, loss=0.1142
Epoch=077, loss=0.1133
Epoch=078, loss=0.1097
Epoch=079, loss=0.1129
Epoch=080, loss=0.1107
Epoch=081, loss=0.1104
Epoch=082, loss=0.1076
Epoch=083, loss=0.1086
Epoch=084, loss=0.1033
Epoch=085, loss=0.0994
Epoch=086, loss=0.1010
Epoch=087, loss=0.0998
Epoch=088, loss=0.1004
Epoch=089, loss=0.1019
Epoch=090, loss=0.0975
Epoch=091, loss=0.0986
Epoch=092, loss=0.0967
Epoch=093, loss=0.0938
Epoch=094, loss=0.0957
Epoch=095, loss=0.0879
Epoch=096, loss=0.0947
Epoch=097, loss=0.0901
Epoch=098, loss=0.0888
Epoch=099, loss=0.0880
Epoch=100, loss=0.0883
Epoch=101, loss=0.0886
Epoch=102, loss=0.0825
Epoch=103, loss=0.0831
Epoch=104, loss=0.0871
Epoch=105, loss=0.0823
Epoch=106, loss=0.0846
Epoch=107, loss=0.0791
Epoch=108, loss=0.0766
Epoch=109, loss=0.0764
Epoch=110, loss=0.0787
Epoch=111, loss=0.0760
Epoch=112, loss=0.0852
Epoch=113, loss=0.0764
Epoch=114, loss=0.0782
Epoch=115, loss=0.0772
Epoch=116, loss=0.0740
Epoch=117, loss=0.0786
Epoch=118, loss=0.0743
Epoch=119, loss=0.0738
Epoch=120, loss=0.0695
Epoch=121, loss=0.0682
Epoch=122, loss=0.0735
Epoch=123, loss=0.0735
Epoch=124, loss=0.0708
Epoch=125, loss=0.0678
Epoch=126, loss=0.0728
Epoch=127, loss=0.0657
Epoch=128, loss=0.0619
Epoch=129, loss=0.0703
Epoch=130, loss=0.0650
Epoch=131, loss=0.0672
Epoch=132, loss=0.0667
Epoch=133, loss=0.0635
Epoch=134, loss=0.0672
Epoch=135, loss=0.0653
Epoch=136, loss=0.0658
Epoch=137, loss=0.0663
Epoch=138, loss=0.0681
Epoch=139, loss=0.0667
Epoch=140, loss=0.0607
Epoch=141, loss=0.0712
Epoch=142, loss=0.0647
Epoch=143, loss=0.0613
Epoch=144, loss=0.0638
Epoch=145, loss=0.0616
Epoch=146, loss=0.0590
Epoch=147, loss=0.0628
Epoch=148, loss=0.0589
Epoch=149, loss=0.0573
Epoch=150, loss=0.0621
Epoch=151, loss=0.0621
Epoch=152, loss=0.0584
Epoch=153, loss=0.0608
Epoch=154, loss=0.0597
Epoch=155, loss=0.0607
Epoch=156, loss=0.0592
Epoch=157, loss=0.0612
Epoch=158, loss=0.0570
Epoch=159, loss=0.0560
Epoch=160, loss=0.0585
Epoch=161, loss=0.0533
Epoch=162, loss=0.0548
Epoch=163, loss=0.0563
Epoch=164, loss=0.0588
Epoch=165, loss=0.0565
Epoch=166, loss=0.0566
Epoch=167, loss=0.0516
Epoch=168, loss=0.0581
Epoch=169, loss=0.0509
Epoch=170, loss=0.0515
Epoch=171, loss=0.0552
Epoch=172, loss=0.0523
Epoch=173, loss=0.0551
Epoch=174, loss=0.0537
Epoch=175, loss=0.0527
Epoch=176, loss=0.0510
Epoch=177, loss=0.0488
Epoch=178, loss=0.0471
Epoch=179, loss=0.0508
Epoch=180, loss=0.0574
Epoch=181, loss=0.0500
Epoch=182, loss=0.0520
Epoch=183, loss=0.0495
Epoch=184, loss=0.0527
Epoch=185, loss=0.0484
Epoch=186, loss=0.0495
Epoch=187, loss=0.0533
Epoch=188, loss=0.0509
Epoch=189, loss=0.0504
Epoch=190, loss=0.0506
Epoch=191, loss=0.0502
Epoch=192, loss=0.0520
Epoch=193, loss=0.0515
Epoch=194, loss=0.0498
Epoch=195, loss=0.0513
Epoch=196, loss=0.0529
Epoch=197, loss=0.0467
Epoch=198, loss=0.0475
Epoch=199, loss=0.0469
Epoch=200, loss=0.0443
Epoch=201, loss=0.0464
Epoch=202, loss=0.0479
Epoch=203, loss=0.0459
Epoch=204, loss=0.0478
Epoch=205, loss=0.0461
Epoch=206, loss=0.0430
Epoch=207, loss=0.0445
Epoch=208, loss=0.0456
Epoch=209, loss=0.0440
Epoch=210, loss=0.0418
Epoch=211, loss=0.0440
Epoch=212, loss=0.0416
Epoch=213, loss=0.0409
Epoch=214, loss=0.0411
Epoch=215, loss=0.0407
Epoch=216, loss=0.0425
Epoch=217, loss=0.0421
Epoch=218, loss=0.0428
Epoch=219, loss=0.0440
Epoch=220, loss=0.0405
Epoch=221, loss=0.0385
Epoch=222, loss=0.0447
Epoch=223, loss=0.0459
Epoch=224, loss=0.0465
Epoch=225, loss=0.0438
Epoch=226, loss=0.0417
Epoch=227, loss=0.0398
Epoch=228, loss=0.0343
Epoch=229, loss=0.0490
Epoch=230, loss=0.0419
Epoch=231, loss=0.0420
Epoch=232, loss=0.0393
Epoch=233, loss=0.0435
Epoch=234, loss=0.0453
Epoch=235, loss=0.0464
Epoch=236, loss=0.0393
Epoch=237, loss=0.0371
Epoch=238, loss=0.0394
Epoch=239, loss=0.0402
Epoch=240, loss=0.0381
Epoch=241, loss=0.0386
Epoch=242, loss=0.0399
Epoch=243, loss=0.0386
Epoch=244, loss=0.0438
Epoch=245, loss=0.0369
Epoch=246, loss=0.0381
Epoch=247, loss=0.0374
Epoch=248, loss=0.0366
Early stopping!
Loading 228th epoch
Early stopping!
Start to test process.
done with the edge prediction
done with the node prediction
done with the second node prediction
(E) | label_classification: F1Mi=0.8016+-0.0126, F1Ma=0.7801+-0.0138, acc=0.8016+-0.0126
[['MVGRL', 'heat', 16, 15, 2, 'normalize', 0.1, 0.2, 0.4, 0.001, 0.5, 0.2, 0.5, 0.0001, 512, 512, 0.9311730171326349, 0.9286803079298508, 0.9321640880138552, 0.9320222936363982, 0.6000000238418579, 0.5199999809265137, 0.48887813091278076, 0.4357142746448517, 0.5260000228881836, 0.5058026909828186, 0.5671200932763312, 0.018665627385686605, 0.5089418056988969, 0.017247741416500456, 0.5671200932763312, 0.018665627385686605], ['MVGRL', 'heat', 32, 15, 2, 'normalize', 0.1, 0.2, 0.4, 0.001, 0.5, 0.2, 0.5, 0.0001, 512, 512, 0.9743399709584044, 0.9730684032857028, 0.9642817278714142, 0.9565256149787587, 0.7928571701049805, 0.7620000243186951, 0.7514506578445435, 0.7214285731315613, 0.7580000162124634, 0.7582204937934875, 0.7633890400310921, 0.017749755741863542, 0.7455109195180186, 0.01928086871271946, 0.7633890400310921, 0.017749755741863476], ['MVGRL', 'heat', 64, 15, 2, 'normalize', 0.1, 0.2, 0.4, 0.001, 0.5, 0.2, 0.5, 0.0001, 512, 512, 0.9834145262788312, 0.9812918178235521, 0.9727522152890047, 0.9642742415598088, 0.7928571701049805, 0.7480000257492065, 0.75, 0.800000011920929, 0.7400000095367432, 0.7466151118278503, 0.7898173338515352, 0.010144917763330272, 0.7656585359135379, 0.020069075725681514, 0.7898173338515352, 0.010144917763330265], ['MVGRL', 'heat', 128, 15, 2, 'normalize', 0.1, 0.2, 0.4, 0.001, 0.5, 0.2, 0.5, 0.0001, 512, 512, 0.9463801619132501, 0.9391189711219516, 0.9429515822978515, 0.9306613643833187, 1.0, 0.7919999957084656, 0.7751450538635254, 1.0, 0.7900000214576721, 0.7746614813804626, 0.7989895064127477, 0.01058787939286415, 0.7771314099886488, 0.012272392918003406, 0.7989895064127477, 0.010587879392864107], ['MVGRL', 'heat', 256, 15, 2, 'normalize', 0.1, 0.2, 0.4, 0.001, 0.5, 0.2, 0.5, 0.0001, 512, 512, 0.9959336255365864, 0.9953946804955345, 0.967219843804572, 0.9643696472944947, 0.949999988079071, 0.8040000200271606, 0.7761121988296509, 0.9428571462631226, 0.800000011920929, 0.7756286263465881, 0.8051301982122038, 0.015300430359730105, 0.7875112737131598, 0.019520797765421597, 0.8051301982122038, 0.015300430359730105], ['MVGRL', 'heat', 512, 15, 2, 'normalize', 0.1, 0.2, 0.4, 0.001, 0.5, 0.2, 0.5, 0.0001, 512, 512, 0.9968564170725817, 0.9959934257203704, 0.9724011536425796, 0.9667787122813185, 0.9642857313156128, 0.8259999752044678, 0.7896518111228943, 0.9642857313156128, 0.8259999752044678, 0.7857833504676819, 0.8015546055188496, 0.012614356953035855, 0.7800685633923182, 0.013792118751202875, 0.8015546055188496, 0.012614356953035855]]
