My SLURM_ARRAY_TASK_ID:  11
My SLURM_ARRAY_JOB_ID:  4522329
MVGRL
Cora
result file is 4522329_11
Dataset: Cora():
======================
Number of graphs: 1
Number of features: 1433
Number of classes: 7
Data(x=[2708, 1433], edge_index=[2, 10556], y=[2708], train_mask=[2708], val_mask=[2708], test_mask=[2708])
==============================================================
Number of nodes: 2708
Number of edges: 10556
Average node degree: 3.90
Number of training nodes: 140
Training node label rate: 0.05
Contains isolated nodes: False
Contains self-loops: False
Is undirected: True
Epoch=000, loss=0.6978
Epoch=001, loss=0.6974
Epoch=002, loss=0.6961
Epoch=003, loss=0.6957
Epoch=004, loss=0.6950
Epoch=005, loss=0.6944
Epoch=006, loss=0.6937
Epoch=007, loss=0.6938
Epoch=008, loss=0.6929
Epoch=009, loss=0.6925
Epoch=010, loss=0.6922
Epoch=011, loss=0.6916
Epoch=012, loss=0.6911
Epoch=013, loss=0.6907
Epoch=014, loss=0.6898
Epoch=015, loss=0.6892
Epoch=016, loss=0.6887
Epoch=017, loss=0.6884
Epoch=018, loss=0.6872
Epoch=019, loss=0.6868
Epoch=020, loss=0.6859
Epoch=021, loss=0.6857
Epoch=022, loss=0.6847
Epoch=023, loss=0.6840
Epoch=024, loss=0.6831
Epoch=025, loss=0.6834
Epoch=026, loss=0.6815
Epoch=027, loss=0.6809
Epoch=028, loss=0.6805
Epoch=029, loss=0.6793
Epoch=030, loss=0.6791
Epoch=031, loss=0.6782
Epoch=032, loss=0.6769
Epoch=033, loss=0.6762
Epoch=034, loss=0.6748
Epoch=035, loss=0.6747
Epoch=036, loss=0.6726
Epoch=037, loss=0.6722
Epoch=038, loss=0.6703
Epoch=039, loss=0.6701
Epoch=040, loss=0.6690
Epoch=041, loss=0.6660
Epoch=042, loss=0.6661
Epoch=043, loss=0.6655
Epoch=044, loss=0.6625
Epoch=045, loss=0.6619
Epoch=046, loss=0.6617
Epoch=047, loss=0.6605
Epoch=048, loss=0.6594
Epoch=049, loss=0.6578
Epoch=050, loss=0.6570
Epoch=051, loss=0.6541
Epoch=052, loss=0.6549
Epoch=053, loss=0.6531
Epoch=054, loss=0.6488
Epoch=055, loss=0.6500
Epoch=056, loss=0.6479
Epoch=057, loss=0.6468
Epoch=058, loss=0.6453
Epoch=059, loss=0.6422
Epoch=060, loss=0.6427
Epoch=061, loss=0.6378
Epoch=062, loss=0.6380
Epoch=063, loss=0.6354
Epoch=064, loss=0.6336
Epoch=065, loss=0.6336
Epoch=066, loss=0.6311
Epoch=067, loss=0.6298
Epoch=068, loss=0.6283
Epoch=069, loss=0.6273
Epoch=070, loss=0.6214
Epoch=071, loss=0.6224
Epoch=072, loss=0.6210
Epoch=073, loss=0.6211
Epoch=074, loss=0.6157
Epoch=075, loss=0.6143
Epoch=076, loss=0.6132
Epoch=077, loss=0.6113
Epoch=078, loss=0.6064
Epoch=079, loss=0.6080
Epoch=080, loss=0.6095
Epoch=081, loss=0.6045
Epoch=082, loss=0.6030
Epoch=083, loss=0.6041
Epoch=084, loss=0.6009
Epoch=085, loss=0.5972
Epoch=086, loss=0.5944
Epoch=087, loss=0.5971
Epoch=088, loss=0.5900
Epoch=089, loss=0.5893
Epoch=090, loss=0.5889
Epoch=091, loss=0.5856
Epoch=092, loss=0.5840
Epoch=093, loss=0.5785
Epoch=094, loss=0.5798
Epoch=095, loss=0.5777
Epoch=096, loss=0.5743
Epoch=097, loss=0.5810
Epoch=098, loss=0.5741
Epoch=099, loss=0.5723
Epoch=100, loss=0.5695
Epoch=101, loss=0.5628
Epoch=102, loss=0.5707
Epoch=103, loss=0.5621
Epoch=104, loss=0.5595
Epoch=105, loss=0.5634
Epoch=106, loss=0.5639
Epoch=107, loss=0.5553
Epoch=108, loss=0.5570
Epoch=109, loss=0.5538
Epoch=110, loss=0.5506
Epoch=111, loss=0.5512
Epoch=112, loss=0.5462
Epoch=113, loss=0.5455
Epoch=114, loss=0.5477
Epoch=115, loss=0.5436
Epoch=116, loss=0.5402
Epoch=117, loss=0.5433
Epoch=118, loss=0.5400
Epoch=119, loss=0.5367
Epoch=120, loss=0.5332
Epoch=121, loss=0.5344
Epoch=122, loss=0.5319
Epoch=123, loss=0.5322
Epoch=124, loss=0.5273
Epoch=125, loss=0.5270
Epoch=126, loss=0.5248
Epoch=127, loss=0.5293
Epoch=128, loss=0.5235
Epoch=129, loss=0.5191
Epoch=130, loss=0.5232
Epoch=131, loss=0.5204
Epoch=132, loss=0.5167
Epoch=133, loss=0.5146
Epoch=134, loss=0.5120
Epoch=135, loss=0.5129
Epoch=136, loss=0.5125
Epoch=137, loss=0.5123
Epoch=138, loss=0.5090
Epoch=139, loss=0.5084
Epoch=140, loss=0.5054
Epoch=141, loss=0.5034
Epoch=142, loss=0.5031
Epoch=143, loss=0.4992
Epoch=144, loss=0.5003
Epoch=145, loss=0.5022
Epoch=146, loss=0.4985
Epoch=147, loss=0.4965
Epoch=148, loss=0.4950
Epoch=149, loss=0.4916
Epoch=150, loss=0.4906
Epoch=151, loss=0.4911
Epoch=152, loss=0.4902
Epoch=153, loss=0.4923
Epoch=154, loss=0.4895
Epoch=155, loss=0.4833
Epoch=156, loss=0.4812
Epoch=157, loss=0.4824
Epoch=158, loss=0.4814
Epoch=159, loss=0.4806
Epoch=160, loss=0.4782
Epoch=161, loss=0.4797
Epoch=162, loss=0.4761
Epoch=163, loss=0.4718
Epoch=164, loss=0.4717
Epoch=165, loss=0.4696
Epoch=166, loss=0.4703
Epoch=167, loss=0.4676
Epoch=168, loss=0.4706
Epoch=169, loss=0.4701
Epoch=170, loss=0.4666
Epoch=171, loss=0.4673
Epoch=172, loss=0.4606
Epoch=173, loss=0.4645
Epoch=174, loss=0.4616
Epoch=175, loss=0.4590
Epoch=176, loss=0.4579
Epoch=177, loss=0.4553
Epoch=178, loss=0.4650
Epoch=179, loss=0.4551
Epoch=180, loss=0.4574
Epoch=181, loss=0.4531
Epoch=182, loss=0.4500
Epoch=183, loss=0.4551
Epoch=184, loss=0.4458
Epoch=185, loss=0.4480
Epoch=186, loss=0.4424
Epoch=187, loss=0.4459
Epoch=188, loss=0.4530
Epoch=189, loss=0.4425
Epoch=190, loss=0.4441
Epoch=191, loss=0.4383
Epoch=192, loss=0.4399
Epoch=193, loss=0.4384
Epoch=194, loss=0.4405
Epoch=195, loss=0.4346
Epoch=196, loss=0.4360
Epoch=197, loss=0.4364
Epoch=198, loss=0.4359
Epoch=199, loss=0.4403
Epoch=200, loss=0.4301
Epoch=201, loss=0.4367
Epoch=202, loss=0.4277
Epoch=203, loss=0.4287
Epoch=204, loss=0.4295
Epoch=205, loss=0.4264
Epoch=206, loss=0.4285
Epoch=207, loss=0.4270
Epoch=208, loss=0.4232
Epoch=209, loss=0.4230
Epoch=210, loss=0.4209
Epoch=211, loss=0.4249
Epoch=212, loss=0.4233
Epoch=213, loss=0.4190
Epoch=214, loss=0.4220
Epoch=215, loss=0.4172
Epoch=216, loss=0.4131
Epoch=217, loss=0.4151
Epoch=218, loss=0.4156
Epoch=219, loss=0.4136
Epoch=220, loss=0.4109
Epoch=221, loss=0.4146
Epoch=222, loss=0.4083
Epoch=223, loss=0.4110
Epoch=224, loss=0.4123
Epoch=225, loss=0.4049
Epoch=226, loss=0.4096
Epoch=227, loss=0.4030
Epoch=228, loss=0.4050
Epoch=229, loss=0.4025
Epoch=230, loss=0.4057
Epoch=231, loss=0.4037
Epoch=232, loss=0.4028
Epoch=233, loss=0.3981
Epoch=234, loss=0.3992
Epoch=235, loss=0.3984
Epoch=236, loss=0.3974
Epoch=237, loss=0.3969
Epoch=238, loss=0.3947
Epoch=239, loss=0.3971
Epoch=240, loss=0.3952
Epoch=241, loss=0.3942
Epoch=242, loss=0.3982
Epoch=243, loss=0.3921
Epoch=244, loss=0.3912
Epoch=245, loss=0.3935
Epoch=246, loss=0.3887
Epoch=247, loss=0.3858
Epoch=248, loss=0.3893
Epoch=249, loss=0.3875
Epoch=250, loss=0.3826
Epoch=251, loss=0.3871
Epoch=252, loss=0.3850
Epoch=253, loss=0.3835
Epoch=254, loss=0.3805
Epoch=255, loss=0.3817
Epoch=256, loss=0.3809
Epoch=257, loss=0.3789
Epoch=258, loss=0.3807
Epoch=259, loss=0.3815
Epoch=260, loss=0.3768
Epoch=261, loss=0.3774
Epoch=262, loss=0.3742
Epoch=263, loss=0.3753
Epoch=264, loss=0.3760
Epoch=265, loss=0.3721
Epoch=266, loss=0.3710
Epoch=267, loss=0.3714
Epoch=268, loss=0.3729
Epoch=269, loss=0.3753
Epoch=270, loss=0.3687
Epoch=271, loss=0.3676
Epoch=272, loss=0.3698
Epoch=273, loss=0.3701
Epoch=274, loss=0.3672
Epoch=275, loss=0.3638
Epoch=276, loss=0.3616
Epoch=277, loss=0.3608
Epoch=278, loss=0.3647
Epoch=279, loss=0.3625
Epoch=280, loss=0.3593
Epoch=281, loss=0.3601
Epoch=282, loss=0.3588
Epoch=283, loss=0.3553
Epoch=284, loss=0.3572
Epoch=285, loss=0.3588
Epoch=286, loss=0.3543
Epoch=287, loss=0.3619
Epoch=288, loss=0.3549
Epoch=289, loss=0.3567
Epoch=290, loss=0.3537
Epoch=291, loss=0.3556
Epoch=292, loss=0.3543
Epoch=293, loss=0.3510
Epoch=294, loss=0.3505
Epoch=295, loss=0.3520
Epoch=296, loss=0.3505
Epoch=297, loss=0.3509
Epoch=298, loss=0.3468
Epoch=299, loss=0.3434
Epoch=300, loss=0.3475
Epoch=301, loss=0.3458
Epoch=302, loss=0.3427
Epoch=303, loss=0.3423
Epoch=304, loss=0.3441
Epoch=305, loss=0.3435
Epoch=306, loss=0.3413
Epoch=307, loss=0.3393
Epoch=308, loss=0.3371
Epoch=309, loss=0.3400
Epoch=310, loss=0.3347
Epoch=311, loss=0.3354
Epoch=312, loss=0.3360
Epoch=313, loss=0.3342
Epoch=314, loss=0.3356
Epoch=315, loss=0.3368
Epoch=316, loss=0.3379
Epoch=317, loss=0.3332
Epoch=318, loss=0.3331
Epoch=319, loss=0.3281
Epoch=320, loss=0.3319
Epoch=321, loss=0.3276
Epoch=322, loss=0.3299
Epoch=323, loss=0.3337
Epoch=324, loss=0.3308
Epoch=325, loss=0.3271
Epoch=326, loss=0.3235
Epoch=327, loss=0.3268
Epoch=328, loss=0.3285
Epoch=329, loss=0.3199
Epoch=330, loss=0.3240
Epoch=331, loss=0.3225
Epoch=332, loss=0.3189
Epoch=333, loss=0.3249
Epoch=334, loss=0.3219
Epoch=335, loss=0.3196
Epoch=336, loss=0.3185
Epoch=337, loss=0.3184
Epoch=338, loss=0.3255
Epoch=339, loss=0.3194
Epoch=340, loss=0.3154
Epoch=341, loss=0.3149
Epoch=342, loss=0.3117
Epoch=343, loss=0.3115
Epoch=344, loss=0.3123
Epoch=345, loss=0.3120
Epoch=346, loss=0.3143
Epoch=347, loss=0.3097
Epoch=348, loss=0.3164
Epoch=349, loss=0.3073
Epoch=350, loss=0.3088
Epoch=351, loss=0.3097
Epoch=352, loss=0.3041
Epoch=353, loss=0.3097
Epoch=354, loss=0.3070
Epoch=355, loss=0.3103
Epoch=356, loss=0.3044
Epoch=357, loss=0.3043
Epoch=358, loss=0.3011
Epoch=359, loss=0.3030
Epoch=360, loss=0.3083
Epoch=361, loss=0.3009
Epoch=362, loss=0.2987
Epoch=363, loss=0.3009
Epoch=364, loss=0.3008
Epoch=365, loss=0.3004
Epoch=366, loss=0.2975
Epoch=367, loss=0.3014
Epoch=368, loss=0.2957
Epoch=369, loss=0.2951
Epoch=370, loss=0.2935
Epoch=371, loss=0.2964
Epoch=372, loss=0.2959
Epoch=373, loss=0.2932
Epoch=374, loss=0.2944
Epoch=375, loss=0.2975
Epoch=376, loss=0.2925
Epoch=377, loss=0.2902
Epoch=378, loss=0.2954
Epoch=379, loss=0.2909
Epoch=380, loss=0.2909
Epoch=381, loss=0.2873
Epoch=382, loss=0.2890
Epoch=383, loss=0.2854
Epoch=384, loss=0.2913
Epoch=385, loss=0.2853
Epoch=386, loss=0.2861
Epoch=387, loss=0.2796
Epoch=388, loss=0.2873
Epoch=389, loss=0.2860
Epoch=390, loss=0.2822
Epoch=391, loss=0.2828
Epoch=392, loss=0.2834
Epoch=393, loss=0.2818
Epoch=394, loss=0.2761
Epoch=395, loss=0.2814
Epoch=396, loss=0.2761
Epoch=397, loss=0.2789
Epoch=398, loss=0.2754
Epoch=399, loss=0.2776
Epoch=400, loss=0.2746
Epoch=401, loss=0.2747
Epoch=402, loss=0.2754
Epoch=403, loss=0.2729
Epoch=404, loss=0.2737
Epoch=405, loss=0.2717
Epoch=406, loss=0.2760
Epoch=407, loss=0.2712
Epoch=408, loss=0.2735
Epoch=409, loss=0.2739
Epoch=410, loss=0.2724
Epoch=411, loss=0.2695
Epoch=412, loss=0.2681
Epoch=413, loss=0.2676
Epoch=414, loss=0.2654
Epoch=415, loss=0.2645
Epoch=416, loss=0.2646
Epoch=417, loss=0.2661
Epoch=418, loss=0.2618
Epoch=419, loss=0.2604
Epoch=420, loss=0.2645
Epoch=421, loss=0.2709
Epoch=422, loss=0.2627
Epoch=423, loss=0.2592
Epoch=424, loss=0.2597
Epoch=425, loss=0.2618
Epoch=426, loss=0.2584
Epoch=427, loss=0.2559
Epoch=428, loss=0.2595
Epoch=429, loss=0.2557
Epoch=430, loss=0.2604
Epoch=431, loss=0.2558
Epoch=432, loss=0.2554
Epoch=433, loss=0.2545
Epoch=434, loss=0.2529
Epoch=435, loss=0.2537
Epoch=436, loss=0.2587
Epoch=437, loss=0.2507
Epoch=438, loss=0.2508
Epoch=439, loss=0.2500
Epoch=440, loss=0.2484
Epoch=441, loss=0.2473
Epoch=442, loss=0.2515
Epoch=443, loss=0.2486
Epoch=444, loss=0.2488
Epoch=445, loss=0.2479
Epoch=446, loss=0.2449
Epoch=447, loss=0.2466
Epoch=448, loss=0.2467
Epoch=449, loss=0.2415
Epoch=450, loss=0.2492
Epoch=451, loss=0.2446
Epoch=452, loss=0.2466
Epoch=453, loss=0.2419
Epoch=454, loss=0.2457
Epoch=455, loss=0.2406
Epoch=456, loss=0.2391
Epoch=457, loss=0.2421
Epoch=458, loss=0.2389
Epoch=459, loss=0.2409
Epoch=460, loss=0.2402
Epoch=461, loss=0.2408
Epoch=462, loss=0.2394
Epoch=463, loss=0.2382
Epoch=464, loss=0.2395
Epoch=465, loss=0.2372
Epoch=466, loss=0.2372
Epoch=467, loss=0.2345
Epoch=468, loss=0.2332
Epoch=469, loss=0.2318
Epoch=470, loss=0.2357
Epoch=471, loss=0.2330
Epoch=472, loss=0.2362
Epoch=473, loss=0.2354
Epoch=474, loss=0.2285
Epoch=475, loss=0.2298
Epoch=476, loss=0.2340
Epoch=477, loss=0.2343
Epoch=478, loss=0.2272
Epoch=479, loss=0.2270
Epoch=480, loss=0.2324
Epoch=481, loss=0.2251
Epoch=482, loss=0.2259
Epoch=483, loss=0.2275
Epoch=484, loss=0.2243
Epoch=485, loss=0.2291
Epoch=486, loss=0.2300
Epoch=487, loss=0.2264
Epoch=488, loss=0.2256
Epoch=489, loss=0.2236
Epoch=490, loss=0.2272
Epoch=491, loss=0.2198
Epoch=492, loss=0.2272
Epoch=493, loss=0.2185
Epoch=494, loss=0.2243
Epoch=495, loss=0.2185
Epoch=496, loss=0.2162
Epoch=497, loss=0.2237
Epoch=498, loss=0.2169
Epoch=499, loss=0.2193
Loading 496th epoch
done with the edge prediction
done with the node prediction
done with the second node prediction
(E) | label_classification: F1Mi=0.6970+-0.0145, F1Ma=0.6530+-0.0290, acc=0.6970+-0.0145
[['MVGRL', 'heat', 16, 15, 2, 'normalize', 0.1, 0.2, 0.4, 0.001, 0.5, 0.2, 0.5, 0.0001, 512, 512, 0.9512953040153024, 0.9502596268787032, 0.9394625696272265, 0.9393208735540474, 0.7071428298950195, 0.7400000095367432, 0.6866537928581238, 0.800000011920929, 0.734000027179718, 0.6963249444961548, 0.6970073843762146, 0.014484969661156092, 0.6529700892408383, 0.028970488221987282, 0.6970073843762146, 0.014484969661156092]]
Epoch=000, loss=0.6946
Epoch=001, loss=0.6935
Epoch=002, loss=0.6924
Epoch=003, loss=0.6920
Epoch=004, loss=0.6914
Epoch=005, loss=0.6906
Epoch=006, loss=0.6898
Epoch=007, loss=0.6889
Epoch=008, loss=0.6879
Epoch=009, loss=0.6874
Epoch=010, loss=0.6861
Epoch=011, loss=0.6849
Epoch=012, loss=0.6842
Epoch=013, loss=0.6829
Epoch=014, loss=0.6818
Epoch=015, loss=0.6804
Epoch=016, loss=0.6789
Epoch=017, loss=0.6771
Epoch=018, loss=0.6765
Epoch=019, loss=0.6738
Epoch=020, loss=0.6729
Epoch=021, loss=0.6709
Epoch=022, loss=0.6690
Epoch=023, loss=0.6685
Epoch=024, loss=0.6652
Epoch=025, loss=0.6635
Epoch=026, loss=0.6623
Epoch=027, loss=0.6578
Epoch=028, loss=0.6570
Epoch=029, loss=0.6557
Epoch=030, loss=0.6520
Epoch=031, loss=0.6482
Epoch=032, loss=0.6486
Epoch=033, loss=0.6445
Epoch=034, loss=0.6413
Epoch=035, loss=0.6387
Epoch=036, loss=0.6382
Epoch=037, loss=0.6328
Epoch=038, loss=0.6328
Epoch=039, loss=0.6280
Epoch=040, loss=0.6268
Epoch=041, loss=0.6225
Epoch=042, loss=0.6181
Epoch=043, loss=0.6168
Epoch=044, loss=0.6129
Epoch=045, loss=0.6081
Epoch=046, loss=0.6073
Epoch=047, loss=0.6034
Epoch=048, loss=0.6004
Epoch=049, loss=0.5967
Epoch=050, loss=0.5912
Epoch=051, loss=0.5914
Epoch=052, loss=0.5877
Epoch=053, loss=0.5819
Epoch=054, loss=0.5826
Epoch=055, loss=0.5781
Epoch=056, loss=0.5740
Epoch=057, loss=0.5717
Epoch=058, loss=0.5750
Epoch=059, loss=0.5628
Epoch=060, loss=0.5632
Epoch=061, loss=0.5576
Epoch=062, loss=0.5565
Epoch=063, loss=0.5487
Epoch=064, loss=0.5532
Epoch=065, loss=0.5486
Epoch=066, loss=0.5433
Epoch=067, loss=0.5429
Epoch=068, loss=0.5372
Epoch=069, loss=0.5302
Epoch=070, loss=0.5332
Epoch=071, loss=0.5287
Epoch=072, loss=0.5277
Epoch=073, loss=0.5210
Epoch=074, loss=0.5167
Epoch=075, loss=0.5149
Epoch=076, loss=0.5119
Epoch=077, loss=0.5087
Epoch=078, loss=0.5055
Epoch=079, loss=0.5063
Epoch=080, loss=0.5037
Epoch=081, loss=0.4978
Epoch=082, loss=0.4947
Epoch=083, loss=0.4944
Epoch=084, loss=0.4913
Epoch=085, loss=0.4871
Epoch=086, loss=0.4861
Epoch=087, loss=0.4797
Epoch=088, loss=0.4817
Epoch=089, loss=0.4807
Epoch=090, loss=0.4746
Epoch=091, loss=0.4726
Epoch=092, loss=0.4682
Epoch=093, loss=0.4656
Epoch=094, loss=0.4691
Epoch=095, loss=0.4615
Epoch=096, loss=0.4556
Epoch=097, loss=0.4589
Epoch=098, loss=0.4531
Epoch=099, loss=0.4527
Epoch=100, loss=0.4477
Epoch=101, loss=0.4519
Epoch=102, loss=0.4435
Epoch=103, loss=0.4449
Epoch=104, loss=0.4390
Epoch=105, loss=0.4386
Epoch=106, loss=0.4337
Epoch=107, loss=0.4336
Epoch=108, loss=0.4333
Epoch=109, loss=0.4317
Epoch=110, loss=0.4252
Epoch=111, loss=0.4228
Epoch=112, loss=0.4236
Epoch=113, loss=0.4192
Epoch=114, loss=0.4188
Epoch=115, loss=0.4217
Epoch=116, loss=0.4126
Epoch=117, loss=0.4115
Epoch=118, loss=0.4105
Epoch=119, loss=0.4043
Epoch=120, loss=0.4069
Epoch=121, loss=0.4043
Epoch=122, loss=0.3980
Epoch=123, loss=0.4004
Epoch=124, loss=0.3929
Epoch=125, loss=0.4027
Epoch=126, loss=0.3909
Epoch=127, loss=0.3904
Epoch=128, loss=0.3883
Epoch=129, loss=0.3919
Epoch=130, loss=0.3851
Epoch=131, loss=0.3877
Epoch=132, loss=0.3827
Epoch=133, loss=0.3829
Epoch=134, loss=0.3809
Epoch=135, loss=0.3766
Epoch=136, loss=0.3754
Epoch=137, loss=0.3716
Epoch=138, loss=0.3732
Epoch=139, loss=0.3726
Epoch=140, loss=0.3683
Epoch=141, loss=0.3655
Epoch=142, loss=0.3608
Epoch=143, loss=0.3664
Epoch=144, loss=0.3635
Epoch=145, loss=0.3618
Epoch=146, loss=0.3568
Epoch=147, loss=0.3609
Epoch=148, loss=0.3596
Epoch=149, loss=0.3555
Epoch=150, loss=0.3542
Epoch=151, loss=0.3540
Epoch=152, loss=0.3483
Epoch=153, loss=0.3519
Epoch=154, loss=0.3440
Epoch=155, loss=0.3496
Epoch=156, loss=0.3431
Epoch=157, loss=0.3413
Epoch=158, loss=0.3475
Epoch=159, loss=0.3406
Epoch=160, loss=0.3393
Epoch=161, loss=0.3373
Epoch=162, loss=0.3340
Epoch=163, loss=0.3328
Epoch=164, loss=0.3362
Epoch=165, loss=0.3297
Epoch=166, loss=0.3269
Epoch=167, loss=0.3276
Epoch=168, loss=0.3264
Epoch=169, loss=0.3266
Epoch=170, loss=0.3238
Epoch=171, loss=0.3222
Epoch=172, loss=0.3204
Epoch=173, loss=0.3208
Epoch=174, loss=0.3166
Epoch=175, loss=0.3174
Epoch=176, loss=0.3183
Epoch=177, loss=0.3119
Epoch=178, loss=0.3112
Epoch=179, loss=0.3124
Epoch=180, loss=0.3108
Epoch=181, loss=0.3077
Epoch=182, loss=0.3088
Epoch=183, loss=0.3067
Epoch=184, loss=0.3038
Epoch=185, loss=0.3028
Epoch=186, loss=0.3012
Epoch=187, loss=0.3025
Epoch=188, loss=0.3010
Epoch=189, loss=0.3008
Epoch=190, loss=0.2948
Epoch=191, loss=0.2983
Epoch=192, loss=0.2976
Epoch=193, loss=0.2950
Epoch=194, loss=0.2916
Epoch=195, loss=0.2901
Epoch=196, loss=0.2885
Epoch=197, loss=0.2879
Epoch=198, loss=0.2859
Epoch=199, loss=0.2891
Epoch=200, loss=0.2807
Epoch=201, loss=0.2786
Epoch=202, loss=0.2815
Epoch=203, loss=0.2782
Epoch=204, loss=0.2772
Epoch=205, loss=0.2786
Epoch=206, loss=0.2783
Epoch=207, loss=0.2729
Epoch=208, loss=0.2755
Epoch=209, loss=0.2749
Epoch=210, loss=0.2724
Epoch=211, loss=0.2733
Epoch=212, loss=0.2652
Epoch=213, loss=0.2672
Epoch=214, loss=0.2669
Epoch=215, loss=0.2663
Epoch=216, loss=0.2655
Epoch=217, loss=0.2611
Epoch=218, loss=0.2629
Epoch=219, loss=0.2602
Epoch=220, loss=0.2638
Epoch=221, loss=0.2601
Epoch=222, loss=0.2566
Epoch=223, loss=0.2576
Epoch=224, loss=0.2541
Epoch=225, loss=0.2546
Epoch=226, loss=0.2547
Epoch=227, loss=0.2551
Epoch=228, loss=0.2505
Epoch=229, loss=0.2510
Epoch=230, loss=0.2528
Epoch=231, loss=0.2471
Epoch=232, loss=0.2455
Epoch=233, loss=0.2475
Epoch=234, loss=0.2430
Epoch=235, loss=0.2435
Epoch=236, loss=0.2421
Epoch=237, loss=0.2458
Epoch=238, loss=0.2407
Epoch=239, loss=0.2431
Epoch=240, loss=0.2388
Epoch=241, loss=0.2404
Epoch=242, loss=0.2444
Epoch=243, loss=0.2368
Epoch=244, loss=0.2380
Epoch=245, loss=0.2333
Epoch=246, loss=0.2357
Epoch=247, loss=0.2326
Epoch=248, loss=0.2338
Epoch=249, loss=0.2284
Epoch=250, loss=0.2290
Epoch=251, loss=0.2315
Epoch=252, loss=0.2283
Epoch=253, loss=0.2308
Epoch=254, loss=0.2291
Epoch=255, loss=0.2277
Epoch=256, loss=0.2274
Epoch=257, loss=0.2259
Epoch=258, loss=0.2243
Epoch=259, loss=0.2282
Epoch=260, loss=0.2245
Epoch=261, loss=0.2182
Epoch=262, loss=0.2216
Epoch=263, loss=0.2155
Epoch=264, loss=0.2193
Epoch=265, loss=0.2169
Epoch=266, loss=0.2103
Epoch=267, loss=0.2221
Epoch=268, loss=0.2163
Epoch=269, loss=0.2125
Epoch=270, loss=0.2085
Epoch=271, loss=0.2113
Epoch=272, loss=0.2100
Epoch=273, loss=0.2080
Epoch=274, loss=0.2125
Epoch=275, loss=0.2085
Epoch=276, loss=0.2077
Epoch=277, loss=0.2081
Epoch=278, loss=0.2046
Epoch=279, loss=0.2020
Epoch=280, loss=0.2011
Epoch=281, loss=0.2015
Epoch=282, loss=0.2011
Epoch=283, loss=0.2007
Epoch=284, loss=0.2033
Epoch=285, loss=0.1965
Epoch=286, loss=0.2014
Epoch=287, loss=0.1957
Epoch=288, loss=0.2000
Epoch=289, loss=0.1941
Epoch=290, loss=0.1978
Epoch=291, loss=0.1935
Epoch=292, loss=0.1937
Epoch=293, loss=0.1989
Epoch=294, loss=0.1933
Epoch=295, loss=0.1889
Epoch=296, loss=0.1939
Epoch=297, loss=0.1969
Epoch=298, loss=0.1875
Epoch=299, loss=0.1896
Epoch=300, loss=0.1898
Epoch=301, loss=0.1877
Epoch=302, loss=0.1905
Epoch=303, loss=0.1887
Epoch=304, loss=0.1874
Epoch=305, loss=0.1882
Epoch=306, loss=0.1854
Epoch=307, loss=0.1883
Epoch=308, loss=0.1825
Epoch=309, loss=0.1794
Epoch=310, loss=0.1827
Epoch=311, loss=0.1833
Epoch=312, loss=0.1771
Epoch=313, loss=0.1847
Epoch=314, loss=0.1834
Epoch=315, loss=0.1726
Epoch=316, loss=0.1811
Epoch=317, loss=0.1794
Epoch=318, loss=0.1737
Epoch=319, loss=0.1767
Epoch=320, loss=0.1750
Epoch=321, loss=0.1694
Epoch=322, loss=0.1694
Epoch=323, loss=0.1695
Epoch=324, loss=0.1706
Epoch=325, loss=0.1715
Epoch=326, loss=0.1711
Epoch=327, loss=0.1725
Epoch=328, loss=0.1714
Epoch=329, loss=0.1689
Epoch=330, loss=0.1657
Epoch=331, loss=0.1682
Epoch=332, loss=0.1658
Epoch=333, loss=0.1672
Epoch=334, loss=0.1726
Epoch=335, loss=0.1653
Epoch=336, loss=0.1677
Epoch=337, loss=0.1655
Epoch=338, loss=0.1702
Epoch=339, loss=0.1619
Epoch=340, loss=0.1618
Epoch=341, loss=0.1564
Epoch=342, loss=0.1619
Epoch=343, loss=0.1594
Epoch=344, loss=0.1592
Epoch=345, loss=0.1620
Epoch=346, loss=0.1559
Epoch=347, loss=0.1546
Epoch=348, loss=0.1599
Epoch=349, loss=0.1631
Epoch=350, loss=0.1569
Epoch=351, loss=0.1525
Epoch=352, loss=0.1557
Epoch=353, loss=0.1517
Epoch=354, loss=0.1518
Epoch=355, loss=0.1546
Epoch=356, loss=0.1612
Epoch=357, loss=0.1539
Epoch=358, loss=0.1545
Epoch=359, loss=0.1521
Epoch=360, loss=0.1512
Epoch=361, loss=0.1480
Epoch=362, loss=0.1545
Epoch=363, loss=0.1531
Epoch=364, loss=0.1515
Epoch=365, loss=0.1538
Epoch=366, loss=0.1451
Epoch=367, loss=0.1519
Epoch=368, loss=0.1475
Epoch=369, loss=0.1464
Epoch=370, loss=0.1466
Epoch=371, loss=0.1451
Epoch=372, loss=0.1431
Epoch=373, loss=0.1441
Epoch=374, loss=0.1412
Epoch=375, loss=0.1401
Epoch=376, loss=0.1438
Epoch=377, loss=0.1429
Epoch=378, loss=0.1437
Epoch=379, loss=0.1429
Epoch=380, loss=0.1405
Epoch=381, loss=0.1397
Epoch=382, loss=0.1402
Epoch=383, loss=0.1375
Epoch=384, loss=0.1381
Epoch=385, loss=0.1427
Epoch=386, loss=0.1417
Epoch=387, loss=0.1367
Epoch=388, loss=0.1431
Epoch=389, loss=0.1392
Epoch=390, loss=0.1405
Epoch=391, loss=0.1338
Epoch=392, loss=0.1344
Epoch=393, loss=0.1344
Epoch=394, loss=0.1369
Epoch=395, loss=0.1344
Epoch=396, loss=0.1349
Epoch=397, loss=0.1365
Epoch=398, loss=0.1362
Epoch=399, loss=0.1349
Epoch=400, loss=0.1335
Epoch=401, loss=0.1318
Epoch=402, loss=0.1323
Epoch=403, loss=0.1309
Epoch=404, loss=0.1332
Epoch=405, loss=0.1287
Epoch=406, loss=0.1282
Epoch=407, loss=0.1275
Epoch=408, loss=0.1274
Epoch=409, loss=0.1262
Epoch=410, loss=0.1276
Epoch=411, loss=0.1263
Epoch=412, loss=0.1265
Epoch=413, loss=0.1229
Epoch=414, loss=0.1264
Epoch=415, loss=0.1288
Epoch=416, loss=0.1262
Epoch=417, loss=0.1239
Epoch=418, loss=0.1243
Epoch=419, loss=0.1245
Epoch=420, loss=0.1218
Epoch=421, loss=0.1294
Epoch=422, loss=0.1218
Epoch=423, loss=0.1205
Epoch=424, loss=0.1254
Epoch=425, loss=0.1194
Epoch=426, loss=0.1206
Epoch=427, loss=0.1234
Epoch=428, loss=0.1195
Epoch=429, loss=0.1203
Epoch=430, loss=0.1221
Epoch=431, loss=0.1219
Epoch=432, loss=0.1214
Epoch=433, loss=0.1189
Epoch=434, loss=0.1214
Epoch=435, loss=0.1140
Epoch=436, loss=0.1169
Epoch=437, loss=0.1176
Epoch=438, loss=0.1149
Epoch=439, loss=0.1178
Epoch=440, loss=0.1196
Epoch=441, loss=0.1226
Epoch=442, loss=0.1149
Epoch=443, loss=0.1181
Epoch=444, loss=0.1103
Epoch=445, loss=0.1171
Epoch=446, loss=0.1184
Epoch=447, loss=0.1226
Epoch=448, loss=0.1113
Epoch=449, loss=0.1191
Epoch=450, loss=0.1137
Epoch=451, loss=0.1210
Epoch=452, loss=0.1187
Epoch=453, loss=0.1157
Epoch=454, loss=0.1101
Epoch=455, loss=0.1146
Epoch=456, loss=0.1118
Epoch=457, loss=0.1110
Epoch=458, loss=0.1144
Epoch=459, loss=0.1110
Epoch=460, loss=0.1100
Epoch=461, loss=0.1086
Epoch=462, loss=0.1135
Epoch=463, loss=0.1074
Epoch=464, loss=0.1094
Epoch=465, loss=0.1113
Epoch=466, loss=0.1109
Epoch=467, loss=0.1100
Epoch=468, loss=0.1072
Epoch=469, loss=0.1083
Epoch=470, loss=0.1124
Epoch=471, loss=0.1052
Epoch=472, loss=0.1085
Epoch=473, loss=0.1043
Epoch=474, loss=0.1110
Epoch=475, loss=0.1054
Epoch=476, loss=0.1109
Epoch=477, loss=0.1043
Epoch=478, loss=0.1008
Epoch=479, loss=0.1051
Epoch=480, loss=0.1037
Epoch=481, loss=0.1055
Epoch=482, loss=0.1074
Epoch=483, loss=0.1084
Epoch=484, loss=0.1053
Epoch=485, loss=0.1031
Epoch=486, loss=0.1048
Epoch=487, loss=0.1033
Epoch=488, loss=0.1006
Epoch=489, loss=0.1008
Epoch=490, loss=0.0992
Epoch=491, loss=0.1002
Epoch=492, loss=0.1041
Epoch=493, loss=0.0962
Epoch=494, loss=0.0989
Epoch=495, loss=0.0960
Epoch=496, loss=0.1001
Epoch=497, loss=0.0974
Epoch=498, loss=0.1037
Epoch=499, loss=0.1007
Loading 495th epoch
Early stopping!
Start to test process.
done with the edge prediction
done with the node prediction
done with the second node prediction
(E) | label_classification: F1Mi=0.7680+-0.0070, F1Ma=0.7395+-0.0141, acc=0.7680+-0.0070
[['MVGRL', 'heat', 16, 15, 2, 'normalize', 0.1, 0.2, 0.4, 0.001, 0.5, 0.2, 0.5, 0.0001, 512, 512, 0.9512953040153024, 0.9502596268787032, 0.9394625696272265, 0.9393208735540474, 0.7071428298950195, 0.7400000095367432, 0.6866537928581238, 0.800000011920929, 0.734000027179718, 0.6963249444961548, 0.6970073843762146, 0.014484969661156092, 0.6529700892408383, 0.028970488221987282, 0.6970073843762146, 0.014484969661156092], ['MVGRL', 'heat', 32, 15, 2, 'normalize', 0.1, 0.2, 0.4, 0.001, 0.5, 0.2, 0.5, 0.0001, 512, 512, 0.9629125876570042, 0.9597464910475013, 0.9541459480284739, 0.9475831225683219, 0.7857142686843872, 0.7979999780654907, 0.759187638759613, 0.8285714387893677, 0.7799999713897705, 0.761605441570282, 0.7679751263116985, 0.006956751134166966, 0.739487601016098, 0.014111883317224695, 0.7679751263116983, 0.006956751134166952]]
Epoch=000, loss=0.6943
Epoch=001, loss=0.6914
Epoch=002, loss=0.6895
Epoch=003, loss=0.6880
Epoch=004, loss=0.6854
Epoch=005, loss=0.6837
Epoch=006, loss=0.6819
Epoch=007, loss=0.6789
Epoch=008, loss=0.6763
Epoch=009, loss=0.6737
Epoch=010, loss=0.6714
Epoch=011, loss=0.6684
Epoch=012, loss=0.6644
Epoch=013, loss=0.6623
Epoch=014, loss=0.6580
Epoch=015, loss=0.6538
Epoch=016, loss=0.6497
Epoch=017, loss=0.6466
Epoch=018, loss=0.6437
Epoch=019, loss=0.6368
Epoch=020, loss=0.6327
Epoch=021, loss=0.6297
Epoch=022, loss=0.6212
Epoch=023, loss=0.6173
Epoch=024, loss=0.6117
Epoch=025, loss=0.6088
Epoch=026, loss=0.6051
Epoch=027, loss=0.5987
Epoch=028, loss=0.5906
Epoch=029, loss=0.5903
Epoch=030, loss=0.5831
Epoch=031, loss=0.5751
Epoch=032, loss=0.5731
Epoch=033, loss=0.5691
Epoch=034, loss=0.5626
Epoch=035, loss=0.5574
Epoch=036, loss=0.5551
Epoch=037, loss=0.5498
Epoch=038, loss=0.5404
Epoch=039, loss=0.5344
Epoch=040, loss=0.5290
Epoch=041, loss=0.5266
Epoch=042, loss=0.5216
Epoch=043, loss=0.5153
Epoch=044, loss=0.5147
Epoch=045, loss=0.5092
Epoch=046, loss=0.5051
Epoch=047, loss=0.4965
Epoch=048, loss=0.4916
Epoch=049, loss=0.4893
Epoch=050, loss=0.4851
Epoch=051, loss=0.4853
Epoch=052, loss=0.4745
Epoch=053, loss=0.4721
Epoch=054, loss=0.4646
Epoch=055, loss=0.4610
Epoch=056, loss=0.4611
Epoch=057, loss=0.4556
Epoch=058, loss=0.4506
Epoch=059, loss=0.4457
Epoch=060, loss=0.4480
Epoch=061, loss=0.4432
Epoch=062, loss=0.4400
Epoch=063, loss=0.4341
Epoch=064, loss=0.4308
Epoch=065, loss=0.4312
Epoch=066, loss=0.4238
Epoch=067, loss=0.4151
Epoch=068, loss=0.4152
Epoch=069, loss=0.4160
Epoch=070, loss=0.4027
Epoch=071, loss=0.4029
Epoch=072, loss=0.4019
Epoch=073, loss=0.3955
Epoch=074, loss=0.3942
Epoch=075, loss=0.3901
Epoch=076, loss=0.3901
Epoch=077, loss=0.3864
Epoch=078, loss=0.3835
Epoch=079, loss=0.3799
Epoch=080, loss=0.3797
Epoch=081, loss=0.3714
Epoch=082, loss=0.3717
Epoch=083, loss=0.3693
Epoch=084, loss=0.3695
Epoch=085, loss=0.3626
Epoch=086, loss=0.3585
Epoch=087, loss=0.3576
Epoch=088, loss=0.3505
Epoch=089, loss=0.3535
Epoch=090, loss=0.3461
Epoch=091, loss=0.3464
Epoch=092, loss=0.3434
Epoch=093, loss=0.3437
Epoch=094, loss=0.3378
Epoch=095, loss=0.3364
Epoch=096, loss=0.3325
Epoch=097, loss=0.3306
Epoch=098, loss=0.3315
Epoch=099, loss=0.3263
Epoch=100, loss=0.3235
Epoch=101, loss=0.3245
Epoch=102, loss=0.3161
Epoch=103, loss=0.3136
Epoch=104, loss=0.3141
Epoch=105, loss=0.3129
Epoch=106, loss=0.3058
Epoch=107, loss=0.3130
Epoch=108, loss=0.3053
Epoch=109, loss=0.3044
Epoch=110, loss=0.2981
Epoch=111, loss=0.3013
Epoch=112, loss=0.2953
Epoch=113, loss=0.2940
Epoch=114, loss=0.2915
Epoch=115, loss=0.2903
Epoch=116, loss=0.2878
Epoch=117, loss=0.2911
Epoch=118, loss=0.2844
Epoch=119, loss=0.2791
Epoch=120, loss=0.2817
Epoch=121, loss=0.2786
Epoch=122, loss=0.2747
Epoch=123, loss=0.2752
Epoch=124, loss=0.2699
Epoch=125, loss=0.2697
Epoch=126, loss=0.2726
Epoch=127, loss=0.2661
Epoch=128, loss=0.2742
Epoch=129, loss=0.2606
Epoch=130, loss=0.2595
Epoch=131, loss=0.2586
Epoch=132, loss=0.2561
Epoch=133, loss=0.2524
Epoch=134, loss=0.2523
Epoch=135, loss=0.2546
Epoch=136, loss=0.2475
Epoch=137, loss=0.2460
Epoch=138, loss=0.2471
Epoch=139, loss=0.2412
Epoch=140, loss=0.2441
Epoch=141, loss=0.2416
Epoch=142, loss=0.2370
Epoch=143, loss=0.2347
Epoch=144, loss=0.2320
Epoch=145, loss=0.2317
Epoch=146, loss=0.2341
Epoch=147, loss=0.2281
Epoch=148, loss=0.2312
Epoch=149, loss=0.2279
Epoch=150, loss=0.2302
Epoch=151, loss=0.2244
Epoch=152, loss=0.2229
Epoch=153, loss=0.2211
Epoch=154, loss=0.2230
Epoch=155, loss=0.2180
Epoch=156, loss=0.2211
Epoch=157, loss=0.2144
Epoch=158, loss=0.2094
Epoch=159, loss=0.2108
Epoch=160, loss=0.2084
Epoch=161, loss=0.2099
Epoch=162, loss=0.2078
Epoch=163, loss=0.2036
Epoch=164, loss=0.2068
Epoch=165, loss=0.2038
Epoch=166, loss=0.2018
Epoch=167, loss=0.2004
Epoch=168, loss=0.2013
Epoch=169, loss=0.1974
Epoch=170, loss=0.1966
Epoch=171, loss=0.1953
Epoch=172, loss=0.1970
Epoch=173, loss=0.1896
Epoch=174, loss=0.1911
Epoch=175, loss=0.1909
Epoch=176, loss=0.1873
Epoch=177, loss=0.1903
Epoch=178, loss=0.1926
Epoch=179, loss=0.1890
Epoch=180, loss=0.1875
Epoch=181, loss=0.1888
Epoch=182, loss=0.1800
Epoch=183, loss=0.1787
Epoch=184, loss=0.1803
Epoch=185, loss=0.1799
Epoch=186, loss=0.1766
Epoch=187, loss=0.1775
Epoch=188, loss=0.1806
Epoch=189, loss=0.1754
Epoch=190, loss=0.1714
Epoch=191, loss=0.1719
Epoch=192, loss=0.1740
Epoch=193, loss=0.1652
Epoch=194, loss=0.1697
Epoch=195, loss=0.1707
Epoch=196, loss=0.1660
Epoch=197, loss=0.1668
Epoch=198, loss=0.1674
Epoch=199, loss=0.1613
Epoch=200, loss=0.1624
Epoch=201, loss=0.1638
Epoch=202, loss=0.1560
Epoch=203, loss=0.1606
Epoch=204, loss=0.1579
Epoch=205, loss=0.1583
Epoch=206, loss=0.1572
Epoch=207, loss=0.1600
Epoch=208, loss=0.1501
Epoch=209, loss=0.1524
Epoch=210, loss=0.1539
Epoch=211, loss=0.1551
Epoch=212, loss=0.1497
Epoch=213, loss=0.1502
Epoch=214, loss=0.1489
Epoch=215, loss=0.1499
Epoch=216, loss=0.1471
Epoch=217, loss=0.1499
Epoch=218, loss=0.1453
Epoch=219, loss=0.1439
Epoch=220, loss=0.1401
Epoch=221, loss=0.1473
Epoch=222, loss=0.1459
Epoch=223, loss=0.1404
Epoch=224, loss=0.1435
Epoch=225, loss=0.1396
Epoch=226, loss=0.1374
Epoch=227, loss=0.1369
Epoch=228, loss=0.1390
Epoch=229, loss=0.1390
Epoch=230, loss=0.1397
Epoch=231, loss=0.1340
Epoch=232, loss=0.1345
Epoch=233, loss=0.1343
Epoch=234, loss=0.1344
Epoch=235, loss=0.1352
Epoch=236, loss=0.1321
Epoch=237, loss=0.1349
Epoch=238, loss=0.1305
Epoch=239, loss=0.1283
Epoch=240, loss=0.1295
Epoch=241, loss=0.1281
Epoch=242, loss=0.1325
Epoch=243, loss=0.1308
Epoch=244, loss=0.1237
Epoch=245, loss=0.1274
Epoch=246, loss=0.1274
Epoch=247, loss=0.1212
Epoch=248, loss=0.1289
Epoch=249, loss=0.1182
Epoch=250, loss=0.1275
Epoch=251, loss=0.1221
Epoch=252, loss=0.1239
Epoch=253, loss=0.1229
Epoch=254, loss=0.1191
Epoch=255, loss=0.1196
Epoch=256, loss=0.1187
Epoch=257, loss=0.1199
Epoch=258, loss=0.1173
Epoch=259, loss=0.1183
Epoch=260, loss=0.1118
Epoch=261, loss=0.1153
Epoch=262, loss=0.1132
Epoch=263, loss=0.1135
Epoch=264, loss=0.1148
Epoch=265, loss=0.1132
Epoch=266, loss=0.1130
Epoch=267, loss=0.1150
Epoch=268, loss=0.1144
Epoch=269, loss=0.1115
Epoch=270, loss=0.1131
Epoch=271, loss=0.1105
Epoch=272, loss=0.1134
Epoch=273, loss=0.1094
Epoch=274, loss=0.1110
Epoch=275, loss=0.1067
Epoch=276, loss=0.1086
Epoch=277, loss=0.1050
Epoch=278, loss=0.1095
Epoch=279, loss=0.1074
Epoch=280, loss=0.1056
Epoch=281, loss=0.1088
Epoch=282, loss=0.1066
Epoch=283, loss=0.1050
Epoch=284, loss=0.1067
Epoch=285, loss=0.1031
Epoch=286, loss=0.1021
Epoch=287, loss=0.1028
Epoch=288, loss=0.1008
Epoch=289, loss=0.1030
Epoch=290, loss=0.0991
Epoch=291, loss=0.1010
Epoch=292, loss=0.1039
Epoch=293, loss=0.1012
Epoch=294, loss=0.1018
Epoch=295, loss=0.0978
Epoch=296, loss=0.0958
Epoch=297, loss=0.1006
Epoch=298, loss=0.0950
Epoch=299, loss=0.0965
Epoch=300, loss=0.0947
Epoch=301, loss=0.0992
Epoch=302, loss=0.0947
Epoch=303, loss=0.0927
Epoch=304, loss=0.0954
Epoch=305, loss=0.0963
Epoch=306, loss=0.0885
Epoch=307, loss=0.0939
Epoch=308, loss=0.0934
Epoch=309, loss=0.0932
Epoch=310, loss=0.0909
Epoch=311, loss=0.0905
Epoch=312, loss=0.0954
Epoch=313, loss=0.0910
Epoch=314, loss=0.0869
Epoch=315, loss=0.0886
Epoch=316, loss=0.0851
Epoch=317, loss=0.0907
Epoch=318, loss=0.0852
Epoch=319, loss=0.0865
Epoch=320, loss=0.0835
Epoch=321, loss=0.0874
Epoch=322, loss=0.0847
Epoch=323, loss=0.0820
Epoch=324, loss=0.0818
Epoch=325, loss=0.0837
Epoch=326, loss=0.0833
Epoch=327, loss=0.0862
Epoch=328, loss=0.0839
Epoch=329, loss=0.0812
Epoch=330, loss=0.0821
Epoch=331, loss=0.0819
Epoch=332, loss=0.0828
Epoch=333, loss=0.0801
Epoch=334, loss=0.0850
Epoch=335, loss=0.0829
Epoch=336, loss=0.0832
Epoch=337, loss=0.0790
Epoch=338, loss=0.0848
Epoch=339, loss=0.0837
Epoch=340, loss=0.0790
Epoch=341, loss=0.0800
Epoch=342, loss=0.0791
Epoch=343, loss=0.0783
Epoch=344, loss=0.0819
Epoch=345, loss=0.0798
Epoch=346, loss=0.0742
Epoch=347, loss=0.0796
Epoch=348, loss=0.0809
Epoch=349, loss=0.0816
Epoch=350, loss=0.0818
Epoch=351, loss=0.0782
Epoch=352, loss=0.0773
Epoch=353, loss=0.0796
Epoch=354, loss=0.0732
Epoch=355, loss=0.0738
Epoch=356, loss=0.0738
Epoch=357, loss=0.0761
Epoch=358, loss=0.0744
Epoch=359, loss=0.0809
Epoch=360, loss=0.0741
Epoch=361, loss=0.0731
Epoch=362, loss=0.0733
Epoch=363, loss=0.0733
Epoch=364, loss=0.0731
Epoch=365, loss=0.0695
Epoch=366, loss=0.0759
Epoch=367, loss=0.0756
Epoch=368, loss=0.0734
Epoch=369, loss=0.0736
Epoch=370, loss=0.0722
Epoch=371, loss=0.0725
Epoch=372, loss=0.0719
Epoch=373, loss=0.0723
Epoch=374, loss=0.0707
Epoch=375, loss=0.0665
Epoch=376, loss=0.0680
Epoch=377, loss=0.0703
Epoch=378, loss=0.0721
Epoch=379, loss=0.0674
Epoch=380, loss=0.0642
Epoch=381, loss=0.0680
Epoch=382, loss=0.0657
Epoch=383, loss=0.0685
Epoch=384, loss=0.0706
Epoch=385, loss=0.0692
Epoch=386, loss=0.0675
Epoch=387, loss=0.0685
Epoch=388, loss=0.0718
Epoch=389, loss=0.0664
Epoch=390, loss=0.0678
Epoch=391, loss=0.0640
Epoch=392, loss=0.0674
Epoch=393, loss=0.0639
Epoch=394, loss=0.0678
Epoch=395, loss=0.0640
Epoch=396, loss=0.0635
Epoch=397, loss=0.0670
Epoch=398, loss=0.0621
Epoch=399, loss=0.0629
Epoch=400, loss=0.0609
Epoch=401, loss=0.0624
Epoch=402, loss=0.0617
Epoch=403, loss=0.0636
Epoch=404, loss=0.0617
Epoch=405, loss=0.0635
Epoch=406, loss=0.0624
Epoch=407, loss=0.0636
Epoch=408, loss=0.0602
Epoch=409, loss=0.0590
Epoch=410, loss=0.0642
Epoch=411, loss=0.0644
Epoch=412, loss=0.0614
Epoch=413, loss=0.0613
Epoch=414, loss=0.0594
Epoch=415, loss=0.0577
Epoch=416, loss=0.0598
Epoch=417, loss=0.0548
Epoch=418, loss=0.0619
Epoch=419, loss=0.0592
Epoch=420, loss=0.0638
Epoch=421, loss=0.0607
Epoch=422, loss=0.0582
Epoch=423, loss=0.0568
Epoch=424, loss=0.0540
Epoch=425, loss=0.0581
Epoch=426, loss=0.0549
Epoch=427, loss=0.0570
Epoch=428, loss=0.0532
Epoch=429, loss=0.0551
Epoch=430, loss=0.0595
Epoch=431, loss=0.0576
Epoch=432, loss=0.0579
Epoch=433, loss=0.0544
Epoch=434, loss=0.0575
Epoch=435, loss=0.0611
Epoch=436, loss=0.0568
Epoch=437, loss=0.0590
Epoch=438, loss=0.0545
Epoch=439, loss=0.0544
Epoch=440, loss=0.0524
Epoch=441, loss=0.0537
Epoch=442, loss=0.0539
Epoch=443, loss=0.0522
Epoch=444, loss=0.0544
Epoch=445, loss=0.0542
Epoch=446, loss=0.0551
Epoch=447, loss=0.0493
Epoch=448, loss=0.0523
Epoch=449, loss=0.0521
Epoch=450, loss=0.0534
Epoch=451, loss=0.0531
Epoch=452, loss=0.0516
Epoch=453, loss=0.0513
Epoch=454, loss=0.0532
Epoch=455, loss=0.0533
Epoch=456, loss=0.0493
Epoch=457, loss=0.0553
Epoch=458, loss=0.0512
Epoch=459, loss=0.0529
Epoch=460, loss=0.0506
Epoch=461, loss=0.0499
Epoch=462, loss=0.0496
Epoch=463, loss=0.0487
Epoch=464, loss=0.0475
Epoch=465, loss=0.0510
Epoch=466, loss=0.0474
Epoch=467, loss=0.0527
Epoch=468, loss=0.0505
Epoch=469, loss=0.0524
Epoch=470, loss=0.0502
Epoch=471, loss=0.0496
Epoch=472, loss=0.0466
Epoch=473, loss=0.0516
Epoch=474, loss=0.0514
Epoch=475, loss=0.0462
Epoch=476, loss=0.0458
Epoch=477, loss=0.0485
Epoch=478, loss=0.0467
Epoch=479, loss=0.0474
Epoch=480, loss=0.0507
Epoch=481, loss=0.0451
Epoch=482, loss=0.0445
Epoch=483, loss=0.0482
Epoch=484, loss=0.0500
Epoch=485, loss=0.0476
Epoch=486, loss=0.0471
Epoch=487, loss=0.0463
Epoch=488, loss=0.0466
Epoch=489, loss=0.0438
Epoch=490, loss=0.0482
Epoch=491, loss=0.0456
Epoch=492, loss=0.0479
Epoch=493, loss=0.0486
Epoch=494, loss=0.0484
Epoch=495, loss=0.0479
Epoch=496, loss=0.0422
Epoch=497, loss=0.0458
Epoch=498, loss=0.0433
Epoch=499, loss=0.0426
Loading 496th epoch
done with the edge prediction
done with the node prediction
done with the second node prediction
(E) | label_classification: F1Mi=0.7906+-0.0119, F1Ma=0.7755+-0.0095, acc=0.7906+-0.0119
[['MVGRL', 'heat', 16, 15, 2, 'normalize', 0.1, 0.2, 0.4, 0.001, 0.5, 0.2, 0.5, 0.0001, 512, 512, 0.9512953040153024, 0.9502596268787032, 0.9394625696272265, 0.9393208735540474, 0.7071428298950195, 0.7400000095367432, 0.6866537928581238, 0.800000011920929, 0.734000027179718, 0.6963249444961548, 0.6970073843762146, 0.014484969661156092, 0.6529700892408383, 0.028970488221987282, 0.6970073843762146, 0.014484969661156092], ['MVGRL', 'heat', 32, 15, 2, 'normalize', 0.1, 0.2, 0.4, 0.001, 0.5, 0.2, 0.5, 0.0001, 512, 512, 0.9629125876570042, 0.9597464910475013, 0.9541459480284739, 0.9475831225683219, 0.7857142686843872, 0.7979999780654907, 0.759187638759613, 0.8285714387893677, 0.7799999713897705, 0.761605441570282, 0.7679751263116985, 0.006956751134166966, 0.739487601016098, 0.014111883317224695, 0.7679751263116983, 0.006956751134166952], ['MVGRL', 'heat', 64, 15, 2, 'normalize', 0.1, 0.2, 0.4, 0.001, 0.5, 0.2, 0.5, 0.0001, 512, 512, 0.9835990647271711, 0.9825294987155949, 0.9706764507847577, 0.9681520709129035, 0.7857142686843872, 0.8100000023841858, 0.7683752179145813, 0.7642857432365417, 0.8140000104904175, 0.7693423628807068, 0.79059463661096, 0.011944692912594786, 0.7754967717835061, 0.00951340262271509, 0.79059463661096, 0.01194469291259479]]
Epoch=000, loss=0.6934
Epoch=001, loss=0.6884
Epoch=002, loss=0.6841
Epoch=003, loss=0.6791
Epoch=004, loss=0.6747
Epoch=005, loss=0.6688
Epoch=006, loss=0.6638
Epoch=007, loss=0.6564
Epoch=008, loss=0.6518
Epoch=009, loss=0.6419
Epoch=010, loss=0.6341
Epoch=011, loss=0.6236
Epoch=012, loss=0.6189
Epoch=013, loss=0.6079
Epoch=014, loss=0.5973
Epoch=015, loss=0.5934
Epoch=016, loss=0.5817
Epoch=017, loss=0.5705
Epoch=018, loss=0.5591
Epoch=019, loss=0.5530
Epoch=020, loss=0.5435
Epoch=021, loss=0.5321
Epoch=022, loss=0.5286
Epoch=023, loss=0.5175
Epoch=024, loss=0.5079
Epoch=025, loss=0.4983
Epoch=026, loss=0.4932
Epoch=027, loss=0.4866
Epoch=028, loss=0.4822
Epoch=029, loss=0.4713
Epoch=030, loss=0.4637
Epoch=031, loss=0.4577
Epoch=032, loss=0.4514
Epoch=033, loss=0.4407
Epoch=034, loss=0.4371
Epoch=035, loss=0.4269
Epoch=036, loss=0.4188
Epoch=037, loss=0.4125
Epoch=038, loss=0.4124
Epoch=039, loss=0.4018
Epoch=040, loss=0.3969
Epoch=041, loss=0.3926
Epoch=042, loss=0.3869
Epoch=043, loss=0.3872
Epoch=044, loss=0.3759
Epoch=045, loss=0.3686
Epoch=046, loss=0.3680
Epoch=047, loss=0.3628
Epoch=048, loss=0.3523
Epoch=049, loss=0.3514
Epoch=050, loss=0.3525
Epoch=051, loss=0.3418
Epoch=052, loss=0.3398
Epoch=053, loss=0.3371
Epoch=054, loss=0.3295
Epoch=055, loss=0.3241
Epoch=056, loss=0.3215
Epoch=057, loss=0.3167
Epoch=058, loss=0.3101
Epoch=059, loss=0.3081
Epoch=060, loss=0.3071
Epoch=061, loss=0.3009
Epoch=062, loss=0.3028
Epoch=063, loss=0.2935
Epoch=064, loss=0.2870
Epoch=065, loss=0.2896
Epoch=066, loss=0.2904
Epoch=067, loss=0.2798
Epoch=068, loss=0.2757
Epoch=069, loss=0.2760
Epoch=070, loss=0.2670
Epoch=071, loss=0.2637
Epoch=072, loss=0.2632
Epoch=073, loss=0.2576
Epoch=074, loss=0.2587
Epoch=075, loss=0.2497
Epoch=076, loss=0.2484
Epoch=077, loss=0.2542
Epoch=078, loss=0.2469
Epoch=079, loss=0.2401
Epoch=080, loss=0.2390
Epoch=081, loss=0.2370
Epoch=082, loss=0.2318
Epoch=083, loss=0.2342
Epoch=084, loss=0.2277
Epoch=085, loss=0.2246
Epoch=086, loss=0.2237
Epoch=087, loss=0.2184
Epoch=088, loss=0.2124
Epoch=089, loss=0.2160
Epoch=090, loss=0.2176
Epoch=091, loss=0.2085
Epoch=092, loss=0.2048
Epoch=093, loss=0.2044
Epoch=094, loss=0.2029
Epoch=095, loss=0.2022
Epoch=096, loss=0.1998
Epoch=097, loss=0.1925
Epoch=098, loss=0.1966
Epoch=099, loss=0.1908
Epoch=100, loss=0.1912
Epoch=101, loss=0.1872
Epoch=102, loss=0.1858
Epoch=103, loss=0.1854
Epoch=104, loss=0.1804
Epoch=105, loss=0.1813
Epoch=106, loss=0.1765
Epoch=107, loss=0.1780
Epoch=108, loss=0.1695
Epoch=109, loss=0.1716
Epoch=110, loss=0.1696
Epoch=111, loss=0.1674
Epoch=112, loss=0.1668
Epoch=113, loss=0.1647
Epoch=114, loss=0.1647
Epoch=115, loss=0.1613
Epoch=116, loss=0.1602
Epoch=117, loss=0.1571
Epoch=118, loss=0.1574
Epoch=119, loss=0.1581
Epoch=120, loss=0.1579
Epoch=121, loss=0.1565
Epoch=122, loss=0.1488
Epoch=123, loss=0.1507
Epoch=124, loss=0.1515
Epoch=125, loss=0.1491
Epoch=126, loss=0.1447
Epoch=127, loss=0.1463
Epoch=128, loss=0.1421
Epoch=129, loss=0.1413
Epoch=130, loss=0.1425
Epoch=131, loss=0.1382
Epoch=132, loss=0.1354
Epoch=133, loss=0.1340
Epoch=134, loss=0.1375
Epoch=135, loss=0.1362
Epoch=136, loss=0.1287
Epoch=137, loss=0.1323
Epoch=138, loss=0.1311
Epoch=139, loss=0.1333
Epoch=140, loss=0.1352
Epoch=141, loss=0.1298
Epoch=142, loss=0.1290
Epoch=143, loss=0.1260
Epoch=144, loss=0.1275
Epoch=145, loss=0.1243
Epoch=146, loss=0.1194
Epoch=147, loss=0.1253
Epoch=148, loss=0.1260
Epoch=149, loss=0.1218
Epoch=150, loss=0.1263
Epoch=151, loss=0.1189
Epoch=152, loss=0.1182
Epoch=153, loss=0.1152
Epoch=154, loss=0.1178
Epoch=155, loss=0.1144
Epoch=156, loss=0.1203
Epoch=157, loss=0.1116
Epoch=158, loss=0.1129
Epoch=159, loss=0.1116
Epoch=160, loss=0.1122
Epoch=161, loss=0.1122
Epoch=162, loss=0.1123
Epoch=163, loss=0.1096
Epoch=164, loss=0.1065
Epoch=165, loss=0.1078
Epoch=166, loss=0.1076
Epoch=167, loss=0.1052
Epoch=168, loss=0.1076
Epoch=169, loss=0.1037
Epoch=170, loss=0.1027
Epoch=171, loss=0.1027
Epoch=172, loss=0.1064
Epoch=173, loss=0.0996
Epoch=174, loss=0.0955
Epoch=175, loss=0.1058
Epoch=176, loss=0.0950
Epoch=177, loss=0.1026
Epoch=178, loss=0.1009
Epoch=179, loss=0.0963
Epoch=180, loss=0.0940
Epoch=181, loss=0.0980
Epoch=182, loss=0.0956
Epoch=183, loss=0.0952
Epoch=184, loss=0.0937
Epoch=185, loss=0.0978
Epoch=186, loss=0.0919
Epoch=187, loss=0.0942
Epoch=188, loss=0.0935
Epoch=189, loss=0.0982
Epoch=190, loss=0.0906
Epoch=191, loss=0.0909
Epoch=192, loss=0.0910
Epoch=193, loss=0.0898
Epoch=194, loss=0.0914
Epoch=195, loss=0.0904
Epoch=196, loss=0.0864
Epoch=197, loss=0.0906
Epoch=198, loss=0.0858
Epoch=199, loss=0.0826
Epoch=200, loss=0.0865
Epoch=201, loss=0.0861
Epoch=202, loss=0.0847
Epoch=203, loss=0.0849
Epoch=204, loss=0.0811
Epoch=205, loss=0.0831
Epoch=206, loss=0.0777
Epoch=207, loss=0.0826
Epoch=208, loss=0.0858
Epoch=209, loss=0.0820
Epoch=210, loss=0.0827
Epoch=211, loss=0.0824
Epoch=212, loss=0.0763
Epoch=213, loss=0.0786
Epoch=214, loss=0.0758
Epoch=215, loss=0.0821
Epoch=216, loss=0.0853
Epoch=217, loss=0.0802
Epoch=218, loss=0.0773
Epoch=219, loss=0.0821
Epoch=220, loss=0.0863
Epoch=221, loss=0.0746
Epoch=222, loss=0.0747
Epoch=223, loss=0.0733
Epoch=224, loss=0.0783
Epoch=225, loss=0.0787
Epoch=226, loss=0.0752
Epoch=227, loss=0.0753
Epoch=228, loss=0.0735
Epoch=229, loss=0.0709
Epoch=230, loss=0.0696
Epoch=231, loss=0.0707
Epoch=232, loss=0.0774
Epoch=233, loss=0.0721
Epoch=234, loss=0.0708
Epoch=235, loss=0.0687
Epoch=236, loss=0.0735
Epoch=237, loss=0.0689
Epoch=238, loss=0.0690
Epoch=239, loss=0.0694
Epoch=240, loss=0.0704
Epoch=241, loss=0.0695
Epoch=242, loss=0.0702
Epoch=243, loss=0.0686
Epoch=244, loss=0.0671
Epoch=245, loss=0.0684
Epoch=246, loss=0.0637
Epoch=247, loss=0.0642
Epoch=248, loss=0.0652
Epoch=249, loss=0.0683
Epoch=250, loss=0.0698
Epoch=251, loss=0.0670
Epoch=252, loss=0.0659
Epoch=253, loss=0.0689
Epoch=254, loss=0.0670
Epoch=255, loss=0.0625
Epoch=256, loss=0.0629
Epoch=257, loss=0.0675
Epoch=258, loss=0.0647
Epoch=259, loss=0.0629
Epoch=260, loss=0.0676
Epoch=261, loss=0.0618
Epoch=262, loss=0.0620
Epoch=263, loss=0.0672
Epoch=264, loss=0.0659
Epoch=265, loss=0.0616
Epoch=266, loss=0.0619
Epoch=267, loss=0.0602
Epoch=268, loss=0.0598
Epoch=269, loss=0.0672
Epoch=270, loss=0.0655
Epoch=271, loss=0.0613
Epoch=272, loss=0.0564
Epoch=273, loss=0.0580
Epoch=274, loss=0.0577
Epoch=275, loss=0.0569
Epoch=276, loss=0.0598
Epoch=277, loss=0.0630
Epoch=278, loss=0.0541
Epoch=279, loss=0.0606
Epoch=280, loss=0.0641
Epoch=281, loss=0.0600
Epoch=282, loss=0.0563
Epoch=283, loss=0.0542
Epoch=284, loss=0.0592
Epoch=285, loss=0.0556
Epoch=286, loss=0.0561
Epoch=287, loss=0.0546
Epoch=288, loss=0.0612
Epoch=289, loss=0.0555
Epoch=290, loss=0.0543
Epoch=291, loss=0.0519
Epoch=292, loss=0.0548
Epoch=293, loss=0.0597
Epoch=294, loss=0.0557
Epoch=295, loss=0.0553
Epoch=296, loss=0.0576
Epoch=297, loss=0.0564
Epoch=298, loss=0.0578
Epoch=299, loss=0.0561
Epoch=300, loss=0.0512
Epoch=301, loss=0.0536
Epoch=302, loss=0.0555
Epoch=303, loss=0.0542
Epoch=304, loss=0.0560
Epoch=305, loss=0.0505
Epoch=306, loss=0.0591
Epoch=307, loss=0.0517
Epoch=308, loss=0.0515
Epoch=309, loss=0.0542
Epoch=310, loss=0.0524
Epoch=311, loss=0.0525
Epoch=312, loss=0.0472
Epoch=313, loss=0.0518
Epoch=314, loss=0.0521
Epoch=315, loss=0.0466
Epoch=316, loss=0.0536
Epoch=317, loss=0.0541
Epoch=318, loss=0.0482
Epoch=319, loss=0.0527
Epoch=320, loss=0.0515
Epoch=321, loss=0.0523
Epoch=322, loss=0.0482
Epoch=323, loss=0.0518
Epoch=324, loss=0.0463
Epoch=325, loss=0.0462
Epoch=326, loss=0.0452
Epoch=327, loss=0.0469
Epoch=328, loss=0.0472
Epoch=329, loss=0.0458
Epoch=330, loss=0.0492
Epoch=331, loss=0.0473
Epoch=332, loss=0.0473
Epoch=333, loss=0.0447
Epoch=334, loss=0.0492
Epoch=335, loss=0.0488
Epoch=336, loss=0.0470
Epoch=337, loss=0.0463
Epoch=338, loss=0.0479
Epoch=339, loss=0.0425
Epoch=340, loss=0.0455
Epoch=341, loss=0.0438
Epoch=342, loss=0.0479
Epoch=343, loss=0.0437
Epoch=344, loss=0.0465
Epoch=345, loss=0.0458
Epoch=346, loss=0.0455
Epoch=347, loss=0.0440
Epoch=348, loss=0.0424
Epoch=349, loss=0.0432
Epoch=350, loss=0.0444
Epoch=351, loss=0.0467
Epoch=352, loss=0.0430
Epoch=353, loss=0.0476
Epoch=354, loss=0.0469
Epoch=355, loss=0.0449
Epoch=356, loss=0.0451
Epoch=357, loss=0.0443
Epoch=358, loss=0.0422
Epoch=359, loss=0.0463
Epoch=360, loss=0.0448
Epoch=361, loss=0.0419
Epoch=362, loss=0.0400
Epoch=363, loss=0.0408
Epoch=364, loss=0.0402
Epoch=365, loss=0.0396
Epoch=366, loss=0.0419
Epoch=367, loss=0.0401
Epoch=368, loss=0.0450
Epoch=369, loss=0.0431
Epoch=370, loss=0.0381
Epoch=371, loss=0.0429
Epoch=372, loss=0.0427
Epoch=373, loss=0.0385
Epoch=374, loss=0.0405
Epoch=375, loss=0.0413
Epoch=376, loss=0.0387
Epoch=377, loss=0.0393
Epoch=378, loss=0.0416
Epoch=379, loss=0.0391
Epoch=380, loss=0.0435
Epoch=381, loss=0.0419
Epoch=382, loss=0.0422
Epoch=383, loss=0.0377
Epoch=384, loss=0.0392
Epoch=385, loss=0.0410
Epoch=386, loss=0.0384
Epoch=387, loss=0.0392
Epoch=388, loss=0.0384
Epoch=389, loss=0.0393
Epoch=390, loss=0.0397
Epoch=391, loss=0.0386
Epoch=392, loss=0.0406
Epoch=393, loss=0.0369
Epoch=394, loss=0.0385
Epoch=395, loss=0.0402
Epoch=396, loss=0.0354
Epoch=397, loss=0.0351
Epoch=398, loss=0.0348
Epoch=399, loss=0.0404
Epoch=400, loss=0.0374
Epoch=401, loss=0.0367
Epoch=402, loss=0.0367
Epoch=403, loss=0.0337
Epoch=404, loss=0.0358
Epoch=405, loss=0.0345
Epoch=406, loss=0.0338
Epoch=407, loss=0.0361
Epoch=408, loss=0.0370
Epoch=409, loss=0.0355
Epoch=410, loss=0.0330
Epoch=411, loss=0.0377
Epoch=412, loss=0.0390
Epoch=413, loss=0.0337
Epoch=414, loss=0.0352
Epoch=415, loss=0.0364
Epoch=416, loss=0.0343
Epoch=417, loss=0.0318
Epoch=418, loss=0.0350
Epoch=419, loss=0.0312
Epoch=420, loss=0.0347
Epoch=421, loss=0.0320
Epoch=422, loss=0.0318
Epoch=423, loss=0.0379
Epoch=424, loss=0.0344
Epoch=425, loss=0.0353
Epoch=426, loss=0.0320
Epoch=427, loss=0.0306
Epoch=428, loss=0.0297
Epoch=429, loss=0.0369
Epoch=430, loss=0.0375
Epoch=431, loss=0.0346
Epoch=432, loss=0.0329
Epoch=433, loss=0.0308
Epoch=434, loss=0.0337
Epoch=435, loss=0.0324
Epoch=436, loss=0.0334
Epoch=437, loss=0.0316
Epoch=438, loss=0.0323
Epoch=439, loss=0.0306
Epoch=440, loss=0.0318
Epoch=441, loss=0.0319
Epoch=442, loss=0.0334
Epoch=443, loss=0.0302
Epoch=444, loss=0.0335
Epoch=445, loss=0.0356
Epoch=446, loss=0.0300
Epoch=447, loss=0.0344
Epoch=448, loss=0.0321
Early stopping!
Loading 428th epoch
Early stopping!
Start to test process.
done with the edge prediction
done with the node prediction
done with the second node prediction
(E) | label_classification: F1Mi=0.7914+-0.0143, F1Ma=0.7744+-0.0161, acc=0.7914+-0.0143
[['MVGRL', 'heat', 16, 15, 2, 'normalize', 0.1, 0.2, 0.4, 0.001, 0.5, 0.2, 0.5, 0.0001, 512, 512, 0.9512953040153024, 0.9502596268787032, 0.9394625696272265, 0.9393208735540474, 0.7071428298950195, 0.7400000095367432, 0.6866537928581238, 0.800000011920929, 0.734000027179718, 0.6963249444961548, 0.6970073843762146, 0.014484969661156092, 0.6529700892408383, 0.028970488221987282, 0.6970073843762146, 0.014484969661156092], ['MVGRL', 'heat', 32, 15, 2, 'normalize', 0.1, 0.2, 0.4, 0.001, 0.5, 0.2, 0.5, 0.0001, 512, 512, 0.9629125876570042, 0.9597464910475013, 0.9541459480284739, 0.9475831225683219, 0.7857142686843872, 0.7979999780654907, 0.759187638759613, 0.8285714387893677, 0.7799999713897705, 0.761605441570282, 0.7679751263116985, 0.006956751134166966, 0.739487601016098, 0.014111883317224695, 0.7679751263116983, 0.006956751134166952], ['MVGRL', 'heat', 64, 15, 2, 'normalize', 0.1, 0.2, 0.4, 0.001, 0.5, 0.2, 0.5, 0.0001, 512, 512, 0.9835990647271711, 0.9825294987155949, 0.9706764507847577, 0.9681520709129035, 0.7857142686843872, 0.8100000023841858, 0.7683752179145813, 0.7642857432365417, 0.8140000104904175, 0.7693423628807068, 0.79059463661096, 0.011944692912594786, 0.7754967717835061, 0.00951340262271509, 0.79059463661096, 0.01194469291259479], ['MVGRL', 'heat', 128, 15, 2, 'normalize', 0.1, 0.2, 0.4, 0.001, 0.5, 0.2, 0.5, 0.0001, 512, 512, 0.9847314416975671, 0.9830150327337814, 0.9669569976487871, 0.9625291959592568, 0.8999999761581421, 0.8059999942779541, 0.7741779685020447, 0.8928571343421936, 0.800000011920929, 0.7736943960189819, 0.7913719393703847, 0.014287154581749542, 0.774418528604448, 0.016103336269745926, 0.7913719393703847, 0.014287154581749591]]
Epoch=000, loss=0.6941
Epoch=001, loss=0.6803
Epoch=002, loss=0.6680
Epoch=003, loss=0.6577
Epoch=004, loss=0.6445
Epoch=005, loss=0.6341
Epoch=006, loss=0.6169
Epoch=007, loss=0.6037
Epoch=008, loss=0.5909
Epoch=009, loss=0.5742
Epoch=010, loss=0.5588
Epoch=011, loss=0.5443
Epoch=012, loss=0.5261
Epoch=013, loss=0.5163
Epoch=014, loss=0.5047
Epoch=015, loss=0.4903
Epoch=016, loss=0.4725
Epoch=017, loss=0.4603
Epoch=018, loss=0.4543
Epoch=019, loss=0.4423
Epoch=020, loss=0.4327
Epoch=021, loss=0.4147
Epoch=022, loss=0.4071
Epoch=023, loss=0.3950
Epoch=024, loss=0.3883
Epoch=025, loss=0.3757
Epoch=026, loss=0.3718
Epoch=027, loss=0.3631
Epoch=028, loss=0.3527
Epoch=029, loss=0.3452
Epoch=030, loss=0.3396
Epoch=031, loss=0.3334
Epoch=032, loss=0.3280
Epoch=033, loss=0.3221
Epoch=034, loss=0.3084
Epoch=035, loss=0.3043
Epoch=036, loss=0.2984
Epoch=037, loss=0.2938
Epoch=038, loss=0.2895
Epoch=039, loss=0.2787
Epoch=040, loss=0.2722
Epoch=041, loss=0.2694
Epoch=042, loss=0.2582
Epoch=043, loss=0.2522
Epoch=044, loss=0.2540
Epoch=045, loss=0.2433
Epoch=046, loss=0.2432
Epoch=047, loss=0.2356
Epoch=048, loss=0.2269
Epoch=049, loss=0.2254
Epoch=050, loss=0.2178
Epoch=051, loss=0.2167
Epoch=052, loss=0.2157
Epoch=053, loss=0.2142
Epoch=054, loss=0.2040
Epoch=055, loss=0.1988
Epoch=056, loss=0.1995
Epoch=057, loss=0.1940
Epoch=058, loss=0.1887
Epoch=059, loss=0.1897
Epoch=060, loss=0.1826
Epoch=061, loss=0.1776
Epoch=062, loss=0.1776
Epoch=063, loss=0.1757
Epoch=064, loss=0.1696
Epoch=065, loss=0.1666
Epoch=066, loss=0.1648
Epoch=067, loss=0.1633
Epoch=068, loss=0.1596
Epoch=069, loss=0.1564
Epoch=070, loss=0.1531
Epoch=071, loss=0.1481
Epoch=072, loss=0.1479
Epoch=073, loss=0.1478
Epoch=074, loss=0.1435
Epoch=075, loss=0.1468
Epoch=076, loss=0.1361
Epoch=077, loss=0.1410
Epoch=078, loss=0.1373
Epoch=079, loss=0.1326
Epoch=080, loss=0.1329
Epoch=081, loss=0.1307
Epoch=082, loss=0.1299
Epoch=083, loss=0.1295
Epoch=084, loss=0.1244
Epoch=085, loss=0.1258
Epoch=086, loss=0.1189
Epoch=087, loss=0.1208
Epoch=088, loss=0.1197
Epoch=089, loss=0.1156
Epoch=090, loss=0.1173
Epoch=091, loss=0.1170
Epoch=092, loss=0.1126
Epoch=093, loss=0.1134
Epoch=094, loss=0.1102
Epoch=095, loss=0.1122
Epoch=096, loss=0.1101
Epoch=097, loss=0.1079
Epoch=098, loss=0.1061
Epoch=099, loss=0.1074
Epoch=100, loss=0.1035
Epoch=101, loss=0.1019
Epoch=102, loss=0.0995
Epoch=103, loss=0.0990
Epoch=104, loss=0.0962
Epoch=105, loss=0.0983
Epoch=106, loss=0.1000
Epoch=107, loss=0.0988
Epoch=108, loss=0.0952
Epoch=109, loss=0.0951
Epoch=110, loss=0.0941
Epoch=111, loss=0.0938
Epoch=112, loss=0.0923
Epoch=113, loss=0.0902
Epoch=114, loss=0.0899
Epoch=115, loss=0.0924
Epoch=116, loss=0.0883
Epoch=117, loss=0.0904
Epoch=118, loss=0.0875
Epoch=119, loss=0.0911
Epoch=120, loss=0.0872
Epoch=121, loss=0.0859
Epoch=122, loss=0.0831
Epoch=123, loss=0.0841
Epoch=124, loss=0.0887
Epoch=125, loss=0.0854
Epoch=126, loss=0.0835
Epoch=127, loss=0.0782
Epoch=128, loss=0.0858
Epoch=129, loss=0.0848
Epoch=130, loss=0.0800
Epoch=131, loss=0.0802
Epoch=132, loss=0.0775
Epoch=133, loss=0.0734
Epoch=134, loss=0.0754
Epoch=135, loss=0.0756
Epoch=136, loss=0.0765
Epoch=137, loss=0.0771
Epoch=138, loss=0.0791
Epoch=139, loss=0.0748
Epoch=140, loss=0.0756
Epoch=141, loss=0.0787
Epoch=142, loss=0.0748
Epoch=143, loss=0.0726
Epoch=144, loss=0.0745
Epoch=145, loss=0.0730
Epoch=146, loss=0.0719
Epoch=147, loss=0.0717
Epoch=148, loss=0.0656
Epoch=149, loss=0.0679
Epoch=150, loss=0.0678
Epoch=151, loss=0.0701
Epoch=152, loss=0.0675
Epoch=153, loss=0.0622
Epoch=154, loss=0.0699
Epoch=155, loss=0.0698
Epoch=156, loss=0.0665
Epoch=157, loss=0.0707
Epoch=158, loss=0.0679
Epoch=159, loss=0.0653
Epoch=160, loss=0.0657
Epoch=161, loss=0.0605
Epoch=162, loss=0.0598
Epoch=163, loss=0.0662
Epoch=164, loss=0.0633
Epoch=165, loss=0.0630
Epoch=166, loss=0.0604
Epoch=167, loss=0.0662
Epoch=168, loss=0.0619
Epoch=169, loss=0.0632
Epoch=170, loss=0.0610
Epoch=171, loss=0.0633
Epoch=172, loss=0.0650
Epoch=173, loss=0.0603
Epoch=174, loss=0.0596
Epoch=175, loss=0.0594
Epoch=176, loss=0.0627
Epoch=177, loss=0.0596
Epoch=178, loss=0.0574
Epoch=179, loss=0.0561
Epoch=180, loss=0.0555
Epoch=181, loss=0.0563
Epoch=182, loss=0.0575
Epoch=183, loss=0.0592
Epoch=184, loss=0.0600
Epoch=185, loss=0.0560
Epoch=186, loss=0.0597
Epoch=187, loss=0.0580
Epoch=188, loss=0.0565
Epoch=189, loss=0.0543
Epoch=190, loss=0.0535
Epoch=191, loss=0.0546
Epoch=192, loss=0.0549
Epoch=193, loss=0.0520
Epoch=194, loss=0.0526
Epoch=195, loss=0.0499
Epoch=196, loss=0.0513
Epoch=197, loss=0.0547
Epoch=198, loss=0.0510
Epoch=199, loss=0.0514
Epoch=200, loss=0.0520
Epoch=201, loss=0.0575
Epoch=202, loss=0.0555
Epoch=203, loss=0.0484
Epoch=204, loss=0.0516
Epoch=205, loss=0.0515
Epoch=206, loss=0.0497
Epoch=207, loss=0.0456
Epoch=208, loss=0.0514
Epoch=209, loss=0.0532
Epoch=210, loss=0.0516
Epoch=211, loss=0.0507
Epoch=212, loss=0.0505
Epoch=213, loss=0.0484
Epoch=214, loss=0.0534
Epoch=215, loss=0.0498
Epoch=216, loss=0.0502
Epoch=217, loss=0.0438
Epoch=218, loss=0.0449
Epoch=219, loss=0.0445
Epoch=220, loss=0.0467
Epoch=221, loss=0.0425
Epoch=222, loss=0.0470
Epoch=223, loss=0.0448
Epoch=224, loss=0.0407
Epoch=225, loss=0.0459
Epoch=226, loss=0.0410
Epoch=227, loss=0.0485
Epoch=228, loss=0.0455
Epoch=229, loss=0.0457
Epoch=230, loss=0.0460
Epoch=231, loss=0.0514
Epoch=232, loss=0.0451
Epoch=233, loss=0.0441
Epoch=234, loss=0.0427
Epoch=235, loss=0.0416
Epoch=236, loss=0.0435
Epoch=237, loss=0.0446
Epoch=238, loss=0.0470
Epoch=239, loss=0.0461
Epoch=240, loss=0.0430
Epoch=241, loss=0.0413
Epoch=242, loss=0.0407
Epoch=243, loss=0.0400
Epoch=244, loss=0.0424
Epoch=245, loss=0.0403
Epoch=246, loss=0.0389
Epoch=247, loss=0.0448
Epoch=248, loss=0.0424
Epoch=249, loss=0.0394
Epoch=250, loss=0.0396
Epoch=251, loss=0.0448
Epoch=252, loss=0.0456
Epoch=253, loss=0.0453
Epoch=254, loss=0.0377
Epoch=255, loss=0.0404
Epoch=256, loss=0.0425
Epoch=257, loss=0.0361
Epoch=258, loss=0.0427
Epoch=259, loss=0.0418
Epoch=260, loss=0.0384
Epoch=261, loss=0.0362
Epoch=262, loss=0.0369
Epoch=263, loss=0.0404
Epoch=264, loss=0.0416
Epoch=265, loss=0.0410
Epoch=266, loss=0.0351
Epoch=267, loss=0.0375
Epoch=268, loss=0.0355
Epoch=269, loss=0.0355
Epoch=270, loss=0.0358
Epoch=271, loss=0.0397
Epoch=272, loss=0.0398
Epoch=273, loss=0.0350
Epoch=274, loss=0.0394
Epoch=275, loss=0.0355
Epoch=276, loss=0.0317
Epoch=277, loss=0.0345
Epoch=278, loss=0.0334
Epoch=279, loss=0.0379
Epoch=280, loss=0.0380
Epoch=281, loss=0.0350
Epoch=282, loss=0.0369
Epoch=283, loss=0.0374
Epoch=284, loss=0.0323
Epoch=285, loss=0.0317
Epoch=286, loss=0.0333
Epoch=287, loss=0.0310
Epoch=288, loss=0.0368
Epoch=289, loss=0.0359
Epoch=290, loss=0.0398
Epoch=291, loss=0.0345
Epoch=292, loss=0.0344
Epoch=293, loss=0.0329
Epoch=294, loss=0.0348
Epoch=295, loss=0.0322
Epoch=296, loss=0.0305
Epoch=297, loss=0.0356
Epoch=298, loss=0.0331
Epoch=299, loss=0.0347
Epoch=300, loss=0.0346
Epoch=301, loss=0.0323
Epoch=302, loss=0.0303
Epoch=303, loss=0.0357
Epoch=304, loss=0.0336
Epoch=305, loss=0.0318
Epoch=306, loss=0.0386
Epoch=307, loss=0.0307
Epoch=308, loss=0.0306
Epoch=309, loss=0.0330
Epoch=310, loss=0.0307
Epoch=311, loss=0.0292
Epoch=312, loss=0.0291
Epoch=313, loss=0.0337
Epoch=314, loss=0.0342
Epoch=315, loss=0.0335
Epoch=316, loss=0.0303
Epoch=317, loss=0.0306
Epoch=318, loss=0.0302
Epoch=319, loss=0.0324
Epoch=320, loss=0.0299
Epoch=321, loss=0.0320
Epoch=322, loss=0.0313
Epoch=323, loss=0.0364
Epoch=324, loss=0.0325
Epoch=325, loss=0.0258
Epoch=326, loss=0.0276
Epoch=327, loss=0.0252
Epoch=328, loss=0.0285
Epoch=329, loss=0.0296
Epoch=330, loss=0.0321
Epoch=331, loss=0.0319
Epoch=332, loss=0.0332
Epoch=333, loss=0.0330
Epoch=334, loss=0.0321
Epoch=335, loss=0.0297
Epoch=336, loss=0.0272
Epoch=337, loss=0.0264
Epoch=338, loss=0.0284
Epoch=339, loss=0.0296
Epoch=340, loss=0.0292
Epoch=341, loss=0.0266
Epoch=342, loss=0.0297
Epoch=343, loss=0.0270
Epoch=344, loss=0.0280
Epoch=345, loss=0.0283
Epoch=346, loss=0.0279
Epoch=347, loss=0.0295
Early stopping!
Loading 327th epoch
Early stopping!
Start to test process.
done with the edge prediction
done with the node prediction
done with the second node prediction
(E) | label_classification: F1Mi=0.7933+-0.0121, F1Ma=0.7833+-0.0121, acc=0.7933+-0.0121
[['MVGRL', 'heat', 16, 15, 2, 'normalize', 0.1, 0.2, 0.4, 0.001, 0.5, 0.2, 0.5, 0.0001, 512, 512, 0.9512953040153024, 0.9502596268787032, 0.9394625696272265, 0.9393208735540474, 0.7071428298950195, 0.7400000095367432, 0.6866537928581238, 0.800000011920929, 0.734000027179718, 0.6963249444961548, 0.6970073843762146, 0.014484969661156092, 0.6529700892408383, 0.028970488221987282, 0.6970073843762146, 0.014484969661156092], ['MVGRL', 'heat', 32, 15, 2, 'normalize', 0.1, 0.2, 0.4, 0.001, 0.5, 0.2, 0.5, 0.0001, 512, 512, 0.9629125876570042, 0.9597464910475013, 0.9541459480284739, 0.9475831225683219, 0.7857142686843872, 0.7979999780654907, 0.759187638759613, 0.8285714387893677, 0.7799999713897705, 0.761605441570282, 0.7679751263116985, 0.006956751134166966, 0.739487601016098, 0.014111883317224695, 0.7679751263116983, 0.006956751134166952], ['MVGRL', 'heat', 64, 15, 2, 'normalize', 0.1, 0.2, 0.4, 0.001, 0.5, 0.2, 0.5, 0.0001, 512, 512, 0.9835990647271711, 0.9825294987155949, 0.9706764507847577, 0.9681520709129035, 0.7857142686843872, 0.8100000023841858, 0.7683752179145813, 0.7642857432365417, 0.8140000104904175, 0.7693423628807068, 0.79059463661096, 0.011944692912594786, 0.7754967717835061, 0.00951340262271509, 0.79059463661096, 0.01194469291259479], ['MVGRL', 'heat', 128, 15, 2, 'normalize', 0.1, 0.2, 0.4, 0.001, 0.5, 0.2, 0.5, 0.0001, 512, 512, 0.9847314416975671, 0.9830150327337814, 0.9669569976487871, 0.9625291959592568, 0.8999999761581421, 0.8059999942779541, 0.7741779685020447, 0.8928571343421936, 0.800000011920929, 0.7736943960189819, 0.7913719393703847, 0.014287154581749542, 0.774418528604448, 0.016103336269745926, 0.7913719393703847, 0.014287154581749591], ['MVGRL', 'heat', 256, 15, 2, 'normalize', 0.1, 0.2, 0.4, 0.001, 0.5, 0.2, 0.5, 0.0001, 512, 512, 0.9896043837239967, 0.9886521860531614, 0.9694450345480666, 0.9646227706504191, 0.8071428537368774, 0.828000009059906, 0.7988394498825073, 0.8571428656578064, 0.828000009059906, 0.8046421408653259, 0.7933151962689466, 0.012140364306671605, 0.783327630712938, 0.012092279589758781, 0.7933151962689466, 0.012140364306671605]]
Epoch=000, loss=0.6969
Epoch=001, loss=0.8713
Epoch=002, loss=0.6682
Epoch=003, loss=0.7383
Epoch=004, loss=0.7245
Epoch=005, loss=0.6741
Epoch=006, loss=0.6670
Epoch=007, loss=0.6818
Epoch=008, loss=0.6730
Epoch=009, loss=0.6467
Epoch=010, loss=0.6366
Epoch=011, loss=0.6366
Epoch=012, loss=0.6340
Epoch=013, loss=0.6149
Epoch=014, loss=0.6006
Epoch=015, loss=0.5959
Epoch=016, loss=0.5919
Epoch=017, loss=0.5678
Epoch=018, loss=0.5521
Epoch=019, loss=0.5485
Epoch=020, loss=0.5352
Epoch=021, loss=0.5107
Epoch=022, loss=0.5039
Epoch=023, loss=0.4903
Epoch=024, loss=0.4790
Epoch=025, loss=0.4646
Epoch=026, loss=0.4580
Epoch=027, loss=0.4403
Epoch=028, loss=0.4305
Epoch=029, loss=0.4183
Epoch=030, loss=0.4064
Epoch=031, loss=0.3934
Epoch=032, loss=0.3863
Epoch=033, loss=0.3740
Epoch=034, loss=0.3628
Epoch=035, loss=0.3561
Epoch=036, loss=0.3467
Epoch=037, loss=0.3351
Epoch=038, loss=0.3198
Epoch=039, loss=0.3138
Epoch=040, loss=0.3076
Epoch=041, loss=0.3038
Epoch=042, loss=0.2933
Epoch=043, loss=0.2861
Epoch=044, loss=0.2710
Epoch=045, loss=0.2640
Epoch=046, loss=0.2564
Epoch=047, loss=0.2542
Epoch=048, loss=0.2474
Epoch=049, loss=0.2422
Epoch=050, loss=0.2404
Epoch=051, loss=0.2275
Epoch=052, loss=0.2239
Epoch=053, loss=0.2161
Epoch=054, loss=0.2142
Epoch=055, loss=0.2053
Epoch=056, loss=0.1979
Epoch=057, loss=0.1980
Epoch=058, loss=0.1930
Epoch=059, loss=0.1856
Epoch=060, loss=0.1865
Epoch=061, loss=0.1781
Epoch=062, loss=0.1725
Epoch=063, loss=0.1720
Epoch=064, loss=0.1701
Epoch=065, loss=0.1646
Epoch=066, loss=0.1623
Epoch=067, loss=0.1606
Epoch=068, loss=0.1552
Epoch=069, loss=0.1513
Epoch=070, loss=0.1480
Epoch=071, loss=0.1446
Epoch=072, loss=0.1402
Epoch=073, loss=0.1357
Epoch=074, loss=0.1380
Epoch=075, loss=0.1382
Epoch=076, loss=0.1361
Epoch=077, loss=0.1326
Epoch=078, loss=0.1295
Epoch=079, loss=0.1264
Epoch=080, loss=0.1221
Epoch=081, loss=0.1266
Epoch=082, loss=0.1238
Epoch=083, loss=0.1231
Epoch=084, loss=0.1206
Epoch=085, loss=0.1179
Epoch=086, loss=0.1137
Epoch=087, loss=0.1088
Epoch=088, loss=0.1106
Epoch=089, loss=0.1119
Epoch=090, loss=0.1057
Epoch=091, loss=0.1123
Epoch=092, loss=0.1038
Epoch=093, loss=0.1064
Epoch=094, loss=0.1035
Epoch=095, loss=0.1055
Epoch=096, loss=0.1024
Epoch=097, loss=0.0985
Epoch=098, loss=0.0992
Epoch=099, loss=0.0951
Epoch=100, loss=0.0961
Epoch=101, loss=0.0959
Epoch=102, loss=0.0900
Epoch=103, loss=0.0923
Epoch=104, loss=0.1010
Epoch=105, loss=0.0955
Epoch=106, loss=0.0940
Epoch=107, loss=0.0918
Epoch=108, loss=0.0915
Epoch=109, loss=0.0895
Epoch=110, loss=0.0871
Epoch=111, loss=0.0890
Epoch=112, loss=0.0903
Epoch=113, loss=0.0878
Epoch=114, loss=0.0889
Epoch=115, loss=0.0810
Epoch=116, loss=0.0817
Epoch=117, loss=0.0814
Epoch=118, loss=0.0836
Epoch=119, loss=0.0789
Epoch=120, loss=0.0840
Epoch=121, loss=0.0761
Epoch=122, loss=0.0819
Epoch=123, loss=0.0817
Epoch=124, loss=0.0777
Epoch=125, loss=0.0826
Epoch=126, loss=0.0767
Epoch=127, loss=0.0731
Epoch=128, loss=0.0747
Epoch=129, loss=0.0772
Epoch=130, loss=0.0715
Epoch=131, loss=0.0714
Epoch=132, loss=0.0751
Epoch=133, loss=0.0779
Epoch=134, loss=0.0699
Epoch=135, loss=0.0746
Epoch=136, loss=0.0689
Epoch=137, loss=0.0741
Epoch=138, loss=0.0771
Epoch=139, loss=0.0694
Epoch=140, loss=0.0711
Epoch=141, loss=0.0716
Epoch=142, loss=0.0702
Epoch=143, loss=0.0721
Epoch=144, loss=0.0685
Epoch=145, loss=0.0675
Epoch=146, loss=0.0708
Epoch=147, loss=0.0678
Epoch=148, loss=0.0680
Epoch=149, loss=0.0670
Epoch=150, loss=0.0645
Epoch=151, loss=0.0686
Epoch=152, loss=0.0717
Epoch=153, loss=0.0665
Epoch=154, loss=0.0628
Epoch=155, loss=0.0645
Epoch=156, loss=0.0597
Epoch=157, loss=0.0657
Epoch=158, loss=0.0612
Epoch=159, loss=0.0608
Epoch=160, loss=0.0669
Epoch=161, loss=0.0610
Epoch=162, loss=0.0627
Epoch=163, loss=0.0620
Epoch=164, loss=0.0663
Epoch=165, loss=0.0660
Epoch=166, loss=0.0565
Epoch=167, loss=0.0631
Epoch=168, loss=0.0641
Epoch=169, loss=0.0567
Epoch=170, loss=0.0614
Epoch=171, loss=0.0595
Epoch=172, loss=0.0642
Epoch=173, loss=0.0601
Epoch=174, loss=0.0622
Epoch=175, loss=0.0590
Epoch=176, loss=0.0591
Epoch=177, loss=0.0593
Epoch=178, loss=0.0556
Epoch=179, loss=0.0577
Epoch=180, loss=0.0538
Epoch=181, loss=0.0596
Epoch=182, loss=0.0565
Epoch=183, loss=0.0547
Epoch=184, loss=0.0595
Epoch=185, loss=0.0621
Epoch=186, loss=0.0582
Epoch=187, loss=0.0562
Epoch=188, loss=0.0518
Epoch=189, loss=0.0520
Epoch=190, loss=0.0542
Epoch=191, loss=0.0575
Epoch=192, loss=0.0515
Epoch=193, loss=0.0533
Epoch=194, loss=0.0513
Epoch=195, loss=0.0525
Epoch=196, loss=0.0518
Epoch=197, loss=0.0552
Epoch=198, loss=0.0501
Epoch=199, loss=0.0532
Epoch=200, loss=0.0478
Epoch=201, loss=0.0535
Epoch=202, loss=0.0518
Epoch=203, loss=0.0521
Epoch=204, loss=0.0492
Epoch=205, loss=0.0475
Epoch=206, loss=0.0508
Epoch=207, loss=0.0541
Epoch=208, loss=0.0503
Epoch=209, loss=0.0501
Epoch=210, loss=0.0457
Epoch=211, loss=0.0463
Epoch=212, loss=0.0504
Epoch=213, loss=0.0473
Epoch=214, loss=0.0535
Epoch=215, loss=0.0517
Epoch=216, loss=0.0492
Epoch=217, loss=0.0448
Epoch=218, loss=0.0492
Epoch=219, loss=0.0439
Epoch=220, loss=0.0459
Epoch=221, loss=0.0444
Epoch=222, loss=0.0473
Epoch=223, loss=0.0467
Epoch=224, loss=0.0455
Epoch=225, loss=0.0509
Epoch=226, loss=0.0464
Epoch=227, loss=0.0448
Epoch=228, loss=0.0484
Epoch=229, loss=0.0437
Epoch=230, loss=0.0425
Epoch=231, loss=0.0448
Epoch=232, loss=0.0484
Epoch=233, loss=0.0470
Epoch=234, loss=0.0462
Epoch=235, loss=0.0443
Epoch=236, loss=0.0460
Epoch=237, loss=0.0415
Epoch=238, loss=0.0437
Epoch=239, loss=0.0434
Epoch=240, loss=0.0433
Epoch=241, loss=0.0449
Epoch=242, loss=0.0407
Epoch=243, loss=0.0408
Epoch=244, loss=0.0474
Epoch=245, loss=0.0424
Epoch=246, loss=0.0413
Epoch=247, loss=0.0416
Epoch=248, loss=0.0426
Epoch=249, loss=0.0435
Epoch=250, loss=0.0463
Epoch=251, loss=0.0397
Epoch=252, loss=0.0438
Epoch=253, loss=0.0434
Epoch=254, loss=0.0435
Epoch=255, loss=0.0450
Epoch=256, loss=0.0443
Epoch=257, loss=0.0392
Epoch=258, loss=0.0436
Epoch=259, loss=0.0408
Epoch=260, loss=0.0466
Epoch=261, loss=0.0393
Epoch=262, loss=0.0421
Epoch=263, loss=0.0413
Epoch=264, loss=0.0405
Epoch=265, loss=0.0421
Epoch=266, loss=0.0427
Epoch=267, loss=0.0424
Epoch=268, loss=0.0435
Epoch=269, loss=0.0454
Epoch=270, loss=0.0402
Epoch=271, loss=0.0378
Epoch=272, loss=0.0371
Epoch=273, loss=0.0391
Epoch=274, loss=0.0368
Epoch=275, loss=0.0378
Epoch=276, loss=0.0413
Epoch=277, loss=0.0381
Epoch=278, loss=0.0367
Epoch=279, loss=0.0380
Epoch=280, loss=0.0388
Epoch=281, loss=0.0394
Epoch=282, loss=0.0443
Epoch=283, loss=0.0447
Epoch=284, loss=0.0385
Epoch=285, loss=0.0395
Epoch=286, loss=0.0390
Epoch=287, loss=0.0430
Epoch=288, loss=0.0379
Epoch=289, loss=0.0339
Epoch=290, loss=0.0372
Epoch=291, loss=0.0368
Epoch=292, loss=0.0323
Epoch=293, loss=0.0363
Epoch=294, loss=0.0350
Epoch=295, loss=0.0354
Epoch=296, loss=0.0345
Epoch=297, loss=0.0390
Epoch=298, loss=0.0414
Epoch=299, loss=0.0393
Epoch=300, loss=0.0347
Epoch=301, loss=0.0355
Epoch=302, loss=0.0387
Epoch=303, loss=0.0378
Epoch=304, loss=0.0347
Epoch=305, loss=0.0348
Epoch=306, loss=0.0333
Epoch=307, loss=0.0350
Epoch=308, loss=0.0349
Epoch=309, loss=0.0368
Epoch=310, loss=0.0354
Epoch=311, loss=0.0347
Epoch=312, loss=0.0351
Early stopping!
Loading 292th epoch
Early stopping!
Start to test process.
done with the edge prediction
done with the node prediction
done with the second node prediction
(E) | label_classification: F1Mi=0.7976+-0.0210, F1Ma=0.7768+-0.0290, acc=0.7976+-0.0210
[['MVGRL', 'heat', 16, 15, 2, 'normalize', 0.1, 0.2, 0.4, 0.001, 0.5, 0.2, 0.5, 0.0001, 512, 512, 0.9512953040153024, 0.9502596268787032, 0.9394625696272265, 0.9393208735540474, 0.7071428298950195, 0.7400000095367432, 0.6866537928581238, 0.800000011920929, 0.734000027179718, 0.6963249444961548, 0.6970073843762146, 0.014484969661156092, 0.6529700892408383, 0.028970488221987282, 0.6970073843762146, 0.014484969661156092], ['MVGRL', 'heat', 32, 15, 2, 'normalize', 0.1, 0.2, 0.4, 0.001, 0.5, 0.2, 0.5, 0.0001, 512, 512, 0.9629125876570042, 0.9597464910475013, 0.9541459480284739, 0.9475831225683219, 0.7857142686843872, 0.7979999780654907, 0.759187638759613, 0.8285714387893677, 0.7799999713897705, 0.761605441570282, 0.7679751263116985, 0.006956751134166966, 0.739487601016098, 0.014111883317224695, 0.7679751263116983, 0.006956751134166952], ['MVGRL', 'heat', 64, 15, 2, 'normalize', 0.1, 0.2, 0.4, 0.001, 0.5, 0.2, 0.5, 0.0001, 512, 512, 0.9835990647271711, 0.9825294987155949, 0.9706764507847577, 0.9681520709129035, 0.7857142686843872, 0.8100000023841858, 0.7683752179145813, 0.7642857432365417, 0.8140000104904175, 0.7693423628807068, 0.79059463661096, 0.011944692912594786, 0.7754967717835061, 0.00951340262271509, 0.79059463661096, 0.01194469291259479], ['MVGRL', 'heat', 128, 15, 2, 'normalize', 0.1, 0.2, 0.4, 0.001, 0.5, 0.2, 0.5, 0.0001, 512, 512, 0.9847314416975671, 0.9830150327337814, 0.9669569976487871, 0.9625291959592568, 0.8999999761581421, 0.8059999942779541, 0.7741779685020447, 0.8928571343421936, 0.800000011920929, 0.7736943960189819, 0.7913719393703847, 0.014287154581749542, 0.774418528604448, 0.016103336269745926, 0.7913719393703847, 0.014287154581749591], ['MVGRL', 'heat', 256, 15, 2, 'normalize', 0.1, 0.2, 0.4, 0.001, 0.5, 0.2, 0.5, 0.0001, 512, 512, 0.9896043837239967, 0.9886521860531614, 0.9694450345480666, 0.9646227706504191, 0.8071428537368774, 0.828000009059906, 0.7988394498825073, 0.8571428656578064, 0.828000009059906, 0.8046421408653259, 0.7933151962689466, 0.012140364306671605, 0.783327630712938, 0.012092279589758781, 0.7933151962689466, 0.012140364306671605], ['MVGRL', 'heat', 512, 15, 2, 'normalize', 0.1, 0.2, 0.4, 0.001, 0.5, 0.2, 0.5, 0.0001, 512, 512, 0.9946426259289973, 0.9940597914599418, 0.9694414339157956, 0.967296138546583, 0.9142857193946838, 0.8560000061988831, 0.8147969245910645, 0.9285714030265808, 0.8560000061988831, 0.8089941740036011, 0.7975903614457831, 0.021043812392850844, 0.7767974905401445, 0.028970340684368878, 0.7975903614457831, 0.021043812392850844]]
