My SLURM_ARRAY_TASK_ID:  2
My SLURM_ARRAY_JOB_ID:  4522329
MVGRL
Cora
result file is 4522329_2
Dataset: Cora():
======================
Number of graphs: 1
Number of features: 1433
Number of classes: 7
Data(x=[2708, 1433], edge_index=[2, 10556], y=[2708], train_mask=[2708], val_mask=[2708], test_mask=[2708])
==============================================================
Number of nodes: 2708
Number of edges: 10556
Average node degree: 3.90
Number of training nodes: 140
Training node label rate: 0.05
Contains isolated nodes: False
Contains self-loops: False
Is undirected: True
Epoch=000, loss=0.6930
Epoch=001, loss=0.6927
Epoch=002, loss=0.6924
Epoch=003, loss=0.6920
Epoch=004, loss=0.6919
Epoch=005, loss=0.6915
Epoch=006, loss=0.6914
Epoch=007, loss=0.6907
Epoch=008, loss=0.6904
Epoch=009, loss=0.6895
Epoch=010, loss=0.6892
Epoch=011, loss=0.6889
Epoch=012, loss=0.6882
Epoch=013, loss=0.6879
Epoch=014, loss=0.6873
Epoch=015, loss=0.6867
Epoch=016, loss=0.6862
Epoch=017, loss=0.6855
Epoch=018, loss=0.6848
Epoch=019, loss=0.6843
Epoch=020, loss=0.6836
Epoch=021, loss=0.6835
Epoch=022, loss=0.6822
Epoch=023, loss=0.6815
Epoch=024, loss=0.6806
Epoch=025, loss=0.6798
Epoch=026, loss=0.6799
Epoch=027, loss=0.6782
Epoch=028, loss=0.6773
Epoch=029, loss=0.6764
Epoch=030, loss=0.6746
Epoch=031, loss=0.6738
Epoch=032, loss=0.6735
Epoch=033, loss=0.6720
Epoch=034, loss=0.6717
Epoch=035, loss=0.6706
Epoch=036, loss=0.6688
Epoch=037, loss=0.6679
Epoch=038, loss=0.6666
Epoch=039, loss=0.6657
Epoch=040, loss=0.6636
Epoch=041, loss=0.6629
Epoch=042, loss=0.6615
Epoch=043, loss=0.6600
Epoch=044, loss=0.6599
Epoch=045, loss=0.6573
Epoch=046, loss=0.6558
Epoch=047, loss=0.6554
Epoch=048, loss=0.6527
Epoch=049, loss=0.6510
Epoch=050, loss=0.6510
Epoch=051, loss=0.6476
Epoch=052, loss=0.6457
Epoch=053, loss=0.6439
Epoch=054, loss=0.6429
Epoch=055, loss=0.6418
Epoch=056, loss=0.6393
Epoch=057, loss=0.6382
Epoch=058, loss=0.6367
Epoch=059, loss=0.6340
Epoch=060, loss=0.6332
Epoch=061, loss=0.6293
Epoch=062, loss=0.6287
Epoch=063, loss=0.6267
Epoch=064, loss=0.6264
Epoch=065, loss=0.6239
Epoch=066, loss=0.6192
Epoch=067, loss=0.6199
Epoch=068, loss=0.6172
Epoch=069, loss=0.6155
Epoch=070, loss=0.6125
Epoch=071, loss=0.6106
Epoch=072, loss=0.6077
Epoch=073, loss=0.6059
Epoch=074, loss=0.6044
Epoch=075, loss=0.6035
Epoch=076, loss=0.6020
Epoch=077, loss=0.5971
Epoch=078, loss=0.5962
Epoch=079, loss=0.5964
Epoch=080, loss=0.5900
Epoch=081, loss=0.5895
Epoch=082, loss=0.5867
Epoch=083, loss=0.5807
Epoch=084, loss=0.5858
Epoch=085, loss=0.5805
Epoch=086, loss=0.5765
Epoch=087, loss=0.5798
Epoch=088, loss=0.5771
Epoch=089, loss=0.5740
Epoch=090, loss=0.5701
Epoch=091, loss=0.5682
Epoch=092, loss=0.5665
Epoch=093, loss=0.5643
Epoch=094, loss=0.5607
Epoch=095, loss=0.5638
Epoch=096, loss=0.5563
Epoch=097, loss=0.5553
Epoch=098, loss=0.5536
Epoch=099, loss=0.5537
Epoch=100, loss=0.5519
Epoch=101, loss=0.5490
Epoch=102, loss=0.5481
Epoch=103, loss=0.5462
Epoch=104, loss=0.5413
Epoch=105, loss=0.5410
Epoch=106, loss=0.5388
Epoch=107, loss=0.5367
Epoch=108, loss=0.5321
Epoch=109, loss=0.5353
Epoch=110, loss=0.5300
Epoch=111, loss=0.5312
Epoch=112, loss=0.5265
Epoch=113, loss=0.5248
Epoch=114, loss=0.5230
Epoch=115, loss=0.5222
Epoch=116, loss=0.5189
Epoch=117, loss=0.5171
Epoch=118, loss=0.5157
Epoch=119, loss=0.5114
Epoch=120, loss=0.5087
Epoch=121, loss=0.5061
Epoch=122, loss=0.5079
Epoch=123, loss=0.5083
Epoch=124, loss=0.5042
Epoch=125, loss=0.5032
Epoch=126, loss=0.4973
Epoch=127, loss=0.4995
Epoch=128, loss=0.4940
Epoch=129, loss=0.4936
Epoch=130, loss=0.4954
Epoch=131, loss=0.4902
Epoch=132, loss=0.4877
Epoch=133, loss=0.4906
Epoch=134, loss=0.4859
Epoch=135, loss=0.4835
Epoch=136, loss=0.4814
Epoch=137, loss=0.4757
Epoch=138, loss=0.4777
Epoch=139, loss=0.4771
Epoch=140, loss=0.4771
Epoch=141, loss=0.4745
Epoch=142, loss=0.4695
Epoch=143, loss=0.4693
Epoch=144, loss=0.4698
Epoch=145, loss=0.4687
Epoch=146, loss=0.4659
Epoch=147, loss=0.4634
Epoch=148, loss=0.4651
Epoch=149, loss=0.4637
Epoch=150, loss=0.4603
Epoch=151, loss=0.4549
Epoch=152, loss=0.4596
Epoch=153, loss=0.4539
Epoch=154, loss=0.4530
Epoch=155, loss=0.4537
Epoch=156, loss=0.4554
Epoch=157, loss=0.4521
Epoch=158, loss=0.4508
Epoch=159, loss=0.4471
Epoch=160, loss=0.4454
Epoch=161, loss=0.4413
Epoch=162, loss=0.4440
Epoch=163, loss=0.4389
Epoch=164, loss=0.4418
Epoch=165, loss=0.4387
Epoch=166, loss=0.4319
Epoch=167, loss=0.4368
Epoch=168, loss=0.4348
Epoch=169, loss=0.4326
Epoch=170, loss=0.4315
Epoch=171, loss=0.4285
Epoch=172, loss=0.4288
Epoch=173, loss=0.4259
Epoch=174, loss=0.4254
Epoch=175, loss=0.4233
Epoch=176, loss=0.4207
Epoch=177, loss=0.4191
Epoch=178, loss=0.4208
Epoch=179, loss=0.4219
Epoch=180, loss=0.4174
Epoch=181, loss=0.4176
Epoch=182, loss=0.4143
Epoch=183, loss=0.4139
Epoch=184, loss=0.4146
Epoch=185, loss=0.4099
Epoch=186, loss=0.4090
Epoch=187, loss=0.4071
Epoch=188, loss=0.4055
Epoch=189, loss=0.4043
Epoch=190, loss=0.4052
Epoch=191, loss=0.4048
Epoch=192, loss=0.4014
Epoch=193, loss=0.4040
Epoch=194, loss=0.3991
Epoch=195, loss=0.4042
Epoch=196, loss=0.3993
Epoch=197, loss=0.3966
Epoch=198, loss=0.3967
Epoch=199, loss=0.4003
Epoch=200, loss=0.3923
Epoch=201, loss=0.3954
Epoch=202, loss=0.3930
Epoch=203, loss=0.3882
Epoch=204, loss=0.3893
Epoch=205, loss=0.3878
Epoch=206, loss=0.3859
Epoch=207, loss=0.3836
Epoch=208, loss=0.3870
Epoch=209, loss=0.3828
Epoch=210, loss=0.3801
Epoch=211, loss=0.3810
Epoch=212, loss=0.3821
Epoch=213, loss=0.3789
Epoch=214, loss=0.3786
Epoch=215, loss=0.3753
Epoch=216, loss=0.3774
Epoch=217, loss=0.3775
Epoch=218, loss=0.3756
Epoch=219, loss=0.3725
Epoch=220, loss=0.3721
Epoch=221, loss=0.3786
Epoch=222, loss=0.3710
Epoch=223, loss=0.3720
Epoch=224, loss=0.3678
Epoch=225, loss=0.3663
Epoch=226, loss=0.3648
Epoch=227, loss=0.3664
Epoch=228, loss=0.3670
Epoch=229, loss=0.3630
Epoch=230, loss=0.3617
Epoch=231, loss=0.3610
Epoch=232, loss=0.3606
Epoch=233, loss=0.3597
Epoch=234, loss=0.3559
Epoch=235, loss=0.3608
Epoch=236, loss=0.3535
Epoch=237, loss=0.3546
Epoch=238, loss=0.3553
Epoch=239, loss=0.3544
Epoch=240, loss=0.3516
Epoch=241, loss=0.3505
Epoch=242, loss=0.3503
Epoch=243, loss=0.3501
Epoch=244, loss=0.3471
Epoch=245, loss=0.3481
Epoch=246, loss=0.3484
Epoch=247, loss=0.3497
Epoch=248, loss=0.3478
Epoch=249, loss=0.3434
Epoch=250, loss=0.3520
Epoch=251, loss=0.3390
Epoch=252, loss=0.3429
Epoch=253, loss=0.3396
Epoch=254, loss=0.3396
Epoch=255, loss=0.3371
Epoch=256, loss=0.3376
Epoch=257, loss=0.3378
Epoch=258, loss=0.3382
Epoch=259, loss=0.3347
Epoch=260, loss=0.3334
Epoch=261, loss=0.3353
Epoch=262, loss=0.3324
Epoch=263, loss=0.3343
Epoch=264, loss=0.3294
Epoch=265, loss=0.3311
Epoch=266, loss=0.3313
Epoch=267, loss=0.3308
Epoch=268, loss=0.3282
Epoch=269, loss=0.3262
Epoch=270, loss=0.3251
Epoch=271, loss=0.3231
Epoch=272, loss=0.3238
Epoch=273, loss=0.3204
Epoch=274, loss=0.3202
Epoch=275, loss=0.3213
Epoch=276, loss=0.3213
Epoch=277, loss=0.3210
Epoch=278, loss=0.3187
Epoch=279, loss=0.3181
Epoch=280, loss=0.3196
Epoch=281, loss=0.3160
Epoch=282, loss=0.3144
Epoch=283, loss=0.3096
Epoch=284, loss=0.3131
Epoch=285, loss=0.3122
Epoch=286, loss=0.3124
Epoch=287, loss=0.3115
Epoch=288, loss=0.3097
Epoch=289, loss=0.3077
Epoch=290, loss=0.3068
Epoch=291, loss=0.3097
Epoch=292, loss=0.3087
Epoch=293, loss=0.3057
Epoch=294, loss=0.3039
Epoch=295, loss=0.3020
Epoch=296, loss=0.3057
Epoch=297, loss=0.3012
Epoch=298, loss=0.3016
Epoch=299, loss=0.3044
Epoch=300, loss=0.2985
Epoch=301, loss=0.2984
Epoch=302, loss=0.2973
Epoch=303, loss=0.2949
Epoch=304, loss=0.2958
Epoch=305, loss=0.2982
Epoch=306, loss=0.2947
Epoch=307, loss=0.2932
Epoch=308, loss=0.2921
Epoch=309, loss=0.2895
Epoch=310, loss=0.2907
Epoch=311, loss=0.2947
Epoch=312, loss=0.2931
Epoch=313, loss=0.2904
Epoch=314, loss=0.2938
Epoch=315, loss=0.2895
Epoch=316, loss=0.2886
Epoch=317, loss=0.2916
Epoch=318, loss=0.2843
Epoch=319, loss=0.2874
Epoch=320, loss=0.2825
Epoch=321, loss=0.2827
Epoch=322, loss=0.2837
Epoch=323, loss=0.2847
Epoch=324, loss=0.2813
Epoch=325, loss=0.2801
Epoch=326, loss=0.2823
Epoch=327, loss=0.2802
Epoch=328, loss=0.2796
Epoch=329, loss=0.2782
Epoch=330, loss=0.2777
Epoch=331, loss=0.2792
Epoch=332, loss=0.2729
Epoch=333, loss=0.2742
Epoch=334, loss=0.2758
Epoch=335, loss=0.2756
Epoch=336, loss=0.2735
Epoch=337, loss=0.2718
Epoch=338, loss=0.2706
Epoch=339, loss=0.2760
Epoch=340, loss=0.2690
Epoch=341, loss=0.2707
Epoch=342, loss=0.2696
Epoch=343, loss=0.2699
Epoch=344, loss=0.2668
Epoch=345, loss=0.2661
Epoch=346, loss=0.2679
Epoch=347, loss=0.2636
Epoch=348, loss=0.2671
Epoch=349, loss=0.2605
Epoch=350, loss=0.2646
Epoch=351, loss=0.2691
Epoch=352, loss=0.2622
Epoch=353, loss=0.2634
Epoch=354, loss=0.2608
Epoch=355, loss=0.2617
Epoch=356, loss=0.2608
Epoch=357, loss=0.2598
Epoch=358, loss=0.2608
Epoch=359, loss=0.2556
Epoch=360, loss=0.2602
Epoch=361, loss=0.2568
Epoch=362, loss=0.2570
Epoch=363, loss=0.2568
Epoch=364, loss=0.2520
Epoch=365, loss=0.2531
Epoch=366, loss=0.2547
Epoch=367, loss=0.2552
Epoch=368, loss=0.2543
Epoch=369, loss=0.2512
Epoch=370, loss=0.2494
Epoch=371, loss=0.2515
Epoch=372, loss=0.2506
Epoch=373, loss=0.2467
Epoch=374, loss=0.2481
Epoch=375, loss=0.2481
Epoch=376, loss=0.2506
Epoch=377, loss=0.2508
Epoch=378, loss=0.2461
Epoch=379, loss=0.2462
Epoch=380, loss=0.2404
Epoch=381, loss=0.2491
Epoch=382, loss=0.2449
Epoch=383, loss=0.2434
Epoch=384, loss=0.2398
Epoch=385, loss=0.2373
Epoch=386, loss=0.2393
Epoch=387, loss=0.2430
Epoch=388, loss=0.2380
Epoch=389, loss=0.2365
Epoch=390, loss=0.2394
Epoch=391, loss=0.2404
Epoch=392, loss=0.2375
Epoch=393, loss=0.2371
Epoch=394, loss=0.2348
Epoch=395, loss=0.2401
Epoch=396, loss=0.2380
Epoch=397, loss=0.2337
Epoch=398, loss=0.2331
Epoch=399, loss=0.2309
Epoch=400, loss=0.2291
Epoch=401, loss=0.2359
Epoch=402, loss=0.2321
Epoch=403, loss=0.2346
Epoch=404, loss=0.2264
Epoch=405, loss=0.2304
Epoch=406, loss=0.2300
Epoch=407, loss=0.2293
Epoch=408, loss=0.2277
Epoch=409, loss=0.2276
Epoch=410, loss=0.2275
Epoch=411, loss=0.2326
Epoch=412, loss=0.2242
Epoch=413, loss=0.2250
Epoch=414, loss=0.2251
Epoch=415, loss=0.2245
Epoch=416, loss=0.2210
Epoch=417, loss=0.2240
Epoch=418, loss=0.2241
Epoch=419, loss=0.2218
Epoch=420, loss=0.2291
Epoch=421, loss=0.2177
Epoch=422, loss=0.2185
Epoch=423, loss=0.2194
Epoch=424, loss=0.2189
Epoch=425, loss=0.2199
Epoch=426, loss=0.2218
Epoch=427, loss=0.2191
Epoch=428, loss=0.2174
Epoch=429, loss=0.2163
Epoch=430, loss=0.2161
Epoch=431, loss=0.2174
Epoch=432, loss=0.2132
Epoch=433, loss=0.2115
Epoch=434, loss=0.2128
Epoch=435, loss=0.2148
Epoch=436, loss=0.2108
Epoch=437, loss=0.2134
Epoch=438, loss=0.2127
Epoch=439, loss=0.2116
Epoch=440, loss=0.2088
Epoch=441, loss=0.2101
Epoch=442, loss=0.2065
Epoch=443, loss=0.2070
Epoch=444, loss=0.2076
Epoch=445, loss=0.2062
Epoch=446, loss=0.2085
Epoch=447, loss=0.2134
Epoch=448, loss=0.2064
Epoch=449, loss=0.2092
Epoch=450, loss=0.2077
Epoch=451, loss=0.2093
Epoch=452, loss=0.2033
Epoch=453, loss=0.2049
Epoch=454, loss=0.2030
Epoch=455, loss=0.2012
Epoch=456, loss=0.2018
Epoch=457, loss=0.1993
Epoch=458, loss=0.2000
Epoch=459, loss=0.2021
Epoch=460, loss=0.2024
Epoch=461, loss=0.2055
Epoch=462, loss=0.2006
Epoch=463, loss=0.1986
Epoch=464, loss=0.1991
Epoch=465, loss=0.1974
Epoch=466, loss=0.1947
Epoch=467, loss=0.1968
Epoch=468, loss=0.1967
Epoch=469, loss=0.2018
Epoch=470, loss=0.2019
Epoch=471, loss=0.1991
Epoch=472, loss=0.2022
Epoch=473, loss=0.2008
Epoch=474, loss=0.1920
Epoch=475, loss=0.1927
Epoch=476, loss=0.1942
Epoch=477, loss=0.1965
Epoch=478, loss=0.1926
Epoch=479, loss=0.1947
Epoch=480, loss=0.1904
Epoch=481, loss=0.1949
Epoch=482, loss=0.1897
Epoch=483, loss=0.1972
Epoch=484, loss=0.1946
Epoch=485, loss=0.1903
Epoch=486, loss=0.1904
Epoch=487, loss=0.1847
Epoch=488, loss=0.1872
Epoch=489, loss=0.1853
Epoch=490, loss=0.1931
Epoch=491, loss=0.1896
Epoch=492, loss=0.1883
Epoch=493, loss=0.1861
Epoch=494, loss=0.1828
Epoch=495, loss=0.1864
Epoch=496, loss=0.1869
Epoch=497, loss=0.1917
Epoch=498, loss=0.1857
Epoch=499, loss=0.1854
Loading 494th epoch
Early stopping!
Start to test process.
done with the edge prediction
done with the node prediction
done with the second node prediction
(E) | label_classification: F1Mi=0.6858+-0.0099, F1Ma=0.6599+-0.0068, acc=0.6858+-0.0099
[['MVGRL', 'heat', 16, 15, 2, 'normalize', 0.1, 0.2, 0.4, 0.001, 0.5, 0.2, 0.5, 0.0001, 512, 512, 0.9295553641161537, 0.9241616309564331, 0.9371941712964795, 0.933541030657873, 0.7714285850524902, 0.7059999704360962, 0.6818181872367859, 0.7785714268684387, 0.7059999704360962, 0.7030947804450989, 0.6858142246404973, 0.00987694609461986, 0.6599438473369984, 0.006756510015025249, 0.6858142246404973, 0.00987694609461986]]
Epoch=000, loss=0.6963
Epoch=001, loss=0.6941
Epoch=002, loss=0.6932
Epoch=003, loss=0.6922
Epoch=004, loss=0.6915
Epoch=005, loss=0.6909
Epoch=006, loss=0.6901
Epoch=007, loss=0.6895
Epoch=008, loss=0.6884
Epoch=009, loss=0.6872
Epoch=010, loss=0.6874
Epoch=011, loss=0.6867
Epoch=012, loss=0.6856
Epoch=013, loss=0.6846
Epoch=014, loss=0.6835
Epoch=015, loss=0.6816
Epoch=016, loss=0.6814
Epoch=017, loss=0.6806
Epoch=018, loss=0.6791
Epoch=019, loss=0.6779
Epoch=020, loss=0.6758
Epoch=021, loss=0.6749
Epoch=022, loss=0.6738
Epoch=023, loss=0.6711
Epoch=024, loss=0.6700
Epoch=025, loss=0.6693
Epoch=026, loss=0.6677
Epoch=027, loss=0.6648
Epoch=028, loss=0.6631
Epoch=029, loss=0.6617
Epoch=030, loss=0.6586
Epoch=031, loss=0.6562
Epoch=032, loss=0.6555
Epoch=033, loss=0.6535
Epoch=034, loss=0.6513
Epoch=035, loss=0.6511
Epoch=036, loss=0.6482
Epoch=037, loss=0.6422
Epoch=038, loss=0.6404
Epoch=039, loss=0.6388
Epoch=040, loss=0.6369
Epoch=041, loss=0.6368
Epoch=042, loss=0.6341
Epoch=043, loss=0.6292
Epoch=044, loss=0.6307
Epoch=045, loss=0.6234
Epoch=046, loss=0.6243
Epoch=047, loss=0.6217
Epoch=048, loss=0.6186
Epoch=049, loss=0.6185
Epoch=050, loss=0.6138
Epoch=051, loss=0.6063
Epoch=052, loss=0.6045
Epoch=053, loss=0.6017
Epoch=054, loss=0.6028
Epoch=055, loss=0.5975
Epoch=056, loss=0.5972
Epoch=057, loss=0.5936
Epoch=058, loss=0.5944
Epoch=059, loss=0.5904
Epoch=060, loss=0.5870
Epoch=061, loss=0.5807
Epoch=062, loss=0.5801
Epoch=063, loss=0.5789
Epoch=064, loss=0.5810
Epoch=065, loss=0.5747
Epoch=066, loss=0.5701
Epoch=067, loss=0.5640
Epoch=068, loss=0.5663
Epoch=069, loss=0.5649
Epoch=070, loss=0.5588
Epoch=071, loss=0.5571
Epoch=072, loss=0.5546
Epoch=073, loss=0.5522
Epoch=074, loss=0.5517
Epoch=075, loss=0.5555
Epoch=076, loss=0.5452
Epoch=077, loss=0.5433
Epoch=078, loss=0.5368
Epoch=079, loss=0.5424
Epoch=080, loss=0.5427
Epoch=081, loss=0.5357
Epoch=082, loss=0.5347
Epoch=083, loss=0.5303
Epoch=084, loss=0.5227
Epoch=085, loss=0.5255
Epoch=086, loss=0.5218
Epoch=087, loss=0.5213
Epoch=088, loss=0.5221
Epoch=089, loss=0.5151
Epoch=090, loss=0.5122
Epoch=091, loss=0.5066
Epoch=092, loss=0.5068
Epoch=093, loss=0.5136
Epoch=094, loss=0.5058
Epoch=095, loss=0.5011
Epoch=096, loss=0.5011
Epoch=097, loss=0.4986
Epoch=098, loss=0.4901
Epoch=099, loss=0.4961
Epoch=100, loss=0.4937
Epoch=101, loss=0.4891
Epoch=102, loss=0.4841
Epoch=103, loss=0.4829
Epoch=104, loss=0.4848
Epoch=105, loss=0.4848
Epoch=106, loss=0.4806
Epoch=107, loss=0.4782
Epoch=108, loss=0.4756
Epoch=109, loss=0.4747
Epoch=110, loss=0.4749
Epoch=111, loss=0.4658
Epoch=112, loss=0.4710
Epoch=113, loss=0.4712
Epoch=114, loss=0.4609
Epoch=115, loss=0.4628
Epoch=116, loss=0.4605
Epoch=117, loss=0.4586
Epoch=118, loss=0.4550
Epoch=119, loss=0.4536
Epoch=120, loss=0.4503
Epoch=121, loss=0.4486
Epoch=122, loss=0.4510
Epoch=123, loss=0.4458
Epoch=124, loss=0.4467
Epoch=125, loss=0.4477
Epoch=126, loss=0.4461
Epoch=127, loss=0.4442
Epoch=128, loss=0.4381
Epoch=129, loss=0.4376
Epoch=130, loss=0.4325
Epoch=131, loss=0.4302
Epoch=132, loss=0.4326
Epoch=133, loss=0.4258
Epoch=134, loss=0.4275
Epoch=135, loss=0.4284
Epoch=136, loss=0.4271
Epoch=137, loss=0.4205
Epoch=138, loss=0.4200
Epoch=139, loss=0.4244
Epoch=140, loss=0.4210
Epoch=141, loss=0.4181
Epoch=142, loss=0.4150
Epoch=143, loss=0.4108
Epoch=144, loss=0.4098
Epoch=145, loss=0.4095
Epoch=146, loss=0.4085
Epoch=147, loss=0.4084
Epoch=148, loss=0.4040
Epoch=149, loss=0.4019
Epoch=150, loss=0.4004
Epoch=151, loss=0.4037
Epoch=152, loss=0.3994
Epoch=153, loss=0.3954
Epoch=154, loss=0.3909
Epoch=155, loss=0.3922
Epoch=156, loss=0.3858
Epoch=157, loss=0.3890
Epoch=158, loss=0.3905
Epoch=159, loss=0.3863
Epoch=160, loss=0.3861
Epoch=161, loss=0.3866
Epoch=162, loss=0.3850
Epoch=163, loss=0.3832
Epoch=164, loss=0.3763
Epoch=165, loss=0.3800
Epoch=166, loss=0.3746
Epoch=167, loss=0.3719
Epoch=168, loss=0.3709
Epoch=169, loss=0.3673
Epoch=170, loss=0.3704
Epoch=171, loss=0.3672
Epoch=172, loss=0.3669
Epoch=173, loss=0.3632
Epoch=174, loss=0.3655
Epoch=175, loss=0.3674
Epoch=176, loss=0.3598
Epoch=177, loss=0.3584
Epoch=178, loss=0.3596
Epoch=179, loss=0.3611
Epoch=180, loss=0.3568
Epoch=181, loss=0.3521
Epoch=182, loss=0.3523
Epoch=183, loss=0.3486
Epoch=184, loss=0.3504
Epoch=185, loss=0.3475
Epoch=186, loss=0.3456
Epoch=187, loss=0.3451
Epoch=188, loss=0.3438
Epoch=189, loss=0.3405
Epoch=190, loss=0.3377
Epoch=191, loss=0.3409
Epoch=192, loss=0.3335
Epoch=193, loss=0.3387
Epoch=194, loss=0.3386
Epoch=195, loss=0.3392
Epoch=196, loss=0.3330
Epoch=197, loss=0.3294
Epoch=198, loss=0.3314
Epoch=199, loss=0.3339
Epoch=200, loss=0.3328
Epoch=201, loss=0.3273
Epoch=202, loss=0.3213
Epoch=203, loss=0.3201
Epoch=204, loss=0.3221
Epoch=205, loss=0.3197
Epoch=206, loss=0.3211
Epoch=207, loss=0.3207
Epoch=208, loss=0.3187
Epoch=209, loss=0.3155
Epoch=210, loss=0.3161
Epoch=211, loss=0.3155
Epoch=212, loss=0.3162
Epoch=213, loss=0.3119
Epoch=214, loss=0.3136
Epoch=215, loss=0.3096
Epoch=216, loss=0.3074
Epoch=217, loss=0.3101
Epoch=218, loss=0.3070
Epoch=219, loss=0.3079
Epoch=220, loss=0.3029
Epoch=221, loss=0.3043
Epoch=222, loss=0.3035
Epoch=223, loss=0.3029
Epoch=224, loss=0.2977
Epoch=225, loss=0.2979
Epoch=226, loss=0.2938
Epoch=227, loss=0.2966
Epoch=228, loss=0.2963
Epoch=229, loss=0.2916
Epoch=230, loss=0.2954
Epoch=231, loss=0.2899
Epoch=232, loss=0.2861
Epoch=233, loss=0.2893
Epoch=234, loss=0.2865
Epoch=235, loss=0.2841
Epoch=236, loss=0.2823
Epoch=237, loss=0.2811
Epoch=238, loss=0.2822
Epoch=239, loss=0.2823
Epoch=240, loss=0.2792
Epoch=241, loss=0.2780
Epoch=242, loss=0.2777
Epoch=243, loss=0.2733
Epoch=244, loss=0.2766
Epoch=245, loss=0.2763
Epoch=246, loss=0.2745
Epoch=247, loss=0.2749
Epoch=248, loss=0.2723
Epoch=249, loss=0.2706
Epoch=250, loss=0.2707
Epoch=251, loss=0.2713
Epoch=252, loss=0.2640
Epoch=253, loss=0.2661
Epoch=254, loss=0.2617
Epoch=255, loss=0.2630
Epoch=256, loss=0.2655
Epoch=257, loss=0.2650
Epoch=258, loss=0.2595
Epoch=259, loss=0.2591
Epoch=260, loss=0.2622
Epoch=261, loss=0.2608
Epoch=262, loss=0.2578
Epoch=263, loss=0.2564
Epoch=264, loss=0.2540
Epoch=265, loss=0.2537
Epoch=266, loss=0.2549
Epoch=267, loss=0.2538
Epoch=268, loss=0.2536
Epoch=269, loss=0.2506
Epoch=270, loss=0.2530
Epoch=271, loss=0.2474
Epoch=272, loss=0.2517
Epoch=273, loss=0.2445
Epoch=274, loss=0.2437
Epoch=275, loss=0.2438
Epoch=276, loss=0.2406
Epoch=277, loss=0.2448
Epoch=278, loss=0.2397
Epoch=279, loss=0.2423
Epoch=280, loss=0.2387
Epoch=281, loss=0.2363
Epoch=282, loss=0.2398
Epoch=283, loss=0.2335
Epoch=284, loss=0.2335
Epoch=285, loss=0.2308
Epoch=286, loss=0.2364
Epoch=287, loss=0.2338
Epoch=288, loss=0.2296
Epoch=289, loss=0.2299
Epoch=290, loss=0.2316
Epoch=291, loss=0.2296
Epoch=292, loss=0.2242
Epoch=293, loss=0.2297
Epoch=294, loss=0.2262
Epoch=295, loss=0.2236
Epoch=296, loss=0.2233
Epoch=297, loss=0.2207
Epoch=298, loss=0.2241
Epoch=299, loss=0.2247
Epoch=300, loss=0.2204
Epoch=301, loss=0.2221
Epoch=302, loss=0.2183
Epoch=303, loss=0.2170
Epoch=304, loss=0.2147
Epoch=305, loss=0.2188
Epoch=306, loss=0.2118
Epoch=307, loss=0.2188
Epoch=308, loss=0.2111
Epoch=309, loss=0.2125
Epoch=310, loss=0.2105
Epoch=311, loss=0.2104
Epoch=312, loss=0.2132
Epoch=313, loss=0.2109
Epoch=314, loss=0.2082
Epoch=315, loss=0.2054
Epoch=316, loss=0.2098
Epoch=317, loss=0.2027
Epoch=318, loss=0.2045
Epoch=319, loss=0.2066
Epoch=320, loss=0.2018
Epoch=321, loss=0.2039
Epoch=322, loss=0.2035
Epoch=323, loss=0.1974
Epoch=324, loss=0.2062
Epoch=325, loss=0.2024
Epoch=326, loss=0.2007
Epoch=327, loss=0.2008
Epoch=328, loss=0.1981
Epoch=329, loss=0.1984
Epoch=330, loss=0.1948
Epoch=331, loss=0.1951
Epoch=332, loss=0.1940
Epoch=333, loss=0.1955
Epoch=334, loss=0.1934
Epoch=335, loss=0.1946
Epoch=336, loss=0.1896
Epoch=337, loss=0.1872
Epoch=338, loss=0.1924
Epoch=339, loss=0.1858
Epoch=340, loss=0.1872
Epoch=341, loss=0.1825
Epoch=342, loss=0.1867
Epoch=343, loss=0.1817
Epoch=344, loss=0.1857
Epoch=345, loss=0.1854
Epoch=346, loss=0.1821
Epoch=347, loss=0.1893
Epoch=348, loss=0.1826
Epoch=349, loss=0.1798
Epoch=350, loss=0.1809
Epoch=351, loss=0.1850
Epoch=352, loss=0.1812
Epoch=353, loss=0.1798
Epoch=354, loss=0.1797
Epoch=355, loss=0.1730
Epoch=356, loss=0.1755
Epoch=357, loss=0.1740
Epoch=358, loss=0.1754
Epoch=359, loss=0.1728
Epoch=360, loss=0.1755
Epoch=361, loss=0.1746
Epoch=362, loss=0.1725
Epoch=363, loss=0.1709
Epoch=364, loss=0.1680
Epoch=365, loss=0.1672
Epoch=366, loss=0.1686
Epoch=367, loss=0.1688
Epoch=368, loss=0.1684
Epoch=369, loss=0.1642
Epoch=370, loss=0.1678
Epoch=371, loss=0.1648
Epoch=372, loss=0.1627
Epoch=373, loss=0.1640
Epoch=374, loss=0.1627
Epoch=375, loss=0.1629
Epoch=376, loss=0.1598
Epoch=377, loss=0.1635
Epoch=378, loss=0.1611
Epoch=379, loss=0.1589
Epoch=380, loss=0.1579
Epoch=381, loss=0.1593
Epoch=382, loss=0.1583
Epoch=383, loss=0.1595
Epoch=384, loss=0.1582
Epoch=385, loss=0.1557
Epoch=386, loss=0.1598
Epoch=387, loss=0.1566
Epoch=388, loss=0.1555
Epoch=389, loss=0.1549
Epoch=390, loss=0.1562
Epoch=391, loss=0.1510
Epoch=392, loss=0.1509
Epoch=393, loss=0.1555
Epoch=394, loss=0.1517
Epoch=395, loss=0.1516
Epoch=396, loss=0.1495
Epoch=397, loss=0.1481
Epoch=398, loss=0.1497
Epoch=399, loss=0.1483
Epoch=400, loss=0.1508
Epoch=401, loss=0.1482
Epoch=402, loss=0.1440
Epoch=403, loss=0.1496
Epoch=404, loss=0.1513
Epoch=405, loss=0.1446
Epoch=406, loss=0.1436
Epoch=407, loss=0.1427
Epoch=408, loss=0.1437
Epoch=409, loss=0.1427
Epoch=410, loss=0.1433
Epoch=411, loss=0.1425
Epoch=412, loss=0.1426
Epoch=413, loss=0.1384
Epoch=414, loss=0.1380
Epoch=415, loss=0.1415
Epoch=416, loss=0.1401
Epoch=417, loss=0.1388
Epoch=418, loss=0.1385
Epoch=419, loss=0.1408
Epoch=420, loss=0.1377
Epoch=421, loss=0.1398
Epoch=422, loss=0.1353
Epoch=423, loss=0.1335
Epoch=424, loss=0.1354
Epoch=425, loss=0.1372
Epoch=426, loss=0.1360
Epoch=427, loss=0.1361
Epoch=428, loss=0.1383
Epoch=429, loss=0.1345
Epoch=430, loss=0.1338
Epoch=431, loss=0.1313
Epoch=432, loss=0.1317
Epoch=433, loss=0.1351
Epoch=434, loss=0.1307
Epoch=435, loss=0.1324
Epoch=436, loss=0.1316
Epoch=437, loss=0.1246
Epoch=438, loss=0.1271
Epoch=439, loss=0.1258
Epoch=440, loss=0.1292
Epoch=441, loss=0.1248
Epoch=442, loss=0.1280
Epoch=443, loss=0.1232
Epoch=444, loss=0.1285
Epoch=445, loss=0.1233
Epoch=446, loss=0.1266
Epoch=447, loss=0.1257
Epoch=448, loss=0.1219
Epoch=449, loss=0.1240
Epoch=450, loss=0.1261
Epoch=451, loss=0.1222
Epoch=452, loss=0.1209
Epoch=453, loss=0.1212
Epoch=454, loss=0.1208
Epoch=455, loss=0.1203
Epoch=456, loss=0.1198
Epoch=457, loss=0.1224
Epoch=458, loss=0.1193
Epoch=459, loss=0.1175
Epoch=460, loss=0.1190
Epoch=461, loss=0.1188
Epoch=462, loss=0.1215
Epoch=463, loss=0.1170
Epoch=464, loss=0.1204
Epoch=465, loss=0.1164
Epoch=466, loss=0.1165
Epoch=467, loss=0.1172
Epoch=468, loss=0.1163
Epoch=469, loss=0.1178
Epoch=470, loss=0.1157
Epoch=471, loss=0.1154
Epoch=472, loss=0.1184
Epoch=473, loss=0.1162
Epoch=474, loss=0.1135
Epoch=475, loss=0.1157
Epoch=476, loss=0.1143
Epoch=477, loss=0.1090
Epoch=478, loss=0.1097
Epoch=479, loss=0.1153
Epoch=480, loss=0.1114
Epoch=481, loss=0.1107
Epoch=482, loss=0.1084
Epoch=483, loss=0.1071
Epoch=484, loss=0.1162
Epoch=485, loss=0.1061
Epoch=486, loss=0.1105
Epoch=487, loss=0.1085
Epoch=488, loss=0.1082
Epoch=489, loss=0.1109
Epoch=490, loss=0.1072
Epoch=491, loss=0.1088
Epoch=492, loss=0.1047
Epoch=493, loss=0.1089
Epoch=494, loss=0.1059
Epoch=495, loss=0.1093
Epoch=496, loss=0.1057
Epoch=497, loss=0.1030
Epoch=498, loss=0.1028
Epoch=499, loss=0.1033
Loading 498th epoch
done with the edge prediction
done with the node prediction
done with the second node prediction
(E) | label_classification: F1Mi=0.7326+-0.0218, F1Ma=0.7009+-0.0234, acc=0.7326+-0.0218
[['MVGRL', 'heat', 16, 15, 2, 'normalize', 0.1, 0.2, 0.4, 0.001, 0.5, 0.2, 0.5, 0.0001, 512, 512, 0.9295553641161537, 0.9241616309564331, 0.9371941712964795, 0.933541030657873, 0.7714285850524902, 0.7059999704360962, 0.6818181872367859, 0.7785714268684387, 0.7059999704360962, 0.7030947804450989, 0.6858142246404973, 0.00987694609461986, 0.6599438473369984, 0.006756510015025249, 0.6858142246404973, 0.00987694609461986], ['MVGRL', 'heat', 32, 15, 2, 'normalize', 0.1, 0.2, 0.4, 0.001, 0.5, 0.2, 0.5, 0.0001, 512, 512, 0.9656271447567845, 0.964564020291692, 0.9650990713969373, 0.9677736500886523, 0.8571428656578064, 0.722000002861023, 0.7190521955490112, 0.8500000238418579, 0.7300000190734863, 0.7325918674468994, 0.7326078507578703, 0.021818543694110938, 0.700944170851281, 0.023409132291215037, 0.7326078507578702, 0.021818543694110938]]
Epoch=000, loss=0.6931
Epoch=001, loss=0.6910
Epoch=002, loss=0.6889
Epoch=003, loss=0.6873
Epoch=004, loss=0.6845
Epoch=005, loss=0.6826
Epoch=006, loss=0.6808
Epoch=007, loss=0.6772
Epoch=008, loss=0.6746
Epoch=009, loss=0.6723
Epoch=010, loss=0.6683
Epoch=011, loss=0.6653
Epoch=012, loss=0.6612
Epoch=013, loss=0.6569
Epoch=014, loss=0.6536
Epoch=015, loss=0.6503
Epoch=016, loss=0.6465
Epoch=017, loss=0.6400
Epoch=018, loss=0.6353
Epoch=019, loss=0.6331
Epoch=020, loss=0.6267
Epoch=021, loss=0.6207
Epoch=022, loss=0.6174
Epoch=023, loss=0.6126
Epoch=024, loss=0.6052
Epoch=025, loss=0.6033
Epoch=026, loss=0.5965
Epoch=027, loss=0.5905
Epoch=028, loss=0.5825
Epoch=029, loss=0.5812
Epoch=030, loss=0.5733
Epoch=031, loss=0.5712
Epoch=032, loss=0.5633
Epoch=033, loss=0.5595
Epoch=034, loss=0.5553
Epoch=035, loss=0.5552
Epoch=036, loss=0.5449
Epoch=037, loss=0.5393
Epoch=038, loss=0.5331
Epoch=039, loss=0.5275
Epoch=040, loss=0.5179
Epoch=041, loss=0.5209
Epoch=042, loss=0.5110
Epoch=043, loss=0.5106
Epoch=044, loss=0.5071
Epoch=045, loss=0.4934
Epoch=046, loss=0.4984
Epoch=047, loss=0.4890
Epoch=048, loss=0.4870
Epoch=049, loss=0.4843
Epoch=050, loss=0.4751
Epoch=051, loss=0.4767
Epoch=052, loss=0.4663
Epoch=053, loss=0.4625
Epoch=054, loss=0.4608
Epoch=055, loss=0.4557
Epoch=056, loss=0.4554
Epoch=057, loss=0.4437
Epoch=058, loss=0.4414
Epoch=059, loss=0.4374
Epoch=060, loss=0.4408
Epoch=061, loss=0.4331
Epoch=062, loss=0.4296
Epoch=063, loss=0.4273
Epoch=064, loss=0.4222
Epoch=065, loss=0.4144
Epoch=066, loss=0.4092
Epoch=067, loss=0.4159
Epoch=068, loss=0.4069
Epoch=069, loss=0.4057
Epoch=070, loss=0.4017
Epoch=071, loss=0.3949
Epoch=072, loss=0.3929
Epoch=073, loss=0.3946
Epoch=074, loss=0.3861
Epoch=075, loss=0.3816
Epoch=076, loss=0.3793
Epoch=077, loss=0.3794
Epoch=078, loss=0.3784
Epoch=079, loss=0.3704
Epoch=080, loss=0.3661
Epoch=081, loss=0.3649
Epoch=082, loss=0.3658
Epoch=083, loss=0.3602
Epoch=084, loss=0.3597
Epoch=085, loss=0.3574
Epoch=086, loss=0.3516
Epoch=087, loss=0.3459
Epoch=088, loss=0.3472
Epoch=089, loss=0.3453
Epoch=090, loss=0.3445
Epoch=091, loss=0.3387
Epoch=092, loss=0.3386
Epoch=093, loss=0.3380
Epoch=094, loss=0.3352
Epoch=095, loss=0.3316
Epoch=096, loss=0.3240
Epoch=097, loss=0.3261
Epoch=098, loss=0.3221
Epoch=099, loss=0.3204
Epoch=100, loss=0.3184
Epoch=101, loss=0.3166
Epoch=102, loss=0.3111
Epoch=103, loss=0.3129
Epoch=104, loss=0.3087
Epoch=105, loss=0.3051
Epoch=106, loss=0.3010
Epoch=107, loss=0.3065
Epoch=108, loss=0.2975
Epoch=109, loss=0.3039
Epoch=110, loss=0.2993
Epoch=111, loss=0.2927
Epoch=112, loss=0.2950
Epoch=113, loss=0.2878
Epoch=114, loss=0.2881
Epoch=115, loss=0.2907
Epoch=116, loss=0.2832
Epoch=117, loss=0.2805
Epoch=118, loss=0.2752
Epoch=119, loss=0.2737
Epoch=120, loss=0.2745
Epoch=121, loss=0.2730
Epoch=122, loss=0.2702
Epoch=123, loss=0.2669
Epoch=124, loss=0.2639
Epoch=125, loss=0.2655
Epoch=126, loss=0.2630
Epoch=127, loss=0.2631
Epoch=128, loss=0.2571
Epoch=129, loss=0.2570
Epoch=130, loss=0.2515
Epoch=131, loss=0.2576
Epoch=132, loss=0.2513
Epoch=133, loss=0.2511
Epoch=134, loss=0.2490
Epoch=135, loss=0.2513
Epoch=136, loss=0.2397
Epoch=137, loss=0.2392
Epoch=138, loss=0.2395
Epoch=139, loss=0.2420
Epoch=140, loss=0.2360
Epoch=141, loss=0.2381
Epoch=142, loss=0.2331
Epoch=143, loss=0.2322
Epoch=144, loss=0.2309
Epoch=145, loss=0.2290
Epoch=146, loss=0.2341
Epoch=147, loss=0.2289
Epoch=148, loss=0.2233
Epoch=149, loss=0.2205
Epoch=150, loss=0.2206
Epoch=151, loss=0.2211
Epoch=152, loss=0.2197
Epoch=153, loss=0.2177
Epoch=154, loss=0.2136
Epoch=155, loss=0.2114
Epoch=156, loss=0.2082
Epoch=157, loss=0.2079
Epoch=158, loss=0.2080
Epoch=159, loss=0.2052
Epoch=160, loss=0.2049
Epoch=161, loss=0.2036
Epoch=162, loss=0.2021
Epoch=163, loss=0.2006
Epoch=164, loss=0.2036
Epoch=165, loss=0.1974
Epoch=166, loss=0.1927
Epoch=167, loss=0.1934
Epoch=168, loss=0.1945
Epoch=169, loss=0.1927
Epoch=170, loss=0.1955
Epoch=171, loss=0.1942
Epoch=172, loss=0.1878
Epoch=173, loss=0.1870
Epoch=174, loss=0.1894
Epoch=175, loss=0.1879
Epoch=176, loss=0.1867
Epoch=177, loss=0.1840
Epoch=178, loss=0.1844
Epoch=179, loss=0.1797
Epoch=180, loss=0.1830
Epoch=181, loss=0.1838
Epoch=182, loss=0.1792
Epoch=183, loss=0.1792
Epoch=184, loss=0.1765
Epoch=185, loss=0.1735
Epoch=186, loss=0.1726
Epoch=187, loss=0.1702
Epoch=188, loss=0.1726
Epoch=189, loss=0.1685
Epoch=190, loss=0.1679
Epoch=191, loss=0.1692
Epoch=192, loss=0.1649
Epoch=193, loss=0.1696
Epoch=194, loss=0.1646
Epoch=195, loss=0.1655
Epoch=196, loss=0.1646
Epoch=197, loss=0.1612
Epoch=198, loss=0.1645
Epoch=199, loss=0.1566
Epoch=200, loss=0.1549
Epoch=201, loss=0.1565
Epoch=202, loss=0.1585
Epoch=203, loss=0.1583
Epoch=204, loss=0.1573
Epoch=205, loss=0.1606
Epoch=206, loss=0.1550
Epoch=207, loss=0.1503
Epoch=208, loss=0.1529
Epoch=209, loss=0.1507
Epoch=210, loss=0.1529
Epoch=211, loss=0.1508
Epoch=212, loss=0.1451
Epoch=213, loss=0.1527
Epoch=214, loss=0.1473
Epoch=215, loss=0.1476
Epoch=216, loss=0.1479
Epoch=217, loss=0.1431
Epoch=218, loss=0.1458
Epoch=219, loss=0.1428
Epoch=220, loss=0.1437
Epoch=221, loss=0.1424
Epoch=222, loss=0.1423
Epoch=223, loss=0.1379
Epoch=224, loss=0.1376
Epoch=225, loss=0.1386
Epoch=226, loss=0.1376
Epoch=227, loss=0.1352
Epoch=228, loss=0.1350
Epoch=229, loss=0.1332
Epoch=230, loss=0.1373
Epoch=231, loss=0.1297
Epoch=232, loss=0.1315
Epoch=233, loss=0.1340
Epoch=234, loss=0.1327
Epoch=235, loss=0.1336
Epoch=236, loss=0.1323
Epoch=237, loss=0.1323
Epoch=238, loss=0.1312
Epoch=239, loss=0.1289
Epoch=240, loss=0.1272
Epoch=241, loss=0.1268
Epoch=242, loss=0.1216
Epoch=243, loss=0.1294
Epoch=244, loss=0.1275
Epoch=245, loss=0.1307
Epoch=246, loss=0.1247
Epoch=247, loss=0.1244
Epoch=248, loss=0.1232
Epoch=249, loss=0.1222
Epoch=250, loss=0.1184
Epoch=251, loss=0.1232
Epoch=252, loss=0.1205
Epoch=253, loss=0.1210
Epoch=254, loss=0.1185
Epoch=255, loss=0.1190
Epoch=256, loss=0.1190
Epoch=257, loss=0.1121
Epoch=258, loss=0.1189
Epoch=259, loss=0.1181
Epoch=260, loss=0.1173
Epoch=261, loss=0.1147
Epoch=262, loss=0.1117
Epoch=263, loss=0.1142
Epoch=264, loss=0.1156
Epoch=265, loss=0.1155
Epoch=266, loss=0.1173
Epoch=267, loss=0.1142
Epoch=268, loss=0.1112
Epoch=269, loss=0.1096
Epoch=270, loss=0.1090
Epoch=271, loss=0.1113
Epoch=272, loss=0.1090
Epoch=273, loss=0.1060
Epoch=274, loss=0.1083
Epoch=275, loss=0.1085
Epoch=276, loss=0.1064
Epoch=277, loss=0.1071
Epoch=278, loss=0.1059
Epoch=279, loss=0.1033
Epoch=280, loss=0.1050
Epoch=281, loss=0.1057
Epoch=282, loss=0.1043
Epoch=283, loss=0.1054
Epoch=284, loss=0.1095
Epoch=285, loss=0.1036
Epoch=286, loss=0.1029
Epoch=287, loss=0.1011
Epoch=288, loss=0.0997
Epoch=289, loss=0.1023
Epoch=290, loss=0.1013
Epoch=291, loss=0.1031
Epoch=292, loss=0.1032
Epoch=293, loss=0.1007
Epoch=294, loss=0.1005
Epoch=295, loss=0.0987
Epoch=296, loss=0.0979
Epoch=297, loss=0.0974
Epoch=298, loss=0.1016
Epoch=299, loss=0.0930
Epoch=300, loss=0.0984
Epoch=301, loss=0.0956
Epoch=302, loss=0.0964
Epoch=303, loss=0.0982
Epoch=304, loss=0.0961
Epoch=305, loss=0.0968
Epoch=306, loss=0.0984
Epoch=307, loss=0.0942
Epoch=308, loss=0.0924
Epoch=309, loss=0.0919
Epoch=310, loss=0.0927
Epoch=311, loss=0.0918
Epoch=312, loss=0.0960
Epoch=313, loss=0.0876
Epoch=314, loss=0.0921
Epoch=315, loss=0.0894
Epoch=316, loss=0.0901
Epoch=317, loss=0.0909
Epoch=318, loss=0.0891
Epoch=319, loss=0.0913
Epoch=320, loss=0.0912
Epoch=321, loss=0.0875
Epoch=322, loss=0.0886
Epoch=323, loss=0.0886
Epoch=324, loss=0.0870
Epoch=325, loss=0.0872
Epoch=326, loss=0.0865
Epoch=327, loss=0.0866
Epoch=328, loss=0.0901
Epoch=329, loss=0.0848
Epoch=330, loss=0.0862
Epoch=331, loss=0.0858
Epoch=332, loss=0.0875
Epoch=333, loss=0.0845
Epoch=334, loss=0.0853
Epoch=335, loss=0.0821
Epoch=336, loss=0.0838
Epoch=337, loss=0.0832
Epoch=338, loss=0.0872
Epoch=339, loss=0.0832
Epoch=340, loss=0.0847
Epoch=341, loss=0.0833
Epoch=342, loss=0.0817
Epoch=343, loss=0.0796
Epoch=344, loss=0.0867
Epoch=345, loss=0.0807
Epoch=346, loss=0.0826
Epoch=347, loss=0.0814
Epoch=348, loss=0.0825
Epoch=349, loss=0.0809
Epoch=350, loss=0.0803
Epoch=351, loss=0.0794
Epoch=352, loss=0.0803
Epoch=353, loss=0.0765
Epoch=354, loss=0.0782
Epoch=355, loss=0.0782
Epoch=356, loss=0.0748
Epoch=357, loss=0.0772
Epoch=358, loss=0.0796
Epoch=359, loss=0.0772
Epoch=360, loss=0.0801
Epoch=361, loss=0.0791
Epoch=362, loss=0.0799
Epoch=363, loss=0.0769
Epoch=364, loss=0.0766
Epoch=365, loss=0.0752
Epoch=366, loss=0.0786
Epoch=367, loss=0.0756
Epoch=368, loss=0.0772
Epoch=369, loss=0.0749
Epoch=370, loss=0.0762
Epoch=371, loss=0.0768
Epoch=372, loss=0.0702
Epoch=373, loss=0.0729
Epoch=374, loss=0.0725
Epoch=375, loss=0.0715
Epoch=376, loss=0.0738
Epoch=377, loss=0.0725
Epoch=378, loss=0.0718
Epoch=379, loss=0.0718
Epoch=380, loss=0.0749
Epoch=381, loss=0.0731
Epoch=382, loss=0.0737
Epoch=383, loss=0.0731
Epoch=384, loss=0.0739
Epoch=385, loss=0.0734
Epoch=386, loss=0.0696
Epoch=387, loss=0.0685
Epoch=388, loss=0.0705
Epoch=389, loss=0.0708
Epoch=390, loss=0.0665
Epoch=391, loss=0.0653
Epoch=392, loss=0.0719
Epoch=393, loss=0.0669
Epoch=394, loss=0.0701
Epoch=395, loss=0.0653
Epoch=396, loss=0.0701
Epoch=397, loss=0.0661
Epoch=398, loss=0.0686
Epoch=399, loss=0.0685
Epoch=400, loss=0.0665
Epoch=401, loss=0.0651
Epoch=402, loss=0.0655
Epoch=403, loss=0.0645
Epoch=404, loss=0.0653
Epoch=405, loss=0.0658
Epoch=406, loss=0.0653
Epoch=407, loss=0.0683
Epoch=408, loss=0.0693
Epoch=409, loss=0.0645
Epoch=410, loss=0.0639
Epoch=411, loss=0.0651
Epoch=412, loss=0.0665
Epoch=413, loss=0.0641
Epoch=414, loss=0.0708
Epoch=415, loss=0.0650
Epoch=416, loss=0.0655
Epoch=417, loss=0.0595
Epoch=418, loss=0.0641
Epoch=419, loss=0.0651
Epoch=420, loss=0.0644
Epoch=421, loss=0.0641
Epoch=422, loss=0.0628
Epoch=423, loss=0.0604
Epoch=424, loss=0.0618
Epoch=425, loss=0.0612
Epoch=426, loss=0.0603
Epoch=427, loss=0.0611
Epoch=428, loss=0.0568
Epoch=429, loss=0.0592
Epoch=430, loss=0.0621
Epoch=431, loss=0.0614
Epoch=432, loss=0.0584
Epoch=433, loss=0.0594
Epoch=434, loss=0.0570
Epoch=435, loss=0.0611
Epoch=436, loss=0.0649
Epoch=437, loss=0.0574
Epoch=438, loss=0.0621
Epoch=439, loss=0.0549
Epoch=440, loss=0.0626
Epoch=441, loss=0.0607
Epoch=442, loss=0.0572
Epoch=443, loss=0.0597
Epoch=444, loss=0.0533
Epoch=445, loss=0.0583
Epoch=446, loss=0.0609
Epoch=447, loss=0.0565
Epoch=448, loss=0.0590
Epoch=449, loss=0.0605
Epoch=450, loss=0.0596
Epoch=451, loss=0.0546
Epoch=452, loss=0.0602
Epoch=453, loss=0.0539
Epoch=454, loss=0.0544
Epoch=455, loss=0.0551
Epoch=456, loss=0.0570
Epoch=457, loss=0.0565
Epoch=458, loss=0.0566
Epoch=459, loss=0.0556
Epoch=460, loss=0.0555
Epoch=461, loss=0.0579
Epoch=462, loss=0.0537
Epoch=463, loss=0.0539
Epoch=464, loss=0.0557
Early stopping!
Loading 444th epoch
done with the edge prediction
done with the node prediction
done with the second node prediction
(E) | label_classification: F1Mi=0.7913+-0.0105, F1Ma=0.7713+-0.0131, acc=0.7913+-0.0105
[['MVGRL', 'heat', 16, 15, 2, 'normalize', 0.1, 0.2, 0.4, 0.001, 0.5, 0.2, 0.5, 0.0001, 512, 512, 0.9295553641161537, 0.9241616309564331, 0.9371941712964795, 0.933541030657873, 0.7714285850524902, 0.7059999704360962, 0.6818181872367859, 0.7785714268684387, 0.7059999704360962, 0.7030947804450989, 0.6858142246404973, 0.00987694609461986, 0.6599438473369984, 0.006756510015025249, 0.6858142246404973, 0.00987694609461986], ['MVGRL', 'heat', 32, 15, 2, 'normalize', 0.1, 0.2, 0.4, 0.001, 0.5, 0.2, 0.5, 0.0001, 512, 512, 0.9656271447567845, 0.964564020291692, 0.9650990713969373, 0.9677736500886523, 0.8571428656578064, 0.722000002861023, 0.7190521955490112, 0.8500000238418579, 0.7300000190734863, 0.7325918674468994, 0.7326078507578703, 0.021818543694110938, 0.700944170851281, 0.023409132291215037, 0.7326078507578702, 0.021818543694110938], ['MVGRL', 'heat', 64, 15, 2, 'normalize', 0.1, 0.2, 0.4, 0.001, 0.5, 0.2, 0.5, 0.0001, 512, 512, 0.9822238387333543, 0.9812840510552876, 0.9811974982806981, 0.9792565196829096, 0.9571428298950195, 0.7699999809265137, 0.752417802810669, 0.9214285612106323, 0.7680000066757202, 0.7611218690872192, 0.7912942090944421, 0.010512283441153038, 0.7713286004615015, 0.013140625620214227, 0.7912942090944423, 0.010512283441153005]]
Epoch=000, loss=0.6935
Epoch=001, loss=0.6887
Epoch=002, loss=0.6851
Epoch=003, loss=0.6804
Epoch=004, loss=0.6752
Epoch=005, loss=0.6716
Epoch=006, loss=0.6663
Epoch=007, loss=0.6607
Epoch=008, loss=0.6549
Epoch=009, loss=0.6479
Epoch=010, loss=0.6413
Epoch=011, loss=0.6358
Epoch=012, loss=0.6250
Epoch=013, loss=0.6178
Epoch=014, loss=0.6085
Epoch=015, loss=0.6070
Epoch=016, loss=0.5904
Epoch=017, loss=0.5818
Epoch=018, loss=0.5723
Epoch=019, loss=0.5600
Epoch=020, loss=0.5571
Epoch=021, loss=0.5445
Epoch=022, loss=0.5416
Epoch=023, loss=0.5306
Epoch=024, loss=0.5245
Epoch=025, loss=0.5124
Epoch=026, loss=0.5036
Epoch=027, loss=0.4932
Epoch=028, loss=0.4864
Epoch=029, loss=0.4811
Epoch=030, loss=0.4735
Epoch=031, loss=0.4631
Epoch=032, loss=0.4547
Epoch=033, loss=0.4477
Epoch=034, loss=0.4418
Epoch=035, loss=0.4388
Epoch=036, loss=0.4297
Epoch=037, loss=0.4261
Epoch=038, loss=0.4198
Epoch=039, loss=0.4117
Epoch=040, loss=0.4006
Epoch=041, loss=0.3990
Epoch=042, loss=0.3922
Epoch=043, loss=0.3867
Epoch=044, loss=0.3823
Epoch=045, loss=0.3770
Epoch=046, loss=0.3659
Epoch=047, loss=0.3596
Epoch=048, loss=0.3601
Epoch=049, loss=0.3485
Epoch=050, loss=0.3447
Epoch=051, loss=0.3385
Epoch=052, loss=0.3418
Epoch=053, loss=0.3345
Epoch=054, loss=0.3374
Epoch=055, loss=0.3232
Epoch=056, loss=0.3221
Epoch=057, loss=0.3188
Epoch=058, loss=0.3132
Epoch=059, loss=0.3075
Epoch=060, loss=0.3034
Epoch=061, loss=0.3006
Epoch=062, loss=0.3001
Epoch=063, loss=0.2911
Epoch=064, loss=0.2936
Epoch=065, loss=0.2850
Epoch=066, loss=0.2806
Epoch=067, loss=0.2765
Epoch=068, loss=0.2726
Epoch=069, loss=0.2710
Epoch=070, loss=0.2633
Epoch=071, loss=0.2613
Epoch=072, loss=0.2601
Epoch=073, loss=0.2537
Epoch=074, loss=0.2563
Epoch=075, loss=0.2513
Epoch=076, loss=0.2470
Epoch=077, loss=0.2433
Epoch=078, loss=0.2401
Epoch=079, loss=0.2367
Epoch=080, loss=0.2366
Epoch=081, loss=0.2257
Epoch=082, loss=0.2292
Epoch=083, loss=0.2284
Epoch=084, loss=0.2206
Epoch=085, loss=0.2176
Epoch=086, loss=0.2194
Epoch=087, loss=0.2179
Epoch=088, loss=0.2105
Epoch=089, loss=0.2127
Epoch=090, loss=0.2099
Epoch=091, loss=0.2042
Epoch=092, loss=0.2054
Epoch=093, loss=0.1997
Epoch=094, loss=0.1946
Epoch=095, loss=0.1970
Epoch=096, loss=0.1892
Epoch=097, loss=0.1928
Epoch=098, loss=0.1932
Epoch=099, loss=0.1885
Epoch=100, loss=0.1843
Epoch=101, loss=0.1848
Epoch=102, loss=0.1823
Epoch=103, loss=0.1817
Epoch=104, loss=0.1761
Epoch=105, loss=0.1719
Epoch=106, loss=0.1749
Epoch=107, loss=0.1746
Epoch=108, loss=0.1702
Epoch=109, loss=0.1662
Epoch=110, loss=0.1680
Epoch=111, loss=0.1649
Epoch=112, loss=0.1601
Epoch=113, loss=0.1638
Epoch=114, loss=0.1585
Epoch=115, loss=0.1558
Epoch=116, loss=0.1582
Epoch=117, loss=0.1549
Epoch=118, loss=0.1522
Epoch=119, loss=0.1513
Epoch=120, loss=0.1492
Epoch=121, loss=0.1488
Epoch=122, loss=0.1532
Epoch=123, loss=0.1499
Epoch=124, loss=0.1457
Epoch=125, loss=0.1425
Epoch=126, loss=0.1453
Epoch=127, loss=0.1398
Epoch=128, loss=0.1477
Epoch=129, loss=0.1369
Epoch=130, loss=0.1368
Epoch=131, loss=0.1398
Epoch=132, loss=0.1343
Epoch=133, loss=0.1356
Epoch=134, loss=0.1317
Epoch=135, loss=0.1295
Epoch=136, loss=0.1317
Epoch=137, loss=0.1311
Epoch=138, loss=0.1362
Epoch=139, loss=0.1212
Epoch=140, loss=0.1238
Epoch=141, loss=0.1255
Epoch=142, loss=0.1219
Epoch=143, loss=0.1245
Epoch=144, loss=0.1213
Epoch=145, loss=0.1207
Epoch=146, loss=0.1246
Epoch=147, loss=0.1205
Epoch=148, loss=0.1211
Epoch=149, loss=0.1189
Epoch=150, loss=0.1149
Epoch=151, loss=0.1162
Epoch=152, loss=0.1141
Epoch=153, loss=0.1158
Epoch=154, loss=0.1169
Epoch=155, loss=0.1146
Epoch=156, loss=0.1104
Epoch=157, loss=0.1101
Epoch=158, loss=0.1101
Epoch=159, loss=0.1105
Epoch=160, loss=0.1070
Epoch=161, loss=0.1100
Epoch=162, loss=0.1097
Epoch=163, loss=0.1066
Epoch=164, loss=0.1046
Epoch=165, loss=0.1098
Epoch=166, loss=0.1034
Epoch=167, loss=0.1039
Epoch=168, loss=0.1102
Epoch=169, loss=0.1023
Epoch=170, loss=0.1060
Epoch=171, loss=0.1027
Epoch=172, loss=0.0993
Epoch=173, loss=0.1029
Epoch=174, loss=0.1012
Epoch=175, loss=0.1003
Epoch=176, loss=0.1006
Epoch=177, loss=0.1015
Epoch=178, loss=0.0983
Epoch=179, loss=0.1010
Epoch=180, loss=0.0966
Epoch=181, loss=0.0970
Epoch=182, loss=0.0963
Epoch=183, loss=0.0945
Epoch=184, loss=0.0915
Epoch=185, loss=0.0938
Epoch=186, loss=0.0984
Epoch=187, loss=0.0932
Epoch=188, loss=0.0920
Epoch=189, loss=0.0931
Epoch=190, loss=0.0907
Epoch=191, loss=0.0880
Epoch=192, loss=0.0904
Epoch=193, loss=0.0940
Epoch=194, loss=0.0898
Epoch=195, loss=0.0841
Epoch=196, loss=0.0871
Epoch=197, loss=0.0876
Epoch=198, loss=0.0878
Epoch=199, loss=0.0865
Epoch=200, loss=0.0830
Epoch=201, loss=0.0895
Epoch=202, loss=0.0838
Epoch=203, loss=0.0843
Epoch=204, loss=0.0848
Epoch=205, loss=0.0834
Epoch=206, loss=0.0852
Epoch=207, loss=0.0813
Epoch=208, loss=0.0861
Epoch=209, loss=0.0839
Epoch=210, loss=0.0784
Epoch=211, loss=0.0762
Epoch=212, loss=0.0795
Epoch=213, loss=0.0814
Epoch=214, loss=0.0783
Epoch=215, loss=0.0793
Epoch=216, loss=0.0785
Epoch=217, loss=0.0850
Epoch=218, loss=0.0761
Epoch=219, loss=0.0811
Epoch=220, loss=0.0803
Epoch=221, loss=0.0788
Epoch=222, loss=0.0791
Epoch=223, loss=0.0793
Epoch=224, loss=0.0734
Epoch=225, loss=0.0751
Epoch=226, loss=0.0745
Epoch=227, loss=0.0752
Epoch=228, loss=0.0740
Epoch=229, loss=0.0744
Epoch=230, loss=0.0750
Epoch=231, loss=0.0719
Epoch=232, loss=0.0714
Epoch=233, loss=0.0755
Epoch=234, loss=0.0761
Epoch=235, loss=0.0726
Epoch=236, loss=0.0701
Epoch=237, loss=0.0721
Epoch=238, loss=0.0698
Epoch=239, loss=0.0697
Epoch=240, loss=0.0697
Epoch=241, loss=0.0723
Epoch=242, loss=0.0740
Epoch=243, loss=0.0702
Epoch=244, loss=0.0719
Epoch=245, loss=0.0667
Epoch=246, loss=0.0686
Epoch=247, loss=0.0663
Epoch=248, loss=0.0666
Epoch=249, loss=0.0697
Epoch=250, loss=0.0680
Epoch=251, loss=0.0668
Epoch=252, loss=0.0703
Epoch=253, loss=0.0671
Epoch=254, loss=0.0726
Epoch=255, loss=0.0670
Epoch=256, loss=0.0648
Epoch=257, loss=0.0639
Epoch=258, loss=0.0656
Epoch=259, loss=0.0667
Epoch=260, loss=0.0641
Epoch=261, loss=0.0640
Epoch=262, loss=0.0624
Epoch=263, loss=0.0680
Epoch=264, loss=0.0690
Epoch=265, loss=0.0679
Epoch=266, loss=0.0632
Epoch=267, loss=0.0622
Epoch=268, loss=0.0628
Epoch=269, loss=0.0650
Epoch=270, loss=0.0659
Epoch=271, loss=0.0605
Epoch=272, loss=0.0641
Epoch=273, loss=0.0590
Epoch=274, loss=0.0598
Epoch=275, loss=0.0666
Epoch=276, loss=0.0607
Epoch=277, loss=0.0673
Epoch=278, loss=0.0581
Epoch=279, loss=0.0647
Epoch=280, loss=0.0607
Epoch=281, loss=0.0590
Epoch=282, loss=0.0620
Epoch=283, loss=0.0589
Epoch=284, loss=0.0610
Epoch=285, loss=0.0623
Epoch=286, loss=0.0574
Epoch=287, loss=0.0582
Epoch=288, loss=0.0570
Epoch=289, loss=0.0584
Epoch=290, loss=0.0616
Epoch=291, loss=0.0591
Epoch=292, loss=0.0662
Epoch=293, loss=0.0586
Epoch=294, loss=0.0611
Epoch=295, loss=0.0543
Epoch=296, loss=0.0595
Epoch=297, loss=0.0568
Epoch=298, loss=0.0552
Epoch=299, loss=0.0587
Epoch=300, loss=0.0539
Epoch=301, loss=0.0543
Epoch=302, loss=0.0551
Epoch=303, loss=0.0540
Epoch=304, loss=0.0554
Epoch=305, loss=0.0534
Epoch=306, loss=0.0570
Epoch=307, loss=0.0541
Epoch=308, loss=0.0570
Epoch=309, loss=0.0563
Epoch=310, loss=0.0545
Epoch=311, loss=0.0520
Epoch=312, loss=0.0532
Epoch=313, loss=0.0513
Epoch=314, loss=0.0541
Epoch=315, loss=0.0560
Epoch=316, loss=0.0586
Epoch=317, loss=0.0507
Epoch=318, loss=0.0532
Epoch=319, loss=0.0520
Epoch=320, loss=0.0528
Epoch=321, loss=0.0546
Epoch=322, loss=0.0500
Epoch=323, loss=0.0528
Epoch=324, loss=0.0512
Epoch=325, loss=0.0562
Epoch=326, loss=0.0503
Epoch=327, loss=0.0494
Epoch=328, loss=0.0488
Epoch=329, loss=0.0483
Epoch=330, loss=0.0525
Epoch=331, loss=0.0483
Epoch=332, loss=0.0504
Epoch=333, loss=0.0514
Epoch=334, loss=0.0495
Epoch=335, loss=0.0528
Epoch=336, loss=0.0539
Epoch=337, loss=0.0518
Epoch=338, loss=0.0497
Epoch=339, loss=0.0538
Epoch=340, loss=0.0517
Epoch=341, loss=0.0494
Epoch=342, loss=0.0517
Epoch=343, loss=0.0494
Epoch=344, loss=0.0490
Epoch=345, loss=0.0531
Epoch=346, loss=0.0467
Epoch=347, loss=0.0487
Epoch=348, loss=0.0510
Epoch=349, loss=0.0495
Epoch=350, loss=0.0464
Epoch=351, loss=0.0491
Epoch=352, loss=0.0486
Epoch=353, loss=0.0498
Epoch=354, loss=0.0448
Epoch=355, loss=0.0489
Epoch=356, loss=0.0439
Epoch=357, loss=0.0434
Epoch=358, loss=0.0455
Epoch=359, loss=0.0428
Epoch=360, loss=0.0453
Epoch=361, loss=0.0517
Epoch=362, loss=0.0455
Epoch=363, loss=0.0404
Epoch=364, loss=0.0465
Epoch=365, loss=0.0501
Epoch=366, loss=0.0457
Epoch=367, loss=0.0452
Epoch=368, loss=0.0481
Epoch=369, loss=0.0473
Epoch=370, loss=0.0503
Epoch=371, loss=0.0463
Epoch=372, loss=0.0462
Epoch=373, loss=0.0401
Epoch=374, loss=0.0446
Epoch=375, loss=0.0451
Epoch=376, loss=0.0413
Epoch=377, loss=0.0485
Epoch=378, loss=0.0399
Epoch=379, loss=0.0439
Epoch=380, loss=0.0487
Epoch=381, loss=0.0431
Epoch=382, loss=0.0390
Epoch=383, loss=0.0437
Epoch=384, loss=0.0421
Epoch=385, loss=0.0414
Epoch=386, loss=0.0410
Epoch=387, loss=0.0468
Epoch=388, loss=0.0410
Epoch=389, loss=0.0431
Epoch=390, loss=0.0434
Epoch=391, loss=0.0448
Epoch=392, loss=0.0433
Epoch=393, loss=0.0417
Epoch=394, loss=0.0430
Epoch=395, loss=0.0412
Epoch=396, loss=0.0418
Epoch=397, loss=0.0434
Epoch=398, loss=0.0411
Epoch=399, loss=0.0436
Epoch=400, loss=0.0426
Epoch=401, loss=0.0385
Epoch=402, loss=0.0431
Epoch=403, loss=0.0374
Epoch=404, loss=0.0407
Epoch=405, loss=0.0386
Epoch=406, loss=0.0406
Epoch=407, loss=0.0428
Epoch=408, loss=0.0402
Epoch=409, loss=0.0385
Epoch=410, loss=0.0413
Epoch=411, loss=0.0421
Epoch=412, loss=0.0400
Epoch=413, loss=0.0415
Epoch=414, loss=0.0396
Epoch=415, loss=0.0422
Epoch=416, loss=0.0413
Epoch=417, loss=0.0368
Epoch=418, loss=0.0416
Epoch=419, loss=0.0390
Epoch=420, loss=0.0410
Epoch=421, loss=0.0396
Epoch=422, loss=0.0388
Epoch=423, loss=0.0395
Epoch=424, loss=0.0426
Epoch=425, loss=0.0359
Epoch=426, loss=0.0364
Epoch=427, loss=0.0424
Epoch=428, loss=0.0376
Epoch=429, loss=0.0403
Epoch=430, loss=0.0394
Epoch=431, loss=0.0372
Epoch=432, loss=0.0383
Epoch=433, loss=0.0383
Epoch=434, loss=0.0393
Epoch=435, loss=0.0361
Epoch=436, loss=0.0382
Epoch=437, loss=0.0400
Epoch=438, loss=0.0357
Epoch=439, loss=0.0315
Epoch=440, loss=0.0406
Epoch=441, loss=0.0353
Epoch=442, loss=0.0380
Epoch=443, loss=0.0404
Epoch=444, loss=0.0387
Epoch=445, loss=0.0387
Epoch=446, loss=0.0378
Epoch=447, loss=0.0353
Epoch=448, loss=0.0350
Epoch=449, loss=0.0376
Epoch=450, loss=0.0364
Epoch=451, loss=0.0347
Epoch=452, loss=0.0360
Epoch=453, loss=0.0353
Epoch=454, loss=0.0416
Epoch=455, loss=0.0344
Epoch=456, loss=0.0365
Epoch=457, loss=0.0369
Epoch=458, loss=0.0332
Epoch=459, loss=0.0367
Early stopping!
Loading 439th epoch
done with the edge prediction
done with the node prediction
done with the second node prediction
(E) | label_classification: F1Mi=0.8017+-0.0116, F1Ma=0.7852+-0.0136, acc=0.8017+-0.0116
[['MVGRL', 'heat', 16, 15, 2, 'normalize', 0.1, 0.2, 0.4, 0.001, 0.5, 0.2, 0.5, 0.0001, 512, 512, 0.9295553641161537, 0.9241616309564331, 0.9371941712964795, 0.933541030657873, 0.7714285850524902, 0.7059999704360962, 0.6818181872367859, 0.7785714268684387, 0.7059999704360962, 0.7030947804450989, 0.6858142246404973, 0.00987694609461986, 0.6599438473369984, 0.006756510015025249, 0.6858142246404973, 0.00987694609461986], ['MVGRL', 'heat', 32, 15, 2, 'normalize', 0.1, 0.2, 0.4, 0.001, 0.5, 0.2, 0.5, 0.0001, 512, 512, 0.9656271447567845, 0.964564020291692, 0.9650990713969373, 0.9677736500886523, 0.8571428656578064, 0.722000002861023, 0.7190521955490112, 0.8500000238418579, 0.7300000190734863, 0.7325918674468994, 0.7326078507578703, 0.021818543694110938, 0.700944170851281, 0.023409132291215037, 0.7326078507578702, 0.021818543694110938], ['MVGRL', 'heat', 64, 15, 2, 'normalize', 0.1, 0.2, 0.4, 0.001, 0.5, 0.2, 0.5, 0.0001, 512, 512, 0.9822238387333543, 0.9812840510552876, 0.9811974982806981, 0.9792565196829096, 0.9571428298950195, 0.7699999809265137, 0.752417802810669, 0.9214285612106323, 0.7680000066757202, 0.7611218690872192, 0.7912942090944421, 0.010512283441153038, 0.7713286004615015, 0.013140625620214227, 0.7912942090944423, 0.010512283441153005], ['MVGRL', 'heat', 128, 15, 2, 'normalize', 0.1, 0.2, 0.4, 0.001, 0.5, 0.2, 0.5, 0.0001, 512, 512, 0.99045732172305, 0.9894785765841124, 0.9765886889737838, 0.976676618260322, 0.9357143044471741, 0.7979999780654907, 0.7886847257614136, 0.9428571462631226, 0.7979999780654907, 0.7872340679168701, 0.8017100660707344, 0.011616451013740469, 0.7852202641965584, 0.013587279115274764, 0.8017100660707344, 0.011616451013740469]]
Epoch=000, loss=0.6978
Epoch=001, loss=0.6969
Epoch=002, loss=0.6773
Epoch=003, loss=0.6770
Epoch=004, loss=0.6641
Epoch=005, loss=0.6541
Epoch=006, loss=0.6495
Epoch=007, loss=0.6385
Epoch=008, loss=0.6242
Epoch=009, loss=0.6185
Epoch=010, loss=0.6030
Epoch=011, loss=0.5901
Epoch=012, loss=0.5774
Epoch=013, loss=0.5667
Epoch=014, loss=0.5542
Epoch=015, loss=0.5364
Epoch=016, loss=0.5267
Epoch=017, loss=0.5128
Epoch=018, loss=0.4992
Epoch=019, loss=0.4892
Epoch=020, loss=0.4777
Epoch=021, loss=0.4626
Epoch=022, loss=0.4604
Epoch=023, loss=0.4428
Epoch=024, loss=0.4386
Epoch=025, loss=0.4211
Epoch=026, loss=0.4092
Epoch=027, loss=0.4064
Epoch=028, loss=0.3972
Epoch=029, loss=0.3904
Epoch=030, loss=0.3723
Epoch=031, loss=0.3671
Epoch=032, loss=0.3614
Epoch=033, loss=0.3502
Epoch=034, loss=0.3426
Epoch=035, loss=0.3381
Epoch=036, loss=0.3286
Epoch=037, loss=0.3167
Epoch=038, loss=0.3166
Epoch=039, loss=0.3100
Epoch=040, loss=0.3023
Epoch=041, loss=0.2932
Epoch=042, loss=0.2908
Epoch=043, loss=0.2830
Epoch=044, loss=0.2792
Epoch=045, loss=0.2717
Epoch=046, loss=0.2664
Epoch=047, loss=0.2612
Epoch=048, loss=0.2586
Epoch=049, loss=0.2465
Epoch=050, loss=0.2416
Epoch=051, loss=0.2408
Epoch=052, loss=0.2340
Epoch=053, loss=0.2303
Epoch=054, loss=0.2230
Epoch=055, loss=0.2200
Epoch=056, loss=0.2180
Epoch=057, loss=0.2161
Epoch=058, loss=0.2129
Epoch=059, loss=0.2049
Epoch=060, loss=0.2026
Epoch=061, loss=0.1980
Epoch=062, loss=0.1956
Epoch=063, loss=0.1892
Epoch=064, loss=0.1880
Epoch=065, loss=0.1823
Epoch=066, loss=0.1785
Epoch=067, loss=0.1783
Epoch=068, loss=0.1733
Epoch=069, loss=0.1743
Epoch=070, loss=0.1706
Epoch=071, loss=0.1657
Epoch=072, loss=0.1637
Epoch=073, loss=0.1608
Epoch=074, loss=0.1575
Epoch=075, loss=0.1561
Epoch=076, loss=0.1526
Epoch=077, loss=0.1503
Epoch=078, loss=0.1443
Epoch=079, loss=0.1487
Epoch=080, loss=0.1444
Epoch=081, loss=0.1432
Epoch=082, loss=0.1372
Epoch=083, loss=0.1428
Epoch=084, loss=0.1405
Epoch=085, loss=0.1341
Epoch=086, loss=0.1338
Epoch=087, loss=0.1294
Epoch=088, loss=0.1250
Epoch=089, loss=0.1326
Epoch=090, loss=0.1278
Epoch=091, loss=0.1231
Epoch=092, loss=0.1248
Epoch=093, loss=0.1201
Epoch=094, loss=0.1187
Epoch=095, loss=0.1220
Epoch=096, loss=0.1238
Epoch=097, loss=0.1164
Epoch=098, loss=0.1211
Epoch=099, loss=0.1087
Epoch=100, loss=0.1157
Epoch=101, loss=0.1121
Epoch=102, loss=0.1113
Epoch=103, loss=0.1108
Epoch=104, loss=0.1048
Epoch=105, loss=0.1043
Epoch=106, loss=0.1087
Epoch=107, loss=0.1069
Epoch=108, loss=0.1084
Epoch=109, loss=0.1072
Epoch=110, loss=0.1009
Epoch=111, loss=0.0992
Epoch=112, loss=0.0984
Epoch=113, loss=0.0981
Epoch=114, loss=0.1028
Epoch=115, loss=0.1003
Epoch=116, loss=0.0948
Epoch=117, loss=0.0979
Epoch=118, loss=0.0962
Epoch=119, loss=0.0957
Epoch=120, loss=0.0890
Epoch=121, loss=0.0903
Epoch=122, loss=0.0925
Epoch=123, loss=0.0936
Epoch=124, loss=0.0922
Epoch=125, loss=0.0936
Epoch=126, loss=0.0942
Epoch=127, loss=0.0908
Epoch=128, loss=0.0913
Epoch=129, loss=0.0936
Epoch=130, loss=0.0851
Epoch=131, loss=0.0856
Epoch=132, loss=0.0929
Epoch=133, loss=0.0851
Epoch=134, loss=0.0843
Epoch=135, loss=0.0812
Epoch=136, loss=0.0852
Epoch=137, loss=0.0832
Epoch=138, loss=0.0869
Epoch=139, loss=0.0816
Epoch=140, loss=0.0799
Epoch=141, loss=0.0756
Epoch=142, loss=0.0771
Epoch=143, loss=0.0776
Epoch=144, loss=0.0825
Epoch=145, loss=0.0784
Epoch=146, loss=0.0825
Epoch=147, loss=0.0787
Epoch=148, loss=0.0789
Epoch=149, loss=0.0784
Epoch=150, loss=0.0775
Epoch=151, loss=0.0795
Epoch=152, loss=0.0738
Epoch=153, loss=0.0721
Epoch=154, loss=0.0723
Epoch=155, loss=0.0730
Epoch=156, loss=0.0717
Epoch=157, loss=0.0754
Epoch=158, loss=0.0687
Epoch=159, loss=0.0794
Epoch=160, loss=0.0712
Epoch=161, loss=0.0704
Epoch=162, loss=0.0747
Epoch=163, loss=0.0722
Epoch=164, loss=0.0724
Epoch=165, loss=0.0687
Epoch=166, loss=0.0662
Epoch=167, loss=0.0708
Epoch=168, loss=0.0655
Epoch=169, loss=0.0688
Epoch=170, loss=0.0628
Epoch=171, loss=0.0701
Epoch=172, loss=0.0641
Epoch=173, loss=0.0633
Epoch=174, loss=0.0683
Epoch=175, loss=0.0633
Epoch=176, loss=0.0647
Epoch=177, loss=0.0672
Epoch=178, loss=0.0663
Epoch=179, loss=0.0695
Epoch=180, loss=0.0574
Epoch=181, loss=0.0658
Epoch=182, loss=0.0666
Epoch=183, loss=0.0661
Epoch=184, loss=0.0631
Epoch=185, loss=0.0620
Epoch=186, loss=0.0642
Epoch=187, loss=0.0596
Epoch=188, loss=0.0637
Epoch=189, loss=0.0624
Epoch=190, loss=0.0596
Epoch=191, loss=0.0596
Epoch=192, loss=0.0627
Epoch=193, loss=0.0593
Epoch=194, loss=0.0603
Epoch=195, loss=0.0645
Epoch=196, loss=0.0617
Epoch=197, loss=0.0656
Epoch=198, loss=0.0601
Epoch=199, loss=0.0585
Epoch=200, loss=0.0570
Epoch=201, loss=0.0581
Epoch=202, loss=0.0581
Epoch=203, loss=0.0582
Epoch=204, loss=0.0550
Epoch=205, loss=0.0554
Epoch=206, loss=0.0574
Epoch=207, loss=0.0554
Epoch=208, loss=0.0570
Epoch=209, loss=0.0543
Epoch=210, loss=0.0547
Epoch=211, loss=0.0542
Epoch=212, loss=0.0546
Epoch=213, loss=0.0538
Epoch=214, loss=0.0525
Epoch=215, loss=0.0571
Epoch=216, loss=0.0493
Epoch=217, loss=0.0529
Epoch=218, loss=0.0546
Epoch=219, loss=0.0511
Epoch=220, loss=0.0545
Epoch=221, loss=0.0556
Epoch=222, loss=0.0510
Epoch=223, loss=0.0513
Epoch=224, loss=0.0509
Epoch=225, loss=0.0523
Epoch=226, loss=0.0519
Epoch=227, loss=0.0535
Epoch=228, loss=0.0517
Epoch=229, loss=0.0474
Epoch=230, loss=0.0516
Epoch=231, loss=0.0494
Epoch=232, loss=0.0499
Epoch=233, loss=0.0542
Epoch=234, loss=0.0494
Epoch=235, loss=0.0485
Epoch=236, loss=0.0498
Epoch=237, loss=0.0492
Epoch=238, loss=0.0503
Epoch=239, loss=0.0486
Epoch=240, loss=0.0525
Epoch=241, loss=0.0484
Epoch=242, loss=0.0454
Epoch=243, loss=0.0485
Epoch=244, loss=0.0509
Epoch=245, loss=0.0446
Epoch=246, loss=0.0495
Epoch=247, loss=0.0507
Epoch=248, loss=0.0503
Epoch=249, loss=0.0531
Epoch=250, loss=0.0443
Epoch=251, loss=0.0455
Epoch=252, loss=0.0474
Epoch=253, loss=0.0476
Epoch=254, loss=0.0492
Epoch=255, loss=0.0429
Epoch=256, loss=0.0491
Epoch=257, loss=0.0472
Epoch=258, loss=0.0458
Epoch=259, loss=0.0455
Epoch=260, loss=0.0485
Epoch=261, loss=0.0475
Epoch=262, loss=0.0440
Epoch=263, loss=0.0496
Epoch=264, loss=0.0501
Epoch=265, loss=0.0422
Epoch=266, loss=0.0511
Epoch=267, loss=0.0495
Epoch=268, loss=0.0429
Epoch=269, loss=0.0419
Epoch=270, loss=0.0454
Epoch=271, loss=0.0438
Epoch=272, loss=0.0454
Epoch=273, loss=0.0425
Epoch=274, loss=0.0429
Epoch=275, loss=0.0492
Epoch=276, loss=0.0459
Epoch=277, loss=0.0412
Epoch=278, loss=0.0476
Epoch=279, loss=0.0396
Epoch=280, loss=0.0402
Epoch=281, loss=0.0438
Epoch=282, loss=0.0436
Epoch=283, loss=0.0435
Epoch=284, loss=0.0444
Epoch=285, loss=0.0456
Epoch=286, loss=0.0471
Epoch=287, loss=0.0408
Epoch=288, loss=0.0418
Epoch=289, loss=0.0459
Epoch=290, loss=0.0400
Epoch=291, loss=0.0419
Epoch=292, loss=0.0450
Epoch=293, loss=0.0420
Epoch=294, loss=0.0395
Epoch=295, loss=0.0413
Epoch=296, loss=0.0385
Epoch=297, loss=0.0351
Epoch=298, loss=0.0388
Epoch=299, loss=0.0430
Epoch=300, loss=0.0450
Epoch=301, loss=0.0393
Epoch=302, loss=0.0394
Epoch=303, loss=0.0427
Epoch=304, loss=0.0417
Epoch=305, loss=0.0424
Epoch=306, loss=0.0376
Epoch=307, loss=0.0440
Epoch=308, loss=0.0428
Epoch=309, loss=0.0393
Epoch=310, loss=0.0418
Epoch=311, loss=0.0378
Epoch=312, loss=0.0359
Epoch=313, loss=0.0417
Epoch=314, loss=0.0406
Epoch=315, loss=0.0378
Epoch=316, loss=0.0404
Epoch=317, loss=0.0377
Early stopping!
Loading 297th epoch
Early stopping!
Start to test process.
done with the edge prediction
done with the node prediction
done with the second node prediction
(E) | label_classification: F1Mi=0.8124+-0.0088, F1Ma=0.8003+-0.0064, acc=0.8124+-0.0088
[['MVGRL', 'heat', 16, 15, 2, 'normalize', 0.1, 0.2, 0.4, 0.001, 0.5, 0.2, 0.5, 0.0001, 512, 512, 0.9295553641161537, 0.9241616309564331, 0.9371941712964795, 0.933541030657873, 0.7714285850524902, 0.7059999704360962, 0.6818181872367859, 0.7785714268684387, 0.7059999704360962, 0.7030947804450989, 0.6858142246404973, 0.00987694609461986, 0.6599438473369984, 0.006756510015025249, 0.6858142246404973, 0.00987694609461986], ['MVGRL', 'heat', 32, 15, 2, 'normalize', 0.1, 0.2, 0.4, 0.001, 0.5, 0.2, 0.5, 0.0001, 512, 512, 0.9656271447567845, 0.964564020291692, 0.9650990713969373, 0.9677736500886523, 0.8571428656578064, 0.722000002861023, 0.7190521955490112, 0.8500000238418579, 0.7300000190734863, 0.7325918674468994, 0.7326078507578703, 0.021818543694110938, 0.700944170851281, 0.023409132291215037, 0.7326078507578702, 0.021818543694110938], ['MVGRL', 'heat', 64, 15, 2, 'normalize', 0.1, 0.2, 0.4, 0.001, 0.5, 0.2, 0.5, 0.0001, 512, 512, 0.9822238387333543, 0.9812840510552876, 0.9811974982806981, 0.9792565196829096, 0.9571428298950195, 0.7699999809265137, 0.752417802810669, 0.9214285612106323, 0.7680000066757202, 0.7611218690872192, 0.7912942090944421, 0.010512283441153038, 0.7713286004615015, 0.013140625620214227, 0.7912942090944423, 0.010512283441153005], ['MVGRL', 'heat', 128, 15, 2, 'normalize', 0.1, 0.2, 0.4, 0.001, 0.5, 0.2, 0.5, 0.0001, 512, 512, 0.99045732172305, 0.9894785765841124, 0.9765886889737838, 0.976676618260322, 0.9357143044471741, 0.7979999780654907, 0.7886847257614136, 0.9428571462631226, 0.7979999780654907, 0.7872340679168701, 0.8017100660707344, 0.011616451013740469, 0.7852202641965584, 0.013587279115274764, 0.8017100660707344, 0.011616451013740469], ['MVGRL', 'heat', 256, 15, 2, 'normalize', 0.1, 0.2, 0.4, 0.001, 0.5, 0.2, 0.5, 0.0001, 512, 512, 0.9908312392166394, 0.9897133534004356, 0.9817555962827073, 0.9810913777818425, 0.9785714149475098, 0.7839999794960022, 0.7862669229507446, 0.8642857074737549, 0.8019999861717224, 0.7882011532783508, 0.8124368441507969, 0.008823670316497473, 0.8003230778569261, 0.006431654871884729, 0.8124368441507969, 0.00882367031649751]]
Epoch=000, loss=0.6970
Epoch=001, loss=0.8912
Epoch=002, loss=0.6687
Epoch=003, loss=0.7507
Epoch=004, loss=0.7324
Epoch=005, loss=0.6739
Epoch=006, loss=0.6681
Epoch=007, loss=0.6872
Epoch=008, loss=0.6704
Epoch=009, loss=0.6468
Epoch=010, loss=0.6364
Epoch=011, loss=0.6423
Epoch=012, loss=0.6358
Epoch=013, loss=0.6210
Epoch=014, loss=0.6020
Epoch=015, loss=0.5954
Epoch=016, loss=0.5986
Epoch=017, loss=0.5727
Epoch=018, loss=0.5574
Epoch=019, loss=0.5509
Epoch=020, loss=0.5448
Epoch=021, loss=0.5220
Epoch=022, loss=0.5125
Epoch=023, loss=0.5050
Epoch=024, loss=0.4884
Epoch=025, loss=0.4747
Epoch=026, loss=0.4654
Epoch=027, loss=0.4575
Epoch=028, loss=0.4377
Epoch=029, loss=0.4291
Epoch=030, loss=0.4142
Epoch=031, loss=0.4024
Epoch=032, loss=0.3930
Epoch=033, loss=0.3856
Epoch=034, loss=0.3759
Epoch=035, loss=0.3653
Epoch=036, loss=0.3539
Epoch=037, loss=0.3476
Epoch=038, loss=0.3414
Epoch=039, loss=0.3298
Epoch=040, loss=0.3264
Epoch=041, loss=0.3148
Epoch=042, loss=0.3102
Epoch=043, loss=0.2974
Epoch=044, loss=0.2863
Epoch=045, loss=0.2825
Epoch=046, loss=0.2745
Epoch=047, loss=0.2648
Epoch=048, loss=0.2617
Epoch=049, loss=0.2518
Epoch=050, loss=0.2433
Epoch=051, loss=0.2400
Epoch=052, loss=0.2338
Epoch=053, loss=0.2208
Epoch=054, loss=0.2218
Epoch=055, loss=0.2173
Epoch=056, loss=0.2040
Epoch=057, loss=0.2082
Epoch=058, loss=0.2001
Epoch=059, loss=0.1949
Epoch=060, loss=0.1873
Epoch=061, loss=0.1858
Epoch=062, loss=0.1824
Epoch=063, loss=0.1839
Epoch=064, loss=0.1754
Epoch=065, loss=0.1739
Epoch=066, loss=0.1673
Epoch=067, loss=0.1609
Epoch=068, loss=0.1637
Epoch=069, loss=0.1628
Epoch=070, loss=0.1512
Epoch=071, loss=0.1516
Epoch=072, loss=0.1455
Epoch=073, loss=0.1421
Epoch=074, loss=0.1424
Epoch=075, loss=0.1424
Epoch=076, loss=0.1388
Epoch=077, loss=0.1405
Epoch=078, loss=0.1333
Epoch=079, loss=0.1328
Epoch=080, loss=0.1271
Epoch=081, loss=0.1249
Epoch=082, loss=0.1255
Epoch=083, loss=0.1173
Epoch=084, loss=0.1182
Epoch=085, loss=0.1173
Epoch=086, loss=0.1125
Epoch=087, loss=0.1169
Epoch=088, loss=0.1186
Epoch=089, loss=0.1112
Epoch=090, loss=0.1122
Epoch=091, loss=0.1076
Epoch=092, loss=0.1082
Epoch=093, loss=0.1047
Epoch=094, loss=0.0990
Epoch=095, loss=0.1049
Epoch=096, loss=0.1061
Epoch=097, loss=0.1006
Epoch=098, loss=0.1039
Epoch=099, loss=0.0992
Epoch=100, loss=0.1031
Epoch=101, loss=0.0957
Epoch=102, loss=0.0945
Epoch=103, loss=0.0935
Epoch=104, loss=0.0978
Epoch=105, loss=0.0892
Epoch=106, loss=0.1025
Epoch=107, loss=0.0904
Epoch=108, loss=0.0931
Epoch=109, loss=0.0964
Epoch=110, loss=0.0898
Epoch=111, loss=0.0923
Epoch=112, loss=0.0901
Epoch=113, loss=0.0872
Epoch=114, loss=0.0943
Epoch=115, loss=0.0878
Epoch=116, loss=0.0876
Epoch=117, loss=0.0892
Epoch=118, loss=0.0865
Epoch=119, loss=0.0820
Epoch=120, loss=0.0797
Epoch=121, loss=0.0826
Epoch=122, loss=0.0771
Epoch=123, loss=0.0841
Epoch=124, loss=0.0782
Epoch=125, loss=0.0779
Epoch=126, loss=0.0778
Epoch=127, loss=0.0795
Epoch=128, loss=0.0787
Epoch=129, loss=0.0793
Epoch=130, loss=0.0773
Epoch=131, loss=0.0786
Epoch=132, loss=0.0780
Epoch=133, loss=0.0716
Epoch=134, loss=0.0711
Epoch=135, loss=0.0742
Epoch=136, loss=0.0751
Epoch=137, loss=0.0754
Epoch=138, loss=0.0701
Epoch=139, loss=0.0691
Epoch=140, loss=0.0725
Epoch=141, loss=0.0747
Epoch=142, loss=0.0704
Epoch=143, loss=0.0745
Epoch=144, loss=0.0708
Epoch=145, loss=0.0718
Epoch=146, loss=0.0681
Epoch=147, loss=0.0695
Epoch=148, loss=0.0656
Epoch=149, loss=0.0699
Epoch=150, loss=0.0659
Epoch=151, loss=0.0724
Epoch=152, loss=0.0660
Epoch=153, loss=0.0688
Epoch=154, loss=0.0665
Epoch=155, loss=0.0653
Epoch=156, loss=0.0608
Epoch=157, loss=0.0681
Epoch=158, loss=0.0675
Epoch=159, loss=0.0649
Epoch=160, loss=0.0647
Epoch=161, loss=0.0595
Epoch=162, loss=0.0615
Epoch=163, loss=0.0588
Epoch=164, loss=0.0646
Epoch=165, loss=0.0602
Epoch=166, loss=0.0602
Epoch=167, loss=0.0646
Epoch=168, loss=0.0624
Epoch=169, loss=0.0603
Epoch=170, loss=0.0633
Epoch=171, loss=0.0581
Epoch=172, loss=0.0563
Epoch=173, loss=0.0625
Epoch=174, loss=0.0612
Epoch=175, loss=0.0561
Epoch=176, loss=0.0599
Epoch=177, loss=0.0543
Epoch=178, loss=0.0562
Epoch=179, loss=0.0603
Epoch=180, loss=0.0575
Epoch=181, loss=0.0543
Epoch=182, loss=0.0632
Epoch=183, loss=0.0539
Epoch=184, loss=0.0558
Epoch=185, loss=0.0556
Epoch=186, loss=0.0588
Epoch=187, loss=0.0538
Epoch=188, loss=0.0564
Epoch=189, loss=0.0553
Epoch=190, loss=0.0558
Epoch=191, loss=0.0582
Epoch=192, loss=0.0562
Epoch=193, loss=0.0488
Epoch=194, loss=0.0558
Epoch=195, loss=0.0578
Epoch=196, loss=0.0497
Epoch=197, loss=0.0516
Epoch=198, loss=0.0511
Epoch=199, loss=0.0554
Epoch=200, loss=0.0530
Epoch=201, loss=0.0481
Epoch=202, loss=0.0477
Epoch=203, loss=0.0569
Epoch=204, loss=0.0489
Epoch=205, loss=0.0534
Epoch=206, loss=0.0513
Epoch=207, loss=0.0512
Epoch=208, loss=0.0488
Epoch=209, loss=0.0487
Epoch=210, loss=0.0494
Epoch=211, loss=0.0487
Epoch=212, loss=0.0482
Epoch=213, loss=0.0495
Epoch=214, loss=0.0529
Epoch=215, loss=0.0468
Epoch=216, loss=0.0513
Epoch=217, loss=0.0502
Epoch=218, loss=0.0531
Epoch=219, loss=0.0512
Epoch=220, loss=0.0500
Epoch=221, loss=0.0466
Epoch=222, loss=0.0436
Epoch=223, loss=0.0480
Epoch=224, loss=0.0479
Epoch=225, loss=0.0444
Epoch=226, loss=0.0489
Epoch=227, loss=0.0478
Epoch=228, loss=0.0452
Epoch=229, loss=0.0481
Epoch=230, loss=0.0456
Epoch=231, loss=0.0438
Epoch=232, loss=0.0466
Epoch=233, loss=0.0437
Epoch=234, loss=0.0456
Epoch=235, loss=0.0426
Epoch=236, loss=0.0434
Epoch=237, loss=0.0470
Epoch=238, loss=0.0469
Epoch=239, loss=0.0417
Epoch=240, loss=0.0439
Epoch=241, loss=0.0421
Epoch=242, loss=0.0450
Epoch=243, loss=0.0436
Epoch=244, loss=0.0442
Epoch=245, loss=0.0429
Epoch=246, loss=0.0436
Epoch=247, loss=0.0408
Epoch=248, loss=0.0418
Epoch=249, loss=0.0378
Epoch=250, loss=0.0409
Epoch=251, loss=0.0408
Epoch=252, loss=0.0438
Epoch=253, loss=0.0433
Epoch=254, loss=0.0434
Epoch=255, loss=0.0448
Epoch=256, loss=0.0423
Epoch=257, loss=0.0368
Epoch=258, loss=0.0394
Epoch=259, loss=0.0400
Epoch=260, loss=0.0419
Epoch=261, loss=0.0384
Epoch=262, loss=0.0407
Epoch=263, loss=0.0381
Epoch=264, loss=0.0404
Epoch=265, loss=0.0392
Epoch=266, loss=0.0364
Epoch=267, loss=0.0404
Epoch=268, loss=0.0387
Epoch=269, loss=0.0368
Epoch=270, loss=0.0414
Epoch=271, loss=0.0388
Epoch=272, loss=0.0397
Epoch=273, loss=0.0405
Epoch=274, loss=0.0429
Epoch=275, loss=0.0366
Epoch=276, loss=0.0430
Epoch=277, loss=0.0335
Epoch=278, loss=0.0399
Epoch=279, loss=0.0442
Epoch=280, loss=0.0404
Epoch=281, loss=0.0332
Epoch=282, loss=0.0381
Epoch=283, loss=0.0396
Epoch=284, loss=0.0394
Epoch=285, loss=0.0366
Epoch=286, loss=0.0415
Epoch=287, loss=0.0386
Epoch=288, loss=0.0390
Epoch=289, loss=0.0406
Epoch=290, loss=0.0374
Epoch=291, loss=0.0387
Epoch=292, loss=0.0416
Epoch=293, loss=0.0349
Epoch=294, loss=0.0364
Epoch=295, loss=0.0357
Epoch=296, loss=0.0403
Epoch=297, loss=0.0434
Epoch=298, loss=0.0387
Epoch=299, loss=0.0354
Epoch=300, loss=0.0369
Epoch=301, loss=0.0350
Early stopping!
Loading 281th epoch
Early stopping!
Start to test process.
done with the edge prediction
done with the node prediction
done with the second node prediction
(E) | label_classification: F1Mi=0.8049+-0.0186, F1Ma=0.7916+-0.0223, acc=0.8049+-0.0186
[['MVGRL', 'heat', 16, 15, 2, 'normalize', 0.1, 0.2, 0.4, 0.001, 0.5, 0.2, 0.5, 0.0001, 512, 512, 0.9295553641161537, 0.9241616309564331, 0.9371941712964795, 0.933541030657873, 0.7714285850524902, 0.7059999704360962, 0.6818181872367859, 0.7785714268684387, 0.7059999704360962, 0.7030947804450989, 0.6858142246404973, 0.00987694609461986, 0.6599438473369984, 0.006756510015025249, 0.6858142246404973, 0.00987694609461986], ['MVGRL', 'heat', 32, 15, 2, 'normalize', 0.1, 0.2, 0.4, 0.001, 0.5, 0.2, 0.5, 0.0001, 512, 512, 0.9656271447567845, 0.964564020291692, 0.9650990713969373, 0.9677736500886523, 0.8571428656578064, 0.722000002861023, 0.7190521955490112, 0.8500000238418579, 0.7300000190734863, 0.7325918674468994, 0.7326078507578703, 0.021818543694110938, 0.700944170851281, 0.023409132291215037, 0.7326078507578702, 0.021818543694110938], ['MVGRL', 'heat', 64, 15, 2, 'normalize', 0.1, 0.2, 0.4, 0.001, 0.5, 0.2, 0.5, 0.0001, 512, 512, 0.9822238387333543, 0.9812840510552876, 0.9811974982806981, 0.9792565196829096, 0.9571428298950195, 0.7699999809265137, 0.752417802810669, 0.9214285612106323, 0.7680000066757202, 0.7611218690872192, 0.7912942090944421, 0.010512283441153038, 0.7713286004615015, 0.013140625620214227, 0.7912942090944423, 0.010512283441153005], ['MVGRL', 'heat', 128, 15, 2, 'normalize', 0.1, 0.2, 0.4, 0.001, 0.5, 0.2, 0.5, 0.0001, 512, 512, 0.99045732172305, 0.9894785765841124, 0.9765886889737838, 0.976676618260322, 0.9357143044471741, 0.7979999780654907, 0.7886847257614136, 0.9428571462631226, 0.7979999780654907, 0.7872340679168701, 0.8017100660707344, 0.011616451013740469, 0.7852202641965584, 0.013587279115274764, 0.8017100660707344, 0.011616451013740469], ['MVGRL', 'heat', 256, 15, 2, 'normalize', 0.1, 0.2, 0.4, 0.001, 0.5, 0.2, 0.5, 0.0001, 512, 512, 0.9908312392166394, 0.9897133534004356, 0.9817555962827073, 0.9810913777818425, 0.9785714149475098, 0.7839999794960022, 0.7862669229507446, 0.8642857074737549, 0.8019999861717224, 0.7882011532783508, 0.8124368441507969, 0.008823670316497473, 0.8003230778569261, 0.006431654871884729, 0.8124368441507969, 0.00882367031649751], ['MVGRL', 'heat', 512, 15, 2, 'normalize', 0.1, 0.2, 0.4, 0.001, 0.5, 0.2, 0.5, 0.0001, 512, 512, 0.9936713787767578, 0.99298690934964, 0.9792495562220724, 0.9792594236555572, 0.9285714030265808, 0.7900000214576721, 0.7852997779846191, 0.9285714030265808, 0.7900000214576721, 0.7819148898124695, 0.8048970073843762, 0.018593627929130444, 0.7915904450203209, 0.022267262447487505, 0.8048970073843762, 0.018593627929130444]]
