My SLURM_ARRAY_TASK_ID:  5
My SLURM_ARRAY_JOB_ID:  4522329
MVGRL
Cora
result file is 4522329_5
Dataset: Cora():
======================
Number of graphs: 1
Number of features: 1433
Number of classes: 7
Data(x=[2708, 1433], edge_index=[2, 10556], y=[2708], train_mask=[2708], val_mask=[2708], test_mask=[2708])
==============================================================
Number of nodes: 2708
Number of edges: 10556
Average node degree: 3.90
Number of training nodes: 140
Training node label rate: 0.05
Contains isolated nodes: False
Contains self-loops: False
Is undirected: True
Epoch=000, loss=0.6998
Epoch=001, loss=0.6988
Epoch=002, loss=0.6981
Epoch=003, loss=0.6974
Epoch=004, loss=0.6967
Epoch=005, loss=0.6958
Epoch=006, loss=0.6957
Epoch=007, loss=0.6950
Epoch=008, loss=0.6948
Epoch=009, loss=0.6945
Epoch=010, loss=0.6938
Epoch=011, loss=0.6934
Epoch=012, loss=0.6932
Epoch=013, loss=0.6927
Epoch=014, loss=0.6922
Epoch=015, loss=0.6914
Epoch=016, loss=0.6911
Epoch=017, loss=0.6903
Epoch=018, loss=0.6900
Epoch=019, loss=0.6896
Epoch=020, loss=0.6890
Epoch=021, loss=0.6883
Epoch=022, loss=0.6876
Epoch=023, loss=0.6868
Epoch=024, loss=0.6865
Epoch=025, loss=0.6859
Epoch=026, loss=0.6853
Epoch=027, loss=0.6846
Epoch=028, loss=0.6840
Epoch=029, loss=0.6829
Epoch=030, loss=0.6825
Epoch=031, loss=0.6818
Epoch=032, loss=0.6813
Epoch=033, loss=0.6810
Epoch=034, loss=0.6794
Epoch=035, loss=0.6794
Epoch=036, loss=0.6780
Epoch=037, loss=0.6781
Epoch=038, loss=0.6778
Epoch=039, loss=0.6774
Epoch=040, loss=0.6763
Epoch=041, loss=0.6760
Epoch=042, loss=0.6743
Epoch=043, loss=0.6736
Epoch=044, loss=0.6725
Epoch=045, loss=0.6718
Epoch=046, loss=0.6711
Epoch=047, loss=0.6691
Epoch=048, loss=0.6691
Epoch=049, loss=0.6683
Epoch=050, loss=0.6670
Epoch=051, loss=0.6676
Epoch=052, loss=0.6646
Epoch=053, loss=0.6648
Epoch=054, loss=0.6636
Epoch=055, loss=0.6612
Epoch=056, loss=0.6597
Epoch=057, loss=0.6620
Epoch=058, loss=0.6600
Epoch=059, loss=0.6594
Epoch=060, loss=0.6581
Epoch=061, loss=0.6552
Epoch=062, loss=0.6561
Epoch=063, loss=0.6544
Epoch=064, loss=0.6539
Epoch=065, loss=0.6504
Epoch=066, loss=0.6527
Epoch=067, loss=0.6488
Epoch=068, loss=0.6472
Epoch=069, loss=0.6456
Epoch=070, loss=0.6482
Epoch=071, loss=0.6462
Epoch=072, loss=0.6420
Epoch=073, loss=0.6447
Epoch=074, loss=0.6400
Epoch=075, loss=0.6406
Epoch=076, loss=0.6361
Epoch=077, loss=0.6346
Epoch=078, loss=0.6340
Epoch=079, loss=0.6344
Epoch=080, loss=0.6339
Epoch=081, loss=0.6306
Epoch=082, loss=0.6308
Epoch=083, loss=0.6275
Epoch=084, loss=0.6270
Epoch=085, loss=0.6246
Epoch=086, loss=0.6225
Epoch=087, loss=0.6258
Epoch=088, loss=0.6193
Epoch=089, loss=0.6206
Epoch=090, loss=0.6190
Epoch=091, loss=0.6212
Epoch=092, loss=0.6160
Epoch=093, loss=0.6133
Epoch=094, loss=0.6133
Epoch=095, loss=0.6071
Epoch=096, loss=0.6068
Epoch=097, loss=0.6061
Epoch=098, loss=0.6048
Epoch=099, loss=0.6083
Epoch=100, loss=0.6088
Epoch=101, loss=0.6011
Epoch=102, loss=0.6007
Epoch=103, loss=0.6038
Epoch=104, loss=0.6026
Epoch=105, loss=0.5990
Epoch=106, loss=0.5956
Epoch=107, loss=0.5958
Epoch=108, loss=0.5882
Epoch=109, loss=0.5949
Epoch=110, loss=0.5907
Epoch=111, loss=0.5917
Epoch=112, loss=0.5898
Epoch=113, loss=0.5898
Epoch=114, loss=0.5872
Epoch=115, loss=0.5885
Epoch=116, loss=0.5820
Epoch=117, loss=0.5802
Epoch=118, loss=0.5800
Epoch=119, loss=0.5809
Epoch=120, loss=0.5774
Epoch=121, loss=0.5786
Epoch=122, loss=0.5719
Epoch=123, loss=0.5720
Epoch=124, loss=0.5774
Epoch=125, loss=0.5667
Epoch=126, loss=0.5737
Epoch=127, loss=0.5712
Epoch=128, loss=0.5732
Epoch=129, loss=0.5677
Epoch=130, loss=0.5672
Epoch=131, loss=0.5678
Epoch=132, loss=0.5606
Epoch=133, loss=0.5598
Epoch=134, loss=0.5547
Epoch=135, loss=0.5661
Epoch=136, loss=0.5595
Epoch=137, loss=0.5591
Epoch=138, loss=0.5547
Epoch=139, loss=0.5518
Epoch=140, loss=0.5614
Epoch=141, loss=0.5565
Epoch=142, loss=0.5526
Epoch=143, loss=0.5529
Epoch=144, loss=0.5474
Epoch=145, loss=0.5459
Epoch=146, loss=0.5445
Epoch=147, loss=0.5482
Epoch=148, loss=0.5429
Epoch=149, loss=0.5413
Epoch=150, loss=0.5445
Epoch=151, loss=0.5451
Epoch=152, loss=0.5414
Epoch=153, loss=0.5411
Epoch=154, loss=0.5385
Epoch=155, loss=0.5389
Epoch=156, loss=0.5349
Epoch=157, loss=0.5349
Epoch=158, loss=0.5333
Epoch=159, loss=0.5312
Epoch=160, loss=0.5334
Epoch=161, loss=0.5340
Epoch=162, loss=0.5248
Epoch=163, loss=0.5242
Epoch=164, loss=0.5251
Epoch=165, loss=0.5225
Epoch=166, loss=0.5229
Epoch=167, loss=0.5269
Epoch=168, loss=0.5224
Epoch=169, loss=0.5198
Epoch=170, loss=0.5178
Epoch=171, loss=0.5165
Epoch=172, loss=0.5116
Epoch=173, loss=0.5164
Epoch=174, loss=0.5186
Epoch=175, loss=0.5083
Epoch=176, loss=0.5127
Epoch=177, loss=0.5135
Epoch=178, loss=0.5078
Epoch=179, loss=0.5092
Epoch=180, loss=0.5107
Epoch=181, loss=0.5104
Epoch=182, loss=0.5123
Epoch=183, loss=0.5074
Epoch=184, loss=0.5112
Epoch=185, loss=0.5022
Epoch=186, loss=0.5043
Epoch=187, loss=0.5060
Epoch=188, loss=0.5046
Epoch=189, loss=0.5055
Epoch=190, loss=0.4947
Epoch=191, loss=0.5002
Epoch=192, loss=0.4933
Epoch=193, loss=0.5020
Epoch=194, loss=0.4966
Epoch=195, loss=0.4926
Epoch=196, loss=0.4878
Epoch=197, loss=0.4931
Epoch=198, loss=0.4947
Epoch=199, loss=0.4897
Epoch=200, loss=0.4891
Epoch=201, loss=0.4896
Epoch=202, loss=0.4899
Epoch=203, loss=0.4859
Epoch=204, loss=0.4865
Epoch=205, loss=0.4845
Epoch=206, loss=0.4851
Epoch=207, loss=0.4841
Epoch=208, loss=0.4887
Epoch=209, loss=0.4844
Epoch=210, loss=0.4826
Epoch=211, loss=0.4791
Epoch=212, loss=0.4774
Epoch=213, loss=0.4781
Epoch=214, loss=0.4795
Epoch=215, loss=0.4767
Epoch=216, loss=0.4739
Epoch=217, loss=0.4774
Epoch=218, loss=0.4733
Epoch=219, loss=0.4726
Epoch=220, loss=0.4723
Epoch=221, loss=0.4735
Epoch=222, loss=0.4717
Epoch=223, loss=0.4679
Epoch=224, loss=0.4784
Epoch=225, loss=0.4691
Epoch=226, loss=0.4703
Epoch=227, loss=0.4679
Epoch=228, loss=0.4650
Epoch=229, loss=0.4613
Epoch=230, loss=0.4681
Epoch=231, loss=0.4635
Epoch=232, loss=0.4691
Epoch=233, loss=0.4648
Epoch=234, loss=0.4673
Epoch=235, loss=0.4639
Epoch=236, loss=0.4584
Epoch=237, loss=0.4582
Epoch=238, loss=0.4562
Epoch=239, loss=0.4547
Epoch=240, loss=0.4559
Epoch=241, loss=0.4589
Epoch=242, loss=0.4567
Epoch=243, loss=0.4582
Epoch=244, loss=0.4551
Epoch=245, loss=0.4545
Epoch=246, loss=0.4565
Epoch=247, loss=0.4530
Epoch=248, loss=0.4559
Epoch=249, loss=0.4491
Epoch=250, loss=0.4481
Epoch=251, loss=0.4538
Epoch=252, loss=0.4495
Epoch=253, loss=0.4477
Epoch=254, loss=0.4461
Epoch=255, loss=0.4452
Epoch=256, loss=0.4439
Epoch=257, loss=0.4483
Epoch=258, loss=0.4428
Epoch=259, loss=0.4394
Epoch=260, loss=0.4453
Epoch=261, loss=0.4426
Epoch=262, loss=0.4424
Epoch=263, loss=0.4434
Epoch=264, loss=0.4420
Epoch=265, loss=0.4423
Epoch=266, loss=0.4369
Epoch=267, loss=0.4410
Epoch=268, loss=0.4389
Epoch=269, loss=0.4395
Epoch=270, loss=0.4363
Epoch=271, loss=0.4377
Epoch=272, loss=0.4354
Epoch=273, loss=0.4344
Epoch=274, loss=0.4349
Epoch=275, loss=0.4372
Epoch=276, loss=0.4343
Epoch=277, loss=0.4336
Epoch=278, loss=0.4389
Epoch=279, loss=0.4385
Epoch=280, loss=0.4357
Epoch=281, loss=0.4294
Epoch=282, loss=0.4357
Epoch=283, loss=0.4303
Epoch=284, loss=0.4321
Epoch=285, loss=0.4296
Epoch=286, loss=0.4297
Epoch=287, loss=0.4265
Epoch=288, loss=0.4283
Epoch=289, loss=0.4285
Epoch=290, loss=0.4273
Epoch=291, loss=0.4236
Epoch=292, loss=0.4379
Epoch=293, loss=0.4246
Epoch=294, loss=0.4249
Epoch=295, loss=0.4251
Epoch=296, loss=0.4242
Epoch=297, loss=0.4247
Epoch=298, loss=0.4188
Epoch=299, loss=0.4270
Epoch=300, loss=0.4229
Epoch=301, loss=0.4186
Epoch=302, loss=0.4212
Epoch=303, loss=0.4177
Epoch=304, loss=0.4199
Epoch=305, loss=0.4209
Epoch=306, loss=0.4218
Epoch=307, loss=0.4200
Epoch=308, loss=0.4195
Epoch=309, loss=0.4151
Epoch=310, loss=0.4139
Epoch=311, loss=0.4173
Epoch=312, loss=0.4179
Epoch=313, loss=0.4139
Epoch=314, loss=0.4156
Epoch=315, loss=0.4182
Epoch=316, loss=0.4146
Epoch=317, loss=0.4137
Epoch=318, loss=0.4139
Epoch=319, loss=0.4084
Epoch=320, loss=0.4196
Epoch=321, loss=0.4133
Epoch=322, loss=0.4179
Epoch=323, loss=0.4106
Epoch=324, loss=0.4093
Epoch=325, loss=0.4079
Epoch=326, loss=0.4074
Epoch=327, loss=0.4144
Epoch=328, loss=0.4124
Epoch=329, loss=0.4085
Epoch=330, loss=0.4069
Epoch=331, loss=0.4084
Epoch=332, loss=0.4075
Epoch=333, loss=0.4094
Epoch=334, loss=0.4054
Epoch=335, loss=0.4091
Epoch=336, loss=0.4067
Epoch=337, loss=0.4064
Epoch=338, loss=0.4048
Epoch=339, loss=0.4072
Epoch=340, loss=0.4023
Epoch=341, loss=0.4038
Epoch=342, loss=0.4046
Epoch=343, loss=0.4020
Epoch=344, loss=0.4054
Epoch=345, loss=0.4041
Epoch=346, loss=0.4033
Epoch=347, loss=0.4024
Epoch=348, loss=0.4007
Epoch=349, loss=0.4059
Epoch=350, loss=0.3995
Epoch=351, loss=0.4044
Epoch=352, loss=0.4001
Epoch=353, loss=0.3997
Epoch=354, loss=0.4004
Epoch=355, loss=0.3968
Epoch=356, loss=0.3964
Epoch=357, loss=0.4067
Epoch=358, loss=0.4004
Epoch=359, loss=0.3989
Epoch=360, loss=0.3991
Epoch=361, loss=0.3980
Epoch=362, loss=0.3960
Epoch=363, loss=0.3991
Epoch=364, loss=0.3951
Epoch=365, loss=0.3974
Epoch=366, loss=0.3957
Epoch=367, loss=0.3925
Epoch=368, loss=0.3956
Epoch=369, loss=0.3968
Epoch=370, loss=0.3925
Epoch=371, loss=0.3973
Epoch=372, loss=0.3940
Epoch=373, loss=0.3982
Epoch=374, loss=0.3951
Epoch=375, loss=0.3929
Epoch=376, loss=0.4073
Epoch=377, loss=0.3948
Epoch=378, loss=0.3933
Epoch=379, loss=0.3913
Epoch=380, loss=0.3908
Epoch=381, loss=0.3877
Epoch=382, loss=0.3908
Epoch=383, loss=0.3935
Epoch=384, loss=0.3907
Epoch=385, loss=0.3917
Epoch=386, loss=0.3959
Epoch=387, loss=0.3901
Epoch=388, loss=0.3937
Epoch=389, loss=0.3885
Epoch=390, loss=0.3881
Epoch=391, loss=0.3925
Epoch=392, loss=0.3858
Epoch=393, loss=0.3876
Epoch=394, loss=0.3861
Epoch=395, loss=0.3918
Epoch=396, loss=0.3930
Epoch=397, loss=0.3897
Epoch=398, loss=0.3861
Epoch=399, loss=0.3841
Epoch=400, loss=0.3824
Epoch=401, loss=0.3863
Epoch=402, loss=0.3869
Epoch=403, loss=0.3839
Epoch=404, loss=0.3874
Epoch=405, loss=0.3874
Epoch=406, loss=0.3849
Epoch=407, loss=0.3872
Epoch=408, loss=0.3848
Epoch=409, loss=0.3826
Epoch=410, loss=0.3861
Epoch=411, loss=0.3836
Epoch=412, loss=0.3898
Epoch=413, loss=0.3848
Epoch=414, loss=0.3850
Epoch=415, loss=0.3836
Epoch=416, loss=0.3804
Epoch=417, loss=0.3814
Epoch=418, loss=0.3812
Epoch=419, loss=0.3824
Epoch=420, loss=0.3782
Epoch=421, loss=0.3804
Epoch=422, loss=0.3792
Epoch=423, loss=0.3791
Epoch=424, loss=0.3833
Epoch=425, loss=0.3830
Epoch=426, loss=0.3791
Epoch=427, loss=0.3760
Epoch=428, loss=0.3853
Epoch=429, loss=0.3813
Epoch=430, loss=0.3790
Epoch=431, loss=0.3800
Epoch=432, loss=0.3796
Epoch=433, loss=0.3761
Epoch=434, loss=0.3765
Epoch=435, loss=0.3784
Epoch=436, loss=0.3751
Epoch=437, loss=0.3775
Epoch=438, loss=0.3775
Epoch=439, loss=0.3745
Epoch=440, loss=0.3754
Epoch=441, loss=0.3770
Epoch=442, loss=0.3748
Epoch=443, loss=0.3774
Epoch=444, loss=0.3756
Epoch=445, loss=0.3763
Epoch=446, loss=0.3754
Epoch=447, loss=0.3734
Epoch=448, loss=0.3712
Epoch=449, loss=0.3787
Epoch=450, loss=0.3735
Epoch=451, loss=0.3723
Epoch=452, loss=0.3750
Epoch=453, loss=0.3742
Epoch=454, loss=0.3718
Epoch=455, loss=0.3721
Epoch=456, loss=0.3729
Epoch=457, loss=0.3738
Epoch=458, loss=0.3759
Epoch=459, loss=0.3726
Epoch=460, loss=0.3718
Epoch=461, loss=0.3731
Epoch=462, loss=0.3701
Epoch=463, loss=0.3747
Epoch=464, loss=0.3707
Epoch=465, loss=0.3759
Epoch=466, loss=0.3720
Epoch=467, loss=0.3702
Epoch=468, loss=0.3700
Epoch=469, loss=0.3697
Epoch=470, loss=0.3695
Epoch=471, loss=0.3692
Epoch=472, loss=0.3712
Epoch=473, loss=0.3706
Epoch=474, loss=0.3671
Epoch=475, loss=0.3688
Epoch=476, loss=0.3685
Epoch=477, loss=0.3698
Epoch=478, loss=0.3684
Epoch=479, loss=0.3705
Epoch=480, loss=0.3692
Epoch=481, loss=0.3668
Epoch=482, loss=0.3685
Epoch=483, loss=0.3663
Epoch=484, loss=0.3657
Epoch=485, loss=0.3676
Epoch=486, loss=0.3688
Epoch=487, loss=0.3695
Epoch=488, loss=0.3672
Epoch=489, loss=0.3658
Epoch=490, loss=0.3667
Epoch=491, loss=0.3687
Epoch=492, loss=0.3645
Epoch=493, loss=0.3646
Epoch=494, loss=0.3687
Epoch=495, loss=0.3663
Epoch=496, loss=0.3637
Epoch=497, loss=0.3663
Epoch=498, loss=0.3671
Epoch=499, loss=0.3635
Loading 499th epoch
Early stopping!
Start to test process.
done with the edge prediction
done with the node prediction
done with the second node prediction
(E) | label_classification: F1Mi=0.6213+-0.0098, F1Ma=0.5597+-0.0153, acc=0.6213+-0.0098
[['MVGRL', 'heat', 16, 15, 2, 'normalize', 0.1, 0.2, 0.4, 0.001, 0.5, 0.2, 0.5, 0.0001, 512, 512, 0.9203680601230931, 0.9182890134862178, 0.9270763946148943, 0.9163763791141593, 0.6428571343421936, 0.5820000171661377, 0.5715667605400085, 0.7428571581840515, 0.5759999752044678, 0.5923597812652588, 0.6212980956082395, 0.009849379906075154, 0.5596805878489989, 0.015309647839258738, 0.6212980956082395, 0.009849379906075154]]
Epoch=000, loss=0.6926
Epoch=001, loss=0.6917
Epoch=002, loss=0.6910
Epoch=003, loss=0.6901
Epoch=004, loss=0.6893
Epoch=005, loss=0.6884
Epoch=006, loss=0.6877
Epoch=007, loss=0.6870
Epoch=008, loss=0.6857
Epoch=009, loss=0.6852
Epoch=010, loss=0.6836
Epoch=011, loss=0.6827
Epoch=012, loss=0.6807
Epoch=013, loss=0.6796
Epoch=014, loss=0.6778
Epoch=015, loss=0.6759
Epoch=016, loss=0.6756
Epoch=017, loss=0.6736
Epoch=018, loss=0.6718
Epoch=019, loss=0.6687
Epoch=020, loss=0.6664
Epoch=021, loss=0.6657
Epoch=022, loss=0.6629
Epoch=023, loss=0.6601
Epoch=024, loss=0.6586
Epoch=025, loss=0.6572
Epoch=026, loss=0.6543
Epoch=027, loss=0.6514
Epoch=028, loss=0.6492
Epoch=029, loss=0.6467
Epoch=030, loss=0.6451
Epoch=031, loss=0.6396
Epoch=032, loss=0.6391
Epoch=033, loss=0.6363
Epoch=034, loss=0.6320
Epoch=035, loss=0.6279
Epoch=036, loss=0.6252
Epoch=037, loss=0.6236
Epoch=038, loss=0.6195
Epoch=039, loss=0.6179
Epoch=040, loss=0.6138
Epoch=041, loss=0.6096
Epoch=042, loss=0.6063
Epoch=043, loss=0.6065
Epoch=044, loss=0.6014
Epoch=045, loss=0.6011
Epoch=046, loss=0.5976
Epoch=047, loss=0.5941
Epoch=048, loss=0.5901
Epoch=049, loss=0.5898
Epoch=050, loss=0.5859
Epoch=051, loss=0.5800
Epoch=052, loss=0.5803
Epoch=053, loss=0.5754
Epoch=054, loss=0.5715
Epoch=055, loss=0.5695
Epoch=056, loss=0.5662
Epoch=057, loss=0.5635
Epoch=058, loss=0.5576
Epoch=059, loss=0.5576
Epoch=060, loss=0.5549
Epoch=061, loss=0.5547
Epoch=062, loss=0.5452
Epoch=063, loss=0.5423
Epoch=064, loss=0.5433
Epoch=065, loss=0.5374
Epoch=066, loss=0.5349
Epoch=067, loss=0.5366
Epoch=068, loss=0.5320
Epoch=069, loss=0.5296
Epoch=070, loss=0.5281
Epoch=071, loss=0.5192
Epoch=072, loss=0.5198
Epoch=073, loss=0.5187
Epoch=074, loss=0.5157
Epoch=075, loss=0.5124
Epoch=076, loss=0.5104
Epoch=077, loss=0.5082
Epoch=078, loss=0.5026
Epoch=079, loss=0.5027
Epoch=080, loss=0.5012
Epoch=081, loss=0.4942
Epoch=082, loss=0.5004
Epoch=083, loss=0.4907
Epoch=084, loss=0.4883
Epoch=085, loss=0.4869
Epoch=086, loss=0.4838
Epoch=087, loss=0.4751
Epoch=088, loss=0.4809
Epoch=089, loss=0.4791
Epoch=090, loss=0.4761
Epoch=091, loss=0.4713
Epoch=092, loss=0.4649
Epoch=093, loss=0.4653
Epoch=094, loss=0.4659
Epoch=095, loss=0.4640
Epoch=096, loss=0.4605
Epoch=097, loss=0.4561
Epoch=098, loss=0.4568
Epoch=099, loss=0.4536
Epoch=100, loss=0.4533
Epoch=101, loss=0.4544
Epoch=102, loss=0.4433
Epoch=103, loss=0.4469
Epoch=104, loss=0.4376
Epoch=105, loss=0.4380
Epoch=106, loss=0.4379
Epoch=107, loss=0.4365
Epoch=108, loss=0.4317
Epoch=109, loss=0.4286
Epoch=110, loss=0.4270
Epoch=111, loss=0.4257
Epoch=112, loss=0.4257
Epoch=113, loss=0.4209
Epoch=114, loss=0.4240
Epoch=115, loss=0.4229
Epoch=116, loss=0.4156
Epoch=117, loss=0.4115
Epoch=118, loss=0.4081
Epoch=119, loss=0.4127
Epoch=120, loss=0.4167
Epoch=121, loss=0.4061
Epoch=122, loss=0.4065
Epoch=123, loss=0.4101
Epoch=124, loss=0.4058
Epoch=125, loss=0.4016
Epoch=126, loss=0.3985
Epoch=127, loss=0.3982
Epoch=128, loss=0.3960
Epoch=129, loss=0.3908
Epoch=130, loss=0.3899
Epoch=131, loss=0.3917
Epoch=132, loss=0.3886
Epoch=133, loss=0.3840
Epoch=134, loss=0.3858
Epoch=135, loss=0.3858
Epoch=136, loss=0.3796
Epoch=137, loss=0.3795
Epoch=138, loss=0.3774
Epoch=139, loss=0.3764
Epoch=140, loss=0.3735
Epoch=141, loss=0.3689
Epoch=142, loss=0.3701
Epoch=143, loss=0.3727
Epoch=144, loss=0.3666
Epoch=145, loss=0.3667
Epoch=146, loss=0.3631
Epoch=147, loss=0.3618
Epoch=148, loss=0.3616
Epoch=149, loss=0.3614
Epoch=150, loss=0.3604
Epoch=151, loss=0.3607
Epoch=152, loss=0.3551
Epoch=153, loss=0.3564
Epoch=154, loss=0.3555
Epoch=155, loss=0.3525
Epoch=156, loss=0.3521
Epoch=157, loss=0.3481
Epoch=158, loss=0.3513
Epoch=159, loss=0.3452
Epoch=160, loss=0.3425
Epoch=161, loss=0.3398
Epoch=162, loss=0.3423
Epoch=163, loss=0.3393
Epoch=164, loss=0.3380
Epoch=165, loss=0.3363
Epoch=166, loss=0.3369
Epoch=167, loss=0.3341
Epoch=168, loss=0.3343
Epoch=169, loss=0.3276
Epoch=170, loss=0.3299
Epoch=171, loss=0.3294
Epoch=172, loss=0.3266
Epoch=173, loss=0.3267
Epoch=174, loss=0.3251
Epoch=175, loss=0.3211
Epoch=176, loss=0.3274
Epoch=177, loss=0.3204
Epoch=178, loss=0.3203
Epoch=179, loss=0.3165
Epoch=180, loss=0.3178
Epoch=181, loss=0.3130
Epoch=182, loss=0.3160
Epoch=183, loss=0.3116
Epoch=184, loss=0.3105
Epoch=185, loss=0.3099
Epoch=186, loss=0.3050
Epoch=187, loss=0.3082
Epoch=188, loss=0.3059
Epoch=189, loss=0.3072
Epoch=190, loss=0.3035
Epoch=191, loss=0.2999
Epoch=192, loss=0.3076
Epoch=193, loss=0.3046
Epoch=194, loss=0.2993
Epoch=195, loss=0.2970
Epoch=196, loss=0.3005
Epoch=197, loss=0.2951
Epoch=198, loss=0.2909
Epoch=199, loss=0.2945
Epoch=200, loss=0.2925
Epoch=201, loss=0.2899
Epoch=202, loss=0.2878
Epoch=203, loss=0.2868
Epoch=204, loss=0.2870
Epoch=205, loss=0.2878
Epoch=206, loss=0.2834
Epoch=207, loss=0.2807
Epoch=208, loss=0.2831
Epoch=209, loss=0.2845
Epoch=210, loss=0.2831
Epoch=211, loss=0.2770
Epoch=212, loss=0.2779
Epoch=213, loss=0.2756
Epoch=214, loss=0.2727
Epoch=215, loss=0.2733
Epoch=216, loss=0.2742
Epoch=217, loss=0.2776
Epoch=218, loss=0.2713
Epoch=219, loss=0.2728
Epoch=220, loss=0.2724
Epoch=221, loss=0.2681
Epoch=222, loss=0.2634
Epoch=223, loss=0.2650
Epoch=224, loss=0.2631
Epoch=225, loss=0.2643
Epoch=226, loss=0.2616
Epoch=227, loss=0.2623
Epoch=228, loss=0.2633
Epoch=229, loss=0.2616
Epoch=230, loss=0.2584
Epoch=231, loss=0.2566
Epoch=232, loss=0.2584
Epoch=233, loss=0.2592
Epoch=234, loss=0.2603
Epoch=235, loss=0.2543
Epoch=236, loss=0.2538
Epoch=237, loss=0.2507
Epoch=238, loss=0.2481
Epoch=239, loss=0.2527
Epoch=240, loss=0.2493
Epoch=241, loss=0.2430
Epoch=242, loss=0.2447
Epoch=243, loss=0.2432
Epoch=244, loss=0.2402
Epoch=245, loss=0.2425
Epoch=246, loss=0.2419
Epoch=247, loss=0.2426
Epoch=248, loss=0.2420
Epoch=249, loss=0.2396
Epoch=250, loss=0.2430
Epoch=251, loss=0.2402
Epoch=252, loss=0.2385
Epoch=253, loss=0.2362
Epoch=254, loss=0.2331
Epoch=255, loss=0.2341
Epoch=256, loss=0.2317
Epoch=257, loss=0.2294
Epoch=258, loss=0.2325
Epoch=259, loss=0.2348
Epoch=260, loss=0.2305
Epoch=261, loss=0.2274
Epoch=262, loss=0.2294
Epoch=263, loss=0.2258
Epoch=264, loss=0.2267
Epoch=265, loss=0.2276
Epoch=266, loss=0.2212
Epoch=267, loss=0.2199
Epoch=268, loss=0.2197
Epoch=269, loss=0.2187
Epoch=270, loss=0.2185
Epoch=271, loss=0.2216
Epoch=272, loss=0.2204
Epoch=273, loss=0.2216
Epoch=274, loss=0.2158
Epoch=275, loss=0.2162
Epoch=276, loss=0.2171
Epoch=277, loss=0.2138
Epoch=278, loss=0.2143
Epoch=279, loss=0.2144
Epoch=280, loss=0.2095
Epoch=281, loss=0.2115
Epoch=282, loss=0.2111
Epoch=283, loss=0.2101
Epoch=284, loss=0.2089
Epoch=285, loss=0.2074
Epoch=286, loss=0.2034
Epoch=287, loss=0.2038
Epoch=288, loss=0.2064
Epoch=289, loss=0.2049
Epoch=290, loss=0.2004
Epoch=291, loss=0.2028
Epoch=292, loss=0.2032
Epoch=293, loss=0.2041
Epoch=294, loss=0.2020
Epoch=295, loss=0.1979
Epoch=296, loss=0.2026
Epoch=297, loss=0.1969
Epoch=298, loss=0.1978
Epoch=299, loss=0.1978
Epoch=300, loss=0.1960
Epoch=301, loss=0.1992
Epoch=302, loss=0.1952
Epoch=303, loss=0.1940
Epoch=304, loss=0.1965
Epoch=305, loss=0.1954
Epoch=306, loss=0.1929
Epoch=307, loss=0.1896
Epoch=308, loss=0.1921
Epoch=309, loss=0.1922
Epoch=310, loss=0.1929
Epoch=311, loss=0.1875
Epoch=312, loss=0.1873
Epoch=313, loss=0.1838
Epoch=314, loss=0.1923
Epoch=315, loss=0.1854
Epoch=316, loss=0.1901
Epoch=317, loss=0.1828
Epoch=318, loss=0.1844
Epoch=319, loss=0.1831
Epoch=320, loss=0.1808
Epoch=321, loss=0.1756
Epoch=322, loss=0.1832
Epoch=323, loss=0.1844
Epoch=324, loss=0.1816
Epoch=325, loss=0.1753
Epoch=326, loss=0.1769
Epoch=327, loss=0.1788
Epoch=328, loss=0.1771
Epoch=329, loss=0.1759
Epoch=330, loss=0.1763
Epoch=331, loss=0.1742
Epoch=332, loss=0.1785
Epoch=333, loss=0.1774
Epoch=334, loss=0.1742
Epoch=335, loss=0.1721
Epoch=336, loss=0.1736
Epoch=337, loss=0.1738
Epoch=338, loss=0.1730
Epoch=339, loss=0.1738
Epoch=340, loss=0.1678
Epoch=341, loss=0.1683
Epoch=342, loss=0.1715
Epoch=343, loss=0.1672
Epoch=344, loss=0.1685
Epoch=345, loss=0.1665
Epoch=346, loss=0.1648
Epoch=347, loss=0.1645
Epoch=348, loss=0.1694
Epoch=349, loss=0.1653
Epoch=350, loss=0.1667
Epoch=351, loss=0.1657
Epoch=352, loss=0.1609
Epoch=353, loss=0.1626
Epoch=354, loss=0.1641
Epoch=355, loss=0.1588
Epoch=356, loss=0.1600
Epoch=357, loss=0.1629
Epoch=358, loss=0.1567
Epoch=359, loss=0.1544
Epoch=360, loss=0.1576
Epoch=361, loss=0.1566
Epoch=362, loss=0.1577
Epoch=363, loss=0.1513
Epoch=364, loss=0.1574
Epoch=365, loss=0.1578
Epoch=366, loss=0.1554
Epoch=367, loss=0.1592
Epoch=368, loss=0.1562
Epoch=369, loss=0.1578
Epoch=370, loss=0.1539
Epoch=371, loss=0.1494
Epoch=372, loss=0.1563
Epoch=373, loss=0.1539
Epoch=374, loss=0.1490
Epoch=375, loss=0.1545
Epoch=376, loss=0.1510
Epoch=377, loss=0.1496
Epoch=378, loss=0.1521
Epoch=379, loss=0.1482
Epoch=380, loss=0.1469
Epoch=381, loss=0.1501
Epoch=382, loss=0.1438
Epoch=383, loss=0.1487
Epoch=384, loss=0.1492
Epoch=385, loss=0.1451
Epoch=386, loss=0.1436
Epoch=387, loss=0.1455
Epoch=388, loss=0.1436
Epoch=389, loss=0.1517
Epoch=390, loss=0.1459
Epoch=391, loss=0.1395
Epoch=392, loss=0.1416
Epoch=393, loss=0.1466
Epoch=394, loss=0.1429
Epoch=395, loss=0.1434
Epoch=396, loss=0.1412
Epoch=397, loss=0.1444
Epoch=398, loss=0.1445
Epoch=399, loss=0.1394
Epoch=400, loss=0.1397
Epoch=401, loss=0.1396
Epoch=402, loss=0.1384
Epoch=403, loss=0.1365
Epoch=404, loss=0.1434
Epoch=405, loss=0.1397
Epoch=406, loss=0.1360
Epoch=407, loss=0.1355
Epoch=408, loss=0.1378
Epoch=409, loss=0.1360
Epoch=410, loss=0.1388
Epoch=411, loss=0.1324
Epoch=412, loss=0.1345
Epoch=413, loss=0.1352
Epoch=414, loss=0.1350
Epoch=415, loss=0.1368
Epoch=416, loss=0.1350
Epoch=417, loss=0.1381
Epoch=418, loss=0.1308
Epoch=419, loss=0.1385
Epoch=420, loss=0.1358
Epoch=421, loss=0.1329
Epoch=422, loss=0.1318
Epoch=423, loss=0.1328
Epoch=424, loss=0.1277
Epoch=425, loss=0.1314
Epoch=426, loss=0.1271
Epoch=427, loss=0.1298
Epoch=428, loss=0.1284
Epoch=429, loss=0.1300
Epoch=430, loss=0.1262
Epoch=431, loss=0.1257
Epoch=432, loss=0.1291
Epoch=433, loss=0.1259
Epoch=434, loss=0.1310
Epoch=435, loss=0.1307
Epoch=436, loss=0.1253
Epoch=437, loss=0.1231
Epoch=438, loss=0.1246
Epoch=439, loss=0.1279
Epoch=440, loss=0.1254
Epoch=441, loss=0.1262
Epoch=442, loss=0.1241
Epoch=443, loss=0.1224
Epoch=444, loss=0.1216
Epoch=445, loss=0.1218
Epoch=446, loss=0.1272
Epoch=447, loss=0.1199
Epoch=448, loss=0.1229
Epoch=449, loss=0.1221
Epoch=450, loss=0.1174
Epoch=451, loss=0.1183
Epoch=452, loss=0.1179
Epoch=453, loss=0.1196
Epoch=454, loss=0.1190
Epoch=455, loss=0.1185
Epoch=456, loss=0.1197
Epoch=457, loss=0.1189
Epoch=458, loss=0.1213
Epoch=459, loss=0.1170
Epoch=460, loss=0.1169
Epoch=461, loss=0.1175
Epoch=462, loss=0.1170
Epoch=463, loss=0.1204
Epoch=464, loss=0.1161
Epoch=465, loss=0.1128
Epoch=466, loss=0.1190
Epoch=467, loss=0.1169
Epoch=468, loss=0.1101
Epoch=469, loss=0.1143
Epoch=470, loss=0.1127
Epoch=471, loss=0.1155
Epoch=472, loss=0.1119
Epoch=473, loss=0.1091
Epoch=474, loss=0.1112
Epoch=475, loss=0.1144
Epoch=476, loss=0.1140
Epoch=477, loss=0.1121
Epoch=478, loss=0.1115
Epoch=479, loss=0.1120
Epoch=480, loss=0.1080
Epoch=481, loss=0.1121
Epoch=482, loss=0.1144
Epoch=483, loss=0.1129
Epoch=484, loss=0.1099
Epoch=485, loss=0.1070
Epoch=486, loss=0.1057
Epoch=487, loss=0.1136
Epoch=488, loss=0.1117
Epoch=489, loss=0.1074
Epoch=490, loss=0.1070
Epoch=491, loss=0.1080
Epoch=492, loss=0.1056
Epoch=493, loss=0.1105
Epoch=494, loss=0.1055
Epoch=495, loss=0.1015
Epoch=496, loss=0.1037
Epoch=497, loss=0.1056
Epoch=498, loss=0.1075
Epoch=499, loss=0.1065
Loading 495th epoch
Early stopping!
Start to test process.
done with the edge prediction
done with the node prediction
done with the second node prediction
(E) | label_classification: F1Mi=0.7465+-0.0108, F1Ma=0.7098+-0.0294, acc=0.7465+-0.0108
[['MVGRL', 'heat', 16, 15, 2, 'normalize', 0.1, 0.2, 0.4, 0.001, 0.5, 0.2, 0.5, 0.0001, 512, 512, 0.9203680601230931, 0.9182890134862178, 0.9270763946148943, 0.9163763791141593, 0.6428571343421936, 0.5820000171661377, 0.5715667605400085, 0.7428571581840515, 0.5759999752044678, 0.5923597812652588, 0.6212980956082395, 0.009849379906075154, 0.5596805878489989, 0.015309647839258738, 0.6212980956082395, 0.009849379906075154], ['MVGRL', 'heat', 32, 15, 2, 'normalize', 0.1, 0.2, 0.4, 0.001, 0.5, 0.2, 0.5, 0.0001, 512, 512, 0.9458859245569887, 0.9421185644367343, 0.9475279859143266, 0.93576553326492, 0.8857142925262451, 0.7360000014305115, 0.7432301640510559, 0.8999999761581421, 0.7300000190734863, 0.7422630786895752, 0.746521570151574, 0.010830480433674098, 0.7097921576105198, 0.029447268793491667, 0.746521570151574, 0.01083048043367412]]
Epoch=000, loss=0.6954
Epoch=001, loss=0.6927
Epoch=002, loss=0.6910
Epoch=003, loss=0.6891
Epoch=004, loss=0.6865
Epoch=005, loss=0.6841
Epoch=006, loss=0.6817
Epoch=007, loss=0.6790
Epoch=008, loss=0.6755
Epoch=009, loss=0.6728
Epoch=010, loss=0.6706
Epoch=011, loss=0.6673
Epoch=012, loss=0.6619
Epoch=013, loss=0.6603
Epoch=014, loss=0.6542
Epoch=015, loss=0.6527
Epoch=016, loss=0.6469
Epoch=017, loss=0.6417
Epoch=018, loss=0.6367
Epoch=019, loss=0.6362
Epoch=020, loss=0.6283
Epoch=021, loss=0.6217
Epoch=022, loss=0.6176
Epoch=023, loss=0.6121
Epoch=024, loss=0.6060
Epoch=025, loss=0.6007
Epoch=026, loss=0.5975
Epoch=027, loss=0.5960
Epoch=028, loss=0.5843
Epoch=029, loss=0.5812
Epoch=030, loss=0.5721
Epoch=031, loss=0.5749
Epoch=032, loss=0.5666
Epoch=033, loss=0.5625
Epoch=034, loss=0.5557
Epoch=035, loss=0.5493
Epoch=036, loss=0.5421
Epoch=037, loss=0.5372
Epoch=038, loss=0.5307
Epoch=039, loss=0.5279
Epoch=040, loss=0.5297
Epoch=041, loss=0.5267
Epoch=042, loss=0.5148
Epoch=043, loss=0.5084
Epoch=044, loss=0.5064
Epoch=045, loss=0.5037
Epoch=046, loss=0.4955
Epoch=047, loss=0.4917
Epoch=048, loss=0.4883
Epoch=049, loss=0.4831
Epoch=050, loss=0.4837
Epoch=051, loss=0.4747
Epoch=052, loss=0.4682
Epoch=053, loss=0.4651
Epoch=054, loss=0.4626
Epoch=055, loss=0.4578
Epoch=056, loss=0.4542
Epoch=057, loss=0.4579
Epoch=058, loss=0.4499
Epoch=059, loss=0.4432
Epoch=060, loss=0.4356
Epoch=061, loss=0.4364
Epoch=062, loss=0.4302
Epoch=063, loss=0.4261
Epoch=064, loss=0.4283
Epoch=065, loss=0.4223
Epoch=066, loss=0.4182
Epoch=067, loss=0.4167
Epoch=068, loss=0.4160
Epoch=069, loss=0.4091
Epoch=070, loss=0.4059
Epoch=071, loss=0.4048
Epoch=072, loss=0.3997
Epoch=073, loss=0.3943
Epoch=074, loss=0.3907
Epoch=075, loss=0.3882
Epoch=076, loss=0.3817
Epoch=077, loss=0.3796
Epoch=078, loss=0.3837
Epoch=079, loss=0.3777
Epoch=080, loss=0.3731
Epoch=081, loss=0.3727
Epoch=082, loss=0.3669
Epoch=083, loss=0.3629
Epoch=084, loss=0.3638
Epoch=085, loss=0.3605
Epoch=086, loss=0.3608
Epoch=087, loss=0.3564
Epoch=088, loss=0.3496
Epoch=089, loss=0.3528
Epoch=090, loss=0.3509
Epoch=091, loss=0.3429
Epoch=092, loss=0.3463
Epoch=093, loss=0.3426
Epoch=094, loss=0.3414
Epoch=095, loss=0.3343
Epoch=096, loss=0.3334
Epoch=097, loss=0.3306
Epoch=098, loss=0.3242
Epoch=099, loss=0.3260
Epoch=100, loss=0.3235
Epoch=101, loss=0.3194
Epoch=102, loss=0.3158
Epoch=103, loss=0.3157
Epoch=104, loss=0.3097
Epoch=105, loss=0.3121
Epoch=106, loss=0.3074
Epoch=107, loss=0.3124
Epoch=108, loss=0.3078
Epoch=109, loss=0.3045
Epoch=110, loss=0.2985
Epoch=111, loss=0.3006
Epoch=112, loss=0.2977
Epoch=113, loss=0.2985
Epoch=114, loss=0.2926
Epoch=115, loss=0.2908
Epoch=116, loss=0.2881
Epoch=117, loss=0.2876
Epoch=118, loss=0.2893
Epoch=119, loss=0.2814
Epoch=120, loss=0.2826
Epoch=121, loss=0.2762
Epoch=122, loss=0.2776
Epoch=123, loss=0.2770
Epoch=124, loss=0.2702
Epoch=125, loss=0.2709
Epoch=126, loss=0.2731
Epoch=127, loss=0.2686
Epoch=128, loss=0.2715
Epoch=129, loss=0.2643
Epoch=130, loss=0.2605
Epoch=131, loss=0.2593
Epoch=132, loss=0.2598
Epoch=133, loss=0.2580
Epoch=134, loss=0.2569
Epoch=135, loss=0.2538
Epoch=136, loss=0.2497
Epoch=137, loss=0.2515
Epoch=138, loss=0.2448
Epoch=139, loss=0.2470
Epoch=140, loss=0.2455
Epoch=141, loss=0.2384
Epoch=142, loss=0.2408
Epoch=143, loss=0.2352
Epoch=144, loss=0.2357
Epoch=145, loss=0.2345
Epoch=146, loss=0.2370
Epoch=147, loss=0.2327
Epoch=148, loss=0.2287
Epoch=149, loss=0.2315
Epoch=150, loss=0.2265
Epoch=151, loss=0.2262
Epoch=152, loss=0.2257
Epoch=153, loss=0.2216
Epoch=154, loss=0.2319
Epoch=155, loss=0.2210
Epoch=156, loss=0.2229
Epoch=157, loss=0.2206
Epoch=158, loss=0.2158
Epoch=159, loss=0.2159
Epoch=160, loss=0.2145
Epoch=161, loss=0.2174
Epoch=162, loss=0.2112
Epoch=163, loss=0.2118
Epoch=164, loss=0.2099
Epoch=165, loss=0.2087
Epoch=166, loss=0.2057
Epoch=167, loss=0.2062
Epoch=168, loss=0.1966
Epoch=169, loss=0.2045
Epoch=170, loss=0.2038
Epoch=171, loss=0.1959
Epoch=172, loss=0.2005
Epoch=173, loss=0.1966
Epoch=174, loss=0.1971
Epoch=175, loss=0.1899
Epoch=176, loss=0.1940
Epoch=177, loss=0.1902
Epoch=178, loss=0.1908
Epoch=179, loss=0.1888
Epoch=180, loss=0.1896
Epoch=181, loss=0.1867
Epoch=182, loss=0.1818
Epoch=183, loss=0.1870
Epoch=184, loss=0.1878
Epoch=185, loss=0.1807
Epoch=186, loss=0.1822
Epoch=187, loss=0.1818
Epoch=188, loss=0.1813
Epoch=189, loss=0.1792
Epoch=190, loss=0.1811
Epoch=191, loss=0.1740
Epoch=192, loss=0.1757
Epoch=193, loss=0.1744
Epoch=194, loss=0.1766
Epoch=195, loss=0.1735
Epoch=196, loss=0.1732
Epoch=197, loss=0.1711
Epoch=198, loss=0.1704
Epoch=199, loss=0.1674
Epoch=200, loss=0.1633
Epoch=201, loss=0.1657
Epoch=202, loss=0.1650
Epoch=203, loss=0.1659
Epoch=204, loss=0.1647
Epoch=205, loss=0.1595
Epoch=206, loss=0.1652
Epoch=207, loss=0.1588
Epoch=208, loss=0.1616
Epoch=209, loss=0.1621
Epoch=210, loss=0.1567
Epoch=211, loss=0.1587
Epoch=212, loss=0.1582
Epoch=213, loss=0.1566
Epoch=214, loss=0.1508
Epoch=215, loss=0.1599
Epoch=216, loss=0.1506
Epoch=217, loss=0.1590
Epoch=218, loss=0.1505
Epoch=219, loss=0.1504
Epoch=220, loss=0.1534
Epoch=221, loss=0.1531
Epoch=222, loss=0.1541
Epoch=223, loss=0.1433
Epoch=224, loss=0.1496
Epoch=225, loss=0.1475
Epoch=226, loss=0.1479
Epoch=227, loss=0.1440
Epoch=228, loss=0.1470
Epoch=229, loss=0.1467
Epoch=230, loss=0.1436
Epoch=231, loss=0.1397
Epoch=232, loss=0.1418
Epoch=233, loss=0.1385
Epoch=234, loss=0.1409
Epoch=235, loss=0.1411
Epoch=236, loss=0.1375
Epoch=237, loss=0.1435
Epoch=238, loss=0.1376
Epoch=239, loss=0.1359
Epoch=240, loss=0.1397
Epoch=241, loss=0.1401
Epoch=242, loss=0.1386
Epoch=243, loss=0.1321
Epoch=244, loss=0.1328
Epoch=245, loss=0.1385
Epoch=246, loss=0.1310
Epoch=247, loss=0.1297
Epoch=248, loss=0.1302
Epoch=249, loss=0.1335
Epoch=250, loss=0.1263
Epoch=251, loss=0.1341
Epoch=252, loss=0.1274
Epoch=253, loss=0.1309
Epoch=254, loss=0.1269
Epoch=255, loss=0.1278
Epoch=256, loss=0.1256
Epoch=257, loss=0.1284
Epoch=258, loss=0.1245
Epoch=259, loss=0.1223
Epoch=260, loss=0.1227
Epoch=261, loss=0.1230
Epoch=262, loss=0.1233
Epoch=263, loss=0.1255
Epoch=264, loss=0.1198
Epoch=265, loss=0.1261
Epoch=266, loss=0.1237
Epoch=267, loss=0.1188
Epoch=268, loss=0.1244
Epoch=269, loss=0.1204
Epoch=270, loss=0.1199
Epoch=271, loss=0.1183
Epoch=272, loss=0.1181
Epoch=273, loss=0.1165
Epoch=274, loss=0.1166
Epoch=275, loss=0.1161
Epoch=276, loss=0.1141
Epoch=277, loss=0.1164
Epoch=278, loss=0.1176
Epoch=279, loss=0.1172
Epoch=280, loss=0.1141
Epoch=281, loss=0.1083
Epoch=282, loss=0.1140
Epoch=283, loss=0.1152
Epoch=284, loss=0.1148
Epoch=285, loss=0.1129
Epoch=286, loss=0.1149
Epoch=287, loss=0.1126
Epoch=288, loss=0.1112
Epoch=289, loss=0.1103
Epoch=290, loss=0.1074
Epoch=291, loss=0.1123
Epoch=292, loss=0.1136
Epoch=293, loss=0.1111
Epoch=294, loss=0.1091
Epoch=295, loss=0.1116
Epoch=296, loss=0.1086
Epoch=297, loss=0.1100
Epoch=298, loss=0.1092
Epoch=299, loss=0.1106
Epoch=300, loss=0.1106
Epoch=301, loss=0.1110
Epoch=302, loss=0.1059
Epoch=303, loss=0.1067
Epoch=304, loss=0.1062
Epoch=305, loss=0.1030
Epoch=306, loss=0.1026
Epoch=307, loss=0.1018
Epoch=308, loss=0.1025
Epoch=309, loss=0.1029
Epoch=310, loss=0.1005
Epoch=311, loss=0.0997
Epoch=312, loss=0.1042
Epoch=313, loss=0.1046
Epoch=314, loss=0.1005
Epoch=315, loss=0.1007
Epoch=316, loss=0.1009
Epoch=317, loss=0.0995
Epoch=318, loss=0.1005
Epoch=319, loss=0.1011
Epoch=320, loss=0.0964
Epoch=321, loss=0.1037
Epoch=322, loss=0.0999
Epoch=323, loss=0.0990
Epoch=324, loss=0.1011
Epoch=325, loss=0.0956
Epoch=326, loss=0.0992
Epoch=327, loss=0.0938
Epoch=328, loss=0.0919
Epoch=329, loss=0.0939
Epoch=330, loss=0.0989
Epoch=331, loss=0.0976
Epoch=332, loss=0.0924
Epoch=333, loss=0.0990
Epoch=334, loss=0.0924
Epoch=335, loss=0.0939
Epoch=336, loss=0.0940
Epoch=337, loss=0.1012
Epoch=338, loss=0.0946
Epoch=339, loss=0.0941
Epoch=340, loss=0.0927
Epoch=341, loss=0.0941
Epoch=342, loss=0.0886
Epoch=343, loss=0.0933
Epoch=344, loss=0.0957
Epoch=345, loss=0.0937
Epoch=346, loss=0.0859
Epoch=347, loss=0.0900
Epoch=348, loss=0.0942
Epoch=349, loss=0.0926
Epoch=350, loss=0.0885
Epoch=351, loss=0.0875
Epoch=352, loss=0.0878
Epoch=353, loss=0.0953
Epoch=354, loss=0.0877
Epoch=355, loss=0.0880
Epoch=356, loss=0.0889
Epoch=357, loss=0.0894
Epoch=358, loss=0.0830
Epoch=359, loss=0.0857
Epoch=360, loss=0.0863
Epoch=361, loss=0.0839
Epoch=362, loss=0.0844
Epoch=363, loss=0.0871
Epoch=364, loss=0.0847
Epoch=365, loss=0.0886
Epoch=366, loss=0.0860
Epoch=367, loss=0.0837
Epoch=368, loss=0.0841
Epoch=369, loss=0.0868
Epoch=370, loss=0.0839
Epoch=371, loss=0.0856
Epoch=372, loss=0.0847
Epoch=373, loss=0.0809
Epoch=374, loss=0.0858
Epoch=375, loss=0.0812
Epoch=376, loss=0.0838
Epoch=377, loss=0.0805
Epoch=378, loss=0.0819
Epoch=379, loss=0.0841
Epoch=380, loss=0.0821
Epoch=381, loss=0.0784
Epoch=382, loss=0.0837
Epoch=383, loss=0.0806
Epoch=384, loss=0.0833
Epoch=385, loss=0.0780
Epoch=386, loss=0.0787
Epoch=387, loss=0.0812
Epoch=388, loss=0.0768
Epoch=389, loss=0.0780
Epoch=390, loss=0.0801
Epoch=391, loss=0.0767
Epoch=392, loss=0.0785
Epoch=393, loss=0.0776
Epoch=394, loss=0.0757
Epoch=395, loss=0.0792
Epoch=396, loss=0.0779
Epoch=397, loss=0.0730
Epoch=398, loss=0.0795
Epoch=399, loss=0.0748
Epoch=400, loss=0.0751
Epoch=401, loss=0.0732
Epoch=402, loss=0.0761
Epoch=403, loss=0.0738
Epoch=404, loss=0.0789
Epoch=405, loss=0.0739
Epoch=406, loss=0.0754
Epoch=407, loss=0.0740
Epoch=408, loss=0.0767
Epoch=409, loss=0.0778
Epoch=410, loss=0.0741
Epoch=411, loss=0.0738
Epoch=412, loss=0.0743
Epoch=413, loss=0.0782
Epoch=414, loss=0.0789
Epoch=415, loss=0.0776
Epoch=416, loss=0.0733
Epoch=417, loss=0.0738
Early stopping!
Loading 397th epoch
done with the edge prediction
done with the node prediction
done with the second node prediction
(E) | label_classification: F1Mi=0.7862+-0.0139, F1Ma=0.7561+-0.0355, acc=0.7862+-0.0139
[['MVGRL', 'heat', 16, 15, 2, 'normalize', 0.1, 0.2, 0.4, 0.001, 0.5, 0.2, 0.5, 0.0001, 512, 512, 0.9203680601230931, 0.9182890134862178, 0.9270763946148943, 0.9163763791141593, 0.6428571343421936, 0.5820000171661377, 0.5715667605400085, 0.7428571581840515, 0.5759999752044678, 0.5923597812652588, 0.6212980956082395, 0.009849379906075154, 0.5596805878489989, 0.015309647839258738, 0.6212980956082395, 0.009849379906075154], ['MVGRL', 'heat', 32, 15, 2, 'normalize', 0.1, 0.2, 0.4, 0.001, 0.5, 0.2, 0.5, 0.0001, 512, 512, 0.9458859245569887, 0.9421185644367343, 0.9475279859143266, 0.93576553326492, 0.8857142925262451, 0.7360000014305115, 0.7432301640510559, 0.8999999761581421, 0.7300000190734863, 0.7422630786895752, 0.746521570151574, 0.010830480433674098, 0.7097921576105198, 0.029447268793491667, 0.746521570151574, 0.01083048043367412], ['MVGRL', 'heat', 64, 15, 2, 'normalize', 0.1, 0.2, 0.4, 0.001, 0.5, 0.2, 0.5, 0.0001, 512, 512, 0.9836956284296249, 0.9834699959808736, 0.9681884138854784, 0.9575240802826833, 1.0, 0.7879999876022339, 0.7654739022254944, 1.0, 0.7820000052452087, 0.7649903297424316, 0.786241741158181, 0.013889597756347837, 0.7560793314661817, 0.035509569567628074, 0.7862417411581811, 0.013889597756347825]]
Epoch=000, loss=0.6968
Epoch=001, loss=0.6920
Epoch=002, loss=0.6891
Epoch=003, loss=0.6842
Epoch=004, loss=0.6807
Epoch=005, loss=0.6770
Epoch=006, loss=0.6729
Epoch=007, loss=0.6677
Epoch=008, loss=0.6634
Epoch=009, loss=0.6592
Epoch=010, loss=0.6528
Epoch=011, loss=0.6473
Epoch=012, loss=0.6403
Epoch=013, loss=0.6302
Epoch=014, loss=0.6257
Epoch=015, loss=0.6163
Epoch=016, loss=0.6096
Epoch=017, loss=0.6003
Epoch=018, loss=0.5926
Epoch=019, loss=0.5853
Epoch=020, loss=0.5710
Epoch=021, loss=0.5645
Epoch=022, loss=0.5592
Epoch=023, loss=0.5468
Epoch=024, loss=0.5371
Epoch=025, loss=0.5249
Epoch=026, loss=0.5214
Epoch=027, loss=0.5186
Epoch=028, loss=0.5080
Epoch=029, loss=0.4973
Epoch=030, loss=0.4910
Epoch=031, loss=0.4810
Epoch=032, loss=0.4769
Epoch=033, loss=0.4724
Epoch=034, loss=0.4659
Epoch=035, loss=0.4502
Epoch=036, loss=0.4438
Epoch=037, loss=0.4373
Epoch=038, loss=0.4288
Epoch=039, loss=0.4209
Epoch=040, loss=0.4193
Epoch=041, loss=0.4150
Epoch=042, loss=0.4069
Epoch=043, loss=0.4067
Epoch=044, loss=0.3919
Epoch=045, loss=0.3885
Epoch=046, loss=0.3849
Epoch=047, loss=0.3846
Epoch=048, loss=0.3738
Epoch=049, loss=0.3706
Epoch=050, loss=0.3597
Epoch=051, loss=0.3574
Epoch=052, loss=0.3543
Epoch=053, loss=0.3485
Epoch=054, loss=0.3420
Epoch=055, loss=0.3401
Epoch=056, loss=0.3367
Epoch=057, loss=0.3370
Epoch=058, loss=0.3264
Epoch=059, loss=0.3227
Epoch=060, loss=0.3175
Epoch=061, loss=0.3152
Epoch=062, loss=0.3099
Epoch=063, loss=0.3066
Epoch=064, loss=0.3016
Epoch=065, loss=0.3011
Epoch=066, loss=0.2960
Epoch=067, loss=0.2903
Epoch=068, loss=0.2844
Epoch=069, loss=0.2885
Epoch=070, loss=0.2830
Epoch=071, loss=0.2774
Epoch=072, loss=0.2716
Epoch=073, loss=0.2676
Epoch=074, loss=0.2658
Epoch=075, loss=0.2626
Epoch=076, loss=0.2572
Epoch=077, loss=0.2508
Epoch=078, loss=0.2518
Epoch=079, loss=0.2490
Epoch=080, loss=0.2455
Epoch=081, loss=0.2411
Epoch=082, loss=0.2382
Epoch=083, loss=0.2352
Epoch=084, loss=0.2314
Epoch=085, loss=0.2292
Epoch=086, loss=0.2254
Epoch=087, loss=0.2255
Epoch=088, loss=0.2249
Epoch=089, loss=0.2208
Epoch=090, loss=0.2142
Epoch=091, loss=0.2099
Epoch=092, loss=0.2075
Epoch=093, loss=0.2088
Epoch=094, loss=0.2059
Epoch=095, loss=0.2019
Epoch=096, loss=0.2015
Epoch=097, loss=0.2027
Epoch=098, loss=0.1983
Epoch=099, loss=0.1938
Epoch=100, loss=0.1923
Epoch=101, loss=0.1870
Epoch=102, loss=0.1892
Epoch=103, loss=0.1909
Epoch=104, loss=0.1797
Epoch=105, loss=0.1846
Epoch=106, loss=0.1778
Epoch=107, loss=0.1767
Epoch=108, loss=0.1775
Epoch=109, loss=0.1721
Epoch=110, loss=0.1718
Epoch=111, loss=0.1658
Epoch=112, loss=0.1682
Epoch=113, loss=0.1634
Epoch=114, loss=0.1642
Epoch=115, loss=0.1627
Epoch=116, loss=0.1666
Epoch=117, loss=0.1601
Epoch=118, loss=0.1598
Epoch=119, loss=0.1559
Epoch=120, loss=0.1530
Epoch=121, loss=0.1521
Epoch=122, loss=0.1502
Epoch=123, loss=0.1472
Epoch=124, loss=0.1529
Epoch=125, loss=0.1423
Epoch=126, loss=0.1471
Epoch=127, loss=0.1469
Epoch=128, loss=0.1400
Epoch=129, loss=0.1448
Epoch=130, loss=0.1420
Epoch=131, loss=0.1370
Epoch=132, loss=0.1370
Epoch=133, loss=0.1432
Epoch=134, loss=0.1343
Epoch=135, loss=0.1363
Epoch=136, loss=0.1304
Epoch=137, loss=0.1317
Epoch=138, loss=0.1306
Epoch=139, loss=0.1280
Epoch=140, loss=0.1278
Epoch=141, loss=0.1261
Epoch=142, loss=0.1234
Epoch=143, loss=0.1218
Epoch=144, loss=0.1252
Epoch=145, loss=0.1250
Epoch=146, loss=0.1214
Epoch=147, loss=0.1233
Epoch=148, loss=0.1247
Epoch=149, loss=0.1188
Epoch=150, loss=0.1196
Epoch=151, loss=0.1201
Epoch=152, loss=0.1230
Epoch=153, loss=0.1169
Epoch=154, loss=0.1148
Epoch=155, loss=0.1146
Epoch=156, loss=0.1123
Epoch=157, loss=0.1080
Epoch=158, loss=0.1095
Epoch=159, loss=0.1093
Epoch=160, loss=0.1146
Epoch=161, loss=0.1069
Epoch=162, loss=0.1077
Epoch=163, loss=0.1067
Epoch=164, loss=0.1119
Epoch=165, loss=0.1081
Epoch=166, loss=0.0991
Epoch=167, loss=0.1027
Epoch=168, loss=0.1061
Epoch=169, loss=0.1044
Epoch=170, loss=0.1011
Epoch=171, loss=0.1049
Epoch=172, loss=0.1024
Epoch=173, loss=0.1047
Epoch=174, loss=0.1008
Epoch=175, loss=0.0981
Epoch=176, loss=0.1040
Epoch=177, loss=0.1045
Epoch=178, loss=0.1009
Epoch=179, loss=0.0994
Epoch=180, loss=0.0960
Epoch=181, loss=0.0957
Epoch=182, loss=0.0995
Epoch=183, loss=0.1000
Epoch=184, loss=0.0965
Epoch=185, loss=0.0929
Epoch=186, loss=0.0950
Epoch=187, loss=0.0948
Epoch=188, loss=0.0913
Epoch=189, loss=0.0948
Epoch=190, loss=0.0940
Epoch=191, loss=0.0941
Epoch=192, loss=0.0895
Epoch=193, loss=0.0848
Epoch=194, loss=0.0949
Epoch=195, loss=0.0934
Epoch=196, loss=0.0917
Epoch=197, loss=0.0902
Epoch=198, loss=0.0889
Epoch=199, loss=0.0876
Epoch=200, loss=0.0867
Epoch=201, loss=0.0879
Epoch=202, loss=0.0834
Epoch=203, loss=0.0883
Epoch=204, loss=0.0833
Epoch=205, loss=0.0831
Epoch=206, loss=0.0841
Epoch=207, loss=0.0843
Epoch=208, loss=0.0882
Epoch=209, loss=0.0804
Epoch=210, loss=0.0849
Epoch=211, loss=0.0853
Epoch=212, loss=0.0824
Epoch=213, loss=0.0832
Epoch=214, loss=0.0813
Epoch=215, loss=0.0825
Epoch=216, loss=0.0821
Epoch=217, loss=0.0819
Epoch=218, loss=0.0808
Epoch=219, loss=0.0819
Epoch=220, loss=0.0783
Epoch=221, loss=0.0742
Epoch=222, loss=0.0770
Epoch=223, loss=0.0769
Epoch=224, loss=0.0804
Epoch=225, loss=0.0785
Epoch=226, loss=0.0734
Epoch=227, loss=0.0751
Epoch=228, loss=0.0759
Epoch=229, loss=0.0798
Epoch=230, loss=0.0724
Epoch=231, loss=0.0759
Epoch=232, loss=0.0738
Epoch=233, loss=0.0722
Epoch=234, loss=0.0782
Epoch=235, loss=0.0731
Epoch=236, loss=0.0720
Epoch=237, loss=0.0744
Epoch=238, loss=0.0768
Epoch=239, loss=0.0708
Epoch=240, loss=0.0702
Epoch=241, loss=0.0748
Epoch=242, loss=0.0729
Epoch=243, loss=0.0715
Epoch=244, loss=0.0763
Epoch=245, loss=0.0714
Epoch=246, loss=0.0738
Epoch=247, loss=0.0716
Epoch=248, loss=0.0706
Epoch=249, loss=0.0720
Epoch=250, loss=0.0741
Epoch=251, loss=0.0632
Epoch=252, loss=0.0750
Epoch=253, loss=0.0642
Epoch=254, loss=0.0660
Epoch=255, loss=0.0646
Epoch=256, loss=0.0698
Epoch=257, loss=0.0686
Epoch=258, loss=0.0647
Epoch=259, loss=0.0684
Epoch=260, loss=0.0659
Epoch=261, loss=0.0613
Epoch=262, loss=0.0655
Epoch=263, loss=0.0662
Epoch=264, loss=0.0679
Epoch=265, loss=0.0692
Epoch=266, loss=0.0673
Epoch=267, loss=0.0654
Epoch=268, loss=0.0653
Epoch=269, loss=0.0704
Epoch=270, loss=0.0599
Epoch=271, loss=0.0647
Epoch=272, loss=0.0659
Epoch=273, loss=0.0613
Epoch=274, loss=0.0574
Epoch=275, loss=0.0633
Epoch=276, loss=0.0599
Epoch=277, loss=0.0657
Epoch=278, loss=0.0679
Epoch=279, loss=0.0638
Epoch=280, loss=0.0623
Epoch=281, loss=0.0631
Epoch=282, loss=0.0629
Epoch=283, loss=0.0670
Epoch=284, loss=0.0627
Epoch=285, loss=0.0646
Epoch=286, loss=0.0636
Epoch=287, loss=0.0599
Epoch=288, loss=0.0659
Epoch=289, loss=0.0596
Epoch=290, loss=0.0640
Epoch=291, loss=0.0603
Epoch=292, loss=0.0577
Epoch=293, loss=0.0619
Epoch=294, loss=0.0565
Epoch=295, loss=0.0591
Epoch=296, loss=0.0586
Epoch=297, loss=0.0667
Epoch=298, loss=0.0571
Epoch=299, loss=0.0570
Epoch=300, loss=0.0608
Epoch=301, loss=0.0559
Epoch=302, loss=0.0574
Epoch=303, loss=0.0557
Epoch=304, loss=0.0571
Epoch=305, loss=0.0543
Epoch=306, loss=0.0550
Epoch=307, loss=0.0571
Epoch=308, loss=0.0597
Epoch=309, loss=0.0588
Epoch=310, loss=0.0558
Epoch=311, loss=0.0559
Epoch=312, loss=0.0586
Epoch=313, loss=0.0570
Epoch=314, loss=0.0552
Epoch=315, loss=0.0542
Epoch=316, loss=0.0539
Epoch=317, loss=0.0524
Epoch=318, loss=0.0538
Epoch=319, loss=0.0569
Epoch=320, loss=0.0552
Epoch=321, loss=0.0586
Epoch=322, loss=0.0516
Epoch=323, loss=0.0549
Epoch=324, loss=0.0570
Epoch=325, loss=0.0534
Epoch=326, loss=0.0542
Epoch=327, loss=0.0548
Epoch=328, loss=0.0616
Epoch=329, loss=0.0482
Epoch=330, loss=0.0521
Epoch=331, loss=0.0533
Epoch=332, loss=0.0548
Epoch=333, loss=0.0517
Epoch=334, loss=0.0521
Epoch=335, loss=0.0510
Epoch=336, loss=0.0520
Epoch=337, loss=0.0541
Epoch=338, loss=0.0549
Epoch=339, loss=0.0488
Epoch=340, loss=0.0537
Epoch=341, loss=0.0438
Epoch=342, loss=0.0559
Epoch=343, loss=0.0508
Epoch=344, loss=0.0467
Epoch=345, loss=0.0487
Epoch=346, loss=0.0506
Epoch=347, loss=0.0522
Epoch=348, loss=0.0466
Epoch=349, loss=0.0507
Epoch=350, loss=0.0532
Epoch=351, loss=0.0501
Epoch=352, loss=0.0509
Epoch=353, loss=0.0457
Epoch=354, loss=0.0491
Epoch=355, loss=0.0474
Epoch=356, loss=0.0504
Epoch=357, loss=0.0446
Epoch=358, loss=0.0493
Epoch=359, loss=0.0488
Epoch=360, loss=0.0495
Epoch=361, loss=0.0443
Early stopping!
Loading 341th epoch
Early stopping!
Start to test process.
done with the edge prediction
done with the node prediction
done with the second node prediction
(E) | label_classification: F1Mi=0.7928+-0.0122, F1Ma=0.7760+-0.0156, acc=0.7928+-0.0122
[['MVGRL', 'heat', 16, 15, 2, 'normalize', 0.1, 0.2, 0.4, 0.001, 0.5, 0.2, 0.5, 0.0001, 512, 512, 0.9203680601230931, 0.9182890134862178, 0.9270763946148943, 0.9163763791141593, 0.6428571343421936, 0.5820000171661377, 0.5715667605400085, 0.7428571581840515, 0.5759999752044678, 0.5923597812652588, 0.6212980956082395, 0.009849379906075154, 0.5596805878489989, 0.015309647839258738, 0.6212980956082395, 0.009849379906075154], ['MVGRL', 'heat', 32, 15, 2, 'normalize', 0.1, 0.2, 0.4, 0.001, 0.5, 0.2, 0.5, 0.0001, 512, 512, 0.9458859245569887, 0.9421185644367343, 0.9475279859143266, 0.93576553326492, 0.8857142925262451, 0.7360000014305115, 0.7432301640510559, 0.8999999761581421, 0.7300000190734863, 0.7422630786895752, 0.746521570151574, 0.010830480433674098, 0.7097921576105198, 0.029447268793491667, 0.746521570151574, 0.01083048043367412], ['MVGRL', 'heat', 64, 15, 2, 'normalize', 0.1, 0.2, 0.4, 0.001, 0.5, 0.2, 0.5, 0.0001, 512, 512, 0.9836956284296249, 0.9834699959808736, 0.9681884138854784, 0.9575240802826833, 1.0, 0.7879999876022339, 0.7654739022254944, 1.0, 0.7820000052452087, 0.7649903297424316, 0.786241741158181, 0.013889597756347837, 0.7560793314661817, 0.035509569567628074, 0.7862417411581811, 0.013889597756347825], ['MVGRL', 'heat', 128, 15, 2, 'normalize', 0.1, 0.2, 0.4, 0.001, 0.5, 0.2, 0.5, 0.0001, 512, 512, 0.9623953140241676, 0.959166930922258, 0.959276849014687, 0.9412205747622948, 1.0, 0.7639999985694885, 0.782882034778595, 0.9928571581840515, 0.765999972820282, 0.7823984622955322, 0.7928488146132918, 0.012216271780413296, 0.7759527318066768, 0.015646408933891333, 0.7928488146132919, 0.012216271780413306]]
Epoch=000, loss=0.6954
Epoch=001, loss=0.6860
Epoch=002, loss=0.6784
Epoch=003, loss=0.6692
Epoch=004, loss=0.6575
Epoch=005, loss=0.6499
Epoch=006, loss=0.6401
Epoch=007, loss=0.6273
Epoch=008, loss=0.6137
Epoch=009, loss=0.6070
Epoch=010, loss=0.5947
Epoch=011, loss=0.5794
Epoch=012, loss=0.5604
Epoch=013, loss=0.5534
Epoch=014, loss=0.5343
Epoch=015, loss=0.5254
Epoch=016, loss=0.5147
Epoch=017, loss=0.4937
Epoch=018, loss=0.4841
Epoch=019, loss=0.4739
Epoch=020, loss=0.4623
Epoch=021, loss=0.4507
Epoch=022, loss=0.4413
Epoch=023, loss=0.4332
Epoch=024, loss=0.4230
Epoch=025, loss=0.4107
Epoch=026, loss=0.3998
Epoch=027, loss=0.3949
Epoch=028, loss=0.3812
Epoch=029, loss=0.3750
Epoch=030, loss=0.3703
Epoch=031, loss=0.3599
Epoch=032, loss=0.3555
Epoch=033, loss=0.3458
Epoch=034, loss=0.3405
Epoch=035, loss=0.3286
Epoch=036, loss=0.3194
Epoch=037, loss=0.3189
Epoch=038, loss=0.3148
Epoch=039, loss=0.3082
Epoch=040, loss=0.2957
Epoch=041, loss=0.2907
Epoch=042, loss=0.2856
Epoch=043, loss=0.2821
Epoch=044, loss=0.2744
Epoch=045, loss=0.2684
Epoch=046, loss=0.2644
Epoch=047, loss=0.2562
Epoch=048, loss=0.2479
Epoch=049, loss=0.2470
Epoch=050, loss=0.2465
Epoch=051, loss=0.2373
Epoch=052, loss=0.2312
Epoch=053, loss=0.2263
Epoch=054, loss=0.2232
Epoch=055, loss=0.2176
Epoch=056, loss=0.2155
Epoch=057, loss=0.2091
Epoch=058, loss=0.2042
Epoch=059, loss=0.2022
Epoch=060, loss=0.1962
Epoch=061, loss=0.1921
Epoch=062, loss=0.1902
Epoch=063, loss=0.1923
Epoch=064, loss=0.1839
Epoch=065, loss=0.1804
Epoch=066, loss=0.1766
Epoch=067, loss=0.1726
Epoch=068, loss=0.1735
Epoch=069, loss=0.1686
Epoch=070, loss=0.1625
Epoch=071, loss=0.1597
Epoch=072, loss=0.1622
Epoch=073, loss=0.1548
Epoch=074, loss=0.1528
Epoch=075, loss=0.1517
Epoch=076, loss=0.1473
Epoch=077, loss=0.1473
Epoch=078, loss=0.1471
Epoch=079, loss=0.1433
Epoch=080, loss=0.1400
Epoch=081, loss=0.1433
Epoch=082, loss=0.1385
Epoch=083, loss=0.1365
Epoch=084, loss=0.1319
Epoch=085, loss=0.1295
Epoch=086, loss=0.1277
Epoch=087, loss=0.1254
Epoch=088, loss=0.1267
Epoch=089, loss=0.1279
Epoch=090, loss=0.1269
Epoch=091, loss=0.1235
Epoch=092, loss=0.1220
Epoch=093, loss=0.1185
Epoch=094, loss=0.1160
Epoch=095, loss=0.1175
Epoch=096, loss=0.1163
Epoch=097, loss=0.1101
Epoch=098, loss=0.1095
Epoch=099, loss=0.1126
Epoch=100, loss=0.1128
Epoch=101, loss=0.1056
Epoch=102, loss=0.1066
Epoch=103, loss=0.1010
Epoch=104, loss=0.1049
Epoch=105, loss=0.1013
Epoch=106, loss=0.0993
Epoch=107, loss=0.1065
Epoch=108, loss=0.1000
Epoch=109, loss=0.0999
Epoch=110, loss=0.1025
Epoch=111, loss=0.1013
Epoch=112, loss=0.1004
Epoch=113, loss=0.0975
Epoch=114, loss=0.1014
Epoch=115, loss=0.0910
Epoch=116, loss=0.0928
Epoch=117, loss=0.0956
Epoch=118, loss=0.0956
Epoch=119, loss=0.0966
Epoch=120, loss=0.0925
Epoch=121, loss=0.0908
Epoch=122, loss=0.0900
Epoch=123, loss=0.0866
Epoch=124, loss=0.0880
Epoch=125, loss=0.0864
Epoch=126, loss=0.0852
Epoch=127, loss=0.0856
Epoch=128, loss=0.0838
Epoch=129, loss=0.0847
Epoch=130, loss=0.0821
Epoch=131, loss=0.0793
Epoch=132, loss=0.0796
Epoch=133, loss=0.0850
Epoch=134, loss=0.0810
Epoch=135, loss=0.0790
Epoch=136, loss=0.0791
Epoch=137, loss=0.0804
Epoch=138, loss=0.0768
Epoch=139, loss=0.0760
Epoch=140, loss=0.0742
Epoch=141, loss=0.0728
Epoch=142, loss=0.0747
Epoch=143, loss=0.0709
Epoch=144, loss=0.0729
Epoch=145, loss=0.0717
Epoch=146, loss=0.0779
Epoch=147, loss=0.0702
Epoch=148, loss=0.0707
Epoch=149, loss=0.0714
Epoch=150, loss=0.0698
Epoch=151, loss=0.0730
Epoch=152, loss=0.0741
Epoch=153, loss=0.0676
Epoch=154, loss=0.0718
Epoch=155, loss=0.0747
Epoch=156, loss=0.0717
Epoch=157, loss=0.0667
Epoch=158, loss=0.0657
Epoch=159, loss=0.0666
Epoch=160, loss=0.0682
Epoch=161, loss=0.0675
Epoch=162, loss=0.0638
Epoch=163, loss=0.0594
Epoch=164, loss=0.0706
Epoch=165, loss=0.0649
Epoch=166, loss=0.0660
Epoch=167, loss=0.0622
Epoch=168, loss=0.0666
Epoch=169, loss=0.0668
Epoch=170, loss=0.0618
Epoch=171, loss=0.0597
Epoch=172, loss=0.0643
Epoch=173, loss=0.0596
Epoch=174, loss=0.0642
Epoch=175, loss=0.0681
Epoch=176, loss=0.0627
Epoch=177, loss=0.0608
Epoch=178, loss=0.0620
Epoch=179, loss=0.0601
Epoch=180, loss=0.0606
Epoch=181, loss=0.0613
Epoch=182, loss=0.0615
Epoch=183, loss=0.0646
Early stopping!
Loading 163th epoch
Early stopping!
Start to test process.
done with the edge prediction
done with the node prediction
done with the second node prediction
(E) | label_classification: F1Mi=0.7938+-0.0122, F1Ma=0.7758+-0.0133, acc=0.7938+-0.0122
[['MVGRL', 'heat', 16, 15, 2, 'normalize', 0.1, 0.2, 0.4, 0.001, 0.5, 0.2, 0.5, 0.0001, 512, 512, 0.9203680601230931, 0.9182890134862178, 0.9270763946148943, 0.9163763791141593, 0.6428571343421936, 0.5820000171661377, 0.5715667605400085, 0.7428571581840515, 0.5759999752044678, 0.5923597812652588, 0.6212980956082395, 0.009849379906075154, 0.5596805878489989, 0.015309647839258738, 0.6212980956082395, 0.009849379906075154], ['MVGRL', 'heat', 32, 15, 2, 'normalize', 0.1, 0.2, 0.4, 0.001, 0.5, 0.2, 0.5, 0.0001, 512, 512, 0.9458859245569887, 0.9421185644367343, 0.9475279859143266, 0.93576553326492, 0.8857142925262451, 0.7360000014305115, 0.7432301640510559, 0.8999999761581421, 0.7300000190734863, 0.7422630786895752, 0.746521570151574, 0.010830480433674098, 0.7097921576105198, 0.029447268793491667, 0.746521570151574, 0.01083048043367412], ['MVGRL', 'heat', 64, 15, 2, 'normalize', 0.1, 0.2, 0.4, 0.001, 0.5, 0.2, 0.5, 0.0001, 512, 512, 0.9836956284296249, 0.9834699959808736, 0.9681884138854784, 0.9575240802826833, 1.0, 0.7879999876022339, 0.7654739022254944, 1.0, 0.7820000052452087, 0.7649903297424316, 0.786241741158181, 0.013889597756347837, 0.7560793314661817, 0.035509569567628074, 0.7862417411581811, 0.013889597756347825], ['MVGRL', 'heat', 128, 15, 2, 'normalize', 0.1, 0.2, 0.4, 0.001, 0.5, 0.2, 0.5, 0.0001, 512, 512, 0.9623953140241676, 0.959166930922258, 0.959276849014687, 0.9412205747622948, 1.0, 0.7639999985694885, 0.782882034778595, 0.9928571581840515, 0.765999972820282, 0.7823984622955322, 0.7928488146132918, 0.012216271780413296, 0.7759527318066768, 0.015646408933891333, 0.7928488146132919, 0.012216271780413306], ['MVGRL', 'heat', 256, 15, 2, 'normalize', 0.1, 0.2, 0.4, 0.001, 0.5, 0.2, 0.5, 0.0001, 512, 512, 0.9903646553216976, 0.9896319452610766, 0.9755805119378963, 0.9668723676394497, 0.9714285731315613, 0.7760000228881836, 0.7848162651062012, 0.9857142567634583, 0.7720000147819519, 0.7843326926231384, 0.7937815779246017, 0.012232582226807088, 0.7757853291066442, 0.013257363278623284, 0.7937815779246017, 0.012232582226807088]]
Epoch=000, loss=0.6955
Epoch=001, loss=0.6643
Epoch=002, loss=0.7380
Epoch=003, loss=0.6441
Epoch=004, loss=0.6803
Epoch=005, loss=0.6173
Epoch=006, loss=0.6215
Epoch=007, loss=0.6311
Epoch=008, loss=0.5959
Epoch=009, loss=0.5746
Epoch=010, loss=0.5894
Epoch=011, loss=0.5661
Epoch=012, loss=0.5386
Epoch=013, loss=0.5427
Epoch=014, loss=0.5333
Epoch=015, loss=0.5053
Epoch=016, loss=0.4995
Epoch=017, loss=0.4861
Epoch=018, loss=0.4652
Epoch=019, loss=0.4506
Epoch=020, loss=0.4476
Epoch=021, loss=0.4289
Epoch=022, loss=0.4092
Epoch=023, loss=0.4099
Epoch=024, loss=0.4057
Epoch=025, loss=0.3811
Epoch=026, loss=0.3752
Epoch=027, loss=0.3639
Epoch=028, loss=0.3500
Epoch=029, loss=0.3418
Epoch=030, loss=0.3315
Epoch=031, loss=0.3265
Epoch=032, loss=0.3150
Epoch=033, loss=0.3082
Epoch=034, loss=0.2936
Epoch=035, loss=0.2915
Epoch=036, loss=0.2750
Epoch=037, loss=0.2673
Epoch=038, loss=0.2652
Epoch=039, loss=0.2568
Epoch=040, loss=0.2502
Epoch=041, loss=0.2382
Epoch=042, loss=0.2343
Epoch=043, loss=0.2223
Epoch=044, loss=0.2166
Epoch=045, loss=0.2160
Epoch=046, loss=0.2059
Epoch=047, loss=0.2033
Epoch=048, loss=0.1996
Epoch=049, loss=0.1924
Epoch=050, loss=0.1919
Epoch=051, loss=0.1865
Epoch=052, loss=0.1803
Epoch=053, loss=0.1801
Epoch=054, loss=0.1680
Epoch=055, loss=0.1656
Epoch=056, loss=0.1599
Epoch=057, loss=0.1638
Epoch=058, loss=0.1579
Epoch=059, loss=0.1602
Epoch=060, loss=0.1483
Epoch=061, loss=0.1472
Epoch=062, loss=0.1435
Epoch=063, loss=0.1433
Epoch=064, loss=0.1347
Epoch=065, loss=0.1342
Epoch=066, loss=0.1369
Epoch=067, loss=0.1357
Epoch=068, loss=0.1235
Epoch=069, loss=0.1260
Epoch=070, loss=0.1312
Epoch=071, loss=0.1175
Epoch=072, loss=0.1251
Epoch=073, loss=0.1191
Epoch=074, loss=0.1243
Epoch=075, loss=0.1171
Epoch=076, loss=0.1170
Epoch=077, loss=0.1149
Epoch=078, loss=0.1049
Epoch=079, loss=0.1090
Epoch=080, loss=0.1100
Epoch=081, loss=0.1057
Epoch=082, loss=0.1093
Epoch=083, loss=0.1061
Epoch=084, loss=0.1039
Epoch=085, loss=0.1051
Epoch=086, loss=0.1018
Epoch=087, loss=0.1047
Epoch=088, loss=0.0927
Epoch=089, loss=0.0991
Epoch=090, loss=0.0986
Epoch=091, loss=0.0974
Epoch=092, loss=0.0852
Epoch=093, loss=0.0954
Epoch=094, loss=0.0957
Epoch=095, loss=0.0920
Epoch=096, loss=0.0921
Epoch=097, loss=0.0874
Epoch=098, loss=0.0985
Epoch=099, loss=0.0906
Epoch=100, loss=0.0844
Epoch=101, loss=0.0869
Epoch=102, loss=0.0894
Epoch=103, loss=0.0834
Epoch=104, loss=0.0806
Epoch=105, loss=0.0806
Epoch=106, loss=0.0864
Epoch=107, loss=0.0786
Epoch=108, loss=0.0768
Epoch=109, loss=0.0824
Epoch=110, loss=0.0860
Epoch=111, loss=0.0730
Epoch=112, loss=0.0787
Epoch=113, loss=0.0762
Epoch=114, loss=0.0762
Epoch=115, loss=0.0777
Epoch=116, loss=0.0762
Epoch=117, loss=0.0742
Epoch=118, loss=0.0785
Epoch=119, loss=0.0762
Epoch=120, loss=0.0713
Epoch=121, loss=0.0728
Epoch=122, loss=0.0732
Epoch=123, loss=0.0684
Epoch=124, loss=0.0710
Epoch=125, loss=0.0738
Epoch=126, loss=0.0662
Epoch=127, loss=0.0725
Epoch=128, loss=0.0683
Epoch=129, loss=0.0688
Epoch=130, loss=0.0678
Epoch=131, loss=0.0668
Epoch=132, loss=0.0692
Epoch=133, loss=0.0686
Epoch=134, loss=0.0747
Epoch=135, loss=0.0711
Epoch=136, loss=0.0633
Epoch=137, loss=0.0652
Epoch=138, loss=0.0630
Epoch=139, loss=0.0701
Epoch=140, loss=0.0640
Epoch=141, loss=0.0660
Epoch=142, loss=0.0637
Epoch=143, loss=0.0598
Epoch=144, loss=0.0578
Epoch=145, loss=0.0583
Epoch=146, loss=0.0573
Epoch=147, loss=0.0626
Epoch=148, loss=0.0601
Epoch=149, loss=0.0641
Epoch=150, loss=0.0617
Epoch=151, loss=0.0577
Epoch=152, loss=0.0573
Epoch=153, loss=0.0555
Epoch=154, loss=0.0548
Epoch=155, loss=0.0603
Epoch=156, loss=0.0575
Epoch=157, loss=0.0566
Epoch=158, loss=0.0560
Epoch=159, loss=0.0589
Epoch=160, loss=0.0549
Epoch=161, loss=0.0526
Epoch=162, loss=0.0547
Epoch=163, loss=0.0575
Epoch=164, loss=0.0606
Epoch=165, loss=0.0549
Epoch=166, loss=0.0527
Epoch=167, loss=0.0563
Epoch=168, loss=0.0530
Epoch=169, loss=0.0548
Epoch=170, loss=0.0515
Epoch=171, loss=0.0518
Epoch=172, loss=0.0554
Epoch=173, loss=0.0520
Epoch=174, loss=0.0551
Epoch=175, loss=0.0534
Epoch=176, loss=0.0542
Epoch=177, loss=0.0522
Epoch=178, loss=0.0553
Epoch=179, loss=0.0507
Epoch=180, loss=0.0480
Epoch=181, loss=0.0503
Epoch=182, loss=0.0507
Epoch=183, loss=0.0496
Epoch=184, loss=0.0468
Epoch=185, loss=0.0478
Epoch=186, loss=0.0480
Epoch=187, loss=0.0454
Epoch=188, loss=0.0497
Epoch=189, loss=0.0471
Epoch=190, loss=0.0514
Epoch=191, loss=0.0457
Epoch=192, loss=0.0463
Epoch=193, loss=0.0454
Epoch=194, loss=0.0447
Epoch=195, loss=0.0492
Epoch=196, loss=0.0465
Epoch=197, loss=0.0481
Epoch=198, loss=0.0438
Epoch=199, loss=0.0481
Epoch=200, loss=0.0435
Epoch=201, loss=0.0511
Epoch=202, loss=0.0484
Epoch=203, loss=0.0454
Epoch=204, loss=0.0447
Epoch=205, loss=0.0416
Epoch=206, loss=0.0442
Epoch=207, loss=0.0457
Epoch=208, loss=0.0443
Epoch=209, loss=0.0444
Epoch=210, loss=0.0448
Epoch=211, loss=0.0438
Epoch=212, loss=0.0396
Epoch=213, loss=0.0368
Epoch=214, loss=0.0433
Epoch=215, loss=0.0390
Epoch=216, loss=0.0366
Epoch=217, loss=0.0455
Epoch=218, loss=0.0462
Epoch=219, loss=0.0444
Epoch=220, loss=0.0402
Epoch=221, loss=0.0421
Epoch=222, loss=0.0425
Epoch=223, loss=0.0438
Epoch=224, loss=0.0424
Epoch=225, loss=0.0372
Epoch=226, loss=0.0409
Epoch=227, loss=0.0390
Epoch=228, loss=0.0395
Epoch=229, loss=0.0413
Epoch=230, loss=0.0391
Epoch=231, loss=0.0410
Epoch=232, loss=0.0397
Epoch=233, loss=0.0409
Epoch=234, loss=0.0410
Epoch=235, loss=0.0445
Epoch=236, loss=0.0388
Early stopping!
Loading 216th epoch
Early stopping!
Start to test process.
done with the edge prediction
done with the node prediction
done with the second node prediction
(E) | label_classification: F1Mi=0.8051+-0.0091, F1Ma=0.7854+-0.0093, acc=0.8051+-0.0091
[['MVGRL', 'heat', 16, 15, 2, 'normalize', 0.1, 0.2, 0.4, 0.001, 0.5, 0.2, 0.5, 0.0001, 512, 512, 0.9203680601230931, 0.9182890134862178, 0.9270763946148943, 0.9163763791141593, 0.6428571343421936, 0.5820000171661377, 0.5715667605400085, 0.7428571581840515, 0.5759999752044678, 0.5923597812652588, 0.6212980956082395, 0.009849379906075154, 0.5596805878489989, 0.015309647839258738, 0.6212980956082395, 0.009849379906075154], ['MVGRL', 'heat', 32, 15, 2, 'normalize', 0.1, 0.2, 0.4, 0.001, 0.5, 0.2, 0.5, 0.0001, 512, 512, 0.9458859245569887, 0.9421185644367343, 0.9475279859143266, 0.93576553326492, 0.8857142925262451, 0.7360000014305115, 0.7432301640510559, 0.8999999761581421, 0.7300000190734863, 0.7422630786895752, 0.746521570151574, 0.010830480433674098, 0.7097921576105198, 0.029447268793491667, 0.746521570151574, 0.01083048043367412], ['MVGRL', 'heat', 64, 15, 2, 'normalize', 0.1, 0.2, 0.4, 0.001, 0.5, 0.2, 0.5, 0.0001, 512, 512, 0.9836956284296249, 0.9834699959808736, 0.9681884138854784, 0.9575240802826833, 1.0, 0.7879999876022339, 0.7654739022254944, 1.0, 0.7820000052452087, 0.7649903297424316, 0.786241741158181, 0.013889597756347837, 0.7560793314661817, 0.035509569567628074, 0.7862417411581811, 0.013889597756347825], ['MVGRL', 'heat', 128, 15, 2, 'normalize', 0.1, 0.2, 0.4, 0.001, 0.5, 0.2, 0.5, 0.0001, 512, 512, 0.9623953140241676, 0.959166930922258, 0.959276849014687, 0.9412205747622948, 1.0, 0.7639999985694885, 0.782882034778595, 0.9928571581840515, 0.765999972820282, 0.7823984622955322, 0.7928488146132918, 0.012216271780413296, 0.7759527318066768, 0.015646408933891333, 0.7928488146132919, 0.012216271780413306], ['MVGRL', 'heat', 256, 15, 2, 'normalize', 0.1, 0.2, 0.4, 0.001, 0.5, 0.2, 0.5, 0.0001, 512, 512, 0.9903646553216976, 0.9896319452610766, 0.9755805119378963, 0.9668723676394497, 0.9714285731315613, 0.7760000228881836, 0.7848162651062012, 0.9857142567634583, 0.7720000147819519, 0.7843326926231384, 0.7937815779246017, 0.012232582226807088, 0.7757853291066442, 0.013257363278623284, 0.7937815779246017, 0.012232582226807088], ['MVGRL', 'heat', 512, 15, 2, 'normalize', 0.1, 0.2, 0.4, 0.001, 0.5, 0.2, 0.5, 0.0001, 512, 512, 0.9917728966687956, 0.991397287904979, 0.9764986731670081, 0.9664397359806731, 1.0, 0.7820000052452087, 0.7819148898124695, 0.9928571581840515, 0.7799999713897705, 0.7848162651062012, 0.8051301982122038, 0.00914314245007863, 0.7854179480168499, 0.009339990462102455, 0.8051301982122038, 0.009143142450078617]]
