My SLURM_ARRAY_TASK_ID:  17
My SLURM_ARRAY_JOB_ID:  4522389
BGRL
Cora
result file is 4522389_17
Dataset: Cora():
======================
Number of graphs: 1
Number of features: 1433
Number of classes: 7
Data(x=[2708, 1433], edge_index=[2, 10556], y=[2708], train_mask=[2708], val_mask=[2708], test_mask=[2708])
==============================================================
Number of nodes: 2708
Number of edges: 10556
Average node degree: 3.90
Number of training nodes: 140
Training node label rate: 0.05
Contains isolated nodes: False
Contains self-loops: False
Is undirected: True
=== train BGRL model ===
Epoch=000, loss=4.8146
Epoch=001, loss=4.8146
Epoch=002, loss=4.8142
Epoch=003, loss=4.8133
Epoch=004, loss=4.8120
Epoch=005, loss=4.8103
Epoch=006, loss=4.8081
Epoch=007, loss=4.8056
Epoch=008, loss=4.8027
Epoch=009, loss=4.7995
Epoch=010, loss=4.7959
Epoch=011, loss=4.7919
Epoch=012, loss=4.7876
Epoch=013, loss=4.7829
Epoch=014, loss=4.7779
Epoch=015, loss=4.7726
Epoch=016, loss=4.7670
Epoch=017, loss=4.7611
Epoch=018, loss=4.7549
Epoch=019, loss=4.7484
Epoch=020, loss=4.7416
Epoch=021, loss=4.7345
Epoch=022, loss=4.7272
Epoch=023, loss=4.7196
Epoch=024, loss=4.7117
Epoch=025, loss=4.7035
Epoch=026, loss=4.6951
Epoch=027, loss=4.6865
Epoch=028, loss=4.6775
Epoch=029, loss=4.6684
Epoch=030, loss=4.6590
Epoch=031, loss=4.6493
Epoch=032, loss=4.6394
Epoch=033, loss=4.6292
Epoch=034, loss=4.6188
Epoch=035, loss=4.6082
Epoch=036, loss=4.5973
Epoch=037, loss=4.5861
Epoch=038, loss=4.5747
Epoch=039, loss=4.5630
Epoch=040, loss=4.5511
Epoch=041, loss=4.5389
Epoch=042, loss=4.5264
Epoch=043, loss=4.5137
Epoch=044, loss=4.5006
Epoch=045, loss=4.4873
Epoch=046, loss=4.4737
Epoch=047, loss=4.4597
Epoch=048, loss=4.4454
Epoch=049, loss=4.4307
Epoch=050, loss=4.4157
Epoch=051, loss=4.4002
Epoch=052, loss=4.3844
Epoch=053, loss=4.3681
Epoch=054, loss=4.3514
Epoch=055, loss=4.3343
Epoch=056, loss=4.3166
Epoch=057, loss=4.2984
Epoch=058, loss=4.2797
Epoch=059, loss=4.2604
Epoch=060, loss=4.2405
Epoch=061, loss=4.2201
Epoch=062, loss=4.1989
Epoch=063, loss=4.1772
Epoch=064, loss=4.1547
Epoch=065, loss=4.1315
Epoch=066, loss=4.1076
Epoch=067, loss=4.0829
Epoch=068, loss=4.0574
Epoch=069, loss=4.0311
Epoch=070, loss=4.0039
Epoch=071, loss=3.9758
Epoch=072, loss=3.9469
Epoch=073, loss=3.9170
Epoch=074, loss=3.8861
Epoch=075, loss=3.8543
Epoch=076, loss=3.8215
Epoch=077, loss=3.7876
Epoch=078, loss=3.7527
Epoch=079, loss=3.7168
Epoch=080, loss=3.6798
Epoch=081, loss=3.6417
Epoch=082, loss=3.6026
Epoch=083, loss=3.5624
Epoch=084, loss=3.5211
Epoch=085, loss=3.4788
Epoch=086, loss=3.4354
Epoch=087, loss=3.3909
Epoch=088, loss=3.3455
Epoch=089, loss=3.2990
Epoch=090, loss=3.2516
Epoch=091, loss=3.2033
Epoch=092, loss=3.1541
Epoch=093, loss=3.1040
Epoch=094, loss=3.0531
Epoch=095, loss=3.0015
Epoch=096, loss=2.9492
Epoch=097, loss=2.8964
Epoch=098, loss=2.8430
Epoch=099, loss=2.7890
Epoch=100, loss=2.7347
Epoch=101, loss=2.6800
Epoch=102, loss=2.6250
Epoch=103, loss=2.5699
Epoch=104, loss=2.5146
Epoch=105, loss=2.4593
Epoch=106, loss=2.4040
Epoch=107, loss=2.3488
Epoch=108, loss=2.2938
Epoch=109, loss=2.2390
Epoch=110, loss=2.1845
Epoch=111, loss=2.1305
Epoch=112, loss=2.0768
Epoch=113, loss=2.0237
Epoch=114, loss=1.9711
Epoch=115, loss=1.9192
Epoch=116, loss=1.8678
Epoch=117, loss=1.8172
Epoch=118, loss=1.7672
Epoch=119, loss=1.7181
Epoch=120, loss=1.6697
Epoch=121, loss=1.6221
Epoch=122, loss=1.5753
Epoch=123, loss=1.5294
Epoch=124, loss=1.4844
Epoch=125, loss=1.4402
Epoch=126, loss=1.3969
Epoch=127, loss=1.3546
Epoch=128, loss=1.3131
Epoch=129, loss=1.2725
Epoch=130, loss=1.2329
Epoch=131, loss=1.1941
Epoch=132, loss=1.1563
Epoch=133, loss=1.1193
Epoch=134, loss=1.0833
Epoch=135, loss=1.0482
Epoch=136, loss=1.0139
Epoch=137, loss=0.9806
Epoch=138, loss=0.9481
Epoch=139, loss=0.9166
Epoch=140, loss=0.8860
Epoch=141, loss=0.8562
Epoch=142, loss=0.8274
Epoch=143, loss=0.7994
Epoch=144, loss=0.7724
Epoch=145, loss=0.7462
Epoch=146, loss=0.7209
Epoch=147, loss=0.6965
Epoch=148, loss=0.6729
Epoch=149, loss=0.6503
Epoch=150, loss=0.6284
Epoch=151, loss=0.6074
Epoch=152, loss=0.5873
Epoch=153, loss=0.5680
Epoch=154, loss=0.5495
Epoch=155, loss=0.5318
Epoch=156, loss=0.5149
Epoch=157, loss=0.4988
Epoch=158, loss=0.4835
Epoch=159, loss=0.4689
Epoch=160, loss=0.4550
Epoch=161, loss=0.4419
Epoch=162, loss=0.4294
Epoch=163, loss=0.4176
Epoch=164, loss=0.4065
Epoch=165, loss=0.3960
Epoch=166, loss=0.3860
Epoch=167, loss=0.3767
Epoch=168, loss=0.3679
Epoch=169, loss=0.3596
Epoch=170, loss=0.3518
Epoch=171, loss=0.3446
Epoch=172, loss=0.3377
Epoch=173, loss=0.3314
Epoch=174, loss=0.3254
Epoch=175, loss=0.3198
Epoch=176, loss=0.3146
Epoch=177, loss=0.3097
Epoch=178, loss=0.3051
Epoch=179, loss=0.3009
Epoch=180, loss=0.2969
Epoch=181, loss=0.2932
Epoch=182, loss=0.2897
Epoch=183, loss=0.2865
Epoch=184, loss=0.2835
Epoch=185, loss=0.2807
Epoch=186, loss=0.2780
Epoch=187, loss=0.2756
Epoch=188, loss=0.2732
Epoch=189, loss=0.2711
Epoch=190, loss=0.2690
Epoch=191, loss=0.2671
Epoch=192, loss=0.2653
Epoch=193, loss=0.2636
Epoch=194, loss=0.2620
Epoch=195, loss=0.2605
Epoch=196, loss=0.2591
Epoch=197, loss=0.2577
Epoch=198, loss=0.2564
Epoch=199, loss=0.2552
Epoch=200, loss=0.2541
Epoch=201, loss=0.2530
Epoch=202, loss=0.2520
Epoch=203, loss=0.2510
Epoch=204, loss=0.2501
Epoch=205, loss=0.2493
Epoch=206, loss=0.2484
Epoch=207, loss=0.2476
Epoch=208, loss=0.2469
Epoch=209, loss=0.2462
Epoch=210, loss=0.2455
Epoch=211, loss=0.2449
Epoch=212, loss=0.2443
Epoch=213, loss=0.2437
Epoch=214, loss=0.2431
Epoch=215, loss=0.2426
Epoch=216, loss=0.2421
Epoch=217, loss=0.2416
Epoch=218, loss=0.2412
Epoch=219, loss=0.2407
Epoch=220, loss=0.2403
Epoch=221, loss=0.2399
Epoch=222, loss=0.2395
Epoch=223, loss=0.2392
Epoch=224, loss=0.2389
Epoch=225, loss=0.2385
Epoch=226, loss=0.2382
Epoch=227, loss=0.2380
Epoch=228, loss=0.2377
Epoch=229, loss=0.2374
Epoch=230, loss=0.2372
Epoch=231, loss=0.2369
Epoch=232, loss=0.2367
Epoch=233, loss=0.2365
Epoch=234, loss=0.2363
Epoch=235, loss=0.2361
Epoch=236, loss=0.2359
Epoch=237, loss=0.2358
Epoch=238, loss=0.2356
Epoch=239, loss=0.2354
Epoch=240, loss=0.2353
Epoch=241, loss=0.2351
Epoch=242, loss=0.2350
Epoch=243, loss=0.2349
Epoch=244, loss=0.2347
Epoch=245, loss=0.2346
Epoch=246, loss=0.2345
Epoch=247, loss=0.2343
Epoch=248, loss=0.2342
Epoch=249, loss=0.2341
Epoch=250, loss=0.2339
Epoch=251, loss=0.2338
Epoch=252, loss=0.2337
Epoch=253, loss=0.2335
Epoch=254, loss=0.2334
Epoch=255, loss=0.2332
Epoch=256, loss=0.2331
Epoch=257, loss=0.2329
Epoch=258, loss=0.2328
Epoch=259, loss=0.2326
Epoch=260, loss=0.2324
Epoch=261, loss=0.2323
Epoch=262, loss=0.2321
Epoch=263, loss=0.2319
Epoch=264, loss=0.2317
Epoch=265, loss=0.2315
Epoch=266, loss=0.2312
Epoch=267, loss=0.2310
Epoch=268, loss=0.2308
Epoch=269, loss=0.2305
Epoch=270, loss=0.2303
Epoch=271, loss=0.2300
Epoch=272, loss=0.2297
Epoch=273, loss=0.2294
Epoch=274, loss=0.2291
Epoch=275, loss=0.2288
Epoch=276, loss=0.2284
Epoch=277, loss=0.2281
Epoch=278, loss=0.2277
Epoch=279, loss=0.2273
Epoch=280, loss=0.2269
Epoch=281, loss=0.2265
Epoch=282, loss=0.2261
Epoch=283, loss=0.2256
Epoch=284, loss=0.2251
Epoch=285, loss=0.2247
Epoch=286, loss=0.2242
Epoch=287, loss=0.2236
Epoch=288, loss=0.2231
Epoch=289, loss=0.2225
Epoch=290, loss=0.2220
Epoch=291, loss=0.2214
Epoch=292, loss=0.2208
Epoch=293, loss=0.2202
Epoch=294, loss=0.2195
Epoch=295, loss=0.2188
Epoch=296, loss=0.2182
Epoch=297, loss=0.2175
Epoch=298, loss=0.2167
Epoch=299, loss=0.2160
Epoch=300, loss=0.2152
Epoch=301, loss=0.2145
Epoch=302, loss=0.2137
Epoch=303, loss=0.2129
Epoch=304, loss=0.2120
Epoch=305, loss=0.2112
Epoch=306, loss=0.2103
Epoch=307, loss=0.2094
Epoch=308, loss=0.2085
Epoch=309, loss=0.2076
Epoch=310, loss=0.2066
Epoch=311, loss=0.2057
Epoch=312, loss=0.2047
Epoch=313, loss=0.2037
Epoch=314, loss=0.2027
Epoch=315, loss=0.2016
Epoch=316, loss=0.2006
Epoch=317, loss=0.1995
Epoch=318, loss=0.1985
Epoch=319, loss=0.1974
Epoch=320, loss=0.1963
Epoch=321, loss=0.1951
Epoch=322, loss=0.1940
Epoch=323, loss=0.1928
Epoch=324, loss=0.1917
Epoch=325, loss=0.1905
Epoch=326, loss=0.1893
Epoch=327, loss=0.1881
Epoch=328, loss=0.1869
Epoch=329, loss=0.1857
Epoch=330, loss=0.1845
Epoch=331, loss=0.1833
Epoch=332, loss=0.1820
Epoch=333, loss=0.1808
Epoch=334, loss=0.1795
Epoch=335, loss=0.1783
Epoch=336, loss=0.1770
Epoch=337, loss=0.1757
Epoch=338, loss=0.1745
Epoch=339, loss=0.1732
Epoch=340, loss=0.1719
Epoch=341, loss=0.1707
Epoch=342, loss=0.1694
Epoch=343, loss=0.1681
Epoch=344, loss=0.1669
Epoch=345, loss=0.1656
Epoch=346, loss=0.1644
Epoch=347, loss=0.1631
Epoch=348, loss=0.1619
Epoch=349, loss=0.1606
Epoch=350, loss=0.1594
Epoch=351, loss=0.1582
Epoch=352, loss=0.1569
Epoch=353, loss=0.1557
Epoch=354, loss=0.1545
Epoch=355, loss=0.1534
Epoch=356, loss=0.1522
Epoch=357, loss=0.1510
Epoch=358, loss=0.1499
Epoch=359, loss=0.1488
Epoch=360, loss=0.1477
Epoch=361, loss=0.1466
Epoch=362, loss=0.1455
Epoch=363, loss=0.1445
Epoch=364, loss=0.1434
Epoch=365, loss=0.1424
Epoch=366, loss=0.1414
Epoch=367, loss=0.1404
Epoch=368, loss=0.1395
Epoch=369, loss=0.1385
Epoch=370, loss=0.1376
Epoch=371, loss=0.1367
Epoch=372, loss=0.1358
Epoch=373, loss=0.1350
Epoch=374, loss=0.1341
Epoch=375, loss=0.1333
Epoch=376, loss=0.1325
Epoch=377, loss=0.1318
Epoch=378, loss=0.1310
Epoch=379, loss=0.1303
Epoch=380, loss=0.1295
Epoch=381, loss=0.1288
Epoch=382, loss=0.1281
Epoch=383, loss=0.1275
Epoch=384, loss=0.1268
Epoch=385, loss=0.1261
Epoch=386, loss=0.1255
Epoch=387, loss=0.1249
Epoch=388, loss=0.1243
Epoch=389, loss=0.1237
Epoch=390, loss=0.1231
Epoch=391, loss=0.1225
Epoch=392, loss=0.1219
Epoch=393, loss=0.1213
Epoch=394, loss=0.1206
Epoch=395, loss=0.1200
Epoch=396, loss=0.1194
Epoch=397, loss=0.1188
Epoch=398, loss=0.1181
Epoch=399, loss=0.1175
Epoch=400, loss=0.1168
Epoch=401, loss=0.1161
Epoch=402, loss=0.1154
Epoch=403, loss=0.1147
Epoch=404, loss=0.1140
Epoch=405, loss=0.1132
Epoch=406, loss=0.1124
Epoch=407, loss=0.1116
Epoch=408, loss=0.1108
Epoch=409, loss=0.1099
Epoch=410, loss=0.1090
Epoch=411, loss=0.1081
Epoch=412, loss=0.1072
Epoch=413, loss=0.1062
Epoch=414, loss=0.1052
Epoch=415, loss=0.1041
Epoch=416, loss=0.1031
Epoch=417, loss=0.1020
Epoch=418, loss=0.1009
Epoch=419, loss=0.0997
Epoch=420, loss=0.0985
Epoch=421, loss=0.0974
Epoch=422, loss=0.0962
Epoch=423, loss=0.0950
Epoch=424, loss=0.0937
Epoch=425, loss=0.0925
Epoch=426, loss=0.0912
Epoch=427, loss=0.0900
Epoch=428, loss=0.0887
Epoch=429, loss=0.0874
Epoch=430, loss=0.0862
Epoch=431, loss=0.0849
Epoch=432, loss=0.0837
Epoch=433, loss=0.0824
Epoch=434, loss=0.0812
Epoch=435, loss=0.0800
Epoch=436, loss=0.0787
Epoch=437, loss=0.0775
Epoch=438, loss=0.0764
Epoch=439, loss=0.0752
Epoch=440, loss=0.0741
Epoch=441, loss=0.0730
Epoch=442, loss=0.0719
Epoch=443, loss=0.0708
Epoch=444, loss=0.0698
Epoch=445, loss=0.0688
Epoch=446, loss=0.0678
Epoch=447, loss=0.0669
Epoch=448, loss=0.0660
Epoch=449, loss=0.0651
Epoch=450, loss=0.0642
Epoch=451, loss=0.0634
Epoch=452, loss=0.0626
Epoch=453, loss=0.0618
Epoch=454, loss=0.0610
Epoch=455, loss=0.0602
Epoch=456, loss=0.0595
Epoch=457, loss=0.0588
Epoch=458, loss=0.0581
Epoch=459, loss=0.0574
Epoch=460, loss=0.0567
Epoch=461, loss=0.0561
Epoch=462, loss=0.0554
Epoch=463, loss=0.0548
Epoch=464, loss=0.0542
Epoch=465, loss=0.0536
Epoch=466, loss=0.0530
Epoch=467, loss=0.0524
Epoch=468, loss=0.0519
Epoch=469, loss=0.0513
Epoch=470, loss=0.0508
Epoch=471, loss=0.0502
Epoch=472, loss=0.0497
Epoch=473, loss=0.0492
Epoch=474, loss=0.0487
Epoch=475, loss=0.0482
Epoch=476, loss=0.0477
Epoch=477, loss=0.0473
Epoch=478, loss=0.0468
Epoch=479, loss=0.0464
Epoch=480, loss=0.0459
Epoch=481, loss=0.0455
Epoch=482, loss=0.0451
Epoch=483, loss=0.0447
Epoch=484, loss=0.0442
Epoch=485, loss=0.0439
Epoch=486, loss=0.0435
Epoch=487, loss=0.0431
Epoch=488, loss=0.0427
Epoch=489, loss=0.0423
Epoch=490, loss=0.0420
Epoch=491, loss=0.0416
Epoch=492, loss=0.0413
Epoch=493, loss=0.0410
Epoch=494, loss=0.0406
Epoch=495, loss=0.0403
Epoch=496, loss=0.0400
Epoch=497, loss=0.0397
Epoch=498, loss=0.0394
Epoch=499, loss=0.0391
Early stopping!
Start to test process.
done with the edge prediction
done with the node prediction
done with the second node prediction
