My SLURM_ARRAY_TASK_ID:  14
My SLURM_ARRAY_JOB_ID:  4522329
MVGRL
Cora
result file is 4522329_14
Dataset: Cora():
======================
Number of graphs: 1
Number of features: 1433
Number of classes: 7
Data(x=[2708, 1433], edge_index=[2, 10556], y=[2708], train_mask=[2708], val_mask=[2708], test_mask=[2708])
==============================================================
Number of nodes: 2708
Number of edges: 10556
Average node degree: 3.90
Number of training nodes: 140
Training node label rate: 0.05
Contains isolated nodes: False
Contains self-loops: False
Is undirected: True
Epoch=000, loss=0.6958
Epoch=001, loss=0.6952
Epoch=002, loss=0.6946
Epoch=003, loss=0.6942
Epoch=004, loss=0.6937
Epoch=005, loss=0.6934
Epoch=006, loss=0.6930
Epoch=007, loss=0.6923
Epoch=008, loss=0.6920
Epoch=009, loss=0.6918
Epoch=010, loss=0.6912
Epoch=011, loss=0.6908
Epoch=012, loss=0.6903
Epoch=013, loss=0.6896
Epoch=014, loss=0.6893
Epoch=015, loss=0.6887
Epoch=016, loss=0.6885
Epoch=017, loss=0.6877
Epoch=018, loss=0.6869
Epoch=019, loss=0.6865
Epoch=020, loss=0.6858
Epoch=021, loss=0.6855
Epoch=022, loss=0.6852
Epoch=023, loss=0.6843
Epoch=024, loss=0.6838
Epoch=025, loss=0.6832
Epoch=026, loss=0.6826
Epoch=027, loss=0.6823
Epoch=028, loss=0.6810
Epoch=029, loss=0.6814
Epoch=030, loss=0.6799
Epoch=031, loss=0.6793
Epoch=032, loss=0.6793
Epoch=033, loss=0.6777
Epoch=034, loss=0.6773
Epoch=035, loss=0.6759
Epoch=036, loss=0.6760
Epoch=037, loss=0.6736
Epoch=038, loss=0.6735
Epoch=039, loss=0.6721
Epoch=040, loss=0.6718
Epoch=041, loss=0.6706
Epoch=042, loss=0.6714
Epoch=043, loss=0.6714
Epoch=044, loss=0.6678
Epoch=045, loss=0.6680
Epoch=046, loss=0.6681
Epoch=047, loss=0.6657
Epoch=048, loss=0.6664
Epoch=049, loss=0.6639
Epoch=050, loss=0.6617
Epoch=051, loss=0.6613
Epoch=052, loss=0.6587
Epoch=053, loss=0.6597
Epoch=054, loss=0.6576
Epoch=055, loss=0.6575
Epoch=056, loss=0.6566
Epoch=057, loss=0.6540
Epoch=058, loss=0.6537
Epoch=059, loss=0.6511
Epoch=060, loss=0.6501
Epoch=061, loss=0.6485
Epoch=062, loss=0.6493
Epoch=063, loss=0.6456
Epoch=064, loss=0.6444
Epoch=065, loss=0.6446
Epoch=066, loss=0.6418
Epoch=067, loss=0.6443
Epoch=068, loss=0.6406
Epoch=069, loss=0.6375
Epoch=070, loss=0.6357
Epoch=071, loss=0.6334
Epoch=072, loss=0.6309
Epoch=073, loss=0.6306
Epoch=074, loss=0.6285
Epoch=075, loss=0.6304
Epoch=076, loss=0.6247
Epoch=077, loss=0.6267
Epoch=078, loss=0.6238
Epoch=079, loss=0.6247
Epoch=080, loss=0.6191
Epoch=081, loss=0.6169
Epoch=082, loss=0.6187
Epoch=083, loss=0.6134
Epoch=084, loss=0.6130
Epoch=085, loss=0.6117
Epoch=086, loss=0.6097
Epoch=087, loss=0.6091
Epoch=088, loss=0.6051
Epoch=089, loss=0.6074
Epoch=090, loss=0.6024
Epoch=091, loss=0.6016
Epoch=092, loss=0.5992
Epoch=093, loss=0.5962
Epoch=094, loss=0.5980
Epoch=095, loss=0.5955
Epoch=096, loss=0.5953
Epoch=097, loss=0.5917
Epoch=098, loss=0.5921
Epoch=099, loss=0.5887
Epoch=100, loss=0.5853
Epoch=101, loss=0.5825
Epoch=102, loss=0.5821
Epoch=103, loss=0.5846
Epoch=104, loss=0.5804
Epoch=105, loss=0.5820
Epoch=106, loss=0.5787
Epoch=107, loss=0.5756
Epoch=108, loss=0.5762
Epoch=109, loss=0.5730
Epoch=110, loss=0.5674
Epoch=111, loss=0.5715
Epoch=112, loss=0.5703
Epoch=113, loss=0.5699
Epoch=114, loss=0.5665
Epoch=115, loss=0.5642
Epoch=116, loss=0.5621
Epoch=117, loss=0.5601
Epoch=118, loss=0.5602
Epoch=119, loss=0.5575
Epoch=120, loss=0.5542
Epoch=121, loss=0.5560
Epoch=122, loss=0.5540
Epoch=123, loss=0.5515
Epoch=124, loss=0.5563
Epoch=125, loss=0.5451
Epoch=126, loss=0.5467
Epoch=127, loss=0.5489
Epoch=128, loss=0.5411
Epoch=129, loss=0.5412
Epoch=130, loss=0.5427
Epoch=131, loss=0.5420
Epoch=132, loss=0.5402
Epoch=133, loss=0.5370
Epoch=134, loss=0.5339
Epoch=135, loss=0.5321
Epoch=136, loss=0.5315
Epoch=137, loss=0.5378
Epoch=138, loss=0.5285
Epoch=139, loss=0.5274
Epoch=140, loss=0.5282
Epoch=141, loss=0.5244
Epoch=142, loss=0.5236
Epoch=143, loss=0.5272
Epoch=144, loss=0.5217
Epoch=145, loss=0.5206
Epoch=146, loss=0.5212
Epoch=147, loss=0.5198
Epoch=148, loss=0.5115
Epoch=149, loss=0.5140
Epoch=150, loss=0.5141
Epoch=151, loss=0.5126
Epoch=152, loss=0.5097
Epoch=153, loss=0.5069
Epoch=154, loss=0.5046
Epoch=155, loss=0.5136
Epoch=156, loss=0.5069
Epoch=157, loss=0.5049
Epoch=158, loss=0.5065
Epoch=159, loss=0.5053
Epoch=160, loss=0.4989
Epoch=161, loss=0.5004
Epoch=162, loss=0.4977
Epoch=163, loss=0.4944
Epoch=164, loss=0.4976
Epoch=165, loss=0.4967
Epoch=166, loss=0.4930
Epoch=167, loss=0.4892
Epoch=168, loss=0.4896
Epoch=169, loss=0.4909
Epoch=170, loss=0.4943
Epoch=171, loss=0.4909
Epoch=172, loss=0.4910
Epoch=173, loss=0.4908
Epoch=174, loss=0.4867
Epoch=175, loss=0.4828
Epoch=176, loss=0.4838
Epoch=177, loss=0.4771
Epoch=178, loss=0.4788
Epoch=179, loss=0.4763
Epoch=180, loss=0.4797
Epoch=181, loss=0.4748
Epoch=182, loss=0.4755
Epoch=183, loss=0.4747
Epoch=184, loss=0.4764
Epoch=185, loss=0.4785
Epoch=186, loss=0.4789
Epoch=187, loss=0.4714
Epoch=188, loss=0.4693
Epoch=189, loss=0.4715
Epoch=190, loss=0.4672
Epoch=191, loss=0.4638
Epoch=192, loss=0.4694
Epoch=193, loss=0.4686
Epoch=194, loss=0.4667
Epoch=195, loss=0.4759
Epoch=196, loss=0.4637
Epoch=197, loss=0.4618
Epoch=198, loss=0.4607
Epoch=199, loss=0.4604
Epoch=200, loss=0.4663
Epoch=201, loss=0.4629
Epoch=202, loss=0.4561
Epoch=203, loss=0.4561
Epoch=204, loss=0.4514
Epoch=205, loss=0.4555
Epoch=206, loss=0.4567
Epoch=207, loss=0.4510
Epoch=208, loss=0.4536
Epoch=209, loss=0.4538
Epoch=210, loss=0.4538
Epoch=211, loss=0.4544
Epoch=212, loss=0.4508
Epoch=213, loss=0.4519
Epoch=214, loss=0.4490
Epoch=215, loss=0.4498
Epoch=216, loss=0.4501
Epoch=217, loss=0.4450
Epoch=218, loss=0.4443
Epoch=219, loss=0.4392
Epoch=220, loss=0.4453
Epoch=221, loss=0.4438
Epoch=222, loss=0.4420
Epoch=223, loss=0.4423
Epoch=224, loss=0.4363
Epoch=225, loss=0.4412
Epoch=226, loss=0.4366
Epoch=227, loss=0.4380
Epoch=228, loss=0.4376
Epoch=229, loss=0.4368
Epoch=230, loss=0.4395
Epoch=231, loss=0.4330
Epoch=232, loss=0.4348
Epoch=233, loss=0.4346
Epoch=234, loss=0.4319
Epoch=235, loss=0.4351
Epoch=236, loss=0.4315
Epoch=237, loss=0.4384
Epoch=238, loss=0.4325
Epoch=239, loss=0.4326
Epoch=240, loss=0.4324
Epoch=241, loss=0.4281
Epoch=242, loss=0.4324
Epoch=243, loss=0.4302
Epoch=244, loss=0.4262
Epoch=245, loss=0.4274
Epoch=246, loss=0.4271
Epoch=247, loss=0.4265
Epoch=248, loss=0.4263
Epoch=249, loss=0.4230
Epoch=250, loss=0.4229
Epoch=251, loss=0.4218
Epoch=252, loss=0.4200
Epoch=253, loss=0.4253
Epoch=254, loss=0.4210
Epoch=255, loss=0.4185
Epoch=256, loss=0.4165
Epoch=257, loss=0.4188
Epoch=258, loss=0.4170
Epoch=259, loss=0.4193
Epoch=260, loss=0.4157
Epoch=261, loss=0.4120
Epoch=262, loss=0.4148
Epoch=263, loss=0.4126
Epoch=264, loss=0.4157
Epoch=265, loss=0.4133
Epoch=266, loss=0.4142
Epoch=267, loss=0.4104
Epoch=268, loss=0.4157
Epoch=269, loss=0.4115
Epoch=270, loss=0.4101
Epoch=271, loss=0.4100
Epoch=272, loss=0.4113
Epoch=273, loss=0.4095
Epoch=274, loss=0.4057
Epoch=275, loss=0.4073
Epoch=276, loss=0.4098
Epoch=277, loss=0.4044
Epoch=278, loss=0.4090
Epoch=279, loss=0.4101
Epoch=280, loss=0.4064
Epoch=281, loss=0.4057
Epoch=282, loss=0.4039
Epoch=283, loss=0.4039
Epoch=284, loss=0.4057
Epoch=285, loss=0.4002
Epoch=286, loss=0.4038
Epoch=287, loss=0.4044
Epoch=288, loss=0.4000
Epoch=289, loss=0.3994
Epoch=290, loss=0.3997
Epoch=291, loss=0.4017
Epoch=292, loss=0.4015
Epoch=293, loss=0.4001
Epoch=294, loss=0.3966
Epoch=295, loss=0.3989
Epoch=296, loss=0.3980
Epoch=297, loss=0.4011
Epoch=298, loss=0.3928
Epoch=299, loss=0.3986
Epoch=300, loss=0.3934
Epoch=301, loss=0.3979
Epoch=302, loss=0.3928
Epoch=303, loss=0.3963
Epoch=304, loss=0.3938
Epoch=305, loss=0.3936
Epoch=306, loss=0.3922
Epoch=307, loss=0.3916
Epoch=308, loss=0.3946
Epoch=309, loss=0.3888
Epoch=310, loss=0.3932
Epoch=311, loss=0.3885
Epoch=312, loss=0.3859
Epoch=313, loss=0.3876
Epoch=314, loss=0.3878
Epoch=315, loss=0.3824
Epoch=316, loss=0.3903
Epoch=317, loss=0.3891
Epoch=318, loss=0.3836
Epoch=319, loss=0.3891
Epoch=320, loss=0.3861
Epoch=321, loss=0.3882
Epoch=322, loss=0.3854
Epoch=323, loss=0.3850
Epoch=324, loss=0.3836
Epoch=325, loss=0.3829
Epoch=326, loss=0.3832
Epoch=327, loss=0.3810
Epoch=328, loss=0.3823
Epoch=329, loss=0.3803
Epoch=330, loss=0.3823
Epoch=331, loss=0.3815
Epoch=332, loss=0.3812
Epoch=333, loss=0.3764
Epoch=334, loss=0.3793
Epoch=335, loss=0.3765
Epoch=336, loss=0.3765
Epoch=337, loss=0.3755
Epoch=338, loss=0.3755
Epoch=339, loss=0.3741
Epoch=340, loss=0.3751
Epoch=341, loss=0.3732
Epoch=342, loss=0.3739
Epoch=343, loss=0.3731
Epoch=344, loss=0.3701
Epoch=345, loss=0.3715
Epoch=346, loss=0.3749
Epoch=347, loss=0.3789
Epoch=348, loss=0.3722
Epoch=349, loss=0.3721
Epoch=350, loss=0.3706
Epoch=351, loss=0.3686
Epoch=352, loss=0.3733
Epoch=353, loss=0.3695
Epoch=354, loss=0.3654
Epoch=355, loss=0.3676
Epoch=356, loss=0.3688
Epoch=357, loss=0.3711
Epoch=358, loss=0.3712
Epoch=359, loss=0.3688
Epoch=360, loss=0.3693
Epoch=361, loss=0.3642
Epoch=362, loss=0.3700
Epoch=363, loss=0.3666
Epoch=364, loss=0.3616
Epoch=365, loss=0.3659
Epoch=366, loss=0.3624
Epoch=367, loss=0.3651
Epoch=368, loss=0.3674
Epoch=369, loss=0.3672
Epoch=370, loss=0.3595
Epoch=371, loss=0.3599
Epoch=372, loss=0.3618
Epoch=373, loss=0.3639
Epoch=374, loss=0.3606
Epoch=375, loss=0.3615
Epoch=376, loss=0.3584
Epoch=377, loss=0.3593
Epoch=378, loss=0.3615
Epoch=379, loss=0.3599
Epoch=380, loss=0.3588
Epoch=381, loss=0.3566
Epoch=382, loss=0.3598
Epoch=383, loss=0.3577
Epoch=384, loss=0.3602
Epoch=385, loss=0.3549
Epoch=386, loss=0.3535
Epoch=387, loss=0.3557
Epoch=388, loss=0.3533
Epoch=389, loss=0.3520
Epoch=390, loss=0.3549
Epoch=391, loss=0.3533
Epoch=392, loss=0.3543
Epoch=393, loss=0.3562
Epoch=394, loss=0.3534
Epoch=395, loss=0.3530
Epoch=396, loss=0.3551
Epoch=397, loss=0.3512
Epoch=398, loss=0.3499
Epoch=399, loss=0.3535
Epoch=400, loss=0.3495
Epoch=401, loss=0.3505
Epoch=402, loss=0.3484
Epoch=403, loss=0.3510
Epoch=404, loss=0.3501
Epoch=405, loss=0.3471
Epoch=406, loss=0.3484
Epoch=407, loss=0.3469
Epoch=408, loss=0.3464
Epoch=409, loss=0.3448
Epoch=410, loss=0.3506
Epoch=411, loss=0.3445
Epoch=412, loss=0.3461
Epoch=413, loss=0.3468
Epoch=414, loss=0.3487
Epoch=415, loss=0.3447
Epoch=416, loss=0.3461
Epoch=417, loss=0.3453
Epoch=418, loss=0.3438
Epoch=419, loss=0.3453
Epoch=420, loss=0.3424
Epoch=421, loss=0.3456
Epoch=422, loss=0.3410
Epoch=423, loss=0.3420
Epoch=424, loss=0.3423
Epoch=425, loss=0.3428
Epoch=426, loss=0.3407
Epoch=427, loss=0.3439
Epoch=428, loss=0.3415
Epoch=429, loss=0.3420
Epoch=430, loss=0.3370
Epoch=431, loss=0.3416
Epoch=432, loss=0.3366
Epoch=433, loss=0.3403
Epoch=434, loss=0.3376
Epoch=435, loss=0.3374
Epoch=436, loss=0.3387
Epoch=437, loss=0.3339
Epoch=438, loss=0.3365
Epoch=439, loss=0.3392
Epoch=440, loss=0.3389
Epoch=441, loss=0.3356
Epoch=442, loss=0.3397
Epoch=443, loss=0.3362
Epoch=444, loss=0.3355
Epoch=445, loss=0.3338
Epoch=446, loss=0.3386
Epoch=447, loss=0.3357
Epoch=448, loss=0.3372
Epoch=449, loss=0.3332
Epoch=450, loss=0.3346
Epoch=451, loss=0.3333
Epoch=452, loss=0.3307
Epoch=453, loss=0.3367
Epoch=454, loss=0.3309
Epoch=455, loss=0.3317
Epoch=456, loss=0.3333
Epoch=457, loss=0.3314
Epoch=458, loss=0.3305
Epoch=459, loss=0.3269
Epoch=460, loss=0.3298
Epoch=461, loss=0.3275
Epoch=462, loss=0.3308
Epoch=463, loss=0.3278
Epoch=464, loss=0.3245
Epoch=465, loss=0.3270
Epoch=466, loss=0.3238
Epoch=467, loss=0.3281
Epoch=468, loss=0.3292
Epoch=469, loss=0.3217
Epoch=470, loss=0.3257
Epoch=471, loss=0.3246
Epoch=472, loss=0.3289
Epoch=473, loss=0.3217
Epoch=474, loss=0.3220
Epoch=475, loss=0.3202
Epoch=476, loss=0.3213
Epoch=477, loss=0.3198
Epoch=478, loss=0.3255
Epoch=479, loss=0.3230
Epoch=480, loss=0.3295
Epoch=481, loss=0.3203
Epoch=482, loss=0.3200
Epoch=483, loss=0.3199
Epoch=484, loss=0.3209
Epoch=485, loss=0.3182
Epoch=486, loss=0.3210
Epoch=487, loss=0.3243
Epoch=488, loss=0.3205
Epoch=489, loss=0.3141
Epoch=490, loss=0.3210
Epoch=491, loss=0.3168
Epoch=492, loss=0.3170
Epoch=493, loss=0.3155
Epoch=494, loss=0.3172
Epoch=495, loss=0.3201
Epoch=496, loss=0.3191
Epoch=497, loss=0.3141
Epoch=498, loss=0.3136
Epoch=499, loss=0.3142
Loading 498th epoch
Early stopping!
Start to test process.
done with the edge prediction
done with the node prediction
done with the second node prediction
(E) | label_classification: F1Mi=0.6157+-0.0132, F1Ma=0.5686+-0.0209, acc=0.6157+-0.0132
[['MVGRL', 'heat', 16, 15, 2, 'normalize', 0.1, 0.2, 0.4, 0.001, 0.5, 0.2, 0.5, 0.0001, 512, 512, 0.931701858550907, 0.9298939607513151, 0.9397362176798245, 0.936956433513053, 0.7571428418159485, 0.6140000224113464, 0.5469052195549011, 0.7357142567634583, 0.6159999966621399, 0.5411025285720825, 0.6157015157403809, 0.013217347181113576, 0.5685925078921809, 0.020929367884800397, 0.6157015157403809, 0.013217347181113576]]
Epoch=000, loss=0.6950
Epoch=001, loss=0.6939
Epoch=002, loss=0.6931
Epoch=003, loss=0.6924
Epoch=004, loss=0.6914
Epoch=005, loss=0.6906
Epoch=006, loss=0.6898
Epoch=007, loss=0.6890
Epoch=008, loss=0.6882
Epoch=009, loss=0.6871
Epoch=010, loss=0.6863
Epoch=011, loss=0.6857
Epoch=012, loss=0.6842
Epoch=013, loss=0.6830
Epoch=014, loss=0.6824
Epoch=015, loss=0.6809
Epoch=016, loss=0.6794
Epoch=017, loss=0.6780
Epoch=018, loss=0.6769
Epoch=019, loss=0.6756
Epoch=020, loss=0.6736
Epoch=021, loss=0.6718
Epoch=022, loss=0.6704
Epoch=023, loss=0.6680
Epoch=024, loss=0.6667
Epoch=025, loss=0.6641
Epoch=026, loss=0.6630
Epoch=027, loss=0.6595
Epoch=028, loss=0.6576
Epoch=029, loss=0.6549
Epoch=030, loss=0.6538
Epoch=031, loss=0.6529
Epoch=032, loss=0.6486
Epoch=033, loss=0.6456
Epoch=034, loss=0.6435
Epoch=035, loss=0.6414
Epoch=036, loss=0.6370
Epoch=037, loss=0.6322
Epoch=038, loss=0.6345
Epoch=039, loss=0.6307
Epoch=040, loss=0.6281
Epoch=041, loss=0.6248
Epoch=042, loss=0.6203
Epoch=043, loss=0.6186
Epoch=044, loss=0.6165
Epoch=045, loss=0.6160
Epoch=046, loss=0.6087
Epoch=047, loss=0.6075
Epoch=048, loss=0.6034
Epoch=049, loss=0.6005
Epoch=050, loss=0.6005
Epoch=051, loss=0.5951
Epoch=052, loss=0.5896
Epoch=053, loss=0.5897
Epoch=054, loss=0.5857
Epoch=055, loss=0.5776
Epoch=056, loss=0.5770
Epoch=057, loss=0.5781
Epoch=058, loss=0.5720
Epoch=059, loss=0.5684
Epoch=060, loss=0.5655
Epoch=061, loss=0.5602
Epoch=062, loss=0.5590
Epoch=063, loss=0.5557
Epoch=064, loss=0.5469
Epoch=065, loss=0.5531
Epoch=066, loss=0.5487
Epoch=067, loss=0.5416
Epoch=068, loss=0.5406
Epoch=069, loss=0.5357
Epoch=070, loss=0.5314
Epoch=071, loss=0.5327
Epoch=072, loss=0.5292
Epoch=073, loss=0.5229
Epoch=074, loss=0.5191
Epoch=075, loss=0.5144
Epoch=076, loss=0.5146
Epoch=077, loss=0.5140
Epoch=078, loss=0.5113
Epoch=079, loss=0.5074
Epoch=080, loss=0.5018
Epoch=081, loss=0.5030
Epoch=082, loss=0.5015
Epoch=083, loss=0.4978
Epoch=084, loss=0.4936
Epoch=085, loss=0.4901
Epoch=086, loss=0.4899
Epoch=087, loss=0.4883
Epoch=088, loss=0.4867
Epoch=089, loss=0.4810
Epoch=090, loss=0.4812
Epoch=091, loss=0.4802
Epoch=092, loss=0.4721
Epoch=093, loss=0.4709
Epoch=094, loss=0.4688
Epoch=095, loss=0.4660
Epoch=096, loss=0.4616
Epoch=097, loss=0.4582
Epoch=098, loss=0.4559
Epoch=099, loss=0.4539
Epoch=100, loss=0.4503
Epoch=101, loss=0.4565
Epoch=102, loss=0.4521
Epoch=103, loss=0.4460
Epoch=104, loss=0.4458
Epoch=105, loss=0.4398
Epoch=106, loss=0.4418
Epoch=107, loss=0.4389
Epoch=108, loss=0.4422
Epoch=109, loss=0.4344
Epoch=110, loss=0.4336
Epoch=111, loss=0.4300
Epoch=112, loss=0.4301
Epoch=113, loss=0.4244
Epoch=114, loss=0.4235
Epoch=115, loss=0.4197
Epoch=116, loss=0.4212
Epoch=117, loss=0.4220
Epoch=118, loss=0.4159
Epoch=119, loss=0.4158
Epoch=120, loss=0.4128
Epoch=121, loss=0.4151
Epoch=122, loss=0.4096
Epoch=123, loss=0.4082
Epoch=124, loss=0.4040
Epoch=125, loss=0.4066
Epoch=126, loss=0.4031
Epoch=127, loss=0.4005
Epoch=128, loss=0.3947
Epoch=129, loss=0.3958
Epoch=130, loss=0.3917
Epoch=131, loss=0.3899
Epoch=132, loss=0.3936
Epoch=133, loss=0.3952
Epoch=134, loss=0.3900
Epoch=135, loss=0.3900
Epoch=136, loss=0.3853
Epoch=137, loss=0.3831
Epoch=138, loss=0.3781
Epoch=139, loss=0.3825
Epoch=140, loss=0.3841
Epoch=141, loss=0.3769
Epoch=142, loss=0.3748
Epoch=143, loss=0.3728
Epoch=144, loss=0.3736
Epoch=145, loss=0.3719
Epoch=146, loss=0.3711
Epoch=147, loss=0.3690
Epoch=148, loss=0.3651
Epoch=149, loss=0.3645
Epoch=150, loss=0.3592
Epoch=151, loss=0.3603
Epoch=152, loss=0.3584
Epoch=153, loss=0.3571
Epoch=154, loss=0.3554
Epoch=155, loss=0.3582
Epoch=156, loss=0.3519
Epoch=157, loss=0.3503
Epoch=158, loss=0.3532
Epoch=159, loss=0.3487
Epoch=160, loss=0.3439
Epoch=161, loss=0.3462
Epoch=162, loss=0.3458
Epoch=163, loss=0.3393
Epoch=164, loss=0.3460
Epoch=165, loss=0.3407
Epoch=166, loss=0.3399
Epoch=167, loss=0.3393
Epoch=168, loss=0.3357
Epoch=169, loss=0.3416
Epoch=170, loss=0.3341
Epoch=171, loss=0.3308
Epoch=172, loss=0.3279
Epoch=173, loss=0.3311
Epoch=174, loss=0.3283
Epoch=175, loss=0.3282
Epoch=176, loss=0.3272
Epoch=177, loss=0.3205
Epoch=178, loss=0.3239
Epoch=179, loss=0.3204
Epoch=180, loss=0.3191
Epoch=181, loss=0.3150
Epoch=182, loss=0.3148
Epoch=183, loss=0.3131
Epoch=184, loss=0.3152
Epoch=185, loss=0.3118
Epoch=186, loss=0.3152
Epoch=187, loss=0.3101
Epoch=188, loss=0.3076
Epoch=189, loss=0.3061
Epoch=190, loss=0.3094
Epoch=191, loss=0.3075
Epoch=192, loss=0.3028
Epoch=193, loss=0.3006
Epoch=194, loss=0.3025
Epoch=195, loss=0.2960
Epoch=196, loss=0.3004
Epoch=197, loss=0.2998
Epoch=198, loss=0.2960
Epoch=199, loss=0.2943
Epoch=200, loss=0.2948
Epoch=201, loss=0.2925
Epoch=202, loss=0.2938
Epoch=203, loss=0.2861
Epoch=204, loss=0.2843
Epoch=205, loss=0.2883
Epoch=206, loss=0.2887
Epoch=207, loss=0.2835
Epoch=208, loss=0.2818
Epoch=209, loss=0.2803
Epoch=210, loss=0.2814
Epoch=211, loss=0.2810
Epoch=212, loss=0.2761
Epoch=213, loss=0.2773
Epoch=214, loss=0.2805
Epoch=215, loss=0.2719
Epoch=216, loss=0.2730
Epoch=217, loss=0.2717
Epoch=218, loss=0.2754
Epoch=219, loss=0.2679
Epoch=220, loss=0.2653
Epoch=221, loss=0.2703
Epoch=222, loss=0.2659
Epoch=223, loss=0.2618
Epoch=224, loss=0.2663
Epoch=225, loss=0.2627
Epoch=226, loss=0.2616
Epoch=227, loss=0.2647
Epoch=228, loss=0.2617
Epoch=229, loss=0.2566
Epoch=230, loss=0.2553
Epoch=231, loss=0.2584
Epoch=232, loss=0.2564
Epoch=233, loss=0.2592
Epoch=234, loss=0.2541
Epoch=235, loss=0.2529
Epoch=236, loss=0.2527
Epoch=237, loss=0.2480
Epoch=238, loss=0.2489
Epoch=239, loss=0.2514
Epoch=240, loss=0.2475
Epoch=241, loss=0.2486
Epoch=242, loss=0.2466
Epoch=243, loss=0.2489
Epoch=244, loss=0.2431
Epoch=245, loss=0.2438
Epoch=246, loss=0.2430
Epoch=247, loss=0.2366
Epoch=248, loss=0.2394
Epoch=249, loss=0.2371
Epoch=250, loss=0.2437
Epoch=251, loss=0.2334
Epoch=252, loss=0.2387
Epoch=253, loss=0.2327
Epoch=254, loss=0.2315
Epoch=255, loss=0.2366
Epoch=256, loss=0.2333
Epoch=257, loss=0.2284
Epoch=258, loss=0.2304
Epoch=259, loss=0.2275
Epoch=260, loss=0.2309
Epoch=261, loss=0.2300
Epoch=262, loss=0.2240
Epoch=263, loss=0.2251
Epoch=264, loss=0.2262
Epoch=265, loss=0.2241
Epoch=266, loss=0.2243
Epoch=267, loss=0.2182
Epoch=268, loss=0.2195
Epoch=269, loss=0.2221
Epoch=270, loss=0.2175
Epoch=271, loss=0.2168
Epoch=272, loss=0.2177
Epoch=273, loss=0.2169
Epoch=274, loss=0.2140
Epoch=275, loss=0.2132
Epoch=276, loss=0.2189
Epoch=277, loss=0.2142
Epoch=278, loss=0.2098
Epoch=279, loss=0.2136
Epoch=280, loss=0.2126
Epoch=281, loss=0.2128
Epoch=282, loss=0.2086
Epoch=283, loss=0.2125
Epoch=284, loss=0.2081
Epoch=285, loss=0.2060
Epoch=286, loss=0.2047
Epoch=287, loss=0.2068
Epoch=288, loss=0.2039
Epoch=289, loss=0.2003
Epoch=290, loss=0.2008
Epoch=291, loss=0.2088
Epoch=292, loss=0.1984
Epoch=293, loss=0.1991
Epoch=294, loss=0.2003
Epoch=295, loss=0.1948
Epoch=296, loss=0.1979
Epoch=297, loss=0.1988
Epoch=298, loss=0.1981
Epoch=299, loss=0.1981
Epoch=300, loss=0.1971
Epoch=301, loss=0.1912
Epoch=302, loss=0.1925
Epoch=303, loss=0.1961
Epoch=304, loss=0.1895
Epoch=305, loss=0.1906
Epoch=306, loss=0.1906
Epoch=307, loss=0.1908
Epoch=308, loss=0.1907
Epoch=309, loss=0.1849
Epoch=310, loss=0.1885
Epoch=311, loss=0.1850
Epoch=312, loss=0.1838
Epoch=313, loss=0.1814
Epoch=314, loss=0.1859
Epoch=315, loss=0.1822
Epoch=316, loss=0.1824
Epoch=317, loss=0.1781
Epoch=318, loss=0.1763
Epoch=319, loss=0.1778
Epoch=320, loss=0.1812
Epoch=321, loss=0.1794
Epoch=322, loss=0.1802
Epoch=323, loss=0.1804
Epoch=324, loss=0.1766
Epoch=325, loss=0.1751
Epoch=326, loss=0.1732
Epoch=327, loss=0.1783
Epoch=328, loss=0.1765
Epoch=329, loss=0.1720
Epoch=330, loss=0.1726
Epoch=331, loss=0.1713
Epoch=332, loss=0.1734
Epoch=333, loss=0.1720
Epoch=334, loss=0.1716
Epoch=335, loss=0.1706
Epoch=336, loss=0.1687
Epoch=337, loss=0.1649
Epoch=338, loss=0.1696
Epoch=339, loss=0.1642
Epoch=340, loss=0.1656
Epoch=341, loss=0.1692
Epoch=342, loss=0.1623
Epoch=343, loss=0.1605
Epoch=344, loss=0.1705
Epoch=345, loss=0.1677
Epoch=346, loss=0.1631
Epoch=347, loss=0.1588
Epoch=348, loss=0.1599
Epoch=349, loss=0.1676
Epoch=350, loss=0.1614
Epoch=351, loss=0.1606
Epoch=352, loss=0.1628
Epoch=353, loss=0.1660
Epoch=354, loss=0.1600
Epoch=355, loss=0.1583
Epoch=356, loss=0.1562
Epoch=357, loss=0.1604
Epoch=358, loss=0.1548
Epoch=359, loss=0.1571
Epoch=360, loss=0.1561
Epoch=361, loss=0.1592
Epoch=362, loss=0.1540
Epoch=363, loss=0.1536
Epoch=364, loss=0.1564
Epoch=365, loss=0.1527
Epoch=366, loss=0.1547
Epoch=367, loss=0.1510
Epoch=368, loss=0.1479
Epoch=369, loss=0.1519
Epoch=370, loss=0.1485
Epoch=371, loss=0.1480
Epoch=372, loss=0.1484
Epoch=373, loss=0.1496
Epoch=374, loss=0.1521
Epoch=375, loss=0.1499
Epoch=376, loss=0.1478
Epoch=377, loss=0.1448
Epoch=378, loss=0.1425
Epoch=379, loss=0.1417
Epoch=380, loss=0.1445
Epoch=381, loss=0.1462
Epoch=382, loss=0.1451
Epoch=383, loss=0.1442
Epoch=384, loss=0.1422
Epoch=385, loss=0.1483
Epoch=386, loss=0.1421
Epoch=387, loss=0.1427
Epoch=388, loss=0.1404
Epoch=389, loss=0.1412
Epoch=390, loss=0.1405
Epoch=391, loss=0.1424
Epoch=392, loss=0.1347
Epoch=393, loss=0.1371
Epoch=394, loss=0.1381
Epoch=395, loss=0.1402
Epoch=396, loss=0.1374
Epoch=397, loss=0.1374
Epoch=398, loss=0.1373
Epoch=399, loss=0.1349
Epoch=400, loss=0.1348
Epoch=401, loss=0.1349
Epoch=402, loss=0.1381
Epoch=403, loss=0.1343
Epoch=404, loss=0.1343
Epoch=405, loss=0.1347
Epoch=406, loss=0.1332
Epoch=407, loss=0.1360
Epoch=408, loss=0.1341
Epoch=409, loss=0.1347
Epoch=410, loss=0.1298
Epoch=411, loss=0.1305
Epoch=412, loss=0.1362
Epoch=413, loss=0.1368
Epoch=414, loss=0.1325
Epoch=415, loss=0.1276
Epoch=416, loss=0.1253
Epoch=417, loss=0.1279
Epoch=418, loss=0.1335
Epoch=419, loss=0.1296
Epoch=420, loss=0.1249
Epoch=421, loss=0.1248
Epoch=422, loss=0.1248
Epoch=423, loss=0.1288
Epoch=424, loss=0.1246
Epoch=425, loss=0.1261
Epoch=426, loss=0.1249
Epoch=427, loss=0.1228
Epoch=428, loss=0.1220
Epoch=429, loss=0.1247
Epoch=430, loss=0.1211
Epoch=431, loss=0.1212
Epoch=432, loss=0.1272
Epoch=433, loss=0.1251
Epoch=434, loss=0.1211
Epoch=435, loss=0.1214
Epoch=436, loss=0.1230
Epoch=437, loss=0.1218
Epoch=438, loss=0.1224
Epoch=439, loss=0.1234
Epoch=440, loss=0.1196
Epoch=441, loss=0.1227
Epoch=442, loss=0.1152
Epoch=443, loss=0.1163
Epoch=444, loss=0.1190
Epoch=445, loss=0.1154
Epoch=446, loss=0.1190
Epoch=447, loss=0.1163
Epoch=448, loss=0.1216
Epoch=449, loss=0.1152
Epoch=450, loss=0.1122
Epoch=451, loss=0.1157
Epoch=452, loss=0.1139
Epoch=453, loss=0.1173
Epoch=454, loss=0.1157
Epoch=455, loss=0.1136
Epoch=456, loss=0.1154
Epoch=457, loss=0.1140
Epoch=458, loss=0.1117
Epoch=459, loss=0.1152
Epoch=460, loss=0.1115
Epoch=461, loss=0.1100
Epoch=462, loss=0.1090
Epoch=463, loss=0.1130
Epoch=464, loss=0.1133
Epoch=465, loss=0.1114
Epoch=466, loss=0.1107
Epoch=467, loss=0.1118
Epoch=468, loss=0.1108
Epoch=469, loss=0.1092
Epoch=470, loss=0.1079
Epoch=471, loss=0.1078
Epoch=472, loss=0.1076
Epoch=473, loss=0.1058
Epoch=474, loss=0.1064
Epoch=475, loss=0.1095
Epoch=476, loss=0.1097
Epoch=477, loss=0.1063
Epoch=478, loss=0.1076
Epoch=479, loss=0.1056
Epoch=480, loss=0.1075
Epoch=481, loss=0.1072
Epoch=482, loss=0.1025
Epoch=483, loss=0.1063
Epoch=484, loss=0.1049
Epoch=485, loss=0.1014
Epoch=486, loss=0.1063
Epoch=487, loss=0.1019
Epoch=488, loss=0.1069
Epoch=489, loss=0.1060
Epoch=490, loss=0.1058
Epoch=491, loss=0.1020
Epoch=492, loss=0.1030
Epoch=493, loss=0.1067
Epoch=494, loss=0.0996
Epoch=495, loss=0.1030
Epoch=496, loss=0.1029
Epoch=497, loss=0.1006
Epoch=498, loss=0.1010
Epoch=499, loss=0.1015
Loading 494th epoch
Early stopping!
Start to test process.
done with the edge prediction
done with the node prediction
done with the second node prediction
(E) | label_classification: F1Mi=0.7500+-0.0104, F1Ma=0.7110+-0.0154, acc=0.7500+-0.0104
[['MVGRL', 'heat', 16, 15, 2, 'normalize', 0.1, 0.2, 0.4, 0.001, 0.5, 0.2, 0.5, 0.0001, 512, 512, 0.931701858550907, 0.9298939607513151, 0.9397362176798245, 0.936956433513053, 0.7571428418159485, 0.6140000224113464, 0.5469052195549011, 0.7357142567634583, 0.6159999966621399, 0.5411025285720825, 0.6157015157403809, 0.013217347181113576, 0.5685925078921809, 0.020929367884800397, 0.6157015157403809, 0.013217347181113576], ['MVGRL', 'heat', 32, 15, 2, 'normalize', 0.1, 0.2, 0.4, 0.001, 0.5, 0.2, 0.5, 0.0001, 512, 512, 0.9258292463801272, 0.9189156502778673, 0.9280917729153239, 0.9224463362849853, 0.8571428656578064, 0.7559999823570251, 0.7142166495323181, 0.9071428775787354, 0.7599999904632568, 0.7176015377044678, 0.7500194325689857, 0.010377501293915941, 0.7109541211134771, 0.015356799044858933, 0.7500194325689857, 0.01037750129391598]]
Epoch=000, loss=0.6940
Epoch=001, loss=0.6912
Epoch=002, loss=0.6897
Epoch=003, loss=0.6876
Epoch=004, loss=0.6856
Epoch=005, loss=0.6828
Epoch=006, loss=0.6808
Epoch=007, loss=0.6783
Epoch=008, loss=0.6747
Epoch=009, loss=0.6719
Epoch=010, loss=0.6680
Epoch=011, loss=0.6650
Epoch=012, loss=0.6597
Epoch=013, loss=0.6559
Epoch=014, loss=0.6522
Epoch=015, loss=0.6467
Epoch=016, loss=0.6434
Epoch=017, loss=0.6379
Epoch=018, loss=0.6361
Epoch=019, loss=0.6313
Epoch=020, loss=0.6245
Epoch=021, loss=0.6221
Epoch=022, loss=0.6149
Epoch=023, loss=0.6073
Epoch=024, loss=0.6035
Epoch=025, loss=0.5978
Epoch=026, loss=0.5928
Epoch=027, loss=0.5893
Epoch=028, loss=0.5818
Epoch=029, loss=0.5777
Epoch=030, loss=0.5727
Epoch=031, loss=0.5670
Epoch=032, loss=0.5584
Epoch=033, loss=0.5524
Epoch=034, loss=0.5499
Epoch=035, loss=0.5435
Epoch=036, loss=0.5365
Epoch=037, loss=0.5347
Epoch=038, loss=0.5249
Epoch=039, loss=0.5246
Epoch=040, loss=0.5175
Epoch=041, loss=0.5126
Epoch=042, loss=0.5099
Epoch=043, loss=0.5034
Epoch=044, loss=0.5027
Epoch=045, loss=0.4979
Epoch=046, loss=0.4846
Epoch=047, loss=0.4849
Epoch=048, loss=0.4788
Epoch=049, loss=0.4773
Epoch=050, loss=0.4730
Epoch=051, loss=0.4676
Epoch=052, loss=0.4633
Epoch=053, loss=0.4553
Epoch=054, loss=0.4563
Epoch=055, loss=0.4505
Epoch=056, loss=0.4464
Epoch=057, loss=0.4433
Epoch=058, loss=0.4332
Epoch=059, loss=0.4316
Epoch=060, loss=0.4271
Epoch=061, loss=0.4305
Epoch=062, loss=0.4210
Epoch=063, loss=0.4198
Epoch=064, loss=0.4171
Epoch=065, loss=0.4117
Epoch=066, loss=0.4100
Epoch=067, loss=0.4053
Epoch=068, loss=0.4021
Epoch=069, loss=0.3952
Epoch=070, loss=0.3969
Epoch=071, loss=0.3928
Epoch=072, loss=0.3891
Epoch=073, loss=0.3877
Epoch=074, loss=0.3837
Epoch=075, loss=0.3790
Epoch=076, loss=0.3819
Epoch=077, loss=0.3771
Epoch=078, loss=0.3752
Epoch=079, loss=0.3691
Epoch=080, loss=0.3653
Epoch=081, loss=0.3643
Epoch=082, loss=0.3621
Epoch=083, loss=0.3607
Epoch=084, loss=0.3554
Epoch=085, loss=0.3567
Epoch=086, loss=0.3511
Epoch=087, loss=0.3481
Epoch=088, loss=0.3465
Epoch=089, loss=0.3422
Epoch=090, loss=0.3428
Epoch=091, loss=0.3385
Epoch=092, loss=0.3355
Epoch=093, loss=0.3333
Epoch=094, loss=0.3292
Epoch=095, loss=0.3320
Epoch=096, loss=0.3258
Epoch=097, loss=0.3287
Epoch=098, loss=0.3238
Epoch=099, loss=0.3211
Epoch=100, loss=0.3197
Epoch=101, loss=0.3145
Epoch=102, loss=0.3110
Epoch=103, loss=0.3132
Epoch=104, loss=0.3124
Epoch=105, loss=0.3083
Epoch=106, loss=0.3075
Epoch=107, loss=0.3039
Epoch=108, loss=0.3056
Epoch=109, loss=0.2988
Epoch=110, loss=0.2961
Epoch=111, loss=0.2963
Epoch=112, loss=0.2915
Epoch=113, loss=0.2905
Epoch=114, loss=0.2885
Epoch=115, loss=0.2866
Epoch=116, loss=0.2821
Epoch=117, loss=0.2803
Epoch=118, loss=0.2835
Epoch=119, loss=0.2786
Epoch=120, loss=0.2828
Epoch=121, loss=0.2738
Epoch=122, loss=0.2734
Epoch=123, loss=0.2730
Epoch=124, loss=0.2727
Epoch=125, loss=0.2659
Epoch=126, loss=0.2639
Epoch=127, loss=0.2666
Epoch=128, loss=0.2621
Epoch=129, loss=0.2621
Epoch=130, loss=0.2584
Epoch=131, loss=0.2570
Epoch=132, loss=0.2547
Epoch=133, loss=0.2525
Epoch=134, loss=0.2536
Epoch=135, loss=0.2562
Epoch=136, loss=0.2528
Epoch=137, loss=0.2419
Epoch=138, loss=0.2436
Epoch=139, loss=0.2462
Epoch=140, loss=0.2415
Epoch=141, loss=0.2421
Epoch=142, loss=0.2364
Epoch=143, loss=0.2364
Epoch=144, loss=0.2372
Epoch=145, loss=0.2371
Epoch=146, loss=0.2314
Epoch=147, loss=0.2323
Epoch=148, loss=0.2296
Epoch=149, loss=0.2270
Epoch=150, loss=0.2256
Epoch=151, loss=0.2269
Epoch=152, loss=0.2293
Epoch=153, loss=0.2267
Epoch=154, loss=0.2195
Epoch=155, loss=0.2193
Epoch=156, loss=0.2196
Epoch=157, loss=0.2142
Epoch=158, loss=0.2147
Epoch=159, loss=0.2124
Epoch=160, loss=0.2145
Epoch=161, loss=0.2160
Epoch=162, loss=0.2085
Epoch=163, loss=0.2126
Epoch=164, loss=0.2094
Epoch=165, loss=0.2106
Epoch=166, loss=0.2061
Epoch=167, loss=0.2077
Epoch=168, loss=0.2078
Epoch=169, loss=0.2003
Epoch=170, loss=0.1973
Epoch=171, loss=0.1989
Epoch=172, loss=0.1993
Epoch=173, loss=0.1942
Epoch=174, loss=0.1953
Epoch=175, loss=0.1913
Epoch=176, loss=0.1930
Epoch=177, loss=0.1958
Epoch=178, loss=0.1875
Epoch=179, loss=0.1910
Epoch=180, loss=0.1917
Epoch=181, loss=0.1846
Epoch=182, loss=0.1832
Epoch=183, loss=0.1870
Epoch=184, loss=0.1828
Epoch=185, loss=0.1802
Epoch=186, loss=0.1773
Epoch=187, loss=0.1816
Epoch=188, loss=0.1787
Epoch=189, loss=0.1774
Epoch=190, loss=0.1826
Epoch=191, loss=0.1743
Epoch=192, loss=0.1743
Epoch=193, loss=0.1729
Epoch=194, loss=0.1759
Epoch=195, loss=0.1703
Epoch=196, loss=0.1687
Epoch=197, loss=0.1743
Epoch=198, loss=0.1685
Epoch=199, loss=0.1703
Epoch=200, loss=0.1686
Epoch=201, loss=0.1669
Epoch=202, loss=0.1694
Epoch=203, loss=0.1665
Epoch=204, loss=0.1643
Epoch=205, loss=0.1639
Epoch=206, loss=0.1604
Epoch=207, loss=0.1593
Epoch=208, loss=0.1583
Epoch=209, loss=0.1607
Epoch=210, loss=0.1572
Epoch=211, loss=0.1624
Epoch=212, loss=0.1645
Epoch=213, loss=0.1561
Epoch=214, loss=0.1560
Epoch=215, loss=0.1550
Epoch=216, loss=0.1595
Epoch=217, loss=0.1535
Epoch=218, loss=0.1551
Epoch=219, loss=0.1543
Epoch=220, loss=0.1527
Epoch=221, loss=0.1520
Epoch=222, loss=0.1519
Epoch=223, loss=0.1535
Epoch=224, loss=0.1485
Epoch=225, loss=0.1495
Epoch=226, loss=0.1482
Epoch=227, loss=0.1445
Epoch=228, loss=0.1441
Epoch=229, loss=0.1461
Epoch=230, loss=0.1440
Epoch=231, loss=0.1461
Epoch=232, loss=0.1402
Epoch=233, loss=0.1416
Epoch=234, loss=0.1425
Epoch=235, loss=0.1359
Epoch=236, loss=0.1423
Epoch=237, loss=0.1383
Epoch=238, loss=0.1359
Epoch=239, loss=0.1428
Epoch=240, loss=0.1376
Epoch=241, loss=0.1381
Epoch=242, loss=0.1366
Epoch=243, loss=0.1359
Epoch=244, loss=0.1368
Epoch=245, loss=0.1326
Epoch=246, loss=0.1340
Epoch=247, loss=0.1298
Epoch=248, loss=0.1297
Epoch=249, loss=0.1346
Epoch=250, loss=0.1311
Epoch=251, loss=0.1269
Epoch=252, loss=0.1278
Epoch=253, loss=0.1313
Epoch=254, loss=0.1318
Epoch=255, loss=0.1313
Epoch=256, loss=0.1317
Epoch=257, loss=0.1275
Epoch=258, loss=0.1287
Epoch=259, loss=0.1258
Epoch=260, loss=0.1271
Epoch=261, loss=0.1244
Epoch=262, loss=0.1265
Epoch=263, loss=0.1250
Epoch=264, loss=0.1256
Epoch=265, loss=0.1254
Epoch=266, loss=0.1266
Epoch=267, loss=0.1300
Epoch=268, loss=0.1232
Epoch=269, loss=0.1225
Epoch=270, loss=0.1186
Epoch=271, loss=0.1191
Epoch=272, loss=0.1257
Epoch=273, loss=0.1212
Epoch=274, loss=0.1209
Epoch=275, loss=0.1227
Epoch=276, loss=0.1153
Epoch=277, loss=0.1235
Epoch=278, loss=0.1179
Epoch=279, loss=0.1214
Epoch=280, loss=0.1160
Epoch=281, loss=0.1198
Epoch=282, loss=0.1178
Epoch=283, loss=0.1172
Epoch=284, loss=0.1184
Epoch=285, loss=0.1192
Epoch=286, loss=0.1189
Epoch=287, loss=0.1094
Epoch=288, loss=0.1160
Epoch=289, loss=0.1130
Epoch=290, loss=0.1130
Epoch=291, loss=0.1120
Epoch=292, loss=0.1131
Epoch=293, loss=0.1142
Epoch=294, loss=0.1127
Epoch=295, loss=0.1092
Epoch=296, loss=0.1084
Epoch=297, loss=0.1093
Epoch=298, loss=0.1080
Epoch=299, loss=0.1093
Epoch=300, loss=0.1050
Epoch=301, loss=0.1133
Epoch=302, loss=0.1088
Epoch=303, loss=0.1089
Epoch=304, loss=0.1071
Epoch=305, loss=0.1083
Epoch=306, loss=0.1031
Epoch=307, loss=0.1076
Epoch=308, loss=0.1062
Epoch=309, loss=0.1055
Epoch=310, loss=0.1096
Epoch=311, loss=0.1030
Epoch=312, loss=0.1016
Epoch=313, loss=0.1051
Epoch=314, loss=0.0994
Epoch=315, loss=0.0996
Epoch=316, loss=0.1012
Epoch=317, loss=0.1034
Epoch=318, loss=0.0993
Epoch=319, loss=0.1045
Epoch=320, loss=0.1044
Epoch=321, loss=0.1010
Epoch=322, loss=0.0954
Epoch=323, loss=0.1011
Epoch=324, loss=0.1006
Epoch=325, loss=0.0962
Epoch=326, loss=0.0988
Epoch=327, loss=0.0990
Epoch=328, loss=0.1017
Epoch=329, loss=0.1000
Epoch=330, loss=0.0983
Epoch=331, loss=0.0988
Epoch=332, loss=0.1001
Epoch=333, loss=0.0921
Epoch=334, loss=0.0922
Epoch=335, loss=0.0962
Epoch=336, loss=0.0971
Epoch=337, loss=0.0915
Epoch=338, loss=0.0945
Epoch=339, loss=0.0929
Epoch=340, loss=0.0967
Epoch=341, loss=0.0925
Epoch=342, loss=0.0940
Epoch=343, loss=0.0939
Epoch=344, loss=0.0941
Epoch=345, loss=0.0941
Epoch=346, loss=0.0935
Epoch=347, loss=0.0950
Epoch=348, loss=0.0907
Epoch=349, loss=0.0957
Epoch=350, loss=0.0930
Epoch=351, loss=0.0893
Epoch=352, loss=0.0906
Epoch=353, loss=0.0895
Epoch=354, loss=0.0904
Epoch=355, loss=0.0891
Epoch=356, loss=0.0858
Epoch=357, loss=0.0956
Epoch=358, loss=0.0884
Epoch=359, loss=0.0874
Epoch=360, loss=0.0892
Epoch=361, loss=0.0900
Epoch=362, loss=0.0923
Epoch=363, loss=0.0932
Epoch=364, loss=0.0889
Epoch=365, loss=0.0886
Epoch=366, loss=0.0878
Epoch=367, loss=0.0890
Epoch=368, loss=0.0866
Epoch=369, loss=0.0884
Epoch=370, loss=0.0861
Epoch=371, loss=0.0810
Epoch=372, loss=0.0863
Epoch=373, loss=0.0870
Epoch=374, loss=0.0863
Epoch=375, loss=0.0868
Epoch=376, loss=0.0914
Epoch=377, loss=0.0833
Epoch=378, loss=0.0856
Epoch=379, loss=0.0821
Epoch=380, loss=0.0849
Epoch=381, loss=0.0803
Epoch=382, loss=0.0873
Epoch=383, loss=0.0821
Epoch=384, loss=0.0819
Epoch=385, loss=0.0876
Epoch=386, loss=0.0847
Epoch=387, loss=0.0845
Epoch=388, loss=0.0871
Epoch=389, loss=0.0848
Epoch=390, loss=0.0772
Epoch=391, loss=0.0787
Epoch=392, loss=0.0868
Epoch=393, loss=0.0858
Epoch=394, loss=0.0854
Epoch=395, loss=0.0844
Epoch=396, loss=0.0827
Epoch=397, loss=0.0800
Epoch=398, loss=0.0765
Epoch=399, loss=0.0799
Epoch=400, loss=0.0861
Epoch=401, loss=0.0863
Epoch=402, loss=0.0796
Epoch=403, loss=0.0791
Epoch=404, loss=0.0798
Epoch=405, loss=0.0795
Epoch=406, loss=0.0858
Epoch=407, loss=0.0786
Epoch=408, loss=0.0774
Epoch=409, loss=0.0786
Epoch=410, loss=0.0789
Epoch=411, loss=0.0795
Epoch=412, loss=0.0700
Epoch=413, loss=0.0755
Epoch=414, loss=0.0804
Epoch=415, loss=0.0761
Epoch=416, loss=0.0760
Epoch=417, loss=0.0769
Epoch=418, loss=0.0832
Epoch=419, loss=0.0809
Epoch=420, loss=0.0732
Epoch=421, loss=0.0748
Epoch=422, loss=0.0723
Epoch=423, loss=0.0749
Epoch=424, loss=0.0711
Epoch=425, loss=0.0818
Epoch=426, loss=0.0776
Epoch=427, loss=0.0773
Epoch=428, loss=0.0746
Epoch=429, loss=0.0726
Epoch=430, loss=0.0712
Epoch=431, loss=0.0725
Epoch=432, loss=0.0781
Early stopping!
Loading 412th epoch
done with the edge prediction
done with the node prediction
done with the second node prediction
(E) | label_classification: F1Mi=0.7991+-0.0024, F1Ma=0.7783+-0.0074, acc=0.7991+-0.0024
[['MVGRL', 'heat', 16, 15, 2, 'normalize', 0.1, 0.2, 0.4, 0.001, 0.5, 0.2, 0.5, 0.0001, 512, 512, 0.931701858550907, 0.9298939607513151, 0.9397362176798245, 0.936956433513053, 0.7571428418159485, 0.6140000224113464, 0.5469052195549011, 0.7357142567634583, 0.6159999966621399, 0.5411025285720825, 0.6157015157403809, 0.013217347181113576, 0.5685925078921809, 0.020929367884800397, 0.6157015157403809, 0.013217347181113576], ['MVGRL', 'heat', 32, 15, 2, 'normalize', 0.1, 0.2, 0.4, 0.001, 0.5, 0.2, 0.5, 0.0001, 512, 512, 0.9258292463801272, 0.9189156502778673, 0.9280917729153239, 0.9224463362849853, 0.8571428656578064, 0.7559999823570251, 0.7142166495323181, 0.9071428775787354, 0.7599999904632568, 0.7176015377044678, 0.7500194325689857, 0.010377501293915941, 0.7109541211134771, 0.015356799044858933, 0.7500194325689857, 0.01037750129391598], ['MVGRL', 'heat', 64, 15, 2, 'normalize', 0.1, 0.2, 0.4, 0.001, 0.5, 0.2, 0.5, 0.0001, 512, 512, 0.9829486374439584, 0.9818899895374588, 0.9699851293887207, 0.9675299729903637, 0.8428571224212646, 0.7960000038146973, 0.7388781309127808, 0.8214285969734192, 0.8059999942779541, 0.7466151118278503, 0.7990672366886902, 0.0024208956863423763, 0.7782900286970982, 0.007358049643935487, 0.7990672366886903, 0.0024208956863423976]]
Epoch=000, loss=0.6962
Epoch=001, loss=0.6934
Epoch=002, loss=0.6880
Epoch=003, loss=0.6832
Epoch=004, loss=0.6799
Epoch=005, loss=0.6760
Epoch=006, loss=0.6704
Epoch=007, loss=0.6668
Epoch=008, loss=0.6612
Epoch=009, loss=0.6548
Epoch=010, loss=0.6494
Epoch=011, loss=0.6406
Epoch=012, loss=0.6361
Epoch=013, loss=0.6258
Epoch=014, loss=0.6168
Epoch=015, loss=0.6168
Epoch=016, loss=0.6042
Epoch=017, loss=0.5937
Epoch=018, loss=0.5862
Epoch=019, loss=0.5761
Epoch=020, loss=0.5709
Epoch=021, loss=0.5588
Epoch=022, loss=0.5507
Epoch=023, loss=0.5383
Epoch=024, loss=0.5289
Epoch=025, loss=0.5211
Epoch=026, loss=0.5156
Epoch=027, loss=0.5063
Epoch=028, loss=0.4996
Epoch=029, loss=0.4896
Epoch=030, loss=0.4846
Epoch=031, loss=0.4697
Epoch=032, loss=0.4650
Epoch=033, loss=0.4664
Epoch=034, loss=0.4566
Epoch=035, loss=0.4452
Epoch=036, loss=0.4379
Epoch=037, loss=0.4346
Epoch=038, loss=0.4295
Epoch=039, loss=0.4192
Epoch=040, loss=0.4196
Epoch=041, loss=0.4109
Epoch=042, loss=0.4006
Epoch=043, loss=0.3965
Epoch=044, loss=0.3906
Epoch=045, loss=0.3816
Epoch=046, loss=0.3795
Epoch=047, loss=0.3788
Epoch=048, loss=0.3692
Epoch=049, loss=0.3684
Epoch=050, loss=0.3604
Epoch=051, loss=0.3534
Epoch=052, loss=0.3529
Epoch=053, loss=0.3438
Epoch=054, loss=0.3381
Epoch=055, loss=0.3398
Epoch=056, loss=0.3333
Epoch=057, loss=0.3298
Epoch=058, loss=0.3290
Epoch=059, loss=0.3191
Epoch=060, loss=0.3190
Epoch=061, loss=0.3170
Epoch=062, loss=0.3053
Epoch=063, loss=0.3020
Epoch=064, loss=0.3000
Epoch=065, loss=0.2956
Epoch=066, loss=0.2923
Epoch=067, loss=0.2920
Epoch=068, loss=0.2825
Epoch=069, loss=0.2810
Epoch=070, loss=0.2805
Epoch=071, loss=0.2754
Epoch=072, loss=0.2761
Epoch=073, loss=0.2667
Epoch=074, loss=0.2656
Epoch=075, loss=0.2639
Epoch=076, loss=0.2586
Epoch=077, loss=0.2543
Epoch=078, loss=0.2506
Epoch=079, loss=0.2509
Epoch=080, loss=0.2469
Epoch=081, loss=0.2414
Epoch=082, loss=0.2424
Epoch=083, loss=0.2380
Epoch=084, loss=0.2328
Epoch=085, loss=0.2322
Epoch=086, loss=0.2262
Epoch=087, loss=0.2276
Epoch=088, loss=0.2251
Epoch=089, loss=0.2187
Epoch=090, loss=0.2181
Epoch=091, loss=0.2176
Epoch=092, loss=0.2109
Epoch=093, loss=0.2138
Epoch=094, loss=0.2104
Epoch=095, loss=0.2067
Epoch=096, loss=0.2050
Epoch=097, loss=0.1991
Epoch=098, loss=0.2013
Epoch=099, loss=0.1986
Epoch=100, loss=0.1975
Epoch=101, loss=0.1951
Epoch=102, loss=0.1912
Epoch=103, loss=0.1889
Epoch=104, loss=0.1895
Epoch=105, loss=0.1872
Epoch=106, loss=0.1850
Epoch=107, loss=0.1805
Epoch=108, loss=0.1788
Epoch=109, loss=0.1775
Epoch=110, loss=0.1754
Epoch=111, loss=0.1732
Epoch=112, loss=0.1794
Epoch=113, loss=0.1680
Epoch=114, loss=0.1694
Epoch=115, loss=0.1672
Epoch=116, loss=0.1652
Epoch=117, loss=0.1685
Epoch=118, loss=0.1657
Epoch=119, loss=0.1631
Epoch=120, loss=0.1573
Epoch=121, loss=0.1586
Epoch=122, loss=0.1573
Epoch=123, loss=0.1560
Epoch=124, loss=0.1560
Epoch=125, loss=0.1565
Epoch=126, loss=0.1556
Epoch=127, loss=0.1463
Epoch=128, loss=0.1459
Epoch=129, loss=0.1510
Epoch=130, loss=0.1531
Epoch=131, loss=0.1417
Epoch=132, loss=0.1391
Epoch=133, loss=0.1436
Epoch=134, loss=0.1408
Epoch=135, loss=0.1419
Epoch=136, loss=0.1363
Epoch=137, loss=0.1304
Epoch=138, loss=0.1380
Epoch=139, loss=0.1350
Epoch=140, loss=0.1347
Epoch=141, loss=0.1287
Epoch=142, loss=0.1343
Epoch=143, loss=0.1313
Epoch=144, loss=0.1291
Epoch=145, loss=0.1259
Epoch=146, loss=0.1317
Epoch=147, loss=0.1280
Epoch=148, loss=0.1225
Epoch=149, loss=0.1245
Epoch=150, loss=0.1281
Epoch=151, loss=0.1235
Epoch=152, loss=0.1213
Epoch=153, loss=0.1266
Epoch=154, loss=0.1207
Epoch=155, loss=0.1207
Epoch=156, loss=0.1161
Epoch=157, loss=0.1191
Epoch=158, loss=0.1199
Epoch=159, loss=0.1146
Epoch=160, loss=0.1177
Epoch=161, loss=0.1153
Epoch=162, loss=0.1121
Epoch=163, loss=0.1126
Epoch=164, loss=0.1166
Epoch=165, loss=0.1100
Epoch=166, loss=0.1122
Epoch=167, loss=0.1152
Epoch=168, loss=0.1131
Epoch=169, loss=0.1080
Epoch=170, loss=0.1081
Epoch=171, loss=0.1060
Epoch=172, loss=0.1042
Epoch=173, loss=0.1096
Epoch=174, loss=0.1033
Epoch=175, loss=0.1015
Epoch=176, loss=0.1079
Epoch=177, loss=0.1017
Epoch=178, loss=0.1023
Epoch=179, loss=0.1012
Epoch=180, loss=0.0995
Epoch=181, loss=0.1024
Epoch=182, loss=0.1022
Epoch=183, loss=0.1026
Epoch=184, loss=0.1031
Epoch=185, loss=0.0996
Epoch=186, loss=0.1013
Epoch=187, loss=0.1010
Epoch=188, loss=0.0974
Epoch=189, loss=0.0983
Epoch=190, loss=0.1001
Epoch=191, loss=0.0953
Epoch=192, loss=0.1051
Epoch=193, loss=0.0985
Epoch=194, loss=0.0961
Epoch=195, loss=0.0947
Epoch=196, loss=0.0924
Epoch=197, loss=0.0976
Epoch=198, loss=0.0955
Epoch=199, loss=0.0935
Epoch=200, loss=0.0919
Epoch=201, loss=0.0959
Epoch=202, loss=0.0924
Epoch=203, loss=0.0954
Epoch=204, loss=0.0912
Epoch=205, loss=0.0895
Epoch=206, loss=0.0879
Epoch=207, loss=0.0877
Epoch=208, loss=0.0872
Epoch=209, loss=0.0882
Epoch=210, loss=0.0865
Epoch=211, loss=0.0859
Epoch=212, loss=0.0888
Epoch=213, loss=0.0879
Epoch=214, loss=0.0839
Epoch=215, loss=0.0860
Epoch=216, loss=0.0859
Epoch=217, loss=0.0873
Epoch=218, loss=0.0867
Epoch=219, loss=0.0806
Epoch=220, loss=0.0876
Epoch=221, loss=0.0836
Epoch=222, loss=0.0824
Epoch=223, loss=0.0807
Epoch=224, loss=0.0808
Epoch=225, loss=0.0848
Epoch=226, loss=0.0815
Epoch=227, loss=0.0806
Epoch=228, loss=0.0791
Epoch=229, loss=0.0848
Epoch=230, loss=0.0832
Epoch=231, loss=0.0792
Epoch=232, loss=0.0812
Epoch=233, loss=0.0802
Epoch=234, loss=0.0779
Epoch=235, loss=0.0724
Epoch=236, loss=0.0745
Epoch=237, loss=0.0762
Epoch=238, loss=0.0755
Epoch=239, loss=0.0796
Epoch=240, loss=0.0730
Epoch=241, loss=0.0805
Epoch=242, loss=0.0751
Epoch=243, loss=0.0754
Epoch=244, loss=0.0760
Epoch=245, loss=0.0739
Epoch=246, loss=0.0763
Epoch=247, loss=0.0741
Epoch=248, loss=0.0734
Epoch=249, loss=0.0757
Epoch=250, loss=0.0786
Epoch=251, loss=0.0703
Epoch=252, loss=0.0747
Epoch=253, loss=0.0693
Epoch=254, loss=0.0718
Epoch=255, loss=0.0764
Epoch=256, loss=0.0694
Epoch=257, loss=0.0747
Epoch=258, loss=0.0719
Epoch=259, loss=0.0763
Epoch=260, loss=0.0732
Epoch=261, loss=0.0714
Epoch=262, loss=0.0714
Epoch=263, loss=0.0653
Epoch=264, loss=0.0698
Epoch=265, loss=0.0691
Epoch=266, loss=0.0718
Epoch=267, loss=0.0663
Epoch=268, loss=0.0730
Epoch=269, loss=0.0696
Epoch=270, loss=0.0711
Epoch=271, loss=0.0702
Epoch=272, loss=0.0707
Epoch=273, loss=0.0727
Epoch=274, loss=0.0668
Epoch=275, loss=0.0712
Epoch=276, loss=0.0641
Epoch=277, loss=0.0720
Epoch=278, loss=0.0689
Epoch=279, loss=0.0683
Epoch=280, loss=0.0677
Epoch=281, loss=0.0689
Epoch=282, loss=0.0656
Epoch=283, loss=0.0662
Epoch=284, loss=0.0698
Epoch=285, loss=0.0658
Epoch=286, loss=0.0643
Epoch=287, loss=0.0664
Epoch=288, loss=0.0661
Epoch=289, loss=0.0605
Epoch=290, loss=0.0646
Epoch=291, loss=0.0650
Epoch=292, loss=0.0626
Epoch=293, loss=0.0612
Epoch=294, loss=0.0632
Epoch=295, loss=0.0605
Epoch=296, loss=0.0597
Epoch=297, loss=0.0648
Epoch=298, loss=0.0594
Epoch=299, loss=0.0609
Epoch=300, loss=0.0636
Epoch=301, loss=0.0632
Epoch=302, loss=0.0618
Epoch=303, loss=0.0593
Epoch=304, loss=0.0600
Epoch=305, loss=0.0638
Epoch=306, loss=0.0579
Epoch=307, loss=0.0592
Epoch=308, loss=0.0608
Epoch=309, loss=0.0567
Epoch=310, loss=0.0599
Epoch=311, loss=0.0582
Epoch=312, loss=0.0605
Epoch=313, loss=0.0563
Epoch=314, loss=0.0599
Epoch=315, loss=0.0638
Epoch=316, loss=0.0543
Epoch=317, loss=0.0611
Epoch=318, loss=0.0591
Epoch=319, loss=0.0592
Epoch=320, loss=0.0632
Epoch=321, loss=0.0588
Epoch=322, loss=0.0554
Epoch=323, loss=0.0558
Epoch=324, loss=0.0603
Epoch=325, loss=0.0593
Epoch=326, loss=0.0589
Epoch=327, loss=0.0565
Epoch=328, loss=0.0553
Epoch=329, loss=0.0566
Epoch=330, loss=0.0554
Epoch=331, loss=0.0584
Epoch=332, loss=0.0570
Epoch=333, loss=0.0519
Epoch=334, loss=0.0576
Epoch=335, loss=0.0531
Epoch=336, loss=0.0559
Epoch=337, loss=0.0534
Epoch=338, loss=0.0584
Epoch=339, loss=0.0524
Epoch=340, loss=0.0534
Epoch=341, loss=0.0515
Epoch=342, loss=0.0596
Epoch=343, loss=0.0560
Epoch=344, loss=0.0547
Epoch=345, loss=0.0514
Epoch=346, loss=0.0508
Epoch=347, loss=0.0532
Epoch=348, loss=0.0481
Epoch=349, loss=0.0530
Epoch=350, loss=0.0560
Epoch=351, loss=0.0513
Epoch=352, loss=0.0542
Epoch=353, loss=0.0503
Epoch=354, loss=0.0504
Epoch=355, loss=0.0512
Epoch=356, loss=0.0550
Epoch=357, loss=0.0492
Epoch=358, loss=0.0478
Epoch=359, loss=0.0512
Epoch=360, loss=0.0487
Epoch=361, loss=0.0482
Epoch=362, loss=0.0521
Epoch=363, loss=0.0534
Epoch=364, loss=0.0517
Epoch=365, loss=0.0494
Epoch=366, loss=0.0530
Epoch=367, loss=0.0494
Epoch=368, loss=0.0506
Epoch=369, loss=0.0506
Epoch=370, loss=0.0530
Epoch=371, loss=0.0492
Epoch=372, loss=0.0481
Epoch=373, loss=0.0509
Epoch=374, loss=0.0514
Epoch=375, loss=0.0519
Epoch=376, loss=0.0471
Epoch=377, loss=0.0499
Epoch=378, loss=0.0549
Epoch=379, loss=0.0474
Epoch=380, loss=0.0537
Epoch=381, loss=0.0505
Epoch=382, loss=0.0491
Epoch=383, loss=0.0482
Epoch=384, loss=0.0513
Epoch=385, loss=0.0473
Epoch=386, loss=0.0465
Epoch=387, loss=0.0432
Epoch=388, loss=0.0467
Epoch=389, loss=0.0494
Epoch=390, loss=0.0475
Epoch=391, loss=0.0491
Epoch=392, loss=0.0435
Epoch=393, loss=0.0487
Epoch=394, loss=0.0441
Epoch=395, loss=0.0445
Epoch=396, loss=0.0447
Epoch=397, loss=0.0452
Epoch=398, loss=0.0511
Epoch=399, loss=0.0469
Epoch=400, loss=0.0463
Epoch=401, loss=0.0459
Epoch=402, loss=0.0424
Epoch=403, loss=0.0437
Epoch=404, loss=0.0403
Epoch=405, loss=0.0453
Epoch=406, loss=0.0430
Epoch=407, loss=0.0462
Epoch=408, loss=0.0464
Epoch=409, loss=0.0450
Epoch=410, loss=0.0476
Epoch=411, loss=0.0468
Epoch=412, loss=0.0411
Epoch=413, loss=0.0459
Epoch=414, loss=0.0467
Epoch=415, loss=0.0496
Epoch=416, loss=0.0451
Epoch=417, loss=0.0427
Epoch=418, loss=0.0462
Epoch=419, loss=0.0439
Epoch=420, loss=0.0427
Epoch=421, loss=0.0438
Epoch=422, loss=0.0463
Epoch=423, loss=0.0469
Epoch=424, loss=0.0451
Early stopping!
Loading 404th epoch
Early stopping!
Start to test process.
done with the edge prediction
done with the node prediction
done with the second node prediction
(E) | label_classification: F1Mi=0.7943+-0.0117, F1Ma=0.7776+-0.0096, acc=0.7943+-0.0117
[['MVGRL', 'heat', 16, 15, 2, 'normalize', 0.1, 0.2, 0.4, 0.001, 0.5, 0.2, 0.5, 0.0001, 512, 512, 0.931701858550907, 0.9298939607513151, 0.9397362176798245, 0.936956433513053, 0.7571428418159485, 0.6140000224113464, 0.5469052195549011, 0.7357142567634583, 0.6159999966621399, 0.5411025285720825, 0.6157015157403809, 0.013217347181113576, 0.5685925078921809, 0.020929367884800397, 0.6157015157403809, 0.013217347181113576], ['MVGRL', 'heat', 32, 15, 2, 'normalize', 0.1, 0.2, 0.4, 0.001, 0.5, 0.2, 0.5, 0.0001, 512, 512, 0.9258292463801272, 0.9189156502778673, 0.9280917729153239, 0.9224463362849853, 0.8571428656578064, 0.7559999823570251, 0.7142166495323181, 0.9071428775787354, 0.7599999904632568, 0.7176015377044678, 0.7500194325689857, 0.010377501293915941, 0.7109541211134771, 0.015356799044858933, 0.7500194325689857, 0.01037750129391598], ['MVGRL', 'heat', 64, 15, 2, 'normalize', 0.1, 0.2, 0.4, 0.001, 0.5, 0.2, 0.5, 0.0001, 512, 512, 0.9829486374439584, 0.9818899895374588, 0.9699851293887207, 0.9675299729903637, 0.8428571224212646, 0.7960000038146973, 0.7388781309127808, 0.8214285969734192, 0.8059999942779541, 0.7466151118278503, 0.7990672366886902, 0.0024208956863423763, 0.7782900286970982, 0.007358049643935487, 0.7990672366886903, 0.0024208956863423976], ['MVGRL', 'heat', 128, 15, 2, 'normalize', 0.1, 0.2, 0.4, 0.001, 0.5, 0.2, 0.5, 0.0001, 512, 512, 0.986410284823701, 0.9855408145174323, 0.9744931209920462, 0.9695741277530221, 0.8642857074737549, 0.8299999833106995, 0.7852997779846191, 0.9142857193946838, 0.8140000104904175, 0.7645067572593689, 0.794325689856199, 0.011650210024217724, 0.777574740100808, 0.009591704254082083, 0.794325689856199, 0.01165021002421777]]
Epoch=000, loss=0.6939
Epoch=001, loss=0.6800
Epoch=002, loss=0.6721
Epoch=003, loss=0.6596
Epoch=004, loss=0.6485
Epoch=005, loss=0.6395
Epoch=006, loss=0.6237
Epoch=007, loss=0.6085
Epoch=008, loss=0.5979
Epoch=009, loss=0.5787
Epoch=010, loss=0.5657
Epoch=011, loss=0.5507
Epoch=012, loss=0.5394
Epoch=013, loss=0.5222
Epoch=014, loss=0.5099
Epoch=015, loss=0.4932
Epoch=016, loss=0.4845
Epoch=017, loss=0.4756
Epoch=018, loss=0.4581
Epoch=019, loss=0.4457
Epoch=020, loss=0.4381
Epoch=021, loss=0.4250
Epoch=022, loss=0.4128
Epoch=023, loss=0.4053
Epoch=024, loss=0.3936
Epoch=025, loss=0.3866
Epoch=026, loss=0.3766
Epoch=027, loss=0.3781
Epoch=028, loss=0.3650
Epoch=029, loss=0.3540
Epoch=030, loss=0.3393
Epoch=031, loss=0.3383
Epoch=032, loss=0.3273
Epoch=033, loss=0.3240
Epoch=034, loss=0.3183
Epoch=035, loss=0.3109
Epoch=036, loss=0.3034
Epoch=037, loss=0.2966
Epoch=038, loss=0.2899
Epoch=039, loss=0.2863
Epoch=040, loss=0.2732
Epoch=041, loss=0.2688
Epoch=042, loss=0.2678
Epoch=043, loss=0.2598
Epoch=044, loss=0.2545
Epoch=045, loss=0.2473
Epoch=046, loss=0.2440
Epoch=047, loss=0.2396
Epoch=048, loss=0.2317
Epoch=049, loss=0.2280
Epoch=050, loss=0.2259
Epoch=051, loss=0.2204
Epoch=052, loss=0.2170
Epoch=053, loss=0.2117
Epoch=054, loss=0.2135
Epoch=055, loss=0.2000
Epoch=056, loss=0.1984
Epoch=057, loss=0.1974
Epoch=058, loss=0.1908
Epoch=059, loss=0.1887
Epoch=060, loss=0.1815
Epoch=061, loss=0.1812
Epoch=062, loss=0.1766
Epoch=063, loss=0.1784
Epoch=064, loss=0.1735
Epoch=065, loss=0.1683
Epoch=066, loss=0.1703
Epoch=067, loss=0.1644
Epoch=068, loss=0.1645
Epoch=069, loss=0.1596
Epoch=070, loss=0.1565
Epoch=071, loss=0.1542
Epoch=072, loss=0.1487
Epoch=073, loss=0.1493
Epoch=074, loss=0.1462
Epoch=075, loss=0.1444
Epoch=076, loss=0.1460
Epoch=077, loss=0.1410
Epoch=078, loss=0.1395
Epoch=079, loss=0.1397
Epoch=080, loss=0.1326
Epoch=081, loss=0.1338
Epoch=082, loss=0.1313
Epoch=083, loss=0.1298
Epoch=084, loss=0.1299
Epoch=085, loss=0.1246
Epoch=086, loss=0.1203
Epoch=087, loss=0.1237
Epoch=088, loss=0.1218
Epoch=089, loss=0.1189
Epoch=090, loss=0.1155
Epoch=091, loss=0.1180
Epoch=092, loss=0.1236
Epoch=093, loss=0.1120
Epoch=094, loss=0.1176
Epoch=095, loss=0.1137
Epoch=096, loss=0.1180
Epoch=097, loss=0.1110
Epoch=098, loss=0.1036
Epoch=099, loss=0.1107
Epoch=100, loss=0.1041
Epoch=101, loss=0.1099
Epoch=102, loss=0.1001
Epoch=103, loss=0.1036
Epoch=104, loss=0.1017
Epoch=105, loss=0.1013
Epoch=106, loss=0.1042
Epoch=107, loss=0.1000
Epoch=108, loss=0.0979
Epoch=109, loss=0.0990
Epoch=110, loss=0.1003
Epoch=111, loss=0.0973
Epoch=112, loss=0.0940
Epoch=113, loss=0.0954
Epoch=114, loss=0.0903
Epoch=115, loss=0.0954
Epoch=116, loss=0.0928
Epoch=117, loss=0.0931
Epoch=118, loss=0.0922
Epoch=119, loss=0.0916
Epoch=120, loss=0.0890
Epoch=121, loss=0.0881
Epoch=122, loss=0.0899
Epoch=123, loss=0.0842
Epoch=124, loss=0.0862
Epoch=125, loss=0.0897
Epoch=126, loss=0.0855
Epoch=127, loss=0.0806
Epoch=128, loss=0.0860
Epoch=129, loss=0.0827
Epoch=130, loss=0.0826
Epoch=131, loss=0.0866
Epoch=132, loss=0.0831
Epoch=133, loss=0.0847
Epoch=134, loss=0.0826
Epoch=135, loss=0.0743
Epoch=136, loss=0.0842
Epoch=137, loss=0.0810
Epoch=138, loss=0.0767
Epoch=139, loss=0.0793
Epoch=140, loss=0.0781
Epoch=141, loss=0.0783
Epoch=142, loss=0.0725
Epoch=143, loss=0.0739
Epoch=144, loss=0.0766
Epoch=145, loss=0.0744
Epoch=146, loss=0.0771
Epoch=147, loss=0.0716
Epoch=148, loss=0.0725
Epoch=149, loss=0.0692
Epoch=150, loss=0.0688
Epoch=151, loss=0.0731
Epoch=152, loss=0.0723
Epoch=153, loss=0.0691
Epoch=154, loss=0.0734
Epoch=155, loss=0.0722
Epoch=156, loss=0.0747
Epoch=157, loss=0.0744
Epoch=158, loss=0.0713
Epoch=159, loss=0.0679
Epoch=160, loss=0.0695
Epoch=161, loss=0.0749
Epoch=162, loss=0.0668
Epoch=163, loss=0.0689
Epoch=164, loss=0.0685
Epoch=165, loss=0.0676
Epoch=166, loss=0.0669
Epoch=167, loss=0.0649
Epoch=168, loss=0.0663
Epoch=169, loss=0.0633
Epoch=170, loss=0.0683
Epoch=171, loss=0.0644
Epoch=172, loss=0.0659
Epoch=173, loss=0.0634
Epoch=174, loss=0.0660
Epoch=175, loss=0.0656
Epoch=176, loss=0.0646
Epoch=177, loss=0.0592
Epoch=178, loss=0.0620
Epoch=179, loss=0.0593
Epoch=180, loss=0.0643
Epoch=181, loss=0.0635
Epoch=182, loss=0.0607
Epoch=183, loss=0.0603
Epoch=184, loss=0.0562
Epoch=185, loss=0.0584
Epoch=186, loss=0.0666
Epoch=187, loss=0.0595
Epoch=188, loss=0.0587
Epoch=189, loss=0.0585
Epoch=190, loss=0.0546
Epoch=191, loss=0.0547
Epoch=192, loss=0.0598
Epoch=193, loss=0.0546
Epoch=194, loss=0.0576
Epoch=195, loss=0.0544
Epoch=196, loss=0.0600
Epoch=197, loss=0.0558
Epoch=198, loss=0.0533
Epoch=199, loss=0.0583
Epoch=200, loss=0.0576
Epoch=201, loss=0.0549
Epoch=202, loss=0.0550
Epoch=203, loss=0.0567
Epoch=204, loss=0.0574
Epoch=205, loss=0.0513
Epoch=206, loss=0.0557
Epoch=207, loss=0.0565
Epoch=208, loss=0.0550
Epoch=209, loss=0.0559
Epoch=210, loss=0.0529
Epoch=211, loss=0.0532
Epoch=212, loss=0.0515
Epoch=213, loss=0.0580
Epoch=214, loss=0.0539
Epoch=215, loss=0.0495
Epoch=216, loss=0.0536
Epoch=217, loss=0.0500
Epoch=218, loss=0.0484
Epoch=219, loss=0.0514
Epoch=220, loss=0.0552
Epoch=221, loss=0.0530
Epoch=222, loss=0.0544
Epoch=223, loss=0.0490
Epoch=224, loss=0.0526
Epoch=225, loss=0.0484
Epoch=226, loss=0.0521
Epoch=227, loss=0.0469
Epoch=228, loss=0.0477
Epoch=229, loss=0.0485
Epoch=230, loss=0.0514
Epoch=231, loss=0.0504
Epoch=232, loss=0.0492
Epoch=233, loss=0.0525
Epoch=234, loss=0.0522
Epoch=235, loss=0.0503
Epoch=236, loss=0.0476
Epoch=237, loss=0.0484
Epoch=238, loss=0.0481
Epoch=239, loss=0.0465
Epoch=240, loss=0.0436
Epoch=241, loss=0.0499
Epoch=242, loss=0.0504
Epoch=243, loss=0.0483
Epoch=244, loss=0.0432
Epoch=245, loss=0.0458
Epoch=246, loss=0.0449
Epoch=247, loss=0.0454
Epoch=248, loss=0.0477
Epoch=249, loss=0.0455
Epoch=250, loss=0.0448
Epoch=251, loss=0.0473
Epoch=252, loss=0.0461
Epoch=253, loss=0.0459
Epoch=254, loss=0.0460
Epoch=255, loss=0.0440
Epoch=256, loss=0.0418
Epoch=257, loss=0.0429
Epoch=258, loss=0.0492
Epoch=259, loss=0.0496
Epoch=260, loss=0.0490
Epoch=261, loss=0.0410
Epoch=262, loss=0.0457
Epoch=263, loss=0.0447
Epoch=264, loss=0.0447
Epoch=265, loss=0.0429
Epoch=266, loss=0.0438
Epoch=267, loss=0.0405
Epoch=268, loss=0.0395
Epoch=269, loss=0.0407
Epoch=270, loss=0.0383
Epoch=271, loss=0.0455
Epoch=272, loss=0.0383
Epoch=273, loss=0.0427
Epoch=274, loss=0.0438
Epoch=275, loss=0.0474
Epoch=276, loss=0.0395
Epoch=277, loss=0.0359
Epoch=278, loss=0.0446
Epoch=279, loss=0.0409
Epoch=280, loss=0.0409
Epoch=281, loss=0.0393
Epoch=282, loss=0.0394
Epoch=283, loss=0.0427
Epoch=284, loss=0.0432
Epoch=285, loss=0.0399
Epoch=286, loss=0.0440
Epoch=287, loss=0.0381
Epoch=288, loss=0.0390
Epoch=289, loss=0.0389
Epoch=290, loss=0.0409
Epoch=291, loss=0.0424
Epoch=292, loss=0.0428
Epoch=293, loss=0.0371
Epoch=294, loss=0.0428
Epoch=295, loss=0.0409
Epoch=296, loss=0.0383
Epoch=297, loss=0.0381
Early stopping!
Loading 277th epoch
Early stopping!
Start to test process.
done with the edge prediction
done with the node prediction
done with the second node prediction
(E) | label_classification: F1Mi=0.8073+-0.0095, F1Ma=0.7939+-0.0103, acc=0.8073+-0.0095
[['MVGRL', 'heat', 16, 15, 2, 'normalize', 0.1, 0.2, 0.4, 0.001, 0.5, 0.2, 0.5, 0.0001, 512, 512, 0.931701858550907, 0.9298939607513151, 0.9397362176798245, 0.936956433513053, 0.7571428418159485, 0.6140000224113464, 0.5469052195549011, 0.7357142567634583, 0.6159999966621399, 0.5411025285720825, 0.6157015157403809, 0.013217347181113576, 0.5685925078921809, 0.020929367884800397, 0.6157015157403809, 0.013217347181113576], ['MVGRL', 'heat', 32, 15, 2, 'normalize', 0.1, 0.2, 0.4, 0.001, 0.5, 0.2, 0.5, 0.0001, 512, 512, 0.9258292463801272, 0.9189156502778673, 0.9280917729153239, 0.9224463362849853, 0.8571428656578064, 0.7559999823570251, 0.7142166495323181, 0.9071428775787354, 0.7599999904632568, 0.7176015377044678, 0.7500194325689857, 0.010377501293915941, 0.7109541211134771, 0.015356799044858933, 0.7500194325689857, 0.01037750129391598], ['MVGRL', 'heat', 64, 15, 2, 'normalize', 0.1, 0.2, 0.4, 0.001, 0.5, 0.2, 0.5, 0.0001, 512, 512, 0.9829486374439584, 0.9818899895374588, 0.9699851293887207, 0.9675299729903637, 0.8428571224212646, 0.7960000038146973, 0.7388781309127808, 0.8214285969734192, 0.8059999942779541, 0.7466151118278503, 0.7990672366886902, 0.0024208956863423763, 0.7782900286970982, 0.007358049643935487, 0.7990672366886903, 0.0024208956863423976], ['MVGRL', 'heat', 128, 15, 2, 'normalize', 0.1, 0.2, 0.4, 0.001, 0.5, 0.2, 0.5, 0.0001, 512, 512, 0.986410284823701, 0.9855408145174323, 0.9744931209920462, 0.9695741277530221, 0.8642857074737549, 0.8299999833106995, 0.7852997779846191, 0.9142857193946838, 0.8140000104904175, 0.7645067572593689, 0.794325689856199, 0.011650210024217724, 0.777574740100808, 0.009591704254082083, 0.794325689856199, 0.01165021002421777], ['MVGRL', 'heat', 256, 15, 2, 'normalize', 0.1, 0.2, 0.4, 0.001, 0.5, 0.2, 0.5, 0.0001, 512, 512, 0.9700053777790486, 0.9659538472598146, 0.9609403411239014, 0.9540234384425639, 0.8642857074737549, 0.8320000171661377, 0.7814313173294067, 0.8571428656578064, 0.8180000185966492, 0.7654739022254944, 0.8073066459385931, 0.009473531843240339, 0.7938797799019547, 0.010282361030553957, 0.8073066459385931, 0.009473531843240329]]
Epoch=000, loss=0.6960
Epoch=001, loss=0.7748
Epoch=002, loss=0.6748
Epoch=003, loss=0.7104
Epoch=004, loss=0.6661
Epoch=005, loss=0.6525
Epoch=006, loss=0.6660
Epoch=007, loss=0.6380
Epoch=008, loss=0.6221
Epoch=009, loss=0.6186
Epoch=010, loss=0.6089
Epoch=011, loss=0.5832
Epoch=012, loss=0.5759
Epoch=013, loss=0.5796
Epoch=014, loss=0.5540
Epoch=015, loss=0.5376
Epoch=016, loss=0.5304
Epoch=017, loss=0.5130
Epoch=018, loss=0.4938
Epoch=019, loss=0.4935
Epoch=020, loss=0.4785
Epoch=021, loss=0.4537
Epoch=022, loss=0.4455
Epoch=023, loss=0.4307
Epoch=024, loss=0.4176
Epoch=025, loss=0.4081
Epoch=026, loss=0.4007
Epoch=027, loss=0.3910
Epoch=028, loss=0.3716
Epoch=029, loss=0.3587
Epoch=030, loss=0.3501
Epoch=031, loss=0.3461
Epoch=032, loss=0.3323
Epoch=033, loss=0.3197
Epoch=034, loss=0.3123
Epoch=035, loss=0.3121
Epoch=036, loss=0.2941
Epoch=037, loss=0.2885
Epoch=038, loss=0.2836
Epoch=039, loss=0.2718
Epoch=040, loss=0.2669
Epoch=041, loss=0.2605
Epoch=042, loss=0.2495
Epoch=043, loss=0.2456
Epoch=044, loss=0.2348
Epoch=045, loss=0.2345
Epoch=046, loss=0.2252
Epoch=047, loss=0.2219
Epoch=048, loss=0.2128
Epoch=049, loss=0.2092
Epoch=050, loss=0.2018
Epoch=051, loss=0.1961
Epoch=052, loss=0.1951
Epoch=053, loss=0.1884
Epoch=054, loss=0.1870
Epoch=055, loss=0.1767
Epoch=056, loss=0.1793
Epoch=057, loss=0.1725
Epoch=058, loss=0.1684
Epoch=059, loss=0.1703
Epoch=060, loss=0.1630
Epoch=061, loss=0.1565
Epoch=062, loss=0.1586
Epoch=063, loss=0.1538
Epoch=064, loss=0.1465
Epoch=065, loss=0.1430
Epoch=066, loss=0.1464
Epoch=067, loss=0.1432
Epoch=068, loss=0.1431
Epoch=069, loss=0.1377
Epoch=070, loss=0.1348
Epoch=071, loss=0.1318
Epoch=072, loss=0.1310
Epoch=073, loss=0.1253
Epoch=074, loss=0.1260
Epoch=075, loss=0.1218
Epoch=076, loss=0.1178
Epoch=077, loss=0.1192
Epoch=078, loss=0.1164
Epoch=079, loss=0.1207
Epoch=080, loss=0.1163
Epoch=081, loss=0.1139
Epoch=082, loss=0.1147
Epoch=083, loss=0.1083
Epoch=084, loss=0.1062
Epoch=085, loss=0.1034
Epoch=086, loss=0.1044
Epoch=087, loss=0.1043
Epoch=088, loss=0.1023
Epoch=089, loss=0.1012
Epoch=090, loss=0.1000
Epoch=091, loss=0.1015
Epoch=092, loss=0.0968
Epoch=093, loss=0.0945
Epoch=094, loss=0.0959
Epoch=095, loss=0.0970
Epoch=096, loss=0.0922
Epoch=097, loss=0.0907
Epoch=098, loss=0.0923
Epoch=099, loss=0.0911
Epoch=100, loss=0.0889
Epoch=101, loss=0.0848
Epoch=102, loss=0.0856
Epoch=103, loss=0.0911
Epoch=104, loss=0.0889
Epoch=105, loss=0.0891
Epoch=106, loss=0.0857
Epoch=107, loss=0.0821
Epoch=108, loss=0.0838
Epoch=109, loss=0.0841
Epoch=110, loss=0.0858
Epoch=111, loss=0.0806
Epoch=112, loss=0.0821
Epoch=113, loss=0.0776
Epoch=114, loss=0.0759
Epoch=115, loss=0.0767
Epoch=116, loss=0.0822
Epoch=117, loss=0.0792
Epoch=118, loss=0.0770
Epoch=119, loss=0.0759
Epoch=120, loss=0.0762
Epoch=121, loss=0.0779
Epoch=122, loss=0.0713
Epoch=123, loss=0.0740
Epoch=124, loss=0.0709
Epoch=125, loss=0.0704
Epoch=126, loss=0.0725
Epoch=127, loss=0.0699
Epoch=128, loss=0.0701
Epoch=129, loss=0.0752
Epoch=130, loss=0.0690
Epoch=131, loss=0.0644
Epoch=132, loss=0.0688
Epoch=133, loss=0.0678
Epoch=134, loss=0.0673
Epoch=135, loss=0.0723
Epoch=136, loss=0.0665
Epoch=137, loss=0.0671
Epoch=138, loss=0.0719
Epoch=139, loss=0.0643
Epoch=140, loss=0.0642
Epoch=141, loss=0.0643
Epoch=142, loss=0.0648
Epoch=143, loss=0.0627
Epoch=144, loss=0.0650
Epoch=145, loss=0.0621
Epoch=146, loss=0.0657
Epoch=147, loss=0.0580
Epoch=148, loss=0.0628
Epoch=149, loss=0.0599
Epoch=150, loss=0.0627
Epoch=151, loss=0.0580
Epoch=152, loss=0.0622
Epoch=153, loss=0.0642
Epoch=154, loss=0.0582
Epoch=155, loss=0.0593
Epoch=156, loss=0.0647
Epoch=157, loss=0.0659
Epoch=158, loss=0.0557
Epoch=159, loss=0.0632
Epoch=160, loss=0.0574
Epoch=161, loss=0.0553
Epoch=162, loss=0.0565
Epoch=163, loss=0.0525
Epoch=164, loss=0.0552
Epoch=165, loss=0.0622
Epoch=166, loss=0.0561
Epoch=167, loss=0.0571
Epoch=168, loss=0.0528
Epoch=169, loss=0.0505
Epoch=170, loss=0.0538
Epoch=171, loss=0.0556
Epoch=172, loss=0.0528
Epoch=173, loss=0.0569
Epoch=174, loss=0.0525
Epoch=175, loss=0.0497
Epoch=176, loss=0.0541
Epoch=177, loss=0.0520
Epoch=178, loss=0.0527
Epoch=179, loss=0.0545
Epoch=180, loss=0.0500
Epoch=181, loss=0.0546
Epoch=182, loss=0.0484
Epoch=183, loss=0.0520
Epoch=184, loss=0.0512
Epoch=185, loss=0.0485
Epoch=186, loss=0.0528
Epoch=187, loss=0.0487
Epoch=188, loss=0.0507
Epoch=189, loss=0.0457
Epoch=190, loss=0.0505
Epoch=191, loss=0.0491
Epoch=192, loss=0.0478
Epoch=193, loss=0.0494
Epoch=194, loss=0.0462
Epoch=195, loss=0.0481
Epoch=196, loss=0.0486
Epoch=197, loss=0.0471
Epoch=198, loss=0.0454
Epoch=199, loss=0.0427
Epoch=200, loss=0.0481
Epoch=201, loss=0.0431
Epoch=202, loss=0.0445
Epoch=203, loss=0.0437
Epoch=204, loss=0.0453
Epoch=205, loss=0.0424
Epoch=206, loss=0.0412
Epoch=207, loss=0.0451
Epoch=208, loss=0.0422
Epoch=209, loss=0.0442
Epoch=210, loss=0.0407
Epoch=211, loss=0.0431
Epoch=212, loss=0.0481
Epoch=213, loss=0.0403
Epoch=214, loss=0.0437
Epoch=215, loss=0.0435
Epoch=216, loss=0.0461
Epoch=217, loss=0.0435
Epoch=218, loss=0.0508
Epoch=219, loss=0.0415
Epoch=220, loss=0.0414
Epoch=221, loss=0.0358
Epoch=222, loss=0.0416
Epoch=223, loss=0.0424
Epoch=224, loss=0.0418
Epoch=225, loss=0.0396
Epoch=226, loss=0.0402
Epoch=227, loss=0.0411
Epoch=228, loss=0.0417
Epoch=229, loss=0.0393
Epoch=230, loss=0.0379
Epoch=231, loss=0.0397
Epoch=232, loss=0.0419
Epoch=233, loss=0.0428
Epoch=234, loss=0.0394
Epoch=235, loss=0.0355
Epoch=236, loss=0.0412
Epoch=237, loss=0.0446
Epoch=238, loss=0.0400
Epoch=239, loss=0.0370
Epoch=240, loss=0.0376
Epoch=241, loss=0.0346
Epoch=242, loss=0.0398
Epoch=243, loss=0.0354
Epoch=244, loss=0.0336
Epoch=245, loss=0.0410
Epoch=246, loss=0.0405
Epoch=247, loss=0.0387
Epoch=248, loss=0.0340
Epoch=249, loss=0.0403
Epoch=250, loss=0.0436
Epoch=251, loss=0.0371
Epoch=252, loss=0.0384
Epoch=253, loss=0.0322
Epoch=254, loss=0.0323
Epoch=255, loss=0.0340
Epoch=256, loss=0.0334
Epoch=257, loss=0.0410
Epoch=258, loss=0.0404
Epoch=259, loss=0.0347
Epoch=260, loss=0.0359
Epoch=261, loss=0.0385
Epoch=262, loss=0.0384
Epoch=263, loss=0.0355
Epoch=264, loss=0.0361
Epoch=265, loss=0.0385
Epoch=266, loss=0.0343
Epoch=267, loss=0.0333
Epoch=268, loss=0.0324
Epoch=269, loss=0.0333
Epoch=270, loss=0.0379
Epoch=271, loss=0.0363
Epoch=272, loss=0.0310
Epoch=273, loss=0.0313
Epoch=274, loss=0.0286
Epoch=275, loss=0.0333
Epoch=276, loss=0.0283
Epoch=277, loss=0.0316
Epoch=278, loss=0.0306
Epoch=279, loss=0.0289
Epoch=280, loss=0.0359
Epoch=281, loss=0.0300
Epoch=282, loss=0.0283
Epoch=283, loss=0.0341
Epoch=284, loss=0.0351
Epoch=285, loss=0.0354
Epoch=286, loss=0.0308
Epoch=287, loss=0.0336
Epoch=288, loss=0.0332
Epoch=289, loss=0.0277
Epoch=290, loss=0.0321
Epoch=291, loss=0.0339
Epoch=292, loss=0.0343
Epoch=293, loss=0.0313
Epoch=294, loss=0.0290
Epoch=295, loss=0.0299
Epoch=296, loss=0.0330
Epoch=297, loss=0.0291
Epoch=298, loss=0.0314
Epoch=299, loss=0.0310
Epoch=300, loss=0.0269
Epoch=301, loss=0.0277
Epoch=302, loss=0.0274
Epoch=303, loss=0.0330
Epoch=304, loss=0.0331
Epoch=305, loss=0.0268
Epoch=306, loss=0.0309
Epoch=307, loss=0.0281
Epoch=308, loss=0.0281
Epoch=309, loss=0.0274
Epoch=310, loss=0.0291
Epoch=311, loss=0.0232
Epoch=312, loss=0.0277
Epoch=313, loss=0.0279
Epoch=314, loss=0.0276
Epoch=315, loss=0.0326
Epoch=316, loss=0.0261
Epoch=317, loss=0.0240
Epoch=318, loss=0.0292
Epoch=319, loss=0.0258
Epoch=320, loss=0.0240
Epoch=321, loss=0.0283
Epoch=322, loss=0.0244
Epoch=323, loss=0.0264
Epoch=324, loss=0.0282
Epoch=325, loss=0.0274
Epoch=326, loss=0.0228
Epoch=327, loss=0.0210
Epoch=328, loss=0.0291
Epoch=329, loss=0.0302
Epoch=330, loss=0.0310
Epoch=331, loss=0.0263
Epoch=332, loss=0.0253
Epoch=333, loss=0.0237
Epoch=334, loss=0.0241
Epoch=335, loss=0.0246
Epoch=336, loss=0.0274
Epoch=337, loss=0.0253
Epoch=338, loss=0.0271
Epoch=339, loss=0.0255
Epoch=340, loss=0.0255
Epoch=341, loss=0.0245
Epoch=342, loss=0.0249
Epoch=343, loss=0.0251
Epoch=344, loss=0.0212
Epoch=345, loss=0.0265
Epoch=346, loss=0.0275
Epoch=347, loss=0.0273
Early stopping!
Loading 327th epoch
Early stopping!
Start to test process.
done with the edge prediction
done with the node prediction
done with the second node prediction
(E) | label_classification: F1Mi=0.8037+-0.0058, F1Ma=0.7867+-0.0072, acc=0.8037+-0.0058
[['MVGRL', 'heat', 16, 15, 2, 'normalize', 0.1, 0.2, 0.4, 0.001, 0.5, 0.2, 0.5, 0.0001, 512, 512, 0.931701858550907, 0.9298939607513151, 0.9397362176798245, 0.936956433513053, 0.7571428418159485, 0.6140000224113464, 0.5469052195549011, 0.7357142567634583, 0.6159999966621399, 0.5411025285720825, 0.6157015157403809, 0.013217347181113576, 0.5685925078921809, 0.020929367884800397, 0.6157015157403809, 0.013217347181113576], ['MVGRL', 'heat', 32, 15, 2, 'normalize', 0.1, 0.2, 0.4, 0.001, 0.5, 0.2, 0.5, 0.0001, 512, 512, 0.9258292463801272, 0.9189156502778673, 0.9280917729153239, 0.9224463362849853, 0.8571428656578064, 0.7559999823570251, 0.7142166495323181, 0.9071428775787354, 0.7599999904632568, 0.7176015377044678, 0.7500194325689857, 0.010377501293915941, 0.7109541211134771, 0.015356799044858933, 0.7500194325689857, 0.01037750129391598], ['MVGRL', 'heat', 64, 15, 2, 'normalize', 0.1, 0.2, 0.4, 0.001, 0.5, 0.2, 0.5, 0.0001, 512, 512, 0.9829486374439584, 0.9818899895374588, 0.9699851293887207, 0.9675299729903637, 0.8428571224212646, 0.7960000038146973, 0.7388781309127808, 0.8214285969734192, 0.8059999942779541, 0.7466151118278503, 0.7990672366886902, 0.0024208956863423763, 0.7782900286970982, 0.007358049643935487, 0.7990672366886903, 0.0024208956863423976], ['MVGRL', 'heat', 128, 15, 2, 'normalize', 0.1, 0.2, 0.4, 0.001, 0.5, 0.2, 0.5, 0.0001, 512, 512, 0.986410284823701, 0.9855408145174323, 0.9744931209920462, 0.9695741277530221, 0.8642857074737549, 0.8299999833106995, 0.7852997779846191, 0.9142857193946838, 0.8140000104904175, 0.7645067572593689, 0.794325689856199, 0.011650210024217724, 0.777574740100808, 0.009591704254082083, 0.794325689856199, 0.01165021002421777], ['MVGRL', 'heat', 256, 15, 2, 'normalize', 0.1, 0.2, 0.4, 0.001, 0.5, 0.2, 0.5, 0.0001, 512, 512, 0.9700053777790486, 0.9659538472598146, 0.9609403411239014, 0.9540234384425639, 0.8642857074737549, 0.8320000171661377, 0.7814313173294067, 0.8571428656578064, 0.8180000185966492, 0.7654739022254944, 0.8073066459385931, 0.009473531843240339, 0.7938797799019547, 0.010282361030553957, 0.8073066459385931, 0.009473531843240329], ['MVGRL', 'heat', 512, 15, 2, 'normalize', 0.1, 0.2, 0.4, 0.001, 0.5, 0.2, 0.5, 0.0001, 512, 512, 0.9994128231830731, 0.9993828330930995, 0.9755247021376954, 0.9713472934392395, 0.8999999761581421, 0.8579999804496765, 0.8046421408653259, 0.8642857074737549, 0.8679999709129333, 0.8046421408653259, 0.803731053245239, 0.005842711379080024, 0.7866600526989861, 0.007200441689933243, 0.803731053245239, 0.005842711379080024]]
