My SLURM_ARRAY_TASK_ID:  16
My SLURM_ARRAY_JOB_ID:  4522289
DGI
Cora
result file is 4522289_16
Found it
Dataset: Cora():
======================
Number of graphs: 1
Number of features: 1433
Number of classes: 7
Data(x=[2708, 1433], edge_index=[2, 10556], y=[2708], train_mask=[2708], val_mask=[2708], test_mask=[2708])
==============================================================
Number of nodes: 2708
Number of edges: 10556
Average node degree: 3.90
Number of training nodes: 140
Training node label rate: 0.05
Contains isolated nodes: False
Contains self-loops: False
Is undirected: True
/scratch/midway3/cdonnat/gnumap/experiments/results/DGI_results_Cora_4522289_16.csv
=== train DGI model ===
Epoch=000, loss=0.6932
Epoch=001, loss=0.6932
Epoch=002, loss=0.6931
Epoch=003, loss=0.6931
Epoch=004, loss=0.6931
Epoch=005, loss=0.6930
Epoch=006, loss=0.6930
Epoch=007, loss=0.6930
Epoch=008, loss=0.6929
Epoch=009, loss=0.6929
Epoch=010, loss=0.6929
Epoch=011, loss=0.6928
Epoch=012, loss=0.6928
Epoch=013, loss=0.6927
Epoch=014, loss=0.6927
Epoch=015, loss=0.6926
Epoch=016, loss=0.6926
Epoch=017, loss=0.6925
Epoch=018, loss=0.6925
Epoch=019, loss=0.6924
Epoch=020, loss=0.6923
Epoch=021, loss=0.6922
Epoch=022, loss=0.6921
Epoch=023, loss=0.6920
Epoch=024, loss=0.6919
Epoch=025, loss=0.6918
Epoch=026, loss=0.6917
Epoch=027, loss=0.6916
Epoch=028, loss=0.6914
Epoch=029, loss=0.6913
Epoch=030, loss=0.6911
Epoch=031, loss=0.6910
Epoch=032, loss=0.6909
Epoch=033, loss=0.6906
Epoch=034, loss=0.6905
Epoch=035, loss=0.6902
Epoch=036, loss=0.6901
Epoch=037, loss=0.6898
Epoch=038, loss=0.6896
Epoch=039, loss=0.6894
Epoch=040, loss=0.6891
Epoch=041, loss=0.6888
Epoch=042, loss=0.6886
Epoch=043, loss=0.6883
Epoch=044, loss=0.6878
Epoch=045, loss=0.6876
Epoch=046, loss=0.6872
Epoch=047, loss=0.6870
Epoch=048, loss=0.6864
Epoch=049, loss=0.6860
Epoch=050, loss=0.6856
Epoch=051, loss=0.6855
Epoch=052, loss=0.6851
Epoch=053, loss=0.6842
Epoch=054, loss=0.6837
Epoch=055, loss=0.6835
Epoch=056, loss=0.6828
Epoch=057, loss=0.6825
Epoch=058, loss=0.6815
Epoch=059, loss=0.6810
Epoch=060, loss=0.6806
Epoch=061, loss=0.6799
Epoch=062, loss=0.6791
Epoch=063, loss=0.6785
Epoch=064, loss=0.6778
Epoch=065, loss=0.6770
Epoch=066, loss=0.6764
Epoch=067, loss=0.6749
Epoch=068, loss=0.6744
Epoch=069, loss=0.6732
Epoch=070, loss=0.6725
Epoch=071, loss=0.6715
Epoch=072, loss=0.6707
Epoch=073, loss=0.6695
Epoch=074, loss=0.6685
Epoch=075, loss=0.6672
Epoch=076, loss=0.6662
Epoch=077, loss=0.6652
Epoch=078, loss=0.6641
Epoch=079, loss=0.6630
Epoch=080, loss=0.6613
Epoch=081, loss=0.6601
Epoch=082, loss=0.6600
Epoch=083, loss=0.6571
Epoch=084, loss=0.6555
Epoch=085, loss=0.6534
Epoch=086, loss=0.6526
Epoch=087, loss=0.6506
Epoch=088, loss=0.6489
Epoch=089, loss=0.6483
Epoch=090, loss=0.6458
Epoch=091, loss=0.6447
Epoch=092, loss=0.6425
Epoch=093, loss=0.6400
Epoch=094, loss=0.6375
Epoch=095, loss=0.6358
Epoch=096, loss=0.6344
Epoch=097, loss=0.6332
Epoch=098, loss=0.6304
Epoch=099, loss=0.6279
Epoch=100, loss=0.6263
Epoch=101, loss=0.6254
Epoch=102, loss=0.6220
Epoch=103, loss=0.6205
Epoch=104, loss=0.6178
Epoch=105, loss=0.6148
Epoch=106, loss=0.6139
Epoch=107, loss=0.6093
Epoch=108, loss=0.6073
Epoch=109, loss=0.6045
Epoch=110, loss=0.6017
Epoch=111, loss=0.5993
Epoch=112, loss=0.5971
Epoch=113, loss=0.5942
Epoch=114, loss=0.5916
Epoch=115, loss=0.5898
Epoch=116, loss=0.5872
Epoch=117, loss=0.5837
Epoch=118, loss=0.5810
Epoch=119, loss=0.5755
Epoch=120, loss=0.5734
Epoch=121, loss=0.5720
Epoch=122, loss=0.5686
Epoch=123, loss=0.5646
Epoch=124, loss=0.5616
Epoch=125, loss=0.5585
Epoch=126, loss=0.5574
Epoch=127, loss=0.5519
Epoch=128, loss=0.5467
Epoch=129, loss=0.5454
Epoch=130, loss=0.5409
Epoch=131, loss=0.5402
Epoch=132, loss=0.5380
Epoch=133, loss=0.5288
Epoch=134, loss=0.5283
Epoch=135, loss=0.5274
Epoch=136, loss=0.5250
Epoch=137, loss=0.5172
Epoch=138, loss=0.5165
Epoch=139, loss=0.5130
Epoch=140, loss=0.5109
Epoch=141, loss=0.5061
Epoch=142, loss=0.4993
Epoch=143, loss=0.4950
Epoch=144, loss=0.4930
Epoch=145, loss=0.4895
Epoch=146, loss=0.4859
Epoch=147, loss=0.4791
Epoch=148, loss=0.4805
Epoch=149, loss=0.4750
Epoch=150, loss=0.4720
Epoch=151, loss=0.4680
Epoch=152, loss=0.4634
Epoch=153, loss=0.4562
Epoch=154, loss=0.4549
Epoch=155, loss=0.4501
Epoch=156, loss=0.4541
Epoch=157, loss=0.4396
Epoch=158, loss=0.4471
Epoch=159, loss=0.4395
Epoch=160, loss=0.4327
Epoch=161, loss=0.4301
Epoch=162, loss=0.4239
Epoch=163, loss=0.4249
Epoch=164, loss=0.4180
Epoch=165, loss=0.4181
Epoch=166, loss=0.4138
Epoch=167, loss=0.4097
Epoch=168, loss=0.4078
Epoch=169, loss=0.4032
Epoch=170, loss=0.3973
Epoch=171, loss=0.3923
Epoch=172, loss=0.3904
Epoch=173, loss=0.3844
Epoch=174, loss=0.3849
Epoch=175, loss=0.3817
Epoch=176, loss=0.3750
Epoch=177, loss=0.3752
Epoch=178, loss=0.3710
Epoch=179, loss=0.3678
Epoch=180, loss=0.3628
Epoch=181, loss=0.3579
Epoch=182, loss=0.3584
Epoch=183, loss=0.3490
Epoch=184, loss=0.3531
Epoch=185, loss=0.3469
Epoch=186, loss=0.3417
Epoch=187, loss=0.3396
Epoch=188, loss=0.3331
Epoch=189, loss=0.3369
Epoch=190, loss=0.3313
Epoch=191, loss=0.3268
Epoch=192, loss=0.3217
Epoch=193, loss=0.3241
Epoch=194, loss=0.3180
Epoch=195, loss=0.3153
Epoch=196, loss=0.3074
Epoch=197, loss=0.3106
Epoch=198, loss=0.3064
Epoch=199, loss=0.3055
Epoch=200, loss=0.3001
Epoch=201, loss=0.2946
Epoch=202, loss=0.2945
Epoch=203, loss=0.2927
Epoch=204, loss=0.2844
Epoch=205, loss=0.2861
Epoch=206, loss=0.2840
Epoch=207, loss=0.2812
Epoch=208, loss=0.2777
Epoch=209, loss=0.2745
Epoch=210, loss=0.2717
Epoch=211, loss=0.2699
Epoch=212, loss=0.2680
Epoch=213, loss=0.2622
Epoch=214, loss=0.2601
Epoch=215, loss=0.2557
Epoch=216, loss=0.2539
Epoch=217, loss=0.2496
Epoch=218, loss=0.2583
Epoch=219, loss=0.2535
Epoch=220, loss=0.2446
Epoch=221, loss=0.2478
Epoch=222, loss=0.2492
Epoch=223, loss=0.2430
Epoch=224, loss=0.2497
Epoch=225, loss=0.2327
Epoch=226, loss=0.2372
Epoch=227, loss=0.2244
Epoch=228, loss=0.2305
Epoch=229, loss=0.2395
Epoch=230, loss=0.2264
Epoch=231, loss=0.2303
Epoch=232, loss=0.2206
Epoch=233, loss=0.2297
Epoch=234, loss=0.2180
Epoch=235, loss=0.2242
Epoch=236, loss=0.2140
Epoch=237, loss=0.2182
Epoch=238, loss=0.2170
Epoch=239, loss=0.2114
Epoch=240, loss=0.2079
Epoch=241, loss=0.2040
Epoch=242, loss=0.2007
Epoch=243, loss=0.2008
Epoch=244, loss=0.1981
Epoch=245, loss=0.2067
Epoch=246, loss=0.2134
Epoch=247, loss=0.1998
Epoch=248, loss=0.1969
Epoch=249, loss=0.1968
Epoch=250, loss=0.1900
Epoch=251, loss=0.1927
Epoch=252, loss=0.1954
Epoch=253, loss=0.1902
Epoch=254, loss=0.1803
Epoch=255, loss=0.1875
Epoch=256, loss=0.1914
Epoch=257, loss=0.1858
Epoch=258, loss=0.1828
Epoch=259, loss=0.1816
Epoch=260, loss=0.1738
Epoch=261, loss=0.1781
Epoch=262, loss=0.1738
Epoch=263, loss=0.1804
Epoch=264, loss=0.1708
Epoch=265, loss=0.1677
Epoch=266, loss=0.1738
Epoch=267, loss=0.1681
Epoch=268, loss=0.1695
Epoch=269, loss=0.1684
Epoch=270, loss=0.1697
Epoch=271, loss=0.1742
Epoch=272, loss=0.1618
Epoch=273, loss=0.1666
Epoch=274, loss=0.1550
Epoch=275, loss=0.1612
Epoch=276, loss=0.1506
Epoch=277, loss=0.1522
Epoch=278, loss=0.1592
Epoch=279, loss=0.1543
Epoch=280, loss=0.1627
Epoch=281, loss=0.1547
Epoch=282, loss=0.1568
Epoch=283, loss=0.1510
Epoch=284, loss=0.1723
Epoch=285, loss=0.1500
Epoch=286, loss=0.1488
Epoch=287, loss=0.1468
Epoch=288, loss=0.1572
Epoch=289, loss=0.1447
Epoch=290, loss=0.1472
Epoch=291, loss=0.1482
Epoch=292, loss=0.1570
Epoch=293, loss=0.1454
Epoch=294, loss=0.1544
Epoch=295, loss=0.1406
Epoch=296, loss=0.1401
Epoch=297, loss=0.1539
Epoch=298, loss=0.1395
Epoch=299, loss=0.1443
Epoch=300, loss=0.1399
Epoch=301, loss=0.1436
Epoch=302, loss=0.1336
Epoch=303, loss=0.1333
Epoch=304, loss=0.1311
Epoch=305, loss=0.1438
Epoch=306, loss=0.1345
Epoch=307, loss=0.1420
Epoch=308, loss=0.1348
Epoch=309, loss=0.1385
Epoch=310, loss=0.1310
Epoch=311, loss=0.1374
Epoch=312, loss=0.1264
Epoch=313, loss=0.1205
Epoch=314, loss=0.1279
Epoch=315, loss=0.1375
Epoch=316, loss=0.1256
Epoch=317, loss=0.1295
Epoch=318, loss=0.1228
Epoch=319, loss=0.1251
Epoch=320, loss=0.1314
Epoch=321, loss=0.1252
Epoch=322, loss=0.1165
Epoch=323, loss=0.1284
Epoch=324, loss=0.1201
Epoch=325, loss=0.1228
Epoch=326, loss=0.1260
Epoch=327, loss=0.1275
Epoch=328, loss=0.1223
Epoch=329, loss=0.1186
Epoch=330, loss=0.1184
Epoch=331, loss=0.1209
Epoch=332, loss=0.1214
Epoch=333, loss=0.1178
Epoch=334, loss=0.1245
Epoch=335, loss=0.1122
Epoch=336, loss=0.1140
Epoch=337, loss=0.1105
Epoch=338, loss=0.1067
Epoch=339, loss=0.1223
Epoch=340, loss=0.1171
Epoch=341, loss=0.1064
Epoch=342, loss=0.1094
Epoch=343, loss=0.1158
Epoch=344, loss=0.1123
Epoch=345, loss=0.1159
Epoch=346, loss=0.0994
Epoch=347, loss=0.1181
Epoch=348, loss=0.1148
Epoch=349, loss=0.1133
Epoch=350, loss=0.1088
Epoch=351, loss=0.1080
Epoch=352, loss=0.1182
Epoch=353, loss=0.1106
Epoch=354, loss=0.1126
Epoch=355, loss=0.1040
Epoch=356, loss=0.1094
Epoch=357, loss=0.0926
Epoch=358, loss=0.1023
Epoch=359, loss=0.1110
Epoch=360, loss=0.0998
Epoch=361, loss=0.1049
Epoch=362, loss=0.1010
Epoch=363, loss=0.1134
Epoch=364, loss=0.1018
Epoch=365, loss=0.1043
Epoch=366, loss=0.1104
Epoch=367, loss=0.0977
Epoch=368, loss=0.1124
Epoch=369, loss=0.0964
Epoch=370, loss=0.0966
Epoch=371, loss=0.0929
Epoch=372, loss=0.1066
Epoch=373, loss=0.1022
Epoch=374, loss=0.0966
Epoch=375, loss=0.0998
Epoch=376, loss=0.0972
Epoch=377, loss=0.0975
Early stopping!
Loading 357th epoch
Early stopping!
Start to test process.
done with the edge prediction
done with the node prediction
done with the second node prediction
(E) | label_classification: F1Mi=0.6745+-0.0161, F1Ma=0.5988+-0.0335, acc=0.6745+-0.0161
[['DGI', 'heat', 16, 15, 2, 'normalize', 0.1, 0.2, 0.4, 0.001, 0.5, 0.2, 0.5, 0.0001, 512, 512, 0.7835913843134077, 0.7844316913363393, 0.7562047895610469, 0.760180378862022, 0.7642857432365417, 0.7279999852180481, 0.7093810439109802, 0.7428571581840515, 0.7279999852180481, 0.7093810439109802, 0.674543334628838, 0.01609523568759027, 0.5987787202537059, 0.03348345398190966, 0.674543334628838, 0.01609523568759027]]
=== train DGI model ===
Epoch=000, loss=0.6932
Epoch=001, loss=0.6931
Epoch=002, loss=0.6930
Epoch=003, loss=0.6930
Epoch=004, loss=0.6929
Epoch=005, loss=0.6929
Epoch=006, loss=0.6928
Epoch=007, loss=0.6927
Epoch=008, loss=0.6926
Epoch=009, loss=0.6925
Epoch=010, loss=0.6924
Epoch=011, loss=0.6922
Epoch=012, loss=0.6921
Epoch=013, loss=0.6919
Epoch=014, loss=0.6917
Epoch=015, loss=0.6915
Epoch=016, loss=0.6913
Epoch=017, loss=0.6910
Epoch=018, loss=0.6908
Epoch=019, loss=0.6903
Epoch=020, loss=0.6901
Epoch=021, loss=0.6895
Epoch=022, loss=0.6892
Epoch=023, loss=0.6886
Epoch=024, loss=0.6883
Epoch=025, loss=0.6875
Epoch=026, loss=0.6869
Epoch=027, loss=0.6863
Epoch=028, loss=0.6857
Epoch=029, loss=0.6848
Epoch=030, loss=0.6840
Epoch=031, loss=0.6830
Epoch=032, loss=0.6821
Epoch=033, loss=0.6810
Epoch=034, loss=0.6798
Epoch=035, loss=0.6786
Epoch=036, loss=0.6772
Epoch=037, loss=0.6762
Epoch=038, loss=0.6747
Epoch=039, loss=0.6736
Epoch=040, loss=0.6711
Epoch=041, loss=0.6698
Epoch=042, loss=0.6677
Epoch=043, loss=0.6660
Epoch=044, loss=0.6638
Epoch=045, loss=0.6613
Epoch=046, loss=0.6590
Epoch=047, loss=0.6572
Epoch=048, loss=0.6539
Epoch=049, loss=0.6517
Epoch=050, loss=0.6481
Epoch=051, loss=0.6463
Epoch=052, loss=0.6437
Epoch=053, loss=0.6402
Epoch=054, loss=0.6362
Epoch=055, loss=0.6327
Epoch=056, loss=0.6297
Epoch=057, loss=0.6262
Epoch=058, loss=0.6226
Epoch=059, loss=0.6174
Epoch=060, loss=0.6139
Epoch=061, loss=0.6091
Epoch=062, loss=0.6051
Epoch=063, loss=0.6004
Epoch=064, loss=0.5944
Epoch=065, loss=0.5904
Epoch=066, loss=0.5852
Epoch=067, loss=0.5813
Epoch=068, loss=0.5750
Epoch=069, loss=0.5708
Epoch=070, loss=0.5658
Epoch=071, loss=0.5597
Epoch=072, loss=0.5531
Epoch=073, loss=0.5484
Epoch=074, loss=0.5417
Epoch=075, loss=0.5338
Epoch=076, loss=0.5262
Epoch=077, loss=0.5193
Epoch=078, loss=0.5162
Epoch=079, loss=0.5091
Epoch=080, loss=0.5002
Epoch=081, loss=0.4970
Epoch=082, loss=0.4920
Epoch=083, loss=0.4840
Epoch=084, loss=0.4741
Epoch=085, loss=0.4638
Epoch=086, loss=0.4608
Epoch=087, loss=0.4546
Epoch=088, loss=0.4444
Epoch=089, loss=0.4372
Epoch=090, loss=0.4314
Epoch=091, loss=0.4243
Epoch=092, loss=0.4183
Epoch=093, loss=0.4134
Epoch=094, loss=0.4041
Epoch=095, loss=0.3929
Epoch=096, loss=0.3871
Epoch=097, loss=0.3834
Epoch=098, loss=0.3736
Epoch=099, loss=0.3675
Epoch=100, loss=0.3581
Epoch=101, loss=0.3584
Epoch=102, loss=0.3486
Epoch=103, loss=0.3429
Epoch=104, loss=0.3322
Epoch=105, loss=0.3266
Epoch=106, loss=0.3227
Epoch=107, loss=0.3158
Epoch=108, loss=0.3049
Epoch=109, loss=0.3010
Epoch=110, loss=0.2930
Epoch=111, loss=0.2942
Epoch=112, loss=0.2847
Epoch=113, loss=0.2791
Epoch=114, loss=0.2723
Epoch=115, loss=0.2686
Epoch=116, loss=0.2649
Epoch=117, loss=0.2571
Epoch=118, loss=0.2489
Epoch=119, loss=0.2460
Epoch=120, loss=0.2426
Epoch=121, loss=0.2370
Epoch=122, loss=0.2229
Epoch=123, loss=0.2255
Epoch=124, loss=0.2192
Epoch=125, loss=0.2111
Epoch=126, loss=0.2152
Epoch=127, loss=0.2128
Epoch=128, loss=0.2113
Epoch=129, loss=0.1996
Epoch=130, loss=0.2026
Epoch=131, loss=0.1930
Epoch=132, loss=0.1899
Epoch=133, loss=0.1843
Epoch=134, loss=0.1901
Epoch=135, loss=0.1742
Epoch=136, loss=0.1820
Epoch=137, loss=0.1836
Epoch=138, loss=0.1654
Epoch=139, loss=0.1650
Epoch=140, loss=0.1711
Epoch=141, loss=0.1615
Epoch=142, loss=0.1620
Epoch=143, loss=0.1585
Epoch=144, loss=0.1559
Epoch=145, loss=0.1540
Epoch=146, loss=0.1486
Epoch=147, loss=0.1486
Epoch=148, loss=0.1448
Epoch=149, loss=0.1418
Epoch=150, loss=0.1433
Epoch=151, loss=0.1425
Epoch=152, loss=0.1383
Epoch=153, loss=0.1289
Epoch=154, loss=0.1351
Epoch=155, loss=0.1265
Epoch=156, loss=0.1243
Epoch=157, loss=0.1241
Epoch=158, loss=0.1258
Epoch=159, loss=0.1217
Epoch=160, loss=0.1195
Epoch=161, loss=0.1211
Epoch=162, loss=0.1209
Epoch=163, loss=0.1133
Epoch=164, loss=0.1182
Epoch=165, loss=0.1102
Epoch=166, loss=0.1158
Epoch=167, loss=0.1080
Epoch=168, loss=0.1136
Epoch=169, loss=0.1075
Epoch=170, loss=0.1173
Epoch=171, loss=0.1054
Epoch=172, loss=0.1047
Epoch=173, loss=0.1111
Epoch=174, loss=0.1078
Epoch=175, loss=0.1080
Epoch=176, loss=0.1013
Epoch=177, loss=0.0990
Epoch=178, loss=0.0990
Epoch=179, loss=0.0975
Epoch=180, loss=0.0912
Epoch=181, loss=0.1040
Epoch=182, loss=0.1065
Epoch=183, loss=0.0948
Epoch=184, loss=0.0973
Epoch=185, loss=0.0880
Epoch=186, loss=0.0890
Epoch=187, loss=0.0872
Epoch=188, loss=0.0836
Epoch=189, loss=0.0909
Epoch=190, loss=0.0885
Epoch=191, loss=0.0913
Epoch=192, loss=0.0846
Epoch=193, loss=0.0829
Epoch=194, loss=0.0824
Epoch=195, loss=0.0884
Epoch=196, loss=0.0855
Epoch=197, loss=0.0852
Epoch=198, loss=0.0819
Epoch=199, loss=0.0825
Epoch=200, loss=0.0875
Epoch=201, loss=0.0722
Epoch=202, loss=0.0797
Epoch=203, loss=0.0821
Epoch=204, loss=0.0759
Epoch=205, loss=0.0800
Epoch=206, loss=0.0774
Epoch=207, loss=0.0803
Epoch=208, loss=0.0750
Epoch=209, loss=0.0731
Epoch=210, loss=0.0703
Epoch=211, loss=0.0764
Epoch=212, loss=0.0758
Epoch=213, loss=0.0683
Epoch=214, loss=0.0762
Epoch=215, loss=0.0703
Epoch=216, loss=0.0707
Epoch=217, loss=0.0611
Epoch=218, loss=0.0792
Epoch=219, loss=0.0775
Epoch=220, loss=0.0697
Epoch=221, loss=0.0653
Epoch=222, loss=0.0702
Epoch=223, loss=0.0592
Epoch=224, loss=0.0792
Epoch=225, loss=0.0625
Epoch=226, loss=0.0725
Epoch=227, loss=0.0759
Epoch=228, loss=0.0644
Epoch=229, loss=0.0692
Epoch=230, loss=0.0637
Epoch=231, loss=0.0668
Epoch=232, loss=0.0713
Epoch=233, loss=0.0619
Epoch=234, loss=0.0660
Epoch=235, loss=0.0598
Epoch=236, loss=0.0625
Epoch=237, loss=0.0633
Epoch=238, loss=0.0548
Epoch=239, loss=0.0593
Epoch=240, loss=0.0668
Epoch=241, loss=0.0560
Epoch=242, loss=0.0640
Epoch=243, loss=0.0589
Epoch=244, loss=0.0554
Epoch=245, loss=0.0591
Epoch=246, loss=0.0613
Epoch=247, loss=0.0609
Epoch=248, loss=0.0579
Epoch=249, loss=0.0537
Epoch=250, loss=0.0527
Epoch=251, loss=0.0560
Epoch=252, loss=0.0584
Epoch=253, loss=0.0612
Epoch=254, loss=0.0522
Epoch=255, loss=0.0520
Epoch=256, loss=0.0543
Epoch=257, loss=0.0617
Epoch=258, loss=0.0537
Epoch=259, loss=0.0587
Epoch=260, loss=0.0535
Epoch=261, loss=0.0565
Epoch=262, loss=0.0547
Epoch=263, loss=0.0530
Epoch=264, loss=0.0517
Epoch=265, loss=0.0498
Epoch=266, loss=0.0469
Epoch=267, loss=0.0620
Epoch=268, loss=0.0562
Epoch=269, loss=0.0534
Epoch=270, loss=0.0527
Epoch=271, loss=0.0533
Epoch=272, loss=0.0597
Epoch=273, loss=0.0469
Epoch=274, loss=0.0583
Epoch=275, loss=0.0511
Epoch=276, loss=0.0517
Epoch=277, loss=0.0500
Epoch=278, loss=0.0515
Epoch=279, loss=0.0545
Epoch=280, loss=0.0542
Epoch=281, loss=0.0470
Epoch=282, loss=0.0511
Epoch=283, loss=0.0421
Epoch=284, loss=0.0436
Epoch=285, loss=0.0514
Epoch=286, loss=0.0466
Epoch=287, loss=0.0460
Epoch=288, loss=0.0495
Epoch=289, loss=0.0487
Epoch=290, loss=0.0422
Epoch=291, loss=0.0454
Epoch=292, loss=0.0496
Epoch=293, loss=0.0504
Epoch=294, loss=0.0487
Epoch=295, loss=0.0490
Epoch=296, loss=0.0441
Epoch=297, loss=0.0613
Epoch=298, loss=0.0436
Epoch=299, loss=0.0386
Epoch=300, loss=0.0470
Epoch=301, loss=0.0432
Epoch=302, loss=0.0448
Epoch=303, loss=0.0394
Epoch=304, loss=0.0476
Epoch=305, loss=0.0388
Epoch=306, loss=0.0422
Epoch=307, loss=0.0424
Epoch=308, loss=0.0402
Epoch=309, loss=0.0410
Epoch=310, loss=0.0374
Epoch=311, loss=0.0445
Epoch=312, loss=0.0417
Epoch=313, loss=0.0516
Epoch=314, loss=0.0480
Epoch=315, loss=0.0407
Epoch=316, loss=0.0418
Epoch=317, loss=0.0451
Epoch=318, loss=0.0444
Epoch=319, loss=0.0367
Epoch=320, loss=0.0364
Epoch=321, loss=0.0424
Epoch=322, loss=0.0379
Epoch=323, loss=0.0317
Epoch=324, loss=0.0426
Epoch=325, loss=0.0385
Epoch=326, loss=0.0355
Epoch=327, loss=0.0410
Epoch=328, loss=0.0448
Epoch=329, loss=0.0435
Epoch=330, loss=0.0378
Epoch=331, loss=0.0394
Epoch=332, loss=0.0441
Epoch=333, loss=0.0373
Epoch=334, loss=0.0339
Epoch=335, loss=0.0422
Epoch=336, loss=0.0473
Epoch=337, loss=0.0342
Epoch=338, loss=0.0465
Epoch=339, loss=0.0416
Epoch=340, loss=0.0314
Epoch=341, loss=0.0418
Epoch=342, loss=0.0404
Epoch=343, loss=0.0301
Epoch=344, loss=0.0375
Epoch=345, loss=0.0384
Epoch=346, loss=0.0362
Epoch=347, loss=0.0350
Epoch=348, loss=0.0462
Epoch=349, loss=0.0391
Epoch=350, loss=0.0399
Epoch=351, loss=0.0335
Epoch=352, loss=0.0365
Epoch=353, loss=0.0385
Epoch=354, loss=0.0375
Epoch=355, loss=0.0436
Epoch=356, loss=0.0355
Epoch=357, loss=0.0277
Epoch=358, loss=0.0323
Epoch=359, loss=0.0370
Epoch=360, loss=0.0388
Epoch=361, loss=0.0348
Epoch=362, loss=0.0426
Epoch=363, loss=0.0383
Epoch=364, loss=0.0397
Epoch=365, loss=0.0310
Epoch=366, loss=0.0328
Epoch=367, loss=0.0296
Epoch=368, loss=0.0321
Epoch=369, loss=0.0300
Epoch=370, loss=0.0362
Epoch=371, loss=0.0307
Epoch=372, loss=0.0370
Epoch=373, loss=0.0287
Epoch=374, loss=0.0367
Epoch=375, loss=0.0327
Epoch=376, loss=0.0361
Epoch=377, loss=0.0338
Early stopping!
Loading 357th epoch
Early stopping!
Start to test process.
done with the edge prediction
done with the node prediction
done with the second node prediction
(E) | label_classification: F1Mi=0.7721+-0.0121, F1Ma=0.7224+-0.0268, acc=0.7721+-0.0121
[['DGI', 'heat', 16, 15, 2, 'normalize', 0.1, 0.2, 0.4, 0.001, 0.5, 0.2, 0.5, 0.0001, 512, 512, 0.7835913843134077, 0.7844316913363393, 0.7562047895610469, 0.760180378862022, 0.7642857432365417, 0.7279999852180481, 0.7093810439109802, 0.7428571581840515, 0.7279999852180481, 0.7093810439109802, 0.674543334628838, 0.01609523568759027, 0.5987787202537059, 0.03348345398190966, 0.674543334628838, 0.01609523568759027], ['DGI', 'heat', 32, 15, 2, 'normalize', 0.1, 0.2, 0.4, 0.001, 0.5, 0.2, 0.5, 0.0001, 512, 512, 0.7945021393948926, 0.7861909439383722, 0.7774089130051236, 0.7718622336431845, 0.8571428656578064, 0.7519999742507935, 0.7354932427406311, 0.8642857074737549, 0.7519999742507935, 0.7379110455513, 0.7720948309366499, 0.012100983851018382, 0.7223727129006938, 0.02684161837297193, 0.7720948309366497, 0.01210098385101833]]
=== train DGI model ===
Epoch=000, loss=0.6932
Epoch=001, loss=0.6930
Epoch=002, loss=0.6929
Epoch=003, loss=0.6927
Epoch=004, loss=0.6925
Epoch=005, loss=0.6922
Epoch=006, loss=0.6919
Epoch=007, loss=0.6916
Epoch=008, loss=0.6911
Epoch=009, loss=0.6907
Epoch=010, loss=0.6900
Epoch=011, loss=0.6893
Epoch=012, loss=0.6885
Epoch=013, loss=0.6876
Epoch=014, loss=0.6867
Epoch=015, loss=0.6853
Epoch=016, loss=0.6841
Epoch=017, loss=0.6826
Epoch=018, loss=0.6807
Epoch=019, loss=0.6790
Epoch=020, loss=0.6769
Epoch=021, loss=0.6742
Epoch=022, loss=0.6720
Epoch=023, loss=0.6689
Epoch=024, loss=0.6659
Epoch=025, loss=0.6624
Epoch=026, loss=0.6586
Epoch=027, loss=0.6547
Epoch=028, loss=0.6502
Epoch=029, loss=0.6443
Epoch=030, loss=0.6401
Epoch=031, loss=0.6340
Epoch=032, loss=0.6282
Epoch=033, loss=0.6229
Epoch=034, loss=0.6151
Epoch=035, loss=0.6083
Epoch=036, loss=0.6000
Epoch=037, loss=0.5911
Epoch=038, loss=0.5849
Epoch=039, loss=0.5747
Epoch=040, loss=0.5657
Epoch=041, loss=0.5551
Epoch=042, loss=0.5446
Epoch=043, loss=0.5334
Epoch=044, loss=0.5196
Epoch=045, loss=0.5105
Epoch=046, loss=0.5005
Epoch=047, loss=0.4863
Epoch=048, loss=0.4768
Epoch=049, loss=0.4630
Epoch=050, loss=0.4481
Epoch=051, loss=0.4359
Epoch=052, loss=0.4233
Epoch=053, loss=0.4148
Epoch=054, loss=0.3966
Epoch=055, loss=0.3854
Epoch=056, loss=0.3722
Epoch=057, loss=0.3602
Epoch=058, loss=0.3477
Epoch=059, loss=0.3358
Epoch=060, loss=0.3218
Epoch=061, loss=0.3132
Epoch=062, loss=0.2976
Epoch=063, loss=0.2886
Epoch=064, loss=0.2899
Epoch=065, loss=0.2756
Epoch=066, loss=0.2608
Epoch=067, loss=0.2535
Epoch=068, loss=0.2393
Epoch=069, loss=0.2310
Epoch=070, loss=0.2194
Epoch=071, loss=0.2103
Epoch=072, loss=0.2074
Epoch=073, loss=0.2024
Epoch=074, loss=0.1901
Epoch=075, loss=0.1773
Epoch=076, loss=0.1738
Epoch=077, loss=0.1707
Epoch=078, loss=0.1637
Epoch=079, loss=0.1542
Epoch=080, loss=0.1636
Epoch=081, loss=0.1507
Epoch=082, loss=0.1489
Epoch=083, loss=0.1451
Epoch=084, loss=0.1445
Epoch=085, loss=0.1324
Epoch=086, loss=0.1279
Epoch=087, loss=0.1374
Epoch=088, loss=0.1284
Epoch=089, loss=0.1286
Epoch=090, loss=0.1160
Epoch=091, loss=0.1159
Epoch=092, loss=0.1211
Epoch=093, loss=0.1173
Epoch=094, loss=0.1122
Epoch=095, loss=0.0984
Epoch=096, loss=0.1150
Epoch=097, loss=0.1002
Epoch=098, loss=0.1113
Epoch=099, loss=0.1118
Epoch=100, loss=0.1013
Epoch=101, loss=0.1029
Epoch=102, loss=0.1040
Epoch=103, loss=0.1032
Epoch=104, loss=0.0950
Epoch=105, loss=0.0894
Epoch=106, loss=0.0898
Epoch=107, loss=0.0859
Epoch=108, loss=0.0863
Epoch=109, loss=0.0927
Epoch=110, loss=0.0838
Epoch=111, loss=0.0837
Epoch=112, loss=0.0861
Epoch=113, loss=0.0771
Epoch=114, loss=0.0762
Epoch=115, loss=0.0814
Epoch=116, loss=0.0755
Epoch=117, loss=0.0861
Epoch=118, loss=0.0777
Epoch=119, loss=0.0748
Epoch=120, loss=0.0806
Epoch=121, loss=0.0861
Epoch=122, loss=0.0678
Epoch=123, loss=0.0760
Epoch=124, loss=0.0768
Epoch=125, loss=0.0782
Epoch=126, loss=0.0691
Epoch=127, loss=0.0644
Epoch=128, loss=0.0650
Epoch=129, loss=0.0729
Epoch=130, loss=0.0802
Epoch=131, loss=0.0548
Epoch=132, loss=0.0649
Epoch=133, loss=0.0635
Epoch=134, loss=0.0623
Epoch=135, loss=0.0555
Epoch=136, loss=0.0628
Epoch=137, loss=0.0624
Epoch=138, loss=0.0700
Epoch=139, loss=0.0617
Epoch=140, loss=0.0634
Epoch=141, loss=0.0564
Epoch=142, loss=0.0657
Epoch=143, loss=0.0651
Epoch=144, loss=0.0649
Epoch=145, loss=0.0619
Epoch=146, loss=0.0557
Epoch=147, loss=0.0726
Epoch=148, loss=0.0539
Epoch=149, loss=0.0579
Epoch=150, loss=0.0551
Epoch=151, loss=0.0549
Epoch=152, loss=0.0575
Epoch=153, loss=0.0537
Epoch=154, loss=0.0599
Epoch=155, loss=0.0443
Epoch=156, loss=0.0503
Epoch=157, loss=0.0646
Epoch=158, loss=0.0523
Epoch=159, loss=0.0748
Epoch=160, loss=0.0563
Epoch=161, loss=0.0555
Epoch=162, loss=0.0585
Epoch=163, loss=0.0455
Epoch=164, loss=0.0503
Epoch=165, loss=0.0496
Epoch=166, loss=0.0565
Epoch=167, loss=0.0518
Epoch=168, loss=0.0412
Epoch=169, loss=0.0420
Epoch=170, loss=0.0451
Epoch=171, loss=0.0561
Epoch=172, loss=0.0455
Epoch=173, loss=0.0481
Epoch=174, loss=0.0466
Epoch=175, loss=0.0589
Epoch=176, loss=0.0468
Epoch=177, loss=0.0449
Epoch=178, loss=0.0448
Epoch=179, loss=0.0442
Epoch=180, loss=0.0502
Epoch=181, loss=0.0425
Epoch=182, loss=0.0439
Epoch=183, loss=0.0521
Epoch=184, loss=0.0498
Epoch=185, loss=0.0423
Epoch=186, loss=0.0376
Epoch=187, loss=0.0499
Epoch=188, loss=0.0442
Epoch=189, loss=0.0521
Epoch=190, loss=0.0397
Epoch=191, loss=0.0551
Epoch=192, loss=0.0381
Epoch=193, loss=0.0395
Epoch=194, loss=0.0466
Epoch=195, loss=0.0376
Epoch=196, loss=0.0428
Epoch=197, loss=0.0495
Epoch=198, loss=0.0391
Epoch=199, loss=0.0392
Epoch=200, loss=0.0452
Epoch=201, loss=0.0433
Epoch=202, loss=0.0521
Epoch=203, loss=0.0403
Epoch=204, loss=0.0457
Epoch=205, loss=0.0427
Epoch=206, loss=0.0428
Early stopping!
Loading 186th epoch
Early stopping!
Start to test process.
done with the edge prediction
done with the node prediction
done with the second node prediction
(E) | label_classification: F1Mi=0.7928+-0.0113, F1Ma=0.7664+-0.0193, acc=0.7928+-0.0113
[['DGI', 'heat', 16, 15, 2, 'normalize', 0.1, 0.2, 0.4, 0.001, 0.5, 0.2, 0.5, 0.0001, 512, 512, 0.7835913843134077, 0.7844316913363393, 0.7562047895610469, 0.760180378862022, 0.7642857432365417, 0.7279999852180481, 0.7093810439109802, 0.7428571581840515, 0.7279999852180481, 0.7093810439109802, 0.674543334628838, 0.01609523568759027, 0.5987787202537059, 0.03348345398190966, 0.674543334628838, 0.01609523568759027], ['DGI', 'heat', 32, 15, 2, 'normalize', 0.1, 0.2, 0.4, 0.001, 0.5, 0.2, 0.5, 0.0001, 512, 512, 0.7945021393948926, 0.7861909439383722, 0.7774089130051236, 0.7718622336431845, 0.8571428656578064, 0.7519999742507935, 0.7354932427406311, 0.8642857074737549, 0.7519999742507935, 0.7379110455513, 0.7720948309366499, 0.012100983851018382, 0.7223727129006938, 0.02684161837297193, 0.7720948309366497, 0.01210098385101833], ['DGI', 'heat', 64, 15, 2, 'normalize', 0.1, 0.2, 0.4, 0.001, 0.5, 0.2, 0.5, 0.0001, 512, 512, 0.7613677570769031, 0.7692663327018936, 0.7325252314306392, 0.7459783281892061, 0.8285714387893677, 0.7419999837875366, 0.7301740646362305, 0.9142857193946838, 0.7400000095367432, 0.7335590124130249, 0.7928488146132918, 0.011261504864004344, 0.7663836984676179, 0.019304176113694168, 0.7928488146132919, 0.011261504864004339]]
=== train DGI model ===
Epoch=000, loss=0.6931
Epoch=001, loss=0.6925
Epoch=002, loss=0.6918
Epoch=003, loss=0.6910
Epoch=004, loss=0.6898
Epoch=005, loss=0.6882
Epoch=006, loss=0.6863
Epoch=007, loss=0.6841
Epoch=008, loss=0.6813
Epoch=009, loss=0.6778
Epoch=010, loss=0.6737
Epoch=011, loss=0.6693
Epoch=012, loss=0.6634
Epoch=013, loss=0.6570
Epoch=014, loss=0.6501
Epoch=015, loss=0.6423
Epoch=016, loss=0.6336
Epoch=017, loss=0.6229
Epoch=018, loss=0.6103
Epoch=019, loss=0.6003
Epoch=020, loss=0.5854
Epoch=021, loss=0.5705
Epoch=022, loss=0.5529
Epoch=023, loss=0.5382
Epoch=024, loss=0.5218
Epoch=025, loss=0.5001
Epoch=026, loss=0.4770
Epoch=027, loss=0.4631
Epoch=028, loss=0.4418
Epoch=029, loss=0.4183
Epoch=030, loss=0.4011
Epoch=031, loss=0.3771
Epoch=032, loss=0.3608
Epoch=033, loss=0.3362
Epoch=034, loss=0.3131
Epoch=035, loss=0.3023
Epoch=036, loss=0.2872
Epoch=037, loss=0.2676
Epoch=038, loss=0.2584
Epoch=039, loss=0.2331
Epoch=040, loss=0.2191
Epoch=041, loss=0.2134
Epoch=042, loss=0.1931
Epoch=043, loss=0.1895
Epoch=044, loss=0.1721
Epoch=045, loss=0.1620
Epoch=046, loss=0.1594
Epoch=047, loss=0.1431
Epoch=048, loss=0.1450
Epoch=049, loss=0.1381
Epoch=050, loss=0.1344
Epoch=051, loss=0.1282
Epoch=052, loss=0.1238
Epoch=053, loss=0.1133
Epoch=054, loss=0.1189
Epoch=055, loss=0.1068
Epoch=056, loss=0.1080
Epoch=057, loss=0.1083
Epoch=058, loss=0.0940
Epoch=059, loss=0.1039
Epoch=060, loss=0.0955
Epoch=061, loss=0.0949
Epoch=062, loss=0.0963
Epoch=063, loss=0.0884
Epoch=064, loss=0.0874
Epoch=065, loss=0.0946
Epoch=066, loss=0.0864
Epoch=067, loss=0.0853
Epoch=068, loss=0.0886
Epoch=069, loss=0.0871
Epoch=070, loss=0.0810
Epoch=071, loss=0.0779
Epoch=072, loss=0.0774
Epoch=073, loss=0.0743
Epoch=074, loss=0.0905
Epoch=075, loss=0.0746
Epoch=076, loss=0.0736
Epoch=077, loss=0.0774
Epoch=078, loss=0.0700
Epoch=079, loss=0.0755
Epoch=080, loss=0.0732
Epoch=081, loss=0.0609
Epoch=082, loss=0.0703
Epoch=083, loss=0.0721
Epoch=084, loss=0.0750
Epoch=085, loss=0.0589
Epoch=086, loss=0.0804
Epoch=087, loss=0.0835
Epoch=088, loss=0.0589
Epoch=089, loss=0.0659
Epoch=090, loss=0.0714
Epoch=091, loss=0.0767
Epoch=092, loss=0.0767
Epoch=093, loss=0.0803
Epoch=094, loss=0.0728
Epoch=095, loss=0.0577
Epoch=096, loss=0.0619
Epoch=097, loss=0.0534
Epoch=098, loss=0.0634
Epoch=099, loss=0.0610
Epoch=100, loss=0.0689
Epoch=101, loss=0.0558
Epoch=102, loss=0.0689
Epoch=103, loss=0.0673
Epoch=104, loss=0.0616
Epoch=105, loss=0.0598
Epoch=106, loss=0.0574
Epoch=107, loss=0.0531
Epoch=108, loss=0.0495
Epoch=109, loss=0.0583
Epoch=110, loss=0.0479
Epoch=111, loss=0.0574
Epoch=112, loss=0.0560
Epoch=113, loss=0.0503
Epoch=114, loss=0.0573
Epoch=115, loss=0.0650
Epoch=116, loss=0.0503
Epoch=117, loss=0.0467
Epoch=118, loss=0.0605
Epoch=119, loss=0.0537
Epoch=120, loss=0.0535
Epoch=121, loss=0.0531
Epoch=122, loss=0.0498
Epoch=123, loss=0.0555
Epoch=124, loss=0.0461
Epoch=125, loss=0.0545
Epoch=126, loss=0.0418
Epoch=127, loss=0.0541
Epoch=128, loss=0.0525
Epoch=129, loss=0.0571
Epoch=130, loss=0.0605
Epoch=131, loss=0.0583
Epoch=132, loss=0.0451
Epoch=133, loss=0.0435
Epoch=134, loss=0.0446
Epoch=135, loss=0.0541
Epoch=136, loss=0.0509
Epoch=137, loss=0.0534
Epoch=138, loss=0.0379
Epoch=139, loss=0.0460
Epoch=140, loss=0.0525
Epoch=141, loss=0.0449
Epoch=142, loss=0.0543
Epoch=143, loss=0.0552
Epoch=144, loss=0.0519
Epoch=145, loss=0.0505
Epoch=146, loss=0.0388
Epoch=147, loss=0.0465
Epoch=148, loss=0.0396
Epoch=149, loss=0.0427
Epoch=150, loss=0.0451
Epoch=151, loss=0.0442
Epoch=152, loss=0.0375
Epoch=153, loss=0.0440
Epoch=154, loss=0.0390
Epoch=155, loss=0.0354
Epoch=156, loss=0.0465
Epoch=157, loss=0.0463
Epoch=158, loss=0.0483
Epoch=159, loss=0.0523
Epoch=160, loss=0.0387
Epoch=161, loss=0.0464
Epoch=162, loss=0.0422
Epoch=163, loss=0.0579
Epoch=164, loss=0.0384
Epoch=165, loss=0.0560
Epoch=166, loss=0.0491
Epoch=167, loss=0.0392
Epoch=168, loss=0.0406
Epoch=169, loss=0.0487
Epoch=170, loss=0.0604
Epoch=171, loss=0.0473
Epoch=172, loss=0.0397
Epoch=173, loss=0.0512
Epoch=174, loss=0.0443
Epoch=175, loss=0.0373
Early stopping!
Loading 155th epoch
Early stopping!
Start to test process.
done with the edge prediction
done with the node prediction
done with the second node prediction
(E) | label_classification: F1Mi=0.7984+-0.0145, F1Ma=0.7681+-0.0270, acc=0.7984+-0.0145
[['DGI', 'heat', 16, 15, 2, 'normalize', 0.1, 0.2, 0.4, 0.001, 0.5, 0.2, 0.5, 0.0001, 512, 512, 0.7835913843134077, 0.7844316913363393, 0.7562047895610469, 0.760180378862022, 0.7642857432365417, 0.7279999852180481, 0.7093810439109802, 0.7428571581840515, 0.7279999852180481, 0.7093810439109802, 0.674543334628838, 0.01609523568759027, 0.5987787202537059, 0.03348345398190966, 0.674543334628838, 0.01609523568759027], ['DGI', 'heat', 32, 15, 2, 'normalize', 0.1, 0.2, 0.4, 0.001, 0.5, 0.2, 0.5, 0.0001, 512, 512, 0.7945021393948926, 0.7861909439383722, 0.7774089130051236, 0.7718622336431845, 0.8571428656578064, 0.7519999742507935, 0.7354932427406311, 0.8642857074737549, 0.7519999742507935, 0.7379110455513, 0.7720948309366499, 0.012100983851018382, 0.7223727129006938, 0.02684161837297193, 0.7720948309366497, 0.01210098385101833], ['DGI', 'heat', 64, 15, 2, 'normalize', 0.1, 0.2, 0.4, 0.001, 0.5, 0.2, 0.5, 0.0001, 512, 512, 0.7613677570769031, 0.7692663327018936, 0.7325252314306392, 0.7459783281892061, 0.8285714387893677, 0.7419999837875366, 0.7301740646362305, 0.9142857193946838, 0.7400000095367432, 0.7335590124130249, 0.7928488146132918, 0.011261504864004344, 0.7663836984676179, 0.019304176113694168, 0.7928488146132919, 0.011261504864004339], ['DGI', 'heat', 128, 15, 2, 'normalize', 0.1, 0.2, 0.4, 0.001, 0.5, 0.2, 0.5, 0.0001, 512, 512, 0.7738042434807337, 0.7793597109367029, 0.7505445956309927, 0.7587838344598841, 0.9428571462631226, 0.7680000066757202, 0.7635396718978882, 0.9428571462631226, 0.7699999809265137, 0.7640231847763062, 0.7983676642052079, 0.014451143303051223, 0.7680657713428933, 0.02700745303718191, 0.7983676642052079, 0.014451143303051223]]
=== train DGI model ===
Epoch=000, loss=0.6931
Epoch=001, loss=0.6914
Epoch=002, loss=0.6885
Epoch=003, loss=0.6850
Epoch=004, loss=0.6791
Epoch=005, loss=0.6727
Epoch=006, loss=0.6639
Epoch=007, loss=0.6537
Epoch=008, loss=0.6408
Epoch=009, loss=0.6276
Epoch=010, loss=0.6113
Epoch=011, loss=0.5915
Epoch=012, loss=0.5725
Epoch=013, loss=0.5525
Epoch=014, loss=0.5248
Epoch=015, loss=0.4966
Epoch=016, loss=0.4694
Epoch=017, loss=0.4464
Epoch=018, loss=0.4195
Epoch=019, loss=0.3898
Epoch=020, loss=0.3578
Epoch=021, loss=0.3341
Epoch=022, loss=0.3116
Epoch=023, loss=0.3108
Epoch=024, loss=0.2751
Epoch=025, loss=0.2499
Epoch=026, loss=0.2411
Epoch=027, loss=0.2156
Epoch=028, loss=0.1961
Epoch=029, loss=0.1919
Epoch=030, loss=0.1830
Epoch=031, loss=0.1771
Epoch=032, loss=0.1642
Epoch=033, loss=0.1664
Epoch=034, loss=0.1540
Epoch=035, loss=0.1311
Epoch=036, loss=0.1404
Epoch=037, loss=0.1327
Epoch=038, loss=0.1297
Epoch=039, loss=0.1402
Epoch=040, loss=0.1184
Epoch=041, loss=0.1219
Epoch=042, loss=0.1185
Epoch=043, loss=0.1299
Epoch=044, loss=0.1079
Epoch=045, loss=0.1063
Epoch=046, loss=0.0937
Epoch=047, loss=0.1165
Epoch=048, loss=0.0925
Epoch=049, loss=0.0895
Epoch=050, loss=0.0804
Epoch=051, loss=0.1103
Epoch=052, loss=0.0968
Epoch=053, loss=0.0882
Epoch=054, loss=0.0884
Epoch=055, loss=0.0777
Epoch=056, loss=0.0887
Epoch=057, loss=0.0813
Epoch=058, loss=0.0718
Epoch=059, loss=0.0837
Epoch=060, loss=0.0890
Epoch=061, loss=0.0775
Epoch=062, loss=0.0885
Epoch=063, loss=0.0870
Epoch=064, loss=0.0883
Epoch=065, loss=0.0646
Epoch=066, loss=0.0707
Epoch=067, loss=0.0741
Epoch=068, loss=0.0888
Epoch=069, loss=0.0721
Epoch=070, loss=0.0769
Epoch=071, loss=0.0773
Epoch=072, loss=0.0566
Epoch=073, loss=0.0676
Epoch=074, loss=0.0783
Epoch=075, loss=0.0585
Epoch=076, loss=0.0651
Epoch=077, loss=0.0592
Epoch=078, loss=0.0606
Epoch=079, loss=0.0719
Epoch=080, loss=0.0556
Epoch=081, loss=0.0530
Epoch=082, loss=0.0518
Epoch=083, loss=0.0574
Epoch=084, loss=0.0613
Epoch=085, loss=0.0554
Epoch=086, loss=0.0545
Epoch=087, loss=0.0535
Epoch=088, loss=0.0640
Epoch=089, loss=0.0458
Epoch=090, loss=0.0577
Epoch=091, loss=0.0490
Epoch=092, loss=0.0519
Epoch=093, loss=0.0534
Epoch=094, loss=0.0523
Epoch=095, loss=0.0552
Epoch=096, loss=0.0602
Epoch=097, loss=0.0515
Epoch=098, loss=0.0525
Epoch=099, loss=0.0525
Epoch=100, loss=0.0493
Epoch=101, loss=0.0412
Epoch=102, loss=0.0466
Epoch=103, loss=0.0484
Epoch=104, loss=0.0474
Epoch=105, loss=0.0460
Epoch=106, loss=0.0469
Epoch=107, loss=0.0398
Epoch=108, loss=0.0504
Epoch=109, loss=0.0358
Epoch=110, loss=0.0520
Epoch=111, loss=0.0434
Epoch=112, loss=0.0472
Epoch=113, loss=0.0353
Epoch=114, loss=0.0503
Epoch=115, loss=0.0376
Epoch=116, loss=0.0406
Epoch=117, loss=0.0474
Epoch=118, loss=0.0438
Epoch=119, loss=0.0514
Epoch=120, loss=0.0380
Epoch=121, loss=0.0454
Epoch=122, loss=0.0421
Epoch=123, loss=0.0402
Epoch=124, loss=0.0425
Epoch=125, loss=0.0416
Epoch=126, loss=0.0428
Epoch=127, loss=0.0489
Epoch=128, loss=0.0352
Epoch=129, loss=0.0458
Epoch=130, loss=0.0366
Epoch=131, loss=0.0421
Epoch=132, loss=0.0351
Epoch=133, loss=0.0362
Epoch=134, loss=0.0297
Epoch=135, loss=0.0468
Epoch=136, loss=0.0427
Epoch=137, loss=0.0533
Epoch=138, loss=0.0407
Epoch=139, loss=0.0383
Epoch=140, loss=0.0295
Epoch=141, loss=0.0274
Epoch=142, loss=0.0300
Epoch=143, loss=0.0415
Epoch=144, loss=0.0261
Epoch=145, loss=0.0415
Epoch=146, loss=0.0272
Epoch=147, loss=0.0282
Epoch=148, loss=0.0256
Epoch=149, loss=0.0335
Epoch=150, loss=0.0270
Epoch=151, loss=0.0276
Epoch=152, loss=0.0252
Epoch=153, loss=0.0346
Epoch=154, loss=0.0351
Epoch=155, loss=0.0225
Epoch=156, loss=0.0385
Epoch=157, loss=0.0258
Epoch=158, loss=0.0372
Epoch=159, loss=0.0424
Epoch=160, loss=0.0346
Epoch=161, loss=0.0305
Epoch=162, loss=0.0244
Epoch=163, loss=0.0302
Epoch=164, loss=0.0263
Epoch=165, loss=0.0256
Epoch=166, loss=0.0201
Epoch=167, loss=0.0295
Epoch=168, loss=0.0227
Epoch=169, loss=0.0198
Epoch=170, loss=0.0253
Epoch=171, loss=0.0294
Epoch=172, loss=0.0239
Epoch=173, loss=0.0383
Epoch=174, loss=0.0192
Epoch=175, loss=0.0217
Epoch=176, loss=0.0266
Epoch=177, loss=0.0388
Epoch=178, loss=0.0298
Epoch=179, loss=0.0332
Epoch=180, loss=0.0254
Epoch=181, loss=0.0400
Epoch=182, loss=0.0218
Epoch=183, loss=0.0292
Epoch=184, loss=0.0299
Epoch=185, loss=0.0169
Epoch=186, loss=0.0219
Epoch=187, loss=0.0207
Epoch=188, loss=0.0242
Epoch=189, loss=0.0187
Epoch=190, loss=0.0336
Epoch=191, loss=0.0226
Epoch=192, loss=0.0151
Epoch=193, loss=0.0213
Epoch=194, loss=0.0189
Epoch=195, loss=0.0304
Epoch=196, loss=0.0196
Epoch=197, loss=0.0255
Epoch=198, loss=0.0251
Epoch=199, loss=0.0287
Epoch=200, loss=0.0281
Epoch=201, loss=0.0227
Epoch=202, loss=0.0135
Epoch=203, loss=0.0196
Epoch=204, loss=0.0184
Epoch=205, loss=0.0227
Epoch=206, loss=0.0336
Epoch=207, loss=0.0295
Epoch=208, loss=0.0199
Epoch=209, loss=0.0216
Epoch=210, loss=0.0202
Epoch=211, loss=0.0116
Epoch=212, loss=0.0236
Epoch=213, loss=0.0206
Epoch=214, loss=0.0172
Epoch=215, loss=0.0210
Epoch=216, loss=0.0192
Epoch=217, loss=0.0155
Epoch=218, loss=0.0215
Epoch=219, loss=0.0188
Epoch=220, loss=0.0178
Epoch=221, loss=0.0181
Epoch=222, loss=0.0128
Epoch=223, loss=0.0163
Epoch=224, loss=0.0150
Epoch=225, loss=0.0233
Epoch=226, loss=0.0226
Epoch=227, loss=0.0211
Epoch=228, loss=0.0156
Epoch=229, loss=0.0236
Epoch=230, loss=0.0154
Epoch=231, loss=0.0169
Early stopping!
Loading 211th epoch
Early stopping!
Start to test process.
done with the edge prediction
done with the node prediction
done with the second node prediction
(E) | label_classification: F1Mi=0.8100+-0.0108, F1Ma=0.7883+-0.0166, acc=0.8100+-0.0108
[['DGI', 'heat', 16, 15, 2, 'normalize', 0.1, 0.2, 0.4, 0.001, 0.5, 0.2, 0.5, 0.0001, 512, 512, 0.7835913843134077, 0.7844316913363393, 0.7562047895610469, 0.760180378862022, 0.7642857432365417, 0.7279999852180481, 0.7093810439109802, 0.7428571581840515, 0.7279999852180481, 0.7093810439109802, 0.674543334628838, 0.01609523568759027, 0.5987787202537059, 0.03348345398190966, 0.674543334628838, 0.01609523568759027], ['DGI', 'heat', 32, 15, 2, 'normalize', 0.1, 0.2, 0.4, 0.001, 0.5, 0.2, 0.5, 0.0001, 512, 512, 0.7945021393948926, 0.7861909439383722, 0.7774089130051236, 0.7718622336431845, 0.8571428656578064, 0.7519999742507935, 0.7354932427406311, 0.8642857074737549, 0.7519999742507935, 0.7379110455513, 0.7720948309366499, 0.012100983851018382, 0.7223727129006938, 0.02684161837297193, 0.7720948309366497, 0.01210098385101833], ['DGI', 'heat', 64, 15, 2, 'normalize', 0.1, 0.2, 0.4, 0.001, 0.5, 0.2, 0.5, 0.0001, 512, 512, 0.7613677570769031, 0.7692663327018936, 0.7325252314306392, 0.7459783281892061, 0.8285714387893677, 0.7419999837875366, 0.7301740646362305, 0.9142857193946838, 0.7400000095367432, 0.7335590124130249, 0.7928488146132918, 0.011261504864004344, 0.7663836984676179, 0.019304176113694168, 0.7928488146132919, 0.011261504864004339], ['DGI', 'heat', 128, 15, 2, 'normalize', 0.1, 0.2, 0.4, 0.001, 0.5, 0.2, 0.5, 0.0001, 512, 512, 0.7738042434807337, 0.7793597109367029, 0.7505445956309927, 0.7587838344598841, 0.9428571462631226, 0.7680000066757202, 0.7635396718978882, 0.9428571462631226, 0.7699999809265137, 0.7640231847763062, 0.7983676642052079, 0.014451143303051223, 0.7680657713428933, 0.02700745303718191, 0.7983676642052079, 0.014451143303051223], ['DGI', 'heat', 256, 15, 2, 'normalize', 0.1, 0.2, 0.4, 0.001, 0.5, 0.2, 0.5, 0.0001, 512, 512, 0.7377424667403828, 0.7600112307703045, 0.7354165391442737, 0.7510365202062941, 0.8857142925262451, 0.7699999809265137, 0.7761121988296509, 0.8785714507102966, 0.7699999809265137, 0.7751450538635254, 0.8100272055965799, 0.010844418205422694, 0.7883078640067454, 0.01658770119914388, 0.8100272055965799, 0.010844418205422653]]
=== train DGI model ===
Epoch=000, loss=0.6933
Epoch=001, loss=0.6925
Epoch=002, loss=0.6947
Epoch=003, loss=0.6843
Epoch=004, loss=0.6813
Epoch=005, loss=0.6713
Epoch=006, loss=0.6602
Epoch=007, loss=0.6472
Epoch=008, loss=0.6298
Epoch=009, loss=0.6070
Epoch=010, loss=0.5892
Epoch=011, loss=0.5591
Epoch=012, loss=0.5253
Epoch=013, loss=0.5008
Epoch=014, loss=0.5001
Epoch=015, loss=0.4527
Epoch=016, loss=0.4059
Epoch=017, loss=0.4146
Epoch=018, loss=0.3508
Epoch=019, loss=0.3354
Epoch=020, loss=0.3112
Epoch=021, loss=0.2849
Epoch=022, loss=0.2905
Epoch=023, loss=0.2376
Epoch=024, loss=0.2574
Epoch=025, loss=0.2023
Epoch=026, loss=0.2057
Epoch=027, loss=0.1821
Epoch=028, loss=0.1718
Epoch=029, loss=0.1708
Epoch=030, loss=0.1543
Epoch=031, loss=0.1284
Epoch=032, loss=0.1260
Epoch=033, loss=0.1164
Epoch=034, loss=0.1093
Epoch=035, loss=0.1100
Epoch=036, loss=0.0930
Epoch=037, loss=0.0916
Epoch=038, loss=0.0873
Epoch=039, loss=0.0824
Epoch=040, loss=0.0803
Epoch=041, loss=0.0790
Epoch=042, loss=0.0797
Epoch=043, loss=0.0593
Epoch=044, loss=0.0608
Epoch=045, loss=0.0593
Epoch=046, loss=0.0602
Epoch=047, loss=0.0621
Epoch=048, loss=0.0494
Epoch=049, loss=0.0487
Epoch=050, loss=0.0545
Epoch=051, loss=0.0494
Epoch=052, loss=0.0431
Epoch=053, loss=0.0337
Epoch=054, loss=0.0419
Epoch=055, loss=0.0548
Epoch=056, loss=0.0536
Epoch=057, loss=0.0400
Epoch=058, loss=0.0368
Epoch=059, loss=0.0421
Epoch=060, loss=0.0328
Epoch=061, loss=0.0314
Epoch=062, loss=0.0388
Epoch=063, loss=0.0442
Epoch=064, loss=0.0354
Epoch=065, loss=0.0464
Epoch=066, loss=0.0409
Epoch=067, loss=0.0280
Epoch=068, loss=0.0236
Epoch=069, loss=0.0236
Epoch=070, loss=0.0377
Epoch=071, loss=0.0328
Epoch=072, loss=0.0286
Epoch=073, loss=0.0406
Epoch=074, loss=0.0381
Epoch=075, loss=0.0295
Epoch=076, loss=0.0315
Epoch=077, loss=0.0229
Epoch=078, loss=0.0222
Epoch=079, loss=0.0195
Epoch=080, loss=0.0209
Epoch=081, loss=0.0176
Epoch=082, loss=0.0233
Epoch=083, loss=0.0173
Epoch=084, loss=0.0140
Epoch=085, loss=0.0136
Epoch=086, loss=0.0266
Epoch=087, loss=0.0126
Epoch=088, loss=0.0182
Epoch=089, loss=0.0207
Epoch=090, loss=0.0142
Epoch=091, loss=0.0147
Epoch=092, loss=0.0202
Epoch=093, loss=0.0141
Epoch=094, loss=0.0139
Epoch=095, loss=0.0092
Epoch=096, loss=0.0093
Epoch=097, loss=0.0135
Epoch=098, loss=0.0120
Epoch=099, loss=0.0207
Epoch=100, loss=0.0140
Epoch=101, loss=0.0072
Epoch=102, loss=0.0103
Epoch=103, loss=0.0106
Epoch=104, loss=0.0069
Epoch=105, loss=0.0115
Epoch=106, loss=0.0139
Epoch=107, loss=0.0099
Epoch=108, loss=0.0097
Epoch=109, loss=0.0090
Epoch=110, loss=0.0111
Epoch=111, loss=0.0094
Epoch=112, loss=0.0112
Epoch=113, loss=0.0243
Epoch=114, loss=0.0083
Epoch=115, loss=0.0071
Epoch=116, loss=0.0085
Epoch=117, loss=0.0042
Epoch=118, loss=0.0130
Epoch=119, loss=0.0062
Epoch=120, loss=0.0096
Epoch=121, loss=0.0080
Epoch=122, loss=0.0041
Epoch=123, loss=0.0126
Epoch=124, loss=0.0188
Epoch=125, loss=0.0113
Epoch=126, loss=0.0070
Epoch=127, loss=0.0087
Epoch=128, loss=0.0061
Epoch=129, loss=0.0134
Epoch=130, loss=0.0098
Epoch=131, loss=0.0114
Epoch=132, loss=0.0042
Epoch=133, loss=0.0116
Epoch=134, loss=0.0081
Epoch=135, loss=0.0128
Epoch=136, loss=0.0064
Epoch=137, loss=0.0040
Epoch=138, loss=0.0114
Epoch=139, loss=0.0078
Epoch=140, loss=0.0051
Epoch=141, loss=0.0124
Epoch=142, loss=0.0045
Epoch=143, loss=0.0074
Epoch=144, loss=0.0112
Epoch=145, loss=0.0061
Epoch=146, loss=0.0064
Epoch=147, loss=0.0077
Epoch=148, loss=0.0065
Epoch=149, loss=0.0043
Epoch=150, loss=0.0029
Epoch=151, loss=0.0034
Epoch=152, loss=0.0028
Epoch=153, loss=0.0040
Epoch=154, loss=0.0042
Epoch=155, loss=0.0035
Epoch=156, loss=0.0031
Epoch=157, loss=0.0068
Epoch=158, loss=0.0076
Epoch=159, loss=0.0044
Epoch=160, loss=0.0057
Epoch=161, loss=0.0054
Epoch=162, loss=0.0073
Epoch=163, loss=0.0047
Epoch=164, loss=0.0046
Epoch=165, loss=0.0038
Epoch=166, loss=0.0056
Epoch=167, loss=0.0030
Epoch=168, loss=0.0054
Epoch=169, loss=0.0114
Epoch=170, loss=0.0092
Epoch=171, loss=0.0032
Epoch=172, loss=0.0041
Early stopping!
Loading 152th epoch
Early stopping!
Start to test process.
done with the edge prediction
done with the node prediction
done with the second node prediction
(E) | label_classification: F1Mi=0.8058+-0.0192, F1Ma=0.7894+-0.0207, acc=0.8058+-0.0192
[['DGI', 'heat', 16, 15, 2, 'normalize', 0.1, 0.2, 0.4, 0.001, 0.5, 0.2, 0.5, 0.0001, 512, 512, 0.7835913843134077, 0.7844316913363393, 0.7562047895610469, 0.760180378862022, 0.7642857432365417, 0.7279999852180481, 0.7093810439109802, 0.7428571581840515, 0.7279999852180481, 0.7093810439109802, 0.674543334628838, 0.01609523568759027, 0.5987787202537059, 0.03348345398190966, 0.674543334628838, 0.01609523568759027], ['DGI', 'heat', 32, 15, 2, 'normalize', 0.1, 0.2, 0.4, 0.001, 0.5, 0.2, 0.5, 0.0001, 512, 512, 0.7945021393948926, 0.7861909439383722, 0.7774089130051236, 0.7718622336431845, 0.8571428656578064, 0.7519999742507935, 0.7354932427406311, 0.8642857074737549, 0.7519999742507935, 0.7379110455513, 0.7720948309366499, 0.012100983851018382, 0.7223727129006938, 0.02684161837297193, 0.7720948309366497, 0.01210098385101833], ['DGI', 'heat', 64, 15, 2, 'normalize', 0.1, 0.2, 0.4, 0.001, 0.5, 0.2, 0.5, 0.0001, 512, 512, 0.7613677570769031, 0.7692663327018936, 0.7325252314306392, 0.7459783281892061, 0.8285714387893677, 0.7419999837875366, 0.7301740646362305, 0.9142857193946838, 0.7400000095367432, 0.7335590124130249, 0.7928488146132918, 0.011261504864004344, 0.7663836984676179, 0.019304176113694168, 0.7928488146132919, 0.011261504864004339], ['DGI', 'heat', 128, 15, 2, 'normalize', 0.1, 0.2, 0.4, 0.001, 0.5, 0.2, 0.5, 0.0001, 512, 512, 0.7738042434807337, 0.7793597109367029, 0.7505445956309927, 0.7587838344598841, 0.9428571462631226, 0.7680000066757202, 0.7635396718978882, 0.9428571462631226, 0.7699999809265137, 0.7640231847763062, 0.7983676642052079, 0.014451143303051223, 0.7680657713428933, 0.02700745303718191, 0.7983676642052079, 0.014451143303051223], ['DGI', 'heat', 256, 15, 2, 'normalize', 0.1, 0.2, 0.4, 0.001, 0.5, 0.2, 0.5, 0.0001, 512, 512, 0.7377424667403828, 0.7600112307703045, 0.7354165391442737, 0.7510365202062941, 0.8857142925262451, 0.7699999809265137, 0.7761121988296509, 0.8785714507102966, 0.7699999809265137, 0.7751450538635254, 0.8100272055965799, 0.010844418205422694, 0.7883078640067454, 0.01658770119914388, 0.8100272055965799, 0.010844418205422653], ['DGI', 'heat', 512, 15, 2, 'normalize', 0.1, 0.2, 0.4, 0.001, 0.5, 0.2, 0.5, 0.0001, 512, 512, 0.7252597588419585, 0.748742114552611, 0.717652819835163, 0.7365260948746919, 0.9142857193946838, 0.7639999985694885, 0.7703094482421875, 0.9214285612106323, 0.7639999985694885, 0.771276593208313, 0.8057520404197435, 0.019241030391650378, 0.7893904600424017, 0.020672562810818598, 0.8057520404197435, 0.019241030391650378]]
