My SLURM_ARRAY_TASK_ID:  17
My SLURM_ARRAY_JOB_ID:  4522329
MVGRL
Cora
result file is 4522329_17
Dataset: Cora():
======================
Number of graphs: 1
Number of features: 1433
Number of classes: 7
Data(x=[2708, 1433], edge_index=[2, 10556], y=[2708], train_mask=[2708], val_mask=[2708], test_mask=[2708])
==============================================================
Number of nodes: 2708
Number of edges: 10556
Average node degree: 3.90
Number of training nodes: 140
Training node label rate: 0.05
Contains isolated nodes: False
Contains self-loops: False
Is undirected: True
Epoch=000, loss=0.6968
Epoch=001, loss=0.6961
Epoch=002, loss=0.6957
Epoch=003, loss=0.6951
Epoch=004, loss=0.6947
Epoch=005, loss=0.6940
Epoch=006, loss=0.6935
Epoch=007, loss=0.6933
Epoch=008, loss=0.6926
Epoch=009, loss=0.6924
Epoch=010, loss=0.6920
Epoch=011, loss=0.6915
Epoch=012, loss=0.6911
Epoch=013, loss=0.6904
Epoch=014, loss=0.6903
Epoch=015, loss=0.6895
Epoch=016, loss=0.6890
Epoch=017, loss=0.6887
Epoch=018, loss=0.6881
Epoch=019, loss=0.6877
Epoch=020, loss=0.6874
Epoch=021, loss=0.6868
Epoch=022, loss=0.6860
Epoch=023, loss=0.6853
Epoch=024, loss=0.6852
Epoch=025, loss=0.6846
Epoch=026, loss=0.6841
Epoch=027, loss=0.6839
Epoch=028, loss=0.6827
Epoch=029, loss=0.6822
Epoch=030, loss=0.6822
Epoch=031, loss=0.6810
Epoch=032, loss=0.6804
Epoch=033, loss=0.6789
Epoch=034, loss=0.6781
Epoch=035, loss=0.6783
Epoch=036, loss=0.6773
Epoch=037, loss=0.6766
Epoch=038, loss=0.6761
Epoch=039, loss=0.6751
Epoch=040, loss=0.6734
Epoch=041, loss=0.6734
Epoch=042, loss=0.6721
Epoch=043, loss=0.6715
Epoch=044, loss=0.6711
Epoch=045, loss=0.6695
Epoch=046, loss=0.6686
Epoch=047, loss=0.6673
Epoch=048, loss=0.6660
Epoch=049, loss=0.6657
Epoch=050, loss=0.6661
Epoch=051, loss=0.6634
Epoch=052, loss=0.6622
Epoch=053, loss=0.6612
Epoch=054, loss=0.6609
Epoch=055, loss=0.6599
Epoch=056, loss=0.6567
Epoch=057, loss=0.6576
Epoch=058, loss=0.6549
Epoch=059, loss=0.6558
Epoch=060, loss=0.6534
Epoch=061, loss=0.6517
Epoch=062, loss=0.6511
Epoch=063, loss=0.6500
Epoch=064, loss=0.6501
Epoch=065, loss=0.6464
Epoch=066, loss=0.6448
Epoch=067, loss=0.6456
Epoch=068, loss=0.6435
Epoch=069, loss=0.6416
Epoch=070, loss=0.6401
Epoch=071, loss=0.6382
Epoch=072, loss=0.6362
Epoch=073, loss=0.6373
Epoch=074, loss=0.6396
Epoch=075, loss=0.6351
Epoch=076, loss=0.6331
Epoch=077, loss=0.6303
Epoch=078, loss=0.6326
Epoch=079, loss=0.6250
Epoch=080, loss=0.6303
Epoch=081, loss=0.6260
Epoch=082, loss=0.6224
Epoch=083, loss=0.6225
Epoch=084, loss=0.6189
Epoch=085, loss=0.6162
Epoch=086, loss=0.6175
Epoch=087, loss=0.6195
Epoch=088, loss=0.6171
Epoch=089, loss=0.6139
Epoch=090, loss=0.6124
Epoch=091, loss=0.6135
Epoch=092, loss=0.6067
Epoch=093, loss=0.6064
Epoch=094, loss=0.6052
Epoch=095, loss=0.5994
Epoch=096, loss=0.6000
Epoch=097, loss=0.6049
Epoch=098, loss=0.6005
Epoch=099, loss=0.5990
Epoch=100, loss=0.5956
Epoch=101, loss=0.5974
Epoch=102, loss=0.5932
Epoch=103, loss=0.5953
Epoch=104, loss=0.5921
Epoch=105, loss=0.5875
Epoch=106, loss=0.5905
Epoch=107, loss=0.5910
Epoch=108, loss=0.5812
Epoch=109, loss=0.5869
Epoch=110, loss=0.5827
Epoch=111, loss=0.5751
Epoch=112, loss=0.5794
Epoch=113, loss=0.5749
Epoch=114, loss=0.5778
Epoch=115, loss=0.5714
Epoch=116, loss=0.5710
Epoch=117, loss=0.5716
Epoch=118, loss=0.5679
Epoch=119, loss=0.5663
Epoch=120, loss=0.5682
Epoch=121, loss=0.5648
Epoch=122, loss=0.5654
Epoch=123, loss=0.5569
Epoch=124, loss=0.5574
Epoch=125, loss=0.5549
Epoch=126, loss=0.5546
Epoch=127, loss=0.5593
Epoch=128, loss=0.5547
Epoch=129, loss=0.5515
Epoch=130, loss=0.5530
Epoch=131, loss=0.5503
Epoch=132, loss=0.5480
Epoch=133, loss=0.5429
Epoch=134, loss=0.5449
Epoch=135, loss=0.5427
Epoch=136, loss=0.5426
Epoch=137, loss=0.5397
Epoch=138, loss=0.5426
Epoch=139, loss=0.5353
Epoch=140, loss=0.5381
Epoch=141, loss=0.5307
Epoch=142, loss=0.5334
Epoch=143, loss=0.5330
Epoch=144, loss=0.5317
Epoch=145, loss=0.5233
Epoch=146, loss=0.5269
Epoch=147, loss=0.5293
Epoch=148, loss=0.5255
Epoch=149, loss=0.5267
Epoch=150, loss=0.5218
Epoch=151, loss=0.5189
Epoch=152, loss=0.5200
Epoch=153, loss=0.5213
Epoch=154, loss=0.5159
Epoch=155, loss=0.5154
Epoch=156, loss=0.5147
Epoch=157, loss=0.5088
Epoch=158, loss=0.5096
Epoch=159, loss=0.5068
Epoch=160, loss=0.5043
Epoch=161, loss=0.5142
Epoch=162, loss=0.5071
Epoch=163, loss=0.4993
Epoch=164, loss=0.5018
Epoch=165, loss=0.5028
Epoch=166, loss=0.5022
Epoch=167, loss=0.4975
Epoch=168, loss=0.5001
Epoch=169, loss=0.4989
Epoch=170, loss=0.4960
Epoch=171, loss=0.4926
Epoch=172, loss=0.4958
Epoch=173, loss=0.4967
Epoch=174, loss=0.4847
Epoch=175, loss=0.4863
Epoch=176, loss=0.4841
Epoch=177, loss=0.4855
Epoch=178, loss=0.4792
Epoch=179, loss=0.4846
Epoch=180, loss=0.4875
Epoch=181, loss=0.4817
Epoch=182, loss=0.4850
Epoch=183, loss=0.4781
Epoch=184, loss=0.4773
Epoch=185, loss=0.4779
Epoch=186, loss=0.4786
Epoch=187, loss=0.4733
Epoch=188, loss=0.4756
Epoch=189, loss=0.4740
Epoch=190, loss=0.4707
Epoch=191, loss=0.4718
Epoch=192, loss=0.4668
Epoch=193, loss=0.4686
Epoch=194, loss=0.4682
Epoch=195, loss=0.4632
Epoch=196, loss=0.4631
Epoch=197, loss=0.4645
Epoch=198, loss=0.4609
Epoch=199, loss=0.4588
Epoch=200, loss=0.4630
Epoch=201, loss=0.4573
Epoch=202, loss=0.4637
Epoch=203, loss=0.4554
Epoch=204, loss=0.4553
Epoch=205, loss=0.4566
Epoch=206, loss=0.4555
Epoch=207, loss=0.4538
Epoch=208, loss=0.4504
Epoch=209, loss=0.4507
Epoch=210, loss=0.4541
Epoch=211, loss=0.4434
Epoch=212, loss=0.4459
Epoch=213, loss=0.4491
Epoch=214, loss=0.4449
Epoch=215, loss=0.4455
Epoch=216, loss=0.4431
Epoch=217, loss=0.4408
Epoch=218, loss=0.4421
Epoch=219, loss=0.4406
Epoch=220, loss=0.4373
Epoch=221, loss=0.4405
Epoch=222, loss=0.4347
Epoch=223, loss=0.4353
Epoch=224, loss=0.4365
Epoch=225, loss=0.4327
Epoch=226, loss=0.4339
Epoch=227, loss=0.4352
Epoch=228, loss=0.4337
Epoch=229, loss=0.4298
Epoch=230, loss=0.4307
Epoch=231, loss=0.4276
Epoch=232, loss=0.4309
Epoch=233, loss=0.4331
Epoch=234, loss=0.4282
Epoch=235, loss=0.4320
Epoch=236, loss=0.4267
Epoch=237, loss=0.4277
Epoch=238, loss=0.4224
Epoch=239, loss=0.4252
Epoch=240, loss=0.4215
Epoch=241, loss=0.4248
Epoch=242, loss=0.4219
Epoch=243, loss=0.4182
Epoch=244, loss=0.4171
Epoch=245, loss=0.4189
Epoch=246, loss=0.4164
Epoch=247, loss=0.4145
Epoch=248, loss=0.4161
Epoch=249, loss=0.4117
Epoch=250, loss=0.4144
Epoch=251, loss=0.4140
Epoch=252, loss=0.4159
Epoch=253, loss=0.4080
Epoch=254, loss=0.4140
Epoch=255, loss=0.4106
Epoch=256, loss=0.4103
Epoch=257, loss=0.4090
Epoch=258, loss=0.4073
Epoch=259, loss=0.4075
Epoch=260, loss=0.4084
Epoch=261, loss=0.4049
Epoch=262, loss=0.4009
Epoch=263, loss=0.4007
Epoch=264, loss=0.4126
Epoch=265, loss=0.4052
Epoch=266, loss=0.4007
Epoch=267, loss=0.4000
Epoch=268, loss=0.3997
Epoch=269, loss=0.3995
Epoch=270, loss=0.3976
Epoch=271, loss=0.3966
Epoch=272, loss=0.4021
Epoch=273, loss=0.3977
Epoch=274, loss=0.3981
Epoch=275, loss=0.3959
Epoch=276, loss=0.3936
Epoch=277, loss=0.3938
Epoch=278, loss=0.3935
Epoch=279, loss=0.3941
Epoch=280, loss=0.3889
Epoch=281, loss=0.3909
Epoch=282, loss=0.3949
Epoch=283, loss=0.3911
Epoch=284, loss=0.3875
Epoch=285, loss=0.3903
Epoch=286, loss=0.3905
Epoch=287, loss=0.3848
Epoch=288, loss=0.3903
Epoch=289, loss=0.3871
Epoch=290, loss=0.3871
Epoch=291, loss=0.3853
Epoch=292, loss=0.3878
Epoch=293, loss=0.3850
Epoch=294, loss=0.3808
Epoch=295, loss=0.3823
Epoch=296, loss=0.3842
Epoch=297, loss=0.3826
Epoch=298, loss=0.3799
Epoch=299, loss=0.3809
Epoch=300, loss=0.3819
Epoch=301, loss=0.3792
Epoch=302, loss=0.3815
Epoch=303, loss=0.3759
Epoch=304, loss=0.3775
Epoch=305, loss=0.3768
Epoch=306, loss=0.3774
Epoch=307, loss=0.3738
Epoch=308, loss=0.3752
Epoch=309, loss=0.3731
Epoch=310, loss=0.3756
Epoch=311, loss=0.3705
Epoch=312, loss=0.3718
Epoch=313, loss=0.3681
Epoch=314, loss=0.3702
Epoch=315, loss=0.3711
Epoch=316, loss=0.3681
Epoch=317, loss=0.3732
Epoch=318, loss=0.3677
Epoch=319, loss=0.3721
Epoch=320, loss=0.3700
Epoch=321, loss=0.3659
Epoch=322, loss=0.3641
Epoch=323, loss=0.3641
Epoch=324, loss=0.3610
Epoch=325, loss=0.3611
Epoch=326, loss=0.3596
Epoch=327, loss=0.3630
Epoch=328, loss=0.3604
Epoch=329, loss=0.3632
Epoch=330, loss=0.3619
Epoch=331, loss=0.3610
Epoch=332, loss=0.3622
Epoch=333, loss=0.3605
Epoch=334, loss=0.3627
Epoch=335, loss=0.3626
Epoch=336, loss=0.3601
Epoch=337, loss=0.3555
Epoch=338, loss=0.3557
Epoch=339, loss=0.3592
Epoch=340, loss=0.3557
Epoch=341, loss=0.3583
Epoch=342, loss=0.3571
Epoch=343, loss=0.3584
Epoch=344, loss=0.3547
Epoch=345, loss=0.3538
Epoch=346, loss=0.3522
Epoch=347, loss=0.3512
Epoch=348, loss=0.3518
Epoch=349, loss=0.3514
Epoch=350, loss=0.3508
Epoch=351, loss=0.3488
Epoch=352, loss=0.3483
Epoch=353, loss=0.3476
Epoch=354, loss=0.3554
Epoch=355, loss=0.3486
Epoch=356, loss=0.3460
Epoch=357, loss=0.3490
Epoch=358, loss=0.3436
Epoch=359, loss=0.3503
Epoch=360, loss=0.3439
Epoch=361, loss=0.3492
Epoch=362, loss=0.3451
Epoch=363, loss=0.3447
Epoch=364, loss=0.3420
Epoch=365, loss=0.3445
Epoch=366, loss=0.3436
Epoch=367, loss=0.3428
Epoch=368, loss=0.3416
Epoch=369, loss=0.3439
Epoch=370, loss=0.3388
Epoch=371, loss=0.3398
Epoch=372, loss=0.3377
Epoch=373, loss=0.3387
Epoch=374, loss=0.3380
Epoch=375, loss=0.3383
Epoch=376, loss=0.3404
Epoch=377, loss=0.3332
Epoch=378, loss=0.3365
Epoch=379, loss=0.3360
Epoch=380, loss=0.3324
Epoch=381, loss=0.3363
Epoch=382, loss=0.3337
Epoch=383, loss=0.3323
Epoch=384, loss=0.3330
Epoch=385, loss=0.3313
Epoch=386, loss=0.3294
Epoch=387, loss=0.3308
Epoch=388, loss=0.3300
Epoch=389, loss=0.3268
Epoch=390, loss=0.3333
Epoch=391, loss=0.3294
Epoch=392, loss=0.3289
Epoch=393, loss=0.3292
Epoch=394, loss=0.3265
Epoch=395, loss=0.3279
Epoch=396, loss=0.3252
Epoch=397, loss=0.3252
Epoch=398, loss=0.3277
Epoch=399, loss=0.3252
Epoch=400, loss=0.3264
Epoch=401, loss=0.3250
Epoch=402, loss=0.3266
Epoch=403, loss=0.3282
Epoch=404, loss=0.3249
Epoch=405, loss=0.3241
Epoch=406, loss=0.3236
Epoch=407, loss=0.3194
Epoch=408, loss=0.3192
Epoch=409, loss=0.3192
Epoch=410, loss=0.3209
Epoch=411, loss=0.3224
Epoch=412, loss=0.3202
Epoch=413, loss=0.3204
Epoch=414, loss=0.3222
Epoch=415, loss=0.3220
Epoch=416, loss=0.3172
Epoch=417, loss=0.3151
Epoch=418, loss=0.3147
Epoch=419, loss=0.3157
Epoch=420, loss=0.3141
Epoch=421, loss=0.3157
Epoch=422, loss=0.3143
Epoch=423, loss=0.3235
Epoch=424, loss=0.3112
Epoch=425, loss=0.3167
Epoch=426, loss=0.3130
Epoch=427, loss=0.3138
Epoch=428, loss=0.3075
Epoch=429, loss=0.3139
Epoch=430, loss=0.3075
Epoch=431, loss=0.3092
Epoch=432, loss=0.3110
Epoch=433, loss=0.3128
Epoch=434, loss=0.3094
Epoch=435, loss=0.3095
Epoch=436, loss=0.3085
Epoch=437, loss=0.3070
Epoch=438, loss=0.3093
Epoch=439, loss=0.3121
Epoch=440, loss=0.3070
Epoch=441, loss=0.3047
Epoch=442, loss=0.3046
Epoch=443, loss=0.3045
Epoch=444, loss=0.3104
Epoch=445, loss=0.3043
Epoch=446, loss=0.3028
Epoch=447, loss=0.3021
Epoch=448, loss=0.2996
Epoch=449, loss=0.3057
Epoch=450, loss=0.3014
Epoch=451, loss=0.3057
Epoch=452, loss=0.3017
Epoch=453, loss=0.3012
Epoch=454, loss=0.3009
Epoch=455, loss=0.3005
Epoch=456, loss=0.2991
Epoch=457, loss=0.3060
Epoch=458, loss=0.3029
Epoch=459, loss=0.3009
Epoch=460, loss=0.3072
Epoch=461, loss=0.2966
Epoch=462, loss=0.2985
Epoch=463, loss=0.2958
Epoch=464, loss=0.2956
Epoch=465, loss=0.2941
Epoch=466, loss=0.2953
Epoch=467, loss=0.2977
Epoch=468, loss=0.2981
Epoch=469, loss=0.3019
Epoch=470, loss=0.2957
Epoch=471, loss=0.2912
Epoch=472, loss=0.2939
Epoch=473, loss=0.2936
Epoch=474, loss=0.2933
Epoch=475, loss=0.2955
Epoch=476, loss=0.2908
Epoch=477, loss=0.2884
Epoch=478, loss=0.2918
Epoch=479, loss=0.2909
Epoch=480, loss=0.2916
Epoch=481, loss=0.2876
Epoch=482, loss=0.2916
Epoch=483, loss=0.2932
Epoch=484, loss=0.2867
Epoch=485, loss=0.2878
Epoch=486, loss=0.2879
Epoch=487, loss=0.2889
Epoch=488, loss=0.2859
Epoch=489, loss=0.2866
Epoch=490, loss=0.2846
Epoch=491, loss=0.2852
Epoch=492, loss=0.2830
Epoch=493, loss=0.2827
Epoch=494, loss=0.2858
Epoch=495, loss=0.2820
Epoch=496, loss=0.2826
Epoch=497, loss=0.2794
Epoch=498, loss=0.2825
Epoch=499, loss=0.2796
Loading 497th epoch
Early stopping!
Start to test process.
done with the edge prediction
done with the node prediction
done with the second node prediction
(E) | label_classification: F1Mi=0.6407+-0.0066, F1Ma=0.5578+-0.0261, acc=0.6407+-0.0066
[['MVGRL', 'heat', 16, 15, 2, 'normalize', 0.1, 0.2, 0.4, 0.001, 0.5, 0.2, 0.5, 0.0001, 512, 512, 0.938207198796712, 0.936494839741306, 0.9410216434005811, 0.9427187269373853, 0.6357142925262451, 0.6600000262260437, 0.6392650008201599, 0.6214285492897034, 0.6499999761581421, 0.6426498889923096, 0.6406529343179168, 0.00660295704052709, 0.5577830245073696, 0.026110434721986146, 0.6406529343179168, 0.00660295704052709]]
Epoch=000, loss=0.6936
Epoch=001, loss=0.6922
Epoch=002, loss=0.6910
Epoch=003, loss=0.6900
Epoch=004, loss=0.6889
Epoch=005, loss=0.6879
Epoch=006, loss=0.6869
Epoch=007, loss=0.6858
Epoch=008, loss=0.6844
Epoch=009, loss=0.6832
Epoch=010, loss=0.6821
Epoch=011, loss=0.6808
Epoch=012, loss=0.6793
Epoch=013, loss=0.6777
Epoch=014, loss=0.6764
Epoch=015, loss=0.6739
Epoch=016, loss=0.6728
Epoch=017, loss=0.6709
Epoch=018, loss=0.6684
Epoch=019, loss=0.6667
Epoch=020, loss=0.6641
Epoch=021, loss=0.6621
Epoch=022, loss=0.6598
Epoch=023, loss=0.6571
Epoch=024, loss=0.6549
Epoch=025, loss=0.6536
Epoch=026, loss=0.6507
Epoch=027, loss=0.6496
Epoch=028, loss=0.6448
Epoch=029, loss=0.6419
Epoch=030, loss=0.6382
Epoch=031, loss=0.6362
Epoch=032, loss=0.6334
Epoch=033, loss=0.6329
Epoch=034, loss=0.6279
Epoch=035, loss=0.6265
Epoch=036, loss=0.6230
Epoch=037, loss=0.6220
Epoch=038, loss=0.6178
Epoch=039, loss=0.6122
Epoch=040, loss=0.6082
Epoch=041, loss=0.6073
Epoch=042, loss=0.6071
Epoch=043, loss=0.6030
Epoch=044, loss=0.5991
Epoch=045, loss=0.5950
Epoch=046, loss=0.5911
Epoch=047, loss=0.5915
Epoch=048, loss=0.5882
Epoch=049, loss=0.5821
Epoch=050, loss=0.5848
Epoch=051, loss=0.5778
Epoch=052, loss=0.5745
Epoch=053, loss=0.5765
Epoch=054, loss=0.5690
Epoch=055, loss=0.5658
Epoch=056, loss=0.5665
Epoch=057, loss=0.5635
Epoch=058, loss=0.5581
Epoch=059, loss=0.5528
Epoch=060, loss=0.5495
Epoch=061, loss=0.5478
Epoch=062, loss=0.5440
Epoch=063, loss=0.5426
Epoch=064, loss=0.5388
Epoch=065, loss=0.5378
Epoch=066, loss=0.5359
Epoch=067, loss=0.5268
Epoch=068, loss=0.5267
Epoch=069, loss=0.5286
Epoch=070, loss=0.5204
Epoch=071, loss=0.5226
Epoch=072, loss=0.5091
Epoch=073, loss=0.5138
Epoch=074, loss=0.5106
Epoch=075, loss=0.5174
Epoch=076, loss=0.5052
Epoch=077, loss=0.4993
Epoch=078, loss=0.4966
Epoch=079, loss=0.4947
Epoch=080, loss=0.4936
Epoch=081, loss=0.4955
Epoch=082, loss=0.4922
Epoch=083, loss=0.4828
Epoch=084, loss=0.4823
Epoch=085, loss=0.4827
Epoch=086, loss=0.4797
Epoch=087, loss=0.4785
Epoch=088, loss=0.4798
Epoch=089, loss=0.4709
Epoch=090, loss=0.4691
Epoch=091, loss=0.4643
Epoch=092, loss=0.4704
Epoch=093, loss=0.4614
Epoch=094, loss=0.4587
Epoch=095, loss=0.4587
Epoch=096, loss=0.4565
Epoch=097, loss=0.4586
Epoch=098, loss=0.4530
Epoch=099, loss=0.4488
Epoch=100, loss=0.4467
Epoch=101, loss=0.4436
Epoch=102, loss=0.4415
Epoch=103, loss=0.4417
Epoch=104, loss=0.4363
Epoch=105, loss=0.4329
Epoch=106, loss=0.4293
Epoch=107, loss=0.4297
Epoch=108, loss=0.4249
Epoch=109, loss=0.4277
Epoch=110, loss=0.4252
Epoch=111, loss=0.4251
Epoch=112, loss=0.4179
Epoch=113, loss=0.4169
Epoch=114, loss=0.4190
Epoch=115, loss=0.4147
Epoch=116, loss=0.4117
Epoch=117, loss=0.4118
Epoch=118, loss=0.4087
Epoch=119, loss=0.4030
Epoch=120, loss=0.4068
Epoch=121, loss=0.4014
Epoch=122, loss=0.3979
Epoch=123, loss=0.3981
Epoch=124, loss=0.3957
Epoch=125, loss=0.3953
Epoch=126, loss=0.3948
Epoch=127, loss=0.3919
Epoch=128, loss=0.3903
Epoch=129, loss=0.3879
Epoch=130, loss=0.3875
Epoch=131, loss=0.3860
Epoch=132, loss=0.3842
Epoch=133, loss=0.3821
Epoch=134, loss=0.3784
Epoch=135, loss=0.3785
Epoch=136, loss=0.3733
Epoch=137, loss=0.3770
Epoch=138, loss=0.3755
Epoch=139, loss=0.3713
Epoch=140, loss=0.3700
Epoch=141, loss=0.3706
Epoch=142, loss=0.3671
Epoch=143, loss=0.3676
Epoch=144, loss=0.3643
Epoch=145, loss=0.3612
Epoch=146, loss=0.3611
Epoch=147, loss=0.3621
Epoch=148, loss=0.3598
Epoch=149, loss=0.3574
Epoch=150, loss=0.3490
Epoch=151, loss=0.3548
Epoch=152, loss=0.3478
Epoch=153, loss=0.3488
Epoch=154, loss=0.3517
Epoch=155, loss=0.3411
Epoch=156, loss=0.3435
Epoch=157, loss=0.3434
Epoch=158, loss=0.3389
Epoch=159, loss=0.3376
Epoch=160, loss=0.3413
Epoch=161, loss=0.3386
Epoch=162, loss=0.3318
Epoch=163, loss=0.3356
Epoch=164, loss=0.3330
Epoch=165, loss=0.3326
Epoch=166, loss=0.3317
Epoch=167, loss=0.3260
Epoch=168, loss=0.3327
Epoch=169, loss=0.3216
Epoch=170, loss=0.3242
Epoch=171, loss=0.3197
Epoch=172, loss=0.3184
Epoch=173, loss=0.3163
Epoch=174, loss=0.3180
Epoch=175, loss=0.3155
Epoch=176, loss=0.3160
Epoch=177, loss=0.3144
Epoch=178, loss=0.3134
Epoch=179, loss=0.3128
Epoch=180, loss=0.3078
Epoch=181, loss=0.3112
Epoch=182, loss=0.3087
Epoch=183, loss=0.3056
Epoch=184, loss=0.3039
Epoch=185, loss=0.3039
Epoch=186, loss=0.3028
Epoch=187, loss=0.3016
Epoch=188, loss=0.2953
Epoch=189, loss=0.2966
Epoch=190, loss=0.2958
Epoch=191, loss=0.2989
Epoch=192, loss=0.2959
Epoch=193, loss=0.2943
Epoch=194, loss=0.2926
Epoch=195, loss=0.2902
Epoch=196, loss=0.2895
Epoch=197, loss=0.2914
Epoch=198, loss=0.2870
Epoch=199, loss=0.2833
Epoch=200, loss=0.2855
Epoch=201, loss=0.2819
Epoch=202, loss=0.2821
Epoch=203, loss=0.2780
Epoch=204, loss=0.2786
Epoch=205, loss=0.2776
Epoch=206, loss=0.2767
Epoch=207, loss=0.2732
Epoch=208, loss=0.2763
Epoch=209, loss=0.2715
Epoch=210, loss=0.2758
Epoch=211, loss=0.2703
Epoch=212, loss=0.2706
Epoch=213, loss=0.2704
Epoch=214, loss=0.2636
Epoch=215, loss=0.2672
Epoch=216, loss=0.2676
Epoch=217, loss=0.2638
Epoch=218, loss=0.2645
Epoch=219, loss=0.2613
Epoch=220, loss=0.2628
Epoch=221, loss=0.2587
Epoch=222, loss=0.2577
Epoch=223, loss=0.2590
Epoch=224, loss=0.2616
Epoch=225, loss=0.2532
Epoch=226, loss=0.2540
Epoch=227, loss=0.2537
Epoch=228, loss=0.2544
Epoch=229, loss=0.2486
Epoch=230, loss=0.2493
Epoch=231, loss=0.2497
Epoch=232, loss=0.2544
Epoch=233, loss=0.2457
Epoch=234, loss=0.2457
Epoch=235, loss=0.2427
Epoch=236, loss=0.2460
Epoch=237, loss=0.2468
Epoch=238, loss=0.2425
Epoch=239, loss=0.2395
Epoch=240, loss=0.2407
Epoch=241, loss=0.2388
Epoch=242, loss=0.2409
Epoch=243, loss=0.2369
Epoch=244, loss=0.2322
Epoch=245, loss=0.2366
Epoch=246, loss=0.2359
Epoch=247, loss=0.2341
Epoch=248, loss=0.2296
Epoch=249, loss=0.2323
Epoch=250, loss=0.2335
Epoch=251, loss=0.2274
Epoch=252, loss=0.2327
Epoch=253, loss=0.2288
Epoch=254, loss=0.2311
Epoch=255, loss=0.2226
Epoch=256, loss=0.2263
Epoch=257, loss=0.2261
Epoch=258, loss=0.2226
Epoch=259, loss=0.2246
Epoch=260, loss=0.2199
Epoch=261, loss=0.2217
Epoch=262, loss=0.2223
Epoch=263, loss=0.2189
Epoch=264, loss=0.2189
Epoch=265, loss=0.2229
Epoch=266, loss=0.2175
Epoch=267, loss=0.2148
Epoch=268, loss=0.2160
Epoch=269, loss=0.2093
Epoch=270, loss=0.2157
Epoch=271, loss=0.2124
Epoch=272, loss=0.2076
Epoch=273, loss=0.2072
Epoch=274, loss=0.2073
Epoch=275, loss=0.2102
Epoch=276, loss=0.2079
Epoch=277, loss=0.2092
Epoch=278, loss=0.2059
Epoch=279, loss=0.2054
Epoch=280, loss=0.2084
Epoch=281, loss=0.2039
Epoch=282, loss=0.2020
Epoch=283, loss=0.2046
Epoch=284, loss=0.2062
Epoch=285, loss=0.1986
Epoch=286, loss=0.2002
Epoch=287, loss=0.1994
Epoch=288, loss=0.1973
Epoch=289, loss=0.1973
Epoch=290, loss=0.1968
Epoch=291, loss=0.1970
Epoch=292, loss=0.1983
Epoch=293, loss=0.1969
Epoch=294, loss=0.1971
Epoch=295, loss=0.1929
Epoch=296, loss=0.1912
Epoch=297, loss=0.1926
Epoch=298, loss=0.1899
Epoch=299, loss=0.1893
Epoch=300, loss=0.1845
Epoch=301, loss=0.1875
Epoch=302, loss=0.1867
Epoch=303, loss=0.1871
Epoch=304, loss=0.1888
Epoch=305, loss=0.1886
Epoch=306, loss=0.1878
Epoch=307, loss=0.1868
Epoch=308, loss=0.1862
Epoch=309, loss=0.1821
Epoch=310, loss=0.1871
Epoch=311, loss=0.1775
Epoch=312, loss=0.1864
Epoch=313, loss=0.1781
Epoch=314, loss=0.1799
Epoch=315, loss=0.1792
Epoch=316, loss=0.1789
Epoch=317, loss=0.1816
Epoch=318, loss=0.1797
Epoch=319, loss=0.1803
Epoch=320, loss=0.1760
Epoch=321, loss=0.1721
Epoch=322, loss=0.1751
Epoch=323, loss=0.1728
Epoch=324, loss=0.1738
Epoch=325, loss=0.1748
Epoch=326, loss=0.1805
Epoch=327, loss=0.1710
Epoch=328, loss=0.1693
Epoch=329, loss=0.1698
Epoch=330, loss=0.1685
Epoch=331, loss=0.1721
Epoch=332, loss=0.1685
Epoch=333, loss=0.1716
Epoch=334, loss=0.1752
Epoch=335, loss=0.1717
Epoch=336, loss=0.1649
Epoch=337, loss=0.1717
Epoch=338, loss=0.1630
Epoch=339, loss=0.1617
Epoch=340, loss=0.1668
Epoch=341, loss=0.1662
Epoch=342, loss=0.1705
Epoch=343, loss=0.1628
Epoch=344, loss=0.1610
Epoch=345, loss=0.1601
Epoch=346, loss=0.1605
Epoch=347, loss=0.1611
Epoch=348, loss=0.1612
Epoch=349, loss=0.1610
Epoch=350, loss=0.1628
Epoch=351, loss=0.1571
Epoch=352, loss=0.1578
Epoch=353, loss=0.1590
Epoch=354, loss=0.1607
Epoch=355, loss=0.1543
Epoch=356, loss=0.1533
Epoch=357, loss=0.1590
Epoch=358, loss=0.1532
Epoch=359, loss=0.1555
Epoch=360, loss=0.1515
Epoch=361, loss=0.1549
Epoch=362, loss=0.1558
Epoch=363, loss=0.1498
Epoch=364, loss=0.1494
Epoch=365, loss=0.1495
Epoch=366, loss=0.1501
Epoch=367, loss=0.1492
Epoch=368, loss=0.1521
Epoch=369, loss=0.1472
Epoch=370, loss=0.1491
Epoch=371, loss=0.1462
Epoch=372, loss=0.1442
Epoch=373, loss=0.1463
Epoch=374, loss=0.1491
Epoch=375, loss=0.1445
Epoch=376, loss=0.1455
Epoch=377, loss=0.1483
Epoch=378, loss=0.1439
Epoch=379, loss=0.1416
Epoch=380, loss=0.1429
Epoch=381, loss=0.1502
Epoch=382, loss=0.1414
Epoch=383, loss=0.1441
Epoch=384, loss=0.1430
Epoch=385, loss=0.1389
Epoch=386, loss=0.1410
Epoch=387, loss=0.1463
Epoch=388, loss=0.1447
Epoch=389, loss=0.1404
Epoch=390, loss=0.1415
Epoch=391, loss=0.1407
Epoch=392, loss=0.1408
Epoch=393, loss=0.1367
Epoch=394, loss=0.1417
Epoch=395, loss=0.1434
Epoch=396, loss=0.1380
Epoch=397, loss=0.1346
Epoch=398, loss=0.1394
Epoch=399, loss=0.1317
Epoch=400, loss=0.1331
Epoch=401, loss=0.1375
Epoch=402, loss=0.1358
Epoch=403, loss=0.1367
Epoch=404, loss=0.1327
Epoch=405, loss=0.1364
Epoch=406, loss=0.1350
Epoch=407, loss=0.1335
Epoch=408, loss=0.1358
Epoch=409, loss=0.1354
Epoch=410, loss=0.1305
Epoch=411, loss=0.1295
Epoch=412, loss=0.1334
Epoch=413, loss=0.1343
Epoch=414, loss=0.1327
Epoch=415, loss=0.1315
Epoch=416, loss=0.1293
Epoch=417, loss=0.1258
Epoch=418, loss=0.1288
Epoch=419, loss=0.1298
Epoch=420, loss=0.1286
Epoch=421, loss=0.1292
Epoch=422, loss=0.1281
Epoch=423, loss=0.1245
Epoch=424, loss=0.1257
Epoch=425, loss=0.1258
Epoch=426, loss=0.1254
Epoch=427, loss=0.1230
Epoch=428, loss=0.1267
Epoch=429, loss=0.1220
Epoch=430, loss=0.1228
Epoch=431, loss=0.1239
Epoch=432, loss=0.1269
Epoch=433, loss=0.1255
Epoch=434, loss=0.1247
Epoch=435, loss=0.1224
Epoch=436, loss=0.1234
Epoch=437, loss=0.1237
Epoch=438, loss=0.1218
Epoch=439, loss=0.1188
Epoch=440, loss=0.1232
Epoch=441, loss=0.1234
Epoch=442, loss=0.1173
Epoch=443, loss=0.1217
Epoch=444, loss=0.1150
Epoch=445, loss=0.1184
Epoch=446, loss=0.1159
Epoch=447, loss=0.1204
Epoch=448, loss=0.1174
Epoch=449, loss=0.1202
Epoch=450, loss=0.1220
Epoch=451, loss=0.1178
Epoch=452, loss=0.1142
Epoch=453, loss=0.1152
Epoch=454, loss=0.1180
Epoch=455, loss=0.1179
Epoch=456, loss=0.1176
Epoch=457, loss=0.1176
Epoch=458, loss=0.1146
Epoch=459, loss=0.1121
Epoch=460, loss=0.1150
Epoch=461, loss=0.1131
Epoch=462, loss=0.1123
Epoch=463, loss=0.1138
Epoch=464, loss=0.1221
Epoch=465, loss=0.1146
Epoch=466, loss=0.1167
Epoch=467, loss=0.1124
Epoch=468, loss=0.1126
Epoch=469, loss=0.1092
Epoch=470, loss=0.1209
Epoch=471, loss=0.1093
Epoch=472, loss=0.1111
Epoch=473, loss=0.1136
Epoch=474, loss=0.1156
Epoch=475, loss=0.1082
Epoch=476, loss=0.1110
Epoch=477, loss=0.1172
Epoch=478, loss=0.1113
Epoch=479, loss=0.1103
Epoch=480, loss=0.1103
Epoch=481, loss=0.1081
Epoch=482, loss=0.1041
Epoch=483, loss=0.1101
Epoch=484, loss=0.1073
Epoch=485, loss=0.1121
Epoch=486, loss=0.1068
Epoch=487, loss=0.1098
Epoch=488, loss=0.1054
Epoch=489, loss=0.1067
Epoch=490, loss=0.1081
Epoch=491, loss=0.1060
Epoch=492, loss=0.1077
Epoch=493, loss=0.1082
Epoch=494, loss=0.1022
Epoch=495, loss=0.1116
Epoch=496, loss=0.1053
Epoch=497, loss=0.1031
Epoch=498, loss=0.1061
Epoch=499, loss=0.1085
Loading 494th epoch
done with the edge prediction
done with the node prediction
done with the second node prediction
(E) | label_classification: F1Mi=0.7548+-0.0196, F1Ma=0.7261+-0.0212, acc=0.7548+-0.0196
[['MVGRL', 'heat', 16, 15, 2, 'normalize', 0.1, 0.2, 0.4, 0.001, 0.5, 0.2, 0.5, 0.0001, 512, 512, 0.938207198796712, 0.936494839741306, 0.9410216434005811, 0.9427187269373853, 0.6357142925262451, 0.6600000262260437, 0.6392650008201599, 0.6214285492897034, 0.6499999761581421, 0.6426498889923096, 0.6406529343179168, 0.00660295704052709, 0.5577830245073696, 0.026110434721986146, 0.6406529343179168, 0.00660295704052709], ['MVGRL', 'heat', 32, 15, 2, 'normalize', 0.1, 0.2, 0.4, 0.001, 0.5, 0.2, 0.5, 0.0001, 512, 512, 0.9737358892876548, 0.9733463092495427, 0.9646849986857692, 0.9622127051057003, 0.9642857313156128, 0.7860000133514404, 0.7519342303276062, 0.800000011920929, 0.7839999794960022, 0.7446808218955994, 0.7548387096774193, 0.019637320077280234, 0.7260888827548264, 0.021244433527944848, 0.7548387096774193, 0.01963732007728023]]
Epoch=000, loss=0.6939
Epoch=001, loss=0.6911
Epoch=002, loss=0.6896
Epoch=003, loss=0.6871
Epoch=004, loss=0.6855
Epoch=005, loss=0.6825
Epoch=006, loss=0.6808
Epoch=007, loss=0.6790
Epoch=008, loss=0.6753
Epoch=009, loss=0.6736
Epoch=010, loss=0.6711
Epoch=011, loss=0.6652
Epoch=012, loss=0.6631
Epoch=013, loss=0.6592
Epoch=014, loss=0.6561
Epoch=015, loss=0.6503
Epoch=016, loss=0.6474
Epoch=017, loss=0.6434
Epoch=018, loss=0.6409
Epoch=019, loss=0.6353
Epoch=020, loss=0.6301
Epoch=021, loss=0.6248
Epoch=022, loss=0.6210
Epoch=023, loss=0.6179
Epoch=024, loss=0.6102
Epoch=025, loss=0.6044
Epoch=026, loss=0.6027
Epoch=027, loss=0.5963
Epoch=028, loss=0.5915
Epoch=029, loss=0.5866
Epoch=030, loss=0.5802
Epoch=031, loss=0.5752
Epoch=032, loss=0.5740
Epoch=033, loss=0.5664
Epoch=034, loss=0.5602
Epoch=035, loss=0.5538
Epoch=036, loss=0.5475
Epoch=037, loss=0.5469
Epoch=038, loss=0.5407
Epoch=039, loss=0.5365
Epoch=040, loss=0.5278
Epoch=041, loss=0.5204
Epoch=042, loss=0.5189
Epoch=043, loss=0.5158
Epoch=044, loss=0.5136
Epoch=045, loss=0.5058
Epoch=046, loss=0.5035
Epoch=047, loss=0.4975
Epoch=048, loss=0.4950
Epoch=049, loss=0.4892
Epoch=050, loss=0.4810
Epoch=051, loss=0.4786
Epoch=052, loss=0.4712
Epoch=053, loss=0.4710
Epoch=054, loss=0.4660
Epoch=055, loss=0.4605
Epoch=056, loss=0.4570
Epoch=057, loss=0.4486
Epoch=058, loss=0.4462
Epoch=059, loss=0.4424
Epoch=060, loss=0.4447
Epoch=061, loss=0.4329
Epoch=062, loss=0.4334
Epoch=063, loss=0.4298
Epoch=064, loss=0.4228
Epoch=065, loss=0.4243
Epoch=066, loss=0.4134
Epoch=067, loss=0.4183
Epoch=068, loss=0.4109
Epoch=069, loss=0.4097
Epoch=070, loss=0.4039
Epoch=071, loss=0.3992
Epoch=072, loss=0.3974
Epoch=073, loss=0.3910
Epoch=074, loss=0.3915
Epoch=075, loss=0.3903
Epoch=076, loss=0.3843
Epoch=077, loss=0.3777
Epoch=078, loss=0.3782
Epoch=079, loss=0.3726
Epoch=080, loss=0.3756
Epoch=081, loss=0.3634
Epoch=082, loss=0.3684
Epoch=083, loss=0.3657
Epoch=084, loss=0.3615
Epoch=085, loss=0.3551
Epoch=086, loss=0.3562
Epoch=087, loss=0.3513
Epoch=088, loss=0.3467
Epoch=089, loss=0.3459
Epoch=090, loss=0.3425
Epoch=091, loss=0.3397
Epoch=092, loss=0.3377
Epoch=093, loss=0.3351
Epoch=094, loss=0.3353
Epoch=095, loss=0.3324
Epoch=096, loss=0.3282
Epoch=097, loss=0.3262
Epoch=098, loss=0.3201
Epoch=099, loss=0.3183
Epoch=100, loss=0.3188
Epoch=101, loss=0.3161
Epoch=102, loss=0.3138
Epoch=103, loss=0.3124
Epoch=104, loss=0.3046
Epoch=105, loss=0.3049
Epoch=106, loss=0.3040
Epoch=107, loss=0.2979
Epoch=108, loss=0.2968
Epoch=109, loss=0.2955
Epoch=110, loss=0.2970
Epoch=111, loss=0.2928
Epoch=112, loss=0.2903
Epoch=113, loss=0.2893
Epoch=114, loss=0.2863
Epoch=115, loss=0.2803
Epoch=116, loss=0.2828
Epoch=117, loss=0.2765
Epoch=118, loss=0.2776
Epoch=119, loss=0.2731
Epoch=120, loss=0.2722
Epoch=121, loss=0.2673
Epoch=122, loss=0.2681
Epoch=123, loss=0.2687
Epoch=124, loss=0.2663
Epoch=125, loss=0.2626
Epoch=126, loss=0.2602
Epoch=127, loss=0.2570
Epoch=128, loss=0.2591
Epoch=129, loss=0.2538
Epoch=130, loss=0.2517
Epoch=131, loss=0.2472
Epoch=132, loss=0.2534
Epoch=133, loss=0.2471
Epoch=134, loss=0.2467
Epoch=135, loss=0.2433
Epoch=136, loss=0.2431
Epoch=137, loss=0.2400
Epoch=138, loss=0.2409
Epoch=139, loss=0.2398
Epoch=140, loss=0.2345
Epoch=141, loss=0.2352
Epoch=142, loss=0.2330
Epoch=143, loss=0.2334
Epoch=144, loss=0.2286
Epoch=145, loss=0.2297
Epoch=146, loss=0.2239
Epoch=147, loss=0.2240
Epoch=148, loss=0.2264
Epoch=149, loss=0.2188
Epoch=150, loss=0.2230
Epoch=151, loss=0.2207
Epoch=152, loss=0.2182
Epoch=153, loss=0.2147
Epoch=154, loss=0.2119
Epoch=155, loss=0.2149
Epoch=156, loss=0.2075
Epoch=157, loss=0.2109
Epoch=158, loss=0.2066
Epoch=159, loss=0.2079
Epoch=160, loss=0.2081
Epoch=161, loss=0.2011
Epoch=162, loss=0.2016
Epoch=163, loss=0.2038
Epoch=164, loss=0.2015
Epoch=165, loss=0.1984
Epoch=166, loss=0.1966
Epoch=167, loss=0.1956
Epoch=168, loss=0.1983
Epoch=169, loss=0.1943
Epoch=170, loss=0.1900
Epoch=171, loss=0.1874
Epoch=172, loss=0.1907
Epoch=173, loss=0.1884
Epoch=174, loss=0.1884
Epoch=175, loss=0.1855
Epoch=176, loss=0.1879
Epoch=177, loss=0.1836
Epoch=178, loss=0.1852
Epoch=179, loss=0.1825
Epoch=180, loss=0.1861
Epoch=181, loss=0.1788
Epoch=182, loss=0.1776
Epoch=183, loss=0.1763
Epoch=184, loss=0.1780
Epoch=185, loss=0.1744
Epoch=186, loss=0.1753
Epoch=187, loss=0.1739
Epoch=188, loss=0.1723
Epoch=189, loss=0.1746
Epoch=190, loss=0.1740
Epoch=191, loss=0.1645
Epoch=192, loss=0.1660
Epoch=193, loss=0.1668
Epoch=194, loss=0.1634
Epoch=195, loss=0.1666
Epoch=196, loss=0.1641
Epoch=197, loss=0.1624
Epoch=198, loss=0.1604
Epoch=199, loss=0.1605
Epoch=200, loss=0.1611
Epoch=201, loss=0.1557
Epoch=202, loss=0.1568
Epoch=203, loss=0.1550
Epoch=204, loss=0.1568
Epoch=205, loss=0.1611
Epoch=206, loss=0.1536
Epoch=207, loss=0.1523
Epoch=208, loss=0.1554
Epoch=209, loss=0.1557
Epoch=210, loss=0.1500
Epoch=211, loss=0.1497
Epoch=212, loss=0.1492
Epoch=213, loss=0.1477
Epoch=214, loss=0.1479
Epoch=215, loss=0.1462
Epoch=216, loss=0.1429
Epoch=217, loss=0.1473
Epoch=218, loss=0.1472
Epoch=219, loss=0.1462
Epoch=220, loss=0.1436
Epoch=221, loss=0.1419
Epoch=222, loss=0.1410
Epoch=223, loss=0.1436
Epoch=224, loss=0.1385
Epoch=225, loss=0.1379
Epoch=226, loss=0.1389
Epoch=227, loss=0.1460
Epoch=228, loss=0.1353
Epoch=229, loss=0.1365
Epoch=230, loss=0.1389
Epoch=231, loss=0.1362
Epoch=232, loss=0.1312
Epoch=233, loss=0.1378
Epoch=234, loss=0.1356
Epoch=235, loss=0.1359
Epoch=236, loss=0.1311
Epoch=237, loss=0.1288
Epoch=238, loss=0.1305
Epoch=239, loss=0.1261
Epoch=240, loss=0.1324
Epoch=241, loss=0.1254
Epoch=242, loss=0.1291
Epoch=243, loss=0.1282
Epoch=244, loss=0.1263
Epoch=245, loss=0.1246
Epoch=246, loss=0.1232
Epoch=247, loss=0.1205
Epoch=248, loss=0.1244
Epoch=249, loss=0.1257
Epoch=250, loss=0.1176
Epoch=251, loss=0.1231
Epoch=252, loss=0.1209
Epoch=253, loss=0.1254
Epoch=254, loss=0.1195
Epoch=255, loss=0.1206
Epoch=256, loss=0.1167
Epoch=257, loss=0.1176
Epoch=258, loss=0.1180
Epoch=259, loss=0.1174
Epoch=260, loss=0.1158
Epoch=261, loss=0.1138
Epoch=262, loss=0.1129
Epoch=263, loss=0.1184
Epoch=264, loss=0.1176
Epoch=265, loss=0.1146
Epoch=266, loss=0.1122
Epoch=267, loss=0.1121
Epoch=268, loss=0.1101
Epoch=269, loss=0.1116
Epoch=270, loss=0.1081
Epoch=271, loss=0.1126
Epoch=272, loss=0.1097
Epoch=273, loss=0.1112
Epoch=274, loss=0.1079
Epoch=275, loss=0.1084
Epoch=276, loss=0.1099
Epoch=277, loss=0.1137
Epoch=278, loss=0.1111
Epoch=279, loss=0.1092
Epoch=280, loss=0.1061
Epoch=281, loss=0.1056
Epoch=282, loss=0.1060
Epoch=283, loss=0.1019
Epoch=284, loss=0.1037
Epoch=285, loss=0.1018
Epoch=286, loss=0.1016
Epoch=287, loss=0.1008
Epoch=288, loss=0.1057
Epoch=289, loss=0.1051
Epoch=290, loss=0.1026
Epoch=291, loss=0.1002
Epoch=292, loss=0.0982
Epoch=293, loss=0.0971
Epoch=294, loss=0.0981
Epoch=295, loss=0.1048
Epoch=296, loss=0.0974
Epoch=297, loss=0.0945
Epoch=298, loss=0.0997
Epoch=299, loss=0.0966
Epoch=300, loss=0.0994
Epoch=301, loss=0.1008
Epoch=302, loss=0.0914
Epoch=303, loss=0.0964
Epoch=304, loss=0.0978
Epoch=305, loss=0.0982
Epoch=306, loss=0.1006
Epoch=307, loss=0.0977
Epoch=308, loss=0.0949
Epoch=309, loss=0.0979
Epoch=310, loss=0.0962
Epoch=311, loss=0.0912
Epoch=312, loss=0.0904
Epoch=313, loss=0.0901
Epoch=314, loss=0.0956
Epoch=315, loss=0.0942
Epoch=316, loss=0.0955
Epoch=317, loss=0.0922
Epoch=318, loss=0.0931
Epoch=319, loss=0.0934
Epoch=320, loss=0.0891
Epoch=321, loss=0.0905
Epoch=322, loss=0.0873
Epoch=323, loss=0.0871
Epoch=324, loss=0.0908
Epoch=325, loss=0.0890
Epoch=326, loss=0.0850
Epoch=327, loss=0.0877
Epoch=328, loss=0.0872
Epoch=329, loss=0.0875
Epoch=330, loss=0.0898
Epoch=331, loss=0.0864
Epoch=332, loss=0.0901
Epoch=333, loss=0.0875
Epoch=334, loss=0.0896
Epoch=335, loss=0.0839
Epoch=336, loss=0.0859
Epoch=337, loss=0.0845
Epoch=338, loss=0.0851
Epoch=339, loss=0.0822
Epoch=340, loss=0.0799
Epoch=341, loss=0.0804
Epoch=342, loss=0.0809
Epoch=343, loss=0.0803
Epoch=344, loss=0.0814
Epoch=345, loss=0.0792
Epoch=346, loss=0.0848
Epoch=347, loss=0.0820
Epoch=348, loss=0.0806
Epoch=349, loss=0.0827
Epoch=350, loss=0.0804
Epoch=351, loss=0.0810
Epoch=352, loss=0.0775
Epoch=353, loss=0.0751
Epoch=354, loss=0.0786
Epoch=355, loss=0.0796
Epoch=356, loss=0.0808
Epoch=357, loss=0.0746
Epoch=358, loss=0.0778
Epoch=359, loss=0.0808
Epoch=360, loss=0.0798
Epoch=361, loss=0.0821
Epoch=362, loss=0.0791
Epoch=363, loss=0.0809
Epoch=364, loss=0.0764
Epoch=365, loss=0.0808
Epoch=366, loss=0.0782
Epoch=367, loss=0.0756
Epoch=368, loss=0.0792
Epoch=369, loss=0.0742
Epoch=370, loss=0.0756
Epoch=371, loss=0.0716
Epoch=372, loss=0.0742
Epoch=373, loss=0.0752
Epoch=374, loss=0.0730
Epoch=375, loss=0.0751
Epoch=376, loss=0.0721
Epoch=377, loss=0.0741
Epoch=378, loss=0.0742
Epoch=379, loss=0.0672
Epoch=380, loss=0.0698
Epoch=381, loss=0.0686
Epoch=382, loss=0.0725
Epoch=383, loss=0.0737
Epoch=384, loss=0.0679
Epoch=385, loss=0.0678
Epoch=386, loss=0.0699
Epoch=387, loss=0.0707
Epoch=388, loss=0.0679
Epoch=389, loss=0.0710
Epoch=390, loss=0.0696
Epoch=391, loss=0.0685
Epoch=392, loss=0.0669
Epoch=393, loss=0.0685
Epoch=394, loss=0.0679
Epoch=395, loss=0.0718
Epoch=396, loss=0.0648
Epoch=397, loss=0.0667
Epoch=398, loss=0.0635
Epoch=399, loss=0.0691
Epoch=400, loss=0.0677
Epoch=401, loss=0.0621
Epoch=402, loss=0.0658
Epoch=403, loss=0.0658
Epoch=404, loss=0.0674
Epoch=405, loss=0.0678
Epoch=406, loss=0.0678
Epoch=407, loss=0.0647
Epoch=408, loss=0.0697
Epoch=409, loss=0.0658
Epoch=410, loss=0.0661
Epoch=411, loss=0.0664
Epoch=412, loss=0.0625
Epoch=413, loss=0.0636
Epoch=414, loss=0.0630
Epoch=415, loss=0.0623
Epoch=416, loss=0.0623
Epoch=417, loss=0.0611
Epoch=418, loss=0.0635
Epoch=419, loss=0.0622
Epoch=420, loss=0.0614
Epoch=421, loss=0.0621
Epoch=422, loss=0.0635
Epoch=423, loss=0.0604
Epoch=424, loss=0.0645
Epoch=425, loss=0.0613
Epoch=426, loss=0.0614
Epoch=427, loss=0.0606
Epoch=428, loss=0.0628
Epoch=429, loss=0.0634
Epoch=430, loss=0.0650
Epoch=431, loss=0.0606
Epoch=432, loss=0.0628
Epoch=433, loss=0.0612
Epoch=434, loss=0.0590
Epoch=435, loss=0.0594
Epoch=436, loss=0.0666
Epoch=437, loss=0.0623
Epoch=438, loss=0.0609
Epoch=439, loss=0.0600
Epoch=440, loss=0.0599
Epoch=441, loss=0.0587
Epoch=442, loss=0.0559
Epoch=443, loss=0.0601
Epoch=444, loss=0.0618
Epoch=445, loss=0.0560
Epoch=446, loss=0.0569
Epoch=447, loss=0.0580
Epoch=448, loss=0.0581
Epoch=449, loss=0.0579
Epoch=450, loss=0.0571
Epoch=451, loss=0.0570
Epoch=452, loss=0.0627
Epoch=453, loss=0.0592
Epoch=454, loss=0.0549
Epoch=455, loss=0.0589
Epoch=456, loss=0.0563
Epoch=457, loss=0.0566
Epoch=458, loss=0.0557
Epoch=459, loss=0.0518
Epoch=460, loss=0.0562
Epoch=461, loss=0.0561
Epoch=462, loss=0.0560
Epoch=463, loss=0.0566
Epoch=464, loss=0.0554
Epoch=465, loss=0.0521
Epoch=466, loss=0.0537
Epoch=467, loss=0.0567
Epoch=468, loss=0.0492
Epoch=469, loss=0.0571
Epoch=470, loss=0.0527
Epoch=471, loss=0.0562
Epoch=472, loss=0.0523
Epoch=473, loss=0.0534
Epoch=474, loss=0.0536
Epoch=475, loss=0.0524
Epoch=476, loss=0.0487
Epoch=477, loss=0.0494
Epoch=478, loss=0.0522
Epoch=479, loss=0.0509
Epoch=480, loss=0.0498
Epoch=481, loss=0.0508
Epoch=482, loss=0.0495
Epoch=483, loss=0.0528
Epoch=484, loss=0.0519
Epoch=485, loss=0.0528
Epoch=486, loss=0.0494
Epoch=487, loss=0.0534
Epoch=488, loss=0.0528
Epoch=489, loss=0.0544
Epoch=490, loss=0.0539
Epoch=491, loss=0.0503
Epoch=492, loss=0.0481
Epoch=493, loss=0.0511
Epoch=494, loss=0.0526
Epoch=495, loss=0.0508
Epoch=496, loss=0.0538
Epoch=497, loss=0.0508
Epoch=498, loss=0.0502
Epoch=499, loss=0.0524
Loading 492th epoch
done with the edge prediction
done with the node prediction
done with the second node prediction
(E) | label_classification: F1Mi=0.7837+-0.0208, F1Ma=0.7665+-0.0173, acc=0.7837+-0.0208
[['MVGRL', 'heat', 16, 15, 2, 'normalize', 0.1, 0.2, 0.4, 0.001, 0.5, 0.2, 0.5, 0.0001, 512, 512, 0.938207198796712, 0.936494839741306, 0.9410216434005811, 0.9427187269373853, 0.6357142925262451, 0.6600000262260437, 0.6392650008201599, 0.6214285492897034, 0.6499999761581421, 0.6426498889923096, 0.6406529343179168, 0.00660295704052709, 0.5577830245073696, 0.026110434721986146, 0.6406529343179168, 0.00660295704052709], ['MVGRL', 'heat', 32, 15, 2, 'normalize', 0.1, 0.2, 0.4, 0.001, 0.5, 0.2, 0.5, 0.0001, 512, 512, 0.9737358892876548, 0.9733463092495427, 0.9646849986857692, 0.9622127051057003, 0.9642857313156128, 0.7860000133514404, 0.7519342303276062, 0.800000011920929, 0.7839999794960022, 0.7446808218955994, 0.7548387096774193, 0.019637320077280234, 0.7260888827548264, 0.021244433527944848, 0.7548387096774193, 0.01963732007728023], ['MVGRL', 'heat', 64, 15, 2, 'normalize', 0.1, 0.2, 0.4, 0.001, 0.5, 0.2, 0.5, 0.0001, 512, 512, 0.9843403462908417, 0.9828501493314249, 0.9717098322465425, 0.967696410946897, 0.8428571224212646, 0.7960000038146973, 0.7973887920379639, 0.8714285492897034, 0.7960000038146973, 0.7988394498825073, 0.7836766420520792, 0.020795718098790848, 0.76650371898121, 0.01725276073367649, 0.7836766420520793, 0.020795718098790845]]
Epoch=000, loss=0.6931
Epoch=001, loss=0.6899
Epoch=002, loss=0.6847
Epoch=003, loss=0.6793
Epoch=004, loss=0.6754
Epoch=005, loss=0.6709
Epoch=006, loss=0.6647
Epoch=007, loss=0.6586
Epoch=008, loss=0.6524
Epoch=009, loss=0.6473
Epoch=010, loss=0.6399
Epoch=011, loss=0.6339
Epoch=012, loss=0.6241
Epoch=013, loss=0.6133
Epoch=014, loss=0.6074
Epoch=015, loss=0.5966
Epoch=016, loss=0.5870
Epoch=017, loss=0.5769
Epoch=018, loss=0.5735
Epoch=019, loss=0.5566
Epoch=020, loss=0.5553
Epoch=021, loss=0.5411
Epoch=022, loss=0.5371
Epoch=023, loss=0.5280
Epoch=024, loss=0.5152
Epoch=025, loss=0.5096
Epoch=026, loss=0.5020
Epoch=027, loss=0.4931
Epoch=028, loss=0.4864
Epoch=029, loss=0.4767
Epoch=030, loss=0.4731
Epoch=031, loss=0.4610
Epoch=032, loss=0.4516
Epoch=033, loss=0.4468
Epoch=034, loss=0.4402
Epoch=035, loss=0.4334
Epoch=036, loss=0.4249
Epoch=037, loss=0.4198
Epoch=038, loss=0.4149
Epoch=039, loss=0.4055
Epoch=040, loss=0.3986
Epoch=041, loss=0.3937
Epoch=042, loss=0.3964
Epoch=043, loss=0.3836
Epoch=044, loss=0.3793
Epoch=045, loss=0.3693
Epoch=046, loss=0.3714
Epoch=047, loss=0.3677
Epoch=048, loss=0.3587
Epoch=049, loss=0.3548
Epoch=050, loss=0.3451
Epoch=051, loss=0.3498
Epoch=052, loss=0.3389
Epoch=053, loss=0.3335
Epoch=054, loss=0.3287
Epoch=055, loss=0.3228
Epoch=056, loss=0.3234
Epoch=057, loss=0.3196
Epoch=058, loss=0.3122
Epoch=059, loss=0.3120
Epoch=060, loss=0.3058
Epoch=061, loss=0.3072
Epoch=062, loss=0.2988
Epoch=063, loss=0.2965
Epoch=064, loss=0.2909
Epoch=065, loss=0.2824
Epoch=066, loss=0.2845
Epoch=067, loss=0.2780
Epoch=068, loss=0.2736
Epoch=069, loss=0.2732
Epoch=070, loss=0.2699
Epoch=071, loss=0.2616
Epoch=072, loss=0.2610
Epoch=073, loss=0.2581
Epoch=074, loss=0.2566
Epoch=075, loss=0.2513
Epoch=076, loss=0.2468
Epoch=077, loss=0.2470
Epoch=078, loss=0.2429
Epoch=079, loss=0.2402
Epoch=080, loss=0.2350
Epoch=081, loss=0.2338
Epoch=082, loss=0.2310
Epoch=083, loss=0.2263
Epoch=084, loss=0.2224
Epoch=085, loss=0.2222
Epoch=086, loss=0.2205
Epoch=087, loss=0.2197
Epoch=088, loss=0.2171
Epoch=089, loss=0.2103
Epoch=090, loss=0.2077
Epoch=091, loss=0.2056
Epoch=092, loss=0.1999
Epoch=093, loss=0.2011
Epoch=094, loss=0.1977
Epoch=095, loss=0.1965
Epoch=096, loss=0.1899
Epoch=097, loss=0.1925
Epoch=098, loss=0.1920
Epoch=099, loss=0.1854
Epoch=100, loss=0.1877
Epoch=101, loss=0.1842
Epoch=102, loss=0.1798
Epoch=103, loss=0.1839
Epoch=104, loss=0.1771
Epoch=105, loss=0.1751
Epoch=106, loss=0.1770
Epoch=107, loss=0.1733
Epoch=108, loss=0.1703
Epoch=109, loss=0.1685
Epoch=110, loss=0.1663
Epoch=111, loss=0.1664
Epoch=112, loss=0.1643
Epoch=113, loss=0.1631
Epoch=114, loss=0.1633
Epoch=115, loss=0.1564
Epoch=116, loss=0.1555
Epoch=117, loss=0.1587
Epoch=118, loss=0.1545
Epoch=119, loss=0.1539
Epoch=120, loss=0.1519
Epoch=121, loss=0.1533
Epoch=122, loss=0.1485
Epoch=123, loss=0.1506
Epoch=124, loss=0.1487
Epoch=125, loss=0.1447
Epoch=126, loss=0.1442
Epoch=127, loss=0.1458
Epoch=128, loss=0.1379
Epoch=129, loss=0.1412
Epoch=130, loss=0.1372
Epoch=131, loss=0.1374
Epoch=132, loss=0.1370
Epoch=133, loss=0.1308
Epoch=134, loss=0.1322
Epoch=135, loss=0.1344
Epoch=136, loss=0.1314
Epoch=137, loss=0.1331
Epoch=138, loss=0.1259
Epoch=139, loss=0.1242
Epoch=140, loss=0.1321
Epoch=141, loss=0.1305
Epoch=142, loss=0.1270
Epoch=143, loss=0.1205
Epoch=144, loss=0.1254
Epoch=145, loss=0.1239
Epoch=146, loss=0.1233
Epoch=147, loss=0.1221
Epoch=148, loss=0.1186
Epoch=149, loss=0.1219
Epoch=150, loss=0.1149
Epoch=151, loss=0.1208
Epoch=152, loss=0.1150
Epoch=153, loss=0.1158
Epoch=154, loss=0.1116
Epoch=155, loss=0.1153
Epoch=156, loss=0.1178
Epoch=157, loss=0.1103
Epoch=158, loss=0.1135
Epoch=159, loss=0.1056
Epoch=160, loss=0.1058
Epoch=161, loss=0.1096
Epoch=162, loss=0.1103
Epoch=163, loss=0.1115
Epoch=164, loss=0.1096
Epoch=165, loss=0.1063
Epoch=166, loss=0.1022
Epoch=167, loss=0.1026
Epoch=168, loss=0.1005
Epoch=169, loss=0.1010
Epoch=170, loss=0.0989
Epoch=171, loss=0.1002
Epoch=172, loss=0.1029
Epoch=173, loss=0.0993
Epoch=174, loss=0.1018
Epoch=175, loss=0.1037
Epoch=176, loss=0.1007
Epoch=177, loss=0.0937
Epoch=178, loss=0.0963
Epoch=179, loss=0.0970
Epoch=180, loss=0.0924
Epoch=181, loss=0.0947
Epoch=182, loss=0.0971
Epoch=183, loss=0.0965
Epoch=184, loss=0.0973
Epoch=185, loss=0.0960
Epoch=186, loss=0.0944
Epoch=187, loss=0.0901
Epoch=188, loss=0.0943
Epoch=189, loss=0.0914
Epoch=190, loss=0.0875
Epoch=191, loss=0.0863
Epoch=192, loss=0.0903
Epoch=193, loss=0.0908
Epoch=194, loss=0.0936
Epoch=195, loss=0.0898
Epoch=196, loss=0.0867
Epoch=197, loss=0.0822
Epoch=198, loss=0.0855
Epoch=199, loss=0.0896
Epoch=200, loss=0.0831
Epoch=201, loss=0.0805
Epoch=202, loss=0.0858
Epoch=203, loss=0.0870
Epoch=204, loss=0.0838
Epoch=205, loss=0.0865
Epoch=206, loss=0.0833
Epoch=207, loss=0.0811
Epoch=208, loss=0.0805
Epoch=209, loss=0.0819
Epoch=210, loss=0.0814
Epoch=211, loss=0.0779
Epoch=212, loss=0.0827
Epoch=213, loss=0.0783
Epoch=214, loss=0.0781
Epoch=215, loss=0.0804
Epoch=216, loss=0.0781
Epoch=217, loss=0.0778
Epoch=218, loss=0.0775
Epoch=219, loss=0.0759
Epoch=220, loss=0.0793
Epoch=221, loss=0.0785
Epoch=222, loss=0.0753
Epoch=223, loss=0.0767
Epoch=224, loss=0.0779
Epoch=225, loss=0.0728
Epoch=226, loss=0.0791
Epoch=227, loss=0.0801
Epoch=228, loss=0.0718
Epoch=229, loss=0.0753
Epoch=230, loss=0.0722
Epoch=231, loss=0.0734
Epoch=232, loss=0.0727
Epoch=233, loss=0.0730
Epoch=234, loss=0.0686
Epoch=235, loss=0.0765
Epoch=236, loss=0.0723
Epoch=237, loss=0.0695
Epoch=238, loss=0.0695
Epoch=239, loss=0.0685
Epoch=240, loss=0.0644
Epoch=241, loss=0.0679
Epoch=242, loss=0.0685
Epoch=243, loss=0.0672
Epoch=244, loss=0.0694
Epoch=245, loss=0.0686
Epoch=246, loss=0.0645
Epoch=247, loss=0.0670
Epoch=248, loss=0.0665
Epoch=249, loss=0.0687
Epoch=250, loss=0.0700
Epoch=251, loss=0.0671
Epoch=252, loss=0.0665
Epoch=253, loss=0.0627
Epoch=254, loss=0.0639
Epoch=255, loss=0.0643
Epoch=256, loss=0.0647
Epoch=257, loss=0.0653
Epoch=258, loss=0.0660
Epoch=259, loss=0.0669
Epoch=260, loss=0.0653
Epoch=261, loss=0.0653
Epoch=262, loss=0.0608
Epoch=263, loss=0.0633
Epoch=264, loss=0.0615
Epoch=265, loss=0.0624
Epoch=266, loss=0.0609
Epoch=267, loss=0.0607
Epoch=268, loss=0.0600
Epoch=269, loss=0.0601
Epoch=270, loss=0.0607
Epoch=271, loss=0.0610
Epoch=272, loss=0.0602
Epoch=273, loss=0.0610
Epoch=274, loss=0.0582
Epoch=275, loss=0.0594
Epoch=276, loss=0.0582
Epoch=277, loss=0.0611
Epoch=278, loss=0.0600
Epoch=279, loss=0.0624
Epoch=280, loss=0.0595
Epoch=281, loss=0.0584
Epoch=282, loss=0.0595
Epoch=283, loss=0.0564
Epoch=284, loss=0.0552
Epoch=285, loss=0.0561
Epoch=286, loss=0.0559
Epoch=287, loss=0.0553
Epoch=288, loss=0.0588
Epoch=289, loss=0.0547
Epoch=290, loss=0.0552
Epoch=291, loss=0.0593
Epoch=292, loss=0.0547
Epoch=293, loss=0.0599
Epoch=294, loss=0.0535
Epoch=295, loss=0.0597
Epoch=296, loss=0.0547
Epoch=297, loss=0.0552
Epoch=298, loss=0.0536
Epoch=299, loss=0.0541
Epoch=300, loss=0.0534
Epoch=301, loss=0.0505
Epoch=302, loss=0.0543
Epoch=303, loss=0.0526
Epoch=304, loss=0.0554
Epoch=305, loss=0.0511
Epoch=306, loss=0.0529
Epoch=307, loss=0.0494
Epoch=308, loss=0.0556
Epoch=309, loss=0.0512
Epoch=310, loss=0.0526
Epoch=311, loss=0.0543
Epoch=312, loss=0.0536
Epoch=313, loss=0.0511
Epoch=314, loss=0.0517
Epoch=315, loss=0.0530
Epoch=316, loss=0.0534
Epoch=317, loss=0.0540
Epoch=318, loss=0.0501
Epoch=319, loss=0.0478
Epoch=320, loss=0.0544
Epoch=321, loss=0.0530
Epoch=322, loss=0.0471
Epoch=323, loss=0.0474
Epoch=324, loss=0.0504
Epoch=325, loss=0.0546
Epoch=326, loss=0.0508
Epoch=327, loss=0.0496
Epoch=328, loss=0.0533
Epoch=329, loss=0.0481
Epoch=330, loss=0.0464
Epoch=331, loss=0.0481
Epoch=332, loss=0.0506
Epoch=333, loss=0.0470
Epoch=334, loss=0.0469
Epoch=335, loss=0.0469
Epoch=336, loss=0.0477
Epoch=337, loss=0.0478
Epoch=338, loss=0.0485
Epoch=339, loss=0.0461
Epoch=340, loss=0.0472
Epoch=341, loss=0.0496
Epoch=342, loss=0.0458
Epoch=343, loss=0.0488
Epoch=344, loss=0.0473
Epoch=345, loss=0.0439
Epoch=346, loss=0.0449
Epoch=347, loss=0.0447
Epoch=348, loss=0.0445
Epoch=349, loss=0.0409
Epoch=350, loss=0.0410
Epoch=351, loss=0.0471
Epoch=352, loss=0.0474
Epoch=353, loss=0.0411
Epoch=354, loss=0.0449
Epoch=355, loss=0.0435
Epoch=356, loss=0.0410
Epoch=357, loss=0.0446
Epoch=358, loss=0.0448
Epoch=359, loss=0.0426
Epoch=360, loss=0.0427
Epoch=361, loss=0.0440
Epoch=362, loss=0.0429
Epoch=363, loss=0.0428
Epoch=364, loss=0.0428
Epoch=365, loss=0.0424
Epoch=366, loss=0.0440
Epoch=367, loss=0.0454
Epoch=368, loss=0.0476
Epoch=369, loss=0.0435
Early stopping!
Loading 349th epoch
done with the edge prediction
done with the node prediction
done with the second node prediction
(E) | label_classification: F1Mi=0.7944+-0.0186, F1Ma=0.7794+-0.0202, acc=0.7944+-0.0186
[['MVGRL', 'heat', 16, 15, 2, 'normalize', 0.1, 0.2, 0.4, 0.001, 0.5, 0.2, 0.5, 0.0001, 512, 512, 0.938207198796712, 0.936494839741306, 0.9410216434005811, 0.9427187269373853, 0.6357142925262451, 0.6600000262260437, 0.6392650008201599, 0.6214285492897034, 0.6499999761581421, 0.6426498889923096, 0.6406529343179168, 0.00660295704052709, 0.5577830245073696, 0.026110434721986146, 0.6406529343179168, 0.00660295704052709], ['MVGRL', 'heat', 32, 15, 2, 'normalize', 0.1, 0.2, 0.4, 0.001, 0.5, 0.2, 0.5, 0.0001, 512, 512, 0.9737358892876548, 0.9733463092495427, 0.9646849986857692, 0.9622127051057003, 0.9642857313156128, 0.7860000133514404, 0.7519342303276062, 0.800000011920929, 0.7839999794960022, 0.7446808218955994, 0.7548387096774193, 0.019637320077280234, 0.7260888827548264, 0.021244433527944848, 0.7548387096774193, 0.01963732007728023], ['MVGRL', 'heat', 64, 15, 2, 'normalize', 0.1, 0.2, 0.4, 0.001, 0.5, 0.2, 0.5, 0.0001, 512, 512, 0.9843403462908417, 0.9828501493314249, 0.9717098322465425, 0.967696410946897, 0.8428571224212646, 0.7960000038146973, 0.7973887920379639, 0.8714285492897034, 0.7960000038146973, 0.7988394498825073, 0.7836766420520792, 0.020795718098790848, 0.76650371898121, 0.01725276073367649, 0.7836766420520793, 0.020795718098790845], ['MVGRL', 'heat', 128, 15, 2, 'normalize', 0.1, 0.2, 0.4, 0.001, 0.5, 0.2, 0.5, 0.0001, 512, 512, 0.9918003267179502, 0.9908017745010537, 0.9768191294391295, 0.9744011285619245, 0.9928571581840515, 0.800000011920929, 0.7988394498825073, 1.0, 0.7960000038146973, 0.7906189560890198, 0.7944034201321414, 0.018569240700610883, 0.7794452351953435, 0.020151808188990674, 0.7944034201321414, 0.018569240700610914]]
Epoch=000, loss=0.6941
Epoch=001, loss=0.6840
Epoch=002, loss=0.6805
Epoch=003, loss=0.6649
Epoch=004, loss=0.6615
Epoch=005, loss=0.6513
Epoch=006, loss=0.6398
Epoch=007, loss=0.6302
Epoch=008, loss=0.6169
Epoch=009, loss=0.6059
Epoch=010, loss=0.5930
Epoch=011, loss=0.5783
Epoch=012, loss=0.5689
Epoch=013, loss=0.5525
Epoch=014, loss=0.5363
Epoch=015, loss=0.5299
Epoch=016, loss=0.5162
Epoch=017, loss=0.5038
Epoch=018, loss=0.4862
Epoch=019, loss=0.4785
Epoch=020, loss=0.4632
Epoch=021, loss=0.4555
Epoch=022, loss=0.4436
Epoch=023, loss=0.4346
Epoch=024, loss=0.4204
Epoch=025, loss=0.4172
Epoch=026, loss=0.4042
Epoch=027, loss=0.4074
Epoch=028, loss=0.3887
Epoch=029, loss=0.3767
Epoch=030, loss=0.3708
Epoch=031, loss=0.3644
Epoch=032, loss=0.3558
Epoch=033, loss=0.3442
Epoch=034, loss=0.3413
Epoch=035, loss=0.3344
Epoch=036, loss=0.3307
Epoch=037, loss=0.3185
Epoch=038, loss=0.3221
Epoch=039, loss=0.3044
Epoch=040, loss=0.3008
Epoch=041, loss=0.2947
Epoch=042, loss=0.2865
Epoch=043, loss=0.2833
Epoch=044, loss=0.2802
Epoch=045, loss=0.2714
Epoch=046, loss=0.2684
Epoch=047, loss=0.2658
Epoch=048, loss=0.2555
Epoch=049, loss=0.2510
Epoch=050, loss=0.2391
Epoch=051, loss=0.2428
Epoch=052, loss=0.2358
Epoch=053, loss=0.2304
Epoch=054, loss=0.2262
Epoch=055, loss=0.2220
Epoch=056, loss=0.2163
Epoch=057, loss=0.2152
Epoch=058, loss=0.2092
Epoch=059, loss=0.2099
Epoch=060, loss=0.2040
Epoch=061, loss=0.1999
Epoch=062, loss=0.1953
Epoch=063, loss=0.1883
Epoch=064, loss=0.1864
Epoch=065, loss=0.1827
Epoch=066, loss=0.1854
Epoch=067, loss=0.1717
Epoch=068, loss=0.1738
Epoch=069, loss=0.1723
Epoch=070, loss=0.1667
Epoch=071, loss=0.1637
Epoch=072, loss=0.1616
Epoch=073, loss=0.1591
Epoch=074, loss=0.1584
Epoch=075, loss=0.1557
Epoch=076, loss=0.1507
Epoch=077, loss=0.1478
Epoch=078, loss=0.1521
Epoch=079, loss=0.1425
Epoch=080, loss=0.1400
Epoch=081, loss=0.1411
Epoch=082, loss=0.1359
Epoch=083, loss=0.1360
Epoch=084, loss=0.1376
Epoch=085, loss=0.1347
Epoch=086, loss=0.1298
Epoch=087, loss=0.1322
Epoch=088, loss=0.1290
Epoch=089, loss=0.1274
Epoch=090, loss=0.1222
Epoch=091, loss=0.1226
Epoch=092, loss=0.1194
Epoch=093, loss=0.1210
Epoch=094, loss=0.1185
Epoch=095, loss=0.1175
Epoch=096, loss=0.1175
Epoch=097, loss=0.1158
Epoch=098, loss=0.1119
Epoch=099, loss=0.1071
Epoch=100, loss=0.1104
Epoch=101, loss=0.1100
Epoch=102, loss=0.1094
Epoch=103, loss=0.1088
Epoch=104, loss=0.1055
Epoch=105, loss=0.1049
Epoch=106, loss=0.1026
Epoch=107, loss=0.0997
Epoch=108, loss=0.1034
Epoch=109, loss=0.1005
Epoch=110, loss=0.0959
Epoch=111, loss=0.0984
Epoch=112, loss=0.0950
Epoch=113, loss=0.1027
Epoch=114, loss=0.0963
Epoch=115, loss=0.0961
Epoch=116, loss=0.0953
Epoch=117, loss=0.0961
Epoch=118, loss=0.0913
Epoch=119, loss=0.0919
Epoch=120, loss=0.0909
Epoch=121, loss=0.0934
Epoch=122, loss=0.0911
Epoch=123, loss=0.0878
Epoch=124, loss=0.0923
Epoch=125, loss=0.0891
Epoch=126, loss=0.0875
Epoch=127, loss=0.0880
Epoch=128, loss=0.0865
Epoch=129, loss=0.0822
Epoch=130, loss=0.0832
Epoch=131, loss=0.0815
Epoch=132, loss=0.0833
Epoch=133, loss=0.0799
Epoch=134, loss=0.0814
Epoch=135, loss=0.0804
Epoch=136, loss=0.0770
Epoch=137, loss=0.0837
Epoch=138, loss=0.0784
Epoch=139, loss=0.0791
Epoch=140, loss=0.0738
Epoch=141, loss=0.0778
Epoch=142, loss=0.0764
Epoch=143, loss=0.0760
Epoch=144, loss=0.0728
Epoch=145, loss=0.0777
Epoch=146, loss=0.0727
Epoch=147, loss=0.0698
Epoch=148, loss=0.0735
Epoch=149, loss=0.0684
Epoch=150, loss=0.0736
Epoch=151, loss=0.0693
Epoch=152, loss=0.0701
Epoch=153, loss=0.0698
Epoch=154, loss=0.0728
Epoch=155, loss=0.0725
Epoch=156, loss=0.0681
Epoch=157, loss=0.0681
Epoch=158, loss=0.0642
Epoch=159, loss=0.0662
Epoch=160, loss=0.0706
Epoch=161, loss=0.0653
Epoch=162, loss=0.0642
Epoch=163, loss=0.0679
Epoch=164, loss=0.0663
Epoch=165, loss=0.0643
Epoch=166, loss=0.0652
Epoch=167, loss=0.0603
Epoch=168, loss=0.0635
Epoch=169, loss=0.0652
Epoch=170, loss=0.0661
Epoch=171, loss=0.0641
Epoch=172, loss=0.0601
Epoch=173, loss=0.0642
Epoch=174, loss=0.0621
Epoch=175, loss=0.0599
Epoch=176, loss=0.0643
Epoch=177, loss=0.0643
Epoch=178, loss=0.0615
Epoch=179, loss=0.0660
Epoch=180, loss=0.0658
Epoch=181, loss=0.0659
Epoch=182, loss=0.0589
Epoch=183, loss=0.0580
Epoch=184, loss=0.0564
Epoch=185, loss=0.0645
Epoch=186, loss=0.0580
Epoch=187, loss=0.0564
Epoch=188, loss=0.0576
Epoch=189, loss=0.0529
Epoch=190, loss=0.0571
Epoch=191, loss=0.0557
Epoch=192, loss=0.0544
Epoch=193, loss=0.0564
Epoch=194, loss=0.0611
Epoch=195, loss=0.0505
Epoch=196, loss=0.0598
Epoch=197, loss=0.0539
Epoch=198, loss=0.0567
Epoch=199, loss=0.0602
Epoch=200, loss=0.0529
Epoch=201, loss=0.0530
Epoch=202, loss=0.0584
Epoch=203, loss=0.0569
Epoch=204, loss=0.0565
Epoch=205, loss=0.0498
Epoch=206, loss=0.0523
Epoch=207, loss=0.0537
Epoch=208, loss=0.0526
Epoch=209, loss=0.0569
Epoch=210, loss=0.0482
Epoch=211, loss=0.0546
Epoch=212, loss=0.0490
Epoch=213, loss=0.0530
Epoch=214, loss=0.0549
Epoch=215, loss=0.0542
Epoch=216, loss=0.0471
Epoch=217, loss=0.0489
Epoch=218, loss=0.0523
Epoch=219, loss=0.0516
Epoch=220, loss=0.0523
Epoch=221, loss=0.0497
Epoch=222, loss=0.0463
Epoch=223, loss=0.0465
Epoch=224, loss=0.0485
Epoch=225, loss=0.0457
Epoch=226, loss=0.0476
Epoch=227, loss=0.0464
Epoch=228, loss=0.0506
Epoch=229, loss=0.0483
Epoch=230, loss=0.0489
Epoch=231, loss=0.0463
Epoch=232, loss=0.0473
Epoch=233, loss=0.0485
Epoch=234, loss=0.0475
Epoch=235, loss=0.0467
Epoch=236, loss=0.0460
Epoch=237, loss=0.0427
Epoch=238, loss=0.0448
Epoch=239, loss=0.0447
Epoch=240, loss=0.0459
Epoch=241, loss=0.0426
Epoch=242, loss=0.0487
Epoch=243, loss=0.0443
Epoch=244, loss=0.0406
Epoch=245, loss=0.0478
Epoch=246, loss=0.0456
Epoch=247, loss=0.0416
Epoch=248, loss=0.0414
Epoch=249, loss=0.0388
Epoch=250, loss=0.0410
Epoch=251, loss=0.0450
Epoch=252, loss=0.0452
Epoch=253, loss=0.0466
Epoch=254, loss=0.0478
Epoch=255, loss=0.0452
Epoch=256, loss=0.0430
Epoch=257, loss=0.0429
Epoch=258, loss=0.0409
Epoch=259, loss=0.0441
Epoch=260, loss=0.0410
Epoch=261, loss=0.0422
Epoch=262, loss=0.0386
Epoch=263, loss=0.0452
Epoch=264, loss=0.0397
Epoch=265, loss=0.0406
Epoch=266, loss=0.0409
Epoch=267, loss=0.0358
Epoch=268, loss=0.0418
Epoch=269, loss=0.0431
Epoch=270, loss=0.0394
Epoch=271, loss=0.0429
Epoch=272, loss=0.0404
Epoch=273, loss=0.0427
Epoch=274, loss=0.0436
Epoch=275, loss=0.0386
Epoch=276, loss=0.0369
Epoch=277, loss=0.0454
Epoch=278, loss=0.0401
Epoch=279, loss=0.0375
Epoch=280, loss=0.0385
Epoch=281, loss=0.0391
Epoch=282, loss=0.0375
Epoch=283, loss=0.0402
Epoch=284, loss=0.0407
Epoch=285, loss=0.0393
Epoch=286, loss=0.0389
Epoch=287, loss=0.0352
Epoch=288, loss=0.0382
Epoch=289, loss=0.0355
Epoch=290, loss=0.0430
Epoch=291, loss=0.0385
Epoch=292, loss=0.0346
Epoch=293, loss=0.0417
Epoch=294, loss=0.0397
Epoch=295, loss=0.0393
Epoch=296, loss=0.0355
Epoch=297, loss=0.0361
Epoch=298, loss=0.0421
Epoch=299, loss=0.0369
Epoch=300, loss=0.0380
Epoch=301, loss=0.0301
Epoch=302, loss=0.0357
Epoch=303, loss=0.0351
Epoch=304, loss=0.0348
Epoch=305, loss=0.0361
Epoch=306, loss=0.0346
Epoch=307, loss=0.0358
Epoch=308, loss=0.0343
Epoch=309, loss=0.0354
Epoch=310, loss=0.0371
Epoch=311, loss=0.0305
Epoch=312, loss=0.0307
Epoch=313, loss=0.0317
Epoch=314, loss=0.0307
Epoch=315, loss=0.0302
Epoch=316, loss=0.0309
Epoch=317, loss=0.0344
Epoch=318, loss=0.0325
Epoch=319, loss=0.0332
Epoch=320, loss=0.0305
Epoch=321, loss=0.0315
Early stopping!
Loading 301th epoch
Early stopping!
Start to test process.
done with the edge prediction
done with the node prediction
done with the second node prediction
(E) | label_classification: F1Mi=0.7969+-0.0080, F1Ma=0.7741+-0.0117, acc=0.7969+-0.0080
[['MVGRL', 'heat', 16, 15, 2, 'normalize', 0.1, 0.2, 0.4, 0.001, 0.5, 0.2, 0.5, 0.0001, 512, 512, 0.938207198796712, 0.936494839741306, 0.9410216434005811, 0.9427187269373853, 0.6357142925262451, 0.6600000262260437, 0.6392650008201599, 0.6214285492897034, 0.6499999761581421, 0.6426498889923096, 0.6406529343179168, 0.00660295704052709, 0.5577830245073696, 0.026110434721986146, 0.6406529343179168, 0.00660295704052709], ['MVGRL', 'heat', 32, 15, 2, 'normalize', 0.1, 0.2, 0.4, 0.001, 0.5, 0.2, 0.5, 0.0001, 512, 512, 0.9737358892876548, 0.9733463092495427, 0.9646849986857692, 0.9622127051057003, 0.9642857313156128, 0.7860000133514404, 0.7519342303276062, 0.800000011920929, 0.7839999794960022, 0.7446808218955994, 0.7548387096774193, 0.019637320077280234, 0.7260888827548264, 0.021244433527944848, 0.7548387096774193, 0.01963732007728023], ['MVGRL', 'heat', 64, 15, 2, 'normalize', 0.1, 0.2, 0.4, 0.001, 0.5, 0.2, 0.5, 0.0001, 512, 512, 0.9843403462908417, 0.9828501493314249, 0.9717098322465425, 0.967696410946897, 0.8428571224212646, 0.7960000038146973, 0.7973887920379639, 0.8714285492897034, 0.7960000038146973, 0.7988394498825073, 0.7836766420520792, 0.020795718098790848, 0.76650371898121, 0.01725276073367649, 0.7836766420520793, 0.020795718098790845], ['MVGRL', 'heat', 128, 15, 2, 'normalize', 0.1, 0.2, 0.4, 0.001, 0.5, 0.2, 0.5, 0.0001, 512, 512, 0.9918003267179502, 0.9908017745010537, 0.9768191294391295, 0.9744011285619245, 0.9928571581840515, 0.800000011920929, 0.7988394498825073, 1.0, 0.7960000038146973, 0.7906189560890198, 0.7944034201321414, 0.018569240700610883, 0.7794452351953435, 0.020151808188990674, 0.7944034201321414, 0.018569240700610914], ['MVGRL', 'heat', 256, 15, 2, 'normalize', 0.1, 0.2, 0.4, 0.001, 0.5, 0.2, 0.5, 0.0001, 512, 512, 0.9937945781740017, 0.99311919676756, 0.9806069945882497, 0.9802426234559495, 0.9785714149475098, 0.8199999928474426, 0.8027079105377197, 0.9285714030265808, 0.8180000185966492, 0.8051257133483887, 0.7968907889623008, 0.008016399896994143, 0.7740522048638826, 0.011711617670863364, 0.7968907889623008, 0.008016399896994143]]
Epoch=000, loss=0.6895
Epoch=001, loss=0.6593
Epoch=002, loss=0.7416
Epoch=003, loss=0.6445
Epoch=004, loss=0.6957
Epoch=005, loss=0.6344
Epoch=006, loss=0.6075
Epoch=007, loss=0.6377
Epoch=008, loss=0.6116
Epoch=009, loss=0.5773
Epoch=010, loss=0.5838
Epoch=011, loss=0.5861
Epoch=012, loss=0.5603
Epoch=013, loss=0.5394
Epoch=014, loss=0.5346
Epoch=015, loss=0.5326
Epoch=016, loss=0.5109
Epoch=017, loss=0.4946
Epoch=018, loss=0.4897
Epoch=019, loss=0.4763
Epoch=020, loss=0.4572
Epoch=021, loss=0.4513
Epoch=022, loss=0.4396
Epoch=023, loss=0.4298
Epoch=024, loss=0.4122
Epoch=025, loss=0.4133
Epoch=026, loss=0.4053
Epoch=027, loss=0.3813
Epoch=028, loss=0.3800
Epoch=029, loss=0.3701
Epoch=030, loss=0.3530
Epoch=031, loss=0.3447
Epoch=032, loss=0.3393
Epoch=033, loss=0.3243
Epoch=034, loss=0.3313
Epoch=035, loss=0.3120
Epoch=036, loss=0.3023
Epoch=037, loss=0.2911
Epoch=038, loss=0.2870
Epoch=039, loss=0.2766
Epoch=040, loss=0.2719
Epoch=041, loss=0.2659
Epoch=042, loss=0.2621
Epoch=043, loss=0.2504
Epoch=044, loss=0.2395
Epoch=045, loss=0.2368
Epoch=046, loss=0.2291
Epoch=047, loss=0.2255
Epoch=048, loss=0.2139
Epoch=049, loss=0.2144
Epoch=050, loss=0.2048
Epoch=051, loss=0.2046
Epoch=052, loss=0.1954
Epoch=053, loss=0.1947
Epoch=054, loss=0.1879
Epoch=055, loss=0.1818
Epoch=056, loss=0.1738
Epoch=057, loss=0.1720
Epoch=058, loss=0.1696
Epoch=059, loss=0.1650
Epoch=060, loss=0.1571
Epoch=061, loss=0.1576
Epoch=062, loss=0.1573
Epoch=063, loss=0.1535
Epoch=064, loss=0.1511
Epoch=065, loss=0.1434
Epoch=066, loss=0.1427
Epoch=067, loss=0.1399
Epoch=068, loss=0.1398
Epoch=069, loss=0.1306
Epoch=070, loss=0.1253
Epoch=071, loss=0.1309
Epoch=072, loss=0.1278
Epoch=073, loss=0.1250
Epoch=074, loss=0.1215
Epoch=075, loss=0.1216
Epoch=076, loss=0.1173
Epoch=077, loss=0.1269
Epoch=078, loss=0.1148
Epoch=079, loss=0.1188
Epoch=080, loss=0.1148
Epoch=081, loss=0.1149
Epoch=082, loss=0.1040
Epoch=083, loss=0.1096
Epoch=084, loss=0.1059
Epoch=085, loss=0.1037
Epoch=086, loss=0.1108
Epoch=087, loss=0.1030
Epoch=088, loss=0.1011
Epoch=089, loss=0.0981
Epoch=090, loss=0.0969
Epoch=091, loss=0.0949
Epoch=092, loss=0.1013
Epoch=093, loss=0.0955
Epoch=094, loss=0.0929
Epoch=095, loss=0.0930
Epoch=096, loss=0.0945
Epoch=097, loss=0.0951
Epoch=098, loss=0.0950
Epoch=099, loss=0.0903
Epoch=100, loss=0.0873
Epoch=101, loss=0.0869
Epoch=102, loss=0.0826
Epoch=103, loss=0.0852
Epoch=104, loss=0.0850
Epoch=105, loss=0.0870
Epoch=106, loss=0.0853
Epoch=107, loss=0.0835
Epoch=108, loss=0.0849
Epoch=109, loss=0.0830
Epoch=110, loss=0.0852
Epoch=111, loss=0.0758
Epoch=112, loss=0.0779
Epoch=113, loss=0.0775
Epoch=114, loss=0.0814
Epoch=115, loss=0.0785
Epoch=116, loss=0.0778
Epoch=117, loss=0.0739
Epoch=118, loss=0.0762
Epoch=119, loss=0.0788
Epoch=120, loss=0.0732
Epoch=121, loss=0.0748
Epoch=122, loss=0.0715
Epoch=123, loss=0.0746
Epoch=124, loss=0.0709
Epoch=125, loss=0.0678
Epoch=126, loss=0.0719
Epoch=127, loss=0.0673
Epoch=128, loss=0.0691
Epoch=129, loss=0.0664
Epoch=130, loss=0.0672
Epoch=131, loss=0.0684
Epoch=132, loss=0.0678
Epoch=133, loss=0.0689
Epoch=134, loss=0.0715
Epoch=135, loss=0.0636
Epoch=136, loss=0.0647
Epoch=137, loss=0.0640
Epoch=138, loss=0.0657
Epoch=139, loss=0.0653
Epoch=140, loss=0.0619
Epoch=141, loss=0.0656
Epoch=142, loss=0.0673
Epoch=143, loss=0.0645
Epoch=144, loss=0.0656
Epoch=145, loss=0.0612
Epoch=146, loss=0.0602
Epoch=147, loss=0.0633
Epoch=148, loss=0.0538
Epoch=149, loss=0.0615
Epoch=150, loss=0.0562
Epoch=151, loss=0.0595
Epoch=152, loss=0.0603
Epoch=153, loss=0.0635
Epoch=154, loss=0.0624
Epoch=155, loss=0.0569
Epoch=156, loss=0.0606
Epoch=157, loss=0.0634
Epoch=158, loss=0.0594
Epoch=159, loss=0.0567
Epoch=160, loss=0.0551
Epoch=161, loss=0.0597
Epoch=162, loss=0.0570
Epoch=163, loss=0.0518
Epoch=164, loss=0.0550
Epoch=165, loss=0.0537
Epoch=166, loss=0.0522
Epoch=167, loss=0.0518
Epoch=168, loss=0.0554
Epoch=169, loss=0.0564
Epoch=170, loss=0.0543
Epoch=171, loss=0.0524
Epoch=172, loss=0.0556
Epoch=173, loss=0.0524
Epoch=174, loss=0.0540
Epoch=175, loss=0.0533
Epoch=176, loss=0.0520
Epoch=177, loss=0.0569
Epoch=178, loss=0.0519
Epoch=179, loss=0.0519
Epoch=180, loss=0.0499
Epoch=181, loss=0.0498
Epoch=182, loss=0.0471
Epoch=183, loss=0.0518
Epoch=184, loss=0.0502
Epoch=185, loss=0.0460
Epoch=186, loss=0.0490
Epoch=187, loss=0.0489
Epoch=188, loss=0.0502
Epoch=189, loss=0.0506
Epoch=190, loss=0.0507
Epoch=191, loss=0.0520
Epoch=192, loss=0.0529
Epoch=193, loss=0.0480
Epoch=194, loss=0.0492
Epoch=195, loss=0.0502
Epoch=196, loss=0.0464
Epoch=197, loss=0.0465
Epoch=198, loss=0.0508
Epoch=199, loss=0.0499
Epoch=200, loss=0.0519
Epoch=201, loss=0.0473
Epoch=202, loss=0.0490
Epoch=203, loss=0.0417
Epoch=204, loss=0.0471
Epoch=205, loss=0.0463
Epoch=206, loss=0.0474
Epoch=207, loss=0.0455
Epoch=208, loss=0.0445
Epoch=209, loss=0.0475
Epoch=210, loss=0.0414
Epoch=211, loss=0.0465
Epoch=212, loss=0.0490
Epoch=213, loss=0.0419
Epoch=214, loss=0.0428
Epoch=215, loss=0.0437
Epoch=216, loss=0.0451
Epoch=217, loss=0.0444
Epoch=218, loss=0.0451
Epoch=219, loss=0.0417
Epoch=220, loss=0.0410
Epoch=221, loss=0.0471
Epoch=222, loss=0.0422
Epoch=223, loss=0.0414
Epoch=224, loss=0.0428
Epoch=225, loss=0.0418
Epoch=226, loss=0.0411
Epoch=227, loss=0.0419
Epoch=228, loss=0.0413
Epoch=229, loss=0.0438
Epoch=230, loss=0.0481
Epoch=231, loss=0.0414
Epoch=232, loss=0.0374
Epoch=233, loss=0.0423
Epoch=234, loss=0.0445
Epoch=235, loss=0.0400
Epoch=236, loss=0.0415
Epoch=237, loss=0.0384
Epoch=238, loss=0.0398
Epoch=239, loss=0.0378
Epoch=240, loss=0.0416
Epoch=241, loss=0.0384
Epoch=242, loss=0.0392
Epoch=243, loss=0.0354
Epoch=244, loss=0.0406
Epoch=245, loss=0.0352
Epoch=246, loss=0.0416
Epoch=247, loss=0.0378
Epoch=248, loss=0.0363
Epoch=249, loss=0.0377
Epoch=250, loss=0.0344
Epoch=251, loss=0.0353
Epoch=252, loss=0.0430
Epoch=253, loss=0.0383
Epoch=254, loss=0.0349
Epoch=255, loss=0.0359
Epoch=256, loss=0.0367
Epoch=257, loss=0.0351
Epoch=258, loss=0.0325
Epoch=259, loss=0.0397
Epoch=260, loss=0.0387
Epoch=261, loss=0.0376
Epoch=262, loss=0.0425
Epoch=263, loss=0.0344
Epoch=264, loss=0.0387
Epoch=265, loss=0.0338
Epoch=266, loss=0.0343
Epoch=267, loss=0.0343
Epoch=268, loss=0.0347
Epoch=269, loss=0.0344
Epoch=270, loss=0.0366
Epoch=271, loss=0.0323
Epoch=272, loss=0.0330
Epoch=273, loss=0.0300
Epoch=274, loss=0.0366
Epoch=275, loss=0.0402
Epoch=276, loss=0.0349
Epoch=277, loss=0.0366
Epoch=278, loss=0.0366
Epoch=279, loss=0.0321
Epoch=280, loss=0.0361
Epoch=281, loss=0.0326
Epoch=282, loss=0.0319
Epoch=283, loss=0.0344
Epoch=284, loss=0.0326
Epoch=285, loss=0.0318
Epoch=286, loss=0.0321
Epoch=287, loss=0.0381
Epoch=288, loss=0.0330
Epoch=289, loss=0.0323
Epoch=290, loss=0.0339
Epoch=291, loss=0.0328
Epoch=292, loss=0.0311
Epoch=293, loss=0.0333
Early stopping!
Loading 273th epoch
Early stopping!
Start to test process.
done with the edge prediction
done with the node prediction
done with the second node prediction
(E) | label_classification: F1Mi=0.7980+-0.0169, F1Ma=0.7747+-0.0232, acc=0.7980+-0.0169
[['MVGRL', 'heat', 16, 15, 2, 'normalize', 0.1, 0.2, 0.4, 0.001, 0.5, 0.2, 0.5, 0.0001, 512, 512, 0.938207198796712, 0.936494839741306, 0.9410216434005811, 0.9427187269373853, 0.6357142925262451, 0.6600000262260437, 0.6392650008201599, 0.6214285492897034, 0.6499999761581421, 0.6426498889923096, 0.6406529343179168, 0.00660295704052709, 0.5577830245073696, 0.026110434721986146, 0.6406529343179168, 0.00660295704052709], ['MVGRL', 'heat', 32, 15, 2, 'normalize', 0.1, 0.2, 0.4, 0.001, 0.5, 0.2, 0.5, 0.0001, 512, 512, 0.9737358892876548, 0.9733463092495427, 0.9646849986857692, 0.9622127051057003, 0.9642857313156128, 0.7860000133514404, 0.7519342303276062, 0.800000011920929, 0.7839999794960022, 0.7446808218955994, 0.7548387096774193, 0.019637320077280234, 0.7260888827548264, 0.021244433527944848, 0.7548387096774193, 0.01963732007728023], ['MVGRL', 'heat', 64, 15, 2, 'normalize', 0.1, 0.2, 0.4, 0.001, 0.5, 0.2, 0.5, 0.0001, 512, 512, 0.9843403462908417, 0.9828501493314249, 0.9717098322465425, 0.967696410946897, 0.8428571224212646, 0.7960000038146973, 0.7973887920379639, 0.8714285492897034, 0.7960000038146973, 0.7988394498825073, 0.7836766420520792, 0.020795718098790848, 0.76650371898121, 0.01725276073367649, 0.7836766420520793, 0.020795718098790845], ['MVGRL', 'heat', 128, 15, 2, 'normalize', 0.1, 0.2, 0.4, 0.001, 0.5, 0.2, 0.5, 0.0001, 512, 512, 0.9918003267179502, 0.9908017745010537, 0.9768191294391295, 0.9744011285619245, 0.9928571581840515, 0.800000011920929, 0.7988394498825073, 1.0, 0.7960000038146973, 0.7906189560890198, 0.7944034201321414, 0.018569240700610883, 0.7794452351953435, 0.020151808188990674, 0.7944034201321414, 0.018569240700610914], ['MVGRL', 'heat', 256, 15, 2, 'normalize', 0.1, 0.2, 0.4, 0.001, 0.5, 0.2, 0.5, 0.0001, 512, 512, 0.9937945781740017, 0.99311919676756, 0.9806069945882497, 0.9802426234559495, 0.9785714149475098, 0.8199999928474426, 0.8027079105377197, 0.9285714030265808, 0.8180000185966492, 0.8051257133483887, 0.7968907889623008, 0.008016399896994143, 0.7740522048638826, 0.011711617670863364, 0.7968907889623008, 0.008016399896994143], ['MVGRL', 'heat', 512, 15, 2, 'normalize', 0.1, 0.2, 0.4, 0.001, 0.5, 0.2, 0.5, 0.0001, 512, 512, 0.9977341041748087, 0.9974341077681227, 0.9825081284273518, 0.9808936104185584, 0.8642857074737549, 0.8119999766349792, 0.8022243976593018, 0.8642857074737549, 0.8159999847412109, 0.8070599436759949, 0.7979790128254955, 0.016891631347184684, 0.7747402604738661, 0.0232047002778973, 0.7979790128254955, 0.016891631347184684]]
