My SLURM_ARRAY_TASK_ID:  3
My SLURM_ARRAY_JOB_ID:  4522329
MVGRL
Cora
result file is 4522329_3
Dataset: Cora():
======================
Number of graphs: 1
Number of features: 1433
Number of classes: 7
Data(x=[2708, 1433], edge_index=[2, 10556], y=[2708], train_mask=[2708], val_mask=[2708], test_mask=[2708])
==============================================================
Number of nodes: 2708
Number of edges: 10556
Average node degree: 3.90
Number of training nodes: 140
Training node label rate: 0.05
Contains isolated nodes: False
Contains self-loops: False
Is undirected: True
Epoch=000, loss=0.6996
Epoch=001, loss=0.6989
Epoch=002, loss=0.6980
Epoch=003, loss=0.6972
Epoch=004, loss=0.6967
Epoch=005, loss=0.6961
Epoch=006, loss=0.6954
Epoch=007, loss=0.6949
Epoch=008, loss=0.6943
Epoch=009, loss=0.6935
Epoch=010, loss=0.6932
Epoch=011, loss=0.6929
Epoch=012, loss=0.6920
Epoch=013, loss=0.6915
Epoch=014, loss=0.6909
Epoch=015, loss=0.6904
Epoch=016, loss=0.6895
Epoch=017, loss=0.6890
Epoch=018, loss=0.6889
Epoch=019, loss=0.6878
Epoch=020, loss=0.6868
Epoch=021, loss=0.6862
Epoch=022, loss=0.6858
Epoch=023, loss=0.6847
Epoch=024, loss=0.6842
Epoch=025, loss=0.6832
Epoch=026, loss=0.6834
Epoch=027, loss=0.6820
Epoch=028, loss=0.6812
Epoch=029, loss=0.6800
Epoch=030, loss=0.6805
Epoch=031, loss=0.6788
Epoch=032, loss=0.6780
Epoch=033, loss=0.6778
Epoch=034, loss=0.6768
Epoch=035, loss=0.6763
Epoch=036, loss=0.6754
Epoch=037, loss=0.6737
Epoch=038, loss=0.6727
Epoch=039, loss=0.6728
Epoch=040, loss=0.6704
Epoch=041, loss=0.6708
Epoch=042, loss=0.6688
Epoch=043, loss=0.6685
Epoch=044, loss=0.6663
Epoch=045, loss=0.6659
Epoch=046, loss=0.6653
Epoch=047, loss=0.6655
Epoch=048, loss=0.6640
Epoch=049, loss=0.6605
Epoch=050, loss=0.6625
Epoch=051, loss=0.6602
Epoch=052, loss=0.6575
Epoch=053, loss=0.6576
Epoch=054, loss=0.6564
Epoch=055, loss=0.6553
Epoch=056, loss=0.6538
Epoch=057, loss=0.6535
Epoch=058, loss=0.6516
Epoch=059, loss=0.6491
Epoch=060, loss=0.6484
Epoch=061, loss=0.6480
Epoch=062, loss=0.6451
Epoch=063, loss=0.6439
Epoch=064, loss=0.6423
Epoch=065, loss=0.6420
Epoch=066, loss=0.6408
Epoch=067, loss=0.6401
Epoch=068, loss=0.6386
Epoch=069, loss=0.6358
Epoch=070, loss=0.6351
Epoch=071, loss=0.6327
Epoch=072, loss=0.6322
Epoch=073, loss=0.6327
Epoch=074, loss=0.6308
Epoch=075, loss=0.6290
Epoch=076, loss=0.6281
Epoch=077, loss=0.6239
Epoch=078, loss=0.6243
Epoch=079, loss=0.6226
Epoch=080, loss=0.6176
Epoch=081, loss=0.6202
Epoch=082, loss=0.6170
Epoch=083, loss=0.6155
Epoch=084, loss=0.6156
Epoch=085, loss=0.6151
Epoch=086, loss=0.6127
Epoch=087, loss=0.6148
Epoch=088, loss=0.6089
Epoch=089, loss=0.6094
Epoch=090, loss=0.6056
Epoch=091, loss=0.6051
Epoch=092, loss=0.6016
Epoch=093, loss=0.6013
Epoch=094, loss=0.6047
Epoch=095, loss=0.5997
Epoch=096, loss=0.6004
Epoch=097, loss=0.5987
Epoch=098, loss=0.5994
Epoch=099, loss=0.6012
Epoch=100, loss=0.5963
Epoch=101, loss=0.5928
Epoch=102, loss=0.5875
Epoch=103, loss=0.5891
Epoch=104, loss=0.5927
Epoch=105, loss=0.5809
Epoch=106, loss=0.5827
Epoch=107, loss=0.5799
Epoch=108, loss=0.5820
Epoch=109, loss=0.5815
Epoch=110, loss=0.5793
Epoch=111, loss=0.5788
Epoch=112, loss=0.5761
Epoch=113, loss=0.5716
Epoch=114, loss=0.5720
Epoch=115, loss=0.5740
Epoch=116, loss=0.5719
Epoch=117, loss=0.5690
Epoch=118, loss=0.5688
Epoch=119, loss=0.5653
Epoch=120, loss=0.5639
Epoch=121, loss=0.5671
Epoch=122, loss=0.5650
Epoch=123, loss=0.5613
Epoch=124, loss=0.5550
Epoch=125, loss=0.5561
Epoch=126, loss=0.5534
Epoch=127, loss=0.5590
Epoch=128, loss=0.5585
Epoch=129, loss=0.5513
Epoch=130, loss=0.5508
Epoch=131, loss=0.5505
Epoch=132, loss=0.5533
Epoch=133, loss=0.5448
Epoch=134, loss=0.5452
Epoch=135, loss=0.5434
Epoch=136, loss=0.5387
Epoch=137, loss=0.5412
Epoch=138, loss=0.5383
Epoch=139, loss=0.5379
Epoch=140, loss=0.5337
Epoch=141, loss=0.5374
Epoch=142, loss=0.5322
Epoch=143, loss=0.5328
Epoch=144, loss=0.5327
Epoch=145, loss=0.5323
Epoch=146, loss=0.5267
Epoch=147, loss=0.5270
Epoch=148, loss=0.5265
Epoch=149, loss=0.5219
Epoch=150, loss=0.5238
Epoch=151, loss=0.5238
Epoch=152, loss=0.5177
Epoch=153, loss=0.5243
Epoch=154, loss=0.5180
Epoch=155, loss=0.5229
Epoch=156, loss=0.5132
Epoch=157, loss=0.5097
Epoch=158, loss=0.5109
Epoch=159, loss=0.5091
Epoch=160, loss=0.5119
Epoch=161, loss=0.5066
Epoch=162, loss=0.5048
Epoch=163, loss=0.5053
Epoch=164, loss=0.5056
Epoch=165, loss=0.5021
Epoch=166, loss=0.5056
Epoch=167, loss=0.5058
Epoch=168, loss=0.4992
Epoch=169, loss=0.5040
Epoch=170, loss=0.4954
Epoch=171, loss=0.5016
Epoch=172, loss=0.4920
Epoch=173, loss=0.4968
Epoch=174, loss=0.4896
Epoch=175, loss=0.4993
Epoch=176, loss=0.4874
Epoch=177, loss=0.4887
Epoch=178, loss=0.4907
Epoch=179, loss=0.4928
Epoch=180, loss=0.4877
Epoch=181, loss=0.4933
Epoch=182, loss=0.4851
Epoch=183, loss=0.4830
Epoch=184, loss=0.4810
Epoch=185, loss=0.4748
Epoch=186, loss=0.4835
Epoch=187, loss=0.4776
Epoch=188, loss=0.4732
Epoch=189, loss=0.4720
Epoch=190, loss=0.4732
Epoch=191, loss=0.4711
Epoch=192, loss=0.4678
Epoch=193, loss=0.4685
Epoch=194, loss=0.4674
Epoch=195, loss=0.4666
Epoch=196, loss=0.4659
Epoch=197, loss=0.4684
Epoch=198, loss=0.4723
Epoch=199, loss=0.4568
Epoch=200, loss=0.4586
Epoch=201, loss=0.4590
Epoch=202, loss=0.4583
Epoch=203, loss=0.4608
Epoch=204, loss=0.4563
Epoch=205, loss=0.4561
Epoch=206, loss=0.4524
Epoch=207, loss=0.4526
Epoch=208, loss=0.4541
Epoch=209, loss=0.4554
Epoch=210, loss=0.4503
Epoch=211, loss=0.4492
Epoch=212, loss=0.4477
Epoch=213, loss=0.4491
Epoch=214, loss=0.4456
Epoch=215, loss=0.4491
Epoch=216, loss=0.4457
Epoch=217, loss=0.4444
Epoch=218, loss=0.4438
Epoch=219, loss=0.4392
Epoch=220, loss=0.4375
Epoch=221, loss=0.4382
Epoch=222, loss=0.4352
Epoch=223, loss=0.4353
Epoch=224, loss=0.4333
Epoch=225, loss=0.4385
Epoch=226, loss=0.4351
Epoch=227, loss=0.4305
Epoch=228, loss=0.4304
Epoch=229, loss=0.4253
Epoch=230, loss=0.4281
Epoch=231, loss=0.4287
Epoch=232, loss=0.4233
Epoch=233, loss=0.4285
Epoch=234, loss=0.4250
Epoch=235, loss=0.4244
Epoch=236, loss=0.4172
Epoch=237, loss=0.4249
Epoch=238, loss=0.4195
Epoch=239, loss=0.4219
Epoch=240, loss=0.4153
Epoch=241, loss=0.4190
Epoch=242, loss=0.4217
Epoch=243, loss=0.4167
Epoch=244, loss=0.4219
Epoch=245, loss=0.4168
Epoch=246, loss=0.4097
Epoch=247, loss=0.4127
Epoch=248, loss=0.4104
Epoch=249, loss=0.4139
Epoch=250, loss=0.4127
Epoch=251, loss=0.4103
Epoch=252, loss=0.4056
Epoch=253, loss=0.4082
Epoch=254, loss=0.4103
Epoch=255, loss=0.4031
Epoch=256, loss=0.4036
Epoch=257, loss=0.4002
Epoch=258, loss=0.4052
Epoch=259, loss=0.3995
Epoch=260, loss=0.3998
Epoch=261, loss=0.3955
Epoch=262, loss=0.4001
Epoch=263, loss=0.3989
Epoch=264, loss=0.3968
Epoch=265, loss=0.3890
Epoch=266, loss=0.3966
Epoch=267, loss=0.3924
Epoch=268, loss=0.3928
Epoch=269, loss=0.3941
Epoch=270, loss=0.3947
Epoch=271, loss=0.3945
Epoch=272, loss=0.3927
Epoch=273, loss=0.3906
Epoch=274, loss=0.3907
Epoch=275, loss=0.3924
Epoch=276, loss=0.3863
Epoch=277, loss=0.3882
Epoch=278, loss=0.3865
Epoch=279, loss=0.3827
Epoch=280, loss=0.3885
Epoch=281, loss=0.3839
Epoch=282, loss=0.3834
Epoch=283, loss=0.3818
Epoch=284, loss=0.3782
Epoch=285, loss=0.3836
Epoch=286, loss=0.3829
Epoch=287, loss=0.3754
Epoch=288, loss=0.3775
Epoch=289, loss=0.3724
Epoch=290, loss=0.3805
Epoch=291, loss=0.3745
Epoch=292, loss=0.3716
Epoch=293, loss=0.3674
Epoch=294, loss=0.3679
Epoch=295, loss=0.3721
Epoch=296, loss=0.3678
Epoch=297, loss=0.3732
Epoch=298, loss=0.3662
Epoch=299, loss=0.3693
Epoch=300, loss=0.3679
Epoch=301, loss=0.3662
Epoch=302, loss=0.3707
Epoch=303, loss=0.3668
Epoch=304, loss=0.3624
Epoch=305, loss=0.3638
Epoch=306, loss=0.3643
Epoch=307, loss=0.3635
Epoch=308, loss=0.3585
Epoch=309, loss=0.3619
Epoch=310, loss=0.3616
Epoch=311, loss=0.3597
Epoch=312, loss=0.3604
Epoch=313, loss=0.3601
Epoch=314, loss=0.3572
Epoch=315, loss=0.3591
Epoch=316, loss=0.3560
Epoch=317, loss=0.3554
Epoch=318, loss=0.3496
Epoch=319, loss=0.3560
Epoch=320, loss=0.3570
Epoch=321, loss=0.3534
Epoch=322, loss=0.3516
Epoch=323, loss=0.3497
Epoch=324, loss=0.3461
Epoch=325, loss=0.3518
Epoch=326, loss=0.3497
Epoch=327, loss=0.3446
Epoch=328, loss=0.3509
Epoch=329, loss=0.3474
Epoch=330, loss=0.3439
Epoch=331, loss=0.3451
Epoch=332, loss=0.3419
Epoch=333, loss=0.3494
Epoch=334, loss=0.3498
Epoch=335, loss=0.3381
Epoch=336, loss=0.3373
Epoch=337, loss=0.3401
Epoch=338, loss=0.3464
Epoch=339, loss=0.3355
Epoch=340, loss=0.3390
Epoch=341, loss=0.3379
Epoch=342, loss=0.3371
Epoch=343, loss=0.3377
Epoch=344, loss=0.3379
Epoch=345, loss=0.3334
Epoch=346, loss=0.3398
Epoch=347, loss=0.3334
Epoch=348, loss=0.3324
Epoch=349, loss=0.3289
Epoch=350, loss=0.3323
Epoch=351, loss=0.3304
Epoch=352, loss=0.3315
Epoch=353, loss=0.3325
Epoch=354, loss=0.3282
Epoch=355, loss=0.3269
Epoch=356, loss=0.3281
Epoch=357, loss=0.3299
Epoch=358, loss=0.3295
Epoch=359, loss=0.3275
Epoch=360, loss=0.3259
Epoch=361, loss=0.3303
Epoch=362, loss=0.3222
Epoch=363, loss=0.3270
Epoch=364, loss=0.3168
Epoch=365, loss=0.3222
Epoch=366, loss=0.3184
Epoch=367, loss=0.3192
Epoch=368, loss=0.3198
Epoch=369, loss=0.3173
Epoch=370, loss=0.3166
Epoch=371, loss=0.3277
Epoch=372, loss=0.3213
Epoch=373, loss=0.3177
Epoch=374, loss=0.3149
Epoch=375, loss=0.3142
Epoch=376, loss=0.3170
Epoch=377, loss=0.3094
Epoch=378, loss=0.3133
Epoch=379, loss=0.3128
Epoch=380, loss=0.3099
Epoch=381, loss=0.3156
Epoch=382, loss=0.3112
Epoch=383, loss=0.3157
Epoch=384, loss=0.3081
Epoch=385, loss=0.3102
Epoch=386, loss=0.3085
Epoch=387, loss=0.3097
Epoch=388, loss=0.3082
Epoch=389, loss=0.3085
Epoch=390, loss=0.3067
Epoch=391, loss=0.3032
Epoch=392, loss=0.3032
Epoch=393, loss=0.3049
Epoch=394, loss=0.3012
Epoch=395, loss=0.3070
Epoch=396, loss=0.2990
Epoch=397, loss=0.3000
Epoch=398, loss=0.3005
Epoch=399, loss=0.2955
Epoch=400, loss=0.2965
Epoch=401, loss=0.3011
Epoch=402, loss=0.3019
Epoch=403, loss=0.2951
Epoch=404, loss=0.2956
Epoch=405, loss=0.2937
Epoch=406, loss=0.2929
Epoch=407, loss=0.2929
Epoch=408, loss=0.2935
Epoch=409, loss=0.2921
Epoch=410, loss=0.2942
Epoch=411, loss=0.2896
Epoch=412, loss=0.2902
Epoch=413, loss=0.2928
Epoch=414, loss=0.2911
Epoch=415, loss=0.2890
Epoch=416, loss=0.2921
Epoch=417, loss=0.2909
Epoch=418, loss=0.2906
Epoch=419, loss=0.2853
Epoch=420, loss=0.2858
Epoch=421, loss=0.2864
Epoch=422, loss=0.2840
Epoch=423, loss=0.2868
Epoch=424, loss=0.2842
Epoch=425, loss=0.2874
Epoch=426, loss=0.2822
Epoch=427, loss=0.2855
Epoch=428, loss=0.2842
Epoch=429, loss=0.2822
Epoch=430, loss=0.2821
Epoch=431, loss=0.2820
Epoch=432, loss=0.2818
Epoch=433, loss=0.2782
Epoch=434, loss=0.2801
Epoch=435, loss=0.2822
Epoch=436, loss=0.2816
Epoch=437, loss=0.2775
Epoch=438, loss=0.2768
Epoch=439, loss=0.2808
Epoch=440, loss=0.2772
Epoch=441, loss=0.2737
Epoch=442, loss=0.2744
Epoch=443, loss=0.2697
Epoch=444, loss=0.2749
Epoch=445, loss=0.2669
Epoch=446, loss=0.2756
Epoch=447, loss=0.2704
Epoch=448, loss=0.2675
Epoch=449, loss=0.2672
Epoch=450, loss=0.2717
Epoch=451, loss=0.2721
Epoch=452, loss=0.2698
Epoch=453, loss=0.2696
Epoch=454, loss=0.2747
Epoch=455, loss=0.2652
Epoch=456, loss=0.2684
Epoch=457, loss=0.2639
Epoch=458, loss=0.2642
Epoch=459, loss=0.2665
Epoch=460, loss=0.2648
Epoch=461, loss=0.2617
Epoch=462, loss=0.2643
Epoch=463, loss=0.2607
Epoch=464, loss=0.2622
Epoch=465, loss=0.2652
Epoch=466, loss=0.2637
Epoch=467, loss=0.2617
Epoch=468, loss=0.2577
Epoch=469, loss=0.2591
Epoch=470, loss=0.2588
Epoch=471, loss=0.2596
Epoch=472, loss=0.2577
Epoch=473, loss=0.2565
Epoch=474, loss=0.2606
Epoch=475, loss=0.2537
Epoch=476, loss=0.2577
Epoch=477, loss=0.2521
Epoch=478, loss=0.2555
Epoch=479, loss=0.2562
Epoch=480, loss=0.2587
Epoch=481, loss=0.2532
Epoch=482, loss=0.2565
Epoch=483, loss=0.2553
Epoch=484, loss=0.2516
Epoch=485, loss=0.2477
Epoch=486, loss=0.2498
Epoch=487, loss=0.2528
Epoch=488, loss=0.2476
Epoch=489, loss=0.2472
Epoch=490, loss=0.2511
Epoch=491, loss=0.2473
Epoch=492, loss=0.2453
Epoch=493, loss=0.2517
Epoch=494, loss=0.2467
Epoch=495, loss=0.2447
Epoch=496, loss=0.2460
Epoch=497, loss=0.2481
Epoch=498, loss=0.2417
Epoch=499, loss=0.2444
Loading 498th epoch
Early stopping!
Start to test process.
done with the edge prediction
done with the node prediction
done with the second node prediction
(E) | label_classification: F1Mi=0.6120+-0.0183, F1Ma=0.5416+-0.0316, acc=0.6120+-0.0183
[['MVGRL', 'heat', 16, 15, 2, 'normalize', 0.1, 0.2, 0.4, 0.001, 0.5, 0.2, 0.5, 0.0001, 512, 512, 0.923082964752908, 0.9237511172202681, 0.922334361913952, 0.9228558680532205, 0.6928571462631226, 0.6460000276565552, 0.5981624722480774, 0.7142857313156128, 0.6520000100135803, 0.6010638475418091, 0.6120481927710844, 0.01825983286128384, 0.541586118396338, 0.03163488192928861, 0.6120481927710844, 0.01825983286128384]]
Epoch=000, loss=0.6936
Epoch=001, loss=0.6925
Epoch=002, loss=0.6914
Epoch=003, loss=0.6911
Epoch=004, loss=0.6898
Epoch=005, loss=0.6886
Epoch=006, loss=0.6874
Epoch=007, loss=0.6865
Epoch=008, loss=0.6847
Epoch=009, loss=0.6842
Epoch=010, loss=0.6832
Epoch=011, loss=0.6814
Epoch=012, loss=0.6800
Epoch=013, loss=0.6775
Epoch=014, loss=0.6765
Epoch=015, loss=0.6741
Epoch=016, loss=0.6731
Epoch=017, loss=0.6701
Epoch=018, loss=0.6692
Epoch=019, loss=0.6674
Epoch=020, loss=0.6649
Epoch=021, loss=0.6642
Epoch=022, loss=0.6610
Epoch=023, loss=0.6570
Epoch=024, loss=0.6566
Epoch=025, loss=0.6535
Epoch=026, loss=0.6509
Epoch=027, loss=0.6504
Epoch=028, loss=0.6449
Epoch=029, loss=0.6418
Epoch=030, loss=0.6410
Epoch=031, loss=0.6389
Epoch=032, loss=0.6363
Epoch=033, loss=0.6348
Epoch=034, loss=0.6300
Epoch=035, loss=0.6251
Epoch=036, loss=0.6234
Epoch=037, loss=0.6235
Epoch=038, loss=0.6200
Epoch=039, loss=0.6158
Epoch=040, loss=0.6149
Epoch=041, loss=0.6132
Epoch=042, loss=0.6062
Epoch=043, loss=0.6025
Epoch=044, loss=0.6034
Epoch=045, loss=0.6009
Epoch=046, loss=0.5956
Epoch=047, loss=0.5944
Epoch=048, loss=0.5877
Epoch=049, loss=0.5865
Epoch=050, loss=0.5865
Epoch=051, loss=0.5889
Epoch=052, loss=0.5807
Epoch=053, loss=0.5730
Epoch=054, loss=0.5729
Epoch=055, loss=0.5705
Epoch=056, loss=0.5703
Epoch=057, loss=0.5641
Epoch=058, loss=0.5595
Epoch=059, loss=0.5588
Epoch=060, loss=0.5552
Epoch=061, loss=0.5526
Epoch=062, loss=0.5506
Epoch=063, loss=0.5431
Epoch=064, loss=0.5432
Epoch=065, loss=0.5388
Epoch=066, loss=0.5367
Epoch=067, loss=0.5352
Epoch=068, loss=0.5307
Epoch=069, loss=0.5312
Epoch=070, loss=0.5238
Epoch=071, loss=0.5195
Epoch=072, loss=0.5190
Epoch=073, loss=0.5244
Epoch=074, loss=0.5152
Epoch=075, loss=0.5139
Epoch=076, loss=0.5139
Epoch=077, loss=0.5052
Epoch=078, loss=0.5097
Epoch=079, loss=0.5002
Epoch=080, loss=0.4985
Epoch=081, loss=0.4984
Epoch=082, loss=0.4958
Epoch=083, loss=0.4901
Epoch=084, loss=0.4912
Epoch=085, loss=0.4896
Epoch=086, loss=0.4791
Epoch=087, loss=0.4787
Epoch=088, loss=0.4826
Epoch=089, loss=0.4827
Epoch=090, loss=0.4779
Epoch=091, loss=0.4708
Epoch=092, loss=0.4767
Epoch=093, loss=0.4689
Epoch=094, loss=0.4672
Epoch=095, loss=0.4631
Epoch=096, loss=0.4598
Epoch=097, loss=0.4635
Epoch=098, loss=0.4608
Epoch=099, loss=0.4542
Epoch=100, loss=0.4530
Epoch=101, loss=0.4509
Epoch=102, loss=0.4509
Epoch=103, loss=0.4480
Epoch=104, loss=0.4412
Epoch=105, loss=0.4423
Epoch=106, loss=0.4376
Epoch=107, loss=0.4360
Epoch=108, loss=0.4372
Epoch=109, loss=0.4277
Epoch=110, loss=0.4268
Epoch=111, loss=0.4309
Epoch=112, loss=0.4250
Epoch=113, loss=0.4246
Epoch=114, loss=0.4221
Epoch=115, loss=0.4193
Epoch=116, loss=0.4161
Epoch=117, loss=0.4189
Epoch=118, loss=0.4123
Epoch=119, loss=0.4110
Epoch=120, loss=0.4104
Epoch=121, loss=0.4156
Epoch=122, loss=0.4057
Epoch=123, loss=0.4013
Epoch=124, loss=0.4067
Epoch=125, loss=0.3989
Epoch=126, loss=0.3985
Epoch=127, loss=0.3937
Epoch=128, loss=0.4009
Epoch=129, loss=0.3920
Epoch=130, loss=0.3889
Epoch=131, loss=0.3906
Epoch=132, loss=0.3880
Epoch=133, loss=0.3861
Epoch=134, loss=0.3846
Epoch=135, loss=0.3821
Epoch=136, loss=0.3859
Epoch=137, loss=0.3820
Epoch=138, loss=0.3803
Epoch=139, loss=0.3764
Epoch=140, loss=0.3745
Epoch=141, loss=0.3753
Epoch=142, loss=0.3666
Epoch=143, loss=0.3680
Epoch=144, loss=0.3672
Epoch=145, loss=0.3672
Epoch=146, loss=0.3644
Epoch=147, loss=0.3552
Epoch=148, loss=0.3594
Epoch=149, loss=0.3622
Epoch=150, loss=0.3570
Epoch=151, loss=0.3558
Epoch=152, loss=0.3593
Epoch=153, loss=0.3584
Epoch=154, loss=0.3538
Epoch=155, loss=0.3547
Epoch=156, loss=0.3479
Epoch=157, loss=0.3470
Epoch=158, loss=0.3489
Epoch=159, loss=0.3461
Epoch=160, loss=0.3394
Epoch=161, loss=0.3422
Epoch=162, loss=0.3390
Epoch=163, loss=0.3406
Epoch=164, loss=0.3335
Epoch=165, loss=0.3318
Epoch=166, loss=0.3319
Epoch=167, loss=0.3366
Epoch=168, loss=0.3293
Epoch=169, loss=0.3285
Epoch=170, loss=0.3272
Epoch=171, loss=0.3263
Epoch=172, loss=0.3238
Epoch=173, loss=0.3260
Epoch=174, loss=0.3218
Epoch=175, loss=0.3205
Epoch=176, loss=0.3196
Epoch=177, loss=0.3151
Epoch=178, loss=0.3174
Epoch=179, loss=0.3157
Epoch=180, loss=0.3116
Epoch=181, loss=0.3122
Epoch=182, loss=0.3107
Epoch=183, loss=0.3069
Epoch=184, loss=0.3112
Epoch=185, loss=0.3076
Epoch=186, loss=0.3062
Epoch=187, loss=0.3059
Epoch=188, loss=0.3031
Epoch=189, loss=0.3085
Epoch=190, loss=0.3007
Epoch=191, loss=0.2985
Epoch=192, loss=0.2972
Epoch=193, loss=0.2948
Epoch=194, loss=0.2972
Epoch=195, loss=0.2949
Epoch=196, loss=0.2940
Epoch=197, loss=0.2934
Epoch=198, loss=0.2899
Epoch=199, loss=0.2876
Epoch=200, loss=0.2886
Epoch=201, loss=0.2837
Epoch=202, loss=0.2847
Epoch=203, loss=0.2848
Epoch=204, loss=0.2849
Epoch=205, loss=0.2804
Epoch=206, loss=0.2827
Epoch=207, loss=0.2750
Epoch=208, loss=0.2841
Epoch=209, loss=0.2779
Epoch=210, loss=0.2787
Epoch=211, loss=0.2772
Epoch=212, loss=0.2773
Epoch=213, loss=0.2733
Epoch=214, loss=0.2714
Epoch=215, loss=0.2689
Epoch=216, loss=0.2731
Epoch=217, loss=0.2614
Epoch=218, loss=0.2714
Epoch=219, loss=0.2680
Epoch=220, loss=0.2616
Epoch=221, loss=0.2663
Epoch=222, loss=0.2612
Epoch=223, loss=0.2634
Epoch=224, loss=0.2566
Epoch=225, loss=0.2582
Epoch=226, loss=0.2607
Epoch=227, loss=0.2530
Epoch=228, loss=0.2541
Epoch=229, loss=0.2559
Epoch=230, loss=0.2555
Epoch=231, loss=0.2549
Epoch=232, loss=0.2491
Epoch=233, loss=0.2543
Epoch=234, loss=0.2479
Epoch=235, loss=0.2508
Epoch=236, loss=0.2498
Epoch=237, loss=0.2427
Epoch=238, loss=0.2454
Epoch=239, loss=0.2473
Epoch=240, loss=0.2439
Epoch=241, loss=0.2414
Epoch=242, loss=0.2396
Epoch=243, loss=0.2418
Epoch=244, loss=0.2456
Epoch=245, loss=0.2380
Epoch=246, loss=0.2398
Epoch=247, loss=0.2335
Epoch=248, loss=0.2378
Epoch=249, loss=0.2365
Epoch=250, loss=0.2392
Epoch=251, loss=0.2314
Epoch=252, loss=0.2293
Epoch=253, loss=0.2281
Epoch=254, loss=0.2312
Epoch=255, loss=0.2265
Epoch=256, loss=0.2299
Epoch=257, loss=0.2278
Epoch=258, loss=0.2282
Epoch=259, loss=0.2262
Epoch=260, loss=0.2299
Epoch=261, loss=0.2213
Epoch=262, loss=0.2203
Epoch=263, loss=0.2222
Epoch=264, loss=0.2241
Epoch=265, loss=0.2215
Epoch=266, loss=0.2205
Epoch=267, loss=0.2190
Epoch=268, loss=0.2211
Epoch=269, loss=0.2192
Epoch=270, loss=0.2172
Epoch=271, loss=0.2149
Epoch=272, loss=0.2141
Epoch=273, loss=0.2139
Epoch=274, loss=0.2088
Epoch=275, loss=0.2122
Epoch=276, loss=0.2078
Epoch=277, loss=0.2107
Epoch=278, loss=0.2069
Epoch=279, loss=0.2089
Epoch=280, loss=0.2073
Epoch=281, loss=0.2058
Epoch=282, loss=0.2058
Epoch=283, loss=0.2117
Epoch=284, loss=0.2066
Epoch=285, loss=0.2043
Epoch=286, loss=0.2063
Epoch=287, loss=0.2019
Epoch=288, loss=0.2000
Epoch=289, loss=0.2011
Epoch=290, loss=0.2015
Epoch=291, loss=0.1970
Epoch=292, loss=0.2000
Epoch=293, loss=0.2042
Epoch=294, loss=0.1928
Epoch=295, loss=0.1937
Epoch=296, loss=0.1952
Epoch=297, loss=0.1954
Epoch=298, loss=0.1936
Epoch=299, loss=0.1919
Epoch=300, loss=0.1945
Epoch=301, loss=0.1878
Epoch=302, loss=0.1921
Epoch=303, loss=0.1900
Epoch=304, loss=0.1937
Epoch=305, loss=0.1924
Epoch=306, loss=0.1923
Epoch=307, loss=0.1880
Epoch=308, loss=0.1850
Epoch=309, loss=0.1871
Epoch=310, loss=0.1878
Epoch=311, loss=0.1853
Epoch=312, loss=0.1843
Epoch=313, loss=0.1847
Epoch=314, loss=0.1799
Epoch=315, loss=0.1815
Epoch=316, loss=0.1829
Epoch=317, loss=0.1809
Epoch=318, loss=0.1796
Epoch=319, loss=0.1826
Epoch=320, loss=0.1765
Epoch=321, loss=0.1790
Epoch=322, loss=0.1792
Epoch=323, loss=0.1760
Epoch=324, loss=0.1775
Epoch=325, loss=0.1809
Epoch=326, loss=0.1745
Epoch=327, loss=0.1757
Epoch=328, loss=0.1749
Epoch=329, loss=0.1746
Epoch=330, loss=0.1735
Epoch=331, loss=0.1729
Epoch=332, loss=0.1692
Epoch=333, loss=0.1789
Epoch=334, loss=0.1739
Epoch=335, loss=0.1685
Epoch=336, loss=0.1682
Epoch=337, loss=0.1656
Epoch=338, loss=0.1694
Epoch=339, loss=0.1659
Epoch=340, loss=0.1641
Epoch=341, loss=0.1675
Epoch=342, loss=0.1653
Epoch=343, loss=0.1659
Epoch=344, loss=0.1640
Epoch=345, loss=0.1589
Epoch=346, loss=0.1661
Epoch=347, loss=0.1616
Epoch=348, loss=0.1612
Epoch=349, loss=0.1592
Epoch=350, loss=0.1564
Epoch=351, loss=0.1639
Epoch=352, loss=0.1662
Epoch=353, loss=0.1612
Epoch=354, loss=0.1621
Epoch=355, loss=0.1594
Epoch=356, loss=0.1582
Epoch=357, loss=0.1595
Epoch=358, loss=0.1586
Epoch=359, loss=0.1546
Epoch=360, loss=0.1562
Epoch=361, loss=0.1581
Epoch=362, loss=0.1602
Epoch=363, loss=0.1586
Epoch=364, loss=0.1561
Epoch=365, loss=0.1562
Epoch=366, loss=0.1528
Epoch=367, loss=0.1512
Epoch=368, loss=0.1577
Epoch=369, loss=0.1509
Epoch=370, loss=0.1527
Epoch=371, loss=0.1504
Epoch=372, loss=0.1469
Epoch=373, loss=0.1503
Epoch=374, loss=0.1464
Epoch=375, loss=0.1473
Epoch=376, loss=0.1458
Epoch=377, loss=0.1457
Epoch=378, loss=0.1474
Epoch=379, loss=0.1473
Epoch=380, loss=0.1443
Epoch=381, loss=0.1507
Epoch=382, loss=0.1440
Epoch=383, loss=0.1427
Epoch=384, loss=0.1460
Epoch=385, loss=0.1485
Epoch=386, loss=0.1453
Epoch=387, loss=0.1446
Epoch=388, loss=0.1398
Epoch=389, loss=0.1419
Epoch=390, loss=0.1393
Epoch=391, loss=0.1391
Epoch=392, loss=0.1382
Epoch=393, loss=0.1359
Epoch=394, loss=0.1364
Epoch=395, loss=0.1396
Epoch=396, loss=0.1393
Epoch=397, loss=0.1367
Epoch=398, loss=0.1384
Epoch=399, loss=0.1361
Epoch=400, loss=0.1348
Epoch=401, loss=0.1419
Epoch=402, loss=0.1372
Epoch=403, loss=0.1361
Epoch=404, loss=0.1382
Epoch=405, loss=0.1387
Epoch=406, loss=0.1319
Epoch=407, loss=0.1307
Epoch=408, loss=0.1386
Epoch=409, loss=0.1356
Epoch=410, loss=0.1325
Epoch=411, loss=0.1317
Epoch=412, loss=0.1333
Epoch=413, loss=0.1322
Epoch=414, loss=0.1298
Epoch=415, loss=0.1342
Epoch=416, loss=0.1350
Epoch=417, loss=0.1315
Epoch=418, loss=0.1292
Epoch=419, loss=0.1270
Epoch=420, loss=0.1329
Epoch=421, loss=0.1253
Epoch=422, loss=0.1282
Epoch=423, loss=0.1297
Epoch=424, loss=0.1284
Epoch=425, loss=0.1262
Epoch=426, loss=0.1221
Epoch=427, loss=0.1230
Epoch=428, loss=0.1300
Epoch=429, loss=0.1249
Epoch=430, loss=0.1252
Epoch=431, loss=0.1239
Epoch=432, loss=0.1280
Epoch=433, loss=0.1257
Epoch=434, loss=0.1223
Epoch=435, loss=0.1209
Epoch=436, loss=0.1190
Epoch=437, loss=0.1271
Epoch=438, loss=0.1241
Epoch=439, loss=0.1178
Epoch=440, loss=0.1238
Epoch=441, loss=0.1215
Epoch=442, loss=0.1255
Epoch=443, loss=0.1252
Epoch=444, loss=0.1208
Epoch=445, loss=0.1190
Epoch=446, loss=0.1235
Epoch=447, loss=0.1216
Epoch=448, loss=0.1183
Epoch=449, loss=0.1179
Epoch=450, loss=0.1201
Epoch=451, loss=0.1185
Epoch=452, loss=0.1181
Epoch=453, loss=0.1148
Epoch=454, loss=0.1165
Epoch=455, loss=0.1202
Epoch=456, loss=0.1218
Epoch=457, loss=0.1155
Epoch=458, loss=0.1239
Epoch=459, loss=0.1164
Epoch=460, loss=0.1153
Epoch=461, loss=0.1140
Epoch=462, loss=0.1180
Epoch=463, loss=0.1181
Epoch=464, loss=0.1173
Epoch=465, loss=0.1145
Epoch=466, loss=0.1141
Epoch=467, loss=0.1146
Epoch=468, loss=0.1106
Epoch=469, loss=0.1162
Epoch=470, loss=0.1150
Epoch=471, loss=0.1154
Epoch=472, loss=0.1131
Epoch=473, loss=0.1158
Epoch=474, loss=0.1125
Epoch=475, loss=0.1112
Epoch=476, loss=0.1154
Epoch=477, loss=0.1112
Epoch=478, loss=0.1104
Epoch=479, loss=0.1108
Epoch=480, loss=0.1096
Epoch=481, loss=0.1106
Epoch=482, loss=0.1099
Epoch=483, loss=0.1104
Epoch=484, loss=0.1087
Epoch=485, loss=0.1080
Epoch=486, loss=0.1106
Epoch=487, loss=0.1042
Epoch=488, loss=0.1084
Epoch=489, loss=0.1081
Epoch=490, loss=0.1095
Epoch=491, loss=0.1109
Epoch=492, loss=0.1082
Epoch=493, loss=0.1064
Epoch=494, loss=0.1036
Epoch=495, loss=0.1087
Epoch=496, loss=0.1026
Epoch=497, loss=0.1061
Epoch=498, loss=0.1036
Epoch=499, loss=0.1035
Loading 496th epoch
Early stopping!
Start to test process.
done with the edge prediction
done with the node prediction
done with the second node prediction
(E) | label_classification: F1Mi=0.7461+-0.0201, F1Ma=0.7122+-0.0278, acc=0.7461+-0.0201
[['MVGRL', 'heat', 16, 15, 2, 'normalize', 0.1, 0.2, 0.4, 0.001, 0.5, 0.2, 0.5, 0.0001, 512, 512, 0.923082964752908, 0.9237511172202681, 0.922334361913952, 0.9228558680532205, 0.6928571462631226, 0.6460000276565552, 0.5981624722480774, 0.7142857313156128, 0.6520000100135803, 0.6010638475418091, 0.6120481927710844, 0.01825983286128384, 0.541586118396338, 0.03163488192928861, 0.6120481927710844, 0.01825983286128384], ['MVGRL', 'heat', 32, 15, 2, 'normalize', 0.1, 0.2, 0.4, 0.001, 0.5, 0.2, 0.5, 0.0001, 512, 512, 0.9584507736614335, 0.9547559389144283, 0.9493355033143821, 0.9404277670271122, 0.8214285969734192, 0.765999972820282, 0.7137330770492554, 0.8285714387893677, 0.7720000147819519, 0.7108317017555237, 0.7460551884959192, 0.020137392829879412, 0.7122334207911282, 0.027809067915930855, 0.7460551884959192, 0.020137392829879433]]
Epoch=000, loss=0.6936
Epoch=001, loss=0.6911
Epoch=002, loss=0.6892
Epoch=003, loss=0.6868
Epoch=004, loss=0.6849
Epoch=005, loss=0.6825
Epoch=006, loss=0.6810
Epoch=007, loss=0.6782
Epoch=008, loss=0.6758
Epoch=009, loss=0.6730
Epoch=010, loss=0.6707
Epoch=011, loss=0.6669
Epoch=012, loss=0.6635
Epoch=013, loss=0.6599
Epoch=014, loss=0.6568
Epoch=015, loss=0.6543
Epoch=016, loss=0.6481
Epoch=017, loss=0.6436
Epoch=018, loss=0.6400
Epoch=019, loss=0.6363
Epoch=020, loss=0.6325
Epoch=021, loss=0.6275
Epoch=022, loss=0.6213
Epoch=023, loss=0.6180
Epoch=024, loss=0.6115
Epoch=025, loss=0.6087
Epoch=026, loss=0.6008
Epoch=027, loss=0.5995
Epoch=028, loss=0.5951
Epoch=029, loss=0.5879
Epoch=030, loss=0.5851
Epoch=031, loss=0.5802
Epoch=032, loss=0.5719
Epoch=033, loss=0.5642
Epoch=034, loss=0.5624
Epoch=035, loss=0.5604
Epoch=036, loss=0.5564
Epoch=037, loss=0.5460
Epoch=038, loss=0.5436
Epoch=039, loss=0.5367
Epoch=040, loss=0.5350
Epoch=041, loss=0.5300
Epoch=042, loss=0.5257
Epoch=043, loss=0.5175
Epoch=044, loss=0.5151
Epoch=045, loss=0.5112
Epoch=046, loss=0.5060
Epoch=047, loss=0.5052
Epoch=048, loss=0.5028
Epoch=049, loss=0.4912
Epoch=050, loss=0.4886
Epoch=051, loss=0.4807
Epoch=052, loss=0.4808
Epoch=053, loss=0.4742
Epoch=054, loss=0.4715
Epoch=055, loss=0.4670
Epoch=056, loss=0.4613
Epoch=057, loss=0.4566
Epoch=058, loss=0.4569
Epoch=059, loss=0.4529
Epoch=060, loss=0.4496
Epoch=061, loss=0.4402
Epoch=062, loss=0.4410
Epoch=063, loss=0.4393
Epoch=064, loss=0.4312
Epoch=065, loss=0.4268
Epoch=066, loss=0.4226
Epoch=067, loss=0.4230
Epoch=068, loss=0.4218
Epoch=069, loss=0.4196
Epoch=070, loss=0.4115
Epoch=071, loss=0.4071
Epoch=072, loss=0.4084
Epoch=073, loss=0.4031
Epoch=074, loss=0.3995
Epoch=075, loss=0.3971
Epoch=076, loss=0.3934
Epoch=077, loss=0.3907
Epoch=078, loss=0.3874
Epoch=079, loss=0.3810
Epoch=080, loss=0.3791
Epoch=081, loss=0.3769
Epoch=082, loss=0.3712
Epoch=083, loss=0.3690
Epoch=084, loss=0.3704
Epoch=085, loss=0.3636
Epoch=086, loss=0.3671
Epoch=087, loss=0.3634
Epoch=088, loss=0.3593
Epoch=089, loss=0.3577
Epoch=090, loss=0.3514
Epoch=091, loss=0.3515
Epoch=092, loss=0.3428
Epoch=093, loss=0.3464
Epoch=094, loss=0.3402
Epoch=095, loss=0.3406
Epoch=096, loss=0.3394
Epoch=097, loss=0.3400
Epoch=098, loss=0.3347
Epoch=099, loss=0.3327
Epoch=100, loss=0.3315
Epoch=101, loss=0.3240
Epoch=102, loss=0.3235
Epoch=103, loss=0.3239
Epoch=104, loss=0.3165
Epoch=105, loss=0.3168
Epoch=106, loss=0.3146
Epoch=107, loss=0.3136
Epoch=108, loss=0.3086
Epoch=109, loss=0.3042
Epoch=110, loss=0.3062
Epoch=111, loss=0.3064
Epoch=112, loss=0.3012
Epoch=113, loss=0.2961
Epoch=114, loss=0.3008
Epoch=115, loss=0.2952
Epoch=116, loss=0.2932
Epoch=117, loss=0.2917
Epoch=118, loss=0.2852
Epoch=119, loss=0.2879
Epoch=120, loss=0.2805
Epoch=121, loss=0.2805
Epoch=122, loss=0.2799
Epoch=123, loss=0.2781
Epoch=124, loss=0.2766
Epoch=125, loss=0.2764
Epoch=126, loss=0.2742
Epoch=127, loss=0.2685
Epoch=128, loss=0.2699
Epoch=129, loss=0.2604
Epoch=130, loss=0.2627
Epoch=131, loss=0.2595
Epoch=132, loss=0.2611
Epoch=133, loss=0.2589
Epoch=134, loss=0.2562
Epoch=135, loss=0.2539
Epoch=136, loss=0.2582
Epoch=137, loss=0.2502
Epoch=138, loss=0.2491
Epoch=139, loss=0.2481
Epoch=140, loss=0.2500
Epoch=141, loss=0.2440
Epoch=142, loss=0.2411
Epoch=143, loss=0.2430
Epoch=144, loss=0.2376
Epoch=145, loss=0.2406
Epoch=146, loss=0.2333
Epoch=147, loss=0.2338
Epoch=148, loss=0.2319
Epoch=149, loss=0.2297
Epoch=150, loss=0.2278
Epoch=151, loss=0.2309
Epoch=152, loss=0.2303
Epoch=153, loss=0.2238
Epoch=154, loss=0.2220
Epoch=155, loss=0.2178
Epoch=156, loss=0.2197
Epoch=157, loss=0.2267
Epoch=158, loss=0.2166
Epoch=159, loss=0.2173
Epoch=160, loss=0.2145
Epoch=161, loss=0.2134
Epoch=162, loss=0.2110
Epoch=163, loss=0.2113
Epoch=164, loss=0.2083
Epoch=165, loss=0.2085
Epoch=166, loss=0.2043
Epoch=167, loss=0.2011
Epoch=168, loss=0.2015
Epoch=169, loss=0.1974
Epoch=170, loss=0.1975
Epoch=171, loss=0.1976
Epoch=172, loss=0.1966
Epoch=173, loss=0.1987
Epoch=174, loss=0.1954
Epoch=175, loss=0.1943
Epoch=176, loss=0.1947
Epoch=177, loss=0.1895
Epoch=178, loss=0.1931
Epoch=179, loss=0.1965
Epoch=180, loss=0.1852
Epoch=181, loss=0.1775
Epoch=182, loss=0.1849
Epoch=183, loss=0.1853
Epoch=184, loss=0.1797
Epoch=185, loss=0.1816
Epoch=186, loss=0.1810
Epoch=187, loss=0.1784
Epoch=188, loss=0.1755
Epoch=189, loss=0.1739
Epoch=190, loss=0.1753
Epoch=191, loss=0.1772
Epoch=192, loss=0.1749
Epoch=193, loss=0.1727
Epoch=194, loss=0.1674
Epoch=195, loss=0.1739
Epoch=196, loss=0.1690
Epoch=197, loss=0.1670
Epoch=198, loss=0.1680
Epoch=199, loss=0.1676
Epoch=200, loss=0.1657
Epoch=201, loss=0.1701
Epoch=202, loss=0.1633
Epoch=203, loss=0.1641
Epoch=204, loss=0.1605
Epoch=205, loss=0.1600
Epoch=206, loss=0.1604
Epoch=207, loss=0.1594
Epoch=208, loss=0.1585
Epoch=209, loss=0.1582
Epoch=210, loss=0.1558
Epoch=211, loss=0.1577
Epoch=212, loss=0.1543
Epoch=213, loss=0.1530
Epoch=214, loss=0.1547
Epoch=215, loss=0.1502
Epoch=216, loss=0.1506
Epoch=217, loss=0.1468
Epoch=218, loss=0.1462
Epoch=219, loss=0.1541
Epoch=220, loss=0.1457
Epoch=221, loss=0.1431
Epoch=222, loss=0.1442
Epoch=223, loss=0.1436
Epoch=224, loss=0.1456
Epoch=225, loss=0.1463
Epoch=226, loss=0.1407
Epoch=227, loss=0.1427
Epoch=228, loss=0.1383
Epoch=229, loss=0.1404
Epoch=230, loss=0.1378
Epoch=231, loss=0.1386
Epoch=232, loss=0.1394
Epoch=233, loss=0.1396
Epoch=234, loss=0.1359
Epoch=235, loss=0.1331
Epoch=236, loss=0.1386
Epoch=237, loss=0.1377
Epoch=238, loss=0.1313
Epoch=239, loss=0.1329
Epoch=240, loss=0.1327
Epoch=241, loss=0.1347
Epoch=242, loss=0.1319
Epoch=243, loss=0.1296
Epoch=244, loss=0.1315
Epoch=245, loss=0.1280
Epoch=246, loss=0.1250
Epoch=247, loss=0.1274
Epoch=248, loss=0.1276
Epoch=249, loss=0.1233
Epoch=250, loss=0.1241
Epoch=251, loss=0.1248
Epoch=252, loss=0.1252
Epoch=253, loss=0.1246
Epoch=254, loss=0.1224
Epoch=255, loss=0.1244
Epoch=256, loss=0.1185
Epoch=257, loss=0.1222
Epoch=258, loss=0.1283
Epoch=259, loss=0.1206
Epoch=260, loss=0.1196
Epoch=261, loss=0.1154
Epoch=262, loss=0.1175
Epoch=263, loss=0.1169
Epoch=264, loss=0.1178
Epoch=265, loss=0.1193
Epoch=266, loss=0.1157
Epoch=267, loss=0.1143
Epoch=268, loss=0.1176
Epoch=269, loss=0.1097
Epoch=270, loss=0.1126
Epoch=271, loss=0.1128
Epoch=272, loss=0.1066
Epoch=273, loss=0.1112
Epoch=274, loss=0.1105
Epoch=275, loss=0.1125
Epoch=276, loss=0.1129
Epoch=277, loss=0.1075
Epoch=278, loss=0.1096
Epoch=279, loss=0.1101
Epoch=280, loss=0.1075
Epoch=281, loss=0.1088
Epoch=282, loss=0.1061
Epoch=283, loss=0.1038
Epoch=284, loss=0.1064
Epoch=285, loss=0.1026
Epoch=286, loss=0.1046
Epoch=287, loss=0.1052
Epoch=288, loss=0.1048
Epoch=289, loss=0.0998
Epoch=290, loss=0.1002
Epoch=291, loss=0.1014
Epoch=292, loss=0.1018
Epoch=293, loss=0.1014
Epoch=294, loss=0.1092
Epoch=295, loss=0.1003
Epoch=296, loss=0.0983
Epoch=297, loss=0.0999
Epoch=298, loss=0.0991
Epoch=299, loss=0.0976
Epoch=300, loss=0.1000
Epoch=301, loss=0.0991
Epoch=302, loss=0.0960
Epoch=303, loss=0.0985
Epoch=304, loss=0.0950
Epoch=305, loss=0.0961
Epoch=306, loss=0.0944
Epoch=307, loss=0.0942
Epoch=308, loss=0.0953
Epoch=309, loss=0.0967
Epoch=310, loss=0.0942
Epoch=311, loss=0.0927
Epoch=312, loss=0.0920
Epoch=313, loss=0.0935
Epoch=314, loss=0.0941
Epoch=315, loss=0.0880
Epoch=316, loss=0.0895
Epoch=317, loss=0.0888
Epoch=318, loss=0.0931
Epoch=319, loss=0.0923
Epoch=320, loss=0.0932
Epoch=321, loss=0.0876
Epoch=322, loss=0.0914
Epoch=323, loss=0.0867
Epoch=324, loss=0.0910
Epoch=325, loss=0.0881
Epoch=326, loss=0.0918
Epoch=327, loss=0.0842
Epoch=328, loss=0.0847
Epoch=329, loss=0.0933
Epoch=330, loss=0.0843
Epoch=331, loss=0.0848
Epoch=332, loss=0.0881
Epoch=333, loss=0.0838
Epoch=334, loss=0.0815
Epoch=335, loss=0.0828
Epoch=336, loss=0.0824
Epoch=337, loss=0.0839
Epoch=338, loss=0.0824
Epoch=339, loss=0.0833
Epoch=340, loss=0.0833
Epoch=341, loss=0.0858
Epoch=342, loss=0.0807
Epoch=343, loss=0.0802
Epoch=344, loss=0.0846
Epoch=345, loss=0.0773
Epoch=346, loss=0.0862
Epoch=347, loss=0.0810
Epoch=348, loss=0.0792
Epoch=349, loss=0.0814
Epoch=350, loss=0.0782
Epoch=351, loss=0.0822
Epoch=352, loss=0.0790
Epoch=353, loss=0.0797
Epoch=354, loss=0.0735
Epoch=355, loss=0.0794
Epoch=356, loss=0.0734
Epoch=357, loss=0.0762
Epoch=358, loss=0.0795
Epoch=359, loss=0.0754
Epoch=360, loss=0.0786
Epoch=361, loss=0.0776
Epoch=362, loss=0.0736
Epoch=363, loss=0.0784
Epoch=364, loss=0.0722
Epoch=365, loss=0.0751
Epoch=366, loss=0.0788
Epoch=367, loss=0.0720
Epoch=368, loss=0.0788
Epoch=369, loss=0.0762
Epoch=370, loss=0.0742
Epoch=371, loss=0.0709
Epoch=372, loss=0.0747
Epoch=373, loss=0.0704
Epoch=374, loss=0.0700
Epoch=375, loss=0.0718
Epoch=376, loss=0.0755
Epoch=377, loss=0.0744
Epoch=378, loss=0.0711
Epoch=379, loss=0.0709
Epoch=380, loss=0.0692
Epoch=381, loss=0.0730
Epoch=382, loss=0.0689
Epoch=383, loss=0.0712
Epoch=384, loss=0.0667
Epoch=385, loss=0.0700
Epoch=386, loss=0.0689
Epoch=387, loss=0.0678
Epoch=388, loss=0.0670
Epoch=389, loss=0.0691
Epoch=390, loss=0.0744
Epoch=391, loss=0.0721
Epoch=392, loss=0.0680
Epoch=393, loss=0.0678
Epoch=394, loss=0.0719
Epoch=395, loss=0.0714
Epoch=396, loss=0.0677
Epoch=397, loss=0.0636
Epoch=398, loss=0.0660
Epoch=399, loss=0.0718
Epoch=400, loss=0.0629
Epoch=401, loss=0.0655
Epoch=402, loss=0.0655
Epoch=403, loss=0.0663
Epoch=404, loss=0.0669
Epoch=405, loss=0.0653
Epoch=406, loss=0.0628
Epoch=407, loss=0.0637
Epoch=408, loss=0.0633
Epoch=409, loss=0.0642
Epoch=410, loss=0.0601
Epoch=411, loss=0.0644
Epoch=412, loss=0.0680
Epoch=413, loss=0.0604
Epoch=414, loss=0.0625
Epoch=415, loss=0.0611
Epoch=416, loss=0.0639
Epoch=417, loss=0.0628
Epoch=418, loss=0.0628
Epoch=419, loss=0.0610
Epoch=420, loss=0.0610
Epoch=421, loss=0.0609
Epoch=422, loss=0.0644
Epoch=423, loss=0.0609
Epoch=424, loss=0.0616
Epoch=425, loss=0.0618
Epoch=426, loss=0.0612
Epoch=427, loss=0.0604
Epoch=428, loss=0.0600
Epoch=429, loss=0.0597
Epoch=430, loss=0.0606
Epoch=431, loss=0.0570
Epoch=432, loss=0.0607
Epoch=433, loss=0.0595
Epoch=434, loss=0.0616
Epoch=435, loss=0.0568
Epoch=436, loss=0.0604
Epoch=437, loss=0.0586
Epoch=438, loss=0.0578
Epoch=439, loss=0.0562
Epoch=440, loss=0.0555
Epoch=441, loss=0.0547
Epoch=442, loss=0.0575
Epoch=443, loss=0.0563
Epoch=444, loss=0.0545
Epoch=445, loss=0.0582
Epoch=446, loss=0.0590
Epoch=447, loss=0.0561
Epoch=448, loss=0.0575
Epoch=449, loss=0.0550
Epoch=450, loss=0.0565
Epoch=451, loss=0.0551
Epoch=452, loss=0.0565
Epoch=453, loss=0.0564
Epoch=454, loss=0.0594
Epoch=455, loss=0.0556
Epoch=456, loss=0.0510
Epoch=457, loss=0.0535
Epoch=458, loss=0.0528
Epoch=459, loss=0.0499
Epoch=460, loss=0.0498
Epoch=461, loss=0.0528
Epoch=462, loss=0.0539
Epoch=463, loss=0.0553
Epoch=464, loss=0.0544
Epoch=465, loss=0.0551
Epoch=466, loss=0.0572
Epoch=467, loss=0.0526
Epoch=468, loss=0.0489
Epoch=469, loss=0.0527
Epoch=470, loss=0.0534
Epoch=471, loss=0.0543
Epoch=472, loss=0.0525
Epoch=473, loss=0.0495
Epoch=474, loss=0.0530
Epoch=475, loss=0.0545
Epoch=476, loss=0.0539
Epoch=477, loss=0.0516
Epoch=478, loss=0.0463
Epoch=479, loss=0.0518
Epoch=480, loss=0.0525
Epoch=481, loss=0.0456
Epoch=482, loss=0.0490
Epoch=483, loss=0.0494
Epoch=484, loss=0.0469
Epoch=485, loss=0.0502
Epoch=486, loss=0.0518
Epoch=487, loss=0.0468
Epoch=488, loss=0.0485
Epoch=489, loss=0.0448
Epoch=490, loss=0.0497
Epoch=491, loss=0.0465
Epoch=492, loss=0.0468
Epoch=493, loss=0.0466
Epoch=494, loss=0.0474
Epoch=495, loss=0.0451
Epoch=496, loss=0.0455
Epoch=497, loss=0.0475
Epoch=498, loss=0.0495
Epoch=499, loss=0.0471
Loading 489th epoch
done with the edge prediction
done with the node prediction
done with the second node prediction
(E) | label_classification: F1Mi=0.7861+-0.0037, F1Ma=0.7685+-0.0084, acc=0.7861+-0.0037
[['MVGRL', 'heat', 16, 15, 2, 'normalize', 0.1, 0.2, 0.4, 0.001, 0.5, 0.2, 0.5, 0.0001, 512, 512, 0.923082964752908, 0.9237511172202681, 0.922334361913952, 0.9228558680532205, 0.6928571462631226, 0.6460000276565552, 0.5981624722480774, 0.7142857313156128, 0.6520000100135803, 0.6010638475418091, 0.6120481927710844, 0.01825983286128384, 0.541586118396338, 0.03163488192928861, 0.6120481927710844, 0.01825983286128384], ['MVGRL', 'heat', 32, 15, 2, 'normalize', 0.1, 0.2, 0.4, 0.001, 0.5, 0.2, 0.5, 0.0001, 512, 512, 0.9584507736614335, 0.9547559389144283, 0.9493355033143821, 0.9404277670271122, 0.8214285969734192, 0.765999972820282, 0.7137330770492554, 0.8285714387893677, 0.7720000147819519, 0.7108317017555237, 0.7460551884959192, 0.020137392829879412, 0.7122334207911282, 0.027809067915930855, 0.7460551884959192, 0.020137392829879433], ['MVGRL', 'heat', 64, 15, 2, 'normalize', 0.1, 0.2, 0.4, 0.001, 0.5, 0.2, 0.5, 0.0001, 512, 512, 0.9815954299601869, 0.9793470166640358, 0.971256152580393, 0.966801007606153, 0.8214285969734192, 0.7900000214576721, 0.7703094482421875, 0.9571428298950195, 0.7879999876022339, 0.7649903297424316, 0.7860862806062962, 0.0037164502410826352, 0.7685301564750209, 0.008401669209820042, 0.7860862806062963, 0.003716450241082608]]
Epoch=000, loss=0.6929
Epoch=001, loss=0.6890
Epoch=002, loss=0.6836
Epoch=003, loss=0.6795
Epoch=004, loss=0.6754
Epoch=005, loss=0.6695
Epoch=006, loss=0.6647
Epoch=007, loss=0.6576
Epoch=008, loss=0.6518
Epoch=009, loss=0.6445
Epoch=010, loss=0.6386
Epoch=011, loss=0.6316
Epoch=012, loss=0.6199
Epoch=013, loss=0.6099
Epoch=014, loss=0.6030
Epoch=015, loss=0.5907
Epoch=016, loss=0.5813
Epoch=017, loss=0.5723
Epoch=018, loss=0.5660
Epoch=019, loss=0.5546
Epoch=020, loss=0.5497
Epoch=021, loss=0.5376
Epoch=022, loss=0.5290
Epoch=023, loss=0.5204
Epoch=024, loss=0.5089
Epoch=025, loss=0.5063
Epoch=026, loss=0.4931
Epoch=027, loss=0.4867
Epoch=028, loss=0.4822
Epoch=029, loss=0.4677
Epoch=030, loss=0.4630
Epoch=031, loss=0.4590
Epoch=032, loss=0.4487
Epoch=033, loss=0.4423
Epoch=034, loss=0.4326
Epoch=035, loss=0.4309
Epoch=036, loss=0.4212
Epoch=037, loss=0.4195
Epoch=038, loss=0.4101
Epoch=039, loss=0.4032
Epoch=040, loss=0.3992
Epoch=041, loss=0.3894
Epoch=042, loss=0.3883
Epoch=043, loss=0.3829
Epoch=044, loss=0.3775
Epoch=045, loss=0.3648
Epoch=046, loss=0.3681
Epoch=047, loss=0.3628
Epoch=048, loss=0.3577
Epoch=049, loss=0.3540
Epoch=050, loss=0.3464
Epoch=051, loss=0.3515
Epoch=052, loss=0.3378
Epoch=053, loss=0.3337
Epoch=054, loss=0.3314
Epoch=055, loss=0.3222
Epoch=056, loss=0.3166
Epoch=057, loss=0.3185
Epoch=058, loss=0.3168
Epoch=059, loss=0.3138
Epoch=060, loss=0.3096
Epoch=061, loss=0.2999
Epoch=062, loss=0.2962
Epoch=063, loss=0.2937
Epoch=064, loss=0.2882
Epoch=065, loss=0.2893
Epoch=066, loss=0.2833
Epoch=067, loss=0.2769
Epoch=068, loss=0.2778
Epoch=069, loss=0.2721
Epoch=070, loss=0.2708
Epoch=071, loss=0.2673
Epoch=072, loss=0.2597
Epoch=073, loss=0.2596
Epoch=074, loss=0.2552
Epoch=075, loss=0.2527
Epoch=076, loss=0.2545
Epoch=077, loss=0.2482
Epoch=078, loss=0.2421
Epoch=079, loss=0.2378
Epoch=080, loss=0.2377
Epoch=081, loss=0.2356
Epoch=082, loss=0.2350
Epoch=083, loss=0.2279
Epoch=084, loss=0.2265
Epoch=085, loss=0.2295
Epoch=086, loss=0.2217
Epoch=087, loss=0.2171
Epoch=088, loss=0.2188
Epoch=089, loss=0.2121
Epoch=090, loss=0.2102
Epoch=091, loss=0.2100
Epoch=092, loss=0.2065
Epoch=093, loss=0.2046
Epoch=094, loss=0.2008
Epoch=095, loss=0.2046
Epoch=096, loss=0.1943
Epoch=097, loss=0.1968
Epoch=098, loss=0.1914
Epoch=099, loss=0.1904
Epoch=100, loss=0.1886
Epoch=101, loss=0.1877
Epoch=102, loss=0.1867
Epoch=103, loss=0.1777
Epoch=104, loss=0.1857
Epoch=105, loss=0.1826
Epoch=106, loss=0.1787
Epoch=107, loss=0.1820
Epoch=108, loss=0.1720
Epoch=109, loss=0.1691
Epoch=110, loss=0.1708
Epoch=111, loss=0.1669
Epoch=112, loss=0.1708
Epoch=113, loss=0.1667
Epoch=114, loss=0.1662
Epoch=115, loss=0.1584
Epoch=116, loss=0.1607
Epoch=117, loss=0.1628
Epoch=118, loss=0.1563
Epoch=119, loss=0.1563
Epoch=120, loss=0.1528
Epoch=121, loss=0.1529
Epoch=122, loss=0.1517
Epoch=123, loss=0.1487
Epoch=124, loss=0.1525
Epoch=125, loss=0.1459
Epoch=126, loss=0.1475
Epoch=127, loss=0.1433
Epoch=128, loss=0.1423
Epoch=129, loss=0.1450
Epoch=130, loss=0.1428
Epoch=131, loss=0.1410
Epoch=132, loss=0.1374
Epoch=133, loss=0.1402
Epoch=134, loss=0.1330
Epoch=135, loss=0.1358
Epoch=136, loss=0.1375
Epoch=137, loss=0.1355
Epoch=138, loss=0.1319
Epoch=139, loss=0.1277
Epoch=140, loss=0.1298
Epoch=141, loss=0.1324
Epoch=142, loss=0.1316
Epoch=143, loss=0.1223
Epoch=144, loss=0.1237
Epoch=145, loss=0.1263
Epoch=146, loss=0.1261
Epoch=147, loss=0.1242
Epoch=148, loss=0.1211
Epoch=149, loss=0.1171
Epoch=150, loss=0.1181
Epoch=151, loss=0.1209
Epoch=152, loss=0.1187
Epoch=153, loss=0.1186
Epoch=154, loss=0.1171
Epoch=155, loss=0.1171
Epoch=156, loss=0.1127
Epoch=157, loss=0.1142
Epoch=158, loss=0.1150
Epoch=159, loss=0.1149
Epoch=160, loss=0.1088
Epoch=161, loss=0.1068
Epoch=162, loss=0.1120
Epoch=163, loss=0.1069
Epoch=164, loss=0.1069
Epoch=165, loss=0.1075
Epoch=166, loss=0.1084
Epoch=167, loss=0.1095
Epoch=168, loss=0.1086
Epoch=169, loss=0.1040
Epoch=170, loss=0.1064
Epoch=171, loss=0.1047
Epoch=172, loss=0.1038
Epoch=173, loss=0.1014
Epoch=174, loss=0.1051
Epoch=175, loss=0.1037
Epoch=176, loss=0.0998
Epoch=177, loss=0.1008
Epoch=178, loss=0.0966
Epoch=179, loss=0.0991
Epoch=180, loss=0.1038
Epoch=181, loss=0.0949
Epoch=182, loss=0.0965
Epoch=183, loss=0.0989
Epoch=184, loss=0.0974
Epoch=185, loss=0.0938
Epoch=186, loss=0.0914
Epoch=187, loss=0.0932
Epoch=188, loss=0.0950
Epoch=189, loss=0.0942
Epoch=190, loss=0.0982
Epoch=191, loss=0.0898
Epoch=192, loss=0.0952
Epoch=193, loss=0.0882
Epoch=194, loss=0.0925
Epoch=195, loss=0.0898
Epoch=196, loss=0.0919
Epoch=197, loss=0.0885
Epoch=198, loss=0.0905
Epoch=199, loss=0.0854
Epoch=200, loss=0.0885
Epoch=201, loss=0.0881
Epoch=202, loss=0.0849
Epoch=203, loss=0.0894
Epoch=204, loss=0.0847
Epoch=205, loss=0.0850
Epoch=206, loss=0.0853
Epoch=207, loss=0.0859
Epoch=208, loss=0.0872
Epoch=209, loss=0.0838
Epoch=210, loss=0.0854
Epoch=211, loss=0.0856
Epoch=212, loss=0.0821
Epoch=213, loss=0.0813
Epoch=214, loss=0.0842
Epoch=215, loss=0.0813
Epoch=216, loss=0.0780
Epoch=217, loss=0.0843
Epoch=218, loss=0.0780
Epoch=219, loss=0.0787
Epoch=220, loss=0.0782
Epoch=221, loss=0.0811
Epoch=222, loss=0.0805
Epoch=223, loss=0.0769
Epoch=224, loss=0.0765
Epoch=225, loss=0.0745
Epoch=226, loss=0.0790
Epoch=227, loss=0.0778
Epoch=228, loss=0.0795
Epoch=229, loss=0.0755
Epoch=230, loss=0.0726
Epoch=231, loss=0.0729
Epoch=232, loss=0.0712
Epoch=233, loss=0.0769
Epoch=234, loss=0.0735
Epoch=235, loss=0.0696
Epoch=236, loss=0.0741
Epoch=237, loss=0.0701
Epoch=238, loss=0.0732
Epoch=239, loss=0.0724
Epoch=240, loss=0.0707
Epoch=241, loss=0.0731
Epoch=242, loss=0.0660
Epoch=243, loss=0.0711
Epoch=244, loss=0.0716
Epoch=245, loss=0.0678
Epoch=246, loss=0.0701
Epoch=247, loss=0.0680
Epoch=248, loss=0.0668
Epoch=249, loss=0.0730
Epoch=250, loss=0.0657
Epoch=251, loss=0.0700
Epoch=252, loss=0.0632
Epoch=253, loss=0.0671
Epoch=254, loss=0.0684
Epoch=255, loss=0.0686
Epoch=256, loss=0.0667
Epoch=257, loss=0.0688
Epoch=258, loss=0.0653
Epoch=259, loss=0.0656
Epoch=260, loss=0.0606
Epoch=261, loss=0.0679
Epoch=262, loss=0.0646
Epoch=263, loss=0.0606
Epoch=264, loss=0.0626
Epoch=265, loss=0.0627
Epoch=266, loss=0.0658
Epoch=267, loss=0.0672
Epoch=268, loss=0.0643
Epoch=269, loss=0.0618
Epoch=270, loss=0.0655
Epoch=271, loss=0.0599
Epoch=272, loss=0.0632
Epoch=273, loss=0.0636
Epoch=274, loss=0.0622
Epoch=275, loss=0.0593
Epoch=276, loss=0.0660
Epoch=277, loss=0.0569
Epoch=278, loss=0.0600
Epoch=279, loss=0.0576
Epoch=280, loss=0.0603
Epoch=281, loss=0.0615
Epoch=282, loss=0.0590
Epoch=283, loss=0.0608
Epoch=284, loss=0.0578
Epoch=285, loss=0.0576
Epoch=286, loss=0.0607
Epoch=287, loss=0.0584
Epoch=288, loss=0.0582
Epoch=289, loss=0.0581
Epoch=290, loss=0.0576
Epoch=291, loss=0.0589
Epoch=292, loss=0.0588
Epoch=293, loss=0.0579
Epoch=294, loss=0.0558
Epoch=295, loss=0.0536
Epoch=296, loss=0.0552
Epoch=297, loss=0.0605
Epoch=298, loss=0.0579
Epoch=299, loss=0.0588
Epoch=300, loss=0.0540
Epoch=301, loss=0.0544
Epoch=302, loss=0.0558
Epoch=303, loss=0.0532
Epoch=304, loss=0.0569
Epoch=305, loss=0.0563
Epoch=306, loss=0.0558
Epoch=307, loss=0.0560
Epoch=308, loss=0.0572
Epoch=309, loss=0.0517
Epoch=310, loss=0.0489
Epoch=311, loss=0.0533
Epoch=312, loss=0.0496
Epoch=313, loss=0.0540
Epoch=314, loss=0.0527
Epoch=315, loss=0.0518
Epoch=316, loss=0.0544
Epoch=317, loss=0.0509
Epoch=318, loss=0.0518
Epoch=319, loss=0.0539
Epoch=320, loss=0.0540
Epoch=321, loss=0.0549
Epoch=322, loss=0.0500
Epoch=323, loss=0.0497
Epoch=324, loss=0.0490
Epoch=325, loss=0.0503
Epoch=326, loss=0.0565
Epoch=327, loss=0.0508
Epoch=328, loss=0.0481
Epoch=329, loss=0.0515
Epoch=330, loss=0.0534
Epoch=331, loss=0.0517
Epoch=332, loss=0.0530
Epoch=333, loss=0.0527
Epoch=334, loss=0.0477
Epoch=335, loss=0.0475
Epoch=336, loss=0.0489
Epoch=337, loss=0.0542
Epoch=338, loss=0.0509
Epoch=339, loss=0.0472
Epoch=340, loss=0.0511
Epoch=341, loss=0.0530
Epoch=342, loss=0.0500
Epoch=343, loss=0.0507
Epoch=344, loss=0.0483
Epoch=345, loss=0.0467
Epoch=346, loss=0.0458
Epoch=347, loss=0.0474
Epoch=348, loss=0.0465
Epoch=349, loss=0.0489
Epoch=350, loss=0.0468
Epoch=351, loss=0.0505
Epoch=352, loss=0.0450
Epoch=353, loss=0.0488
Epoch=354, loss=0.0468
Epoch=355, loss=0.0450
Epoch=356, loss=0.0504
Epoch=357, loss=0.0469
Epoch=358, loss=0.0440
Epoch=359, loss=0.0445
Epoch=360, loss=0.0425
Epoch=361, loss=0.0441
Epoch=362, loss=0.0409
Epoch=363, loss=0.0427
Epoch=364, loss=0.0418
Epoch=365, loss=0.0423
Epoch=366, loss=0.0491
Epoch=367, loss=0.0442
Epoch=368, loss=0.0481
Epoch=369, loss=0.0462
Epoch=370, loss=0.0421
Epoch=371, loss=0.0474
Epoch=372, loss=0.0438
Epoch=373, loss=0.0419
Epoch=374, loss=0.0404
Epoch=375, loss=0.0411
Epoch=376, loss=0.0410
Epoch=377, loss=0.0433
Epoch=378, loss=0.0405
Epoch=379, loss=0.0438
Epoch=380, loss=0.0420
Epoch=381, loss=0.0427
Epoch=382, loss=0.0400
Epoch=383, loss=0.0425
Epoch=384, loss=0.0428
Epoch=385, loss=0.0402
Epoch=386, loss=0.0397
Epoch=387, loss=0.0398
Epoch=388, loss=0.0409
Epoch=389, loss=0.0401
Epoch=390, loss=0.0405
Epoch=391, loss=0.0399
Epoch=392, loss=0.0392
Epoch=393, loss=0.0456
Epoch=394, loss=0.0437
Epoch=395, loss=0.0403
Epoch=396, loss=0.0426
Epoch=397, loss=0.0397
Epoch=398, loss=0.0429
Epoch=399, loss=0.0378
Epoch=400, loss=0.0381
Epoch=401, loss=0.0406
Epoch=402, loss=0.0414
Epoch=403, loss=0.0391
Epoch=404, loss=0.0382
Epoch=405, loss=0.0348
Epoch=406, loss=0.0379
Epoch=407, loss=0.0396
Epoch=408, loss=0.0393
Epoch=409, loss=0.0385
Epoch=410, loss=0.0382
Epoch=411, loss=0.0353
Epoch=412, loss=0.0407
Epoch=413, loss=0.0391
Epoch=414, loss=0.0418
Epoch=415, loss=0.0379
Epoch=416, loss=0.0346
Epoch=417, loss=0.0386
Epoch=418, loss=0.0384
Epoch=419, loss=0.0363
Epoch=420, loss=0.0360
Epoch=421, loss=0.0345
Epoch=422, loss=0.0385
Epoch=423, loss=0.0381
Epoch=424, loss=0.0370
Epoch=425, loss=0.0402
Epoch=426, loss=0.0383
Epoch=427, loss=0.0325
Epoch=428, loss=0.0369
Epoch=429, loss=0.0360
Epoch=430, loss=0.0377
Epoch=431, loss=0.0356
Epoch=432, loss=0.0371
Epoch=433, loss=0.0327
Epoch=434, loss=0.0355
Epoch=435, loss=0.0405
Epoch=436, loss=0.0316
Epoch=437, loss=0.0334
Epoch=438, loss=0.0339
Epoch=439, loss=0.0353
Epoch=440, loss=0.0370
Epoch=441, loss=0.0369
Epoch=442, loss=0.0339
Epoch=443, loss=0.0287
Epoch=444, loss=0.0358
Epoch=445, loss=0.0372
Epoch=446, loss=0.0386
Epoch=447, loss=0.0325
Epoch=448, loss=0.0332
Epoch=449, loss=0.0339
Epoch=450, loss=0.0326
Epoch=451, loss=0.0359
Epoch=452, loss=0.0299
Epoch=453, loss=0.0314
Epoch=454, loss=0.0324
Epoch=455, loss=0.0297
Epoch=456, loss=0.0325
Epoch=457, loss=0.0294
Epoch=458, loss=0.0337
Epoch=459, loss=0.0331
Epoch=460, loss=0.0346
Epoch=461, loss=0.0334
Epoch=462, loss=0.0341
Epoch=463, loss=0.0313
Early stopping!
Loading 443th epoch
done with the edge prediction
done with the node prediction
done with the second node prediction
(E) | label_classification: F1Mi=0.7955+-0.0033, F1Ma=0.7709+-0.0209, acc=0.7955+-0.0033
[['MVGRL', 'heat', 16, 15, 2, 'normalize', 0.1, 0.2, 0.4, 0.001, 0.5, 0.2, 0.5, 0.0001, 512, 512, 0.923082964752908, 0.9237511172202681, 0.922334361913952, 0.9228558680532205, 0.6928571462631226, 0.6460000276565552, 0.5981624722480774, 0.7142857313156128, 0.6520000100135803, 0.6010638475418091, 0.6120481927710844, 0.01825983286128384, 0.541586118396338, 0.03163488192928861, 0.6120481927710844, 0.01825983286128384], ['MVGRL', 'heat', 32, 15, 2, 'normalize', 0.1, 0.2, 0.4, 0.001, 0.5, 0.2, 0.5, 0.0001, 512, 512, 0.9584507736614335, 0.9547559389144283, 0.9493355033143821, 0.9404277670271122, 0.8214285969734192, 0.765999972820282, 0.7137330770492554, 0.8285714387893677, 0.7720000147819519, 0.7108317017555237, 0.7460551884959192, 0.020137392829879412, 0.7122334207911282, 0.027809067915930855, 0.7460551884959192, 0.020137392829879433], ['MVGRL', 'heat', 64, 15, 2, 'normalize', 0.1, 0.2, 0.4, 0.001, 0.5, 0.2, 0.5, 0.0001, 512, 512, 0.9815954299601869, 0.9793470166640358, 0.971256152580393, 0.966801007606153, 0.8214285969734192, 0.7900000214576721, 0.7703094482421875, 0.9571428298950195, 0.7879999876022339, 0.7649903297424316, 0.7860862806062962, 0.0037164502410826352, 0.7685301564750209, 0.008401669209820042, 0.7860862806062963, 0.003716450241082608], ['MVGRL', 'heat', 128, 15, 2, 'normalize', 0.1, 0.2, 0.4, 0.001, 0.5, 0.2, 0.5, 0.0001, 512, 512, 0.9888083910034601, 0.9876035359979053, 0.9686042869127819, 0.9638209386362507, 0.9357143044471741, 0.7940000295639038, 0.7819148898124695, 0.9285714030265808, 0.7979999780654907, 0.7911025285720825, 0.7954916439953362, 0.003346918016573804, 0.7708553744103014, 0.02085292437520698, 0.7954916439953362, 0.003346918016573804]]
Epoch=000, loss=0.6941
Epoch=001, loss=0.6915
Epoch=002, loss=0.6754
Epoch=003, loss=0.6715
Epoch=004, loss=0.6603
Epoch=005, loss=0.6512
Epoch=006, loss=0.6435
Epoch=007, loss=0.6290
Epoch=008, loss=0.6178
Epoch=009, loss=0.6103
Epoch=010, loss=0.5925
Epoch=011, loss=0.5827
Epoch=012, loss=0.5717
Epoch=013, loss=0.5562
Epoch=014, loss=0.5400
Epoch=015, loss=0.5254
Epoch=016, loss=0.5192
Epoch=017, loss=0.5053
Epoch=018, loss=0.4912
Epoch=019, loss=0.4853
Epoch=020, loss=0.4681
Epoch=021, loss=0.4622
Epoch=022, loss=0.4480
Epoch=023, loss=0.4381
Epoch=024, loss=0.4237
Epoch=025, loss=0.4112
Epoch=026, loss=0.4049
Epoch=027, loss=0.3947
Epoch=028, loss=0.3827
Epoch=029, loss=0.3808
Epoch=030, loss=0.3697
Epoch=031, loss=0.3552
Epoch=032, loss=0.3557
Epoch=033, loss=0.3417
Epoch=034, loss=0.3333
Epoch=035, loss=0.3291
Epoch=036, loss=0.3232
Epoch=037, loss=0.3180
Epoch=038, loss=0.3066
Epoch=039, loss=0.3066
Epoch=040, loss=0.3009
Epoch=041, loss=0.2926
Epoch=042, loss=0.2862
Epoch=043, loss=0.2760
Epoch=044, loss=0.2730
Epoch=045, loss=0.2683
Epoch=046, loss=0.2595
Epoch=047, loss=0.2582
Epoch=048, loss=0.2490
Epoch=049, loss=0.2486
Epoch=050, loss=0.2416
Epoch=051, loss=0.2350
Epoch=052, loss=0.2310
Epoch=053, loss=0.2268
Epoch=054, loss=0.2199
Epoch=055, loss=0.2181
Epoch=056, loss=0.2123
Epoch=057, loss=0.2145
Epoch=058, loss=0.2054
Epoch=059, loss=0.2043
Epoch=060, loss=0.1963
Epoch=061, loss=0.1920
Epoch=062, loss=0.1919
Epoch=063, loss=0.1903
Epoch=064, loss=0.1839
Epoch=065, loss=0.1782
Epoch=066, loss=0.1767
Epoch=067, loss=0.1720
Epoch=068, loss=0.1741
Epoch=069, loss=0.1689
Epoch=070, loss=0.1668
Epoch=071, loss=0.1647
Epoch=072, loss=0.1588
Epoch=073, loss=0.1572
Epoch=074, loss=0.1539
Epoch=075, loss=0.1566
Epoch=076, loss=0.1481
Epoch=077, loss=0.1481
Epoch=078, loss=0.1422
Epoch=079, loss=0.1496
Epoch=080, loss=0.1416
Epoch=081, loss=0.1438
Epoch=082, loss=0.1390
Epoch=083, loss=0.1357
Epoch=084, loss=0.1388
Epoch=085, loss=0.1323
Epoch=086, loss=0.1323
Epoch=087, loss=0.1291
Epoch=088, loss=0.1286
Epoch=089, loss=0.1282
Epoch=090, loss=0.1289
Epoch=091, loss=0.1230
Epoch=092, loss=0.1186
Epoch=093, loss=0.1192
Epoch=094, loss=0.1219
Epoch=095, loss=0.1187
Epoch=096, loss=0.1197
Epoch=097, loss=0.1213
Epoch=098, loss=0.1150
Epoch=099, loss=0.1136
Epoch=100, loss=0.1124
Epoch=101, loss=0.1100
Epoch=102, loss=0.1097
Epoch=103, loss=0.1080
Epoch=104, loss=0.1097
Epoch=105, loss=0.1078
Epoch=106, loss=0.1089
Epoch=107, loss=0.1079
Epoch=108, loss=0.1031
Epoch=109, loss=0.1019
Epoch=110, loss=0.1035
Epoch=111, loss=0.0974
Epoch=112, loss=0.1030
Epoch=113, loss=0.0982
Epoch=114, loss=0.0948
Epoch=115, loss=0.0998
Epoch=116, loss=0.0970
Epoch=117, loss=0.0985
Epoch=118, loss=0.0979
Epoch=119, loss=0.0921
Epoch=120, loss=0.0946
Epoch=121, loss=0.1002
Epoch=122, loss=0.0913
Epoch=123, loss=0.0885
Epoch=124, loss=0.0952
Epoch=125, loss=0.0902
Epoch=126, loss=0.0883
Epoch=127, loss=0.0873
Epoch=128, loss=0.0900
Epoch=129, loss=0.0863
Epoch=130, loss=0.0866
Epoch=131, loss=0.0851
Epoch=132, loss=0.0851
Epoch=133, loss=0.0836
Epoch=134, loss=0.0849
Epoch=135, loss=0.0820
Epoch=136, loss=0.0864
Epoch=137, loss=0.0784
Epoch=138, loss=0.0800
Epoch=139, loss=0.0838
Epoch=140, loss=0.0897
Epoch=141, loss=0.0794
Epoch=142, loss=0.0821
Epoch=143, loss=0.0776
Epoch=144, loss=0.0753
Epoch=145, loss=0.0746
Epoch=146, loss=0.0738
Epoch=147, loss=0.0773
Epoch=148, loss=0.0790
Epoch=149, loss=0.0779
Epoch=150, loss=0.0744
Epoch=151, loss=0.0730
Epoch=152, loss=0.0712
Epoch=153, loss=0.0785
Epoch=154, loss=0.0717
Epoch=155, loss=0.0721
Epoch=156, loss=0.0714
Epoch=157, loss=0.0718
Epoch=158, loss=0.0713
Epoch=159, loss=0.0718
Epoch=160, loss=0.0701
Epoch=161, loss=0.0712
Epoch=162, loss=0.0672
Epoch=163, loss=0.0755
Epoch=164, loss=0.0673
Epoch=165, loss=0.0703
Epoch=166, loss=0.0700
Epoch=167, loss=0.0721
Epoch=168, loss=0.0630
Epoch=169, loss=0.0672
Epoch=170, loss=0.0750
Epoch=171, loss=0.0692
Epoch=172, loss=0.0627
Epoch=173, loss=0.0677
Epoch=174, loss=0.0675
Epoch=175, loss=0.0712
Epoch=176, loss=0.0630
Epoch=177, loss=0.0611
Epoch=178, loss=0.0622
Epoch=179, loss=0.0674
Epoch=180, loss=0.0597
Epoch=181, loss=0.0618
Epoch=182, loss=0.0682
Epoch=183, loss=0.0624
Epoch=184, loss=0.0616
Epoch=185, loss=0.0665
Epoch=186, loss=0.0648
Epoch=187, loss=0.0610
Epoch=188, loss=0.0636
Epoch=189, loss=0.0594
Epoch=190, loss=0.0626
Epoch=191, loss=0.0580
Epoch=192, loss=0.0611
Epoch=193, loss=0.0595
Epoch=194, loss=0.0671
Epoch=195, loss=0.0587
Epoch=196, loss=0.0558
Epoch=197, loss=0.0588
Epoch=198, loss=0.0612
Epoch=199, loss=0.0601
Epoch=200, loss=0.0601
Epoch=201, loss=0.0590
Epoch=202, loss=0.0581
Epoch=203, loss=0.0625
Epoch=204, loss=0.0550
Epoch=205, loss=0.0609
Epoch=206, loss=0.0575
Epoch=207, loss=0.0519
Epoch=208, loss=0.0588
Epoch=209, loss=0.0534
Epoch=210, loss=0.0541
Epoch=211, loss=0.0525
Epoch=212, loss=0.0563
Epoch=213, loss=0.0545
Epoch=214, loss=0.0588
Epoch=215, loss=0.0541
Epoch=216, loss=0.0555
Epoch=217, loss=0.0517
Epoch=218, loss=0.0522
Epoch=219, loss=0.0569
Epoch=220, loss=0.0557
Epoch=221, loss=0.0542
Epoch=222, loss=0.0538
Epoch=223, loss=0.0542
Epoch=224, loss=0.0494
Epoch=225, loss=0.0540
Epoch=226, loss=0.0545
Epoch=227, loss=0.0512
Epoch=228, loss=0.0474
Epoch=229, loss=0.0506
Epoch=230, loss=0.0524
Epoch=231, loss=0.0493
Epoch=232, loss=0.0558
Epoch=233, loss=0.0486
Epoch=234, loss=0.0515
Epoch=235, loss=0.0528
Epoch=236, loss=0.0522
Epoch=237, loss=0.0523
Epoch=238, loss=0.0461
Epoch=239, loss=0.0464
Epoch=240, loss=0.0491
Epoch=241, loss=0.0448
Epoch=242, loss=0.0521
Epoch=243, loss=0.0504
Epoch=244, loss=0.0521
Epoch=245, loss=0.0447
Epoch=246, loss=0.0519
Epoch=247, loss=0.0499
Epoch=248, loss=0.0498
Epoch=249, loss=0.0461
Epoch=250, loss=0.0475
Epoch=251, loss=0.0526
Epoch=252, loss=0.0481
Epoch=253, loss=0.0474
Epoch=254, loss=0.0482
Epoch=255, loss=0.0452
Epoch=256, loss=0.0467
Epoch=257, loss=0.0479
Epoch=258, loss=0.0489
Epoch=259, loss=0.0479
Epoch=260, loss=0.0394
Epoch=261, loss=0.0475
Epoch=262, loss=0.0422
Epoch=263, loss=0.0425
Epoch=264, loss=0.0457
Epoch=265, loss=0.0458
Epoch=266, loss=0.0452
Epoch=267, loss=0.0451
Epoch=268, loss=0.0457
Epoch=269, loss=0.0442
Epoch=270, loss=0.0468
Epoch=271, loss=0.0432
Epoch=272, loss=0.0457
Epoch=273, loss=0.0441
Epoch=274, loss=0.0425
Epoch=275, loss=0.0455
Epoch=276, loss=0.0461
Epoch=277, loss=0.0441
Epoch=278, loss=0.0452
Epoch=279, loss=0.0395
Epoch=280, loss=0.0442
Early stopping!
Loading 260th epoch
Early stopping!
Start to test process.
done with the edge prediction
done with the node prediction
done with the second node prediction
(E) | label_classification: F1Mi=0.7943+-0.0096, F1Ma=0.7722+-0.0125, acc=0.7943+-0.0096
[['MVGRL', 'heat', 16, 15, 2, 'normalize', 0.1, 0.2, 0.4, 0.001, 0.5, 0.2, 0.5, 0.0001, 512, 512, 0.923082964752908, 0.9237511172202681, 0.922334361913952, 0.9228558680532205, 0.6928571462631226, 0.6460000276565552, 0.5981624722480774, 0.7142857313156128, 0.6520000100135803, 0.6010638475418091, 0.6120481927710844, 0.01825983286128384, 0.541586118396338, 0.03163488192928861, 0.6120481927710844, 0.01825983286128384], ['MVGRL', 'heat', 32, 15, 2, 'normalize', 0.1, 0.2, 0.4, 0.001, 0.5, 0.2, 0.5, 0.0001, 512, 512, 0.9584507736614335, 0.9547559389144283, 0.9493355033143821, 0.9404277670271122, 0.8214285969734192, 0.765999972820282, 0.7137330770492554, 0.8285714387893677, 0.7720000147819519, 0.7108317017555237, 0.7460551884959192, 0.020137392829879412, 0.7122334207911282, 0.027809067915930855, 0.7460551884959192, 0.020137392829879433], ['MVGRL', 'heat', 64, 15, 2, 'normalize', 0.1, 0.2, 0.4, 0.001, 0.5, 0.2, 0.5, 0.0001, 512, 512, 0.9815954299601869, 0.9793470166640358, 0.971256152580393, 0.966801007606153, 0.8214285969734192, 0.7900000214576721, 0.7703094482421875, 0.9571428298950195, 0.7879999876022339, 0.7649903297424316, 0.7860862806062962, 0.0037164502410826352, 0.7685301564750209, 0.008401669209820042, 0.7860862806062963, 0.003716450241082608], ['MVGRL', 'heat', 128, 15, 2, 'normalize', 0.1, 0.2, 0.4, 0.001, 0.5, 0.2, 0.5, 0.0001, 512, 512, 0.9888083910034601, 0.9876035359979053, 0.9686042869127819, 0.9638209386362507, 0.9357143044471741, 0.7940000295639038, 0.7819148898124695, 0.9285714030265808, 0.7979999780654907, 0.7911025285720825, 0.7954916439953362, 0.003346918016573804, 0.7708553744103014, 0.02085292437520698, 0.7954916439953362, 0.003346918016573804], ['MVGRL', 'heat', 256, 15, 2, 'normalize', 0.1, 0.2, 0.4, 0.001, 0.5, 0.2, 0.5, 0.0001, 512, 512, 0.9944693077360583, 0.9939778637613007, 0.9757425403900926, 0.9746329829976436, 0.9785714149475098, 0.8299999833106995, 0.7973887920379639, 0.8142856955528259, 0.8259999752044678, 0.8031914830207825, 0.794325689856199, 0.009612818719608182, 0.7721969878730648, 0.012465194874274183, 0.794325689856199, 0.009612818719608182]]
Epoch=000, loss=0.6943
Epoch=001, loss=0.6962
Epoch=002, loss=0.7645
Epoch=003, loss=0.6573
Epoch=004, loss=0.6673
Epoch=005, loss=0.6805
Epoch=006, loss=0.6430
Epoch=007, loss=0.6233
Epoch=008, loss=0.6360
Epoch=009, loss=0.6180
Epoch=010, loss=0.5989
Epoch=011, loss=0.5873
Epoch=012, loss=0.5890
Epoch=013, loss=0.5735
Epoch=014, loss=0.5495
Epoch=015, loss=0.5399
Epoch=016, loss=0.5354
Epoch=017, loss=0.5179
Epoch=018, loss=0.4994
Epoch=019, loss=0.4963
Epoch=020, loss=0.4787
Epoch=021, loss=0.4591
Epoch=022, loss=0.4477
Epoch=023, loss=0.4423
Epoch=024, loss=0.4224
Epoch=025, loss=0.4150
Epoch=026, loss=0.4085
Epoch=027, loss=0.3921
Epoch=028, loss=0.3800
Epoch=029, loss=0.3741
Epoch=030, loss=0.3589
Epoch=031, loss=0.3403
Epoch=032, loss=0.3389
Epoch=033, loss=0.3262
Epoch=034, loss=0.3198
Epoch=035, loss=0.3099
Epoch=036, loss=0.3029
Epoch=037, loss=0.2984
Epoch=038, loss=0.2833
Epoch=039, loss=0.2726
Epoch=040, loss=0.2607
Epoch=041, loss=0.2616
Epoch=042, loss=0.2548
Epoch=043, loss=0.2445
Epoch=044, loss=0.2372
Epoch=045, loss=0.2318
Epoch=046, loss=0.2303
Epoch=047, loss=0.2246
Epoch=048, loss=0.2106
Epoch=049, loss=0.2128
Epoch=050, loss=0.2091
Epoch=051, loss=0.2002
Epoch=052, loss=0.1882
Epoch=053, loss=0.1854
Epoch=054, loss=0.1867
Epoch=055, loss=0.1786
Epoch=056, loss=0.1739
Epoch=057, loss=0.1723
Epoch=058, loss=0.1673
Epoch=059, loss=0.1664
Epoch=060, loss=0.1635
Epoch=061, loss=0.1546
Epoch=062, loss=0.1533
Epoch=063, loss=0.1495
Epoch=064, loss=0.1476
Epoch=065, loss=0.1428
Epoch=066, loss=0.1396
Epoch=067, loss=0.1378
Epoch=068, loss=0.1322
Epoch=069, loss=0.1316
Epoch=070, loss=0.1255
Epoch=071, loss=0.1387
Epoch=072, loss=0.1301
Epoch=073, loss=0.1276
Epoch=074, loss=0.1227
Epoch=075, loss=0.1212
Epoch=076, loss=0.1145
Epoch=077, loss=0.1180
Epoch=078, loss=0.1146
Epoch=079, loss=0.1111
Epoch=080, loss=0.1153
Epoch=081, loss=0.1149
Epoch=082, loss=0.1059
Epoch=083, loss=0.1082
Epoch=084, loss=0.1073
Epoch=085, loss=0.1024
Epoch=086, loss=0.1046
Epoch=087, loss=0.1038
Epoch=088, loss=0.1095
Epoch=089, loss=0.0954
Epoch=090, loss=0.0971
Epoch=091, loss=0.1006
Epoch=092, loss=0.0969
Epoch=093, loss=0.0977
Epoch=094, loss=0.0928
Epoch=095, loss=0.0920
Epoch=096, loss=0.0940
Epoch=097, loss=0.0929
Epoch=098, loss=0.0941
Epoch=099, loss=0.0885
Epoch=100, loss=0.0883
Epoch=101, loss=0.0877
Epoch=102, loss=0.0857
Epoch=103, loss=0.0841
Epoch=104, loss=0.0842
Epoch=105, loss=0.0849
Epoch=106, loss=0.0802
Epoch=107, loss=0.0829
Epoch=108, loss=0.0848
Epoch=109, loss=0.0879
Epoch=110, loss=0.0802
Epoch=111, loss=0.0816
Epoch=112, loss=0.0810
Epoch=113, loss=0.0754
Epoch=114, loss=0.0757
Epoch=115, loss=0.0774
Epoch=116, loss=0.0795
Epoch=117, loss=0.0758
Epoch=118, loss=0.0805
Epoch=119, loss=0.0756
Epoch=120, loss=0.0749
Epoch=121, loss=0.0710
Epoch=122, loss=0.0756
Epoch=123, loss=0.0702
Epoch=124, loss=0.0723
Epoch=125, loss=0.0696
Epoch=126, loss=0.0677
Epoch=127, loss=0.0697
Epoch=128, loss=0.0736
Epoch=129, loss=0.0691
Epoch=130, loss=0.0750
Epoch=131, loss=0.0729
Epoch=132, loss=0.0729
Epoch=133, loss=0.0716
Epoch=134, loss=0.0704
Epoch=135, loss=0.0671
Epoch=136, loss=0.0674
Epoch=137, loss=0.0657
Epoch=138, loss=0.0689
Epoch=139, loss=0.0685
Epoch=140, loss=0.0643
Epoch=141, loss=0.0678
Epoch=142, loss=0.0651
Epoch=143, loss=0.0635
Epoch=144, loss=0.0628
Epoch=145, loss=0.0618
Epoch=146, loss=0.0634
Epoch=147, loss=0.0612
Epoch=148, loss=0.0570
Epoch=149, loss=0.0629
Epoch=150, loss=0.0603
Epoch=151, loss=0.0620
Epoch=152, loss=0.0588
Epoch=153, loss=0.0632
Epoch=154, loss=0.0589
Epoch=155, loss=0.0615
Epoch=156, loss=0.0533
Epoch=157, loss=0.0614
Epoch=158, loss=0.0568
Epoch=159, loss=0.0564
Epoch=160, loss=0.0594
Epoch=161, loss=0.0588
Epoch=162, loss=0.0478
Epoch=163, loss=0.0565
Epoch=164, loss=0.0579
Epoch=165, loss=0.0590
Epoch=166, loss=0.0560
Epoch=167, loss=0.0563
Epoch=168, loss=0.0582
Epoch=169, loss=0.0533
Epoch=170, loss=0.0536
Epoch=171, loss=0.0529
Epoch=172, loss=0.0582
Epoch=173, loss=0.0619
Epoch=174, loss=0.0606
Epoch=175, loss=0.0551
Epoch=176, loss=0.0541
Epoch=177, loss=0.0553
Epoch=178, loss=0.0522
Epoch=179, loss=0.0523
Epoch=180, loss=0.0531
Epoch=181, loss=0.0481
Epoch=182, loss=0.0507
Early stopping!
Loading 162th epoch
Early stopping!
Start to test process.
done with the edge prediction
done with the node prediction
done with the second node prediction
(E) | label_classification: F1Mi=0.7995+-0.0195, F1Ma=0.7769+-0.0216, acc=0.7995+-0.0195
[['MVGRL', 'heat', 16, 15, 2, 'normalize', 0.1, 0.2, 0.4, 0.001, 0.5, 0.2, 0.5, 0.0001, 512, 512, 0.923082964752908, 0.9237511172202681, 0.922334361913952, 0.9228558680532205, 0.6928571462631226, 0.6460000276565552, 0.5981624722480774, 0.7142857313156128, 0.6520000100135803, 0.6010638475418091, 0.6120481927710844, 0.01825983286128384, 0.541586118396338, 0.03163488192928861, 0.6120481927710844, 0.01825983286128384], ['MVGRL', 'heat', 32, 15, 2, 'normalize', 0.1, 0.2, 0.4, 0.001, 0.5, 0.2, 0.5, 0.0001, 512, 512, 0.9584507736614335, 0.9547559389144283, 0.9493355033143821, 0.9404277670271122, 0.8214285969734192, 0.765999972820282, 0.7137330770492554, 0.8285714387893677, 0.7720000147819519, 0.7108317017555237, 0.7460551884959192, 0.020137392829879412, 0.7122334207911282, 0.027809067915930855, 0.7460551884959192, 0.020137392829879433], ['MVGRL', 'heat', 64, 15, 2, 'normalize', 0.1, 0.2, 0.4, 0.001, 0.5, 0.2, 0.5, 0.0001, 512, 512, 0.9815954299601869, 0.9793470166640358, 0.971256152580393, 0.966801007606153, 0.8214285969734192, 0.7900000214576721, 0.7703094482421875, 0.9571428298950195, 0.7879999876022339, 0.7649903297424316, 0.7860862806062962, 0.0037164502410826352, 0.7685301564750209, 0.008401669209820042, 0.7860862806062963, 0.003716450241082608], ['MVGRL', 'heat', 128, 15, 2, 'normalize', 0.1, 0.2, 0.4, 0.001, 0.5, 0.2, 0.5, 0.0001, 512, 512, 0.9888083910034601, 0.9876035359979053, 0.9686042869127819, 0.9638209386362507, 0.9357143044471741, 0.7940000295639038, 0.7819148898124695, 0.9285714030265808, 0.7979999780654907, 0.7911025285720825, 0.7954916439953362, 0.003346918016573804, 0.7708553744103014, 0.02085292437520698, 0.7954916439953362, 0.003346918016573804], ['MVGRL', 'heat', 256, 15, 2, 'normalize', 0.1, 0.2, 0.4, 0.001, 0.5, 0.2, 0.5, 0.0001, 512, 512, 0.9944693077360583, 0.9939778637613007, 0.9757425403900926, 0.9746329829976436, 0.9785714149475098, 0.8299999833106995, 0.7973887920379639, 0.8142856955528259, 0.8259999752044678, 0.8031914830207825, 0.794325689856199, 0.009612818719608182, 0.7721969878730648, 0.012465194874274183, 0.794325689856199, 0.009612818719608182], ['MVGRL', 'heat', 512, 15, 2, 'normalize', 0.1, 0.2, 0.4, 0.001, 0.5, 0.2, 0.5, 0.0001, 512, 512, 0.9918657120115912, 0.9911689666447256, 0.9741978691458221, 0.9711505001688563, 0.9142857193946838, 0.8360000252723694, 0.8147969245910645, 0.8857142925262451, 0.8360000252723694, 0.8133462071418762, 0.7995336183443451, 0.019512312093165604, 0.7768918652908596, 0.021622142958047777, 0.7995336183443451, 0.019512312093165604]]
