My SLURM_ARRAY_TASK_ID:  20
My SLURM_ARRAY_JOB_ID:  4522329
MVGRL
Cora
result file is 4522329_20
Dataset: Cora():
======================
Number of graphs: 1
Number of features: 1433
Number of classes: 7
Data(x=[2708, 1433], edge_index=[2, 10556], y=[2708], train_mask=[2708], val_mask=[2708], test_mask=[2708])
==============================================================
Number of nodes: 2708
Number of edges: 10556
Average node degree: 3.90
Number of training nodes: 140
Training node label rate: 0.05
Contains isolated nodes: False
Contains self-loops: False
Is undirected: True
Epoch=000, loss=0.6954
Epoch=001, loss=0.6945
Epoch=002, loss=0.6938
Epoch=003, loss=0.6935
Epoch=004, loss=0.6930
Epoch=005, loss=0.6928
Epoch=006, loss=0.6922
Epoch=007, loss=0.6918
Epoch=008, loss=0.6914
Epoch=009, loss=0.6911
Epoch=010, loss=0.6911
Epoch=011, loss=0.6901
Epoch=012, loss=0.6898
Epoch=013, loss=0.6894
Epoch=014, loss=0.6894
Epoch=015, loss=0.6891
Epoch=016, loss=0.6883
Epoch=017, loss=0.6875
Epoch=018, loss=0.6871
Epoch=019, loss=0.6871
Epoch=020, loss=0.6864
Epoch=021, loss=0.6857
Epoch=022, loss=0.6852
Epoch=023, loss=0.6844
Epoch=024, loss=0.6833
Epoch=025, loss=0.6836
Epoch=026, loss=0.6823
Epoch=027, loss=0.6817
Epoch=028, loss=0.6812
Epoch=029, loss=0.6802
Epoch=030, loss=0.6795
Epoch=031, loss=0.6787
Epoch=032, loss=0.6772
Epoch=033, loss=0.6767
Epoch=034, loss=0.6754
Epoch=035, loss=0.6756
Epoch=036, loss=0.6741
Epoch=037, loss=0.6740
Epoch=038, loss=0.6722
Epoch=039, loss=0.6711
Epoch=040, loss=0.6696
Epoch=041, loss=0.6691
Epoch=042, loss=0.6676
Epoch=043, loss=0.6682
Epoch=044, loss=0.6656
Epoch=045, loss=0.6645
Epoch=046, loss=0.6627
Epoch=047, loss=0.6614
Epoch=048, loss=0.6600
Epoch=049, loss=0.6597
Epoch=050, loss=0.6555
Epoch=051, loss=0.6576
Epoch=052, loss=0.6544
Epoch=053, loss=0.6552
Epoch=054, loss=0.6534
Epoch=055, loss=0.6518
Epoch=056, loss=0.6493
Epoch=057, loss=0.6496
Epoch=058, loss=0.6458
Epoch=059, loss=0.6463
Epoch=060, loss=0.6437
Epoch=061, loss=0.6419
Epoch=062, loss=0.6406
Epoch=063, loss=0.6365
Epoch=064, loss=0.6369
Epoch=065, loss=0.6344
Epoch=066, loss=0.6344
Epoch=067, loss=0.6333
Epoch=068, loss=0.6296
Epoch=069, loss=0.6316
Epoch=070, loss=0.6264
Epoch=071, loss=0.6247
Epoch=072, loss=0.6246
Epoch=073, loss=0.6202
Epoch=074, loss=0.6195
Epoch=075, loss=0.6182
Epoch=076, loss=0.6149
Epoch=077, loss=0.6153
Epoch=078, loss=0.6151
Epoch=079, loss=0.6109
Epoch=080, loss=0.6118
Epoch=081, loss=0.6089
Epoch=082, loss=0.6041
Epoch=083, loss=0.6045
Epoch=084, loss=0.6021
Epoch=085, loss=0.5987
Epoch=086, loss=0.6016
Epoch=087, loss=0.5952
Epoch=088, loss=0.5991
Epoch=089, loss=0.5954
Epoch=090, loss=0.5891
Epoch=091, loss=0.5874
Epoch=092, loss=0.5855
Epoch=093, loss=0.5822
Epoch=094, loss=0.5841
Epoch=095, loss=0.5847
Epoch=096, loss=0.5783
Epoch=097, loss=0.5801
Epoch=098, loss=0.5733
Epoch=099, loss=0.5738
Epoch=100, loss=0.5756
Epoch=101, loss=0.5718
Epoch=102, loss=0.5711
Epoch=103, loss=0.5631
Epoch=104, loss=0.5658
Epoch=105, loss=0.5669
Epoch=106, loss=0.5627
Epoch=107, loss=0.5587
Epoch=108, loss=0.5599
Epoch=109, loss=0.5628
Epoch=110, loss=0.5565
Epoch=111, loss=0.5556
Epoch=112, loss=0.5516
Epoch=113, loss=0.5549
Epoch=114, loss=0.5504
Epoch=115, loss=0.5472
Epoch=116, loss=0.5479
Epoch=117, loss=0.5429
Epoch=118, loss=0.5446
Epoch=119, loss=0.5436
Epoch=120, loss=0.5401
Epoch=121, loss=0.5411
Epoch=122, loss=0.5405
Epoch=123, loss=0.5323
Epoch=124, loss=0.5353
Epoch=125, loss=0.5329
Epoch=126, loss=0.5359
Epoch=127, loss=0.5319
Epoch=128, loss=0.5289
Epoch=129, loss=0.5285
Epoch=130, loss=0.5260
Epoch=131, loss=0.5193
Epoch=132, loss=0.5258
Epoch=133, loss=0.5207
Epoch=134, loss=0.5169
Epoch=135, loss=0.5164
Epoch=136, loss=0.5155
Epoch=137, loss=0.5145
Epoch=138, loss=0.5062
Epoch=139, loss=0.5131
Epoch=140, loss=0.5127
Epoch=141, loss=0.5087
Epoch=142, loss=0.5031
Epoch=143, loss=0.5048
Epoch=144, loss=0.5012
Epoch=145, loss=0.4970
Epoch=146, loss=0.5001
Epoch=147, loss=0.4982
Epoch=148, loss=0.4947
Epoch=149, loss=0.5000
Epoch=150, loss=0.4966
Epoch=151, loss=0.4916
Epoch=152, loss=0.4982
Epoch=153, loss=0.4922
Epoch=154, loss=0.4892
Epoch=155, loss=0.4896
Epoch=156, loss=0.4898
Epoch=157, loss=0.4817
Epoch=158, loss=0.4822
Epoch=159, loss=0.4810
Epoch=160, loss=0.4841
Epoch=161, loss=0.4838
Epoch=162, loss=0.4794
Epoch=163, loss=0.4748
Epoch=164, loss=0.4735
Epoch=165, loss=0.4772
Epoch=166, loss=0.4720
Epoch=167, loss=0.4709
Epoch=168, loss=0.4684
Epoch=169, loss=0.4702
Epoch=170, loss=0.4694
Epoch=171, loss=0.4628
Epoch=172, loss=0.4662
Epoch=173, loss=0.4629
Epoch=174, loss=0.4640
Epoch=175, loss=0.4599
Epoch=176, loss=0.4634
Epoch=177, loss=0.4593
Epoch=178, loss=0.4622
Epoch=179, loss=0.4597
Epoch=180, loss=0.4553
Epoch=181, loss=0.4533
Epoch=182, loss=0.4513
Epoch=183, loss=0.4507
Epoch=184, loss=0.4488
Epoch=185, loss=0.4524
Epoch=186, loss=0.4474
Epoch=187, loss=0.4528
Epoch=188, loss=0.4430
Epoch=189, loss=0.4406
Epoch=190, loss=0.4456
Epoch=191, loss=0.4418
Epoch=192, loss=0.4396
Epoch=193, loss=0.4422
Epoch=194, loss=0.4387
Epoch=195, loss=0.4401
Epoch=196, loss=0.4354
Epoch=197, loss=0.4328
Epoch=198, loss=0.4405
Epoch=199, loss=0.4318
Epoch=200, loss=0.4328
Epoch=201, loss=0.4310
Epoch=202, loss=0.4286
Epoch=203, loss=0.4301
Epoch=204, loss=0.4286
Epoch=205, loss=0.4258
Epoch=206, loss=0.4305
Epoch=207, loss=0.4216
Epoch=208, loss=0.4242
Epoch=209, loss=0.4215
Epoch=210, loss=0.4241
Epoch=211, loss=0.4198
Epoch=212, loss=0.4225
Epoch=213, loss=0.4222
Epoch=214, loss=0.4145
Epoch=215, loss=0.4143
Epoch=216, loss=0.4143
Epoch=217, loss=0.4149
Epoch=218, loss=0.4101
Epoch=219, loss=0.4137
Epoch=220, loss=0.4114
Epoch=221, loss=0.4086
Epoch=222, loss=0.4083
Epoch=223, loss=0.4050
Epoch=224, loss=0.4026
Epoch=225, loss=0.4107
Epoch=226, loss=0.4043
Epoch=227, loss=0.4053
Epoch=228, loss=0.4072
Epoch=229, loss=0.4010
Epoch=230, loss=0.4056
Epoch=231, loss=0.3980
Epoch=232, loss=0.4000
Epoch=233, loss=0.4003
Epoch=234, loss=0.3953
Epoch=235, loss=0.3950
Epoch=236, loss=0.3940
Epoch=237, loss=0.3937
Epoch=238, loss=0.3949
Epoch=239, loss=0.3914
Epoch=240, loss=0.3935
Epoch=241, loss=0.3902
Epoch=242, loss=0.3903
Epoch=243, loss=0.3831
Epoch=244, loss=0.3858
Epoch=245, loss=0.3914
Epoch=246, loss=0.3887
Epoch=247, loss=0.3946
Epoch=248, loss=0.3823
Epoch=249, loss=0.3815
Epoch=250, loss=0.3862
Epoch=251, loss=0.3841
Epoch=252, loss=0.3818
Epoch=253, loss=0.3785
Epoch=254, loss=0.3762
Epoch=255, loss=0.3770
Epoch=256, loss=0.3780
Epoch=257, loss=0.3777
Epoch=258, loss=0.3758
Epoch=259, loss=0.3760
Epoch=260, loss=0.3741
Epoch=261, loss=0.3720
Epoch=262, loss=0.3738
Epoch=263, loss=0.3696
Epoch=264, loss=0.3737
Epoch=265, loss=0.3700
Epoch=266, loss=0.3736
Epoch=267, loss=0.3705
Epoch=268, loss=0.3642
Epoch=269, loss=0.3672
Epoch=270, loss=0.3683
Epoch=271, loss=0.3652
Epoch=272, loss=0.3594
Epoch=273, loss=0.3592
Epoch=274, loss=0.3628
Epoch=275, loss=0.3600
Epoch=276, loss=0.3572
Epoch=277, loss=0.3561
Epoch=278, loss=0.3598
Epoch=279, loss=0.3553
Epoch=280, loss=0.3564
Epoch=281, loss=0.3548
Epoch=282, loss=0.3533
Epoch=283, loss=0.3518
Epoch=284, loss=0.3522
Epoch=285, loss=0.3512
Epoch=286, loss=0.3524
Epoch=287, loss=0.3491
Epoch=288, loss=0.3512
Epoch=289, loss=0.3465
Epoch=290, loss=0.3479
Epoch=291, loss=0.3422
Epoch=292, loss=0.3448
Epoch=293, loss=0.3448
Epoch=294, loss=0.3438
Epoch=295, loss=0.3486
Epoch=296, loss=0.3416
Epoch=297, loss=0.3424
Epoch=298, loss=0.3441
Epoch=299, loss=0.3432
Epoch=300, loss=0.3436
Epoch=301, loss=0.3345
Epoch=302, loss=0.3410
Epoch=303, loss=0.3387
Epoch=304, loss=0.3374
Epoch=305, loss=0.3368
Epoch=306, loss=0.3332
Epoch=307, loss=0.3352
Epoch=308, loss=0.3387
Epoch=309, loss=0.3357
Epoch=310, loss=0.3386
Epoch=311, loss=0.3282
Epoch=312, loss=0.3310
Epoch=313, loss=0.3334
Epoch=314, loss=0.3239
Epoch=315, loss=0.3232
Epoch=316, loss=0.3247
Epoch=317, loss=0.3253
Epoch=318, loss=0.3250
Epoch=319, loss=0.3277
Epoch=320, loss=0.3261
Epoch=321, loss=0.3227
Epoch=322, loss=0.3245
Epoch=323, loss=0.3241
Epoch=324, loss=0.3233
Epoch=325, loss=0.3217
Epoch=326, loss=0.3174
Epoch=327, loss=0.3211
Epoch=328, loss=0.3189
Epoch=329, loss=0.3195
Epoch=330, loss=0.3182
Epoch=331, loss=0.3139
Epoch=332, loss=0.3140
Epoch=333, loss=0.3137
Epoch=334, loss=0.3148
Epoch=335, loss=0.3149
Epoch=336, loss=0.3108
Epoch=337, loss=0.3102
Epoch=338, loss=0.3072
Epoch=339, loss=0.3104
Epoch=340, loss=0.3106
Epoch=341, loss=0.3101
Epoch=342, loss=0.3061
Epoch=343, loss=0.3114
Epoch=344, loss=0.3093
Epoch=345, loss=0.3047
Epoch=346, loss=0.3043
Epoch=347, loss=0.3078
Epoch=348, loss=0.3054
Epoch=349, loss=0.3009
Epoch=350, loss=0.3027
Epoch=351, loss=0.3059
Epoch=352, loss=0.2981
Epoch=353, loss=0.2973
Epoch=354, loss=0.2972
Epoch=355, loss=0.2995
Epoch=356, loss=0.2970
Epoch=357, loss=0.2982
Epoch=358, loss=0.2922
Epoch=359, loss=0.2938
Epoch=360, loss=0.3013
Epoch=361, loss=0.2929
Epoch=362, loss=0.2908
Epoch=363, loss=0.2936
Epoch=364, loss=0.2946
Epoch=365, loss=0.2922
Epoch=366, loss=0.2915
Epoch=367, loss=0.2946
Epoch=368, loss=0.2849
Epoch=369, loss=0.2900
Epoch=370, loss=0.2891
Epoch=371, loss=0.2926
Epoch=372, loss=0.2915
Epoch=373, loss=0.2845
Epoch=374, loss=0.2870
Epoch=375, loss=0.2827
Epoch=376, loss=0.2818
Epoch=377, loss=0.2844
Epoch=378, loss=0.2817
Epoch=379, loss=0.2865
Epoch=380, loss=0.2806
Epoch=381, loss=0.2810
Epoch=382, loss=0.2833
Epoch=383, loss=0.2859
Epoch=384, loss=0.2766
Epoch=385, loss=0.2821
Epoch=386, loss=0.2771
Epoch=387, loss=0.2757
Epoch=388, loss=0.2814
Epoch=389, loss=0.2769
Epoch=390, loss=0.2767
Epoch=391, loss=0.2728
Epoch=392, loss=0.2733
Epoch=393, loss=0.2772
Epoch=394, loss=0.2725
Epoch=395, loss=0.2736
Epoch=396, loss=0.2711
Epoch=397, loss=0.2717
Epoch=398, loss=0.2702
Epoch=399, loss=0.2676
Epoch=400, loss=0.2706
Epoch=401, loss=0.2704
Epoch=402, loss=0.2686
Epoch=403, loss=0.2649
Epoch=404, loss=0.2646
Epoch=405, loss=0.2659
Epoch=406, loss=0.2633
Epoch=407, loss=0.2722
Epoch=408, loss=0.2626
Epoch=409, loss=0.2611
Epoch=410, loss=0.2659
Epoch=411, loss=0.2601
Epoch=412, loss=0.2649
Epoch=413, loss=0.2639
Epoch=414, loss=0.2594
Epoch=415, loss=0.2599
Epoch=416, loss=0.2592
Epoch=417, loss=0.2623
Epoch=418, loss=0.2530
Epoch=419, loss=0.2635
Epoch=420, loss=0.2577
Epoch=421, loss=0.2542
Epoch=422, loss=0.2597
Epoch=423, loss=0.2554
Epoch=424, loss=0.2515
Epoch=425, loss=0.2526
Epoch=426, loss=0.2534
Epoch=427, loss=0.2585
Epoch=428, loss=0.2583
Epoch=429, loss=0.2511
Epoch=430, loss=0.2512
Epoch=431, loss=0.2479
Epoch=432, loss=0.2473
Epoch=433, loss=0.2467
Epoch=434, loss=0.2483
Epoch=435, loss=0.2479
Epoch=436, loss=0.2511
Epoch=437, loss=0.2452
Epoch=438, loss=0.2477
Epoch=439, loss=0.2494
Epoch=440, loss=0.2484
Epoch=441, loss=0.2498
Epoch=442, loss=0.2485
Epoch=443, loss=0.2464
Epoch=444, loss=0.2444
Epoch=445, loss=0.2444
Epoch=446, loss=0.2411
Epoch=447, loss=0.2462
Epoch=448, loss=0.2362
Epoch=449, loss=0.2384
Epoch=450, loss=0.2409
Epoch=451, loss=0.2448
Epoch=452, loss=0.2404
Epoch=453, loss=0.2381
Epoch=454, loss=0.2378
Epoch=455, loss=0.2347
Epoch=456, loss=0.2336
Epoch=457, loss=0.2415
Epoch=458, loss=0.2384
Epoch=459, loss=0.2401
Epoch=460, loss=0.2362
Epoch=461, loss=0.2337
Epoch=462, loss=0.2310
Epoch=463, loss=0.2328
Epoch=464, loss=0.2345
Epoch=465, loss=0.2314
Epoch=466, loss=0.2300
Epoch=467, loss=0.2340
Epoch=468, loss=0.2279
Epoch=469, loss=0.2304
Epoch=470, loss=0.2314
Epoch=471, loss=0.2275
Epoch=472, loss=0.2298
Epoch=473, loss=0.2302
Epoch=474, loss=0.2283
Epoch=475, loss=0.2247
Epoch=476, loss=0.2247
Epoch=477, loss=0.2263
Epoch=478, loss=0.2247
Epoch=479, loss=0.2270
Epoch=480, loss=0.2234
Epoch=481, loss=0.2249
Epoch=482, loss=0.2232
Epoch=483, loss=0.2248
Epoch=484, loss=0.2231
Epoch=485, loss=0.2235
Epoch=486, loss=0.2195
Epoch=487, loss=0.2190
Epoch=488, loss=0.2180
Epoch=489, loss=0.2264
Epoch=490, loss=0.2155
Epoch=491, loss=0.2162
Epoch=492, loss=0.2202
Epoch=493, loss=0.2179
Epoch=494, loss=0.2185
Epoch=495, loss=0.2133
Epoch=496, loss=0.2168
Epoch=497, loss=0.2126
Epoch=498, loss=0.2120
Epoch=499, loss=0.2201
Loading 498th epoch
Early stopping!
Start to test process.
done with the edge prediction
done with the node prediction
done with the second node prediction
(E) | label_classification: F1Mi=0.6688+-0.0176, F1Ma=0.5898+-0.0323, acc=0.6688+-0.0176
[['MVGRL', 'heat', 16, 15, 2, 'normalize', 0.1, 0.2, 0.4, 0.001, 0.5, 0.2, 0.5, 0.0001, 512, 512, 0.8971609725359921, 0.8907275164689972, 0.8965340313759095, 0.881266595256185, 0.6928571462631226, 0.6740000247955322, 0.6397485733032227, 0.7571428418159485, 0.6660000085830688, 0.6576402187347412, 0.6687912942090944, 0.017619929400802474, 0.5897706969856971, 0.03225714793358455, 0.6687912942090944, 0.017619929400802474]]
Epoch=000, loss=0.6930
Epoch=001, loss=0.6923
Epoch=002, loss=0.6913
Epoch=003, loss=0.6905
Epoch=004, loss=0.6898
Epoch=005, loss=0.6889
Epoch=006, loss=0.6882
Epoch=007, loss=0.6873
Epoch=008, loss=0.6865
Epoch=009, loss=0.6855
Epoch=010, loss=0.6845
Epoch=011, loss=0.6829
Epoch=012, loss=0.6812
Epoch=013, loss=0.6805
Epoch=014, loss=0.6794
Epoch=015, loss=0.6773
Epoch=016, loss=0.6766
Epoch=017, loss=0.6735
Epoch=018, loss=0.6732
Epoch=019, loss=0.6708
Epoch=020, loss=0.6696
Epoch=021, loss=0.6672
Epoch=022, loss=0.6652
Epoch=023, loss=0.6631
Epoch=024, loss=0.6624
Epoch=025, loss=0.6595
Epoch=026, loss=0.6578
Epoch=027, loss=0.6539
Epoch=028, loss=0.6532
Epoch=029, loss=0.6511
Epoch=030, loss=0.6480
Epoch=031, loss=0.6426
Epoch=032, loss=0.6443
Epoch=033, loss=0.6394
Epoch=034, loss=0.6369
Epoch=035, loss=0.6355
Epoch=036, loss=0.6298
Epoch=037, loss=0.6286
Epoch=038, loss=0.6250
Epoch=039, loss=0.6236
Epoch=040, loss=0.6179
Epoch=041, loss=0.6182
Epoch=042, loss=0.6124
Epoch=043, loss=0.6113
Epoch=044, loss=0.6084
Epoch=045, loss=0.6058
Epoch=046, loss=0.6008
Epoch=047, loss=0.5975
Epoch=048, loss=0.5974
Epoch=049, loss=0.5895
Epoch=050, loss=0.5880
Epoch=051, loss=0.5879
Epoch=052, loss=0.5843
Epoch=053, loss=0.5829
Epoch=054, loss=0.5800
Epoch=055, loss=0.5838
Epoch=056, loss=0.5748
Epoch=057, loss=0.5689
Epoch=058, loss=0.5755
Epoch=059, loss=0.5676
Epoch=060, loss=0.5603
Epoch=061, loss=0.5617
Epoch=062, loss=0.5575
Epoch=063, loss=0.5504
Epoch=064, loss=0.5473
Epoch=065, loss=0.5465
Epoch=066, loss=0.5465
Epoch=067, loss=0.5459
Epoch=068, loss=0.5364
Epoch=069, loss=0.5416
Epoch=070, loss=0.5321
Epoch=071, loss=0.5271
Epoch=072, loss=0.5336
Epoch=073, loss=0.5294
Epoch=074, loss=0.5303
Epoch=075, loss=0.5222
Epoch=076, loss=0.5213
Epoch=077, loss=0.5184
Epoch=078, loss=0.5125
Epoch=079, loss=0.5126
Epoch=080, loss=0.5094
Epoch=081, loss=0.5053
Epoch=082, loss=0.5074
Epoch=083, loss=0.4978
Epoch=084, loss=0.5019
Epoch=085, loss=0.4939
Epoch=086, loss=0.4947
Epoch=087, loss=0.4948
Epoch=088, loss=0.4893
Epoch=089, loss=0.4845
Epoch=090, loss=0.4813
Epoch=091, loss=0.4783
Epoch=092, loss=0.4761
Epoch=093, loss=0.4771
Epoch=094, loss=0.4739
Epoch=095, loss=0.4717
Epoch=096, loss=0.4687
Epoch=097, loss=0.4691
Epoch=098, loss=0.4636
Epoch=099, loss=0.4639
Epoch=100, loss=0.4635
Epoch=101, loss=0.4556
Epoch=102, loss=0.4563
Epoch=103, loss=0.4543
Epoch=104, loss=0.4489
Epoch=105, loss=0.4536
Epoch=106, loss=0.4503
Epoch=107, loss=0.4437
Epoch=108, loss=0.4415
Epoch=109, loss=0.4403
Epoch=110, loss=0.4374
Epoch=111, loss=0.4318
Epoch=112, loss=0.4337
Epoch=113, loss=0.4367
Epoch=114, loss=0.4318
Epoch=115, loss=0.4307
Epoch=116, loss=0.4273
Epoch=117, loss=0.4226
Epoch=118, loss=0.4201
Epoch=119, loss=0.4213
Epoch=120, loss=0.4185
Epoch=121, loss=0.4120
Epoch=122, loss=0.4127
Epoch=123, loss=0.4164
Epoch=124, loss=0.4078
Epoch=125, loss=0.4084
Epoch=126, loss=0.4057
Epoch=127, loss=0.4056
Epoch=128, loss=0.4021
Epoch=129, loss=0.4017
Epoch=130, loss=0.3979
Epoch=131, loss=0.3985
Epoch=132, loss=0.3993
Epoch=133, loss=0.3941
Epoch=134, loss=0.3880
Epoch=135, loss=0.3911
Epoch=136, loss=0.3901
Epoch=137, loss=0.3885
Epoch=138, loss=0.3830
Epoch=139, loss=0.3866
Epoch=140, loss=0.3841
Epoch=141, loss=0.3830
Epoch=142, loss=0.3815
Epoch=143, loss=0.3784
Epoch=144, loss=0.3734
Epoch=145, loss=0.3725
Epoch=146, loss=0.3722
Epoch=147, loss=0.3663
Epoch=148, loss=0.3702
Epoch=149, loss=0.3667
Epoch=150, loss=0.3646
Epoch=151, loss=0.3648
Epoch=152, loss=0.3653
Epoch=153, loss=0.3569
Epoch=154, loss=0.3587
Epoch=155, loss=0.3620
Epoch=156, loss=0.3591
Epoch=157, loss=0.3525
Epoch=158, loss=0.3535
Epoch=159, loss=0.3546
Epoch=160, loss=0.3516
Epoch=161, loss=0.3514
Epoch=162, loss=0.3524
Epoch=163, loss=0.3470
Epoch=164, loss=0.3455
Epoch=165, loss=0.3400
Epoch=166, loss=0.3433
Epoch=167, loss=0.3383
Epoch=168, loss=0.3398
Epoch=169, loss=0.3353
Epoch=170, loss=0.3384
Epoch=171, loss=0.3347
Epoch=172, loss=0.3327
Epoch=173, loss=0.3319
Epoch=174, loss=0.3333
Epoch=175, loss=0.3294
Epoch=176, loss=0.3261
Epoch=177, loss=0.3262
Epoch=178, loss=0.3262
Epoch=179, loss=0.3226
Epoch=180, loss=0.3226
Epoch=181, loss=0.3240
Epoch=182, loss=0.3199
Epoch=183, loss=0.3172
Epoch=184, loss=0.3143
Epoch=185, loss=0.3165
Epoch=186, loss=0.3114
Epoch=187, loss=0.3157
Epoch=188, loss=0.3141
Epoch=189, loss=0.3102
Epoch=190, loss=0.3082
Epoch=191, loss=0.3046
Epoch=192, loss=0.3042
Epoch=193, loss=0.3048
Epoch=194, loss=0.3009
Epoch=195, loss=0.3040
Epoch=196, loss=0.2987
Epoch=197, loss=0.3052
Epoch=198, loss=0.2971
Epoch=199, loss=0.2986
Epoch=200, loss=0.2983
Epoch=201, loss=0.2973
Epoch=202, loss=0.2935
Epoch=203, loss=0.2934
Epoch=204, loss=0.2946
Epoch=205, loss=0.2893
Epoch=206, loss=0.2881
Epoch=207, loss=0.2905
Epoch=208, loss=0.2883
Epoch=209, loss=0.2857
Epoch=210, loss=0.2845
Epoch=211, loss=0.2856
Epoch=212, loss=0.2851
Epoch=213, loss=0.2773
Epoch=214, loss=0.2799
Epoch=215, loss=0.2793
Epoch=216, loss=0.2776
Epoch=217, loss=0.2749
Epoch=218, loss=0.2750
Epoch=219, loss=0.2716
Epoch=220, loss=0.2728
Epoch=221, loss=0.2755
Epoch=222, loss=0.2734
Epoch=223, loss=0.2730
Epoch=224, loss=0.2653
Epoch=225, loss=0.2688
Epoch=226, loss=0.2697
Epoch=227, loss=0.2630
Epoch=228, loss=0.2678
Epoch=229, loss=0.2623
Epoch=230, loss=0.2631
Epoch=231, loss=0.2653
Epoch=232, loss=0.2658
Epoch=233, loss=0.2578
Epoch=234, loss=0.2566
Epoch=235, loss=0.2553
Epoch=236, loss=0.2598
Epoch=237, loss=0.2590
Epoch=238, loss=0.2569
Epoch=239, loss=0.2570
Epoch=240, loss=0.2511
Epoch=241, loss=0.2490
Epoch=242, loss=0.2514
Epoch=243, loss=0.2464
Epoch=244, loss=0.2466
Epoch=245, loss=0.2451
Epoch=246, loss=0.2457
Epoch=247, loss=0.2450
Epoch=248, loss=0.2458
Epoch=249, loss=0.2421
Epoch=250, loss=0.2410
Epoch=251, loss=0.2426
Epoch=252, loss=0.2391
Epoch=253, loss=0.2368
Epoch=254, loss=0.2402
Epoch=255, loss=0.2385
Epoch=256, loss=0.2345
Epoch=257, loss=0.2374
Epoch=258, loss=0.2366
Epoch=259, loss=0.2380
Epoch=260, loss=0.2361
Epoch=261, loss=0.2304
Epoch=262, loss=0.2341
Epoch=263, loss=0.2271
Epoch=264, loss=0.2239
Epoch=265, loss=0.2322
Epoch=266, loss=0.2253
Epoch=267, loss=0.2237
Epoch=268, loss=0.2253
Epoch=269, loss=0.2242
Epoch=270, loss=0.2223
Epoch=271, loss=0.2251
Epoch=272, loss=0.2260
Epoch=273, loss=0.2208
Epoch=274, loss=0.2218
Epoch=275, loss=0.2210
Epoch=276, loss=0.2187
Epoch=277, loss=0.2178
Epoch=278, loss=0.2200
Epoch=279, loss=0.2178
Epoch=280, loss=0.2131
Epoch=281, loss=0.2160
Epoch=282, loss=0.2119
Epoch=283, loss=0.2149
Epoch=284, loss=0.2141
Epoch=285, loss=0.2162
Epoch=286, loss=0.2079
Epoch=287, loss=0.2105
Epoch=288, loss=0.2125
Epoch=289, loss=0.2073
Epoch=290, loss=0.2105
Epoch=291, loss=0.2056
Epoch=292, loss=0.2056
Epoch=293, loss=0.2055
Epoch=294, loss=0.2076
Epoch=295, loss=0.2072
Epoch=296, loss=0.2020
Epoch=297, loss=0.2018
Epoch=298, loss=0.2086
Epoch=299, loss=0.2031
Epoch=300, loss=0.1979
Epoch=301, loss=0.1993
Epoch=302, loss=0.2013
Epoch=303, loss=0.1974
Epoch=304, loss=0.1947
Epoch=305, loss=0.1939
Epoch=306, loss=0.2002
Epoch=307, loss=0.1956
Epoch=308, loss=0.1937
Epoch=309, loss=0.1971
Epoch=310, loss=0.1950
Epoch=311, loss=0.1903
Epoch=312, loss=0.1952
Epoch=313, loss=0.1915
Epoch=314, loss=0.1877
Epoch=315, loss=0.1890
Epoch=316, loss=0.1865
Epoch=317, loss=0.1868
Epoch=318, loss=0.1846
Epoch=319, loss=0.1840
Epoch=320, loss=0.1838
Epoch=321, loss=0.1848
Epoch=322, loss=0.1878
Epoch=323, loss=0.1846
Epoch=324, loss=0.1862
Epoch=325, loss=0.1808
Epoch=326, loss=0.1802
Epoch=327, loss=0.1868
Epoch=328, loss=0.1808
Epoch=329, loss=0.1787
Epoch=330, loss=0.1809
Epoch=331, loss=0.1845
Epoch=332, loss=0.1739
Epoch=333, loss=0.1777
Epoch=334, loss=0.1782
Epoch=335, loss=0.1730
Epoch=336, loss=0.1745
Epoch=337, loss=0.1722
Epoch=338, loss=0.1729
Epoch=339, loss=0.1735
Epoch=340, loss=0.1721
Epoch=341, loss=0.1700
Epoch=342, loss=0.1690
Epoch=343, loss=0.1695
Epoch=344, loss=0.1704
Epoch=345, loss=0.1694
Epoch=346, loss=0.1689
Epoch=347, loss=0.1683
Epoch=348, loss=0.1708
Epoch=349, loss=0.1644
Epoch=350, loss=0.1665
Epoch=351, loss=0.1625
Epoch=352, loss=0.1681
Epoch=353, loss=0.1661
Epoch=354, loss=0.1641
Epoch=355, loss=0.1635
Epoch=356, loss=0.1600
Epoch=357, loss=0.1602
Epoch=358, loss=0.1640
Epoch=359, loss=0.1606
Epoch=360, loss=0.1606
Epoch=361, loss=0.1674
Epoch=362, loss=0.1561
Epoch=363, loss=0.1562
Epoch=364, loss=0.1554
Epoch=365, loss=0.1572
Epoch=366, loss=0.1582
Epoch=367, loss=0.1539
Epoch=368, loss=0.1534
Epoch=369, loss=0.1528
Epoch=370, loss=0.1540
Epoch=371, loss=0.1579
Epoch=372, loss=0.1576
Epoch=373, loss=0.1497
Epoch=374, loss=0.1527
Epoch=375, loss=0.1499
Epoch=376, loss=0.1516
Epoch=377, loss=0.1528
Epoch=378, loss=0.1474
Epoch=379, loss=0.1504
Epoch=380, loss=0.1508
Epoch=381, loss=0.1541
Epoch=382, loss=0.1482
Epoch=383, loss=0.1482
Epoch=384, loss=0.1468
Epoch=385, loss=0.1493
Epoch=386, loss=0.1451
Epoch=387, loss=0.1469
Epoch=388, loss=0.1512
Epoch=389, loss=0.1481
Epoch=390, loss=0.1481
Epoch=391, loss=0.1452
Epoch=392, loss=0.1463
Epoch=393, loss=0.1432
Epoch=394, loss=0.1457
Epoch=395, loss=0.1444
Epoch=396, loss=0.1435
Epoch=397, loss=0.1448
Epoch=398, loss=0.1412
Epoch=399, loss=0.1426
Epoch=400, loss=0.1442
Epoch=401, loss=0.1406
Epoch=402, loss=0.1372
Epoch=403, loss=0.1420
Epoch=404, loss=0.1398
Epoch=405, loss=0.1381
Epoch=406, loss=0.1383
Epoch=407, loss=0.1371
Epoch=408, loss=0.1406
Epoch=409, loss=0.1347
Epoch=410, loss=0.1416
Epoch=411, loss=0.1372
Epoch=412, loss=0.1345
Epoch=413, loss=0.1387
Epoch=414, loss=0.1308
Epoch=415, loss=0.1378
Epoch=416, loss=0.1329
Epoch=417, loss=0.1318
Epoch=418, loss=0.1319
Epoch=419, loss=0.1372
Epoch=420, loss=0.1393
Epoch=421, loss=0.1302
Epoch=422, loss=0.1333
Epoch=423, loss=0.1333
Epoch=424, loss=0.1292
Epoch=425, loss=0.1302
Epoch=426, loss=0.1348
Epoch=427, loss=0.1272
Epoch=428, loss=0.1271
Epoch=429, loss=0.1263
Epoch=430, loss=0.1287
Epoch=431, loss=0.1236
Epoch=432, loss=0.1299
Epoch=433, loss=0.1312
Epoch=434, loss=0.1275
Epoch=435, loss=0.1285
Epoch=436, loss=0.1244
Epoch=437, loss=0.1251
Epoch=438, loss=0.1282
Epoch=439, loss=0.1286
Epoch=440, loss=0.1235
Epoch=441, loss=0.1228
Epoch=442, loss=0.1277
Epoch=443, loss=0.1210
Epoch=444, loss=0.1245
Epoch=445, loss=0.1219
Epoch=446, loss=0.1246
Epoch=447, loss=0.1211
Epoch=448, loss=0.1188
Epoch=449, loss=0.1213
Epoch=450, loss=0.1208
Epoch=451, loss=0.1208
Epoch=452, loss=0.1175
Epoch=453, loss=0.1260
Epoch=454, loss=0.1196
Epoch=455, loss=0.1190
Epoch=456, loss=0.1186
Epoch=457, loss=0.1200
Epoch=458, loss=0.1207
Epoch=459, loss=0.1153
Epoch=460, loss=0.1242
Epoch=461, loss=0.1209
Epoch=462, loss=0.1188
Epoch=463, loss=0.1134
Epoch=464, loss=0.1154
Epoch=465, loss=0.1122
Epoch=466, loss=0.1186
Epoch=467, loss=0.1131
Epoch=468, loss=0.1131
Epoch=469, loss=0.1152
Epoch=470, loss=0.1131
Epoch=471, loss=0.1166
Epoch=472, loss=0.1137
Epoch=473, loss=0.1150
Epoch=474, loss=0.1153
Epoch=475, loss=0.1180
Epoch=476, loss=0.1116
Epoch=477, loss=0.1129
Epoch=478, loss=0.1101
Epoch=479, loss=0.1146
Epoch=480, loss=0.1094
Epoch=481, loss=0.1140
Epoch=482, loss=0.1124
Epoch=483, loss=0.1084
Epoch=484, loss=0.1101
Epoch=485, loss=0.1105
Epoch=486, loss=0.1106
Epoch=487, loss=0.1084
Epoch=488, loss=0.1068
Epoch=489, loss=0.1133
Epoch=490, loss=0.1111
Epoch=491, loss=0.1060
Epoch=492, loss=0.1060
Epoch=493, loss=0.1105
Epoch=494, loss=0.1075
Epoch=495, loss=0.1118
Epoch=496, loss=0.1066
Epoch=497, loss=0.1066
Epoch=498, loss=0.1062
Epoch=499, loss=0.1040
Loading 499th epoch
done with the edge prediction
done with the node prediction
done with the second node prediction
(E) | label_classification: F1Mi=0.7520+-0.0159, F1Ma=0.7200+-0.0226, acc=0.7520+-0.0159
[['MVGRL', 'heat', 16, 15, 2, 'normalize', 0.1, 0.2, 0.4, 0.001, 0.5, 0.2, 0.5, 0.0001, 512, 512, 0.8971609725359921, 0.8907275164689972, 0.8965340313759095, 0.881266595256185, 0.6928571462631226, 0.6740000247955322, 0.6397485733032227, 0.7571428418159485, 0.6660000085830688, 0.6576402187347412, 0.6687912942090944, 0.017619929400802474, 0.5897706969856971, 0.03225714793358455, 0.6687912942090944, 0.017619929400802474], ['MVGRL', 'heat', 32, 15, 2, 'normalize', 0.1, 0.2, 0.4, 0.001, 0.5, 0.2, 0.5, 0.0001, 512, 512, 0.9689503510649116, 0.9658196981765131, 0.9551433231675482, 0.9466023727628499, 0.9285714030265808, 0.7400000095367432, 0.7369439005851746, 0.9214285612106323, 0.7360000014305115, 0.7354932427406311, 0.75204041974349, 0.015933758609816873, 0.7200478413902603, 0.022594597998424247, 0.7520404197434901, 0.015933758609816797]]
Epoch=000, loss=0.6953
Epoch=001, loss=0.6937
Epoch=002, loss=0.6915
Epoch=003, loss=0.6896
Epoch=004, loss=0.6879
Epoch=005, loss=0.6861
Epoch=006, loss=0.6839
Epoch=007, loss=0.6823
Epoch=008, loss=0.6806
Epoch=009, loss=0.6778
Epoch=010, loss=0.6758
Epoch=011, loss=0.6740
Epoch=012, loss=0.6693
Epoch=013, loss=0.6661
Epoch=014, loss=0.6646
Epoch=015, loss=0.6604
Epoch=016, loss=0.6568
Epoch=017, loss=0.6532
Epoch=018, loss=0.6496
Epoch=019, loss=0.6446
Epoch=020, loss=0.6428
Epoch=021, loss=0.6367
Epoch=022, loss=0.6338
Epoch=023, loss=0.6288
Epoch=024, loss=0.6232
Epoch=025, loss=0.6175
Epoch=026, loss=0.6132
Epoch=027, loss=0.6104
Epoch=028, loss=0.6027
Epoch=029, loss=0.5990
Epoch=030, loss=0.5968
Epoch=031, loss=0.5889
Epoch=032, loss=0.5808
Epoch=033, loss=0.5829
Epoch=034, loss=0.5754
Epoch=035, loss=0.5687
Epoch=036, loss=0.5664
Epoch=037, loss=0.5611
Epoch=038, loss=0.5524
Epoch=039, loss=0.5514
Epoch=040, loss=0.5493
Epoch=041, loss=0.5439
Epoch=042, loss=0.5416
Epoch=043, loss=0.5357
Epoch=044, loss=0.5279
Epoch=045, loss=0.5238
Epoch=046, loss=0.5213
Epoch=047, loss=0.5205
Epoch=048, loss=0.5083
Epoch=049, loss=0.5137
Epoch=050, loss=0.5029
Epoch=051, loss=0.5000
Epoch=052, loss=0.4970
Epoch=053, loss=0.4861
Epoch=054, loss=0.4833
Epoch=055, loss=0.4797
Epoch=056, loss=0.4775
Epoch=057, loss=0.4731
Epoch=058, loss=0.4704
Epoch=059, loss=0.4622
Epoch=060, loss=0.4589
Epoch=061, loss=0.4568
Epoch=062, loss=0.4532
Epoch=063, loss=0.4475
Epoch=064, loss=0.4460
Epoch=065, loss=0.4479
Epoch=066, loss=0.4385
Epoch=067, loss=0.4401
Epoch=068, loss=0.4358
Epoch=069, loss=0.4326
Epoch=070, loss=0.4277
Epoch=071, loss=0.4233
Epoch=072, loss=0.4211
Epoch=073, loss=0.4167
Epoch=074, loss=0.4156
Epoch=075, loss=0.4070
Epoch=076, loss=0.4091
Epoch=077, loss=0.4025
Epoch=078, loss=0.4063
Epoch=079, loss=0.3944
Epoch=080, loss=0.3906
Epoch=081, loss=0.3864
Epoch=082, loss=0.3922
Epoch=083, loss=0.3838
Epoch=084, loss=0.3847
Epoch=085, loss=0.3790
Epoch=086, loss=0.3785
Epoch=087, loss=0.3724
Epoch=088, loss=0.3719
Epoch=089, loss=0.3709
Epoch=090, loss=0.3649
Epoch=091, loss=0.3681
Epoch=092, loss=0.3579
Epoch=093, loss=0.3590
Epoch=094, loss=0.3587
Epoch=095, loss=0.3591
Epoch=096, loss=0.3527
Epoch=097, loss=0.3469
Epoch=098, loss=0.3472
Epoch=099, loss=0.3451
Epoch=100, loss=0.3461
Epoch=101, loss=0.3434
Epoch=102, loss=0.3379
Epoch=103, loss=0.3400
Epoch=104, loss=0.3382
Epoch=105, loss=0.3335
Epoch=106, loss=0.3290
Epoch=107, loss=0.3276
Epoch=108, loss=0.3257
Epoch=109, loss=0.3215
Epoch=110, loss=0.3171
Epoch=111, loss=0.3186
Epoch=112, loss=0.3125
Epoch=113, loss=0.3154
Epoch=114, loss=0.3082
Epoch=115, loss=0.3075
Epoch=116, loss=0.3032
Epoch=117, loss=0.3009
Epoch=118, loss=0.3072
Epoch=119, loss=0.3032
Epoch=120, loss=0.3025
Epoch=121, loss=0.2951
Epoch=122, loss=0.2980
Epoch=123, loss=0.2974
Epoch=124, loss=0.2911
Epoch=125, loss=0.2908
Epoch=126, loss=0.2902
Epoch=127, loss=0.2870
Epoch=128, loss=0.2889
Epoch=129, loss=0.2801
Epoch=130, loss=0.2774
Epoch=131, loss=0.2783
Epoch=132, loss=0.2786
Epoch=133, loss=0.2758
Epoch=134, loss=0.2738
Epoch=135, loss=0.2715
Epoch=136, loss=0.2729
Epoch=137, loss=0.2678
Epoch=138, loss=0.2654
Epoch=139, loss=0.2607
Epoch=140, loss=0.2616
Epoch=141, loss=0.2592
Epoch=142, loss=0.2602
Epoch=143, loss=0.2582
Epoch=144, loss=0.2562
Epoch=145, loss=0.2533
Epoch=146, loss=0.2545
Epoch=147, loss=0.2499
Epoch=148, loss=0.2517
Epoch=149, loss=0.2486
Epoch=150, loss=0.2460
Epoch=151, loss=0.2435
Epoch=152, loss=0.2410
Epoch=153, loss=0.2405
Epoch=154, loss=0.2362
Epoch=155, loss=0.2306
Epoch=156, loss=0.2364
Epoch=157, loss=0.2322
Epoch=158, loss=0.2321
Epoch=159, loss=0.2310
Epoch=160, loss=0.2292
Epoch=161, loss=0.2264
Epoch=162, loss=0.2283
Epoch=163, loss=0.2274
Epoch=164, loss=0.2272
Epoch=165, loss=0.2232
Epoch=166, loss=0.2222
Epoch=167, loss=0.2188
Epoch=168, loss=0.2190
Epoch=169, loss=0.2174
Epoch=170, loss=0.2201
Epoch=171, loss=0.2131
Epoch=172, loss=0.2123
Epoch=173, loss=0.2165
Epoch=174, loss=0.2100
Epoch=175, loss=0.2109
Epoch=176, loss=0.2099
Epoch=177, loss=0.2038
Epoch=178, loss=0.2062
Epoch=179, loss=0.2031
Epoch=180, loss=0.2030
Epoch=181, loss=0.1980
Epoch=182, loss=0.1988
Epoch=183, loss=0.1967
Epoch=184, loss=0.1955
Epoch=185, loss=0.1957
Epoch=186, loss=0.1980
Epoch=187, loss=0.1949
Epoch=188, loss=0.1906
Epoch=189, loss=0.1921
Epoch=190, loss=0.1899
Epoch=191, loss=0.1904
Epoch=192, loss=0.1855
Epoch=193, loss=0.1837
Epoch=194, loss=0.1864
Epoch=195, loss=0.1841
Epoch=196, loss=0.1902
Epoch=197, loss=0.1812
Epoch=198, loss=0.1821
Epoch=199, loss=0.1830
Epoch=200, loss=0.1781
Epoch=201, loss=0.1816
Epoch=202, loss=0.1775
Epoch=203, loss=0.1772
Epoch=204, loss=0.1755
Epoch=205, loss=0.1724
Epoch=206, loss=0.1733
Epoch=207, loss=0.1706
Epoch=208, loss=0.1696
Epoch=209, loss=0.1675
Epoch=210, loss=0.1718
Epoch=211, loss=0.1709
Epoch=212, loss=0.1638
Epoch=213, loss=0.1670
Epoch=214, loss=0.1637
Epoch=215, loss=0.1632
Epoch=216, loss=0.1670
Epoch=217, loss=0.1635
Epoch=218, loss=0.1630
Epoch=219, loss=0.1574
Epoch=220, loss=0.1616
Epoch=221, loss=0.1585
Epoch=222, loss=0.1576
Epoch=223, loss=0.1587
Epoch=224, loss=0.1552
Epoch=225, loss=0.1534
Epoch=226, loss=0.1543
Epoch=227, loss=0.1537
Epoch=228, loss=0.1504
Epoch=229, loss=0.1475
Epoch=230, loss=0.1537
Epoch=231, loss=0.1500
Epoch=232, loss=0.1517
Epoch=233, loss=0.1483
Epoch=234, loss=0.1461
Epoch=235, loss=0.1465
Epoch=236, loss=0.1416
Epoch=237, loss=0.1466
Epoch=238, loss=0.1462
Epoch=239, loss=0.1439
Epoch=240, loss=0.1432
Epoch=241, loss=0.1457
Epoch=242, loss=0.1412
Epoch=243, loss=0.1386
Epoch=244, loss=0.1409
Epoch=245, loss=0.1367
Epoch=246, loss=0.1342
Epoch=247, loss=0.1341
Epoch=248, loss=0.1385
Epoch=249, loss=0.1378
Epoch=250, loss=0.1334
Epoch=251, loss=0.1339
Epoch=252, loss=0.1366
Epoch=253, loss=0.1307
Epoch=254, loss=0.1336
Epoch=255, loss=0.1288
Epoch=256, loss=0.1264
Epoch=257, loss=0.1283
Epoch=258, loss=0.1304
Epoch=259, loss=0.1251
Epoch=260, loss=0.1258
Epoch=261, loss=0.1266
Epoch=262, loss=0.1274
Epoch=263, loss=0.1287
Epoch=264, loss=0.1258
Epoch=265, loss=0.1205
Epoch=266, loss=0.1199
Epoch=267, loss=0.1249
Epoch=268, loss=0.1203
Epoch=269, loss=0.1200
Epoch=270, loss=0.1198
Epoch=271, loss=0.1190
Epoch=272, loss=0.1218
Epoch=273, loss=0.1215
Epoch=274, loss=0.1220
Epoch=275, loss=0.1185
Epoch=276, loss=0.1124
Epoch=277, loss=0.1144
Epoch=278, loss=0.1171
Epoch=279, loss=0.1148
Epoch=280, loss=0.1166
Epoch=281, loss=0.1113
Epoch=282, loss=0.1116
Epoch=283, loss=0.1123
Epoch=284, loss=0.1123
Epoch=285, loss=0.1140
Epoch=286, loss=0.1108
Epoch=287, loss=0.1088
Epoch=288, loss=0.1117
Epoch=289, loss=0.1094
Epoch=290, loss=0.1107
Epoch=291, loss=0.1091
Epoch=292, loss=0.1096
Epoch=293, loss=0.1055
Epoch=294, loss=0.1084
Epoch=295, loss=0.1088
Epoch=296, loss=0.1036
Epoch=297, loss=0.1030
Epoch=298, loss=0.1050
Epoch=299, loss=0.1047
Epoch=300, loss=0.1017
Epoch=301, loss=0.1018
Epoch=302, loss=0.1008
Epoch=303, loss=0.1025
Epoch=304, loss=0.1050
Epoch=305, loss=0.1005
Epoch=306, loss=0.1038
Epoch=307, loss=0.1053
Epoch=308, loss=0.1046
Epoch=309, loss=0.1001
Epoch=310, loss=0.0963
Epoch=311, loss=0.1016
Epoch=312, loss=0.1013
Epoch=313, loss=0.0962
Epoch=314, loss=0.0968
Epoch=315, loss=0.0965
Epoch=316, loss=0.0961
Epoch=317, loss=0.0938
Epoch=318, loss=0.0937
Epoch=319, loss=0.0954
Epoch=320, loss=0.0975
Epoch=321, loss=0.0983
Epoch=322, loss=0.0931
Epoch=323, loss=0.0957
Epoch=324, loss=0.0955
Epoch=325, loss=0.0956
Epoch=326, loss=0.0958
Epoch=327, loss=0.0945
Epoch=328, loss=0.0900
Epoch=329, loss=0.0922
Epoch=330, loss=0.0875
Epoch=331, loss=0.0923
Epoch=332, loss=0.0857
Epoch=333, loss=0.0893
Epoch=334, loss=0.0902
Epoch=335, loss=0.0882
Epoch=336, loss=0.0869
Epoch=337, loss=0.0856
Epoch=338, loss=0.0870
Epoch=339, loss=0.0898
Epoch=340, loss=0.0856
Epoch=341, loss=0.0877
Epoch=342, loss=0.0879
Epoch=343, loss=0.0859
Epoch=344, loss=0.0826
Epoch=345, loss=0.0809
Epoch=346, loss=0.0840
Epoch=347, loss=0.0879
Epoch=348, loss=0.0819
Epoch=349, loss=0.0847
Epoch=350, loss=0.0811
Epoch=351, loss=0.0811
Epoch=352, loss=0.0847
Epoch=353, loss=0.0826
Epoch=354, loss=0.0803
Epoch=355, loss=0.0800
Epoch=356, loss=0.0818
Epoch=357, loss=0.0809
Epoch=358, loss=0.0815
Epoch=359, loss=0.0796
Epoch=360, loss=0.0779
Epoch=361, loss=0.0809
Epoch=362, loss=0.0774
Epoch=363, loss=0.0770
Epoch=364, loss=0.0800
Epoch=365, loss=0.0728
Epoch=366, loss=0.0758
Epoch=367, loss=0.0788
Epoch=368, loss=0.0747
Epoch=369, loss=0.0753
Epoch=370, loss=0.0766
Epoch=371, loss=0.0757
Epoch=372, loss=0.0746
Epoch=373, loss=0.0728
Epoch=374, loss=0.0821
Epoch=375, loss=0.0726
Epoch=376, loss=0.0756
Epoch=377, loss=0.0733
Epoch=378, loss=0.0763
Epoch=379, loss=0.0723
Epoch=380, loss=0.0726
Epoch=381, loss=0.0735
Epoch=382, loss=0.0742
Epoch=383, loss=0.0742
Epoch=384, loss=0.0724
Epoch=385, loss=0.0699
Epoch=386, loss=0.0693
Epoch=387, loss=0.0735
Epoch=388, loss=0.0702
Epoch=389, loss=0.0682
Epoch=390, loss=0.0669
Epoch=391, loss=0.0676
Epoch=392, loss=0.0664
Epoch=393, loss=0.0696
Epoch=394, loss=0.0690
Epoch=395, loss=0.0695
Epoch=396, loss=0.0686
Epoch=397, loss=0.0673
Epoch=398, loss=0.0688
Epoch=399, loss=0.0675
Epoch=400, loss=0.0703
Epoch=401, loss=0.0692
Epoch=402, loss=0.0664
Epoch=403, loss=0.0688
Epoch=404, loss=0.0627
Epoch=405, loss=0.0672
Epoch=406, loss=0.0633
Epoch=407, loss=0.0644
Epoch=408, loss=0.0641
Epoch=409, loss=0.0640
Epoch=410, loss=0.0641
Epoch=411, loss=0.0648
Epoch=412, loss=0.0649
Epoch=413, loss=0.0659
Epoch=414, loss=0.0627
Epoch=415, loss=0.0618
Epoch=416, loss=0.0631
Epoch=417, loss=0.0617
Epoch=418, loss=0.0627
Epoch=419, loss=0.0621
Epoch=420, loss=0.0621
Epoch=421, loss=0.0623
Epoch=422, loss=0.0601
Epoch=423, loss=0.0600
Epoch=424, loss=0.0609
Epoch=425, loss=0.0592
Epoch=426, loss=0.0580
Epoch=427, loss=0.0616
Epoch=428, loss=0.0602
Epoch=429, loss=0.0624
Epoch=430, loss=0.0583
Epoch=431, loss=0.0595
Epoch=432, loss=0.0593
Epoch=433, loss=0.0586
Epoch=434, loss=0.0587
Epoch=435, loss=0.0588
Epoch=436, loss=0.0562
Epoch=437, loss=0.0569
Epoch=438, loss=0.0561
Epoch=439, loss=0.0548
Epoch=440, loss=0.0576
Epoch=441, loss=0.0553
Epoch=442, loss=0.0554
Epoch=443, loss=0.0546
Epoch=444, loss=0.0571
Epoch=445, loss=0.0577
Epoch=446, loss=0.0562
Epoch=447, loss=0.0558
Epoch=448, loss=0.0556
Epoch=449, loss=0.0542
Epoch=450, loss=0.0534
Epoch=451, loss=0.0575
Epoch=452, loss=0.0541
Epoch=453, loss=0.0528
Epoch=454, loss=0.0514
Epoch=455, loss=0.0541
Epoch=456, loss=0.0564
Epoch=457, loss=0.0512
Epoch=458, loss=0.0529
Epoch=459, loss=0.0520
Epoch=460, loss=0.0491
Epoch=461, loss=0.0532
Epoch=462, loss=0.0529
Epoch=463, loss=0.0541
Epoch=464, loss=0.0511
Epoch=465, loss=0.0556
Epoch=466, loss=0.0498
Epoch=467, loss=0.0518
Epoch=468, loss=0.0514
Epoch=469, loss=0.0534
Epoch=470, loss=0.0501
Epoch=471, loss=0.0510
Epoch=472, loss=0.0508
Epoch=473, loss=0.0482
Epoch=474, loss=0.0486
Epoch=475, loss=0.0486
Epoch=476, loss=0.0454
Epoch=477, loss=0.0469
Epoch=478, loss=0.0495
Epoch=479, loss=0.0490
Epoch=480, loss=0.0472
Epoch=481, loss=0.0512
Epoch=482, loss=0.0447
Epoch=483, loss=0.0484
Epoch=484, loss=0.0463
Epoch=485, loss=0.0451
Epoch=486, loss=0.0454
Epoch=487, loss=0.0458
Epoch=488, loss=0.0489
Epoch=489, loss=0.0449
Epoch=490, loss=0.0469
Epoch=491, loss=0.0449
Epoch=492, loss=0.0460
Epoch=493, loss=0.0444
Epoch=494, loss=0.0443
Epoch=495, loss=0.0484
Epoch=496, loss=0.0458
Epoch=497, loss=0.0447
Epoch=498, loss=0.0461
Epoch=499, loss=0.0465
Loading 494th epoch
done with the edge prediction
done with the node prediction
done with the second node prediction
(E) | label_classification: F1Mi=0.7631+-0.0070, F1Ma=0.7355+-0.0123, acc=0.7631+-0.0070
[['MVGRL', 'heat', 16, 15, 2, 'normalize', 0.1, 0.2, 0.4, 0.001, 0.5, 0.2, 0.5, 0.0001, 512, 512, 0.8971609725359921, 0.8907275164689972, 0.8965340313759095, 0.881266595256185, 0.6928571462631226, 0.6740000247955322, 0.6397485733032227, 0.7571428418159485, 0.6660000085830688, 0.6576402187347412, 0.6687912942090944, 0.017619929400802474, 0.5897706969856971, 0.03225714793358455, 0.6687912942090944, 0.017619929400802474], ['MVGRL', 'heat', 32, 15, 2, 'normalize', 0.1, 0.2, 0.4, 0.001, 0.5, 0.2, 0.5, 0.0001, 512, 512, 0.9689503510649116, 0.9658196981765131, 0.9551433231675482, 0.9466023727628499, 0.9285714030265808, 0.7400000095367432, 0.7369439005851746, 0.9214285612106323, 0.7360000014305115, 0.7354932427406311, 0.75204041974349, 0.015933758609816873, 0.7200478413902603, 0.022594597998424247, 0.7520404197434901, 0.015933758609816797], ['MVGRL', 'heat', 64, 15, 2, 'normalize', 0.1, 0.2, 0.4, 0.001, 0.5, 0.2, 0.5, 0.0001, 512, 512, 0.9801222997909258, 0.9781451376752888, 0.9691083754307256, 0.9618665427423857, 0.9857142567634583, 0.7419999837875366, 0.7466151118278503, 0.8999999761581421, 0.7440000176429749, 0.7432301640510559, 0.7630781189273221, 0.0069723667568096365, 0.7354571437129191, 0.01226865342397769, 0.7630781189273221, 0.006972366756809655]]
Epoch=000, loss=0.6944
Epoch=001, loss=0.6908
Epoch=002, loss=0.6865
Epoch=003, loss=0.6824
Epoch=004, loss=0.6787
Epoch=005, loss=0.6762
Epoch=006, loss=0.6701
Epoch=007, loss=0.6655
Epoch=008, loss=0.6583
Epoch=009, loss=0.6545
Epoch=010, loss=0.6457
Epoch=011, loss=0.6389
Epoch=012, loss=0.6313
Epoch=013, loss=0.6239
Epoch=014, loss=0.6154
Epoch=015, loss=0.6054
Epoch=016, loss=0.5981
Epoch=017, loss=0.5865
Epoch=018, loss=0.5796
Epoch=019, loss=0.5713
Epoch=020, loss=0.5620
Epoch=021, loss=0.5524
Epoch=022, loss=0.5444
Epoch=023, loss=0.5364
Epoch=024, loss=0.5254
Epoch=025, loss=0.5140
Epoch=026, loss=0.5078
Epoch=027, loss=0.5022
Epoch=028, loss=0.4944
Epoch=029, loss=0.4815
Epoch=030, loss=0.4763
Epoch=031, loss=0.4668
Epoch=032, loss=0.4640
Epoch=033, loss=0.4481
Epoch=034, loss=0.4418
Epoch=035, loss=0.4377
Epoch=036, loss=0.4339
Epoch=037, loss=0.4277
Epoch=038, loss=0.4169
Epoch=039, loss=0.4112
Epoch=040, loss=0.4018
Epoch=041, loss=0.4023
Epoch=042, loss=0.3913
Epoch=043, loss=0.3874
Epoch=044, loss=0.3848
Epoch=045, loss=0.3819
Epoch=046, loss=0.3738
Epoch=047, loss=0.3695
Epoch=048, loss=0.3631
Epoch=049, loss=0.3595
Epoch=050, loss=0.3553
Epoch=051, loss=0.3522
Epoch=052, loss=0.3414
Epoch=053, loss=0.3361
Epoch=054, loss=0.3355
Epoch=055, loss=0.3294
Epoch=056, loss=0.3267
Epoch=057, loss=0.3297
Epoch=058, loss=0.3174
Epoch=059, loss=0.3122
Epoch=060, loss=0.3080
Epoch=061, loss=0.3086
Epoch=062, loss=0.3028
Epoch=063, loss=0.2949
Epoch=064, loss=0.2954
Epoch=065, loss=0.2936
Epoch=066, loss=0.2892
Epoch=067, loss=0.2881
Epoch=068, loss=0.2811
Epoch=069, loss=0.2801
Epoch=070, loss=0.2765
Epoch=071, loss=0.2700
Epoch=072, loss=0.2664
Epoch=073, loss=0.2628
Epoch=074, loss=0.2616
Epoch=075, loss=0.2544
Epoch=076, loss=0.2491
Epoch=077, loss=0.2503
Epoch=078, loss=0.2458
Epoch=079, loss=0.2446
Epoch=080, loss=0.2417
Epoch=081, loss=0.2370
Epoch=082, loss=0.2324
Epoch=083, loss=0.2290
Epoch=084, loss=0.2297
Epoch=085, loss=0.2272
Epoch=086, loss=0.2205
Epoch=087, loss=0.2238
Epoch=088, loss=0.2200
Epoch=089, loss=0.2150
Epoch=090, loss=0.2124
Epoch=091, loss=0.2105
Epoch=092, loss=0.2076
Epoch=093, loss=0.2052
Epoch=094, loss=0.2049
Epoch=095, loss=0.1995
Epoch=096, loss=0.1995
Epoch=097, loss=0.1954
Epoch=098, loss=0.1930
Epoch=099, loss=0.1946
Epoch=100, loss=0.1904
Epoch=101, loss=0.1888
Epoch=102, loss=0.1890
Epoch=103, loss=0.1835
Epoch=104, loss=0.1836
Epoch=105, loss=0.1757
Epoch=106, loss=0.1816
Epoch=107, loss=0.1785
Epoch=108, loss=0.1777
Epoch=109, loss=0.1738
Epoch=110, loss=0.1751
Epoch=111, loss=0.1694
Epoch=112, loss=0.1674
Epoch=113, loss=0.1695
Epoch=114, loss=0.1616
Epoch=115, loss=0.1605
Epoch=116, loss=0.1637
Epoch=117, loss=0.1565
Epoch=118, loss=0.1578
Epoch=119, loss=0.1581
Epoch=120, loss=0.1576
Epoch=121, loss=0.1566
Epoch=122, loss=0.1553
Epoch=123, loss=0.1499
Epoch=124, loss=0.1498
Epoch=125, loss=0.1459
Epoch=126, loss=0.1457
Epoch=127, loss=0.1473
Epoch=128, loss=0.1460
Epoch=129, loss=0.1430
Epoch=130, loss=0.1411
Epoch=131, loss=0.1383
Epoch=132, loss=0.1357
Epoch=133, loss=0.1357
Epoch=134, loss=0.1373
Epoch=135, loss=0.1365
Epoch=136, loss=0.1368
Epoch=137, loss=0.1355
Epoch=138, loss=0.1336
Epoch=139, loss=0.1337
Epoch=140, loss=0.1296
Epoch=141, loss=0.1260
Epoch=142, loss=0.1302
Epoch=143, loss=0.1293
Epoch=144, loss=0.1252
Epoch=145, loss=0.1268
Epoch=146, loss=0.1232
Epoch=147, loss=0.1246
Epoch=148, loss=0.1190
Epoch=149, loss=0.1167
Epoch=150, loss=0.1223
Epoch=151, loss=0.1195
Epoch=152, loss=0.1176
Epoch=153, loss=0.1211
Epoch=154, loss=0.1187
Epoch=155, loss=0.1223
Epoch=156, loss=0.1189
Epoch=157, loss=0.1126
Epoch=158, loss=0.1195
Epoch=159, loss=0.1091
Epoch=160, loss=0.1121
Epoch=161, loss=0.1126
Epoch=162, loss=0.1138
Epoch=163, loss=0.1099
Epoch=164, loss=0.1099
Epoch=165, loss=0.1089
Epoch=166, loss=0.1059
Epoch=167, loss=0.1092
Epoch=168, loss=0.1105
Epoch=169, loss=0.1027
Epoch=170, loss=0.1064
Epoch=171, loss=0.1025
Epoch=172, loss=0.1069
Epoch=173, loss=0.1075
Epoch=174, loss=0.1019
Epoch=175, loss=0.1001
Epoch=176, loss=0.1001
Epoch=177, loss=0.0979
Epoch=178, loss=0.0986
Epoch=179, loss=0.1022
Epoch=180, loss=0.0968
Epoch=181, loss=0.0972
Epoch=182, loss=0.0953
Epoch=183, loss=0.0946
Epoch=184, loss=0.0964
Epoch=185, loss=0.0919
Epoch=186, loss=0.0969
Epoch=187, loss=0.0957
Epoch=188, loss=0.0933
Epoch=189, loss=0.0959
Epoch=190, loss=0.0906
Epoch=191, loss=0.0926
Epoch=192, loss=0.0901
Epoch=193, loss=0.0899
Epoch=194, loss=0.0916
Epoch=195, loss=0.0952
Epoch=196, loss=0.0915
Epoch=197, loss=0.0891
Epoch=198, loss=0.0890
Epoch=199, loss=0.0972
Epoch=200, loss=0.0884
Epoch=201, loss=0.0853
Epoch=202, loss=0.0890
Epoch=203, loss=0.0864
Epoch=204, loss=0.0874
Epoch=205, loss=0.0872
Epoch=206, loss=0.0828
Epoch=207, loss=0.0854
Epoch=208, loss=0.0837
Epoch=209, loss=0.0828
Epoch=210, loss=0.0826
Epoch=211, loss=0.0833
Epoch=212, loss=0.0827
Epoch=213, loss=0.0819
Epoch=214, loss=0.0788
Epoch=215, loss=0.0822
Epoch=216, loss=0.0804
Epoch=217, loss=0.0836
Epoch=218, loss=0.0813
Epoch=219, loss=0.0808
Epoch=220, loss=0.0774
Epoch=221, loss=0.0792
Epoch=222, loss=0.0827
Epoch=223, loss=0.0786
Epoch=224, loss=0.0753
Epoch=225, loss=0.0742
Epoch=226, loss=0.0828
Epoch=227, loss=0.0778
Epoch=228, loss=0.0753
Epoch=229, loss=0.0771
Epoch=230, loss=0.0746
Epoch=231, loss=0.0812
Epoch=232, loss=0.0787
Epoch=233, loss=0.0738
Epoch=234, loss=0.0732
Epoch=235, loss=0.0753
Epoch=236, loss=0.0724
Epoch=237, loss=0.0707
Epoch=238, loss=0.0739
Epoch=239, loss=0.0772
Epoch=240, loss=0.0733
Epoch=241, loss=0.0712
Epoch=242, loss=0.0717
Epoch=243, loss=0.0719
Epoch=244, loss=0.0763
Epoch=245, loss=0.0729
Epoch=246, loss=0.0708
Epoch=247, loss=0.0720
Epoch=248, loss=0.0687
Epoch=249, loss=0.0677
Epoch=250, loss=0.0702
Epoch=251, loss=0.0690
Epoch=252, loss=0.0675
Epoch=253, loss=0.0667
Epoch=254, loss=0.0692
Epoch=255, loss=0.0659
Epoch=256, loss=0.0663
Epoch=257, loss=0.0592
Epoch=258, loss=0.0637
Epoch=259, loss=0.0625
Epoch=260, loss=0.0664
Epoch=261, loss=0.0698
Epoch=262, loss=0.0646
Epoch=263, loss=0.0639
Epoch=264, loss=0.0643
Epoch=265, loss=0.0637
Epoch=266, loss=0.0661
Epoch=267, loss=0.0620
Epoch=268, loss=0.0744
Epoch=269, loss=0.0607
Epoch=270, loss=0.0606
Epoch=271, loss=0.0609
Epoch=272, loss=0.0637
Epoch=273, loss=0.0606
Epoch=274, loss=0.0617
Epoch=275, loss=0.0605
Epoch=276, loss=0.0670
Epoch=277, loss=0.0617
Early stopping!
Loading 257th epoch
done with the edge prediction
done with the node prediction
done with the second node prediction
(E) | label_classification: F1Mi=0.7885+-0.0188, F1Ma=0.7631+-0.0200, acc=0.7885+-0.0188
[['MVGRL', 'heat', 16, 15, 2, 'normalize', 0.1, 0.2, 0.4, 0.001, 0.5, 0.2, 0.5, 0.0001, 512, 512, 0.8971609725359921, 0.8907275164689972, 0.8965340313759095, 0.881266595256185, 0.6928571462631226, 0.6740000247955322, 0.6397485733032227, 0.7571428418159485, 0.6660000085830688, 0.6576402187347412, 0.6687912942090944, 0.017619929400802474, 0.5897706969856971, 0.03225714793358455, 0.6687912942090944, 0.017619929400802474], ['MVGRL', 'heat', 32, 15, 2, 'normalize', 0.1, 0.2, 0.4, 0.001, 0.5, 0.2, 0.5, 0.0001, 512, 512, 0.9689503510649116, 0.9658196981765131, 0.9551433231675482, 0.9466023727628499, 0.9285714030265808, 0.7400000095367432, 0.7369439005851746, 0.9214285612106323, 0.7360000014305115, 0.7354932427406311, 0.75204041974349, 0.015933758609816873, 0.7200478413902603, 0.022594597998424247, 0.7520404197434901, 0.015933758609816797], ['MVGRL', 'heat', 64, 15, 2, 'normalize', 0.1, 0.2, 0.4, 0.001, 0.5, 0.2, 0.5, 0.0001, 512, 512, 0.9801222997909258, 0.9781451376752888, 0.9691083754307256, 0.9618665427423857, 0.9857142567634583, 0.7419999837875366, 0.7466151118278503, 0.8999999761581421, 0.7440000176429749, 0.7432301640510559, 0.7630781189273221, 0.0069723667568096365, 0.7354571437129191, 0.01226865342397769, 0.7630781189273221, 0.006972366756809655], ['MVGRL', 'heat', 128, 15, 2, 'normalize', 0.1, 0.2, 0.4, 0.001, 0.5, 0.2, 0.5, 0.0001, 512, 512, 0.9914730527197104, 0.9907152977237358, 0.9674466836376467, 0.9601907990464948, 1.0, 0.800000011920929, 0.7630560994148254, 0.9928571581840515, 0.8019999861717224, 0.7780464291572571, 0.788495919160513, 0.01884923130822901, 0.7631026936634919, 0.019959174538647314, 0.788495919160513, 0.018849231308229013]]
Epoch=000, loss=0.6942
Epoch=001, loss=0.6858
Epoch=002, loss=0.6746
Epoch=003, loss=0.6676
Epoch=004, loss=0.6555
Epoch=005, loss=0.6485
Epoch=006, loss=0.6349
Epoch=007, loss=0.6260
Epoch=008, loss=0.6147
Epoch=009, loss=0.5973
Epoch=010, loss=0.5873
Epoch=011, loss=0.5737
Epoch=012, loss=0.5607
Epoch=013, loss=0.5468
Epoch=014, loss=0.5317
Epoch=015, loss=0.5166
Epoch=016, loss=0.5079
Epoch=017, loss=0.4975
Epoch=018, loss=0.4862
Epoch=019, loss=0.4762
Epoch=020, loss=0.4601
Epoch=021, loss=0.4485
Epoch=022, loss=0.4376
Epoch=023, loss=0.4229
Epoch=024, loss=0.4183
Epoch=025, loss=0.4072
Epoch=026, loss=0.3983
Epoch=027, loss=0.3914
Epoch=028, loss=0.3841
Epoch=029, loss=0.3717
Epoch=030, loss=0.3627
Epoch=031, loss=0.3534
Epoch=032, loss=0.3518
Epoch=033, loss=0.3452
Epoch=034, loss=0.3300
Epoch=035, loss=0.3278
Epoch=036, loss=0.3142
Epoch=037, loss=0.3130
Epoch=038, loss=0.3052
Epoch=039, loss=0.2986
Epoch=040, loss=0.2964
Epoch=041, loss=0.2843
Epoch=042, loss=0.2805
Epoch=043, loss=0.2730
Epoch=044, loss=0.2672
Epoch=045, loss=0.2670
Epoch=046, loss=0.2577
Epoch=047, loss=0.2511
Epoch=048, loss=0.2492
Epoch=049, loss=0.2401
Epoch=050, loss=0.2342
Epoch=051, loss=0.2299
Epoch=052, loss=0.2271
Epoch=053, loss=0.2253
Epoch=054, loss=0.2163
Epoch=055, loss=0.2155
Epoch=056, loss=0.2076
Epoch=057, loss=0.2004
Epoch=058, loss=0.1990
Epoch=059, loss=0.2043
Epoch=060, loss=0.2003
Epoch=061, loss=0.1879
Epoch=062, loss=0.1833
Epoch=063, loss=0.1827
Epoch=064, loss=0.1779
Epoch=065, loss=0.1751
Epoch=066, loss=0.1715
Epoch=067, loss=0.1682
Epoch=068, loss=0.1675
Epoch=069, loss=0.1632
Epoch=070, loss=0.1632
Epoch=071, loss=0.1639
Epoch=072, loss=0.1613
Epoch=073, loss=0.1531
Epoch=074, loss=0.1489
Epoch=075, loss=0.1459
Epoch=076, loss=0.1474
Epoch=077, loss=0.1431
Epoch=078, loss=0.1409
Epoch=079, loss=0.1418
Epoch=080, loss=0.1410
Epoch=081, loss=0.1391
Epoch=082, loss=0.1345
Epoch=083, loss=0.1335
Epoch=084, loss=0.1281
Epoch=085, loss=0.1280
Epoch=086, loss=0.1289
Epoch=087, loss=0.1259
Epoch=088, loss=0.1239
Epoch=089, loss=0.1220
Epoch=090, loss=0.1178
Epoch=091, loss=0.1173
Epoch=092, loss=0.1213
Epoch=093, loss=0.1146
Epoch=094, loss=0.1148
Epoch=095, loss=0.1142
Epoch=096, loss=0.1094
Epoch=097, loss=0.1104
Epoch=098, loss=0.1075
Epoch=099, loss=0.1078
Epoch=100, loss=0.1057
Epoch=101, loss=0.1065
Epoch=102, loss=0.1035
Epoch=103, loss=0.1019
Epoch=104, loss=0.1016
Epoch=105, loss=0.1030
Epoch=106, loss=0.1011
Epoch=107, loss=0.0982
Epoch=108, loss=0.0990
Epoch=109, loss=0.0982
Epoch=110, loss=0.0995
Epoch=111, loss=0.0968
Epoch=112, loss=0.0999
Epoch=113, loss=0.0967
Epoch=114, loss=0.0944
Epoch=115, loss=0.0965
Epoch=116, loss=0.0896
Epoch=117, loss=0.0895
Epoch=118, loss=0.0920
Epoch=119, loss=0.0916
Epoch=120, loss=0.0863
Epoch=121, loss=0.0882
Epoch=122, loss=0.0900
Epoch=123, loss=0.0867
Epoch=124, loss=0.0847
Epoch=125, loss=0.0860
Epoch=126, loss=0.0876
Epoch=127, loss=0.0845
Epoch=128, loss=0.0824
Epoch=129, loss=0.0796
Epoch=130, loss=0.0832
Epoch=131, loss=0.0818
Epoch=132, loss=0.0795
Epoch=133, loss=0.0827
Epoch=134, loss=0.0772
Epoch=135, loss=0.0788
Epoch=136, loss=0.0845
Epoch=137, loss=0.0823
Epoch=138, loss=0.0759
Epoch=139, loss=0.0786
Epoch=140, loss=0.0754
Epoch=141, loss=0.0783
Epoch=142, loss=0.0721
Epoch=143, loss=0.0725
Epoch=144, loss=0.0750
Epoch=145, loss=0.0738
Epoch=146, loss=0.0754
Epoch=147, loss=0.0761
Epoch=148, loss=0.0772
Epoch=149, loss=0.0758
Epoch=150, loss=0.0745
Epoch=151, loss=0.0735
Epoch=152, loss=0.0720
Epoch=153, loss=0.0717
Epoch=154, loss=0.0716
Epoch=155, loss=0.0729
Epoch=156, loss=0.0717
Epoch=157, loss=0.0691
Epoch=158, loss=0.0665
Epoch=159, loss=0.0663
Epoch=160, loss=0.0694
Epoch=161, loss=0.0634
Epoch=162, loss=0.0682
Epoch=163, loss=0.0681
Epoch=164, loss=0.0667
Epoch=165, loss=0.0687
Epoch=166, loss=0.0642
Epoch=167, loss=0.0642
Epoch=168, loss=0.0647
Epoch=169, loss=0.0625
Epoch=170, loss=0.0651
Epoch=171, loss=0.0615
Epoch=172, loss=0.0602
Epoch=173, loss=0.0691
Epoch=174, loss=0.0589
Epoch=175, loss=0.0582
Epoch=176, loss=0.0556
Epoch=177, loss=0.0578
Epoch=178, loss=0.0639
Epoch=179, loss=0.0611
Epoch=180, loss=0.0600
Epoch=181, loss=0.0651
Epoch=182, loss=0.0599
Epoch=183, loss=0.0564
Epoch=184, loss=0.0613
Epoch=185, loss=0.0605
Epoch=186, loss=0.0590
Epoch=187, loss=0.0602
Epoch=188, loss=0.0585
Epoch=189, loss=0.0635
Epoch=190, loss=0.0554
Epoch=191, loss=0.0598
Epoch=192, loss=0.0577
Epoch=193, loss=0.0604
Epoch=194, loss=0.0616
Epoch=195, loss=0.0555
Epoch=196, loss=0.0589
Epoch=197, loss=0.0559
Epoch=198, loss=0.0564
Epoch=199, loss=0.0570
Epoch=200, loss=0.0514
Epoch=201, loss=0.0521
Epoch=202, loss=0.0566
Epoch=203, loss=0.0548
Epoch=204, loss=0.0513
Epoch=205, loss=0.0547
Epoch=206, loss=0.0517
Epoch=207, loss=0.0572
Epoch=208, loss=0.0551
Epoch=209, loss=0.0538
Epoch=210, loss=0.0517
Epoch=211, loss=0.0548
Epoch=212, loss=0.0518
Epoch=213, loss=0.0468
Epoch=214, loss=0.0528
Epoch=215, loss=0.0468
Epoch=216, loss=0.0558
Epoch=217, loss=0.0516
Epoch=218, loss=0.0496
Epoch=219, loss=0.0548
Epoch=220, loss=0.0496
Epoch=221, loss=0.0478
Epoch=222, loss=0.0540
Epoch=223, loss=0.0517
Epoch=224, loss=0.0506
Epoch=225, loss=0.0487
Epoch=226, loss=0.0517
Epoch=227, loss=0.0482
Epoch=228, loss=0.0496
Epoch=229, loss=0.0479
Epoch=230, loss=0.0527
Epoch=231, loss=0.0458
Epoch=232, loss=0.0469
Epoch=233, loss=0.0480
Epoch=234, loss=0.0501
Epoch=235, loss=0.0448
Epoch=236, loss=0.0476
Epoch=237, loss=0.0467
Epoch=238, loss=0.0456
Epoch=239, loss=0.0458
Epoch=240, loss=0.0480
Epoch=241, loss=0.0498
Epoch=242, loss=0.0471
Epoch=243, loss=0.0433
Epoch=244, loss=0.0491
Epoch=245, loss=0.0429
Epoch=246, loss=0.0440
Epoch=247, loss=0.0441
Epoch=248, loss=0.0496
Epoch=249, loss=0.0442
Epoch=250, loss=0.0472
Epoch=251, loss=0.0416
Epoch=252, loss=0.0477
Epoch=253, loss=0.0458
Epoch=254, loss=0.0479
Epoch=255, loss=0.0460
Epoch=256, loss=0.0427
Epoch=257, loss=0.0466
Epoch=258, loss=0.0450
Epoch=259, loss=0.0436
Epoch=260, loss=0.0473
Epoch=261, loss=0.0467
Epoch=262, loss=0.0446
Epoch=263, loss=0.0399
Epoch=264, loss=0.0358
Epoch=265, loss=0.0414
Epoch=266, loss=0.0425
Epoch=267, loss=0.0404
Epoch=268, loss=0.0403
Epoch=269, loss=0.0415
Epoch=270, loss=0.0406
Epoch=271, loss=0.0457
Epoch=272, loss=0.0451
Epoch=273, loss=0.0409
Epoch=274, loss=0.0456
Epoch=275, loss=0.0382
Epoch=276, loss=0.0414
Epoch=277, loss=0.0418
Epoch=278, loss=0.0407
Epoch=279, loss=0.0371
Epoch=280, loss=0.0374
Epoch=281, loss=0.0416
Epoch=282, loss=0.0409
Epoch=283, loss=0.0386
Epoch=284, loss=0.0405
Early stopping!
Loading 264th epoch
Early stopping!
Start to test process.
done with the edge prediction
done with the node prediction
done with the second node prediction
(E) | label_classification: F1Mi=0.8109+-0.0094, F1Ma=0.7947+-0.0096, acc=0.8109+-0.0094
[['MVGRL', 'heat', 16, 15, 2, 'normalize', 0.1, 0.2, 0.4, 0.001, 0.5, 0.2, 0.5, 0.0001, 512, 512, 0.8971609725359921, 0.8907275164689972, 0.8965340313759095, 0.881266595256185, 0.6928571462631226, 0.6740000247955322, 0.6397485733032227, 0.7571428418159485, 0.6660000085830688, 0.6576402187347412, 0.6687912942090944, 0.017619929400802474, 0.5897706969856971, 0.03225714793358455, 0.6687912942090944, 0.017619929400802474], ['MVGRL', 'heat', 32, 15, 2, 'normalize', 0.1, 0.2, 0.4, 0.001, 0.5, 0.2, 0.5, 0.0001, 512, 512, 0.9689503510649116, 0.9658196981765131, 0.9551433231675482, 0.9466023727628499, 0.9285714030265808, 0.7400000095367432, 0.7369439005851746, 0.9214285612106323, 0.7360000014305115, 0.7354932427406311, 0.75204041974349, 0.015933758609816873, 0.7200478413902603, 0.022594597998424247, 0.7520404197434901, 0.015933758609816797], ['MVGRL', 'heat', 64, 15, 2, 'normalize', 0.1, 0.2, 0.4, 0.001, 0.5, 0.2, 0.5, 0.0001, 512, 512, 0.9801222997909258, 0.9781451376752888, 0.9691083754307256, 0.9618665427423857, 0.9857142567634583, 0.7419999837875366, 0.7466151118278503, 0.8999999761581421, 0.7440000176429749, 0.7432301640510559, 0.7630781189273221, 0.0069723667568096365, 0.7354571437129191, 0.01226865342397769, 0.7630781189273221, 0.006972366756809655], ['MVGRL', 'heat', 128, 15, 2, 'normalize', 0.1, 0.2, 0.4, 0.001, 0.5, 0.2, 0.5, 0.0001, 512, 512, 0.9914730527197104, 0.9907152977237358, 0.9674466836376467, 0.9601907990464948, 1.0, 0.800000011920929, 0.7630560994148254, 0.9928571581840515, 0.8019999861717224, 0.7780464291572571, 0.788495919160513, 0.01884923130822901, 0.7631026936634919, 0.019959174538647314, 0.788495919160513, 0.018849231308229013], ['MVGRL', 'heat', 256, 15, 2, 'normalize', 0.1, 0.2, 0.4, 0.001, 0.5, 0.2, 0.5, 0.0001, 512, 512, 0.993283957258969, 0.9925238463384254, 0.97313928325814, 0.9647437224216244, 0.9428571462631226, 0.8119999766349792, 0.790135383605957, 0.949999988079071, 0.8140000104904175, 0.7920696139335632, 0.8108822386319472, 0.009435828001861483, 0.7946656109222618, 0.009648513964127988, 0.8108822386319472, 0.009435828001861492]]
Epoch=000, loss=0.6996
Epoch=001, loss=0.8415
Epoch=002, loss=0.6655
Epoch=003, loss=0.7342
Epoch=004, loss=0.7126
Epoch=005, loss=0.6646
Epoch=006, loss=0.6692
Epoch=007, loss=0.6770
Epoch=008, loss=0.6578
Epoch=009, loss=0.6349
Epoch=010, loss=0.6343
Epoch=011, loss=0.6354
Epoch=012, loss=0.6196
Epoch=013, loss=0.6024
Epoch=014, loss=0.5944
Epoch=015, loss=0.5932
Epoch=016, loss=0.5747
Epoch=017, loss=0.5520
Epoch=018, loss=0.5464
Epoch=019, loss=0.5336
Epoch=020, loss=0.5153
Epoch=021, loss=0.5089
Epoch=022, loss=0.4937
Epoch=023, loss=0.4786
Epoch=024, loss=0.4631
Epoch=025, loss=0.4574
Epoch=026, loss=0.4405
Epoch=027, loss=0.4279
Epoch=028, loss=0.4150
Epoch=029, loss=0.4030
Epoch=030, loss=0.3901
Epoch=031, loss=0.3826
Epoch=032, loss=0.3712
Epoch=033, loss=0.3628
Epoch=034, loss=0.3507
Epoch=035, loss=0.3441
Epoch=036, loss=0.3388
Epoch=037, loss=0.3209
Epoch=038, loss=0.3118
Epoch=039, loss=0.3085
Epoch=040, loss=0.2965
Epoch=041, loss=0.2913
Epoch=042, loss=0.2781
Epoch=043, loss=0.2794
Epoch=044, loss=0.2696
Epoch=045, loss=0.2525
Epoch=046, loss=0.2501
Epoch=047, loss=0.2428
Epoch=048, loss=0.2372
Epoch=049, loss=0.2286
Epoch=050, loss=0.2370
Epoch=051, loss=0.2231
Epoch=052, loss=0.2215
Epoch=053, loss=0.2084
Epoch=054, loss=0.2035
Epoch=055, loss=0.1995
Epoch=056, loss=0.1956
Epoch=057, loss=0.1938
Epoch=058, loss=0.1859
Epoch=059, loss=0.1778
Epoch=060, loss=0.1791
Epoch=061, loss=0.1695
Epoch=062, loss=0.1719
Epoch=063, loss=0.1651
Epoch=064, loss=0.1648
Epoch=065, loss=0.1666
Epoch=066, loss=0.1601
Epoch=067, loss=0.1491
Epoch=068, loss=0.1462
Epoch=069, loss=0.1468
Epoch=070, loss=0.1425
Epoch=071, loss=0.1454
Epoch=072, loss=0.1400
Epoch=073, loss=0.1416
Epoch=074, loss=0.1368
Epoch=075, loss=0.1328
Epoch=076, loss=0.1376
Epoch=077, loss=0.1256
Epoch=078, loss=0.1281
Epoch=079, loss=0.1266
Epoch=080, loss=0.1205
Epoch=081, loss=0.1245
Epoch=082, loss=0.1163
Epoch=083, loss=0.1225
Epoch=084, loss=0.1124
Epoch=085, loss=0.1146
Epoch=086, loss=0.1128
Epoch=087, loss=0.1109
Epoch=088, loss=0.1086
Epoch=089, loss=0.1080
Epoch=090, loss=0.1033
Epoch=091, loss=0.1087
Epoch=092, loss=0.1021
Epoch=093, loss=0.1080
Epoch=094, loss=0.1037
Epoch=095, loss=0.1024
Epoch=096, loss=0.1050
Epoch=097, loss=0.0980
Epoch=098, loss=0.0993
Epoch=099, loss=0.0931
Epoch=100, loss=0.0962
Epoch=101, loss=0.0917
Epoch=102, loss=0.0959
Epoch=103, loss=0.0934
Epoch=104, loss=0.0911
Epoch=105, loss=0.0905
Epoch=106, loss=0.0924
Epoch=107, loss=0.0903
Epoch=108, loss=0.0877
Epoch=109, loss=0.0875
Epoch=110, loss=0.0896
Epoch=111, loss=0.0873
Epoch=112, loss=0.0902
Epoch=113, loss=0.0852
Epoch=114, loss=0.0813
Epoch=115, loss=0.0836
Epoch=116, loss=0.0829
Epoch=117, loss=0.0821
Epoch=118, loss=0.0785
Epoch=119, loss=0.0836
Epoch=120, loss=0.0811
Epoch=121, loss=0.0845
Epoch=122, loss=0.0784
Epoch=123, loss=0.0776
Epoch=124, loss=0.0798
Epoch=125, loss=0.0760
Epoch=126, loss=0.0766
Epoch=127, loss=0.0737
Epoch=128, loss=0.0761
Epoch=129, loss=0.0694
Epoch=130, loss=0.0725
Epoch=131, loss=0.0725
Epoch=132, loss=0.0707
Epoch=133, loss=0.0721
Epoch=134, loss=0.0714
Epoch=135, loss=0.0745
Epoch=136, loss=0.0700
Epoch=137, loss=0.0717
Epoch=138, loss=0.0712
Epoch=139, loss=0.0670
Epoch=140, loss=0.0678
Epoch=141, loss=0.0738
Epoch=142, loss=0.0692
Epoch=143, loss=0.0687
Epoch=144, loss=0.0677
Epoch=145, loss=0.0660
Epoch=146, loss=0.0687
Epoch=147, loss=0.0643
Epoch=148, loss=0.0685
Epoch=149, loss=0.0627
Epoch=150, loss=0.0650
Epoch=151, loss=0.0637
Epoch=152, loss=0.0648
Epoch=153, loss=0.0663
Epoch=154, loss=0.0656
Epoch=155, loss=0.0653
Epoch=156, loss=0.0660
Epoch=157, loss=0.0604
Epoch=158, loss=0.0665
Epoch=159, loss=0.0635
Epoch=160, loss=0.0564
Epoch=161, loss=0.0643
Epoch=162, loss=0.0595
Epoch=163, loss=0.0669
Epoch=164, loss=0.0614
Epoch=165, loss=0.0603
Epoch=166, loss=0.0582
Epoch=167, loss=0.0589
Epoch=168, loss=0.0563
Epoch=169, loss=0.0559
Epoch=170, loss=0.0529
Epoch=171, loss=0.0561
Epoch=172, loss=0.0583
Epoch=173, loss=0.0542
Epoch=174, loss=0.0567
Epoch=175, loss=0.0595
Epoch=176, loss=0.0574
Epoch=177, loss=0.0609
Epoch=178, loss=0.0557
Epoch=179, loss=0.0553
Epoch=180, loss=0.0534
Epoch=181, loss=0.0536
Epoch=182, loss=0.0562
Epoch=183, loss=0.0552
Epoch=184, loss=0.0573
Epoch=185, loss=0.0577
Epoch=186, loss=0.0522
Epoch=187, loss=0.0487
Epoch=188, loss=0.0515
Epoch=189, loss=0.0562
Epoch=190, loss=0.0561
Epoch=191, loss=0.0498
Epoch=192, loss=0.0540
Epoch=193, loss=0.0513
Epoch=194, loss=0.0509
Epoch=195, loss=0.0502
Epoch=196, loss=0.0607
Epoch=197, loss=0.0544
Epoch=198, loss=0.0535
Epoch=199, loss=0.0464
Epoch=200, loss=0.0492
Epoch=201, loss=0.0486
Epoch=202, loss=0.0496
Epoch=203, loss=0.0491
Epoch=204, loss=0.0463
Epoch=205, loss=0.0497
Epoch=206, loss=0.0512
Epoch=207, loss=0.0488
Epoch=208, loss=0.0455
Epoch=209, loss=0.0499
Epoch=210, loss=0.0522
Epoch=211, loss=0.0499
Epoch=212, loss=0.0519
Epoch=213, loss=0.0466
Epoch=214, loss=0.0443
Epoch=215, loss=0.0457
Epoch=216, loss=0.0488
Epoch=217, loss=0.0506
Epoch=218, loss=0.0444
Epoch=219, loss=0.0494
Epoch=220, loss=0.0484
Epoch=221, loss=0.0528
Epoch=222, loss=0.0425
Epoch=223, loss=0.0487
Epoch=224, loss=0.0467
Epoch=225, loss=0.0468
Epoch=226, loss=0.0449
Epoch=227, loss=0.0431
Epoch=228, loss=0.0454
Epoch=229, loss=0.0455
Epoch=230, loss=0.0431
Epoch=231, loss=0.0460
Epoch=232, loss=0.0430
Epoch=233, loss=0.0442
Epoch=234, loss=0.0446
Epoch=235, loss=0.0475
Epoch=236, loss=0.0440
Epoch=237, loss=0.0433
Epoch=238, loss=0.0391
Epoch=239, loss=0.0422
Epoch=240, loss=0.0465
Epoch=241, loss=0.0427
Epoch=242, loss=0.0476
Epoch=243, loss=0.0447
Epoch=244, loss=0.0434
Epoch=245, loss=0.0419
Epoch=246, loss=0.0455
Epoch=247, loss=0.0394
Epoch=248, loss=0.0406
Epoch=249, loss=0.0376
Epoch=250, loss=0.0421
Epoch=251, loss=0.0428
Epoch=252, loss=0.0421
Epoch=253, loss=0.0427
Epoch=254, loss=0.0415
Epoch=255, loss=0.0373
Epoch=256, loss=0.0416
Epoch=257, loss=0.0387
Epoch=258, loss=0.0394
Epoch=259, loss=0.0413
Epoch=260, loss=0.0430
Epoch=261, loss=0.0400
Epoch=262, loss=0.0401
Epoch=263, loss=0.0425
Epoch=264, loss=0.0417
Epoch=265, loss=0.0390
Epoch=266, loss=0.0398
Epoch=267, loss=0.0371
Epoch=268, loss=0.0404
Epoch=269, loss=0.0362
Epoch=270, loss=0.0384
Epoch=271, loss=0.0413
Epoch=272, loss=0.0397
Epoch=273, loss=0.0382
Epoch=274, loss=0.0423
Epoch=275, loss=0.0356
Epoch=276, loss=0.0430
Epoch=277, loss=0.0438
Epoch=278, loss=0.0372
Epoch=279, loss=0.0361
Epoch=280, loss=0.0382
Epoch=281, loss=0.0366
Epoch=282, loss=0.0407
Epoch=283, loss=0.0364
Epoch=284, loss=0.0408
Epoch=285, loss=0.0393
Epoch=286, loss=0.0388
Epoch=287, loss=0.0409
Epoch=288, loss=0.0322
Epoch=289, loss=0.0379
Epoch=290, loss=0.0367
Epoch=291, loss=0.0367
Epoch=292, loss=0.0377
Epoch=293, loss=0.0354
Epoch=294, loss=0.0349
Epoch=295, loss=0.0367
Epoch=296, loss=0.0390
Epoch=297, loss=0.0331
Epoch=298, loss=0.0323
Epoch=299, loss=0.0368
Epoch=300, loss=0.0368
Epoch=301, loss=0.0336
Epoch=302, loss=0.0375
Epoch=303, loss=0.0353
Epoch=304, loss=0.0364
Epoch=305, loss=0.0405
Epoch=306, loss=0.0348
Epoch=307, loss=0.0317
Epoch=308, loss=0.0361
Epoch=309, loss=0.0344
Epoch=310, loss=0.0345
Epoch=311, loss=0.0360
Epoch=312, loss=0.0331
Epoch=313, loss=0.0308
Epoch=314, loss=0.0303
Epoch=315, loss=0.0340
Epoch=316, loss=0.0364
Epoch=317, loss=0.0343
Epoch=318, loss=0.0337
Epoch=319, loss=0.0315
Epoch=320, loss=0.0335
Epoch=321, loss=0.0321
Epoch=322, loss=0.0370
Epoch=323, loss=0.0311
Epoch=324, loss=0.0296
Epoch=325, loss=0.0327
Epoch=326, loss=0.0327
Epoch=327, loss=0.0354
Epoch=328, loss=0.0350
Epoch=329, loss=0.0311
Epoch=330, loss=0.0320
Epoch=331, loss=0.0354
Epoch=332, loss=0.0322
Epoch=333, loss=0.0298
Epoch=334, loss=0.0335
Epoch=335, loss=0.0316
Epoch=336, loss=0.0297
Epoch=337, loss=0.0322
Epoch=338, loss=0.0280
Epoch=339, loss=0.0325
Epoch=340, loss=0.0314
Epoch=341, loss=0.0330
Epoch=342, loss=0.0305
Epoch=343, loss=0.0299
Epoch=344, loss=0.0310
Epoch=345, loss=0.0309
Epoch=346, loss=0.0274
Epoch=347, loss=0.0295
Epoch=348, loss=0.0305
Epoch=349, loss=0.0321
Epoch=350, loss=0.0314
Epoch=351, loss=0.0310
Epoch=352, loss=0.0304
Epoch=353, loss=0.0322
Epoch=354, loss=0.0304
Epoch=355, loss=0.0315
Epoch=356, loss=0.0283
Epoch=357, loss=0.0328
Epoch=358, loss=0.0288
Epoch=359, loss=0.0277
Epoch=360, loss=0.0287
Epoch=361, loss=0.0275
Epoch=362, loss=0.0315
Epoch=363, loss=0.0289
Epoch=364, loss=0.0309
Epoch=365, loss=0.0294
Epoch=366, loss=0.0277
Early stopping!
Loading 346th epoch
Early stopping!
Start to test process.
done with the edge prediction
done with the node prediction
done with the second node prediction
(E) | label_classification: F1Mi=0.8032+-0.0116, F1Ma=0.7892+-0.0185, acc=0.8032+-0.0116
[['MVGRL', 'heat', 16, 15, 2, 'normalize', 0.1, 0.2, 0.4, 0.001, 0.5, 0.2, 0.5, 0.0001, 512, 512, 0.8971609725359921, 0.8907275164689972, 0.8965340313759095, 0.881266595256185, 0.6928571462631226, 0.6740000247955322, 0.6397485733032227, 0.7571428418159485, 0.6660000085830688, 0.6576402187347412, 0.6687912942090944, 0.017619929400802474, 0.5897706969856971, 0.03225714793358455, 0.6687912942090944, 0.017619929400802474], ['MVGRL', 'heat', 32, 15, 2, 'normalize', 0.1, 0.2, 0.4, 0.001, 0.5, 0.2, 0.5, 0.0001, 512, 512, 0.9689503510649116, 0.9658196981765131, 0.9551433231675482, 0.9466023727628499, 0.9285714030265808, 0.7400000095367432, 0.7369439005851746, 0.9214285612106323, 0.7360000014305115, 0.7354932427406311, 0.75204041974349, 0.015933758609816873, 0.7200478413902603, 0.022594597998424247, 0.7520404197434901, 0.015933758609816797], ['MVGRL', 'heat', 64, 15, 2, 'normalize', 0.1, 0.2, 0.4, 0.001, 0.5, 0.2, 0.5, 0.0001, 512, 512, 0.9801222997909258, 0.9781451376752888, 0.9691083754307256, 0.9618665427423857, 0.9857142567634583, 0.7419999837875366, 0.7466151118278503, 0.8999999761581421, 0.7440000176429749, 0.7432301640510559, 0.7630781189273221, 0.0069723667568096365, 0.7354571437129191, 0.01226865342397769, 0.7630781189273221, 0.006972366756809655], ['MVGRL', 'heat', 128, 15, 2, 'normalize', 0.1, 0.2, 0.4, 0.001, 0.5, 0.2, 0.5, 0.0001, 512, 512, 0.9914730527197104, 0.9907152977237358, 0.9674466836376467, 0.9601907990464948, 1.0, 0.800000011920929, 0.7630560994148254, 0.9928571581840515, 0.8019999861717224, 0.7780464291572571, 0.788495919160513, 0.01884923130822901, 0.7631026936634919, 0.019959174538647314, 0.788495919160513, 0.018849231308229013], ['MVGRL', 'heat', 256, 15, 2, 'normalize', 0.1, 0.2, 0.4, 0.001, 0.5, 0.2, 0.5, 0.0001, 512, 512, 0.993283957258969, 0.9925238463384254, 0.97313928325814, 0.9647437224216244, 0.9428571462631226, 0.8119999766349792, 0.790135383605957, 0.949999988079071, 0.8140000104904175, 0.7920696139335632, 0.8108822386319472, 0.009435828001861483, 0.7946656109222618, 0.009648513964127988, 0.8108822386319472, 0.009435828001861492], ['MVGRL', 'heat', 512, 15, 2, 'normalize', 0.1, 0.2, 0.4, 0.001, 0.5, 0.2, 0.5, 0.0001, 512, 512, 0.9970633712081496, 0.9968279141765066, 0.9760882010881111, 0.96936201995831, 0.9857142567634583, 0.8339999914169312, 0.7964216470718384, 0.9857142567634583, 0.8360000252723694, 0.7988394498825073, 0.8031869413136417, 0.011588330276982856, 0.789180303388178, 0.018507040278983696, 0.8031869413136418, 0.011588330276982856]]
