My SLURM_ARRAY_TASK_ID:  8
My SLURM_ARRAY_JOB_ID:  4522329
MVGRL
Cora
result file is 4522329_8
Dataset: Cora():
======================
Number of graphs: 1
Number of features: 1433
Number of classes: 7
Data(x=[2708, 1433], edge_index=[2, 10556], y=[2708], train_mask=[2708], val_mask=[2708], test_mask=[2708])
==============================================================
Number of nodes: 2708
Number of edges: 10556
Average node degree: 3.90
Number of training nodes: 140
Training node label rate: 0.05
Contains isolated nodes: False
Contains self-loops: False
Is undirected: True
Epoch=000, loss=0.6954
Epoch=001, loss=0.6947
Epoch=002, loss=0.6939
Epoch=003, loss=0.6934
Epoch=004, loss=0.6926
Epoch=005, loss=0.6922
Epoch=006, loss=0.6918
Epoch=007, loss=0.6913
Epoch=008, loss=0.6910
Epoch=009, loss=0.6905
Epoch=010, loss=0.6903
Epoch=011, loss=0.6898
Epoch=012, loss=0.6892
Epoch=013, loss=0.6885
Epoch=014, loss=0.6878
Epoch=015, loss=0.6875
Epoch=016, loss=0.6871
Epoch=017, loss=0.6864
Epoch=018, loss=0.6856
Epoch=019, loss=0.6853
Epoch=020, loss=0.6848
Epoch=021, loss=0.6843
Epoch=022, loss=0.6832
Epoch=023, loss=0.6829
Epoch=024, loss=0.6821
Epoch=025, loss=0.6813
Epoch=026, loss=0.6802
Epoch=027, loss=0.6793
Epoch=028, loss=0.6789
Epoch=029, loss=0.6771
Epoch=030, loss=0.6764
Epoch=031, loss=0.6754
Epoch=032, loss=0.6748
Epoch=033, loss=0.6748
Epoch=034, loss=0.6734
Epoch=035, loss=0.6718
Epoch=036, loss=0.6705
Epoch=037, loss=0.6698
Epoch=038, loss=0.6682
Epoch=039, loss=0.6676
Epoch=040, loss=0.6673
Epoch=041, loss=0.6647
Epoch=042, loss=0.6621
Epoch=043, loss=0.6617
Epoch=044, loss=0.6606
Epoch=045, loss=0.6592
Epoch=046, loss=0.6580
Epoch=047, loss=0.6568
Epoch=048, loss=0.6525
Epoch=049, loss=0.6535
Epoch=050, loss=0.6510
Epoch=051, loss=0.6505
Epoch=052, loss=0.6480
Epoch=053, loss=0.6458
Epoch=054, loss=0.6454
Epoch=055, loss=0.6447
Epoch=056, loss=0.6426
Epoch=057, loss=0.6406
Epoch=058, loss=0.6397
Epoch=059, loss=0.6379
Epoch=060, loss=0.6332
Epoch=061, loss=0.6349
Epoch=062, loss=0.6301
Epoch=063, loss=0.6305
Epoch=064, loss=0.6256
Epoch=065, loss=0.6277
Epoch=066, loss=0.6264
Epoch=067, loss=0.6218
Epoch=068, loss=0.6196
Epoch=069, loss=0.6198
Epoch=070, loss=0.6169
Epoch=071, loss=0.6147
Epoch=072, loss=0.6151
Epoch=073, loss=0.6110
Epoch=074, loss=0.6113
Epoch=075, loss=0.6080
Epoch=076, loss=0.6032
Epoch=077, loss=0.6042
Epoch=078, loss=0.6006
Epoch=079, loss=0.6010
Epoch=080, loss=0.5944
Epoch=081, loss=0.5954
Epoch=082, loss=0.5934
Epoch=083, loss=0.5960
Epoch=084, loss=0.5873
Epoch=085, loss=0.5891
Epoch=086, loss=0.5862
Epoch=087, loss=0.5851
Epoch=088, loss=0.5808
Epoch=089, loss=0.5809
Epoch=090, loss=0.5800
Epoch=091, loss=0.5753
Epoch=092, loss=0.5729
Epoch=093, loss=0.5728
Epoch=094, loss=0.5693
Epoch=095, loss=0.5657
Epoch=096, loss=0.5628
Epoch=097, loss=0.5653
Epoch=098, loss=0.5607
Epoch=099, loss=0.5624
Epoch=100, loss=0.5624
Epoch=101, loss=0.5574
Epoch=102, loss=0.5601
Epoch=103, loss=0.5561
Epoch=104, loss=0.5532
Epoch=105, loss=0.5511
Epoch=106, loss=0.5458
Epoch=107, loss=0.5501
Epoch=108, loss=0.5481
Epoch=109, loss=0.5429
Epoch=110, loss=0.5394
Epoch=111, loss=0.5404
Epoch=112, loss=0.5332
Epoch=113, loss=0.5327
Epoch=114, loss=0.5363
Epoch=115, loss=0.5296
Epoch=116, loss=0.5320
Epoch=117, loss=0.5247
Epoch=118, loss=0.5250
Epoch=119, loss=0.5225
Epoch=120, loss=0.5222
Epoch=121, loss=0.5200
Epoch=122, loss=0.5198
Epoch=123, loss=0.5282
Epoch=124, loss=0.5197
Epoch=125, loss=0.5140
Epoch=126, loss=0.5149
Epoch=127, loss=0.5143
Epoch=128, loss=0.5105
Epoch=129, loss=0.5048
Epoch=130, loss=0.5097
Epoch=131, loss=0.5076
Epoch=132, loss=0.5036
Epoch=133, loss=0.5030
Epoch=134, loss=0.4975
Epoch=135, loss=0.4949
Epoch=136, loss=0.4965
Epoch=137, loss=0.4979
Epoch=138, loss=0.4959
Epoch=139, loss=0.4937
Epoch=140, loss=0.4934
Epoch=141, loss=0.4893
Epoch=142, loss=0.4927
Epoch=143, loss=0.4848
Epoch=144, loss=0.4850
Epoch=145, loss=0.4852
Epoch=146, loss=0.4804
Epoch=147, loss=0.4812
Epoch=148, loss=0.4832
Epoch=149, loss=0.4787
Epoch=150, loss=0.4766
Epoch=151, loss=0.4727
Epoch=152, loss=0.4786
Epoch=153, loss=0.4710
Epoch=154, loss=0.4696
Epoch=155, loss=0.4716
Epoch=156, loss=0.4704
Epoch=157, loss=0.4652
Epoch=158, loss=0.4661
Epoch=159, loss=0.4696
Epoch=160, loss=0.4586
Epoch=161, loss=0.4635
Epoch=162, loss=0.4583
Epoch=163, loss=0.4615
Epoch=164, loss=0.4577
Epoch=165, loss=0.4609
Epoch=166, loss=0.4555
Epoch=167, loss=0.4516
Epoch=168, loss=0.4562
Epoch=169, loss=0.4525
Epoch=170, loss=0.4488
Epoch=171, loss=0.4514
Epoch=172, loss=0.4488
Epoch=173, loss=0.4465
Epoch=174, loss=0.4445
Epoch=175, loss=0.4481
Epoch=176, loss=0.4427
Epoch=177, loss=0.4425
Epoch=178, loss=0.4428
Epoch=179, loss=0.4442
Epoch=180, loss=0.4396
Epoch=181, loss=0.4403
Epoch=182, loss=0.4382
Epoch=183, loss=0.4382
Epoch=184, loss=0.4402
Epoch=185, loss=0.4324
Epoch=186, loss=0.4319
Epoch=187, loss=0.4340
Epoch=188, loss=0.4308
Epoch=189, loss=0.4297
Epoch=190, loss=0.4305
Epoch=191, loss=0.4300
Epoch=192, loss=0.4258
Epoch=193, loss=0.4203
Epoch=194, loss=0.4227
Epoch=195, loss=0.4261
Epoch=196, loss=0.4273
Epoch=197, loss=0.4254
Epoch=198, loss=0.4194
Epoch=199, loss=0.4215
Epoch=200, loss=0.4164
Epoch=201, loss=0.4216
Epoch=202, loss=0.4138
Epoch=203, loss=0.4144
Epoch=204, loss=0.4124
Epoch=205, loss=0.4172
Epoch=206, loss=0.4186
Epoch=207, loss=0.4124
Epoch=208, loss=0.4112
Epoch=209, loss=0.4072
Epoch=210, loss=0.4053
Epoch=211, loss=0.4137
Epoch=212, loss=0.4058
Epoch=213, loss=0.4066
Epoch=214, loss=0.4098
Epoch=215, loss=0.3998
Epoch=216, loss=0.4049
Epoch=217, loss=0.4056
Epoch=218, loss=0.4062
Epoch=219, loss=0.4018
Epoch=220, loss=0.4043
Epoch=221, loss=0.3985
Epoch=222, loss=0.4005
Epoch=223, loss=0.3985
Epoch=224, loss=0.3966
Epoch=225, loss=0.4022
Epoch=226, loss=0.3935
Epoch=227, loss=0.3969
Epoch=228, loss=0.3937
Epoch=229, loss=0.3978
Epoch=230, loss=0.3908
Epoch=231, loss=0.3895
Epoch=232, loss=0.3916
Epoch=233, loss=0.3860
Epoch=234, loss=0.3914
Epoch=235, loss=0.3884
Epoch=236, loss=0.3822
Epoch=237, loss=0.3863
Epoch=238, loss=0.3820
Epoch=239, loss=0.3810
Epoch=240, loss=0.3812
Epoch=241, loss=0.3812
Epoch=242, loss=0.3832
Epoch=243, loss=0.3809
Epoch=244, loss=0.3811
Epoch=245, loss=0.3784
Epoch=246, loss=0.3767
Epoch=247, loss=0.3743
Epoch=248, loss=0.3804
Epoch=249, loss=0.3755
Epoch=250, loss=0.3735
Epoch=251, loss=0.3764
Epoch=252, loss=0.3759
Epoch=253, loss=0.3758
Epoch=254, loss=0.3708
Epoch=255, loss=0.3741
Epoch=256, loss=0.3720
Epoch=257, loss=0.3699
Epoch=258, loss=0.3667
Epoch=259, loss=0.3693
Epoch=260, loss=0.3673
Epoch=261, loss=0.3671
Epoch=262, loss=0.3614
Epoch=263, loss=0.3636
Epoch=264, loss=0.3652
Epoch=265, loss=0.3626
Epoch=266, loss=0.3601
Epoch=267, loss=0.3617
Epoch=268, loss=0.3634
Epoch=269, loss=0.3555
Epoch=270, loss=0.3578
Epoch=271, loss=0.3578
Epoch=272, loss=0.3568
Epoch=273, loss=0.3593
Epoch=274, loss=0.3545
Epoch=275, loss=0.3550
Epoch=276, loss=0.3530
Epoch=277, loss=0.3523
Epoch=278, loss=0.3525
Epoch=279, loss=0.3505
Epoch=280, loss=0.3517
Epoch=281, loss=0.3518
Epoch=282, loss=0.3493
Epoch=283, loss=0.3505
Epoch=284, loss=0.3489
Epoch=285, loss=0.3479
Epoch=286, loss=0.3439
Epoch=287, loss=0.3488
Epoch=288, loss=0.3493
Epoch=289, loss=0.3417
Epoch=290, loss=0.3416
Epoch=291, loss=0.3406
Epoch=292, loss=0.3456
Epoch=293, loss=0.3425
Epoch=294, loss=0.3354
Epoch=295, loss=0.3393
Epoch=296, loss=0.3396
Epoch=297, loss=0.3407
Epoch=298, loss=0.3356
Epoch=299, loss=0.3349
Epoch=300, loss=0.3361
Epoch=301, loss=0.3350
Epoch=302, loss=0.3373
Epoch=303, loss=0.3401
Epoch=304, loss=0.3334
Epoch=305, loss=0.3389
Epoch=306, loss=0.3309
Epoch=307, loss=0.3309
Epoch=308, loss=0.3317
Epoch=309, loss=0.3331
Epoch=310, loss=0.3291
Epoch=311, loss=0.3247
Epoch=312, loss=0.3275
Epoch=313, loss=0.3307
Epoch=314, loss=0.3235
Epoch=315, loss=0.3281
Epoch=316, loss=0.3239
Epoch=317, loss=0.3271
Epoch=318, loss=0.3227
Epoch=319, loss=0.3234
Epoch=320, loss=0.3224
Epoch=321, loss=0.3232
Epoch=322, loss=0.3231
Epoch=323, loss=0.3187
Epoch=324, loss=0.3224
Epoch=325, loss=0.3168
Epoch=326, loss=0.3150
Epoch=327, loss=0.3198
Epoch=328, loss=0.3188
Epoch=329, loss=0.3152
Epoch=330, loss=0.3138
Epoch=331, loss=0.3213
Epoch=332, loss=0.3129
Epoch=333, loss=0.3117
Epoch=334, loss=0.3147
Epoch=335, loss=0.3123
Epoch=336, loss=0.3127
Epoch=337, loss=0.3119
Epoch=338, loss=0.3058
Epoch=339, loss=0.3094
Epoch=340, loss=0.3109
Epoch=341, loss=0.3104
Epoch=342, loss=0.3059
Epoch=343, loss=0.3069
Epoch=344, loss=0.3061
Epoch=345, loss=0.3011
Epoch=346, loss=0.3078
Epoch=347, loss=0.3071
Epoch=348, loss=0.3052
Epoch=349, loss=0.3023
Epoch=350, loss=0.2964
Epoch=351, loss=0.3020
Epoch=352, loss=0.2968
Epoch=353, loss=0.2997
Epoch=354, loss=0.3052
Epoch=355, loss=0.2999
Epoch=356, loss=0.3030
Epoch=357, loss=0.2948
Epoch=358, loss=0.2971
Epoch=359, loss=0.2981
Epoch=360, loss=0.2961
Epoch=361, loss=0.2909
Epoch=362, loss=0.2885
Epoch=363, loss=0.2990
Epoch=364, loss=0.2913
Epoch=365, loss=0.2900
Epoch=366, loss=0.2962
Epoch=367, loss=0.2901
Epoch=368, loss=0.2933
Epoch=369, loss=0.2918
Epoch=370, loss=0.2889
Epoch=371, loss=0.2931
Epoch=372, loss=0.2899
Epoch=373, loss=0.2935
Epoch=374, loss=0.2879
Epoch=375, loss=0.2869
Epoch=376, loss=0.2841
Epoch=377, loss=0.2824
Epoch=378, loss=0.2864
Epoch=379, loss=0.2842
Epoch=380, loss=0.2885
Epoch=381, loss=0.2845
Epoch=382, loss=0.2840
Epoch=383, loss=0.2892
Epoch=384, loss=0.2815
Epoch=385, loss=0.2788
Epoch=386, loss=0.2820
Epoch=387, loss=0.2806
Epoch=388, loss=0.2837
Epoch=389, loss=0.2799
Epoch=390, loss=0.2802
Epoch=391, loss=0.2807
Epoch=392, loss=0.2798
Epoch=393, loss=0.2746
Epoch=394, loss=0.2774
Epoch=395, loss=0.2772
Epoch=396, loss=0.2739
Epoch=397, loss=0.2782
Epoch=398, loss=0.2729
Epoch=399, loss=0.2740
Epoch=400, loss=0.2717
Epoch=401, loss=0.2717
Epoch=402, loss=0.2687
Epoch=403, loss=0.2692
Epoch=404, loss=0.2639
Epoch=405, loss=0.2690
Epoch=406, loss=0.2680
Epoch=407, loss=0.2650
Epoch=408, loss=0.2698
Epoch=409, loss=0.2667
Epoch=410, loss=0.2675
Epoch=411, loss=0.2699
Epoch=412, loss=0.2669
Epoch=413, loss=0.2649
Epoch=414, loss=0.2617
Epoch=415, loss=0.2639
Epoch=416, loss=0.2641
Epoch=417, loss=0.2591
Epoch=418, loss=0.2658
Epoch=419, loss=0.2610
Epoch=420, loss=0.2605
Epoch=421, loss=0.2594
Epoch=422, loss=0.2606
Epoch=423, loss=0.2584
Epoch=424, loss=0.2587
Epoch=425, loss=0.2562
Epoch=426, loss=0.2562
Epoch=427, loss=0.2543
Epoch=428, loss=0.2569
Epoch=429, loss=0.2565
Epoch=430, loss=0.2529
Epoch=431, loss=0.2560
Epoch=432, loss=0.2548
Epoch=433, loss=0.2580
Epoch=434, loss=0.2530
Epoch=435, loss=0.2539
Epoch=436, loss=0.2523
Epoch=437, loss=0.2514
Epoch=438, loss=0.2505
Epoch=439, loss=0.2492
Epoch=440, loss=0.2485
Epoch=441, loss=0.2480
Epoch=442, loss=0.2536
Epoch=443, loss=0.2490
Epoch=444, loss=0.2477
Epoch=445, loss=0.2471
Epoch=446, loss=0.2467
Epoch=447, loss=0.2490
Epoch=448, loss=0.2413
Epoch=449, loss=0.2417
Epoch=450, loss=0.2516
Epoch=451, loss=0.2457
Epoch=452, loss=0.2439
Epoch=453, loss=0.2457
Epoch=454, loss=0.2520
Epoch=455, loss=0.2414
Epoch=456, loss=0.2399
Epoch=457, loss=0.2383
Epoch=458, loss=0.2394
Epoch=459, loss=0.2466
Epoch=460, loss=0.2397
Epoch=461, loss=0.2416
Epoch=462, loss=0.2439
Epoch=463, loss=0.2412
Epoch=464, loss=0.2458
Epoch=465, loss=0.2346
Epoch=466, loss=0.2323
Epoch=467, loss=0.2347
Epoch=468, loss=0.2357
Epoch=469, loss=0.2411
Epoch=470, loss=0.2321
Epoch=471, loss=0.2309
Epoch=472, loss=0.2355
Epoch=473, loss=0.2299
Epoch=474, loss=0.2367
Epoch=475, loss=0.2279
Epoch=476, loss=0.2321
Epoch=477, loss=0.2344
Epoch=478, loss=0.2293
Epoch=479, loss=0.2352
Epoch=480, loss=0.2410
Epoch=481, loss=0.2305
Epoch=482, loss=0.2282
Epoch=483, loss=0.2289
Epoch=484, loss=0.2271
Epoch=485, loss=0.2346
Epoch=486, loss=0.2315
Epoch=487, loss=0.2243
Epoch=488, loss=0.2252
Epoch=489, loss=0.2248
Epoch=490, loss=0.2291
Epoch=491, loss=0.2269
Epoch=492, loss=0.2229
Epoch=493, loss=0.2279
Epoch=494, loss=0.2224
Epoch=495, loss=0.2267
Epoch=496, loss=0.2266
Epoch=497, loss=0.2191
Epoch=498, loss=0.2245
Epoch=499, loss=0.2210
Loading 497th epoch
Early stopping!
Start to test process.
done with the edge prediction
done with the node prediction
done with the second node prediction
(E) | label_classification: F1Mi=0.6757+-0.0115, F1Ma=0.6293+-0.0111, acc=0.6757+-0.0115
[['MVGRL', 'heat', 16, 15, 2, 'normalize', 0.1, 0.2, 0.4, 0.001, 0.5, 0.2, 0.5, 0.0001, 512, 512, 0.9403739244441902, 0.937395517599467, 0.9259565979786051, 0.9286410220015726, 0.7857142686843872, 0.7020000219345093, 0.6881044507026672, 0.7857142686843872, 0.699999988079071, 0.6924564838409424, 0.6757092887679751, 0.011536073831630007, 0.6292904854279681, 0.011054436776643757, 0.6757092887679751, 0.011536073831630007]]
Epoch=000, loss=0.6955
Epoch=001, loss=0.6940
Epoch=002, loss=0.6930
Epoch=003, loss=0.6921
Epoch=004, loss=0.6912
Epoch=005, loss=0.6902
Epoch=006, loss=0.6894
Epoch=007, loss=0.6887
Epoch=008, loss=0.6877
Epoch=009, loss=0.6867
Epoch=010, loss=0.6858
Epoch=011, loss=0.6850
Epoch=012, loss=0.6840
Epoch=013, loss=0.6837
Epoch=014, loss=0.6815
Epoch=015, loss=0.6806
Epoch=016, loss=0.6797
Epoch=017, loss=0.6779
Epoch=018, loss=0.6767
Epoch=019, loss=0.6749
Epoch=020, loss=0.6732
Epoch=021, loss=0.6716
Epoch=022, loss=0.6703
Epoch=023, loss=0.6692
Epoch=024, loss=0.6665
Epoch=025, loss=0.6638
Epoch=026, loss=0.6624
Epoch=027, loss=0.6597
Epoch=028, loss=0.6572
Epoch=029, loss=0.6547
Epoch=030, loss=0.6530
Epoch=031, loss=0.6513
Epoch=032, loss=0.6470
Epoch=033, loss=0.6449
Epoch=034, loss=0.6422
Epoch=035, loss=0.6371
Epoch=036, loss=0.6387
Epoch=037, loss=0.6342
Epoch=038, loss=0.6315
Epoch=039, loss=0.6312
Epoch=040, loss=0.6269
Epoch=041, loss=0.6218
Epoch=042, loss=0.6188
Epoch=043, loss=0.6139
Epoch=044, loss=0.6119
Epoch=045, loss=0.6123
Epoch=046, loss=0.6081
Epoch=047, loss=0.6062
Epoch=048, loss=0.6033
Epoch=049, loss=0.5989
Epoch=050, loss=0.5947
Epoch=051, loss=0.5938
Epoch=052, loss=0.5901
Epoch=053, loss=0.5877
Epoch=054, loss=0.5817
Epoch=055, loss=0.5757
Epoch=056, loss=0.5777
Epoch=057, loss=0.5718
Epoch=058, loss=0.5691
Epoch=059, loss=0.5657
Epoch=060, loss=0.5676
Epoch=061, loss=0.5626
Epoch=062, loss=0.5544
Epoch=063, loss=0.5582
Epoch=064, loss=0.5508
Epoch=065, loss=0.5516
Epoch=066, loss=0.5457
Epoch=067, loss=0.5421
Epoch=068, loss=0.5393
Epoch=069, loss=0.5367
Epoch=070, loss=0.5307
Epoch=071, loss=0.5309
Epoch=072, loss=0.5255
Epoch=073, loss=0.5257
Epoch=074, loss=0.5261
Epoch=075, loss=0.5173
Epoch=076, loss=0.5131
Epoch=077, loss=0.5118
Epoch=078, loss=0.5100
Epoch=079, loss=0.5017
Epoch=080, loss=0.5085
Epoch=081, loss=0.5027
Epoch=082, loss=0.4995
Epoch=083, loss=0.4973
Epoch=084, loss=0.4936
Epoch=085, loss=0.4877
Epoch=086, loss=0.4894
Epoch=087, loss=0.4825
Epoch=088, loss=0.4838
Epoch=089, loss=0.4842
Epoch=090, loss=0.4773
Epoch=091, loss=0.4765
Epoch=092, loss=0.4713
Epoch=093, loss=0.4717
Epoch=094, loss=0.4663
Epoch=095, loss=0.4634
Epoch=096, loss=0.4633
Epoch=097, loss=0.4657
Epoch=098, loss=0.4541
Epoch=099, loss=0.4587
Epoch=100, loss=0.4523
Epoch=101, loss=0.4486
Epoch=102, loss=0.4483
Epoch=103, loss=0.4514
Epoch=104, loss=0.4436
Epoch=105, loss=0.4442
Epoch=106, loss=0.4411
Epoch=107, loss=0.4412
Epoch=108, loss=0.4313
Epoch=109, loss=0.4347
Epoch=110, loss=0.4329
Epoch=111, loss=0.4312
Epoch=112, loss=0.4233
Epoch=113, loss=0.4222
Epoch=114, loss=0.4228
Epoch=115, loss=0.4188
Epoch=116, loss=0.4202
Epoch=117, loss=0.4177
Epoch=118, loss=0.4138
Epoch=119, loss=0.4164
Epoch=120, loss=0.4118
Epoch=121, loss=0.4068
Epoch=122, loss=0.4073
Epoch=123, loss=0.4011
Epoch=124, loss=0.4012
Epoch=125, loss=0.3979
Epoch=126, loss=0.4021
Epoch=127, loss=0.3966
Epoch=128, loss=0.3949
Epoch=129, loss=0.3956
Epoch=130, loss=0.3882
Epoch=131, loss=0.3934
Epoch=132, loss=0.3884
Epoch=133, loss=0.3932
Epoch=134, loss=0.3870
Epoch=135, loss=0.3835
Epoch=136, loss=0.3794
Epoch=137, loss=0.3800
Epoch=138, loss=0.3799
Epoch=139, loss=0.3783
Epoch=140, loss=0.3748
Epoch=141, loss=0.3763
Epoch=142, loss=0.3730
Epoch=143, loss=0.3718
Epoch=144, loss=0.3666
Epoch=145, loss=0.3682
Epoch=146, loss=0.3648
Epoch=147, loss=0.3627
Epoch=148, loss=0.3639
Epoch=149, loss=0.3647
Epoch=150, loss=0.3591
Epoch=151, loss=0.3589
Epoch=152, loss=0.3559
Epoch=153, loss=0.3529
Epoch=154, loss=0.3530
Epoch=155, loss=0.3539
Epoch=156, loss=0.3490
Epoch=157, loss=0.3462
Epoch=158, loss=0.3514
Epoch=159, loss=0.3442
Epoch=160, loss=0.3457
Epoch=161, loss=0.3427
Epoch=162, loss=0.3416
Epoch=163, loss=0.3392
Epoch=164, loss=0.3403
Epoch=165, loss=0.3371
Epoch=166, loss=0.3399
Epoch=167, loss=0.3345
Epoch=168, loss=0.3313
Epoch=169, loss=0.3315
Epoch=170, loss=0.3285
Epoch=171, loss=0.3303
Epoch=172, loss=0.3260
Epoch=173, loss=0.3261
Epoch=174, loss=0.3216
Epoch=175, loss=0.3230
Epoch=176, loss=0.3202
Epoch=177, loss=0.3221
Epoch=178, loss=0.3166
Epoch=179, loss=0.3171
Epoch=180, loss=0.3160
Epoch=181, loss=0.3168
Epoch=182, loss=0.3102
Epoch=183, loss=0.3092
Epoch=184, loss=0.3078
Epoch=185, loss=0.3078
Epoch=186, loss=0.3110
Epoch=187, loss=0.3067
Epoch=188, loss=0.3034
Epoch=189, loss=0.3033
Epoch=190, loss=0.3004
Epoch=191, loss=0.3060
Epoch=192, loss=0.3027
Epoch=193, loss=0.2999
Epoch=194, loss=0.2957
Epoch=195, loss=0.2954
Epoch=196, loss=0.2971
Epoch=197, loss=0.2933
Epoch=198, loss=0.2918
Epoch=199, loss=0.2938
Epoch=200, loss=0.2920
Epoch=201, loss=0.2898
Epoch=202, loss=0.2889
Epoch=203, loss=0.2859
Epoch=204, loss=0.2873
Epoch=205, loss=0.2838
Epoch=206, loss=0.2829
Epoch=207, loss=0.2837
Epoch=208, loss=0.2814
Epoch=209, loss=0.2818
Epoch=210, loss=0.2742
Epoch=211, loss=0.2801
Epoch=212, loss=0.2756
Epoch=213, loss=0.2727
Epoch=214, loss=0.2693
Epoch=215, loss=0.2710
Epoch=216, loss=0.2708
Epoch=217, loss=0.2717
Epoch=218, loss=0.2699
Epoch=219, loss=0.2712
Epoch=220, loss=0.2680
Epoch=221, loss=0.2681
Epoch=222, loss=0.2628
Epoch=223, loss=0.2654
Epoch=224, loss=0.2638
Epoch=225, loss=0.2607
Epoch=226, loss=0.2626
Epoch=227, loss=0.2547
Epoch=228, loss=0.2559
Epoch=229, loss=0.2555
Epoch=230, loss=0.2584
Epoch=231, loss=0.2564
Epoch=232, loss=0.2516
Epoch=233, loss=0.2495
Epoch=234, loss=0.2512
Epoch=235, loss=0.2498
Epoch=236, loss=0.2475
Epoch=237, loss=0.2494
Epoch=238, loss=0.2485
Epoch=239, loss=0.2471
Epoch=240, loss=0.2447
Epoch=241, loss=0.2481
Epoch=242, loss=0.2451
Epoch=243, loss=0.2422
Epoch=244, loss=0.2414
Epoch=245, loss=0.2444
Epoch=246, loss=0.2401
Epoch=247, loss=0.2343
Epoch=248, loss=0.2373
Epoch=249, loss=0.2337
Epoch=250, loss=0.2392
Epoch=251, loss=0.2354
Epoch=252, loss=0.2354
Epoch=253, loss=0.2310
Epoch=254, loss=0.2322
Epoch=255, loss=0.2317
Epoch=256, loss=0.2348
Epoch=257, loss=0.2274
Epoch=258, loss=0.2303
Epoch=259, loss=0.2300
Epoch=260, loss=0.2223
Epoch=261, loss=0.2203
Epoch=262, loss=0.2277
Epoch=263, loss=0.2239
Epoch=264, loss=0.2234
Epoch=265, loss=0.2212
Epoch=266, loss=0.2177
Epoch=267, loss=0.2176
Epoch=268, loss=0.2177
Epoch=269, loss=0.2193
Epoch=270, loss=0.2168
Epoch=271, loss=0.2155
Epoch=272, loss=0.2172
Epoch=273, loss=0.2163
Epoch=274, loss=0.2152
Epoch=275, loss=0.2146
Epoch=276, loss=0.2134
Epoch=277, loss=0.2133
Epoch=278, loss=0.2101
Epoch=279, loss=0.2105
Epoch=280, loss=0.2066
Epoch=281, loss=0.2085
Epoch=282, loss=0.2066
Epoch=283, loss=0.2064
Epoch=284, loss=0.2034
Epoch=285, loss=0.2028
Epoch=286, loss=0.2050
Epoch=287, loss=0.2014
Epoch=288, loss=0.1993
Epoch=289, loss=0.2010
Epoch=290, loss=0.1998
Epoch=291, loss=0.2041
Epoch=292, loss=0.1961
Epoch=293, loss=0.1987
Epoch=294, loss=0.1982
Epoch=295, loss=0.2001
Epoch=296, loss=0.1964
Epoch=297, loss=0.1966
Epoch=298, loss=0.1942
Epoch=299, loss=0.1934
Epoch=300, loss=0.1887
Epoch=301, loss=0.1888
Epoch=302, loss=0.1913
Epoch=303, loss=0.1871
Epoch=304, loss=0.1945
Epoch=305, loss=0.1885
Epoch=306, loss=0.1860
Epoch=307, loss=0.1874
Epoch=308, loss=0.1867
Epoch=309, loss=0.1879
Epoch=310, loss=0.1839
Epoch=311, loss=0.1838
Epoch=312, loss=0.1861
Epoch=313, loss=0.1770
Epoch=314, loss=0.1815
Epoch=315, loss=0.1818
Epoch=316, loss=0.1842
Epoch=317, loss=0.1801
Epoch=318, loss=0.1791
Epoch=319, loss=0.1769
Epoch=320, loss=0.1773
Epoch=321, loss=0.1778
Epoch=322, loss=0.1781
Epoch=323, loss=0.1767
Epoch=324, loss=0.1751
Epoch=325, loss=0.1749
Epoch=326, loss=0.1746
Epoch=327, loss=0.1720
Epoch=328, loss=0.1740
Epoch=329, loss=0.1716
Epoch=330, loss=0.1732
Epoch=331, loss=0.1712
Epoch=332, loss=0.1755
Epoch=333, loss=0.1719
Epoch=334, loss=0.1684
Epoch=335, loss=0.1715
Epoch=336, loss=0.1664
Epoch=337, loss=0.1629
Epoch=338, loss=0.1619
Epoch=339, loss=0.1721
Epoch=340, loss=0.1662
Epoch=341, loss=0.1649
Epoch=342, loss=0.1605
Epoch=343, loss=0.1658
Epoch=344, loss=0.1650
Epoch=345, loss=0.1686
Epoch=346, loss=0.1658
Epoch=347, loss=0.1595
Epoch=348, loss=0.1610
Epoch=349, loss=0.1615
Epoch=350, loss=0.1602
Epoch=351, loss=0.1556
Epoch=352, loss=0.1596
Epoch=353, loss=0.1577
Epoch=354, loss=0.1652
Epoch=355, loss=0.1579
Epoch=356, loss=0.1532
Epoch=357, loss=0.1551
Epoch=358, loss=0.1557
Epoch=359, loss=0.1562
Epoch=360, loss=0.1531
Epoch=361, loss=0.1572
Epoch=362, loss=0.1564
Epoch=363, loss=0.1549
Epoch=364, loss=0.1518
Epoch=365, loss=0.1564
Epoch=366, loss=0.1492
Epoch=367, loss=0.1518
Epoch=368, loss=0.1541
Epoch=369, loss=0.1478
Epoch=370, loss=0.1464
Epoch=371, loss=0.1540
Epoch=372, loss=0.1491
Epoch=373, loss=0.1505
Epoch=374, loss=0.1503
Epoch=375, loss=0.1484
Epoch=376, loss=0.1469
Epoch=377, loss=0.1486
Epoch=378, loss=0.1410
Epoch=379, loss=0.1459
Epoch=380, loss=0.1442
Epoch=381, loss=0.1414
Epoch=382, loss=0.1476
Epoch=383, loss=0.1435
Epoch=384, loss=0.1421
Epoch=385, loss=0.1439
Epoch=386, loss=0.1478
Epoch=387, loss=0.1409
Epoch=388, loss=0.1388
Epoch=389, loss=0.1368
Epoch=390, loss=0.1371
Epoch=391, loss=0.1385
Epoch=392, loss=0.1387
Epoch=393, loss=0.1443
Epoch=394, loss=0.1398
Epoch=395, loss=0.1395
Epoch=396, loss=0.1367
Epoch=397, loss=0.1397
Epoch=398, loss=0.1353
Epoch=399, loss=0.1323
Epoch=400, loss=0.1377
Epoch=401, loss=0.1375
Epoch=402, loss=0.1361
Epoch=403, loss=0.1404
Epoch=404, loss=0.1369
Epoch=405, loss=0.1339
Epoch=406, loss=0.1306
Epoch=407, loss=0.1307
Epoch=408, loss=0.1316
Epoch=409, loss=0.1321
Epoch=410, loss=0.1315
Epoch=411, loss=0.1309
Epoch=412, loss=0.1362
Epoch=413, loss=0.1328
Epoch=414, loss=0.1308
Epoch=415, loss=0.1281
Epoch=416, loss=0.1271
Epoch=417, loss=0.1264
Epoch=418, loss=0.1267
Epoch=419, loss=0.1293
Epoch=420, loss=0.1225
Epoch=421, loss=0.1293
Epoch=422, loss=0.1321
Epoch=423, loss=0.1276
Epoch=424, loss=0.1209
Epoch=425, loss=0.1302
Epoch=426, loss=0.1268
Epoch=427, loss=0.1288
Epoch=428, loss=0.1278
Epoch=429, loss=0.1245
Epoch=430, loss=0.1234
Epoch=431, loss=0.1255
Epoch=432, loss=0.1291
Epoch=433, loss=0.1217
Epoch=434, loss=0.1197
Epoch=435, loss=0.1221
Epoch=436, loss=0.1244
Epoch=437, loss=0.1192
Epoch=438, loss=0.1270
Epoch=439, loss=0.1264
Epoch=440, loss=0.1217
Epoch=441, loss=0.1195
Epoch=442, loss=0.1223
Epoch=443, loss=0.1172
Epoch=444, loss=0.1190
Epoch=445, loss=0.1157
Epoch=446, loss=0.1197
Epoch=447, loss=0.1143
Epoch=448, loss=0.1129
Epoch=449, loss=0.1207
Epoch=450, loss=0.1163
Epoch=451, loss=0.1162
Epoch=452, loss=0.1209
Epoch=453, loss=0.1183
Epoch=454, loss=0.1173
Epoch=455, loss=0.1155
Epoch=456, loss=0.1154
Epoch=457, loss=0.1185
Epoch=458, loss=0.1171
Epoch=459, loss=0.1135
Epoch=460, loss=0.1178
Epoch=461, loss=0.1112
Epoch=462, loss=0.1152
Epoch=463, loss=0.1122
Epoch=464, loss=0.1128
Epoch=465, loss=0.1108
Epoch=466, loss=0.1166
Epoch=467, loss=0.1081
Epoch=468, loss=0.1125
Epoch=469, loss=0.1107
Epoch=470, loss=0.1121
Epoch=471, loss=0.1174
Epoch=472, loss=0.1142
Epoch=473, loss=0.1131
Epoch=474, loss=0.1116
Epoch=475, loss=0.1101
Epoch=476, loss=0.1096
Epoch=477, loss=0.1095
Epoch=478, loss=0.1075
Epoch=479, loss=0.1066
Epoch=480, loss=0.1095
Epoch=481, loss=0.1073
Epoch=482, loss=0.1056
Epoch=483, loss=0.1073
Epoch=484, loss=0.1036
Epoch=485, loss=0.1059
Epoch=486, loss=0.1077
Epoch=487, loss=0.1065
Epoch=488, loss=0.1066
Epoch=489, loss=0.1007
Epoch=490, loss=0.1035
Epoch=491, loss=0.1032
Epoch=492, loss=0.1044
Epoch=493, loss=0.1064
Epoch=494, loss=0.1043
Epoch=495, loss=0.1023
Epoch=496, loss=0.1055
Epoch=497, loss=0.1037
Epoch=498, loss=0.1050
Epoch=499, loss=0.1018
Loading 489th epoch
Early stopping!
Start to test process.
done with the edge prediction
done with the node prediction
done with the second node prediction
(E) | label_classification: F1Mi=0.7587+-0.0148, F1Ma=0.7158+-0.0224, acc=0.7587+-0.0148
[['MVGRL', 'heat', 16, 15, 2, 'normalize', 0.1, 0.2, 0.4, 0.001, 0.5, 0.2, 0.5, 0.0001, 512, 512, 0.9403739244441902, 0.937395517599467, 0.9259565979786051, 0.9286410220015726, 0.7857142686843872, 0.7020000219345093, 0.6881044507026672, 0.7857142686843872, 0.699999988079071, 0.6924564838409424, 0.6757092887679751, 0.011536073831630007, 0.6292904854279681, 0.011054436776643757, 0.6757092887679751, 0.011536073831630007], ['MVGRL', 'heat', 32, 15, 2, 'normalize', 0.1, 0.2, 0.4, 0.001, 0.5, 0.2, 0.5, 0.0001, 512, 512, 0.9401272774139635, 0.9341390200931807, 0.937914297750685, 0.9303342536060669, 0.8857142925262451, 0.7599999904632568, 0.7427465915679932, 0.8928571343421936, 0.7540000081062317, 0.740328848361969, 0.7587252234745433, 0.01479817879693716, 0.7158255428616203, 0.022444554148588328, 0.7587252234745433, 0.01479817879693713]]
Epoch=000, loss=0.6938
Epoch=001, loss=0.6914
Epoch=002, loss=0.6894
Epoch=003, loss=0.6878
Epoch=004, loss=0.6857
Epoch=005, loss=0.6835
Epoch=006, loss=0.6819
Epoch=007, loss=0.6784
Epoch=008, loss=0.6751
Epoch=009, loss=0.6731
Epoch=010, loss=0.6707
Epoch=011, loss=0.6668
Epoch=012, loss=0.6622
Epoch=013, loss=0.6591
Epoch=014, loss=0.6556
Epoch=015, loss=0.6536
Epoch=016, loss=0.6469
Epoch=017, loss=0.6435
Epoch=018, loss=0.6381
Epoch=019, loss=0.6363
Epoch=020, loss=0.6300
Epoch=021, loss=0.6257
Epoch=022, loss=0.6188
Epoch=023, loss=0.6148
Epoch=024, loss=0.6121
Epoch=025, loss=0.6069
Epoch=026, loss=0.6014
Epoch=027, loss=0.5973
Epoch=028, loss=0.5890
Epoch=029, loss=0.5860
Epoch=030, loss=0.5829
Epoch=031, loss=0.5769
Epoch=032, loss=0.5724
Epoch=033, loss=0.5654
Epoch=034, loss=0.5653
Epoch=035, loss=0.5598
Epoch=036, loss=0.5513
Epoch=037, loss=0.5480
Epoch=038, loss=0.5446
Epoch=039, loss=0.5372
Epoch=040, loss=0.5356
Epoch=041, loss=0.5261
Epoch=042, loss=0.5230
Epoch=043, loss=0.5202
Epoch=044, loss=0.5160
Epoch=045, loss=0.5165
Epoch=046, loss=0.5035
Epoch=047, loss=0.5056
Epoch=048, loss=0.4954
Epoch=049, loss=0.4870
Epoch=050, loss=0.4863
Epoch=051, loss=0.4847
Epoch=052, loss=0.4774
Epoch=053, loss=0.4724
Epoch=054, loss=0.4753
Epoch=055, loss=0.4730
Epoch=056, loss=0.4628
Epoch=057, loss=0.4615
Epoch=058, loss=0.4527
Epoch=059, loss=0.4509
Epoch=060, loss=0.4493
Epoch=061, loss=0.4396
Epoch=062, loss=0.4374
Epoch=063, loss=0.4370
Epoch=064, loss=0.4368
Epoch=065, loss=0.4274
Epoch=066, loss=0.4238
Epoch=067, loss=0.4252
Epoch=068, loss=0.4156
Epoch=069, loss=0.4193
Epoch=070, loss=0.4180
Epoch=071, loss=0.4105
Epoch=072, loss=0.4151
Epoch=073, loss=0.4054
Epoch=074, loss=0.4016
Epoch=075, loss=0.3992
Epoch=076, loss=0.3933
Epoch=077, loss=0.3903
Epoch=078, loss=0.3888
Epoch=079, loss=0.3877
Epoch=080, loss=0.3843
Epoch=081, loss=0.3791
Epoch=082, loss=0.3805
Epoch=083, loss=0.3740
Epoch=084, loss=0.3747
Epoch=085, loss=0.3708
Epoch=086, loss=0.3711
Epoch=087, loss=0.3654
Epoch=088, loss=0.3605
Epoch=089, loss=0.3568
Epoch=090, loss=0.3535
Epoch=091, loss=0.3543
Epoch=092, loss=0.3537
Epoch=093, loss=0.3438
Epoch=094, loss=0.3450
Epoch=095, loss=0.3459
Epoch=096, loss=0.3434
Epoch=097, loss=0.3359
Epoch=098, loss=0.3354
Epoch=099, loss=0.3344
Epoch=100, loss=0.3320
Epoch=101, loss=0.3284
Epoch=102, loss=0.3287
Epoch=103, loss=0.3268
Epoch=104, loss=0.3213
Epoch=105, loss=0.3226
Epoch=106, loss=0.3171
Epoch=107, loss=0.3181
Epoch=108, loss=0.3155
Epoch=109, loss=0.3126
Epoch=110, loss=0.3079
Epoch=111, loss=0.3085
Epoch=112, loss=0.3078
Epoch=113, loss=0.3037
Epoch=114, loss=0.2991
Epoch=115, loss=0.2972
Epoch=116, loss=0.2968
Epoch=117, loss=0.2998
Epoch=118, loss=0.2945
Epoch=119, loss=0.2884
Epoch=120, loss=0.2897
Epoch=121, loss=0.2875
Epoch=122, loss=0.2862
Epoch=123, loss=0.2849
Epoch=124, loss=0.2820
Epoch=125, loss=0.2773
Epoch=126, loss=0.2779
Epoch=127, loss=0.2767
Epoch=128, loss=0.2740
Epoch=129, loss=0.2736
Epoch=130, loss=0.2709
Epoch=131, loss=0.2644
Epoch=132, loss=0.2685
Epoch=133, loss=0.2648
Epoch=134, loss=0.2642
Epoch=135, loss=0.2586
Epoch=136, loss=0.2585
Epoch=137, loss=0.2617
Epoch=138, loss=0.2536
Epoch=139, loss=0.2540
Epoch=140, loss=0.2553
Epoch=141, loss=0.2521
Epoch=142, loss=0.2479
Epoch=143, loss=0.2480
Epoch=144, loss=0.2492
Epoch=145, loss=0.2424
Epoch=146, loss=0.2442
Epoch=147, loss=0.2377
Epoch=148, loss=0.2383
Epoch=149, loss=0.2370
Epoch=150, loss=0.2323
Epoch=151, loss=0.2345
Epoch=152, loss=0.2326
Epoch=153, loss=0.2362
Epoch=154, loss=0.2248
Epoch=155, loss=0.2285
Epoch=156, loss=0.2265
Epoch=157, loss=0.2258
Epoch=158, loss=0.2265
Epoch=159, loss=0.2197
Epoch=160, loss=0.2211
Epoch=161, loss=0.2175
Epoch=162, loss=0.2175
Epoch=163, loss=0.2142
Epoch=164, loss=0.2163
Epoch=165, loss=0.2124
Epoch=166, loss=0.2082
Epoch=167, loss=0.2088
Epoch=168, loss=0.2096
Epoch=169, loss=0.2098
Epoch=170, loss=0.2036
Epoch=171, loss=0.2063
Epoch=172, loss=0.2067
Epoch=173, loss=0.2034
Epoch=174, loss=0.2012
Epoch=175, loss=0.2012
Epoch=176, loss=0.1974
Epoch=177, loss=0.1951
Epoch=178, loss=0.1948
Epoch=179, loss=0.1956
Epoch=180, loss=0.1910
Epoch=181, loss=0.1940
Epoch=182, loss=0.1899
Epoch=183, loss=0.1875
Epoch=184, loss=0.1905
Epoch=185, loss=0.1866
Epoch=186, loss=0.1852
Epoch=187, loss=0.1847
Epoch=188, loss=0.1858
Epoch=189, loss=0.1831
Epoch=190, loss=0.1820
Epoch=191, loss=0.1814
Epoch=192, loss=0.1796
Epoch=193, loss=0.1809
Epoch=194, loss=0.1780
Epoch=195, loss=0.1749
Epoch=196, loss=0.1799
Epoch=197, loss=0.1729
Epoch=198, loss=0.1792
Epoch=199, loss=0.1717
Epoch=200, loss=0.1707
Epoch=201, loss=0.1702
Epoch=202, loss=0.1720
Epoch=203, loss=0.1718
Epoch=204, loss=0.1661
Epoch=205, loss=0.1677
Epoch=206, loss=0.1637
Epoch=207, loss=0.1651
Epoch=208, loss=0.1656
Epoch=209, loss=0.1627
Epoch=210, loss=0.1657
Epoch=211, loss=0.1615
Epoch=212, loss=0.1640
Epoch=213, loss=0.1603
Epoch=214, loss=0.1600
Epoch=215, loss=0.1587
Epoch=216, loss=0.1611
Epoch=217, loss=0.1596
Epoch=218, loss=0.1529
Epoch=219, loss=0.1553
Epoch=220, loss=0.1545
Epoch=221, loss=0.1530
Epoch=222, loss=0.1470
Epoch=223, loss=0.1491
Epoch=224, loss=0.1470
Epoch=225, loss=0.1505
Epoch=226, loss=0.1481
Epoch=227, loss=0.1520
Epoch=228, loss=0.1431
Epoch=229, loss=0.1435
Epoch=230, loss=0.1464
Epoch=231, loss=0.1447
Epoch=232, loss=0.1494
Epoch=233, loss=0.1439
Epoch=234, loss=0.1429
Epoch=235, loss=0.1410
Epoch=236, loss=0.1383
Epoch=237, loss=0.1445
Epoch=238, loss=0.1392
Epoch=239, loss=0.1384
Epoch=240, loss=0.1374
Epoch=241, loss=0.1342
Epoch=242, loss=0.1369
Epoch=243, loss=0.1378
Epoch=244, loss=0.1379
Epoch=245, loss=0.1345
Epoch=246, loss=0.1314
Epoch=247, loss=0.1370
Epoch=248, loss=0.1297
Epoch=249, loss=0.1329
Epoch=250, loss=0.1329
Epoch=251, loss=0.1279
Epoch=252, loss=0.1300
Epoch=253, loss=0.1289
Epoch=254, loss=0.1252
Epoch=255, loss=0.1306
Epoch=256, loss=0.1236
Epoch=257, loss=0.1299
Epoch=258, loss=0.1291
Epoch=259, loss=0.1262
Epoch=260, loss=0.1226
Epoch=261, loss=0.1275
Epoch=262, loss=0.1256
Epoch=263, loss=0.1228
Epoch=264, loss=0.1192
Epoch=265, loss=0.1233
Epoch=266, loss=0.1230
Epoch=267, loss=0.1250
Epoch=268, loss=0.1212
Epoch=269, loss=0.1210
Epoch=270, loss=0.1223
Epoch=271, loss=0.1163
Epoch=272, loss=0.1185
Epoch=273, loss=0.1158
Epoch=274, loss=0.1176
Epoch=275, loss=0.1190
Epoch=276, loss=0.1183
Epoch=277, loss=0.1125
Epoch=278, loss=0.1134
Epoch=279, loss=0.1153
Epoch=280, loss=0.1170
Epoch=281, loss=0.1109
Epoch=282, loss=0.1130
Epoch=283, loss=0.1119
Epoch=284, loss=0.1112
Epoch=285, loss=0.1157
Epoch=286, loss=0.1128
Epoch=287, loss=0.1150
Epoch=288, loss=0.1092
Epoch=289, loss=0.1075
Epoch=290, loss=0.1077
Epoch=291, loss=0.1048
Epoch=292, loss=0.1052
Epoch=293, loss=0.1052
Epoch=294, loss=0.1112
Epoch=295, loss=0.1121
Epoch=296, loss=0.1112
Epoch=297, loss=0.1050
Epoch=298, loss=0.1008
Epoch=299, loss=0.1066
Epoch=300, loss=0.1033
Epoch=301, loss=0.1057
Epoch=302, loss=0.1060
Epoch=303, loss=0.1057
Epoch=304, loss=0.1015
Epoch=305, loss=0.1047
Epoch=306, loss=0.1007
Epoch=307, loss=0.1027
Epoch=308, loss=0.1015
Epoch=309, loss=0.1038
Epoch=310, loss=0.1010
Epoch=311, loss=0.0993
Epoch=312, loss=0.1019
Epoch=313, loss=0.1032
Epoch=314, loss=0.1011
Epoch=315, loss=0.0962
Epoch=316, loss=0.0989
Epoch=317, loss=0.0964
Epoch=318, loss=0.0970
Epoch=319, loss=0.0943
Epoch=320, loss=0.0959
Epoch=321, loss=0.0946
Epoch=322, loss=0.0934
Epoch=323, loss=0.0926
Epoch=324, loss=0.0972
Epoch=325, loss=0.0943
Epoch=326, loss=0.0895
Epoch=327, loss=0.0961
Epoch=328, loss=0.0956
Epoch=329, loss=0.0947
Epoch=330, loss=0.0913
Epoch=331, loss=0.0888
Epoch=332, loss=0.0940
Epoch=333, loss=0.0892
Epoch=334, loss=0.0920
Epoch=335, loss=0.0911
Epoch=336, loss=0.0925
Epoch=337, loss=0.0868
Epoch=338, loss=0.0914
Epoch=339, loss=0.0874
Epoch=340, loss=0.0904
Epoch=341, loss=0.0889
Epoch=342, loss=0.0853
Epoch=343, loss=0.0885
Epoch=344, loss=0.0852
Epoch=345, loss=0.0879
Epoch=346, loss=0.0886
Epoch=347, loss=0.0892
Epoch=348, loss=0.0909
Epoch=349, loss=0.0824
Epoch=350, loss=0.0871
Epoch=351, loss=0.0820
Epoch=352, loss=0.0815
Epoch=353, loss=0.0839
Epoch=354, loss=0.0870
Epoch=355, loss=0.0819
Epoch=356, loss=0.0825
Epoch=357, loss=0.0799
Epoch=358, loss=0.0820
Epoch=359, loss=0.0804
Epoch=360, loss=0.0802
Epoch=361, loss=0.0785
Epoch=362, loss=0.0795
Epoch=363, loss=0.0790
Epoch=364, loss=0.0814
Epoch=365, loss=0.0818
Epoch=366, loss=0.0786
Epoch=367, loss=0.0835
Epoch=368, loss=0.0776
Epoch=369, loss=0.0758
Epoch=370, loss=0.0793
Epoch=371, loss=0.0789
Epoch=372, loss=0.0785
Epoch=373, loss=0.0794
Epoch=374, loss=0.0786
Epoch=375, loss=0.0759
Epoch=376, loss=0.0793
Epoch=377, loss=0.0729
Epoch=378, loss=0.0786
Epoch=379, loss=0.0794
Epoch=380, loss=0.0726
Epoch=381, loss=0.0754
Epoch=382, loss=0.0749
Epoch=383, loss=0.0791
Epoch=384, loss=0.0712
Epoch=385, loss=0.0731
Epoch=386, loss=0.0728
Epoch=387, loss=0.0731
Epoch=388, loss=0.0700
Epoch=389, loss=0.0761
Epoch=390, loss=0.0750
Epoch=391, loss=0.0722
Epoch=392, loss=0.0729
Epoch=393, loss=0.0711
Epoch=394, loss=0.0762
Epoch=395, loss=0.0747
Epoch=396, loss=0.0683
Epoch=397, loss=0.0750
Epoch=398, loss=0.0730
Epoch=399, loss=0.0729
Epoch=400, loss=0.0717
Epoch=401, loss=0.0709
Epoch=402, loss=0.0664
Epoch=403, loss=0.0737
Epoch=404, loss=0.0726
Epoch=405, loss=0.0682
Epoch=406, loss=0.0695
Epoch=407, loss=0.0695
Epoch=408, loss=0.0694
Epoch=409, loss=0.0728
Epoch=410, loss=0.0678
Epoch=411, loss=0.0646
Epoch=412, loss=0.0695
Epoch=413, loss=0.0678
Epoch=414, loss=0.0722
Epoch=415, loss=0.0671
Epoch=416, loss=0.0699
Epoch=417, loss=0.0628
Epoch=418, loss=0.0648
Epoch=419, loss=0.0648
Epoch=420, loss=0.0681
Epoch=421, loss=0.0654
Epoch=422, loss=0.0678
Epoch=423, loss=0.0638
Epoch=424, loss=0.0640
Epoch=425, loss=0.0646
Epoch=426, loss=0.0629
Epoch=427, loss=0.0681
Epoch=428, loss=0.0634
Epoch=429, loss=0.0617
Epoch=430, loss=0.0693
Epoch=431, loss=0.0624
Epoch=432, loss=0.0596
Epoch=433, loss=0.0603
Epoch=434, loss=0.0623
Epoch=435, loss=0.0596
Epoch=436, loss=0.0662
Epoch=437, loss=0.0640
Epoch=438, loss=0.0590
Epoch=439, loss=0.0623
Epoch=440, loss=0.0592
Epoch=441, loss=0.0604
Epoch=442, loss=0.0606
Epoch=443, loss=0.0593
Epoch=444, loss=0.0596
Epoch=445, loss=0.0585
Epoch=446, loss=0.0644
Epoch=447, loss=0.0609
Epoch=448, loss=0.0615
Epoch=449, loss=0.0590
Epoch=450, loss=0.0591
Epoch=451, loss=0.0612
Epoch=452, loss=0.0594
Epoch=453, loss=0.0579
Epoch=454, loss=0.0573
Epoch=455, loss=0.0568
Epoch=456, loss=0.0599
Epoch=457, loss=0.0550
Epoch=458, loss=0.0578
Epoch=459, loss=0.0527
Epoch=460, loss=0.0515
Epoch=461, loss=0.0606
Epoch=462, loss=0.0551
Epoch=463, loss=0.0544
Epoch=464, loss=0.0526
Epoch=465, loss=0.0568
Epoch=466, loss=0.0548
Epoch=467, loss=0.0542
Epoch=468, loss=0.0552
Epoch=469, loss=0.0541
Epoch=470, loss=0.0564
Epoch=471, loss=0.0536
Epoch=472, loss=0.0539
Epoch=473, loss=0.0545
Epoch=474, loss=0.0548
Epoch=475, loss=0.0569
Epoch=476, loss=0.0532
Epoch=477, loss=0.0558
Epoch=478, loss=0.0500
Epoch=479, loss=0.0536
Epoch=480, loss=0.0562
Epoch=481, loss=0.0543
Epoch=482, loss=0.0536
Epoch=483, loss=0.0518
Epoch=484, loss=0.0509
Epoch=485, loss=0.0526
Epoch=486, loss=0.0495
Epoch=487, loss=0.0490
Epoch=488, loss=0.0487
Epoch=489, loss=0.0501
Epoch=490, loss=0.0492
Epoch=491, loss=0.0507
Epoch=492, loss=0.0517
Epoch=493, loss=0.0492
Epoch=494, loss=0.0503
Epoch=495, loss=0.0509
Epoch=496, loss=0.0510
Epoch=497, loss=0.0535
Epoch=498, loss=0.0502
Epoch=499, loss=0.0502
Loading 488th epoch
done with the edge prediction
done with the node prediction
done with the second node prediction
(E) | label_classification: F1Mi=0.7716+-0.0148, F1Ma=0.7381+-0.0263, acc=0.7716+-0.0148
[['MVGRL', 'heat', 16, 15, 2, 'normalize', 0.1, 0.2, 0.4, 0.001, 0.5, 0.2, 0.5, 0.0001, 512, 512, 0.9403739244441902, 0.937395517599467, 0.9259565979786051, 0.9286410220015726, 0.7857142686843872, 0.7020000219345093, 0.6881044507026672, 0.7857142686843872, 0.699999988079071, 0.6924564838409424, 0.6757092887679751, 0.011536073831630007, 0.6292904854279681, 0.011054436776643757, 0.6757092887679751, 0.011536073831630007], ['MVGRL', 'heat', 32, 15, 2, 'normalize', 0.1, 0.2, 0.4, 0.001, 0.5, 0.2, 0.5, 0.0001, 512, 512, 0.9401272774139635, 0.9341390200931807, 0.937914297750685, 0.9303342536060669, 0.8857142925262451, 0.7599999904632568, 0.7427465915679932, 0.8928571343421936, 0.7540000081062317, 0.740328848361969, 0.7587252234745433, 0.01479817879693716, 0.7158255428616203, 0.022444554148588328, 0.7587252234745433, 0.01479817879693713], ['MVGRL', 'heat', 64, 15, 2, 'normalize', 0.1, 0.2, 0.4, 0.001, 0.5, 0.2, 0.5, 0.0001, 512, 512, 0.9808550668687505, 0.9793642210041991, 0.9701615603700008, 0.9678518486136071, 0.800000011920929, 0.7760000228881836, 0.7664409875869751, 0.9928571581840515, 0.7799999713897705, 0.7485493421554565, 0.771628449280995, 0.014759749337169604, 0.7381125389326135, 0.026269619122088413, 0.7716284492809948, 0.01475974933716959]]
Epoch=000, loss=0.6925
Epoch=001, loss=0.6866
Epoch=002, loss=0.6824
Epoch=003, loss=0.6772
Epoch=004, loss=0.6717
Epoch=005, loss=0.6671
Epoch=006, loss=0.6599
Epoch=007, loss=0.6532
Epoch=008, loss=0.6469
Epoch=009, loss=0.6373
Epoch=010, loss=0.6309
Epoch=011, loss=0.6206
Epoch=012, loss=0.6148
Epoch=013, loss=0.6041
Epoch=014, loss=0.5914
Epoch=015, loss=0.5819
Epoch=016, loss=0.5746
Epoch=017, loss=0.5647
Epoch=018, loss=0.5570
Epoch=019, loss=0.5452
Epoch=020, loss=0.5356
Epoch=021, loss=0.5285
Epoch=022, loss=0.5164
Epoch=023, loss=0.5159
Epoch=024, loss=0.4983
Epoch=025, loss=0.4885
Epoch=026, loss=0.4819
Epoch=027, loss=0.4733
Epoch=028, loss=0.4738
Epoch=029, loss=0.4599
Epoch=030, loss=0.4535
Epoch=031, loss=0.4456
Epoch=032, loss=0.4361
Epoch=033, loss=0.4318
Epoch=034, loss=0.4265
Epoch=035, loss=0.4200
Epoch=036, loss=0.4088
Epoch=037, loss=0.4053
Epoch=038, loss=0.4028
Epoch=039, loss=0.3938
Epoch=040, loss=0.3864
Epoch=041, loss=0.3883
Epoch=042, loss=0.3764
Epoch=043, loss=0.3715
Epoch=044, loss=0.3689
Epoch=045, loss=0.3567
Epoch=046, loss=0.3546
Epoch=047, loss=0.3529
Epoch=048, loss=0.3468
Epoch=049, loss=0.3407
Epoch=050, loss=0.3366
Epoch=051, loss=0.3363
Epoch=052, loss=0.3281
Epoch=053, loss=0.3243
Epoch=054, loss=0.3235
Epoch=055, loss=0.3154
Epoch=056, loss=0.3075
Epoch=057, loss=0.3074
Epoch=058, loss=0.3025
Epoch=059, loss=0.2965
Epoch=060, loss=0.2936
Epoch=061, loss=0.2882
Epoch=062, loss=0.2859
Epoch=063, loss=0.2844
Epoch=064, loss=0.2817
Epoch=065, loss=0.2742
Epoch=066, loss=0.2721
Epoch=067, loss=0.2658
Epoch=068, loss=0.2645
Epoch=069, loss=0.2661
Epoch=070, loss=0.2606
Epoch=071, loss=0.2535
Epoch=072, loss=0.2518
Epoch=073, loss=0.2476
Epoch=074, loss=0.2457
Epoch=075, loss=0.2424
Epoch=076, loss=0.2358
Epoch=077, loss=0.2358
Epoch=078, loss=0.2304
Epoch=079, loss=0.2328
Epoch=080, loss=0.2251
Epoch=081, loss=0.2209
Epoch=082, loss=0.2197
Epoch=083, loss=0.2240
Epoch=084, loss=0.2158
Epoch=085, loss=0.2123
Epoch=086, loss=0.2118
Epoch=087, loss=0.2078
Epoch=088, loss=0.2044
Epoch=089, loss=0.2045
Epoch=090, loss=0.2048
Epoch=091, loss=0.1944
Epoch=092, loss=0.1941
Epoch=093, loss=0.1921
Epoch=094, loss=0.1903
Epoch=095, loss=0.1874
Epoch=096, loss=0.1848
Epoch=097, loss=0.1853
Epoch=098, loss=0.1825
Epoch=099, loss=0.1836
Epoch=100, loss=0.1827
Epoch=101, loss=0.1740
Epoch=102, loss=0.1760
Epoch=103, loss=0.1729
Epoch=104, loss=0.1712
Epoch=105, loss=0.1679
Epoch=106, loss=0.1661
Epoch=107, loss=0.1659
Epoch=108, loss=0.1672
Epoch=109, loss=0.1613
Epoch=110, loss=0.1615
Epoch=111, loss=0.1617
Epoch=112, loss=0.1574
Epoch=113, loss=0.1551
Epoch=114, loss=0.1558
Epoch=115, loss=0.1513
Epoch=116, loss=0.1491
Epoch=117, loss=0.1472
Epoch=118, loss=0.1505
Epoch=119, loss=0.1426
Epoch=120, loss=0.1449
Epoch=121, loss=0.1466
Epoch=122, loss=0.1413
Epoch=123, loss=0.1409
Epoch=124, loss=0.1398
Epoch=125, loss=0.1395
Epoch=126, loss=0.1390
Epoch=127, loss=0.1386
Epoch=128, loss=0.1344
Epoch=129, loss=0.1354
Epoch=130, loss=0.1311
Epoch=131, loss=0.1318
Epoch=132, loss=0.1272
Epoch=133, loss=0.1338
Epoch=134, loss=0.1261
Epoch=135, loss=0.1266
Epoch=136, loss=0.1261
Epoch=137, loss=0.1284
Epoch=138, loss=0.1242
Epoch=139, loss=0.1243
Epoch=140, loss=0.1271
Epoch=141, loss=0.1182
Epoch=142, loss=0.1233
Epoch=143, loss=0.1202
Epoch=144, loss=0.1218
Epoch=145, loss=0.1180
Epoch=146, loss=0.1187
Epoch=147, loss=0.1149
Epoch=148, loss=0.1146
Epoch=149, loss=0.1131
Epoch=150, loss=0.1127
Epoch=151, loss=0.1138
Epoch=152, loss=0.1144
Epoch=153, loss=0.1154
Epoch=154, loss=0.1191
Epoch=155, loss=0.1087
Epoch=156, loss=0.1108
Epoch=157, loss=0.1078
Epoch=158, loss=0.1064
Epoch=159, loss=0.1146
Epoch=160, loss=0.1051
Epoch=161, loss=0.1020
Epoch=162, loss=0.1042
Epoch=163, loss=0.1055
Epoch=164, loss=0.1015
Epoch=165, loss=0.1089
Epoch=166, loss=0.0994
Epoch=167, loss=0.0982
Epoch=168, loss=0.0996
Epoch=169, loss=0.0984
Epoch=170, loss=0.1026
Epoch=171, loss=0.0965
Epoch=172, loss=0.0956
Epoch=173, loss=0.0961
Epoch=174, loss=0.0968
Epoch=175, loss=0.0959
Epoch=176, loss=0.0987
Epoch=177, loss=0.0932
Epoch=178, loss=0.0934
Epoch=179, loss=0.0939
Epoch=180, loss=0.0931
Epoch=181, loss=0.0959
Epoch=182, loss=0.0940
Epoch=183, loss=0.0923
Epoch=184, loss=0.0954
Epoch=185, loss=0.0910
Epoch=186, loss=0.0889
Epoch=187, loss=0.0964
Epoch=188, loss=0.0884
Epoch=189, loss=0.0848
Epoch=190, loss=0.0857
Epoch=191, loss=0.0870
Epoch=192, loss=0.0858
Epoch=193, loss=0.0871
Epoch=194, loss=0.0887
Epoch=195, loss=0.0837
Epoch=196, loss=0.0881
Epoch=197, loss=0.0857
Epoch=198, loss=0.0802
Epoch=199, loss=0.0853
Epoch=200, loss=0.0789
Epoch=201, loss=0.0833
Epoch=202, loss=0.0839
Epoch=203, loss=0.0815
Epoch=204, loss=0.0821
Epoch=205, loss=0.0831
Epoch=206, loss=0.0804
Epoch=207, loss=0.0767
Epoch=208, loss=0.0809
Epoch=209, loss=0.0760
Epoch=210, loss=0.0786
Epoch=211, loss=0.0826
Epoch=212, loss=0.0820
Epoch=213, loss=0.0808
Epoch=214, loss=0.0762
Epoch=215, loss=0.0777
Epoch=216, loss=0.0780
Epoch=217, loss=0.0781
Epoch=218, loss=0.0742
Epoch=219, loss=0.0750
Epoch=220, loss=0.0765
Epoch=221, loss=0.0796
Epoch=222, loss=0.0775
Epoch=223, loss=0.0745
Epoch=224, loss=0.0758
Epoch=225, loss=0.0760
Epoch=226, loss=0.0730
Epoch=227, loss=0.0739
Epoch=228, loss=0.0705
Epoch=229, loss=0.0803
Epoch=230, loss=0.0745
Epoch=231, loss=0.0732
Epoch=232, loss=0.0697
Epoch=233, loss=0.0686
Epoch=234, loss=0.0774
Epoch=235, loss=0.0722
Epoch=236, loss=0.0691
Epoch=237, loss=0.0692
Epoch=238, loss=0.0674
Epoch=239, loss=0.0720
Epoch=240, loss=0.0652
Epoch=241, loss=0.0676
Epoch=242, loss=0.0725
Epoch=243, loss=0.0652
Epoch=244, loss=0.0636
Epoch=245, loss=0.0688
Epoch=246, loss=0.0720
Epoch=247, loss=0.0664
Epoch=248, loss=0.0643
Epoch=249, loss=0.0652
Epoch=250, loss=0.0668
Epoch=251, loss=0.0668
Epoch=252, loss=0.0601
Epoch=253, loss=0.0683
Epoch=254, loss=0.0639
Epoch=255, loss=0.0631
Epoch=256, loss=0.0600
Epoch=257, loss=0.0613
Epoch=258, loss=0.0641
Epoch=259, loss=0.0621
Epoch=260, loss=0.0618
Epoch=261, loss=0.0624
Epoch=262, loss=0.0620
Epoch=263, loss=0.0597
Epoch=264, loss=0.0646
Epoch=265, loss=0.0650
Epoch=266, loss=0.0611
Epoch=267, loss=0.0615
Epoch=268, loss=0.0583
Epoch=269, loss=0.0598
Epoch=270, loss=0.0601
Epoch=271, loss=0.0563
Epoch=272, loss=0.0622
Epoch=273, loss=0.0580
Epoch=274, loss=0.0588
Epoch=275, loss=0.0598
Epoch=276, loss=0.0620
Epoch=277, loss=0.0586
Epoch=278, loss=0.0580
Epoch=279, loss=0.0602
Epoch=280, loss=0.0610
Epoch=281, loss=0.0570
Epoch=282, loss=0.0539
Epoch=283, loss=0.0610
Epoch=284, loss=0.0619
Epoch=285, loss=0.0531
Epoch=286, loss=0.0610
Epoch=287, loss=0.0613
Epoch=288, loss=0.0554
Epoch=289, loss=0.0586
Epoch=290, loss=0.0530
Epoch=291, loss=0.0549
Epoch=292, loss=0.0551
Epoch=293, loss=0.0558
Epoch=294, loss=0.0543
Epoch=295, loss=0.0563
Epoch=296, loss=0.0527
Epoch=297, loss=0.0569
Epoch=298, loss=0.0593
Epoch=299, loss=0.0535
Epoch=300, loss=0.0547
Epoch=301, loss=0.0552
Epoch=302, loss=0.0491
Epoch=303, loss=0.0515
Epoch=304, loss=0.0563
Epoch=305, loss=0.0536
Epoch=306, loss=0.0564
Epoch=307, loss=0.0562
Epoch=308, loss=0.0542
Epoch=309, loss=0.0524
Epoch=310, loss=0.0505
Epoch=311, loss=0.0508
Epoch=312, loss=0.0495
Epoch=313, loss=0.0520
Epoch=314, loss=0.0578
Epoch=315, loss=0.0531
Epoch=316, loss=0.0528
Epoch=317, loss=0.0488
Epoch=318, loss=0.0486
Epoch=319, loss=0.0509
Epoch=320, loss=0.0535
Epoch=321, loss=0.0523
Epoch=322, loss=0.0480
Epoch=323, loss=0.0482
Epoch=324, loss=0.0483
Epoch=325, loss=0.0470
Epoch=326, loss=0.0498
Epoch=327, loss=0.0490
Epoch=328, loss=0.0464
Epoch=329, loss=0.0484
Epoch=330, loss=0.0521
Epoch=331, loss=0.0495
Epoch=332, loss=0.0482
Epoch=333, loss=0.0476
Epoch=334, loss=0.0494
Epoch=335, loss=0.0546
Epoch=336, loss=0.0437
Epoch=337, loss=0.0445
Epoch=338, loss=0.0455
Epoch=339, loss=0.0494
Epoch=340, loss=0.0491
Epoch=341, loss=0.0470
Epoch=342, loss=0.0464
Epoch=343, loss=0.0452
Epoch=344, loss=0.0462
Epoch=345, loss=0.0453
Epoch=346, loss=0.0456
Epoch=347, loss=0.0443
Epoch=348, loss=0.0469
Epoch=349, loss=0.0476
Epoch=350, loss=0.0458
Epoch=351, loss=0.0458
Epoch=352, loss=0.0465
Epoch=353, loss=0.0418
Epoch=354, loss=0.0430
Epoch=355, loss=0.0447
Epoch=356, loss=0.0460
Epoch=357, loss=0.0439
Epoch=358, loss=0.0456
Epoch=359, loss=0.0471
Epoch=360, loss=0.0415
Epoch=361, loss=0.0474
Epoch=362, loss=0.0394
Epoch=363, loss=0.0455
Epoch=364, loss=0.0403
Epoch=365, loss=0.0395
Epoch=366, loss=0.0416
Epoch=367, loss=0.0422
Epoch=368, loss=0.0444
Epoch=369, loss=0.0428
Epoch=370, loss=0.0426
Epoch=371, loss=0.0424
Epoch=372, loss=0.0454
Epoch=373, loss=0.0435
Epoch=374, loss=0.0413
Epoch=375, loss=0.0428
Epoch=376, loss=0.0431
Epoch=377, loss=0.0438
Epoch=378, loss=0.0386
Epoch=379, loss=0.0439
Epoch=380, loss=0.0390
Epoch=381, loss=0.0376
Epoch=382, loss=0.0425
Epoch=383, loss=0.0378
Epoch=384, loss=0.0420
Epoch=385, loss=0.0414
Epoch=386, loss=0.0403
Epoch=387, loss=0.0463
Epoch=388, loss=0.0399
Epoch=389, loss=0.0356
Epoch=390, loss=0.0405
Epoch=391, loss=0.0402
Epoch=392, loss=0.0378
Epoch=393, loss=0.0407
Epoch=394, loss=0.0466
Epoch=395, loss=0.0402
Epoch=396, loss=0.0383
Epoch=397, loss=0.0360
Epoch=398, loss=0.0380
Epoch=399, loss=0.0397
Epoch=400, loss=0.0363
Epoch=401, loss=0.0398
Epoch=402, loss=0.0370
Epoch=403, loss=0.0408
Epoch=404, loss=0.0385
Epoch=405, loss=0.0428
Epoch=406, loss=0.0401
Epoch=407, loss=0.0417
Epoch=408, loss=0.0394
Epoch=409, loss=0.0359
Early stopping!
Loading 389th epoch
done with the edge prediction
done with the node prediction
done with the second node prediction
(E) | label_classification: F1Mi=0.7897+-0.0130, F1Ma=0.7705+-0.0146, acc=0.7897+-0.0130
[['MVGRL', 'heat', 16, 15, 2, 'normalize', 0.1, 0.2, 0.4, 0.001, 0.5, 0.2, 0.5, 0.0001, 512, 512, 0.9403739244441902, 0.937395517599467, 0.9259565979786051, 0.9286410220015726, 0.7857142686843872, 0.7020000219345093, 0.6881044507026672, 0.7857142686843872, 0.699999988079071, 0.6924564838409424, 0.6757092887679751, 0.011536073831630007, 0.6292904854279681, 0.011054436776643757, 0.6757092887679751, 0.011536073831630007], ['MVGRL', 'heat', 32, 15, 2, 'normalize', 0.1, 0.2, 0.4, 0.001, 0.5, 0.2, 0.5, 0.0001, 512, 512, 0.9401272774139635, 0.9341390200931807, 0.937914297750685, 0.9303342536060669, 0.8857142925262451, 0.7599999904632568, 0.7427465915679932, 0.8928571343421936, 0.7540000081062317, 0.740328848361969, 0.7587252234745433, 0.01479817879693716, 0.7158255428616203, 0.022444554148588328, 0.7587252234745433, 0.01479817879693713], ['MVGRL', 'heat', 64, 15, 2, 'normalize', 0.1, 0.2, 0.4, 0.001, 0.5, 0.2, 0.5, 0.0001, 512, 512, 0.9808550668687505, 0.9793642210041991, 0.9701615603700008, 0.9678518486136071, 0.800000011920929, 0.7760000228881836, 0.7664409875869751, 0.9928571581840515, 0.7799999713897705, 0.7485493421554565, 0.771628449280995, 0.014759749337169604, 0.7381125389326135, 0.026269619122088413, 0.7716284492809948, 0.01475974933716959], ['MVGRL', 'heat', 128, 15, 2, 'normalize', 0.1, 0.2, 0.4, 0.001, 0.5, 0.2, 0.5, 0.0001, 512, 512, 0.9907697512241, 0.9893496721487007, 0.9753968796920739, 0.9721689938953122, 0.8500000238418579, 0.7960000038146973, 0.7867504954338074, 0.8285714387893677, 0.800000011920929, 0.7969052195549011, 0.7896618732996503, 0.012977464732222208, 0.7705416679763575, 0.014619691863027988, 0.7896618732996503, 0.01297746473222226]]
Epoch=000, loss=0.6947
Epoch=001, loss=0.6830
Epoch=002, loss=0.6735
Epoch=003, loss=0.6624
Epoch=004, loss=0.6520
Epoch=005, loss=0.6390
Epoch=006, loss=0.6283
Epoch=007, loss=0.6120
Epoch=008, loss=0.6004
Epoch=009, loss=0.5807
Epoch=010, loss=0.5652
Epoch=011, loss=0.5526
Epoch=012, loss=0.5362
Epoch=013, loss=0.5257
Epoch=014, loss=0.5061
Epoch=015, loss=0.4940
Epoch=016, loss=0.4781
Epoch=017, loss=0.4708
Epoch=018, loss=0.4568
Epoch=019, loss=0.4521
Epoch=020, loss=0.4342
Epoch=021, loss=0.4274
Epoch=022, loss=0.4152
Epoch=023, loss=0.4017
Epoch=024, loss=0.3909
Epoch=025, loss=0.3883
Epoch=026, loss=0.3793
Epoch=027, loss=0.3695
Epoch=028, loss=0.3622
Epoch=029, loss=0.3539
Epoch=030, loss=0.3463
Epoch=031, loss=0.3379
Epoch=032, loss=0.3309
Epoch=033, loss=0.3198
Epoch=034, loss=0.3159
Epoch=035, loss=0.3137
Epoch=036, loss=0.3054
Epoch=037, loss=0.2971
Epoch=038, loss=0.2933
Epoch=039, loss=0.2812
Epoch=040, loss=0.2795
Epoch=041, loss=0.2686
Epoch=042, loss=0.2640
Epoch=043, loss=0.2602
Epoch=044, loss=0.2582
Epoch=045, loss=0.2498
Epoch=046, loss=0.2453
Epoch=047, loss=0.2423
Epoch=048, loss=0.2341
Epoch=049, loss=0.2320
Epoch=050, loss=0.2260
Epoch=051, loss=0.2237
Epoch=052, loss=0.2166
Epoch=053, loss=0.2135
Epoch=054, loss=0.2043
Epoch=055, loss=0.2088
Epoch=056, loss=0.1982
Epoch=057, loss=0.1971
Epoch=058, loss=0.1900
Epoch=059, loss=0.1851
Epoch=060, loss=0.1839
Epoch=061, loss=0.1818
Epoch=062, loss=0.1804
Epoch=063, loss=0.1772
Epoch=064, loss=0.1709
Epoch=065, loss=0.1713
Epoch=066, loss=0.1634
Epoch=067, loss=0.1611
Epoch=068, loss=0.1608
Epoch=069, loss=0.1620
Epoch=070, loss=0.1573
Epoch=071, loss=0.1569
Epoch=072, loss=0.1532
Epoch=073, loss=0.1484
Epoch=074, loss=0.1469
Epoch=075, loss=0.1487
Epoch=076, loss=0.1389
Epoch=077, loss=0.1364
Epoch=078, loss=0.1388
Epoch=079, loss=0.1375
Epoch=080, loss=0.1318
Epoch=081, loss=0.1331
Epoch=082, loss=0.1302
Epoch=083, loss=0.1240
Epoch=084, loss=0.1266
Epoch=085, loss=0.1233
Epoch=086, loss=0.1271
Epoch=087, loss=0.1230
Epoch=088, loss=0.1157
Epoch=089, loss=0.1159
Epoch=090, loss=0.1147
Epoch=091, loss=0.1143
Epoch=092, loss=0.1139
Epoch=093, loss=0.1124
Epoch=094, loss=0.1105
Epoch=095, loss=0.1126
Epoch=096, loss=0.1091
Epoch=097, loss=0.1082
Epoch=098, loss=0.1097
Epoch=099, loss=0.1065
Epoch=100, loss=0.1039
Epoch=101, loss=0.1084
Epoch=102, loss=0.0995
Epoch=103, loss=0.1018
Epoch=104, loss=0.1035
Epoch=105, loss=0.1026
Epoch=106, loss=0.0956
Epoch=107, loss=0.0948
Epoch=108, loss=0.0968
Epoch=109, loss=0.0987
Epoch=110, loss=0.0939
Epoch=111, loss=0.0910
Epoch=112, loss=0.0956
Epoch=113, loss=0.0911
Epoch=114, loss=0.0939
Epoch=115, loss=0.0906
Epoch=116, loss=0.0876
Epoch=117, loss=0.0890
Epoch=118, loss=0.0868
Epoch=119, loss=0.0897
Epoch=120, loss=0.0856
Epoch=121, loss=0.0886
Epoch=122, loss=0.0851
Epoch=123, loss=0.0821
Epoch=124, loss=0.0821
Epoch=125, loss=0.0849
Epoch=126, loss=0.0802
Epoch=127, loss=0.0798
Epoch=128, loss=0.0856
Epoch=129, loss=0.0860
Epoch=130, loss=0.0848
Epoch=131, loss=0.0762
Epoch=132, loss=0.0791
Epoch=133, loss=0.0821
Epoch=134, loss=0.0827
Epoch=135, loss=0.0825
Epoch=136, loss=0.0735
Epoch=137, loss=0.0719
Epoch=138, loss=0.0801
Epoch=139, loss=0.0753
Epoch=140, loss=0.0726
Epoch=141, loss=0.0694
Epoch=142, loss=0.0765
Epoch=143, loss=0.0724
Epoch=144, loss=0.0722
Epoch=145, loss=0.0695
Epoch=146, loss=0.0744
Epoch=147, loss=0.0738
Epoch=148, loss=0.0743
Epoch=149, loss=0.0719
Epoch=150, loss=0.0734
Epoch=151, loss=0.0660
Epoch=152, loss=0.0709
Epoch=153, loss=0.0684
Epoch=154, loss=0.0646
Epoch=155, loss=0.0707
Epoch=156, loss=0.0679
Epoch=157, loss=0.0629
Epoch=158, loss=0.0652
Epoch=159, loss=0.0639
Epoch=160, loss=0.0684
Epoch=161, loss=0.0675
Epoch=162, loss=0.0628
Epoch=163, loss=0.0620
Epoch=164, loss=0.0600
Epoch=165, loss=0.0646
Epoch=166, loss=0.0638
Epoch=167, loss=0.0622
Epoch=168, loss=0.0604
Epoch=169, loss=0.0616
Epoch=170, loss=0.0610
Epoch=171, loss=0.0609
Epoch=172, loss=0.0601
Epoch=173, loss=0.0571
Epoch=174, loss=0.0580
Epoch=175, loss=0.0645
Epoch=176, loss=0.0569
Epoch=177, loss=0.0569
Epoch=178, loss=0.0595
Epoch=179, loss=0.0624
Epoch=180, loss=0.0602
Epoch=181, loss=0.0548
Epoch=182, loss=0.0556
Epoch=183, loss=0.0594
Epoch=184, loss=0.0563
Epoch=185, loss=0.0537
Epoch=186, loss=0.0588
Epoch=187, loss=0.0603
Epoch=188, loss=0.0575
Epoch=189, loss=0.0575
Epoch=190, loss=0.0576
Epoch=191, loss=0.0536
Epoch=192, loss=0.0553
Epoch=193, loss=0.0574
Epoch=194, loss=0.0502
Epoch=195, loss=0.0532
Epoch=196, loss=0.0521
Epoch=197, loss=0.0544
Epoch=198, loss=0.0553
Epoch=199, loss=0.0522
Epoch=200, loss=0.0551
Epoch=201, loss=0.0519
Epoch=202, loss=0.0520
Epoch=203, loss=0.0502
Epoch=204, loss=0.0559
Epoch=205, loss=0.0506
Epoch=206, loss=0.0536
Epoch=207, loss=0.0499
Epoch=208, loss=0.0509
Epoch=209, loss=0.0529
Epoch=210, loss=0.0521
Epoch=211, loss=0.0545
Epoch=212, loss=0.0467
Epoch=213, loss=0.0502
Epoch=214, loss=0.0529
Epoch=215, loss=0.0472
Epoch=216, loss=0.0447
Epoch=217, loss=0.0488
Epoch=218, loss=0.0494
Epoch=219, loss=0.0492
Epoch=220, loss=0.0482
Epoch=221, loss=0.0435
Epoch=222, loss=0.0459
Epoch=223, loss=0.0479
Epoch=224, loss=0.0495
Epoch=225, loss=0.0432
Epoch=226, loss=0.0463
Epoch=227, loss=0.0455
Epoch=228, loss=0.0470
Epoch=229, loss=0.0480
Epoch=230, loss=0.0460
Epoch=231, loss=0.0488
Epoch=232, loss=0.0442
Epoch=233, loss=0.0451
Epoch=234, loss=0.0424
Epoch=235, loss=0.0434
Epoch=236, loss=0.0449
Epoch=237, loss=0.0420
Epoch=238, loss=0.0505
Epoch=239, loss=0.0456
Epoch=240, loss=0.0418
Epoch=241, loss=0.0473
Epoch=242, loss=0.0442
Epoch=243, loss=0.0427
Epoch=244, loss=0.0416
Epoch=245, loss=0.0453
Epoch=246, loss=0.0449
Epoch=247, loss=0.0424
Epoch=248, loss=0.0444
Epoch=249, loss=0.0476
Epoch=250, loss=0.0389
Epoch=251, loss=0.0445
Epoch=252, loss=0.0409
Epoch=253, loss=0.0429
Epoch=254, loss=0.0388
Epoch=255, loss=0.0386
Epoch=256, loss=0.0443
Epoch=257, loss=0.0450
Epoch=258, loss=0.0430
Epoch=259, loss=0.0400
Epoch=260, loss=0.0413
Epoch=261, loss=0.0383
Epoch=262, loss=0.0373
Epoch=263, loss=0.0395
Epoch=264, loss=0.0393
Epoch=265, loss=0.0466
Epoch=266, loss=0.0369
Epoch=267, loss=0.0398
Epoch=268, loss=0.0390
Epoch=269, loss=0.0437
Epoch=270, loss=0.0362
Epoch=271, loss=0.0349
Epoch=272, loss=0.0363
Epoch=273, loss=0.0364
Epoch=274, loss=0.0420
Epoch=275, loss=0.0377
Epoch=276, loss=0.0364
Epoch=277, loss=0.0410
Epoch=278, loss=0.0404
Epoch=279, loss=0.0356
Epoch=280, loss=0.0372
Epoch=281, loss=0.0350
Epoch=282, loss=0.0363
Epoch=283, loss=0.0385
Epoch=284, loss=0.0354
Epoch=285, loss=0.0436
Epoch=286, loss=0.0351
Epoch=287, loss=0.0361
Epoch=288, loss=0.0334
Epoch=289, loss=0.0408
Epoch=290, loss=0.0337
Epoch=291, loss=0.0353
Epoch=292, loss=0.0377
Epoch=293, loss=0.0351
Epoch=294, loss=0.0364
Epoch=295, loss=0.0335
Epoch=296, loss=0.0364
Epoch=297, loss=0.0371
Epoch=298, loss=0.0315
Epoch=299, loss=0.0356
Epoch=300, loss=0.0337
Epoch=301, loss=0.0347
Epoch=302, loss=0.0329
Epoch=303, loss=0.0331
Epoch=304, loss=0.0309
Epoch=305, loss=0.0328
Epoch=306, loss=0.0340
Epoch=307, loss=0.0331
Epoch=308, loss=0.0342
Epoch=309, loss=0.0334
Epoch=310, loss=0.0298
Epoch=311, loss=0.0344
Epoch=312, loss=0.0340
Epoch=313, loss=0.0315
Epoch=314, loss=0.0344
Epoch=315, loss=0.0328
Epoch=316, loss=0.0328
Epoch=317, loss=0.0343
Epoch=318, loss=0.0297
Epoch=319, loss=0.0327
Epoch=320, loss=0.0313
Epoch=321, loss=0.0275
Epoch=322, loss=0.0297
Epoch=323, loss=0.0314
Epoch=324, loss=0.0308
Epoch=325, loss=0.0303
Epoch=326, loss=0.0314
Epoch=327, loss=0.0336
Epoch=328, loss=0.0298
Epoch=329, loss=0.0284
Epoch=330, loss=0.0296
Epoch=331, loss=0.0319
Epoch=332, loss=0.0368
Epoch=333, loss=0.0290
Epoch=334, loss=0.0273
Epoch=335, loss=0.0271
Epoch=336, loss=0.0303
Epoch=337, loss=0.0309
Epoch=338, loss=0.0279
Epoch=339, loss=0.0334
Epoch=340, loss=0.0323
Epoch=341, loss=0.0282
Epoch=342, loss=0.0332
Epoch=343, loss=0.0268
Epoch=344, loss=0.0280
Epoch=345, loss=0.0290
Epoch=346, loss=0.0293
Epoch=347, loss=0.0312
Epoch=348, loss=0.0264
Epoch=349, loss=0.0292
Epoch=350, loss=0.0266
Epoch=351, loss=0.0303
Epoch=352, loss=0.0285
Epoch=353, loss=0.0270
Epoch=354, loss=0.0251
Epoch=355, loss=0.0320
Epoch=356, loss=0.0305
Epoch=357, loss=0.0284
Epoch=358, loss=0.0285
Epoch=359, loss=0.0266
Epoch=360, loss=0.0273
Epoch=361, loss=0.0318
Epoch=362, loss=0.0295
Epoch=363, loss=0.0296
Epoch=364, loss=0.0243
Epoch=365, loss=0.0287
Epoch=366, loss=0.0294
Epoch=367, loss=0.0289
Epoch=368, loss=0.0283
Epoch=369, loss=0.0236
Epoch=370, loss=0.0363
Epoch=371, loss=0.0293
Epoch=372, loss=0.0253
Epoch=373, loss=0.0290
Epoch=374, loss=0.0238
Epoch=375, loss=0.0260
Epoch=376, loss=0.0264
Epoch=377, loss=0.0247
Epoch=378, loss=0.0290
Epoch=379, loss=0.0250
Epoch=380, loss=0.0263
Epoch=381, loss=0.0251
Epoch=382, loss=0.0256
Epoch=383, loss=0.0245
Epoch=384, loss=0.0242
Epoch=385, loss=0.0263
Epoch=386, loss=0.0230
Epoch=387, loss=0.0253
Epoch=388, loss=0.0243
Epoch=389, loss=0.0270
Epoch=390, loss=0.0280
Epoch=391, loss=0.0277
Epoch=392, loss=0.0240
Epoch=393, loss=0.0229
Epoch=394, loss=0.0223
Epoch=395, loss=0.0258
Epoch=396, loss=0.0262
Epoch=397, loss=0.0243
Epoch=398, loss=0.0244
Epoch=399, loss=0.0265
Epoch=400, loss=0.0270
Epoch=401, loss=0.0239
Epoch=402, loss=0.0239
Epoch=403, loss=0.0218
Epoch=404, loss=0.0221
Epoch=405, loss=0.0210
Epoch=406, loss=0.0235
Epoch=407, loss=0.0227
Epoch=408, loss=0.0256
Epoch=409, loss=0.0219
Epoch=410, loss=0.0238
Epoch=411, loss=0.0215
Epoch=412, loss=0.0234
Epoch=413, loss=0.0226
Epoch=414, loss=0.0216
Epoch=415, loss=0.0254
Epoch=416, loss=0.0258
Epoch=417, loss=0.0257
Epoch=418, loss=0.0211
Epoch=419, loss=0.0238
Epoch=420, loss=0.0194
Epoch=421, loss=0.0246
Epoch=422, loss=0.0239
Epoch=423, loss=0.0268
Epoch=424, loss=0.0244
Epoch=425, loss=0.0243
Epoch=426, loss=0.0199
Epoch=427, loss=0.0226
Epoch=428, loss=0.0224
Epoch=429, loss=0.0238
Epoch=430, loss=0.0229
Epoch=431, loss=0.0215
Epoch=432, loss=0.0228
Epoch=433, loss=0.0228
Epoch=434, loss=0.0260
Epoch=435, loss=0.0213
Epoch=436, loss=0.0233
Epoch=437, loss=0.0269
Epoch=438, loss=0.0218
Epoch=439, loss=0.0220
Epoch=440, loss=0.0214
Early stopping!
Loading 420th epoch
Early stopping!
Start to test process.
done with the edge prediction
done with the node prediction
done with the second node prediction
(E) | label_classification: F1Mi=0.7925+-0.0111, F1Ma=0.7790+-0.0133, acc=0.7925+-0.0111
[['MVGRL', 'heat', 16, 15, 2, 'normalize', 0.1, 0.2, 0.4, 0.001, 0.5, 0.2, 0.5, 0.0001, 512, 512, 0.9403739244441902, 0.937395517599467, 0.9259565979786051, 0.9286410220015726, 0.7857142686843872, 0.7020000219345093, 0.6881044507026672, 0.7857142686843872, 0.699999988079071, 0.6924564838409424, 0.6757092887679751, 0.011536073831630007, 0.6292904854279681, 0.011054436776643757, 0.6757092887679751, 0.011536073831630007], ['MVGRL', 'heat', 32, 15, 2, 'normalize', 0.1, 0.2, 0.4, 0.001, 0.5, 0.2, 0.5, 0.0001, 512, 512, 0.9401272774139635, 0.9341390200931807, 0.937914297750685, 0.9303342536060669, 0.8857142925262451, 0.7599999904632568, 0.7427465915679932, 0.8928571343421936, 0.7540000081062317, 0.740328848361969, 0.7587252234745433, 0.01479817879693716, 0.7158255428616203, 0.022444554148588328, 0.7587252234745433, 0.01479817879693713], ['MVGRL', 'heat', 64, 15, 2, 'normalize', 0.1, 0.2, 0.4, 0.001, 0.5, 0.2, 0.5, 0.0001, 512, 512, 0.9808550668687505, 0.9793642210041991, 0.9701615603700008, 0.9678518486136071, 0.800000011920929, 0.7760000228881836, 0.7664409875869751, 0.9928571581840515, 0.7799999713897705, 0.7485493421554565, 0.771628449280995, 0.014759749337169604, 0.7381125389326135, 0.026269619122088413, 0.7716284492809948, 0.01475974933716959], ['MVGRL', 'heat', 128, 15, 2, 'normalize', 0.1, 0.2, 0.4, 0.001, 0.5, 0.2, 0.5, 0.0001, 512, 512, 0.9907697512241, 0.9893496721487007, 0.9753968796920739, 0.9721689938953122, 0.8500000238418579, 0.7960000038146973, 0.7867504954338074, 0.8285714387893677, 0.800000011920929, 0.7969052195549011, 0.7896618732996503, 0.012977464732222208, 0.7705416679763575, 0.014619691863027988, 0.7896618732996503, 0.01297746473222226], ['MVGRL', 'heat', 256, 15, 2, 'normalize', 0.1, 0.2, 0.4, 0.001, 0.5, 0.2, 0.5, 0.0001, 512, 512, 0.9498129891237, 0.9418635643197967, 0.9508945770877365, 0.9398881042316538, 0.8785714507102966, 0.8019999861717224, 0.7882011532783508, 0.8785714507102966, 0.8040000200271606, 0.7891682982444763, 0.7925378935095219, 0.011095026921570234, 0.7789684253171913, 0.013273629041505424, 0.7925378935095219, 0.011095026921570234]]
Epoch=000, loss=0.6916
Epoch=001, loss=0.7219
Epoch=002, loss=0.6950
Epoch=003, loss=0.6833
Epoch=004, loss=0.6411
Epoch=005, loss=0.6581
Epoch=006, loss=0.6399
Epoch=007, loss=0.6107
Epoch=008, loss=0.6117
Epoch=009, loss=0.6072
Epoch=010, loss=0.5815
Epoch=011, loss=0.5696
Epoch=012, loss=0.5700
Epoch=013, loss=0.5354
Epoch=014, loss=0.5235
Epoch=015, loss=0.5174
Epoch=016, loss=0.4964
Epoch=017, loss=0.4830
Epoch=018, loss=0.4707
Epoch=019, loss=0.4527
Epoch=020, loss=0.4370
Epoch=021, loss=0.4281
Epoch=022, loss=0.4156
Epoch=023, loss=0.4029
Epoch=024, loss=0.3937
Epoch=025, loss=0.3819
Epoch=026, loss=0.3774
Epoch=027, loss=0.3587
Epoch=028, loss=0.3468
Epoch=029, loss=0.3420
Epoch=030, loss=0.3330
Epoch=031, loss=0.3216
Epoch=032, loss=0.3094
Epoch=033, loss=0.2974
Epoch=034, loss=0.2917
Epoch=035, loss=0.2790
Epoch=036, loss=0.2737
Epoch=037, loss=0.2632
Epoch=038, loss=0.2591
Epoch=039, loss=0.2476
Epoch=040, loss=0.2439
Epoch=041, loss=0.2380
Epoch=042, loss=0.2272
Epoch=043, loss=0.2266
Epoch=044, loss=0.2164
Epoch=045, loss=0.2084
Epoch=046, loss=0.2060
Epoch=047, loss=0.2029
Epoch=048, loss=0.1925
Epoch=049, loss=0.1923
Epoch=050, loss=0.1867
Epoch=051, loss=0.1842
Epoch=052, loss=0.1771
Epoch=053, loss=0.1722
Epoch=054, loss=0.1667
Epoch=055, loss=0.1640
Epoch=056, loss=0.1604
Epoch=057, loss=0.1525
Epoch=058, loss=0.1542
Epoch=059, loss=0.1497
Epoch=060, loss=0.1433
Epoch=061, loss=0.1410
Epoch=062, loss=0.1404
Epoch=063, loss=0.1368
Epoch=064, loss=0.1347
Epoch=065, loss=0.1361
Epoch=066, loss=0.1306
Epoch=067, loss=0.1284
Epoch=068, loss=0.1270
Epoch=069, loss=0.1247
Epoch=070, loss=0.1289
Epoch=071, loss=0.1211
Epoch=072, loss=0.1185
Epoch=073, loss=0.1200
Epoch=074, loss=0.1188
Epoch=075, loss=0.1229
Epoch=076, loss=0.1133
Epoch=077, loss=0.1054
Epoch=078, loss=0.1061
Epoch=079, loss=0.1098
Epoch=080, loss=0.1076
Epoch=081, loss=0.1067
Epoch=082, loss=0.1026
Epoch=083, loss=0.1054
Epoch=084, loss=0.1035
Epoch=085, loss=0.1009
Epoch=086, loss=0.0973
Epoch=087, loss=0.0906
Epoch=088, loss=0.0977
Epoch=089, loss=0.0994
Epoch=090, loss=0.0967
Epoch=091, loss=0.0954
Epoch=092, loss=0.0988
Epoch=093, loss=0.0918
Epoch=094, loss=0.0896
Epoch=095, loss=0.0849
Epoch=096, loss=0.0917
Epoch=097, loss=0.0881
Epoch=098, loss=0.0910
Epoch=099, loss=0.0888
Epoch=100, loss=0.0887
Epoch=101, loss=0.0862
Epoch=102, loss=0.0812
Epoch=103, loss=0.0863
Epoch=104, loss=0.0830
Epoch=105, loss=0.0820
Epoch=106, loss=0.0851
Epoch=107, loss=0.0790
Epoch=108, loss=0.0823
Epoch=109, loss=0.0755
Epoch=110, loss=0.0788
Epoch=111, loss=0.0737
Epoch=112, loss=0.0795
Epoch=113, loss=0.0756
Epoch=114, loss=0.0709
Epoch=115, loss=0.0699
Epoch=116, loss=0.0745
Epoch=117, loss=0.0735
Epoch=118, loss=0.0732
Epoch=119, loss=0.0738
Epoch=120, loss=0.0719
Epoch=121, loss=0.0683
Epoch=122, loss=0.0727
Epoch=123, loss=0.0681
Epoch=124, loss=0.0713
Epoch=125, loss=0.0729
Epoch=126, loss=0.0691
Epoch=127, loss=0.0676
Epoch=128, loss=0.0663
Epoch=129, loss=0.0682
Epoch=130, loss=0.0714
Epoch=131, loss=0.0669
Epoch=132, loss=0.0697
Epoch=133, loss=0.0677
Epoch=134, loss=0.0614
Epoch=135, loss=0.0650
Epoch=136, loss=0.0640
Epoch=137, loss=0.0653
Epoch=138, loss=0.0614
Epoch=139, loss=0.0646
Epoch=140, loss=0.0661
Epoch=141, loss=0.0631
Epoch=142, loss=0.0670
Epoch=143, loss=0.0560
Epoch=144, loss=0.0614
Epoch=145, loss=0.0648
Epoch=146, loss=0.0568
Epoch=147, loss=0.0595
Epoch=148, loss=0.0588
Epoch=149, loss=0.0676
Epoch=150, loss=0.0588
Epoch=151, loss=0.0669
Epoch=152, loss=0.0516
Epoch=153, loss=0.0603
Epoch=154, loss=0.0616
Epoch=155, loss=0.0600
Epoch=156, loss=0.0563
Epoch=157, loss=0.0581
Epoch=158, loss=0.0649
Epoch=159, loss=0.0560
Epoch=160, loss=0.0547
Epoch=161, loss=0.0602
Epoch=162, loss=0.0551
Epoch=163, loss=0.0528
Epoch=164, loss=0.0560
Epoch=165, loss=0.0544
Epoch=166, loss=0.0530
Epoch=167, loss=0.0538
Epoch=168, loss=0.0526
Epoch=169, loss=0.0536
Epoch=170, loss=0.0586
Epoch=171, loss=0.0545
Epoch=172, loss=0.0584
Early stopping!
Loading 152th epoch
Early stopping!
Start to test process.
done with the edge prediction
done with the node prediction
done with the second node prediction
(E) | label_classification: F1Mi=0.8051+-0.0100, F1Ma=0.7900+-0.0110, acc=0.8051+-0.0100
[['MVGRL', 'heat', 16, 15, 2, 'normalize', 0.1, 0.2, 0.4, 0.001, 0.5, 0.2, 0.5, 0.0001, 512, 512, 0.9403739244441902, 0.937395517599467, 0.9259565979786051, 0.9286410220015726, 0.7857142686843872, 0.7020000219345093, 0.6881044507026672, 0.7857142686843872, 0.699999988079071, 0.6924564838409424, 0.6757092887679751, 0.011536073831630007, 0.6292904854279681, 0.011054436776643757, 0.6757092887679751, 0.011536073831630007], ['MVGRL', 'heat', 32, 15, 2, 'normalize', 0.1, 0.2, 0.4, 0.001, 0.5, 0.2, 0.5, 0.0001, 512, 512, 0.9401272774139635, 0.9341390200931807, 0.937914297750685, 0.9303342536060669, 0.8857142925262451, 0.7599999904632568, 0.7427465915679932, 0.8928571343421936, 0.7540000081062317, 0.740328848361969, 0.7587252234745433, 0.01479817879693716, 0.7158255428616203, 0.022444554148588328, 0.7587252234745433, 0.01479817879693713], ['MVGRL', 'heat', 64, 15, 2, 'normalize', 0.1, 0.2, 0.4, 0.001, 0.5, 0.2, 0.5, 0.0001, 512, 512, 0.9808550668687505, 0.9793642210041991, 0.9701615603700008, 0.9678518486136071, 0.800000011920929, 0.7760000228881836, 0.7664409875869751, 0.9928571581840515, 0.7799999713897705, 0.7485493421554565, 0.771628449280995, 0.014759749337169604, 0.7381125389326135, 0.026269619122088413, 0.7716284492809948, 0.01475974933716959], ['MVGRL', 'heat', 128, 15, 2, 'normalize', 0.1, 0.2, 0.4, 0.001, 0.5, 0.2, 0.5, 0.0001, 512, 512, 0.9907697512241, 0.9893496721487007, 0.9753968796920739, 0.9721689938953122, 0.8500000238418579, 0.7960000038146973, 0.7867504954338074, 0.8285714387893677, 0.800000011920929, 0.7969052195549011, 0.7896618732996503, 0.012977464732222208, 0.7705416679763575, 0.014619691863027988, 0.7896618732996503, 0.01297746473222226], ['MVGRL', 'heat', 256, 15, 2, 'normalize', 0.1, 0.2, 0.4, 0.001, 0.5, 0.2, 0.5, 0.0001, 512, 512, 0.9498129891237, 0.9418635643197967, 0.9508945770877365, 0.9398881042316538, 0.8785714507102966, 0.8019999861717224, 0.7882011532783508, 0.8785714507102966, 0.8040000200271606, 0.7891682982444763, 0.7925378935095219, 0.011095026921570234, 0.7789684253171913, 0.013273629041505424, 0.7925378935095219, 0.011095026921570234], ['MVGRL', 'heat', 512, 15, 2, 'normalize', 0.1, 0.2, 0.4, 0.001, 0.5, 0.2, 0.5, 0.0001, 512, 512, 0.9969097132857356, 0.9960281899769766, 0.9669930039714975, 0.9650940977130665, 0.9428571462631226, 0.828000009059906, 0.8128626942634583, 0.9571428298950195, 0.828000009059906, 0.8123791217803955, 0.8050524679362612, 0.010040754049721419, 0.7899698655859719, 0.011011639017293129, 0.8050524679362612, 0.010040754049721405]]
