My SLURM_ARRAY_TASK_ID:  12
My SLURM_ARRAY_JOB_ID:  4522329
MVGRL
Cora
result file is 4522329_12
Dataset: Cora():
======================
Number of graphs: 1
Number of features: 1433
Number of classes: 7
Data(x=[2708, 1433], edge_index=[2, 10556], y=[2708], train_mask=[2708], val_mask=[2708], test_mask=[2708])
==============================================================
Number of nodes: 2708
Number of edges: 10556
Average node degree: 3.90
Number of training nodes: 140
Training node label rate: 0.05
Contains isolated nodes: False
Contains self-loops: False
Is undirected: True
Epoch=000, loss=0.6987
Epoch=001, loss=0.6976
Epoch=002, loss=0.6968
Epoch=003, loss=0.6963
Epoch=004, loss=0.6956
Epoch=005, loss=0.6952
Epoch=006, loss=0.6946
Epoch=007, loss=0.6943
Epoch=008, loss=0.6938
Epoch=009, loss=0.6938
Epoch=010, loss=0.6932
Epoch=011, loss=0.6927
Epoch=012, loss=0.6924
Epoch=013, loss=0.6920
Epoch=014, loss=0.6916
Epoch=015, loss=0.6914
Epoch=016, loss=0.6908
Epoch=017, loss=0.6906
Epoch=018, loss=0.6901
Epoch=019, loss=0.6893
Epoch=020, loss=0.6891
Epoch=021, loss=0.6887
Epoch=022, loss=0.6884
Epoch=023, loss=0.6878
Epoch=024, loss=0.6874
Epoch=025, loss=0.6872
Epoch=026, loss=0.6863
Epoch=027, loss=0.6860
Epoch=028, loss=0.6855
Epoch=029, loss=0.6853
Epoch=030, loss=0.6843
Epoch=031, loss=0.6838
Epoch=032, loss=0.6835
Epoch=033, loss=0.6826
Epoch=034, loss=0.6816
Epoch=035, loss=0.6810
Epoch=036, loss=0.6805
Epoch=037, loss=0.6794
Epoch=038, loss=0.6799
Epoch=039, loss=0.6789
Epoch=040, loss=0.6772
Epoch=041, loss=0.6765
Epoch=042, loss=0.6761
Epoch=043, loss=0.6756
Epoch=044, loss=0.6751
Epoch=045, loss=0.6746
Epoch=046, loss=0.6726
Epoch=047, loss=0.6708
Epoch=048, loss=0.6704
Epoch=049, loss=0.6710
Epoch=050, loss=0.6683
Epoch=051, loss=0.6677
Epoch=052, loss=0.6663
Epoch=053, loss=0.6654
Epoch=054, loss=0.6650
Epoch=055, loss=0.6637
Epoch=056, loss=0.6603
Epoch=057, loss=0.6619
Epoch=058, loss=0.6600
Epoch=059, loss=0.6589
Epoch=060, loss=0.6565
Epoch=061, loss=0.6549
Epoch=062, loss=0.6550
Epoch=063, loss=0.6521
Epoch=064, loss=0.6527
Epoch=065, loss=0.6517
Epoch=066, loss=0.6505
Epoch=067, loss=0.6474
Epoch=068, loss=0.6458
Epoch=069, loss=0.6468
Epoch=070, loss=0.6418
Epoch=071, loss=0.6395
Epoch=072, loss=0.6399
Epoch=073, loss=0.6376
Epoch=074, loss=0.6376
Epoch=075, loss=0.6366
Epoch=076, loss=0.6379
Epoch=077, loss=0.6297
Epoch=078, loss=0.6287
Epoch=079, loss=0.6311
Epoch=080, loss=0.6302
Epoch=081, loss=0.6249
Epoch=082, loss=0.6254
Epoch=083, loss=0.6275
Epoch=084, loss=0.6184
Epoch=085, loss=0.6207
Epoch=086, loss=0.6218
Epoch=087, loss=0.6155
Epoch=088, loss=0.6182
Epoch=089, loss=0.6160
Epoch=090, loss=0.6113
Epoch=091, loss=0.6132
Epoch=092, loss=0.6116
Epoch=093, loss=0.6070
Epoch=094, loss=0.6065
Epoch=095, loss=0.6078
Epoch=096, loss=0.6024
Epoch=097, loss=0.6010
Epoch=098, loss=0.6013
Epoch=099, loss=0.6031
Epoch=100, loss=0.6023
Epoch=101, loss=0.5979
Epoch=102, loss=0.5992
Epoch=103, loss=0.5955
Epoch=104, loss=0.5969
Epoch=105, loss=0.5895
Epoch=106, loss=0.5902
Epoch=107, loss=0.5913
Epoch=108, loss=0.5859
Epoch=109, loss=0.5832
Epoch=110, loss=0.5859
Epoch=111, loss=0.5848
Epoch=112, loss=0.5819
Epoch=113, loss=0.5817
Epoch=114, loss=0.5800
Epoch=115, loss=0.5747
Epoch=116, loss=0.5751
Epoch=117, loss=0.5715
Epoch=118, loss=0.5736
Epoch=119, loss=0.5696
Epoch=120, loss=0.5721
Epoch=121, loss=0.5713
Epoch=122, loss=0.5653
Epoch=123, loss=0.5641
Epoch=124, loss=0.5707
Epoch=125, loss=0.5615
Epoch=126, loss=0.5611
Epoch=127, loss=0.5626
Epoch=128, loss=0.5555
Epoch=129, loss=0.5577
Epoch=130, loss=0.5521
Epoch=131, loss=0.5564
Epoch=132, loss=0.5547
Epoch=133, loss=0.5553
Epoch=134, loss=0.5530
Epoch=135, loss=0.5531
Epoch=136, loss=0.5513
Epoch=137, loss=0.5520
Epoch=138, loss=0.5412
Epoch=139, loss=0.5408
Epoch=140, loss=0.5499
Epoch=141, loss=0.5401
Epoch=142, loss=0.5404
Epoch=143, loss=0.5428
Epoch=144, loss=0.5370
Epoch=145, loss=0.5342
Epoch=146, loss=0.5379
Epoch=147, loss=0.5347
Epoch=148, loss=0.5353
Epoch=149, loss=0.5287
Epoch=150, loss=0.5309
Epoch=151, loss=0.5312
Epoch=152, loss=0.5291
Epoch=153, loss=0.5287
Epoch=154, loss=0.5272
Epoch=155, loss=0.5245
Epoch=156, loss=0.5181
Epoch=157, loss=0.5203
Epoch=158, loss=0.5195
Epoch=159, loss=0.5190
Epoch=160, loss=0.5196
Epoch=161, loss=0.5166
Epoch=162, loss=0.5170
Epoch=163, loss=0.5157
Epoch=164, loss=0.5176
Epoch=165, loss=0.5141
Epoch=166, loss=0.5100
Epoch=167, loss=0.5156
Epoch=168, loss=0.5127
Epoch=169, loss=0.5094
Epoch=170, loss=0.5067
Epoch=171, loss=0.5060
Epoch=172, loss=0.5070
Epoch=173, loss=0.5081
Epoch=174, loss=0.4985
Epoch=175, loss=0.4996
Epoch=176, loss=0.4994
Epoch=177, loss=0.5033
Epoch=178, loss=0.4959
Epoch=179, loss=0.4972
Epoch=180, loss=0.4980
Epoch=181, loss=0.5002
Epoch=182, loss=0.4924
Epoch=183, loss=0.4938
Epoch=184, loss=0.4889
Epoch=185, loss=0.4904
Epoch=186, loss=0.4866
Epoch=187, loss=0.4904
Epoch=188, loss=0.4831
Epoch=189, loss=0.4828
Epoch=190, loss=0.4875
Epoch=191, loss=0.4848
Epoch=192, loss=0.4856
Epoch=193, loss=0.4843
Epoch=194, loss=0.4799
Epoch=195, loss=0.4851
Epoch=196, loss=0.4752
Epoch=197, loss=0.4750
Epoch=198, loss=0.4745
Epoch=199, loss=0.4781
Epoch=200, loss=0.4729
Epoch=201, loss=0.4699
Epoch=202, loss=0.4693
Epoch=203, loss=0.4692
Epoch=204, loss=0.4702
Epoch=205, loss=0.4720
Epoch=206, loss=0.4660
Epoch=207, loss=0.4660
Epoch=208, loss=0.4617
Epoch=209, loss=0.4603
Epoch=210, loss=0.4597
Epoch=211, loss=0.4614
Epoch=212, loss=0.4608
Epoch=213, loss=0.4604
Epoch=214, loss=0.4611
Epoch=215, loss=0.4574
Epoch=216, loss=0.4584
Epoch=217, loss=0.4518
Epoch=218, loss=0.4560
Epoch=219, loss=0.4534
Epoch=220, loss=0.4517
Epoch=221, loss=0.4540
Epoch=222, loss=0.4489
Epoch=223, loss=0.4498
Epoch=224, loss=0.4553
Epoch=225, loss=0.4558
Epoch=226, loss=0.4483
Epoch=227, loss=0.4479
Epoch=228, loss=0.4436
Epoch=229, loss=0.4452
Epoch=230, loss=0.4437
Epoch=231, loss=0.4478
Epoch=232, loss=0.4426
Epoch=233, loss=0.4427
Epoch=234, loss=0.4438
Epoch=235, loss=0.4379
Epoch=236, loss=0.4367
Epoch=237, loss=0.4407
Epoch=238, loss=0.4366
Epoch=239, loss=0.4378
Epoch=240, loss=0.4408
Epoch=241, loss=0.4367
Epoch=242, loss=0.4337
Epoch=243, loss=0.4377
Epoch=244, loss=0.4310
Epoch=245, loss=0.4320
Epoch=246, loss=0.4327
Epoch=247, loss=0.4311
Epoch=248, loss=0.4299
Epoch=249, loss=0.4301
Epoch=250, loss=0.4289
Epoch=251, loss=0.4283
Epoch=252, loss=0.4297
Epoch=253, loss=0.4296
Epoch=254, loss=0.4268
Epoch=255, loss=0.4221
Epoch=256, loss=0.4245
Epoch=257, loss=0.4239
Epoch=258, loss=0.4260
Epoch=259, loss=0.4210
Epoch=260, loss=0.4208
Epoch=261, loss=0.4176
Epoch=262, loss=0.4214
Epoch=263, loss=0.4174
Epoch=264, loss=0.4196
Epoch=265, loss=0.4183
Epoch=266, loss=0.4233
Epoch=267, loss=0.4220
Epoch=268, loss=0.4170
Epoch=269, loss=0.4163
Epoch=270, loss=0.4173
Epoch=271, loss=0.4147
Epoch=272, loss=0.4140
Epoch=273, loss=0.4139
Epoch=274, loss=0.4086
Epoch=275, loss=0.4124
Epoch=276, loss=0.4107
Epoch=277, loss=0.4093
Epoch=278, loss=0.4107
Epoch=279, loss=0.4060
Epoch=280, loss=0.4084
Epoch=281, loss=0.4130
Epoch=282, loss=0.4090
Epoch=283, loss=0.4023
Epoch=284, loss=0.4049
Epoch=285, loss=0.4048
Epoch=286, loss=0.4047
Epoch=287, loss=0.4038
Epoch=288, loss=0.4043
Epoch=289, loss=0.4023
Epoch=290, loss=0.4014
Epoch=291, loss=0.4005
Epoch=292, loss=0.4012
Epoch=293, loss=0.3986
Epoch=294, loss=0.3988
Epoch=295, loss=0.3988
Epoch=296, loss=0.3993
Epoch=297, loss=0.3994
Epoch=298, loss=0.4009
Epoch=299, loss=0.3959
Epoch=300, loss=0.3992
Epoch=301, loss=0.4014
Epoch=302, loss=0.3989
Epoch=303, loss=0.3977
Epoch=304, loss=0.3945
Epoch=305, loss=0.3931
Epoch=306, loss=0.3954
Epoch=307, loss=0.3920
Epoch=308, loss=0.3886
Epoch=309, loss=0.3888
Epoch=310, loss=0.3909
Epoch=311, loss=0.3913
Epoch=312, loss=0.3871
Epoch=313, loss=0.3852
Epoch=314, loss=0.3901
Epoch=315, loss=0.3863
Epoch=316, loss=0.3890
Epoch=317, loss=0.3880
Epoch=318, loss=0.3833
Epoch=319, loss=0.3834
Epoch=320, loss=0.3852
Epoch=321, loss=0.3840
Epoch=322, loss=0.3865
Epoch=323, loss=0.3825
Epoch=324, loss=0.3861
Epoch=325, loss=0.3782
Epoch=326, loss=0.3828
Epoch=327, loss=0.3822
Epoch=328, loss=0.3783
Epoch=329, loss=0.3831
Epoch=330, loss=0.3808
Epoch=331, loss=0.3781
Epoch=332, loss=0.3774
Epoch=333, loss=0.3784
Epoch=334, loss=0.3744
Epoch=335, loss=0.3795
Epoch=336, loss=0.3753
Epoch=337, loss=0.3738
Epoch=338, loss=0.3743
Epoch=339, loss=0.3775
Epoch=340, loss=0.3741
Epoch=341, loss=0.3730
Epoch=342, loss=0.3808
Epoch=343, loss=0.3751
Epoch=344, loss=0.3721
Epoch=345, loss=0.3754
Epoch=346, loss=0.3718
Epoch=347, loss=0.3701
Epoch=348, loss=0.3732
Epoch=349, loss=0.3680
Epoch=350, loss=0.3662
Epoch=351, loss=0.3694
Epoch=352, loss=0.3677
Epoch=353, loss=0.3658
Epoch=354, loss=0.3699
Epoch=355, loss=0.3667
Epoch=356, loss=0.3734
Epoch=357, loss=0.3646
Epoch=358, loss=0.3679
Epoch=359, loss=0.3699
Epoch=360, loss=0.3647
Epoch=361, loss=0.3654
Epoch=362, loss=0.3636
Epoch=363, loss=0.3636
Epoch=364, loss=0.3628
Epoch=365, loss=0.3597
Epoch=366, loss=0.3723
Epoch=367, loss=0.3668
Epoch=368, loss=0.3622
Epoch=369, loss=0.3597
Epoch=370, loss=0.3594
Epoch=371, loss=0.3590
Epoch=372, loss=0.3580
Epoch=373, loss=0.3667
Epoch=374, loss=0.3594
Epoch=375, loss=0.3562
Epoch=376, loss=0.3574
Epoch=377, loss=0.3594
Epoch=378, loss=0.3553
Epoch=379, loss=0.3588
Epoch=380, loss=0.3560
Epoch=381, loss=0.3605
Epoch=382, loss=0.3515
Epoch=383, loss=0.3545
Epoch=384, loss=0.3559
Epoch=385, loss=0.3516
Epoch=386, loss=0.3533
Epoch=387, loss=0.3497
Epoch=388, loss=0.3487
Epoch=389, loss=0.3492
Epoch=390, loss=0.3533
Epoch=391, loss=0.3549
Epoch=392, loss=0.3509
Epoch=393, loss=0.3515
Epoch=394, loss=0.3456
Epoch=395, loss=0.3456
Epoch=396, loss=0.3466
Epoch=397, loss=0.3475
Epoch=398, loss=0.3533
Epoch=399, loss=0.3454
Epoch=400, loss=0.3448
Epoch=401, loss=0.3435
Epoch=402, loss=0.3433
Epoch=403, loss=0.3446
Epoch=404, loss=0.3454
Epoch=405, loss=0.3435
Epoch=406, loss=0.3432
Epoch=407, loss=0.3438
Epoch=408, loss=0.3422
Epoch=409, loss=0.3423
Epoch=410, loss=0.3427
Epoch=411, loss=0.3401
Epoch=412, loss=0.3420
Epoch=413, loss=0.3404
Epoch=414, loss=0.3420
Epoch=415, loss=0.3420
Epoch=416, loss=0.3431
Epoch=417, loss=0.3411
Epoch=418, loss=0.3409
Epoch=419, loss=0.3385
Epoch=420, loss=0.3370
Epoch=421, loss=0.3383
Epoch=422, loss=0.3407
Epoch=423, loss=0.3358
Epoch=424, loss=0.3343
Epoch=425, loss=0.3344
Epoch=426, loss=0.3372
Epoch=427, loss=0.3368
Epoch=428, loss=0.3392
Epoch=429, loss=0.3367
Epoch=430, loss=0.3348
Epoch=431, loss=0.3288
Epoch=432, loss=0.3358
Epoch=433, loss=0.3346
Epoch=434, loss=0.3310
Epoch=435, loss=0.3333
Epoch=436, loss=0.3297
Epoch=437, loss=0.3302
Epoch=438, loss=0.3320
Epoch=439, loss=0.3309
Epoch=440, loss=0.3288
Epoch=441, loss=0.3284
Epoch=442, loss=0.3312
Epoch=443, loss=0.3294
Epoch=444, loss=0.3296
Epoch=445, loss=0.3309
Epoch=446, loss=0.3268
Epoch=447, loss=0.3262
Epoch=448, loss=0.3262
Epoch=449, loss=0.3238
Epoch=450, loss=0.3217
Epoch=451, loss=0.3300
Epoch=452, loss=0.3253
Epoch=453, loss=0.3249
Epoch=454, loss=0.3258
Epoch=455, loss=0.3231
Epoch=456, loss=0.3239
Epoch=457, loss=0.3230
Epoch=458, loss=0.3229
Epoch=459, loss=0.3215
Epoch=460, loss=0.3214
Epoch=461, loss=0.3200
Epoch=462, loss=0.3227
Epoch=463, loss=0.3169
Epoch=464, loss=0.3192
Epoch=465, loss=0.3232
Epoch=466, loss=0.3182
Epoch=467, loss=0.3176
Epoch=468, loss=0.3194
Epoch=469, loss=0.3202
Epoch=470, loss=0.3203
Epoch=471, loss=0.3193
Epoch=472, loss=0.3181
Epoch=473, loss=0.3169
Epoch=474, loss=0.3173
Epoch=475, loss=0.3119
Epoch=476, loss=0.3158
Epoch=477, loss=0.3151
Epoch=478, loss=0.3152
Epoch=479, loss=0.3156
Epoch=480, loss=0.3085
Epoch=481, loss=0.3126
Epoch=482, loss=0.3148
Epoch=483, loss=0.3122
Epoch=484, loss=0.3107
Epoch=485, loss=0.3118
Epoch=486, loss=0.3110
Epoch=487, loss=0.3133
Epoch=488, loss=0.3087
Epoch=489, loss=0.3140
Epoch=490, loss=0.3097
Epoch=491, loss=0.3103
Epoch=492, loss=0.3101
Epoch=493, loss=0.3098
Epoch=494, loss=0.3085
Epoch=495, loss=0.3051
Epoch=496, loss=0.3064
Epoch=497, loss=0.3112
Epoch=498, loss=0.3077
Epoch=499, loss=0.3029
Loading 499th epoch
Early stopping!
Start to test process.
done with the edge prediction
done with the node prediction
done with the second node prediction
(E) | label_classification: F1Mi=0.6674+-0.0153, F1Ma=0.6060+-0.0387, acc=0.6674+-0.0153
[['MVGRL', 'heat', 16, 15, 2, 'normalize', 0.1, 0.2, 0.4, 0.001, 0.5, 0.2, 0.5, 0.0001, 512, 512, 0.939630632171034, 0.9347569461331382, 0.9341516370274621, 0.9273677335322734, 0.7142857313156128, 0.6700000166893005, 0.624758243560791, 0.699999988079071, 0.6679999828338623, 0.6223404407501221, 0.6673921492421299, 0.015258514543813065, 0.6060376770644142, 0.038686837835599154, 0.6673921492421299, 0.015258514543813065]]
Epoch=000, loss=0.6940
Epoch=001, loss=0.6932
Epoch=002, loss=0.6920
Epoch=003, loss=0.6914
Epoch=004, loss=0.6907
Epoch=005, loss=0.6898
Epoch=006, loss=0.6890
Epoch=007, loss=0.6883
Epoch=008, loss=0.6872
Epoch=009, loss=0.6864
Epoch=010, loss=0.6854
Epoch=011, loss=0.6843
Epoch=012, loss=0.6832
Epoch=013, loss=0.6827
Epoch=014, loss=0.6812
Epoch=015, loss=0.6800
Epoch=016, loss=0.6787
Epoch=017, loss=0.6764
Epoch=018, loss=0.6756
Epoch=019, loss=0.6736
Epoch=020, loss=0.6716
Epoch=021, loss=0.6706
Epoch=022, loss=0.6691
Epoch=023, loss=0.6668
Epoch=024, loss=0.6647
Epoch=025, loss=0.6624
Epoch=026, loss=0.6595
Epoch=027, loss=0.6586
Epoch=028, loss=0.6570
Epoch=029, loss=0.6539
Epoch=030, loss=0.6537
Epoch=031, loss=0.6465
Epoch=032, loss=0.6468
Epoch=033, loss=0.6441
Epoch=034, loss=0.6415
Epoch=035, loss=0.6381
Epoch=036, loss=0.6359
Epoch=037, loss=0.6350
Epoch=038, loss=0.6292
Epoch=039, loss=0.6272
Epoch=040, loss=0.6240
Epoch=041, loss=0.6210
Epoch=042, loss=0.6166
Epoch=043, loss=0.6169
Epoch=044, loss=0.6134
Epoch=045, loss=0.6101
Epoch=046, loss=0.6060
Epoch=047, loss=0.6024
Epoch=048, loss=0.6008
Epoch=049, loss=0.5951
Epoch=050, loss=0.5938
Epoch=051, loss=0.5886
Epoch=052, loss=0.5859
Epoch=053, loss=0.5810
Epoch=054, loss=0.5825
Epoch=055, loss=0.5745
Epoch=056, loss=0.5756
Epoch=057, loss=0.5708
Epoch=058, loss=0.5677
Epoch=059, loss=0.5656
Epoch=060, loss=0.5603
Epoch=061, loss=0.5567
Epoch=062, loss=0.5555
Epoch=063, loss=0.5534
Epoch=064, loss=0.5470
Epoch=065, loss=0.5431
Epoch=066, loss=0.5433
Epoch=067, loss=0.5363
Epoch=068, loss=0.5369
Epoch=069, loss=0.5371
Epoch=070, loss=0.5269
Epoch=071, loss=0.5266
Epoch=072, loss=0.5234
Epoch=073, loss=0.5194
Epoch=074, loss=0.5156
Epoch=075, loss=0.5143
Epoch=076, loss=0.5092
Epoch=077, loss=0.5126
Epoch=078, loss=0.5059
Epoch=079, loss=0.5063
Epoch=080, loss=0.4996
Epoch=081, loss=0.4999
Epoch=082, loss=0.4934
Epoch=083, loss=0.4974
Epoch=084, loss=0.4882
Epoch=085, loss=0.4893
Epoch=086, loss=0.4796
Epoch=087, loss=0.4821
Epoch=088, loss=0.4766
Epoch=089, loss=0.4733
Epoch=090, loss=0.4749
Epoch=091, loss=0.4748
Epoch=092, loss=0.4685
Epoch=093, loss=0.4687
Epoch=094, loss=0.4639
Epoch=095, loss=0.4642
Epoch=096, loss=0.4614
Epoch=097, loss=0.4603
Epoch=098, loss=0.4565
Epoch=099, loss=0.4512
Epoch=100, loss=0.4485
Epoch=101, loss=0.4496
Epoch=102, loss=0.4468
Epoch=103, loss=0.4396
Epoch=104, loss=0.4421
Epoch=105, loss=0.4426
Epoch=106, loss=0.4356
Epoch=107, loss=0.4315
Epoch=108, loss=0.4325
Epoch=109, loss=0.4256
Epoch=110, loss=0.4271
Epoch=111, loss=0.4236
Epoch=112, loss=0.4258
Epoch=113, loss=0.4226
Epoch=114, loss=0.4186
Epoch=115, loss=0.4191
Epoch=116, loss=0.4184
Epoch=117, loss=0.4154
Epoch=118, loss=0.4121
Epoch=119, loss=0.4149
Epoch=120, loss=0.4073
Epoch=121, loss=0.4047
Epoch=122, loss=0.4062
Epoch=123, loss=0.4025
Epoch=124, loss=0.4003
Epoch=125, loss=0.3986
Epoch=126, loss=0.3995
Epoch=127, loss=0.3932
Epoch=128, loss=0.3919
Epoch=129, loss=0.3932
Epoch=130, loss=0.3927
Epoch=131, loss=0.3879
Epoch=132, loss=0.3859
Epoch=133, loss=0.3855
Epoch=134, loss=0.3829
Epoch=135, loss=0.3810
Epoch=136, loss=0.3826
Epoch=137, loss=0.3770
Epoch=138, loss=0.3756
Epoch=139, loss=0.3724
Epoch=140, loss=0.3710
Epoch=141, loss=0.3682
Epoch=142, loss=0.3698
Epoch=143, loss=0.3701
Epoch=144, loss=0.3663
Epoch=145, loss=0.3674
Epoch=146, loss=0.3676
Epoch=147, loss=0.3628
Epoch=148, loss=0.3633
Epoch=149, loss=0.3600
Epoch=150, loss=0.3534
Epoch=151, loss=0.3561
Epoch=152, loss=0.3557
Epoch=153, loss=0.3550
Epoch=154, loss=0.3527
Epoch=155, loss=0.3488
Epoch=156, loss=0.3461
Epoch=157, loss=0.3478
Epoch=158, loss=0.3463
Epoch=159, loss=0.3425
Epoch=160, loss=0.3414
Epoch=161, loss=0.3420
Epoch=162, loss=0.3366
Epoch=163, loss=0.3358
Epoch=164, loss=0.3351
Epoch=165, loss=0.3343
Epoch=166, loss=0.3345
Epoch=167, loss=0.3314
Epoch=168, loss=0.3275
Epoch=169, loss=0.3309
Epoch=170, loss=0.3280
Epoch=171, loss=0.3281
Epoch=172, loss=0.3272
Epoch=173, loss=0.3258
Epoch=174, loss=0.3278
Epoch=175, loss=0.3240
Epoch=176, loss=0.3224
Epoch=177, loss=0.3202
Epoch=178, loss=0.3140
Epoch=179, loss=0.3169
Epoch=180, loss=0.3118
Epoch=181, loss=0.3101
Epoch=182, loss=0.3124
Epoch=183, loss=0.3105
Epoch=184, loss=0.3078
Epoch=185, loss=0.3069
Epoch=186, loss=0.3032
Epoch=187, loss=0.3037
Epoch=188, loss=0.3044
Epoch=189, loss=0.3000
Epoch=190, loss=0.3012
Epoch=191, loss=0.2995
Epoch=192, loss=0.2948
Epoch=193, loss=0.2966
Epoch=194, loss=0.2978
Epoch=195, loss=0.2927
Epoch=196, loss=0.2959
Epoch=197, loss=0.2919
Epoch=198, loss=0.2913
Epoch=199, loss=0.2901
Epoch=200, loss=0.2880
Epoch=201, loss=0.2876
Epoch=202, loss=0.2835
Epoch=203, loss=0.2848
Epoch=204, loss=0.2846
Epoch=205, loss=0.2820
Epoch=206, loss=0.2829
Epoch=207, loss=0.2819
Epoch=208, loss=0.2811
Epoch=209, loss=0.2774
Epoch=210, loss=0.2779
Epoch=211, loss=0.2768
Epoch=212, loss=0.2774
Epoch=213, loss=0.2720
Epoch=214, loss=0.2713
Epoch=215, loss=0.2734
Epoch=216, loss=0.2681
Epoch=217, loss=0.2723
Epoch=218, loss=0.2710
Epoch=219, loss=0.2663
Epoch=220, loss=0.2651
Epoch=221, loss=0.2611
Epoch=222, loss=0.2646
Epoch=223, loss=0.2607
Epoch=224, loss=0.2603
Epoch=225, loss=0.2607
Epoch=226, loss=0.2598
Epoch=227, loss=0.2596
Epoch=228, loss=0.2569
Epoch=229, loss=0.2534
Epoch=230, loss=0.2536
Epoch=231, loss=0.2494
Epoch=232, loss=0.2535
Epoch=233, loss=0.2494
Epoch=234, loss=0.2537
Epoch=235, loss=0.2507
Epoch=236, loss=0.2513
Epoch=237, loss=0.2461
Epoch=238, loss=0.2470
Epoch=239, loss=0.2451
Epoch=240, loss=0.2447
Epoch=241, loss=0.2432
Epoch=242, loss=0.2408
Epoch=243, loss=0.2444
Epoch=244, loss=0.2412
Epoch=245, loss=0.2427
Epoch=246, loss=0.2383
Epoch=247, loss=0.2382
Epoch=248, loss=0.2381
Epoch=249, loss=0.2323
Epoch=250, loss=0.2351
Epoch=251, loss=0.2355
Epoch=252, loss=0.2374
Epoch=253, loss=0.2308
Epoch=254, loss=0.2272
Epoch=255, loss=0.2276
Epoch=256, loss=0.2278
Epoch=257, loss=0.2240
Epoch=258, loss=0.2299
Epoch=259, loss=0.2276
Epoch=260, loss=0.2265
Epoch=261, loss=0.2287
Epoch=262, loss=0.2221
Epoch=263, loss=0.2221
Epoch=264, loss=0.2179
Epoch=265, loss=0.2254
Epoch=266, loss=0.2202
Epoch=267, loss=0.2214
Epoch=268, loss=0.2175
Epoch=269, loss=0.2174
Epoch=270, loss=0.2176
Epoch=271, loss=0.2198
Epoch=272, loss=0.2115
Epoch=273, loss=0.2156
Epoch=274, loss=0.2116
Epoch=275, loss=0.2081
Epoch=276, loss=0.2111
Epoch=277, loss=0.2133
Epoch=278, loss=0.2066
Epoch=279, loss=0.2067
Epoch=280, loss=0.2082
Epoch=281, loss=0.2091
Epoch=282, loss=0.2042
Epoch=283, loss=0.2037
Epoch=284, loss=0.2073
Epoch=285, loss=0.1999
Epoch=286, loss=0.2046
Epoch=287, loss=0.2042
Epoch=288, loss=0.1996
Epoch=289, loss=0.1990
Epoch=290, loss=0.1965
Epoch=291, loss=0.2003
Epoch=292, loss=0.1975
Epoch=293, loss=0.2025
Epoch=294, loss=0.1945
Epoch=295, loss=0.1985
Epoch=296, loss=0.1932
Epoch=297, loss=0.1938
Epoch=298, loss=0.1943
Epoch=299, loss=0.1930
Epoch=300, loss=0.1942
Epoch=301, loss=0.1925
Epoch=302, loss=0.1957
Epoch=303, loss=0.1891
Epoch=304, loss=0.1880
Epoch=305, loss=0.1855
Epoch=306, loss=0.1876
Epoch=307, loss=0.1866
Epoch=308, loss=0.1830
Epoch=309, loss=0.1839
Epoch=310, loss=0.1869
Epoch=311, loss=0.1832
Epoch=312, loss=0.1846
Epoch=313, loss=0.1825
Epoch=314, loss=0.1814
Epoch=315, loss=0.1816
Epoch=316, loss=0.1820
Epoch=317, loss=0.1810
Epoch=318, loss=0.1788
Epoch=319, loss=0.1802
Epoch=320, loss=0.1780
Epoch=321, loss=0.1787
Epoch=322, loss=0.1762
Epoch=323, loss=0.1769
Epoch=324, loss=0.1745
Epoch=325, loss=0.1761
Epoch=326, loss=0.1759
Epoch=327, loss=0.1708
Epoch=328, loss=0.1705
Epoch=329, loss=0.1726
Epoch=330, loss=0.1720
Epoch=331, loss=0.1760
Epoch=332, loss=0.1730
Epoch=333, loss=0.1709
Epoch=334, loss=0.1671
Epoch=335, loss=0.1678
Epoch=336, loss=0.1659
Epoch=337, loss=0.1671
Epoch=338, loss=0.1683
Epoch=339, loss=0.1661
Epoch=340, loss=0.1650
Epoch=341, loss=0.1625
Epoch=342, loss=0.1627
Epoch=343, loss=0.1624
Epoch=344, loss=0.1648
Epoch=345, loss=0.1641
Epoch=346, loss=0.1641
Epoch=347, loss=0.1617
Epoch=348, loss=0.1615
Epoch=349, loss=0.1603
Epoch=350, loss=0.1591
Epoch=351, loss=0.1568
Epoch=352, loss=0.1589
Epoch=353, loss=0.1563
Epoch=354, loss=0.1576
Epoch=355, loss=0.1547
Epoch=356, loss=0.1562
Epoch=357, loss=0.1571
Epoch=358, loss=0.1566
Epoch=359, loss=0.1556
Epoch=360, loss=0.1518
Epoch=361, loss=0.1571
Epoch=362, loss=0.1531
Epoch=363, loss=0.1512
Epoch=364, loss=0.1513
Epoch=365, loss=0.1513
Epoch=366, loss=0.1520
Epoch=367, loss=0.1490
Epoch=368, loss=0.1490
Epoch=369, loss=0.1500
Epoch=370, loss=0.1457
Epoch=371, loss=0.1477
Epoch=372, loss=0.1506
Epoch=373, loss=0.1475
Epoch=374, loss=0.1491
Epoch=375, loss=0.1463
Epoch=376, loss=0.1436
Epoch=377, loss=0.1466
Epoch=378, loss=0.1447
Epoch=379, loss=0.1456
Epoch=380, loss=0.1409
Epoch=381, loss=0.1395
Epoch=382, loss=0.1388
Epoch=383, loss=0.1425
Epoch=384, loss=0.1444
Epoch=385, loss=0.1429
Epoch=386, loss=0.1398
Epoch=387, loss=0.1391
Epoch=388, loss=0.1437
Epoch=389, loss=0.1401
Epoch=390, loss=0.1448
Epoch=391, loss=0.1398
Epoch=392, loss=0.1435
Epoch=393, loss=0.1353
Epoch=394, loss=0.1419
Epoch=395, loss=0.1345
Epoch=396, loss=0.1405
Epoch=397, loss=0.1356
Epoch=398, loss=0.1352
Epoch=399, loss=0.1353
Epoch=400, loss=0.1341
Epoch=401, loss=0.1360
Epoch=402, loss=0.1319
Epoch=403, loss=0.1325
Epoch=404, loss=0.1269
Epoch=405, loss=0.1301
Epoch=406, loss=0.1358
Epoch=407, loss=0.1304
Epoch=408, loss=0.1335
Epoch=409, loss=0.1339
Epoch=410, loss=0.1300
Epoch=411, loss=0.1321
Epoch=412, loss=0.1307
Epoch=413, loss=0.1263
Epoch=414, loss=0.1284
Epoch=415, loss=0.1242
Epoch=416, loss=0.1330
Epoch=417, loss=0.1268
Epoch=418, loss=0.1239
Epoch=419, loss=0.1283
Epoch=420, loss=0.1244
Epoch=421, loss=0.1254
Epoch=422, loss=0.1270
Epoch=423, loss=0.1276
Epoch=424, loss=0.1248
Epoch=425, loss=0.1209
Epoch=426, loss=0.1244
Epoch=427, loss=0.1272
Epoch=428, loss=0.1240
Epoch=429, loss=0.1242
Epoch=430, loss=0.1227
Epoch=431, loss=0.1215
Epoch=432, loss=0.1221
Epoch=433, loss=0.1208
Epoch=434, loss=0.1213
Epoch=435, loss=0.1210
Epoch=436, loss=0.1220
Epoch=437, loss=0.1241
Epoch=438, loss=0.1159
Epoch=439, loss=0.1208
Epoch=440, loss=0.1209
Epoch=441, loss=0.1212
Epoch=442, loss=0.1161
Epoch=443, loss=0.1163
Epoch=444, loss=0.1194
Epoch=445, loss=0.1158
Epoch=446, loss=0.1141
Epoch=447, loss=0.1139
Epoch=448, loss=0.1182
Epoch=449, loss=0.1153
Epoch=450, loss=0.1136
Epoch=451, loss=0.1161
Epoch=452, loss=0.1179
Epoch=453, loss=0.1163
Epoch=454, loss=0.1149
Epoch=455, loss=0.1148
Epoch=456, loss=0.1111
Epoch=457, loss=0.1128
Epoch=458, loss=0.1175
Epoch=459, loss=0.1072
Epoch=460, loss=0.1134
Epoch=461, loss=0.1102
Epoch=462, loss=0.1069
Epoch=463, loss=0.1084
Epoch=464, loss=0.1107
Epoch=465, loss=0.1134
Epoch=466, loss=0.1068
Epoch=467, loss=0.1100
Epoch=468, loss=0.1094
Epoch=469, loss=0.1107
Epoch=470, loss=0.1103
Epoch=471, loss=0.1079
Epoch=472, loss=0.1101
Epoch=473, loss=0.1098
Epoch=474, loss=0.1105
Epoch=475, loss=0.1076
Epoch=476, loss=0.1047
Epoch=477, loss=0.1025
Epoch=478, loss=0.1113
Epoch=479, loss=0.1059
Epoch=480, loss=0.1071
Epoch=481, loss=0.1047
Epoch=482, loss=0.1054
Epoch=483, loss=0.1042
Epoch=484, loss=0.0992
Epoch=485, loss=0.1042
Epoch=486, loss=0.1069
Epoch=487, loss=0.1037
Epoch=488, loss=0.1009
Epoch=489, loss=0.1008
Epoch=490, loss=0.0995
Epoch=491, loss=0.1002
Epoch=492, loss=0.0997
Epoch=493, loss=0.1002
Epoch=494, loss=0.1009
Epoch=495, loss=0.0996
Epoch=496, loss=0.1000
Epoch=497, loss=0.1015
Epoch=498, loss=0.1031
Epoch=499, loss=0.0980
Loading 499th epoch
done with the edge prediction
done with the node prediction
done with the second node prediction
(E) | label_classification: F1Mi=0.7590+-0.0110, F1Ma=0.7400+-0.0147, acc=0.7590+-0.0110
[['MVGRL', 'heat', 16, 15, 2, 'normalize', 0.1, 0.2, 0.4, 0.001, 0.5, 0.2, 0.5, 0.0001, 512, 512, 0.939630632171034, 0.9347569461331382, 0.9341516370274621, 0.9273677335322734, 0.7142857313156128, 0.6700000166893005, 0.624758243560791, 0.699999988079071, 0.6679999828338623, 0.6223404407501221, 0.6673921492421299, 0.015258514543813065, 0.6060376770644142, 0.038686837835599154, 0.6673921492421299, 0.015258514543813065], ['MVGRL', 'heat', 32, 15, 2, 'normalize', 0.1, 0.2, 0.4, 0.001, 0.5, 0.2, 0.5, 0.0001, 512, 512, 0.9726194490516998, 0.9709029184199509, 0.959276849014687, 0.9530269743515399, 0.7928571701049805, 0.699999988079071, 0.7069632411003113, 0.8642857074737549, 0.6880000233650208, 0.6881044507026672, 0.7590361445783133, 0.010965204803471287, 0.7399817813052127, 0.014723225593923374, 0.7590361445783131, 0.010965204803471318]]
Epoch=000, loss=0.6945
Epoch=001, loss=0.6920
Epoch=002, loss=0.6896
Epoch=003, loss=0.6877
Epoch=004, loss=0.6854
Epoch=005, loss=0.6837
Epoch=006, loss=0.6816
Epoch=007, loss=0.6783
Epoch=008, loss=0.6759
Epoch=009, loss=0.6728
Epoch=010, loss=0.6696
Epoch=011, loss=0.6673
Epoch=012, loss=0.6637
Epoch=013, loss=0.6611
Epoch=014, loss=0.6580
Epoch=015, loss=0.6524
Epoch=016, loss=0.6491
Epoch=017, loss=0.6450
Epoch=018, loss=0.6380
Epoch=019, loss=0.6376
Epoch=020, loss=0.6313
Epoch=021, loss=0.6256
Epoch=022, loss=0.6231
Epoch=023, loss=0.6171
Epoch=024, loss=0.6135
Epoch=025, loss=0.6072
Epoch=026, loss=0.6006
Epoch=027, loss=0.5974
Epoch=028, loss=0.5919
Epoch=029, loss=0.5875
Epoch=030, loss=0.5825
Epoch=031, loss=0.5777
Epoch=032, loss=0.5749
Epoch=033, loss=0.5614
Epoch=034, loss=0.5609
Epoch=035, loss=0.5553
Epoch=036, loss=0.5536
Epoch=037, loss=0.5469
Epoch=038, loss=0.5399
Epoch=039, loss=0.5339
Epoch=040, loss=0.5305
Epoch=041, loss=0.5250
Epoch=042, loss=0.5272
Epoch=043, loss=0.5175
Epoch=044, loss=0.5125
Epoch=045, loss=0.5056
Epoch=046, loss=0.4999
Epoch=047, loss=0.4983
Epoch=048, loss=0.4971
Epoch=049, loss=0.4879
Epoch=050, loss=0.4816
Epoch=051, loss=0.4790
Epoch=052, loss=0.4728
Epoch=053, loss=0.4700
Epoch=054, loss=0.4678
Epoch=055, loss=0.4632
Epoch=056, loss=0.4577
Epoch=057, loss=0.4528
Epoch=058, loss=0.4511
Epoch=059, loss=0.4452
Epoch=060, loss=0.4430
Epoch=061, loss=0.4381
Epoch=062, loss=0.4360
Epoch=063, loss=0.4287
Epoch=064, loss=0.4276
Epoch=065, loss=0.4187
Epoch=066, loss=0.4161
Epoch=067, loss=0.4145
Epoch=068, loss=0.4145
Epoch=069, loss=0.4174
Epoch=070, loss=0.4048
Epoch=071, loss=0.4001
Epoch=072, loss=0.3977
Epoch=073, loss=0.3956
Epoch=074, loss=0.3914
Epoch=075, loss=0.3881
Epoch=076, loss=0.3895
Epoch=077, loss=0.3855
Epoch=078, loss=0.3854
Epoch=079, loss=0.3815
Epoch=080, loss=0.3777
Epoch=081, loss=0.3737
Epoch=082, loss=0.3714
Epoch=083, loss=0.3668
Epoch=084, loss=0.3619
Epoch=085, loss=0.3618
Epoch=086, loss=0.3570
Epoch=087, loss=0.3523
Epoch=088, loss=0.3498
Epoch=089, loss=0.3480
Epoch=090, loss=0.3466
Epoch=091, loss=0.3424
Epoch=092, loss=0.3413
Epoch=093, loss=0.3430
Epoch=094, loss=0.3373
Epoch=095, loss=0.3336
Epoch=096, loss=0.3305
Epoch=097, loss=0.3287
Epoch=098, loss=0.3263
Epoch=099, loss=0.3235
Epoch=100, loss=0.3212
Epoch=101, loss=0.3178
Epoch=102, loss=0.3174
Epoch=103, loss=0.3120
Epoch=104, loss=0.3132
Epoch=105, loss=0.3099
Epoch=106, loss=0.3083
Epoch=107, loss=0.3041
Epoch=108, loss=0.3061
Epoch=109, loss=0.2993
Epoch=110, loss=0.2976
Epoch=111, loss=0.2955
Epoch=112, loss=0.2925
Epoch=113, loss=0.2906
Epoch=114, loss=0.2863
Epoch=115, loss=0.2877
Epoch=116, loss=0.2846
Epoch=117, loss=0.2819
Epoch=118, loss=0.2893
Epoch=119, loss=0.2773
Epoch=120, loss=0.2806
Epoch=121, loss=0.2726
Epoch=122, loss=0.2690
Epoch=123, loss=0.2739
Epoch=124, loss=0.2688
Epoch=125, loss=0.2655
Epoch=126, loss=0.2629
Epoch=127, loss=0.2591
Epoch=128, loss=0.2600
Epoch=129, loss=0.2601
Epoch=130, loss=0.2580
Epoch=131, loss=0.2534
Epoch=132, loss=0.2547
Epoch=133, loss=0.2474
Epoch=134, loss=0.2518
Epoch=135, loss=0.2465
Epoch=136, loss=0.2449
Epoch=137, loss=0.2432
Epoch=138, loss=0.2413
Epoch=139, loss=0.2419
Epoch=140, loss=0.2393
Epoch=141, loss=0.2359
Epoch=142, loss=0.2353
Epoch=143, loss=0.2293
Epoch=144, loss=0.2330
Epoch=145, loss=0.2338
Epoch=146, loss=0.2329
Epoch=147, loss=0.2278
Epoch=148, loss=0.2252
Epoch=149, loss=0.2221
Epoch=150, loss=0.2214
Epoch=151, loss=0.2187
Epoch=152, loss=0.2218
Epoch=153, loss=0.2243
Epoch=154, loss=0.2163
Epoch=155, loss=0.2143
Epoch=156, loss=0.2141
Epoch=157, loss=0.2081
Epoch=158, loss=0.2076
Epoch=159, loss=0.2147
Epoch=160, loss=0.2115
Epoch=161, loss=0.2048
Epoch=162, loss=0.2032
Epoch=163, loss=0.2065
Epoch=164, loss=0.2027
Epoch=165, loss=0.2002
Epoch=166, loss=0.1978
Epoch=167, loss=0.1960
Epoch=168, loss=0.1920
Epoch=169, loss=0.1896
Epoch=170, loss=0.1935
Epoch=171, loss=0.1911
Epoch=172, loss=0.1910
Epoch=173, loss=0.1923
Epoch=174, loss=0.1866
Epoch=175, loss=0.1842
Epoch=176, loss=0.1870
Epoch=177, loss=0.1844
Epoch=178, loss=0.1805
Epoch=179, loss=0.1812
Epoch=180, loss=0.1821
Epoch=181, loss=0.1796
Epoch=182, loss=0.1778
Epoch=183, loss=0.1739
Epoch=184, loss=0.1791
Epoch=185, loss=0.1770
Epoch=186, loss=0.1734
Epoch=187, loss=0.1732
Epoch=188, loss=0.1664
Epoch=189, loss=0.1687
Epoch=190, loss=0.1697
Epoch=191, loss=0.1658
Epoch=192, loss=0.1722
Epoch=193, loss=0.1679
Epoch=194, loss=0.1650
Epoch=195, loss=0.1611
Epoch=196, loss=0.1669
Epoch=197, loss=0.1618
Epoch=198, loss=0.1604
Epoch=199, loss=0.1632
Epoch=200, loss=0.1621
Epoch=201, loss=0.1573
Epoch=202, loss=0.1584
Epoch=203, loss=0.1555
Epoch=204, loss=0.1597
Epoch=205, loss=0.1579
Epoch=206, loss=0.1544
Epoch=207, loss=0.1528
Epoch=208, loss=0.1556
Epoch=209, loss=0.1517
Epoch=210, loss=0.1498
Epoch=211, loss=0.1481
Epoch=212, loss=0.1518
Epoch=213, loss=0.1484
Epoch=214, loss=0.1486
Epoch=215, loss=0.1456
Epoch=216, loss=0.1479
Epoch=217, loss=0.1439
Epoch=218, loss=0.1474
Epoch=219, loss=0.1430
Epoch=220, loss=0.1438
Epoch=221, loss=0.1497
Epoch=222, loss=0.1381
Epoch=223, loss=0.1376
Epoch=224, loss=0.1427
Epoch=225, loss=0.1374
Epoch=226, loss=0.1303
Epoch=227, loss=0.1346
Epoch=228, loss=0.1354
Epoch=229, loss=0.1337
Epoch=230, loss=0.1356
Epoch=231, loss=0.1376
Epoch=232, loss=0.1363
Epoch=233, loss=0.1330
Epoch=234, loss=0.1324
Epoch=235, loss=0.1356
Epoch=236, loss=0.1298
Epoch=237, loss=0.1365
Epoch=238, loss=0.1265
Epoch=239, loss=0.1303
Epoch=240, loss=0.1280
Epoch=241, loss=0.1252
Epoch=242, loss=0.1246
Epoch=243, loss=0.1239
Epoch=244, loss=0.1223
Epoch=245, loss=0.1296
Epoch=246, loss=0.1260
Epoch=247, loss=0.1243
Epoch=248, loss=0.1222
Epoch=249, loss=0.1282
Epoch=250, loss=0.1232
Epoch=251, loss=0.1193
Epoch=252, loss=0.1197
Epoch=253, loss=0.1209
Epoch=254, loss=0.1198
Epoch=255, loss=0.1186
Epoch=256, loss=0.1176
Epoch=257, loss=0.1151
Epoch=258, loss=0.1211
Epoch=259, loss=0.1196
Epoch=260, loss=0.1130
Epoch=261, loss=0.1170
Epoch=262, loss=0.1157
Epoch=263, loss=0.1182
Epoch=264, loss=0.1127
Epoch=265, loss=0.1173
Epoch=266, loss=0.1098
Epoch=267, loss=0.1102
Epoch=268, loss=0.1140
Epoch=269, loss=0.1113
Epoch=270, loss=0.1121
Epoch=271, loss=0.1136
Epoch=272, loss=0.1086
Epoch=273, loss=0.1118
Epoch=274, loss=0.1084
Epoch=275, loss=0.1096
Epoch=276, loss=0.1049
Epoch=277, loss=0.1069
Epoch=278, loss=0.1043
Epoch=279, loss=0.1058
Epoch=280, loss=0.1034
Epoch=281, loss=0.1059
Epoch=282, loss=0.1103
Epoch=283, loss=0.1058
Epoch=284, loss=0.1013
Epoch=285, loss=0.1019
Epoch=286, loss=0.1000
Epoch=287, loss=0.1003
Epoch=288, loss=0.1035
Epoch=289, loss=0.1012
Epoch=290, loss=0.1003
Epoch=291, loss=0.0976
Epoch=292, loss=0.1016
Epoch=293, loss=0.1008
Epoch=294, loss=0.1049
Epoch=295, loss=0.0995
Epoch=296, loss=0.0941
Epoch=297, loss=0.1018
Epoch=298, loss=0.0985
Epoch=299, loss=0.0991
Epoch=300, loss=0.0993
Epoch=301, loss=0.0947
Epoch=302, loss=0.0973
Epoch=303, loss=0.0967
Epoch=304, loss=0.0975
Epoch=305, loss=0.0927
Epoch=306, loss=0.0949
Epoch=307, loss=0.0941
Epoch=308, loss=0.0935
Epoch=309, loss=0.0935
Epoch=310, loss=0.0924
Epoch=311, loss=0.0899
Epoch=312, loss=0.0936
Epoch=313, loss=0.0949
Epoch=314, loss=0.0871
Epoch=315, loss=0.0898
Epoch=316, loss=0.0906
Epoch=317, loss=0.0909
Epoch=318, loss=0.0921
Epoch=319, loss=0.0865
Epoch=320, loss=0.0951
Epoch=321, loss=0.0888
Epoch=322, loss=0.0918
Epoch=323, loss=0.0888
Epoch=324, loss=0.0889
Epoch=325, loss=0.0903
Epoch=326, loss=0.0930
Epoch=327, loss=0.0841
Epoch=328, loss=0.0872
Epoch=329, loss=0.0861
Epoch=330, loss=0.0858
Epoch=331, loss=0.0803
Epoch=332, loss=0.0847
Epoch=333, loss=0.0809
Epoch=334, loss=0.0860
Epoch=335, loss=0.0848
Epoch=336, loss=0.0819
Epoch=337, loss=0.0864
Epoch=338, loss=0.0859
Epoch=339, loss=0.0849
Epoch=340, loss=0.0857
Epoch=341, loss=0.0829
Epoch=342, loss=0.0810
Epoch=343, loss=0.0817
Epoch=344, loss=0.0825
Epoch=345, loss=0.0790
Epoch=346, loss=0.0825
Epoch=347, loss=0.0838
Epoch=348, loss=0.0788
Epoch=349, loss=0.0757
Epoch=350, loss=0.0835
Epoch=351, loss=0.0772
Epoch=352, loss=0.0797
Epoch=353, loss=0.0790
Epoch=354, loss=0.0826
Epoch=355, loss=0.0817
Epoch=356, loss=0.0775
Epoch=357, loss=0.0772
Epoch=358, loss=0.0766
Epoch=359, loss=0.0772
Epoch=360, loss=0.0764
Epoch=361, loss=0.0771
Epoch=362, loss=0.0792
Epoch=363, loss=0.0753
Epoch=364, loss=0.0751
Epoch=365, loss=0.0809
Epoch=366, loss=0.0742
Epoch=367, loss=0.0739
Epoch=368, loss=0.0778
Epoch=369, loss=0.0722
Epoch=370, loss=0.0718
Epoch=371, loss=0.0770
Epoch=372, loss=0.0756
Epoch=373, loss=0.0711
Epoch=374, loss=0.0746
Epoch=375, loss=0.0740
Epoch=376, loss=0.0698
Epoch=377, loss=0.0743
Epoch=378, loss=0.0721
Epoch=379, loss=0.0720
Epoch=380, loss=0.0704
Epoch=381, loss=0.0723
Epoch=382, loss=0.0641
Epoch=383, loss=0.0725
Epoch=384, loss=0.0712
Epoch=385, loss=0.0713
Epoch=386, loss=0.0701
Epoch=387, loss=0.0678
Epoch=388, loss=0.0679
Epoch=389, loss=0.0654
Epoch=390, loss=0.0714
Epoch=391, loss=0.0699
Epoch=392, loss=0.0739
Epoch=393, loss=0.0693
Epoch=394, loss=0.0700
Epoch=395, loss=0.0647
Epoch=396, loss=0.0632
Epoch=397, loss=0.0686
Epoch=398, loss=0.0715
Epoch=399, loss=0.0666
Epoch=400, loss=0.0645
Epoch=401, loss=0.0672
Epoch=402, loss=0.0684
Epoch=403, loss=0.0666
Epoch=404, loss=0.0642
Epoch=405, loss=0.0649
Epoch=406, loss=0.0674
Epoch=407, loss=0.0672
Epoch=408, loss=0.0703
Epoch=409, loss=0.0641
Epoch=410, loss=0.0631
Epoch=411, loss=0.0633
Epoch=412, loss=0.0637
Epoch=413, loss=0.0627
Epoch=414, loss=0.0620
Epoch=415, loss=0.0633
Epoch=416, loss=0.0629
Epoch=417, loss=0.0631
Epoch=418, loss=0.0642
Epoch=419, loss=0.0604
Epoch=420, loss=0.0598
Epoch=421, loss=0.0635
Epoch=422, loss=0.0601
Epoch=423, loss=0.0631
Epoch=424, loss=0.0625
Epoch=425, loss=0.0651
Epoch=426, loss=0.0624
Epoch=427, loss=0.0674
Epoch=428, loss=0.0599
Epoch=429, loss=0.0617
Epoch=430, loss=0.0592
Epoch=431, loss=0.0620
Epoch=432, loss=0.0621
Epoch=433, loss=0.0618
Epoch=434, loss=0.0593
Epoch=435, loss=0.0649
Epoch=436, loss=0.0598
Epoch=437, loss=0.0617
Epoch=438, loss=0.0581
Epoch=439, loss=0.0629
Epoch=440, loss=0.0635
Epoch=441, loss=0.0577
Epoch=442, loss=0.0562
Epoch=443, loss=0.0620
Epoch=444, loss=0.0579
Epoch=445, loss=0.0586
Epoch=446, loss=0.0595
Epoch=447, loss=0.0582
Epoch=448, loss=0.0587
Epoch=449, loss=0.0519
Epoch=450, loss=0.0551
Epoch=451, loss=0.0608
Epoch=452, loss=0.0562
Epoch=453, loss=0.0598
Epoch=454, loss=0.0585
Epoch=455, loss=0.0581
Epoch=456, loss=0.0576
Epoch=457, loss=0.0570
Epoch=458, loss=0.0533
Epoch=459, loss=0.0590
Epoch=460, loss=0.0584
Epoch=461, loss=0.0609
Epoch=462, loss=0.0541
Epoch=463, loss=0.0533
Epoch=464, loss=0.0548
Epoch=465, loss=0.0551
Epoch=466, loss=0.0532
Epoch=467, loss=0.0531
Epoch=468, loss=0.0584
Epoch=469, loss=0.0546
Early stopping!
Loading 449th epoch
Early stopping!
Start to test process.
done with the edge prediction
done with the node prediction
done with the second node prediction
(E) | label_classification: F1Mi=0.7968+-0.0087, F1Ma=0.7770+-0.0095, acc=0.7968+-0.0087
[['MVGRL', 'heat', 16, 15, 2, 'normalize', 0.1, 0.2, 0.4, 0.001, 0.5, 0.2, 0.5, 0.0001, 512, 512, 0.939630632171034, 0.9347569461331382, 0.9341516370274621, 0.9273677335322734, 0.7142857313156128, 0.6700000166893005, 0.624758243560791, 0.699999988079071, 0.6679999828338623, 0.6223404407501221, 0.6673921492421299, 0.015258514543813065, 0.6060376770644142, 0.038686837835599154, 0.6673921492421299, 0.015258514543813065], ['MVGRL', 'heat', 32, 15, 2, 'normalize', 0.1, 0.2, 0.4, 0.001, 0.5, 0.2, 0.5, 0.0001, 512, 512, 0.9726194490516998, 0.9709029184199509, 0.959276849014687, 0.9530269743515399, 0.7928571701049805, 0.699999988079071, 0.7069632411003113, 0.8642857074737549, 0.6880000233650208, 0.6881044507026672, 0.7590361445783133, 0.010965204803471287, 0.7399817813052127, 0.014723225593923374, 0.7590361445783131, 0.010965204803471318], ['MVGRL', 'heat', 64, 15, 2, 'normalize', 0.1, 0.2, 0.4, 0.001, 0.5, 0.2, 0.5, 0.0001, 512, 512, 0.9696065870644158, 0.9655846614396717, 0.9624814117359008, 0.9531927880948295, 0.8857142925262451, 0.7459999918937683, 0.7533848881721497, 0.8857142925262451, 0.7480000257492065, 0.7548356056213379, 0.7968130586863584, 0.00871272834462622, 0.7769911700326988, 0.009546122188457769, 0.7968130586863584, 0.008712728344626209]]
Epoch=000, loss=0.6925
Epoch=001, loss=0.6875
Epoch=002, loss=0.6821
Epoch=003, loss=0.6776
Epoch=004, loss=0.6716
Epoch=005, loss=0.6655
Epoch=006, loss=0.6612
Epoch=007, loss=0.6531
Epoch=008, loss=0.6448
Epoch=009, loss=0.6410
Epoch=010, loss=0.6255
Epoch=011, loss=0.6221
Epoch=012, loss=0.6128
Epoch=013, loss=0.6031
Epoch=014, loss=0.5915
Epoch=015, loss=0.5854
Epoch=016, loss=0.5733
Epoch=017, loss=0.5656
Epoch=018, loss=0.5566
Epoch=019, loss=0.5438
Epoch=020, loss=0.5384
Epoch=021, loss=0.5287
Epoch=022, loss=0.5210
Epoch=023, loss=0.5130
Epoch=024, loss=0.5043
Epoch=025, loss=0.4960
Epoch=026, loss=0.4835
Epoch=027, loss=0.4737
Epoch=028, loss=0.4691
Epoch=029, loss=0.4626
Epoch=030, loss=0.4510
Epoch=031, loss=0.4456
Epoch=032, loss=0.4457
Epoch=033, loss=0.4325
Epoch=034, loss=0.4267
Epoch=035, loss=0.4222
Epoch=036, loss=0.4137
Epoch=037, loss=0.4092
Epoch=038, loss=0.4004
Epoch=039, loss=0.3987
Epoch=040, loss=0.3876
Epoch=041, loss=0.3864
Epoch=042, loss=0.3788
Epoch=043, loss=0.3760
Epoch=044, loss=0.3652
Epoch=045, loss=0.3621
Epoch=046, loss=0.3587
Epoch=047, loss=0.3536
Epoch=048, loss=0.3554
Epoch=049, loss=0.3509
Epoch=050, loss=0.3435
Epoch=051, loss=0.3348
Epoch=052, loss=0.3291
Epoch=053, loss=0.3271
Epoch=054, loss=0.3195
Epoch=055, loss=0.3182
Epoch=056, loss=0.3164
Epoch=057, loss=0.3096
Epoch=058, loss=0.3087
Epoch=059, loss=0.3034
Epoch=060, loss=0.2984
Epoch=061, loss=0.2956
Epoch=062, loss=0.2912
Epoch=063, loss=0.2868
Epoch=064, loss=0.2842
Epoch=065, loss=0.2793
Epoch=066, loss=0.2760
Epoch=067, loss=0.2757
Epoch=068, loss=0.2722
Epoch=069, loss=0.2622
Epoch=070, loss=0.2605
Epoch=071, loss=0.2593
Epoch=072, loss=0.2583
Epoch=073, loss=0.2539
Epoch=074, loss=0.2484
Epoch=075, loss=0.2426
Epoch=076, loss=0.2444
Epoch=077, loss=0.2379
Epoch=078, loss=0.2395
Epoch=079, loss=0.2311
Epoch=080, loss=0.2350
Epoch=081, loss=0.2288
Epoch=082, loss=0.2258
Epoch=083, loss=0.2202
Epoch=084, loss=0.2205
Epoch=085, loss=0.2131
Epoch=086, loss=0.2191
Epoch=087, loss=0.2115
Epoch=088, loss=0.2069
Epoch=089, loss=0.2042
Epoch=090, loss=0.2096
Epoch=091, loss=0.2020
Epoch=092, loss=0.1995
Epoch=093, loss=0.1966
Epoch=094, loss=0.1958
Epoch=095, loss=0.1949
Epoch=096, loss=0.1899
Epoch=097, loss=0.1896
Epoch=098, loss=0.1879
Epoch=099, loss=0.1837
Epoch=100, loss=0.1848
Epoch=101, loss=0.1810
Epoch=102, loss=0.1792
Epoch=103, loss=0.1739
Epoch=104, loss=0.1749
Epoch=105, loss=0.1741
Epoch=106, loss=0.1727
Epoch=107, loss=0.1677
Epoch=108, loss=0.1692
Epoch=109, loss=0.1642
Epoch=110, loss=0.1629
Epoch=111, loss=0.1590
Epoch=112, loss=0.1641
Epoch=113, loss=0.1619
Epoch=114, loss=0.1609
Epoch=115, loss=0.1583
Epoch=116, loss=0.1574
Epoch=117, loss=0.1563
Epoch=118, loss=0.1530
Epoch=119, loss=0.1566
Epoch=120, loss=0.1485
Epoch=121, loss=0.1484
Epoch=122, loss=0.1463
Epoch=123, loss=0.1425
Epoch=124, loss=0.1440
Epoch=125, loss=0.1442
Epoch=126, loss=0.1399
Epoch=127, loss=0.1376
Epoch=128, loss=0.1386
Epoch=129, loss=0.1409
Epoch=130, loss=0.1418
Epoch=131, loss=0.1379
Epoch=132, loss=0.1319
Epoch=133, loss=0.1362
Epoch=134, loss=0.1344
Epoch=135, loss=0.1292
Epoch=136, loss=0.1300
Epoch=137, loss=0.1297
Epoch=138, loss=0.1298
Epoch=139, loss=0.1250
Epoch=140, loss=0.1283
Epoch=141, loss=0.1233
Epoch=142, loss=0.1241
Epoch=143, loss=0.1190
Epoch=144, loss=0.1176
Epoch=145, loss=0.1287
Epoch=146, loss=0.1207
Epoch=147, loss=0.1203
Epoch=148, loss=0.1182
Epoch=149, loss=0.1184
Epoch=150, loss=0.1156
Epoch=151, loss=0.1183
Epoch=152, loss=0.1148
Epoch=153, loss=0.1091
Epoch=154, loss=0.1136
Epoch=155, loss=0.1118
Epoch=156, loss=0.1122
Epoch=157, loss=0.1116
Epoch=158, loss=0.1046
Epoch=159, loss=0.1075
Epoch=160, loss=0.1099
Epoch=161, loss=0.1076
Epoch=162, loss=0.1072
Epoch=163, loss=0.1059
Epoch=164, loss=0.1062
Epoch=165, loss=0.1068
Epoch=166, loss=0.1013
Epoch=167, loss=0.1030
Epoch=168, loss=0.1044
Epoch=169, loss=0.1030
Epoch=170, loss=0.0997
Epoch=171, loss=0.0965
Epoch=172, loss=0.0990
Epoch=173, loss=0.1028
Epoch=174, loss=0.1022
Epoch=175, loss=0.0999
Epoch=176, loss=0.0965
Epoch=177, loss=0.0943
Epoch=178, loss=0.0958
Epoch=179, loss=0.0923
Epoch=180, loss=0.0961
Epoch=181, loss=0.0890
Epoch=182, loss=0.0919
Epoch=183, loss=0.0960
Epoch=184, loss=0.0951
Epoch=185, loss=0.0913
Epoch=186, loss=0.0950
Epoch=187, loss=0.0934
Epoch=188, loss=0.0907
Epoch=189, loss=0.0878
Epoch=190, loss=0.0886
Epoch=191, loss=0.0837
Epoch=192, loss=0.0903
Epoch=193, loss=0.0851
Epoch=194, loss=0.0921
Epoch=195, loss=0.0859
Epoch=196, loss=0.0881
Epoch=197, loss=0.0891
Epoch=198, loss=0.0852
Epoch=199, loss=0.0868
Epoch=200, loss=0.0822
Epoch=201, loss=0.0850
Epoch=202, loss=0.0866
Epoch=203, loss=0.0853
Epoch=204, loss=0.0827
Epoch=205, loss=0.0801
Epoch=206, loss=0.0810
Epoch=207, loss=0.0785
Epoch=208, loss=0.0762
Epoch=209, loss=0.0838
Epoch=210, loss=0.0816
Epoch=211, loss=0.0838
Epoch=212, loss=0.0767
Epoch=213, loss=0.0787
Epoch=214, loss=0.0779
Epoch=215, loss=0.0815
Epoch=216, loss=0.0753
Epoch=217, loss=0.0779
Epoch=218, loss=0.0801
Epoch=219, loss=0.0753
Epoch=220, loss=0.0757
Epoch=221, loss=0.0794
Epoch=222, loss=0.0818
Epoch=223, loss=0.0810
Epoch=224, loss=0.0788
Epoch=225, loss=0.0763
Epoch=226, loss=0.0750
Epoch=227, loss=0.0739
Epoch=228, loss=0.0723
Epoch=229, loss=0.0711
Epoch=230, loss=0.0774
Epoch=231, loss=0.0743
Epoch=232, loss=0.0722
Epoch=233, loss=0.0732
Epoch=234, loss=0.0710
Epoch=235, loss=0.0716
Epoch=236, loss=0.0687
Epoch=237, loss=0.0718
Epoch=238, loss=0.0689
Epoch=239, loss=0.0695
Epoch=240, loss=0.0724
Epoch=241, loss=0.0655
Epoch=242, loss=0.0730
Epoch=243, loss=0.0681
Epoch=244, loss=0.0713
Epoch=245, loss=0.0681
Epoch=246, loss=0.0677
Epoch=247, loss=0.0675
Epoch=248, loss=0.0681
Epoch=249, loss=0.0681
Epoch=250, loss=0.0663
Epoch=251, loss=0.0663
Epoch=252, loss=0.0644
Epoch=253, loss=0.0661
Epoch=254, loss=0.0653
Epoch=255, loss=0.0649
Epoch=256, loss=0.0636
Epoch=257, loss=0.0640
Epoch=258, loss=0.0660
Epoch=259, loss=0.0649
Epoch=260, loss=0.0673
Epoch=261, loss=0.0623
Epoch=262, loss=0.0609
Epoch=263, loss=0.0613
Epoch=264, loss=0.0674
Epoch=265, loss=0.0579
Epoch=266, loss=0.0667
Epoch=267, loss=0.0604
Epoch=268, loss=0.0611
Epoch=269, loss=0.0599
Epoch=270, loss=0.0604
Epoch=271, loss=0.0617
Epoch=272, loss=0.0584
Epoch=273, loss=0.0581
Epoch=274, loss=0.0577
Epoch=275, loss=0.0558
Epoch=276, loss=0.0575
Epoch=277, loss=0.0591
Epoch=278, loss=0.0550
Epoch=279, loss=0.0593
Epoch=280, loss=0.0590
Epoch=281, loss=0.0571
Epoch=282, loss=0.0586
Epoch=283, loss=0.0577
Epoch=284, loss=0.0611
Epoch=285, loss=0.0565
Epoch=286, loss=0.0586
Epoch=287, loss=0.0589
Epoch=288, loss=0.0571
Epoch=289, loss=0.0563
Epoch=290, loss=0.0530
Epoch=291, loss=0.0557
Epoch=292, loss=0.0567
Epoch=293, loss=0.0585
Epoch=294, loss=0.0526
Epoch=295, loss=0.0535
Epoch=296, loss=0.0553
Epoch=297, loss=0.0579
Epoch=298, loss=0.0527
Epoch=299, loss=0.0572
Epoch=300, loss=0.0534
Epoch=301, loss=0.0537
Epoch=302, loss=0.0543
Epoch=303, loss=0.0571
Epoch=304, loss=0.0514
Epoch=305, loss=0.0494
Epoch=306, loss=0.0530
Epoch=307, loss=0.0524
Epoch=308, loss=0.0501
Epoch=309, loss=0.0590
Epoch=310, loss=0.0512
Epoch=311, loss=0.0498
Epoch=312, loss=0.0463
Epoch=313, loss=0.0538
Epoch=314, loss=0.0506
Epoch=315, loss=0.0530
Epoch=316, loss=0.0503
Epoch=317, loss=0.0508
Epoch=318, loss=0.0493
Epoch=319, loss=0.0525
Epoch=320, loss=0.0503
Epoch=321, loss=0.0472
Epoch=322, loss=0.0489
Epoch=323, loss=0.0500
Epoch=324, loss=0.0498
Epoch=325, loss=0.0508
Epoch=326, loss=0.0515
Epoch=327, loss=0.0497
Epoch=328, loss=0.0490
Epoch=329, loss=0.0537
Epoch=330, loss=0.0468
Epoch=331, loss=0.0476
Epoch=332, loss=0.0465
Early stopping!
Loading 312th epoch
Early stopping!
Start to test process.
done with the edge prediction
done with the node prediction
done with the second node prediction
(E) | label_classification: F1Mi=0.7803+-0.0065, F1Ma=0.7535+-0.0101, acc=0.7803+-0.0065
[['MVGRL', 'heat', 16, 15, 2, 'normalize', 0.1, 0.2, 0.4, 0.001, 0.5, 0.2, 0.5, 0.0001, 512, 512, 0.939630632171034, 0.9347569461331382, 0.9341516370274621, 0.9273677335322734, 0.7142857313156128, 0.6700000166893005, 0.624758243560791, 0.699999988079071, 0.6679999828338623, 0.6223404407501221, 0.6673921492421299, 0.015258514543813065, 0.6060376770644142, 0.038686837835599154, 0.6673921492421299, 0.015258514543813065], ['MVGRL', 'heat', 32, 15, 2, 'normalize', 0.1, 0.2, 0.4, 0.001, 0.5, 0.2, 0.5, 0.0001, 512, 512, 0.9726194490516998, 0.9709029184199509, 0.959276849014687, 0.9530269743515399, 0.7928571701049805, 0.699999988079071, 0.7069632411003113, 0.8642857074737549, 0.6880000233650208, 0.6881044507026672, 0.7590361445783133, 0.010965204803471287, 0.7399817813052127, 0.014723225593923374, 0.7590361445783131, 0.010965204803471318], ['MVGRL', 'heat', 64, 15, 2, 'normalize', 0.1, 0.2, 0.4, 0.001, 0.5, 0.2, 0.5, 0.0001, 512, 512, 0.9696065870644158, 0.9655846614396717, 0.9624814117359008, 0.9531927880948295, 0.8857142925262451, 0.7459999918937683, 0.7533848881721497, 0.8857142925262451, 0.7480000257492065, 0.7548356056213379, 0.7968130586863584, 0.00871272834462622, 0.7769911700326988, 0.009546122188457769, 0.7968130586863584, 0.008712728344626209], ['MVGRL', 'heat', 128, 15, 2, 'normalize', 0.1, 0.2, 0.4, 0.001, 0.5, 0.2, 0.5, 0.0001, 512, 512, 0.9903917874879655, 0.9887358989169169, 0.9731392832581403, 0.9663744407506101, 0.8500000238418579, 0.7459999918937683, 0.7620889544487, 0.8571428656578064, 0.7440000176429749, 0.7582204937934875, 0.7802565099106102, 0.006468915125243134, 0.753483423313738, 0.01012390891572323, 0.7802565099106102, 0.006468915125243134]]
Epoch=000, loss=0.6953
Epoch=001, loss=0.6847
Epoch=002, loss=0.6745
Epoch=003, loss=0.6638
Epoch=004, loss=0.6532
Epoch=005, loss=0.6472
Epoch=006, loss=0.6321
Epoch=007, loss=0.6258
Epoch=008, loss=0.6085
Epoch=009, loss=0.5965
Epoch=010, loss=0.5835
Epoch=011, loss=0.5690
Epoch=012, loss=0.5536
Epoch=013, loss=0.5455
Epoch=014, loss=0.5370
Epoch=015, loss=0.5184
Epoch=016, loss=0.5028
Epoch=017, loss=0.4933
Epoch=018, loss=0.4768
Epoch=019, loss=0.4697
Epoch=020, loss=0.4608
Epoch=021, loss=0.4454
Epoch=022, loss=0.4398
Epoch=023, loss=0.4259
Epoch=024, loss=0.4114
Epoch=025, loss=0.4021
Epoch=026, loss=0.3912
Epoch=027, loss=0.3837
Epoch=028, loss=0.3774
Epoch=029, loss=0.3666
Epoch=030, loss=0.3565
Epoch=031, loss=0.3569
Epoch=032, loss=0.3435
Epoch=033, loss=0.3355
Epoch=034, loss=0.3305
Epoch=035, loss=0.3214
Epoch=036, loss=0.3165
Epoch=037, loss=0.3066
Epoch=038, loss=0.2992
Epoch=039, loss=0.2934
Epoch=040, loss=0.2858
Epoch=041, loss=0.2803
Epoch=042, loss=0.2725
Epoch=043, loss=0.2716
Epoch=044, loss=0.2649
Epoch=045, loss=0.2587
Epoch=046, loss=0.2511
Epoch=047, loss=0.2459
Epoch=048, loss=0.2438
Epoch=049, loss=0.2418
Epoch=050, loss=0.2376
Epoch=051, loss=0.2314
Epoch=052, loss=0.2248
Epoch=053, loss=0.2183
Epoch=054, loss=0.2172
Epoch=055, loss=0.2155
Epoch=056, loss=0.2081
Epoch=057, loss=0.2056
Epoch=058, loss=0.2006
Epoch=059, loss=0.1983
Epoch=060, loss=0.1926
Epoch=061, loss=0.1881
Epoch=062, loss=0.1831
Epoch=063, loss=0.1838
Epoch=064, loss=0.1822
Epoch=065, loss=0.1752
Epoch=066, loss=0.1720
Epoch=067, loss=0.1674
Epoch=068, loss=0.1685
Epoch=069, loss=0.1647
Epoch=070, loss=0.1583
Epoch=071, loss=0.1562
Epoch=072, loss=0.1588
Epoch=073, loss=0.1543
Epoch=074, loss=0.1508
Epoch=075, loss=0.1477
Epoch=076, loss=0.1507
Epoch=077, loss=0.1465
Epoch=078, loss=0.1430
Epoch=079, loss=0.1407
Epoch=080, loss=0.1400
Epoch=081, loss=0.1369
Epoch=082, loss=0.1388
Epoch=083, loss=0.1366
Epoch=084, loss=0.1334
Epoch=085, loss=0.1317
Epoch=086, loss=0.1283
Epoch=087, loss=0.1309
Epoch=088, loss=0.1272
Epoch=089, loss=0.1238
Epoch=090, loss=0.1218
Epoch=091, loss=0.1205
Epoch=092, loss=0.1198
Epoch=093, loss=0.1185
Epoch=094, loss=0.1194
Epoch=095, loss=0.1158
Epoch=096, loss=0.1098
Epoch=097, loss=0.1097
Epoch=098, loss=0.1117
Epoch=099, loss=0.1117
Epoch=100, loss=0.1120
Epoch=101, loss=0.1086
Epoch=102, loss=0.1093
Epoch=103, loss=0.1081
Epoch=104, loss=0.1041
Epoch=105, loss=0.1060
Epoch=106, loss=0.1034
Epoch=107, loss=0.1006
Epoch=108, loss=0.1015
Epoch=109, loss=0.1001
Epoch=110, loss=0.0999
Epoch=111, loss=0.0956
Epoch=112, loss=0.0960
Epoch=113, loss=0.0930
Epoch=114, loss=0.0979
Epoch=115, loss=0.0924
Epoch=116, loss=0.0897
Epoch=117, loss=0.0897
Epoch=118, loss=0.0906
Epoch=119, loss=0.0915
Epoch=120, loss=0.0952
Epoch=121, loss=0.0911
Epoch=122, loss=0.0905
Epoch=123, loss=0.0868
Epoch=124, loss=0.0885
Epoch=125, loss=0.0882
Epoch=126, loss=0.0889
Epoch=127, loss=0.0892
Epoch=128, loss=0.0883
Epoch=129, loss=0.0801
Epoch=130, loss=0.0893
Epoch=131, loss=0.0853
Epoch=132, loss=0.0877
Epoch=133, loss=0.0825
Epoch=134, loss=0.0855
Epoch=135, loss=0.0830
Epoch=136, loss=0.0815
Epoch=137, loss=0.0810
Epoch=138, loss=0.0833
Epoch=139, loss=0.0786
Epoch=140, loss=0.0792
Epoch=141, loss=0.0796
Epoch=142, loss=0.0784
Epoch=143, loss=0.0767
Epoch=144, loss=0.0820
Epoch=145, loss=0.0718
Epoch=146, loss=0.0712
Epoch=147, loss=0.0738
Epoch=148, loss=0.0715
Epoch=149, loss=0.0764
Epoch=150, loss=0.0707
Epoch=151, loss=0.0779
Epoch=152, loss=0.0766
Epoch=153, loss=0.0729
Epoch=154, loss=0.0755
Epoch=155, loss=0.0658
Epoch=156, loss=0.0724
Epoch=157, loss=0.0727
Epoch=158, loss=0.0726
Epoch=159, loss=0.0671
Epoch=160, loss=0.0683
Epoch=161, loss=0.0693
Epoch=162, loss=0.0734
Epoch=163, loss=0.0685
Epoch=164, loss=0.0667
Epoch=165, loss=0.0621
Epoch=166, loss=0.0673
Epoch=167, loss=0.0622
Epoch=168, loss=0.0660
Epoch=169, loss=0.0684
Epoch=170, loss=0.0700
Epoch=171, loss=0.0655
Epoch=172, loss=0.0663
Epoch=173, loss=0.0658
Epoch=174, loss=0.0653
Epoch=175, loss=0.0671
Epoch=176, loss=0.0662
Epoch=177, loss=0.0644
Epoch=178, loss=0.0623
Epoch=179, loss=0.0600
Epoch=180, loss=0.0643
Epoch=181, loss=0.0631
Epoch=182, loss=0.0626
Epoch=183, loss=0.0641
Epoch=184, loss=0.0633
Epoch=185, loss=0.0605
Epoch=186, loss=0.0609
Epoch=187, loss=0.0659
Epoch=188, loss=0.0618
Epoch=189, loss=0.0629
Epoch=190, loss=0.0572
Epoch=191, loss=0.0610
Epoch=192, loss=0.0663
Epoch=193, loss=0.0578
Epoch=194, loss=0.0581
Epoch=195, loss=0.0640
Epoch=196, loss=0.0570
Epoch=197, loss=0.0585
Epoch=198, loss=0.0590
Epoch=199, loss=0.0565
Epoch=200, loss=0.0589
Epoch=201, loss=0.0637
Epoch=202, loss=0.0510
Epoch=203, loss=0.0567
Epoch=204, loss=0.0615
Epoch=205, loss=0.0595
Epoch=206, loss=0.0537
Epoch=207, loss=0.0579
Epoch=208, loss=0.0542
Epoch=209, loss=0.0596
Epoch=210, loss=0.0535
Epoch=211, loss=0.0563
Epoch=212, loss=0.0579
Epoch=213, loss=0.0552
Epoch=214, loss=0.0578
Epoch=215, loss=0.0519
Epoch=216, loss=0.0514
Epoch=217, loss=0.0601
Epoch=218, loss=0.0547
Epoch=219, loss=0.0518
Epoch=220, loss=0.0548
Epoch=221, loss=0.0498
Epoch=222, loss=0.0525
Epoch=223, loss=0.0560
Epoch=224, loss=0.0517
Epoch=225, loss=0.0523
Epoch=226, loss=0.0508
Epoch=227, loss=0.0478
Epoch=228, loss=0.0486
Epoch=229, loss=0.0527
Epoch=230, loss=0.0526
Epoch=231, loss=0.0516
Epoch=232, loss=0.0527
Epoch=233, loss=0.0501
Epoch=234, loss=0.0488
Epoch=235, loss=0.0507
Epoch=236, loss=0.0467
Epoch=237, loss=0.0480
Epoch=238, loss=0.0434
Epoch=239, loss=0.0508
Epoch=240, loss=0.0496
Epoch=241, loss=0.0489
Epoch=242, loss=0.0468
Epoch=243, loss=0.0460
Epoch=244, loss=0.0477
Epoch=245, loss=0.0469
Epoch=246, loss=0.0439
Epoch=247, loss=0.0471
Epoch=248, loss=0.0481
Epoch=249, loss=0.0408
Epoch=250, loss=0.0500
Epoch=251, loss=0.0470
Epoch=252, loss=0.0453
Epoch=253, loss=0.0523
Epoch=254, loss=0.0463
Epoch=255, loss=0.0449
Epoch=256, loss=0.0486
Epoch=257, loss=0.0462
Epoch=258, loss=0.0474
Epoch=259, loss=0.0460
Epoch=260, loss=0.0464
Epoch=261, loss=0.0431
Epoch=262, loss=0.0430
Epoch=263, loss=0.0509
Epoch=264, loss=0.0434
Epoch=265, loss=0.0433
Epoch=266, loss=0.0441
Epoch=267, loss=0.0477
Epoch=268, loss=0.0393
Epoch=269, loss=0.0468
Epoch=270, loss=0.0438
Epoch=271, loss=0.0441
Epoch=272, loss=0.0413
Epoch=273, loss=0.0428
Epoch=274, loss=0.0421
Epoch=275, loss=0.0441
Epoch=276, loss=0.0386
Epoch=277, loss=0.0397
Epoch=278, loss=0.0452
Epoch=279, loss=0.0415
Epoch=280, loss=0.0435
Epoch=281, loss=0.0426
Epoch=282, loss=0.0420
Epoch=283, loss=0.0439
Epoch=284, loss=0.0389
Epoch=285, loss=0.0407
Epoch=286, loss=0.0410
Epoch=287, loss=0.0391
Epoch=288, loss=0.0414
Epoch=289, loss=0.0407
Epoch=290, loss=0.0438
Epoch=291, loss=0.0421
Epoch=292, loss=0.0416
Epoch=293, loss=0.0445
Epoch=294, loss=0.0363
Epoch=295, loss=0.0424
Epoch=296, loss=0.0358
Epoch=297, loss=0.0408
Epoch=298, loss=0.0371
Epoch=299, loss=0.0383
Epoch=300, loss=0.0379
Epoch=301, loss=0.0371
Epoch=302, loss=0.0373
Epoch=303, loss=0.0374
Epoch=304, loss=0.0470
Epoch=305, loss=0.0395
Epoch=306, loss=0.0390
Epoch=307, loss=0.0350
Epoch=308, loss=0.0338
Epoch=309, loss=0.0412
Epoch=310, loss=0.0358
Epoch=311, loss=0.0389
Epoch=312, loss=0.0324
Epoch=313, loss=0.0451
Epoch=314, loss=0.0392
Epoch=315, loss=0.0412
Epoch=316, loss=0.0399
Epoch=317, loss=0.0384
Epoch=318, loss=0.0345
Epoch=319, loss=0.0391
Epoch=320, loss=0.0407
Epoch=321, loss=0.0423
Epoch=322, loss=0.0360
Epoch=323, loss=0.0382
Epoch=324, loss=0.0389
Epoch=325, loss=0.0334
Epoch=326, loss=0.0361
Epoch=327, loss=0.0390
Epoch=328, loss=0.0412
Epoch=329, loss=0.0331
Epoch=330, loss=0.0322
Epoch=331, loss=0.0375
Epoch=332, loss=0.0337
Epoch=333, loss=0.0337
Epoch=334, loss=0.0355
Epoch=335, loss=0.0353
Epoch=336, loss=0.0321
Epoch=337, loss=0.0359
Epoch=338, loss=0.0394
Epoch=339, loss=0.0374
Epoch=340, loss=0.0351
Epoch=341, loss=0.0307
Epoch=342, loss=0.0395
Epoch=343, loss=0.0329
Epoch=344, loss=0.0354
Epoch=345, loss=0.0369
Epoch=346, loss=0.0338
Epoch=347, loss=0.0360
Epoch=348, loss=0.0329
Epoch=349, loss=0.0296
Epoch=350, loss=0.0351
Epoch=351, loss=0.0350
Epoch=352, loss=0.0298
Epoch=353, loss=0.0346
Epoch=354, loss=0.0363
Epoch=355, loss=0.0344
Epoch=356, loss=0.0342
Epoch=357, loss=0.0331
Epoch=358, loss=0.0340
Epoch=359, loss=0.0336
Epoch=360, loss=0.0326
Epoch=361, loss=0.0314
Epoch=362, loss=0.0322
Epoch=363, loss=0.0274
Epoch=364, loss=0.0283
Epoch=365, loss=0.0321
Epoch=366, loss=0.0291
Epoch=367, loss=0.0317
Epoch=368, loss=0.0348
Epoch=369, loss=0.0298
Epoch=370, loss=0.0330
Epoch=371, loss=0.0327
Epoch=372, loss=0.0341
Epoch=373, loss=0.0323
Epoch=374, loss=0.0308
Epoch=375, loss=0.0350
Epoch=376, loss=0.0294
Epoch=377, loss=0.0295
Epoch=378, loss=0.0342
Epoch=379, loss=0.0317
Epoch=380, loss=0.0302
Epoch=381, loss=0.0308
Epoch=382, loss=0.0288
Epoch=383, loss=0.0329
Early stopping!
Loading 363th epoch
Early stopping!
Start to test process.
done with the edge prediction
done with the node prediction
done with the second node prediction
(E) | label_classification: F1Mi=0.8088+-0.0169, F1Ma=0.7852+-0.0271, acc=0.8088+-0.0169
[['MVGRL', 'heat', 16, 15, 2, 'normalize', 0.1, 0.2, 0.4, 0.001, 0.5, 0.2, 0.5, 0.0001, 512, 512, 0.939630632171034, 0.9347569461331382, 0.9341516370274621, 0.9273677335322734, 0.7142857313156128, 0.6700000166893005, 0.624758243560791, 0.699999988079071, 0.6679999828338623, 0.6223404407501221, 0.6673921492421299, 0.015258514543813065, 0.6060376770644142, 0.038686837835599154, 0.6673921492421299, 0.015258514543813065], ['MVGRL', 'heat', 32, 15, 2, 'normalize', 0.1, 0.2, 0.4, 0.001, 0.5, 0.2, 0.5, 0.0001, 512, 512, 0.9726194490516998, 0.9709029184199509, 0.959276849014687, 0.9530269743515399, 0.7928571701049805, 0.699999988079071, 0.7069632411003113, 0.8642857074737549, 0.6880000233650208, 0.6881044507026672, 0.7590361445783133, 0.010965204803471287, 0.7399817813052127, 0.014723225593923374, 0.7590361445783131, 0.010965204803471318], ['MVGRL', 'heat', 64, 15, 2, 'normalize', 0.1, 0.2, 0.4, 0.001, 0.5, 0.2, 0.5, 0.0001, 512, 512, 0.9696065870644158, 0.9655846614396717, 0.9624814117359008, 0.9531927880948295, 0.8857142925262451, 0.7459999918937683, 0.7533848881721497, 0.8857142925262451, 0.7480000257492065, 0.7548356056213379, 0.7968130586863584, 0.00871272834462622, 0.7769911700326988, 0.009546122188457769, 0.7968130586863584, 0.008712728344626209], ['MVGRL', 'heat', 128, 15, 2, 'normalize', 0.1, 0.2, 0.4, 0.001, 0.5, 0.2, 0.5, 0.0001, 512, 512, 0.9903917874879655, 0.9887358989169169, 0.9731392832581403, 0.9663744407506101, 0.8500000238418579, 0.7459999918937683, 0.7620889544487, 0.8571428656578064, 0.7440000176429749, 0.7582204937934875, 0.7802565099106102, 0.006468915125243134, 0.753483423313738, 0.01012390891572323, 0.7802565099106102, 0.006468915125243134], ['MVGRL', 'heat', 256, 15, 2, 'normalize', 0.1, 0.2, 0.4, 0.001, 0.5, 0.2, 0.5, 0.0001, 512, 512, 0.9332178093851379, 0.9237741967019164, 0.9301171285677764, 0.913633599061831, 0.8857142925262451, 0.7839999794960022, 0.7785300016403198, 0.8428571224212646, 0.7739999890327454, 0.780464231967926, 0.8087835211815001, 0.016937353999178954, 0.7852090750630862, 0.027126161373170643, 0.8087835211815001, 0.016937353999178954]]
Epoch=000, loss=0.6942
Epoch=001, loss=0.7058
Epoch=002, loss=0.7536
Epoch=003, loss=0.6651
Epoch=004, loss=0.6647
Epoch=005, loss=0.6808
Epoch=006, loss=0.6478
Epoch=007, loss=0.6219
Epoch=008, loss=0.6332
Epoch=009, loss=0.6267
Epoch=010, loss=0.5949
Epoch=011, loss=0.5852
Epoch=012, loss=0.5859
Epoch=013, loss=0.5763
Epoch=014, loss=0.5496
Epoch=015, loss=0.5375
Epoch=016, loss=0.5317
Epoch=017, loss=0.5259
Epoch=018, loss=0.4953
Epoch=019, loss=0.4894
Epoch=020, loss=0.4742
Epoch=021, loss=0.4572
Epoch=022, loss=0.4484
Epoch=023, loss=0.4418
Epoch=024, loss=0.4223
Epoch=025, loss=0.4115
Epoch=026, loss=0.4014
Epoch=027, loss=0.3865
Epoch=028, loss=0.3763
Epoch=029, loss=0.3638
Epoch=030, loss=0.3507
Epoch=031, loss=0.3515
Epoch=032, loss=0.3349
Epoch=033, loss=0.3286
Epoch=034, loss=0.3181
Epoch=035, loss=0.3045
Epoch=036, loss=0.3027
Epoch=037, loss=0.2896
Epoch=038, loss=0.2853
Epoch=039, loss=0.2728
Epoch=040, loss=0.2623
Epoch=041, loss=0.2579
Epoch=042, loss=0.2467
Epoch=043, loss=0.2566
Epoch=044, loss=0.2400
Epoch=045, loss=0.2357
Epoch=046, loss=0.2195
Epoch=047, loss=0.2115
Epoch=048, loss=0.2123
Epoch=049, loss=0.2094
Epoch=050, loss=0.2003
Epoch=051, loss=0.1966
Epoch=052, loss=0.1908
Epoch=053, loss=0.1880
Epoch=054, loss=0.1904
Epoch=055, loss=0.1752
Epoch=056, loss=0.1726
Epoch=057, loss=0.1720
Epoch=058, loss=0.1639
Epoch=059, loss=0.1659
Epoch=060, loss=0.1626
Epoch=061, loss=0.1584
Epoch=062, loss=0.1479
Epoch=063, loss=0.1488
Epoch=064, loss=0.1486
Epoch=065, loss=0.1451
Epoch=066, loss=0.1415
Epoch=067, loss=0.1379
Epoch=068, loss=0.1389
Epoch=069, loss=0.1358
Epoch=070, loss=0.1318
Epoch=071, loss=0.1295
Epoch=072, loss=0.1272
Epoch=073, loss=0.1192
Epoch=074, loss=0.1235
Epoch=075, loss=0.1237
Epoch=076, loss=0.1230
Epoch=077, loss=0.1131
Epoch=078, loss=0.1191
Epoch=079, loss=0.1120
Epoch=080, loss=0.1167
Epoch=081, loss=0.1119
Epoch=082, loss=0.1083
Epoch=083, loss=0.1151
Epoch=084, loss=0.1001
Epoch=085, loss=0.1058
Epoch=086, loss=0.1019
Epoch=087, loss=0.1056
Epoch=088, loss=0.1026
Epoch=089, loss=0.1038
Epoch=090, loss=0.0948
Epoch=091, loss=0.0978
Epoch=092, loss=0.0962
Epoch=093, loss=0.0983
Epoch=094, loss=0.0932
Epoch=095, loss=0.0903
Epoch=096, loss=0.0907
Epoch=097, loss=0.0919
Epoch=098, loss=0.0891
Epoch=099, loss=0.0918
Epoch=100, loss=0.0917
Epoch=101, loss=0.0914
Epoch=102, loss=0.0828
Epoch=103, loss=0.0872
Epoch=104, loss=0.0871
Epoch=105, loss=0.0870
Epoch=106, loss=0.0867
Epoch=107, loss=0.0786
Epoch=108, loss=0.0825
Epoch=109, loss=0.0832
Epoch=110, loss=0.0775
Epoch=111, loss=0.0760
Epoch=112, loss=0.0827
Epoch=113, loss=0.0770
Epoch=114, loss=0.0753
Epoch=115, loss=0.0761
Epoch=116, loss=0.0789
Epoch=117, loss=0.0751
Epoch=118, loss=0.0741
Epoch=119, loss=0.0777
Epoch=120, loss=0.0738
Epoch=121, loss=0.0746
Epoch=122, loss=0.0748
Epoch=123, loss=0.0703
Epoch=124, loss=0.0730
Epoch=125, loss=0.0720
Epoch=126, loss=0.0736
Epoch=127, loss=0.0681
Epoch=128, loss=0.0729
Epoch=129, loss=0.0694
Epoch=130, loss=0.0691
Epoch=131, loss=0.0683
Epoch=132, loss=0.0730
Epoch=133, loss=0.0710
Epoch=134, loss=0.0691
Epoch=135, loss=0.0616
Epoch=136, loss=0.0635
Epoch=137, loss=0.0675
Epoch=138, loss=0.0692
Epoch=139, loss=0.0664
Epoch=140, loss=0.0645
Epoch=141, loss=0.0665
Epoch=142, loss=0.0665
Epoch=143, loss=0.0664
Epoch=144, loss=0.0620
Epoch=145, loss=0.0605
Epoch=146, loss=0.0664
Epoch=147, loss=0.0679
Epoch=148, loss=0.0595
Epoch=149, loss=0.0607
Epoch=150, loss=0.0631
Epoch=151, loss=0.0662
Epoch=152, loss=0.0603
Epoch=153, loss=0.0592
Epoch=154, loss=0.0630
Epoch=155, loss=0.0570
Epoch=156, loss=0.0596
Epoch=157, loss=0.0563
Epoch=158, loss=0.0607
Epoch=159, loss=0.0610
Epoch=160, loss=0.0619
Epoch=161, loss=0.0612
Epoch=162, loss=0.0564
Epoch=163, loss=0.0567
Epoch=164, loss=0.0591
Epoch=165, loss=0.0534
Epoch=166, loss=0.0544
Epoch=167, loss=0.0559
Epoch=168, loss=0.0586
Epoch=169, loss=0.0548
Epoch=170, loss=0.0516
Epoch=171, loss=0.0581
Epoch=172, loss=0.0583
Epoch=173, loss=0.0558
Epoch=174, loss=0.0589
Epoch=175, loss=0.0542
Epoch=176, loss=0.0573
Epoch=177, loss=0.0500
Epoch=178, loss=0.0611
Epoch=179, loss=0.0519
Epoch=180, loss=0.0525
Epoch=181, loss=0.0540
Epoch=182, loss=0.0554
Epoch=183, loss=0.0491
Epoch=184, loss=0.0507
Epoch=185, loss=0.0491
Epoch=186, loss=0.0473
Epoch=187, loss=0.0510
Epoch=188, loss=0.0452
Epoch=189, loss=0.0449
Epoch=190, loss=0.0489
Epoch=191, loss=0.0447
Epoch=192, loss=0.0516
Epoch=193, loss=0.0477
Epoch=194, loss=0.0461
Epoch=195, loss=0.0442
Epoch=196, loss=0.0487
Epoch=197, loss=0.0507
Epoch=198, loss=0.0532
Epoch=199, loss=0.0511
Epoch=200, loss=0.0491
Epoch=201, loss=0.0480
Epoch=202, loss=0.0483
Epoch=203, loss=0.0429
Epoch=204, loss=0.0495
Epoch=205, loss=0.0451
Epoch=206, loss=0.0439
Epoch=207, loss=0.0454
Epoch=208, loss=0.0410
Epoch=209, loss=0.0464
Epoch=210, loss=0.0437
Epoch=211, loss=0.0463
Epoch=212, loss=0.0447
Epoch=213, loss=0.0443
Epoch=214, loss=0.0464
Epoch=215, loss=0.0422
Epoch=216, loss=0.0420
Epoch=217, loss=0.0503
Epoch=218, loss=0.0450
Epoch=219, loss=0.0433
Epoch=220, loss=0.0392
Epoch=221, loss=0.0433
Epoch=222, loss=0.0432
Epoch=223, loss=0.0415
Epoch=224, loss=0.0437
Epoch=225, loss=0.0429
Epoch=226, loss=0.0416
Epoch=227, loss=0.0433
Epoch=228, loss=0.0398
Epoch=229, loss=0.0418
Epoch=230, loss=0.0433
Epoch=231, loss=0.0397
Epoch=232, loss=0.0414
Epoch=233, loss=0.0401
Epoch=234, loss=0.0393
Epoch=235, loss=0.0386
Epoch=236, loss=0.0369
Epoch=237, loss=0.0349
Epoch=238, loss=0.0420
Epoch=239, loss=0.0386
Epoch=240, loss=0.0403
Epoch=241, loss=0.0358
Epoch=242, loss=0.0400
Epoch=243, loss=0.0385
Epoch=244, loss=0.0372
Epoch=245, loss=0.0422
Epoch=246, loss=0.0368
Epoch=247, loss=0.0403
Epoch=248, loss=0.0358
Epoch=249, loss=0.0394
Epoch=250, loss=0.0414
Epoch=251, loss=0.0395
Epoch=252, loss=0.0372
Epoch=253, loss=0.0337
Epoch=254, loss=0.0359
Epoch=255, loss=0.0361
Epoch=256, loss=0.0373
Epoch=257, loss=0.0384
Epoch=258, loss=0.0328
Epoch=259, loss=0.0376
Epoch=260, loss=0.0356
Epoch=261, loss=0.0345
Epoch=262, loss=0.0344
Epoch=263, loss=0.0379
Epoch=264, loss=0.0330
Epoch=265, loss=0.0386
Epoch=266, loss=0.0364
Epoch=267, loss=0.0326
Epoch=268, loss=0.0339
Epoch=269, loss=0.0404
Epoch=270, loss=0.0344
Epoch=271, loss=0.0352
Epoch=272, loss=0.0341
Epoch=273, loss=0.0336
Epoch=274, loss=0.0300
Epoch=275, loss=0.0404
Epoch=276, loss=0.0405
Epoch=277, loss=0.0347
Epoch=278, loss=0.0356
Epoch=279, loss=0.0291
Epoch=280, loss=0.0353
Epoch=281, loss=0.0356
Epoch=282, loss=0.0353
Epoch=283, loss=0.0354
Epoch=284, loss=0.0349
Epoch=285, loss=0.0335
Epoch=286, loss=0.0309
Epoch=287, loss=0.0378
Epoch=288, loss=0.0295
Epoch=289, loss=0.0342
Epoch=290, loss=0.0334
Epoch=291, loss=0.0304
Epoch=292, loss=0.0316
Epoch=293, loss=0.0356
Epoch=294, loss=0.0336
Epoch=295, loss=0.0345
Epoch=296, loss=0.0326
Epoch=297, loss=0.0316
Epoch=298, loss=0.0385
Epoch=299, loss=0.0315
Early stopping!
Loading 279th epoch
Early stopping!
Start to test process.
done with the edge prediction
done with the node prediction
done with the second node prediction
(E) | label_classification: F1Mi=0.8040+-0.0092, F1Ma=0.7770+-0.0136, acc=0.8040+-0.0092
[['MVGRL', 'heat', 16, 15, 2, 'normalize', 0.1, 0.2, 0.4, 0.001, 0.5, 0.2, 0.5, 0.0001, 512, 512, 0.939630632171034, 0.9347569461331382, 0.9341516370274621, 0.9273677335322734, 0.7142857313156128, 0.6700000166893005, 0.624758243560791, 0.699999988079071, 0.6679999828338623, 0.6223404407501221, 0.6673921492421299, 0.015258514543813065, 0.6060376770644142, 0.038686837835599154, 0.6673921492421299, 0.015258514543813065], ['MVGRL', 'heat', 32, 15, 2, 'normalize', 0.1, 0.2, 0.4, 0.001, 0.5, 0.2, 0.5, 0.0001, 512, 512, 0.9726194490516998, 0.9709029184199509, 0.959276849014687, 0.9530269743515399, 0.7928571701049805, 0.699999988079071, 0.7069632411003113, 0.8642857074737549, 0.6880000233650208, 0.6881044507026672, 0.7590361445783133, 0.010965204803471287, 0.7399817813052127, 0.014723225593923374, 0.7590361445783131, 0.010965204803471318], ['MVGRL', 'heat', 64, 15, 2, 'normalize', 0.1, 0.2, 0.4, 0.001, 0.5, 0.2, 0.5, 0.0001, 512, 512, 0.9696065870644158, 0.9655846614396717, 0.9624814117359008, 0.9531927880948295, 0.8857142925262451, 0.7459999918937683, 0.7533848881721497, 0.8857142925262451, 0.7480000257492065, 0.7548356056213379, 0.7968130586863584, 0.00871272834462622, 0.7769911700326988, 0.009546122188457769, 0.7968130586863584, 0.008712728344626209], ['MVGRL', 'heat', 128, 15, 2, 'normalize', 0.1, 0.2, 0.4, 0.001, 0.5, 0.2, 0.5, 0.0001, 512, 512, 0.9903917874879655, 0.9887358989169169, 0.9731392832581403, 0.9663744407506101, 0.8500000238418579, 0.7459999918937683, 0.7620889544487, 0.8571428656578064, 0.7440000176429749, 0.7582204937934875, 0.7802565099106102, 0.006468915125243134, 0.753483423313738, 0.01012390891572323, 0.7802565099106102, 0.006468915125243134], ['MVGRL', 'heat', 256, 15, 2, 'normalize', 0.1, 0.2, 0.4, 0.001, 0.5, 0.2, 0.5, 0.0001, 512, 512, 0.9332178093851379, 0.9237741967019164, 0.9301171285677764, 0.913633599061831, 0.8857142925262451, 0.7839999794960022, 0.7785300016403198, 0.8428571224212646, 0.7739999890327454, 0.780464231967926, 0.8087835211815001, 0.016937353999178954, 0.7852090750630862, 0.027126161373170643, 0.8087835211815001, 0.016937353999178954], ['MVGRL', 'heat', 512, 15, 2, 'normalize', 0.1, 0.2, 0.4, 0.001, 0.5, 0.2, 0.5, 0.0001, 512, 512, 0.9982402071993924, 0.9975863327578022, 0.978507825974241, 0.9696758412903786, 1.0, 0.7979999780654907, 0.771276593208313, 1.0, 0.7979999780654907, 0.7698259353637695, 0.8039642440730665, 0.009225375483521108, 0.776959961503558, 0.013633605030754933, 0.8039642440730665, 0.009225375483521108]]
