My SLURM_ARRAY_TASK_ID:  4
My SLURM_ARRAY_JOB_ID:  4522329
MVGRL
Cora
result file is 4522329_4
Dataset: Cora():
======================
Number of graphs: 1
Number of features: 1433
Number of classes: 7
Data(x=[2708, 1433], edge_index=[2, 10556], y=[2708], train_mask=[2708], val_mask=[2708], test_mask=[2708])
==============================================================
Number of nodes: 2708
Number of edges: 10556
Average node degree: 3.90
Number of training nodes: 140
Training node label rate: 0.05
Contains isolated nodes: False
Contains self-loops: False
Is undirected: True
Epoch=000, loss=0.6955
Epoch=001, loss=0.6945
Epoch=002, loss=0.6942
Epoch=003, loss=0.6936
Epoch=004, loss=0.6934
Epoch=005, loss=0.6929
Epoch=006, loss=0.6922
Epoch=007, loss=0.6917
Epoch=008, loss=0.6917
Epoch=009, loss=0.6908
Epoch=010, loss=0.6905
Epoch=011, loss=0.6903
Epoch=012, loss=0.6896
Epoch=013, loss=0.6892
Epoch=014, loss=0.6885
Epoch=015, loss=0.6882
Epoch=016, loss=0.6875
Epoch=017, loss=0.6869
Epoch=018, loss=0.6865
Epoch=019, loss=0.6857
Epoch=020, loss=0.6850
Epoch=021, loss=0.6847
Epoch=022, loss=0.6839
Epoch=023, loss=0.6830
Epoch=024, loss=0.6828
Epoch=025, loss=0.6824
Epoch=026, loss=0.6807
Epoch=027, loss=0.6807
Epoch=028, loss=0.6800
Epoch=029, loss=0.6794
Epoch=030, loss=0.6785
Epoch=031, loss=0.6778
Epoch=032, loss=0.6762
Epoch=033, loss=0.6751
Epoch=034, loss=0.6747
Epoch=035, loss=0.6742
Epoch=036, loss=0.6736
Epoch=037, loss=0.6720
Epoch=038, loss=0.6706
Epoch=039, loss=0.6709
Epoch=040, loss=0.6690
Epoch=041, loss=0.6682
Epoch=042, loss=0.6670
Epoch=043, loss=0.6656
Epoch=044, loss=0.6647
Epoch=045, loss=0.6631
Epoch=046, loss=0.6623
Epoch=047, loss=0.6612
Epoch=048, loss=0.6604
Epoch=049, loss=0.6580
Epoch=050, loss=0.6575
Epoch=051, loss=0.6554
Epoch=052, loss=0.6549
Epoch=053, loss=0.6533
Epoch=054, loss=0.6515
Epoch=055, loss=0.6515
Epoch=056, loss=0.6487
Epoch=057, loss=0.6462
Epoch=058, loss=0.6472
Epoch=059, loss=0.6468
Epoch=060, loss=0.6425
Epoch=061, loss=0.6432
Epoch=062, loss=0.6387
Epoch=063, loss=0.6375
Epoch=064, loss=0.6372
Epoch=065, loss=0.6348
Epoch=066, loss=0.6326
Epoch=067, loss=0.6326
Epoch=068, loss=0.6290
Epoch=069, loss=0.6268
Epoch=070, loss=0.6249
Epoch=071, loss=0.6252
Epoch=072, loss=0.6219
Epoch=073, loss=0.6214
Epoch=074, loss=0.6191
Epoch=075, loss=0.6188
Epoch=076, loss=0.6182
Epoch=077, loss=0.6119
Epoch=078, loss=0.6106
Epoch=079, loss=0.6108
Epoch=080, loss=0.6082
Epoch=081, loss=0.6086
Epoch=082, loss=0.5999
Epoch=083, loss=0.6035
Epoch=084, loss=0.6029
Epoch=085, loss=0.5989
Epoch=086, loss=0.5965
Epoch=087, loss=0.5942
Epoch=088, loss=0.5947
Epoch=089, loss=0.5888
Epoch=090, loss=0.5917
Epoch=091, loss=0.5898
Epoch=092, loss=0.5826
Epoch=093, loss=0.5806
Epoch=094, loss=0.5833
Epoch=095, loss=0.5824
Epoch=096, loss=0.5781
Epoch=097, loss=0.5725
Epoch=098, loss=0.5747
Epoch=099, loss=0.5741
Epoch=100, loss=0.5704
Epoch=101, loss=0.5706
Epoch=102, loss=0.5673
Epoch=103, loss=0.5655
Epoch=104, loss=0.5629
Epoch=105, loss=0.5667
Epoch=106, loss=0.5624
Epoch=107, loss=0.5601
Epoch=108, loss=0.5588
Epoch=109, loss=0.5534
Epoch=110, loss=0.5577
Epoch=111, loss=0.5532
Epoch=112, loss=0.5525
Epoch=113, loss=0.5474
Epoch=114, loss=0.5444
Epoch=115, loss=0.5517
Epoch=116, loss=0.5466
Epoch=117, loss=0.5426
Epoch=118, loss=0.5412
Epoch=119, loss=0.5393
Epoch=120, loss=0.5387
Epoch=121, loss=0.5366
Epoch=122, loss=0.5332
Epoch=123, loss=0.5336
Epoch=124, loss=0.5265
Epoch=125, loss=0.5328
Epoch=126, loss=0.5280
Epoch=127, loss=0.5292
Epoch=128, loss=0.5312
Epoch=129, loss=0.5205
Epoch=130, loss=0.5223
Epoch=131, loss=0.5150
Epoch=132, loss=0.5193
Epoch=133, loss=0.5225
Epoch=134, loss=0.5136
Epoch=135, loss=0.5127
Epoch=136, loss=0.5135
Epoch=137, loss=0.5131
Epoch=138, loss=0.5077
Epoch=139, loss=0.5078
Epoch=140, loss=0.5119
Epoch=141, loss=0.5082
Epoch=142, loss=0.5022
Epoch=143, loss=0.5005
Epoch=144, loss=0.5033
Epoch=145, loss=0.5026
Epoch=146, loss=0.5017
Epoch=147, loss=0.4989
Epoch=148, loss=0.4983
Epoch=149, loss=0.5005
Epoch=150, loss=0.4927
Epoch=151, loss=0.4934
Epoch=152, loss=0.4921
Epoch=153, loss=0.4906
Epoch=154, loss=0.4877
Epoch=155, loss=0.4877
Epoch=156, loss=0.4880
Epoch=157, loss=0.4866
Epoch=158, loss=0.4857
Epoch=159, loss=0.4847
Epoch=160, loss=0.4819
Epoch=161, loss=0.4789
Epoch=162, loss=0.4798
Epoch=163, loss=0.4757
Epoch=164, loss=0.4780
Epoch=165, loss=0.4745
Epoch=166, loss=0.4757
Epoch=167, loss=0.4730
Epoch=168, loss=0.4741
Epoch=169, loss=0.4725
Epoch=170, loss=0.4719
Epoch=171, loss=0.4636
Epoch=172, loss=0.4646
Epoch=173, loss=0.4696
Epoch=174, loss=0.4644
Epoch=175, loss=0.4622
Epoch=176, loss=0.4668
Epoch=177, loss=0.4648
Epoch=178, loss=0.4634
Epoch=179, loss=0.4617
Epoch=180, loss=0.4545
Epoch=181, loss=0.4583
Epoch=182, loss=0.4588
Epoch=183, loss=0.4557
Epoch=184, loss=0.4586
Epoch=185, loss=0.4591
Epoch=186, loss=0.4529
Epoch=187, loss=0.4546
Epoch=188, loss=0.4529
Epoch=189, loss=0.4565
Epoch=190, loss=0.4487
Epoch=191, loss=0.4447
Epoch=192, loss=0.4481
Epoch=193, loss=0.4501
Epoch=194, loss=0.4474
Epoch=195, loss=0.4449
Epoch=196, loss=0.4493
Epoch=197, loss=0.4452
Epoch=198, loss=0.4435
Epoch=199, loss=0.4396
Epoch=200, loss=0.4401
Epoch=201, loss=0.4391
Epoch=202, loss=0.4391
Epoch=203, loss=0.4379
Epoch=204, loss=0.4361
Epoch=205, loss=0.4338
Epoch=206, loss=0.4350
Epoch=207, loss=0.4391
Epoch=208, loss=0.4339
Epoch=209, loss=0.4341
Epoch=210, loss=0.4328
Epoch=211, loss=0.4329
Epoch=212, loss=0.4356
Epoch=213, loss=0.4272
Epoch=214, loss=0.4285
Epoch=215, loss=0.4290
Epoch=216, loss=0.4301
Epoch=217, loss=0.4307
Epoch=218, loss=0.4210
Epoch=219, loss=0.4225
Epoch=220, loss=0.4278
Epoch=221, loss=0.4284
Epoch=222, loss=0.4256
Epoch=223, loss=0.4239
Epoch=224, loss=0.4188
Epoch=225, loss=0.4189
Epoch=226, loss=0.4165
Epoch=227, loss=0.4161
Epoch=228, loss=0.4160
Epoch=229, loss=0.4108
Epoch=230, loss=0.4172
Epoch=231, loss=0.4164
Epoch=232, loss=0.4177
Epoch=233, loss=0.4143
Epoch=234, loss=0.4096
Epoch=235, loss=0.4122
Epoch=236, loss=0.4123
Epoch=237, loss=0.4100
Epoch=238, loss=0.4062
Epoch=239, loss=0.4078
Epoch=240, loss=0.4045
Epoch=241, loss=0.4093
Epoch=242, loss=0.4071
Epoch=243, loss=0.4072
Epoch=244, loss=0.4057
Epoch=245, loss=0.4021
Epoch=246, loss=0.4021
Epoch=247, loss=0.4055
Epoch=248, loss=0.4039
Epoch=249, loss=0.4041
Epoch=250, loss=0.4007
Epoch=251, loss=0.4028
Epoch=252, loss=0.3995
Epoch=253, loss=0.3983
Epoch=254, loss=0.3992
Epoch=255, loss=0.3996
Epoch=256, loss=0.3969
Epoch=257, loss=0.3985
Epoch=258, loss=0.3953
Epoch=259, loss=0.4018
Epoch=260, loss=0.3961
Epoch=261, loss=0.3944
Epoch=262, loss=0.3996
Epoch=263, loss=0.3918
Epoch=264, loss=0.3950
Epoch=265, loss=0.3938
Epoch=266, loss=0.3929
Epoch=267, loss=0.3887
Epoch=268, loss=0.3888
Epoch=269, loss=0.3926
Epoch=270, loss=0.3895
Epoch=271, loss=0.3850
Epoch=272, loss=0.3894
Epoch=273, loss=0.3856
Epoch=274, loss=0.3893
Epoch=275, loss=0.3861
Epoch=276, loss=0.3832
Epoch=277, loss=0.3853
Epoch=278, loss=0.3834
Epoch=279, loss=0.3838
Epoch=280, loss=0.3814
Epoch=281, loss=0.3793
Epoch=282, loss=0.3855
Epoch=283, loss=0.3807
Epoch=284, loss=0.3804
Epoch=285, loss=0.3783
Epoch=286, loss=0.3805
Epoch=287, loss=0.3793
Epoch=288, loss=0.3786
Epoch=289, loss=0.3805
Epoch=290, loss=0.3754
Epoch=291, loss=0.3760
Epoch=292, loss=0.3770
Epoch=293, loss=0.3735
Epoch=294, loss=0.3751
Epoch=295, loss=0.3736
Epoch=296, loss=0.3717
Epoch=297, loss=0.3756
Epoch=298, loss=0.3720
Epoch=299, loss=0.3730
Epoch=300, loss=0.3686
Epoch=301, loss=0.3684
Epoch=302, loss=0.3739
Epoch=303, loss=0.3660
Epoch=304, loss=0.3696
Epoch=305, loss=0.3696
Epoch=306, loss=0.3689
Epoch=307, loss=0.3678
Epoch=308, loss=0.3647
Epoch=309, loss=0.3661
Epoch=310, loss=0.3671
Epoch=311, loss=0.3625
Epoch=312, loss=0.3645
Epoch=313, loss=0.3622
Epoch=314, loss=0.3639
Epoch=315, loss=0.3616
Epoch=316, loss=0.3630
Epoch=317, loss=0.3657
Epoch=318, loss=0.3665
Epoch=319, loss=0.3647
Epoch=320, loss=0.3618
Epoch=321, loss=0.3586
Epoch=322, loss=0.3612
Epoch=323, loss=0.3626
Epoch=324, loss=0.3559
Epoch=325, loss=0.3551
Epoch=326, loss=0.3542
Epoch=327, loss=0.3534
Epoch=328, loss=0.3539
Epoch=329, loss=0.3549
Epoch=330, loss=0.3552
Epoch=331, loss=0.3510
Epoch=332, loss=0.3541
Epoch=333, loss=0.3508
Epoch=334, loss=0.3536
Epoch=335, loss=0.3519
Epoch=336, loss=0.3501
Epoch=337, loss=0.3538
Epoch=338, loss=0.3485
Epoch=339, loss=0.3509
Epoch=340, loss=0.3516
Epoch=341, loss=0.3477
Epoch=342, loss=0.3471
Epoch=343, loss=0.3441
Epoch=344, loss=0.3435
Epoch=345, loss=0.3452
Epoch=346, loss=0.3421
Epoch=347, loss=0.3460
Epoch=348, loss=0.3459
Epoch=349, loss=0.3488
Epoch=350, loss=0.3449
Epoch=351, loss=0.3447
Epoch=352, loss=0.3421
Epoch=353, loss=0.3412
Epoch=354, loss=0.3414
Epoch=355, loss=0.3388
Epoch=356, loss=0.3375
Epoch=357, loss=0.3481
Epoch=358, loss=0.3382
Epoch=359, loss=0.3342
Epoch=360, loss=0.3406
Epoch=361, loss=0.3366
Epoch=362, loss=0.3343
Epoch=363, loss=0.3363
Epoch=364, loss=0.3366
Epoch=365, loss=0.3333
Epoch=366, loss=0.3379
Epoch=367, loss=0.3355
Epoch=368, loss=0.3304
Epoch=369, loss=0.3354
Epoch=370, loss=0.3341
Epoch=371, loss=0.3312
Epoch=372, loss=0.3324
Epoch=373, loss=0.3330
Epoch=374, loss=0.3308
Epoch=375, loss=0.3266
Epoch=376, loss=0.3335
Epoch=377, loss=0.3299
Epoch=378, loss=0.3275
Epoch=379, loss=0.3273
Epoch=380, loss=0.3249
Epoch=381, loss=0.3262
Epoch=382, loss=0.3254
Epoch=383, loss=0.3272
Epoch=384, loss=0.3231
Epoch=385, loss=0.3264
Epoch=386, loss=0.3272
Epoch=387, loss=0.3254
Epoch=388, loss=0.3199
Epoch=389, loss=0.3201
Epoch=390, loss=0.3224
Epoch=391, loss=0.3243
Epoch=392, loss=0.3220
Epoch=393, loss=0.3208
Epoch=394, loss=0.3227
Epoch=395, loss=0.3184
Epoch=396, loss=0.3219
Epoch=397, loss=0.3194
Epoch=398, loss=0.3167
Epoch=399, loss=0.3174
Epoch=400, loss=0.3204
Epoch=401, loss=0.3178
Epoch=402, loss=0.3159
Epoch=403, loss=0.3169
Epoch=404, loss=0.3178
Epoch=405, loss=0.3152
Epoch=406, loss=0.3155
Epoch=407, loss=0.3128
Epoch=408, loss=0.3140
Epoch=409, loss=0.3134
Epoch=410, loss=0.3113
Epoch=411, loss=0.3095
Epoch=412, loss=0.3106
Epoch=413, loss=0.3106
Epoch=414, loss=0.3102
Epoch=415, loss=0.3114
Epoch=416, loss=0.3117
Epoch=417, loss=0.3144
Epoch=418, loss=0.3077
Epoch=419, loss=0.3079
Epoch=420, loss=0.3078
Epoch=421, loss=0.3056
Epoch=422, loss=0.3079
Epoch=423, loss=0.3103
Epoch=424, loss=0.3055
Epoch=425, loss=0.3075
Epoch=426, loss=0.3043
Epoch=427, loss=0.3021
Epoch=428, loss=0.3036
Epoch=429, loss=0.3024
Epoch=430, loss=0.3006
Epoch=431, loss=0.3045
Epoch=432, loss=0.3038
Epoch=433, loss=0.3039
Epoch=434, loss=0.2977
Epoch=435, loss=0.3034
Epoch=436, loss=0.2960
Epoch=437, loss=0.2998
Epoch=438, loss=0.3013
Epoch=439, loss=0.3005
Epoch=440, loss=0.3060
Epoch=441, loss=0.2964
Epoch=442, loss=0.3023
Epoch=443, loss=0.2970
Epoch=444, loss=0.2959
Epoch=445, loss=0.2957
Epoch=446, loss=0.2985
Epoch=447, loss=0.2938
Epoch=448, loss=0.2959
Epoch=449, loss=0.2969
Epoch=450, loss=0.2917
Epoch=451, loss=0.2935
Epoch=452, loss=0.2880
Epoch=453, loss=0.2932
Epoch=454, loss=0.2920
Epoch=455, loss=0.2913
Epoch=456, loss=0.2933
Epoch=457, loss=0.2924
Epoch=458, loss=0.2877
Epoch=459, loss=0.2899
Epoch=460, loss=0.2877
Epoch=461, loss=0.2894
Epoch=462, loss=0.2888
Epoch=463, loss=0.2882
Epoch=464, loss=0.2817
Epoch=465, loss=0.2904
Epoch=466, loss=0.2884
Epoch=467, loss=0.2873
Epoch=468, loss=0.2867
Epoch=469, loss=0.2848
Epoch=470, loss=0.2833
Epoch=471, loss=0.2826
Epoch=472, loss=0.2825
Epoch=473, loss=0.2847
Epoch=474, loss=0.2833
Epoch=475, loss=0.2809
Epoch=476, loss=0.2856
Epoch=477, loss=0.2826
Epoch=478, loss=0.2805
Epoch=479, loss=0.2819
Epoch=480, loss=0.2771
Epoch=481, loss=0.2853
Epoch=482, loss=0.2750
Epoch=483, loss=0.2768
Epoch=484, loss=0.2754
Epoch=485, loss=0.2770
Epoch=486, loss=0.2817
Epoch=487, loss=0.2755
Epoch=488, loss=0.2789
Epoch=489, loss=0.2779
Epoch=490, loss=0.2762
Epoch=491, loss=0.2762
Epoch=492, loss=0.2708
Epoch=493, loss=0.2715
Epoch=494, loss=0.2768
Epoch=495, loss=0.2706
Epoch=496, loss=0.2742
Epoch=497, loss=0.2740
Epoch=498, loss=0.2738
Epoch=499, loss=0.2719
Loading 495th epoch
Early stopping!
Start to test process.
done with the edge prediction
done with the node prediction
done with the second node prediction
(E) | label_classification: F1Mi=0.6595+-0.0079, F1Ma=0.6157+-0.0067, acc=0.6595+-0.0079
[['MVGRL', 'heat', 16, 15, 2, 'normalize', 0.1, 0.2, 0.4, 0.001, 0.5, 0.2, 0.5, 0.0001, 512, 512, 0.9464667217154241, 0.9442916753998611, 0.946915878428252, 0.946366824674399, 0.75, 0.6000000238418579, 0.6165376901626587, 0.7428571581840515, 0.6060000061988831, 0.6276595592498779, 0.6595413913719393, 0.007881098705409444, 0.6156854537069868, 0.006742258859922978, 0.6595413913719393, 0.007881098705409444]]
Epoch=000, loss=0.6935
Epoch=001, loss=0.6927
Epoch=002, loss=0.6917
Epoch=003, loss=0.6907
Epoch=004, loss=0.6897
Epoch=005, loss=0.6890
Epoch=006, loss=0.6877
Epoch=007, loss=0.6869
Epoch=008, loss=0.6854
Epoch=009, loss=0.6851
Epoch=010, loss=0.6831
Epoch=011, loss=0.6823
Epoch=012, loss=0.6808
Epoch=013, loss=0.6792
Epoch=014, loss=0.6786
Epoch=015, loss=0.6763
Epoch=016, loss=0.6752
Epoch=017, loss=0.6725
Epoch=018, loss=0.6723
Epoch=019, loss=0.6702
Epoch=020, loss=0.6676
Epoch=021, loss=0.6652
Epoch=022, loss=0.6632
Epoch=023, loss=0.6623
Epoch=024, loss=0.6618
Epoch=025, loss=0.6575
Epoch=026, loss=0.6558
Epoch=027, loss=0.6528
Epoch=028, loss=0.6498
Epoch=029, loss=0.6497
Epoch=030, loss=0.6456
Epoch=031, loss=0.6434
Epoch=032, loss=0.6396
Epoch=033, loss=0.6379
Epoch=034, loss=0.6351
Epoch=035, loss=0.6350
Epoch=036, loss=0.6311
Epoch=037, loss=0.6285
Epoch=038, loss=0.6241
Epoch=039, loss=0.6230
Epoch=040, loss=0.6197
Epoch=041, loss=0.6168
Epoch=042, loss=0.6138
Epoch=043, loss=0.6071
Epoch=044, loss=0.6074
Epoch=045, loss=0.6049
Epoch=046, loss=0.6008
Epoch=047, loss=0.5988
Epoch=048, loss=0.6025
Epoch=049, loss=0.5937
Epoch=050, loss=0.5919
Epoch=051, loss=0.5866
Epoch=052, loss=0.5818
Epoch=053, loss=0.5778
Epoch=054, loss=0.5778
Epoch=055, loss=0.5723
Epoch=056, loss=0.5676
Epoch=057, loss=0.5670
Epoch=058, loss=0.5684
Epoch=059, loss=0.5645
Epoch=060, loss=0.5638
Epoch=061, loss=0.5565
Epoch=062, loss=0.5550
Epoch=063, loss=0.5506
Epoch=064, loss=0.5549
Epoch=065, loss=0.5503
Epoch=066, loss=0.5417
Epoch=067, loss=0.5455
Epoch=068, loss=0.5398
Epoch=069, loss=0.5352
Epoch=070, loss=0.5329
Epoch=071, loss=0.5337
Epoch=072, loss=0.5295
Epoch=073, loss=0.5239
Epoch=074, loss=0.5215
Epoch=075, loss=0.5222
Epoch=076, loss=0.5204
Epoch=077, loss=0.5164
Epoch=078, loss=0.5072
Epoch=079, loss=0.5124
Epoch=080, loss=0.5138
Epoch=081, loss=0.5045
Epoch=082, loss=0.5011
Epoch=083, loss=0.4941
Epoch=084, loss=0.4972
Epoch=085, loss=0.4988
Epoch=086, loss=0.4933
Epoch=087, loss=0.4888
Epoch=088, loss=0.4875
Epoch=089, loss=0.4866
Epoch=090, loss=0.4781
Epoch=091, loss=0.4789
Epoch=092, loss=0.4802
Epoch=093, loss=0.4783
Epoch=094, loss=0.4666
Epoch=095, loss=0.4709
Epoch=096, loss=0.4655
Epoch=097, loss=0.4654
Epoch=098, loss=0.4639
Epoch=099, loss=0.4621
Epoch=100, loss=0.4608
Epoch=101, loss=0.4560
Epoch=102, loss=0.4579
Epoch=103, loss=0.4546
Epoch=104, loss=0.4515
Epoch=105, loss=0.4484
Epoch=106, loss=0.4432
Epoch=107, loss=0.4420
Epoch=108, loss=0.4464
Epoch=109, loss=0.4377
Epoch=110, loss=0.4406
Epoch=111, loss=0.4401
Epoch=112, loss=0.4344
Epoch=113, loss=0.4305
Epoch=114, loss=0.4271
Epoch=115, loss=0.4247
Epoch=116, loss=0.4290
Epoch=117, loss=0.4257
Epoch=118, loss=0.4200
Epoch=119, loss=0.4223
Epoch=120, loss=0.4164
Epoch=121, loss=0.4165
Epoch=122, loss=0.4131
Epoch=123, loss=0.4120
Epoch=124, loss=0.4098
Epoch=125, loss=0.4070
Epoch=126, loss=0.4068
Epoch=127, loss=0.4045
Epoch=128, loss=0.4032
Epoch=129, loss=0.3978
Epoch=130, loss=0.4022
Epoch=131, loss=0.3988
Epoch=132, loss=0.3966
Epoch=133, loss=0.3989
Epoch=134, loss=0.3966
Epoch=135, loss=0.3918
Epoch=136, loss=0.3910
Epoch=137, loss=0.3940
Epoch=138, loss=0.3913
Epoch=139, loss=0.3836
Epoch=140, loss=0.3841
Epoch=141, loss=0.3843
Epoch=142, loss=0.3763
Epoch=143, loss=0.3787
Epoch=144, loss=0.3736
Epoch=145, loss=0.3712
Epoch=146, loss=0.3742
Epoch=147, loss=0.3740
Epoch=148, loss=0.3702
Epoch=149, loss=0.3683
Epoch=150, loss=0.3690
Epoch=151, loss=0.3667
Epoch=152, loss=0.3627
Epoch=153, loss=0.3627
Epoch=154, loss=0.3613
Epoch=155, loss=0.3573
Epoch=156, loss=0.3638
Epoch=157, loss=0.3594
Epoch=158, loss=0.3578
Epoch=159, loss=0.3540
Epoch=160, loss=0.3529
Epoch=161, loss=0.3518
Epoch=162, loss=0.3474
Epoch=163, loss=0.3504
Epoch=164, loss=0.3442
Epoch=165, loss=0.3469
Epoch=166, loss=0.3472
Epoch=167, loss=0.3433
Epoch=168, loss=0.3418
Epoch=169, loss=0.3449
Epoch=170, loss=0.3391
Epoch=171, loss=0.3371
Epoch=172, loss=0.3384
Epoch=173, loss=0.3380
Epoch=174, loss=0.3328
Epoch=175, loss=0.3340
Epoch=176, loss=0.3282
Epoch=177, loss=0.3305
Epoch=178, loss=0.3284
Epoch=179, loss=0.3273
Epoch=180, loss=0.3267
Epoch=181, loss=0.3220
Epoch=182, loss=0.3274
Epoch=183, loss=0.3225
Epoch=184, loss=0.3248
Epoch=185, loss=0.3170
Epoch=186, loss=0.3175
Epoch=187, loss=0.3208
Epoch=188, loss=0.3136
Epoch=189, loss=0.3138
Epoch=190, loss=0.3155
Epoch=191, loss=0.3128
Epoch=192, loss=0.3065
Epoch=193, loss=0.3107
Epoch=194, loss=0.3169
Epoch=195, loss=0.3058
Epoch=196, loss=0.3040
Epoch=197, loss=0.2992
Epoch=198, loss=0.3038
Epoch=199, loss=0.3030
Epoch=200, loss=0.2975
Epoch=201, loss=0.2968
Epoch=202, loss=0.3091
Epoch=203, loss=0.3002
Epoch=204, loss=0.2951
Epoch=205, loss=0.2949
Epoch=206, loss=0.2962
Epoch=207, loss=0.2921
Epoch=208, loss=0.2911
Epoch=209, loss=0.2914
Epoch=210, loss=0.2856
Epoch=211, loss=0.2879
Epoch=212, loss=0.2890
Epoch=213, loss=0.2830
Epoch=214, loss=0.2845
Epoch=215, loss=0.2843
Epoch=216, loss=0.2822
Epoch=217, loss=0.2787
Epoch=218, loss=0.2880
Epoch=219, loss=0.2802
Epoch=220, loss=0.2792
Epoch=221, loss=0.2744
Epoch=222, loss=0.2761
Epoch=223, loss=0.2752
Epoch=224, loss=0.2738
Epoch=225, loss=0.2734
Epoch=226, loss=0.2723
Epoch=227, loss=0.2690
Epoch=228, loss=0.2721
Epoch=229, loss=0.2727
Epoch=230, loss=0.2687
Epoch=231, loss=0.2686
Epoch=232, loss=0.2658
Epoch=233, loss=0.2681
Epoch=234, loss=0.2614
Epoch=235, loss=0.2598
Epoch=236, loss=0.2567
Epoch=237, loss=0.2573
Epoch=238, loss=0.2544
Epoch=239, loss=0.2577
Epoch=240, loss=0.2564
Epoch=241, loss=0.2581
Epoch=242, loss=0.2501
Epoch=243, loss=0.2540
Epoch=244, loss=0.2509
Epoch=245, loss=0.2497
Epoch=246, loss=0.2512
Epoch=247, loss=0.2511
Epoch=248, loss=0.2462
Epoch=249, loss=0.2460
Epoch=250, loss=0.2467
Epoch=251, loss=0.2439
Epoch=252, loss=0.2437
Epoch=253, loss=0.2486
Epoch=254, loss=0.2435
Epoch=255, loss=0.2386
Epoch=256, loss=0.2415
Epoch=257, loss=0.2400
Epoch=258, loss=0.2383
Epoch=259, loss=0.2370
Epoch=260, loss=0.2386
Epoch=261, loss=0.2364
Epoch=262, loss=0.2322
Epoch=263, loss=0.2364
Epoch=264, loss=0.2291
Epoch=265, loss=0.2357
Epoch=266, loss=0.2292
Epoch=267, loss=0.2320
Epoch=268, loss=0.2272
Epoch=269, loss=0.2279
Epoch=270, loss=0.2332
Epoch=271, loss=0.2310
Epoch=272, loss=0.2305
Epoch=273, loss=0.2251
Epoch=274, loss=0.2257
Epoch=275, loss=0.2261
Epoch=276, loss=0.2235
Epoch=277, loss=0.2242
Epoch=278, loss=0.2171
Epoch=279, loss=0.2219
Epoch=280, loss=0.2196
Epoch=281, loss=0.2236
Epoch=282, loss=0.2215
Epoch=283, loss=0.2193
Epoch=284, loss=0.2141
Epoch=285, loss=0.2176
Epoch=286, loss=0.2113
Epoch=287, loss=0.2121
Epoch=288, loss=0.2174
Epoch=289, loss=0.2111
Epoch=290, loss=0.2103
Epoch=291, loss=0.2049
Epoch=292, loss=0.2122
Epoch=293, loss=0.2104
Epoch=294, loss=0.2112
Epoch=295, loss=0.2093
Epoch=296, loss=0.2030
Epoch=297, loss=0.2042
Epoch=298, loss=0.2078
Epoch=299, loss=0.2080
Epoch=300, loss=0.2029
Epoch=301, loss=0.2036
Epoch=302, loss=0.1994
Epoch=303, loss=0.2017
Epoch=304, loss=0.1977
Epoch=305, loss=0.2011
Epoch=306, loss=0.2028
Epoch=307, loss=0.1954
Epoch=308, loss=0.1998
Epoch=309, loss=0.1966
Epoch=310, loss=0.2000
Epoch=311, loss=0.1950
Epoch=312, loss=0.1962
Epoch=313, loss=0.1942
Epoch=314, loss=0.1978
Epoch=315, loss=0.1942
Epoch=316, loss=0.1971
Epoch=317, loss=0.1903
Epoch=318, loss=0.1928
Epoch=319, loss=0.1862
Epoch=320, loss=0.1905
Epoch=321, loss=0.1862
Epoch=322, loss=0.1883
Epoch=323, loss=0.1848
Epoch=324, loss=0.1882
Epoch=325, loss=0.1896
Epoch=326, loss=0.1877
Epoch=327, loss=0.1841
Epoch=328, loss=0.1853
Epoch=329, loss=0.1820
Epoch=330, loss=0.1842
Epoch=331, loss=0.1823
Epoch=332, loss=0.1794
Epoch=333, loss=0.1816
Epoch=334, loss=0.1820
Epoch=335, loss=0.1812
Epoch=336, loss=0.1796
Epoch=337, loss=0.1796
Epoch=338, loss=0.1822
Epoch=339, loss=0.1746
Epoch=340, loss=0.1758
Epoch=341, loss=0.1765
Epoch=342, loss=0.1725
Epoch=343, loss=0.1756
Epoch=344, loss=0.1753
Epoch=345, loss=0.1728
Epoch=346, loss=0.1756
Epoch=347, loss=0.1740
Epoch=348, loss=0.1712
Epoch=349, loss=0.1724
Epoch=350, loss=0.1694
Epoch=351, loss=0.1693
Epoch=352, loss=0.1691
Epoch=353, loss=0.1693
Epoch=354, loss=0.1664
Epoch=355, loss=0.1714
Epoch=356, loss=0.1665
Epoch=357, loss=0.1690
Epoch=358, loss=0.1665
Epoch=359, loss=0.1652
Epoch=360, loss=0.1620
Epoch=361, loss=0.1640
Epoch=362, loss=0.1592
Epoch=363, loss=0.1622
Epoch=364, loss=0.1610
Epoch=365, loss=0.1612
Epoch=366, loss=0.1601
Epoch=367, loss=0.1623
Epoch=368, loss=0.1605
Epoch=369, loss=0.1613
Epoch=370, loss=0.1581
Epoch=371, loss=0.1543
Epoch=372, loss=0.1564
Epoch=373, loss=0.1607
Epoch=374, loss=0.1553
Epoch=375, loss=0.1552
Epoch=376, loss=0.1568
Epoch=377, loss=0.1536
Epoch=378, loss=0.1517
Epoch=379, loss=0.1559
Epoch=380, loss=0.1530
Epoch=381, loss=0.1559
Epoch=382, loss=0.1533
Epoch=383, loss=0.1486
Epoch=384, loss=0.1509
Epoch=385, loss=0.1497
Epoch=386, loss=0.1555
Epoch=387, loss=0.1529
Epoch=388, loss=0.1468
Epoch=389, loss=0.1552
Epoch=390, loss=0.1536
Epoch=391, loss=0.1499
Epoch=392, loss=0.1465
Epoch=393, loss=0.1455
Epoch=394, loss=0.1459
Epoch=395, loss=0.1429
Epoch=396, loss=0.1426
Epoch=397, loss=0.1422
Epoch=398, loss=0.1454
Epoch=399, loss=0.1440
Epoch=400, loss=0.1469
Epoch=401, loss=0.1434
Epoch=402, loss=0.1437
Epoch=403, loss=0.1419
Epoch=404, loss=0.1431
Epoch=405, loss=0.1450
Epoch=406, loss=0.1443
Epoch=407, loss=0.1446
Epoch=408, loss=0.1421
Epoch=409, loss=0.1410
Epoch=410, loss=0.1355
Epoch=411, loss=0.1356
Epoch=412, loss=0.1404
Epoch=413, loss=0.1413
Epoch=414, loss=0.1411
Epoch=415, loss=0.1372
Epoch=416, loss=0.1370
Epoch=417, loss=0.1368
Epoch=418, loss=0.1332
Epoch=419, loss=0.1380
Epoch=420, loss=0.1373
Epoch=421, loss=0.1330
Epoch=422, loss=0.1382
Epoch=423, loss=0.1353
Epoch=424, loss=0.1375
Epoch=425, loss=0.1328
Epoch=426, loss=0.1353
Epoch=427, loss=0.1321
Epoch=428, loss=0.1371
Epoch=429, loss=0.1322
Epoch=430, loss=0.1359
Epoch=431, loss=0.1344
Epoch=432, loss=0.1322
Epoch=433, loss=0.1295
Epoch=434, loss=0.1250
Epoch=435, loss=0.1296
Epoch=436, loss=0.1282
Epoch=437, loss=0.1269
Epoch=438, loss=0.1267
Epoch=439, loss=0.1296
Epoch=440, loss=0.1302
Epoch=441, loss=0.1294
Epoch=442, loss=0.1285
Epoch=443, loss=0.1279
Epoch=444, loss=0.1227
Epoch=445, loss=0.1275
Epoch=446, loss=0.1251
Epoch=447, loss=0.1178
Epoch=448, loss=0.1254
Epoch=449, loss=0.1244
Epoch=450, loss=0.1186
Epoch=451, loss=0.1215
Epoch=452, loss=0.1228
Epoch=453, loss=0.1243
Epoch=454, loss=0.1237
Epoch=455, loss=0.1201
Epoch=456, loss=0.1275
Epoch=457, loss=0.1198
Epoch=458, loss=0.1196
Epoch=459, loss=0.1205
Epoch=460, loss=0.1214
Epoch=461, loss=0.1220
Epoch=462, loss=0.1187
Epoch=463, loss=0.1209
Epoch=464, loss=0.1197
Epoch=465, loss=0.1193
Epoch=466, loss=0.1204
Epoch=467, loss=0.1182
Early stopping!
Loading 447th epoch
Early stopping!
Start to test process.
done with the edge prediction
done with the node prediction
done with the second node prediction
(E) | label_classification: F1Mi=0.7538+-0.0118, F1Ma=0.7269+-0.0197, acc=0.7538+-0.0118
[['MVGRL', 'heat', 16, 15, 2, 'normalize', 0.1, 0.2, 0.4, 0.001, 0.5, 0.2, 0.5, 0.0001, 512, 512, 0.9464667217154241, 0.9442916753998611, 0.946915878428252, 0.946366824674399, 0.75, 0.6000000238418579, 0.6165376901626587, 0.7428571581840515, 0.6060000061988831, 0.6276595592498779, 0.6595413913719393, 0.007881098705409444, 0.6156854537069868, 0.006742258859922978, 0.6595413913719393, 0.007881098705409444], ['MVGRL', 'heat', 32, 15, 2, 'normalize', 0.1, 0.2, 0.4, 0.001, 0.5, 0.2, 0.5, 0.0001, 512, 512, 0.9191854898862801, 0.9141670876428859, 0.9268747592077168, 0.9192415936460216, 0.8500000238418579, 0.7300000190734863, 0.7219535708427429, 0.8714285492897034, 0.7300000190734863, 0.7292069792747498, 0.7537504858142247, 0.011789917528589865, 0.7268703415111675, 0.019696998575653147, 0.7537504858142247, 0.011789917528589865]]
Epoch=000, loss=0.6919
Epoch=001, loss=0.6902
Epoch=002, loss=0.6884
Epoch=003, loss=0.6860
Epoch=004, loss=0.6838
Epoch=005, loss=0.6814
Epoch=006, loss=0.6802
Epoch=007, loss=0.6754
Epoch=008, loss=0.6734
Epoch=009, loss=0.6699
Epoch=010, loss=0.6659
Epoch=011, loss=0.6639
Epoch=012, loss=0.6583
Epoch=013, loss=0.6556
Epoch=014, loss=0.6528
Epoch=015, loss=0.6465
Epoch=016, loss=0.6429
Epoch=017, loss=0.6375
Epoch=018, loss=0.6333
Epoch=019, loss=0.6283
Epoch=020, loss=0.6228
Epoch=021, loss=0.6167
Epoch=022, loss=0.6116
Epoch=023, loss=0.6057
Epoch=024, loss=0.5996
Epoch=025, loss=0.5954
Epoch=026, loss=0.5879
Epoch=027, loss=0.5850
Epoch=028, loss=0.5761
Epoch=029, loss=0.5719
Epoch=030, loss=0.5666
Epoch=031, loss=0.5622
Epoch=032, loss=0.5575
Epoch=033, loss=0.5493
Epoch=034, loss=0.5459
Epoch=035, loss=0.5391
Epoch=036, loss=0.5350
Epoch=037, loss=0.5269
Epoch=038, loss=0.5238
Epoch=039, loss=0.5180
Epoch=040, loss=0.5171
Epoch=041, loss=0.5061
Epoch=042, loss=0.5016
Epoch=043, loss=0.4996
Epoch=044, loss=0.4923
Epoch=045, loss=0.4845
Epoch=046, loss=0.4862
Epoch=047, loss=0.4785
Epoch=048, loss=0.4775
Epoch=049, loss=0.4710
Epoch=050, loss=0.4664
Epoch=051, loss=0.4621
Epoch=052, loss=0.4543
Epoch=053, loss=0.4554
Epoch=054, loss=0.4487
Epoch=055, loss=0.4500
Epoch=056, loss=0.4407
Epoch=057, loss=0.4370
Epoch=058, loss=0.4314
Epoch=059, loss=0.4319
Epoch=060, loss=0.4276
Epoch=061, loss=0.4276
Epoch=062, loss=0.4160
Epoch=063, loss=0.4167
Epoch=064, loss=0.4091
Epoch=065, loss=0.4082
Epoch=066, loss=0.4075
Epoch=067, loss=0.4030
Epoch=068, loss=0.3955
Epoch=069, loss=0.3970
Epoch=070, loss=0.3956
Epoch=071, loss=0.3919
Epoch=072, loss=0.3857
Epoch=073, loss=0.3828
Epoch=074, loss=0.3781
Epoch=075, loss=0.3814
Epoch=076, loss=0.3737
Epoch=077, loss=0.3792
Epoch=078, loss=0.3701
Epoch=079, loss=0.3684
Epoch=080, loss=0.3638
Epoch=081, loss=0.3612
Epoch=082, loss=0.3570
Epoch=083, loss=0.3589
Epoch=084, loss=0.3503
Epoch=085, loss=0.3510
Epoch=086, loss=0.3500
Epoch=087, loss=0.3466
Epoch=088, loss=0.3411
Epoch=089, loss=0.3401
Epoch=090, loss=0.3378
Epoch=091, loss=0.3354
Epoch=092, loss=0.3302
Epoch=093, loss=0.3283
Epoch=094, loss=0.3268
Epoch=095, loss=0.3252
Epoch=096, loss=0.3211
Epoch=097, loss=0.3192
Epoch=098, loss=0.3158
Epoch=099, loss=0.3151
Epoch=100, loss=0.3114
Epoch=101, loss=0.3113
Epoch=102, loss=0.3089
Epoch=103, loss=0.3029
Epoch=104, loss=0.3080
Epoch=105, loss=0.2979
Epoch=106, loss=0.2977
Epoch=107, loss=0.2973
Epoch=108, loss=0.2961
Epoch=109, loss=0.2995
Epoch=110, loss=0.2926
Epoch=111, loss=0.2911
Epoch=112, loss=0.2862
Epoch=113, loss=0.2877
Epoch=114, loss=0.2839
Epoch=115, loss=0.2830
Epoch=116, loss=0.2763
Epoch=117, loss=0.2763
Epoch=118, loss=0.2733
Epoch=119, loss=0.2728
Epoch=120, loss=0.2715
Epoch=121, loss=0.2679
Epoch=122, loss=0.2657
Epoch=123, loss=0.2662
Epoch=124, loss=0.2642
Epoch=125, loss=0.2596
Epoch=126, loss=0.2631
Epoch=127, loss=0.2557
Epoch=128, loss=0.2567
Epoch=129, loss=0.2565
Epoch=130, loss=0.2517
Epoch=131, loss=0.2514
Epoch=132, loss=0.2480
Epoch=133, loss=0.2471
Epoch=134, loss=0.2421
Epoch=135, loss=0.2424
Epoch=136, loss=0.2442
Epoch=137, loss=0.2413
Epoch=138, loss=0.2376
Epoch=139, loss=0.2356
Epoch=140, loss=0.2347
Epoch=141, loss=0.2292
Epoch=142, loss=0.2280
Epoch=143, loss=0.2324
Epoch=144, loss=0.2257
Epoch=145, loss=0.2252
Epoch=146, loss=0.2258
Epoch=147, loss=0.2222
Epoch=148, loss=0.2184
Epoch=149, loss=0.2176
Epoch=150, loss=0.2170
Epoch=151, loss=0.2219
Epoch=152, loss=0.2122
Epoch=153, loss=0.2158
Epoch=154, loss=0.2155
Epoch=155, loss=0.2166
Epoch=156, loss=0.2083
Epoch=157, loss=0.2100
Epoch=158, loss=0.2064
Epoch=159, loss=0.2107
Epoch=160, loss=0.2074
Epoch=161, loss=0.2061
Epoch=162, loss=0.2012
Epoch=163, loss=0.2038
Epoch=164, loss=0.1992
Epoch=165, loss=0.1940
Epoch=166, loss=0.2011
Epoch=167, loss=0.1930
Epoch=168, loss=0.1943
Epoch=169, loss=0.1980
Epoch=170, loss=0.1868
Epoch=171, loss=0.1907
Epoch=172, loss=0.1936
Epoch=173, loss=0.1836
Epoch=174, loss=0.1855
Epoch=175, loss=0.1837
Epoch=176, loss=0.1824
Epoch=177, loss=0.1817
Epoch=178, loss=0.1856
Epoch=179, loss=0.1847
Epoch=180, loss=0.1765
Epoch=181, loss=0.1775
Epoch=182, loss=0.1807
Epoch=183, loss=0.1804
Epoch=184, loss=0.1739
Epoch=185, loss=0.1756
Epoch=186, loss=0.1759
Epoch=187, loss=0.1694
Epoch=188, loss=0.1739
Epoch=189, loss=0.1710
Epoch=190, loss=0.1720
Epoch=191, loss=0.1711
Epoch=192, loss=0.1692
Epoch=193, loss=0.1673
Epoch=194, loss=0.1665
Epoch=195, loss=0.1622
Epoch=196, loss=0.1664
Epoch=197, loss=0.1629
Epoch=198, loss=0.1627
Epoch=199, loss=0.1620
Epoch=200, loss=0.1589
Epoch=201, loss=0.1613
Epoch=202, loss=0.1594
Epoch=203, loss=0.1603
Epoch=204, loss=0.1554
Epoch=205, loss=0.1657
Epoch=206, loss=0.1570
Epoch=207, loss=0.1563
Epoch=208, loss=0.1550
Epoch=209, loss=0.1509
Epoch=210, loss=0.1511
Epoch=211, loss=0.1507
Epoch=212, loss=0.1502
Epoch=213, loss=0.1512
Epoch=214, loss=0.1421
Epoch=215, loss=0.1477
Epoch=216, loss=0.1493
Epoch=217, loss=0.1492
Epoch=218, loss=0.1450
Epoch=219, loss=0.1492
Epoch=220, loss=0.1405
Epoch=221, loss=0.1435
Epoch=222, loss=0.1426
Epoch=223, loss=0.1370
Epoch=224, loss=0.1377
Epoch=225, loss=0.1415
Epoch=226, loss=0.1429
Epoch=227, loss=0.1362
Epoch=228, loss=0.1440
Epoch=229, loss=0.1372
Epoch=230, loss=0.1358
Epoch=231, loss=0.1367
Epoch=232, loss=0.1335
Epoch=233, loss=0.1344
Epoch=234, loss=0.1345
Epoch=235, loss=0.1342
Epoch=236, loss=0.1314
Epoch=237, loss=0.1337
Epoch=238, loss=0.1343
Epoch=239, loss=0.1267
Epoch=240, loss=0.1341
Epoch=241, loss=0.1291
Epoch=242, loss=0.1320
Epoch=243, loss=0.1321
Epoch=244, loss=0.1250
Epoch=245, loss=0.1267
Epoch=246, loss=0.1247
Epoch=247, loss=0.1243
Epoch=248, loss=0.1221
Epoch=249, loss=0.1200
Epoch=250, loss=0.1237
Epoch=251, loss=0.1226
Epoch=252, loss=0.1230
Epoch=253, loss=0.1209
Epoch=254, loss=0.1231
Epoch=255, loss=0.1183
Epoch=256, loss=0.1284
Epoch=257, loss=0.1227
Epoch=258, loss=0.1218
Epoch=259, loss=0.1260
Epoch=260, loss=0.1193
Epoch=261, loss=0.1199
Epoch=262, loss=0.1224
Epoch=263, loss=0.1185
Epoch=264, loss=0.1222
Epoch=265, loss=0.1148
Epoch=266, loss=0.1150
Epoch=267, loss=0.1128
Epoch=268, loss=0.1089
Epoch=269, loss=0.1134
Epoch=270, loss=0.1100
Epoch=271, loss=0.1172
Epoch=272, loss=0.1135
Epoch=273, loss=0.1133
Epoch=274, loss=0.1121
Epoch=275, loss=0.1079
Epoch=276, loss=0.1135
Epoch=277, loss=0.1091
Epoch=278, loss=0.1073
Epoch=279, loss=0.1046
Epoch=280, loss=0.1091
Epoch=281, loss=0.1086
Epoch=282, loss=0.1066
Epoch=283, loss=0.1048
Epoch=284, loss=0.1109
Epoch=285, loss=0.1023
Epoch=286, loss=0.1056
Epoch=287, loss=0.1096
Epoch=288, loss=0.1050
Epoch=289, loss=0.1057
Epoch=290, loss=0.1053
Epoch=291, loss=0.1045
Epoch=292, loss=0.1066
Epoch=293, loss=0.1025
Epoch=294, loss=0.1055
Epoch=295, loss=0.0993
Epoch=296, loss=0.1037
Epoch=297, loss=0.0998
Epoch=298, loss=0.0988
Epoch=299, loss=0.1021
Epoch=300, loss=0.1043
Epoch=301, loss=0.1049
Epoch=302, loss=0.0995
Epoch=303, loss=0.1033
Epoch=304, loss=0.0945
Epoch=305, loss=0.0978
Epoch=306, loss=0.0988
Epoch=307, loss=0.0981
Epoch=308, loss=0.0944
Epoch=309, loss=0.0953
Epoch=310, loss=0.0982
Epoch=311, loss=0.0996
Epoch=312, loss=0.0922
Epoch=313, loss=0.0933
Epoch=314, loss=0.0962
Epoch=315, loss=0.0927
Epoch=316, loss=0.0935
Epoch=317, loss=0.0955
Epoch=318, loss=0.0910
Epoch=319, loss=0.0917
Epoch=320, loss=0.0946
Epoch=321, loss=0.0924
Epoch=322, loss=0.0902
Epoch=323, loss=0.0879
Epoch=324, loss=0.0932
Epoch=325, loss=0.0947
Epoch=326, loss=0.0918
Epoch=327, loss=0.0871
Epoch=328, loss=0.0870
Epoch=329, loss=0.0881
Epoch=330, loss=0.0917
Epoch=331, loss=0.0933
Epoch=332, loss=0.0870
Epoch=333, loss=0.0845
Epoch=334, loss=0.0868
Epoch=335, loss=0.0853
Epoch=336, loss=0.0843
Epoch=337, loss=0.0856
Epoch=338, loss=0.0879
Epoch=339, loss=0.0834
Epoch=340, loss=0.0850
Epoch=341, loss=0.0873
Epoch=342, loss=0.0853
Epoch=343, loss=0.0875
Epoch=344, loss=0.0854
Epoch=345, loss=0.0859
Epoch=346, loss=0.0864
Epoch=347, loss=0.0827
Epoch=348, loss=0.0864
Epoch=349, loss=0.0853
Epoch=350, loss=0.0837
Epoch=351, loss=0.0788
Epoch=352, loss=0.0857
Epoch=353, loss=0.0782
Epoch=354, loss=0.0796
Epoch=355, loss=0.0807
Epoch=356, loss=0.0829
Epoch=357, loss=0.0789
Epoch=358, loss=0.0850
Epoch=359, loss=0.0794
Epoch=360, loss=0.0772
Epoch=361, loss=0.0767
Epoch=362, loss=0.0831
Epoch=363, loss=0.0797
Epoch=364, loss=0.0777
Epoch=365, loss=0.0828
Epoch=366, loss=0.0767
Epoch=367, loss=0.0840
Epoch=368, loss=0.0796
Epoch=369, loss=0.0792
Epoch=370, loss=0.0801
Epoch=371, loss=0.0802
Epoch=372, loss=0.0797
Epoch=373, loss=0.0806
Epoch=374, loss=0.0795
Epoch=375, loss=0.0770
Epoch=376, loss=0.0792
Epoch=377, loss=0.0776
Epoch=378, loss=0.0764
Epoch=379, loss=0.0786
Epoch=380, loss=0.0723
Epoch=381, loss=0.0773
Epoch=382, loss=0.0769
Epoch=383, loss=0.0789
Epoch=384, loss=0.0740
Epoch=385, loss=0.0791
Epoch=386, loss=0.0769
Epoch=387, loss=0.0726
Epoch=388, loss=0.0726
Epoch=389, loss=0.0743
Epoch=390, loss=0.0733
Epoch=391, loss=0.0733
Epoch=392, loss=0.0725
Epoch=393, loss=0.0726
Epoch=394, loss=0.0737
Epoch=395, loss=0.0710
Epoch=396, loss=0.0721
Epoch=397, loss=0.0713
Epoch=398, loss=0.0696
Epoch=399, loss=0.0708
Epoch=400, loss=0.0739
Epoch=401, loss=0.0730
Epoch=402, loss=0.0692
Epoch=403, loss=0.0729
Epoch=404, loss=0.0681
Epoch=405, loss=0.0729
Epoch=406, loss=0.0722
Epoch=407, loss=0.0688
Epoch=408, loss=0.0700
Epoch=409, loss=0.0704
Epoch=410, loss=0.0645
Epoch=411, loss=0.0689
Epoch=412, loss=0.0661
Epoch=413, loss=0.0723
Epoch=414, loss=0.0658
Epoch=415, loss=0.0691
Epoch=416, loss=0.0683
Epoch=417, loss=0.0676
Epoch=418, loss=0.0650
Epoch=419, loss=0.0671
Epoch=420, loss=0.0658
Epoch=421, loss=0.0620
Epoch=422, loss=0.0655
Epoch=423, loss=0.0700
Epoch=424, loss=0.0670
Epoch=425, loss=0.0631
Epoch=426, loss=0.0659
Epoch=427, loss=0.0656
Epoch=428, loss=0.0657
Epoch=429, loss=0.0661
Epoch=430, loss=0.0649
Epoch=431, loss=0.0656
Epoch=432, loss=0.0635
Epoch=433, loss=0.0610
Epoch=434, loss=0.0628
Epoch=435, loss=0.0618
Epoch=436, loss=0.0651
Epoch=437, loss=0.0688
Epoch=438, loss=0.0613
Epoch=439, loss=0.0632
Epoch=440, loss=0.0636
Epoch=441, loss=0.0641
Epoch=442, loss=0.0643
Epoch=443, loss=0.0625
Epoch=444, loss=0.0621
Epoch=445, loss=0.0625
Epoch=446, loss=0.0654
Epoch=447, loss=0.0628
Epoch=448, loss=0.0613
Epoch=449, loss=0.0641
Epoch=450, loss=0.0607
Epoch=451, loss=0.0643
Epoch=452, loss=0.0624
Epoch=453, loss=0.0600
Epoch=454, loss=0.0598
Epoch=455, loss=0.0579
Epoch=456, loss=0.0560
Epoch=457, loss=0.0606
Epoch=458, loss=0.0599
Epoch=459, loss=0.0610
Epoch=460, loss=0.0657
Epoch=461, loss=0.0595
Epoch=462, loss=0.0619
Epoch=463, loss=0.0585
Epoch=464, loss=0.0599
Epoch=465, loss=0.0573
Epoch=466, loss=0.0636
Epoch=467, loss=0.0599
Epoch=468, loss=0.0571
Epoch=469, loss=0.0569
Epoch=470, loss=0.0592
Epoch=471, loss=0.0548
Epoch=472, loss=0.0569
Epoch=473, loss=0.0557
Epoch=474, loss=0.0588
Epoch=475, loss=0.0585
Epoch=476, loss=0.0601
Epoch=477, loss=0.0553
Epoch=478, loss=0.0574
Epoch=479, loss=0.0609
Epoch=480, loss=0.0570
Epoch=481, loss=0.0563
Epoch=482, loss=0.0612
Epoch=483, loss=0.0589
Epoch=484, loss=0.0594
Epoch=485, loss=0.0555
Epoch=486, loss=0.0533
Epoch=487, loss=0.0563
Epoch=488, loss=0.0590
Epoch=489, loss=0.0586
Epoch=490, loss=0.0555
Epoch=491, loss=0.0581
Epoch=492, loss=0.0551
Epoch=493, loss=0.0564
Epoch=494, loss=0.0540
Epoch=495, loss=0.0580
Epoch=496, loss=0.0526
Epoch=497, loss=0.0553
Epoch=498, loss=0.0572
Epoch=499, loss=0.0579
Loading 496th epoch
Early stopping!
Start to test process.
done with the edge prediction
done with the node prediction
done with the second node prediction
(E) | label_classification: F1Mi=0.7852+-0.0165, F1Ma=0.7520+-0.0330, acc=0.7852+-0.0165
[['MVGRL', 'heat', 16, 15, 2, 'normalize', 0.1, 0.2, 0.4, 0.001, 0.5, 0.2, 0.5, 0.0001, 512, 512, 0.9464667217154241, 0.9442916753998611, 0.946915878428252, 0.946366824674399, 0.75, 0.6000000238418579, 0.6165376901626587, 0.7428571581840515, 0.6060000061988831, 0.6276595592498779, 0.6595413913719393, 0.007881098705409444, 0.6156854537069868, 0.006742258859922978, 0.6595413913719393, 0.007881098705409444], ['MVGRL', 'heat', 32, 15, 2, 'normalize', 0.1, 0.2, 0.4, 0.001, 0.5, 0.2, 0.5, 0.0001, 512, 512, 0.9191854898862801, 0.9141670876428859, 0.9268747592077168, 0.9192415936460216, 0.8500000238418579, 0.7300000190734863, 0.7219535708427429, 0.8714285492897034, 0.7300000190734863, 0.7292069792747498, 0.7537504858142247, 0.011789917528589865, 0.7268703415111675, 0.019696998575653147, 0.7537504858142247, 0.011789917528589865], ['MVGRL', 'heat', 64, 15, 2, 'normalize', 0.1, 0.2, 0.4, 0.001, 0.5, 0.2, 0.5, 0.0001, 512, 512, 0.9644046085659997, 0.9615532242888878, 0.9608647278462098, 0.9596723635784601, 0.9142857193946838, 0.7699999809265137, 0.7678917050361633, 0.9285714030265808, 0.7720000147819519, 0.7664409875869751, 0.7851535172949864, 0.016469649642892655, 0.751977323556374, 0.03299115978826194, 0.7851535172949864, 0.01646964964289263]]
Epoch=000, loss=0.6921
Epoch=001, loss=0.6877
Epoch=002, loss=0.6832
Epoch=003, loss=0.6779
Epoch=004, loss=0.6726
Epoch=005, loss=0.6687
Epoch=006, loss=0.6611
Epoch=007, loss=0.6543
Epoch=008, loss=0.6509
Epoch=009, loss=0.6425
Epoch=010, loss=0.6320
Epoch=011, loss=0.6249
Epoch=012, loss=0.6148
Epoch=013, loss=0.6068
Epoch=014, loss=0.5967
Epoch=015, loss=0.5858
Epoch=016, loss=0.5746
Epoch=017, loss=0.5619
Epoch=018, loss=0.5580
Epoch=019, loss=0.5451
Epoch=020, loss=0.5402
Epoch=021, loss=0.5329
Epoch=022, loss=0.5198
Epoch=023, loss=0.5083
Epoch=024, loss=0.4994
Epoch=025, loss=0.5013
Epoch=026, loss=0.4928
Epoch=027, loss=0.4835
Epoch=028, loss=0.4703
Epoch=029, loss=0.4667
Epoch=030, loss=0.4578
Epoch=031, loss=0.4486
Epoch=032, loss=0.4438
Epoch=033, loss=0.4356
Epoch=034, loss=0.4289
Epoch=035, loss=0.4216
Epoch=036, loss=0.4162
Epoch=037, loss=0.4110
Epoch=038, loss=0.4048
Epoch=039, loss=0.3993
Epoch=040, loss=0.3933
Epoch=041, loss=0.3867
Epoch=042, loss=0.3823
Epoch=043, loss=0.3776
Epoch=044, loss=0.3750
Epoch=045, loss=0.3712
Epoch=046, loss=0.3607
Epoch=047, loss=0.3615
Epoch=048, loss=0.3531
Epoch=049, loss=0.3504
Epoch=050, loss=0.3422
Epoch=051, loss=0.3390
Epoch=052, loss=0.3335
Epoch=053, loss=0.3300
Epoch=054, loss=0.3306
Epoch=055, loss=0.3202
Epoch=056, loss=0.3188
Epoch=057, loss=0.3155
Epoch=058, loss=0.3070
Epoch=059, loss=0.3044
Epoch=060, loss=0.3038
Epoch=061, loss=0.2976
Epoch=062, loss=0.2937
Epoch=063, loss=0.2904
Epoch=064, loss=0.2939
Epoch=065, loss=0.2826
Epoch=066, loss=0.2780
Epoch=067, loss=0.2739
Epoch=068, loss=0.2717
Epoch=069, loss=0.2709
Epoch=070, loss=0.2658
Epoch=071, loss=0.2606
Epoch=072, loss=0.2565
Epoch=073, loss=0.2554
Epoch=074, loss=0.2522
Epoch=075, loss=0.2502
Epoch=076, loss=0.2473
Epoch=077, loss=0.2430
Epoch=078, loss=0.2362
Epoch=079, loss=0.2358
Epoch=080, loss=0.2307
Epoch=081, loss=0.2354
Epoch=082, loss=0.2258
Epoch=083, loss=0.2255
Epoch=084, loss=0.2247
Epoch=085, loss=0.2156
Epoch=086, loss=0.2176
Epoch=087, loss=0.2143
Epoch=088, loss=0.2115
Epoch=089, loss=0.2072
Epoch=090, loss=0.2066
Epoch=091, loss=0.2035
Epoch=092, loss=0.2052
Epoch=093, loss=0.1976
Epoch=094, loss=0.2020
Epoch=095, loss=0.1993
Epoch=096, loss=0.1897
Epoch=097, loss=0.1918
Epoch=098, loss=0.1893
Epoch=099, loss=0.1872
Epoch=100, loss=0.1889
Epoch=101, loss=0.1822
Epoch=102, loss=0.1832
Epoch=103, loss=0.1833
Epoch=104, loss=0.1797
Epoch=105, loss=0.1754
Epoch=106, loss=0.1699
Epoch=107, loss=0.1721
Epoch=108, loss=0.1712
Epoch=109, loss=0.1681
Epoch=110, loss=0.1654
Epoch=111, loss=0.1683
Epoch=112, loss=0.1628
Epoch=113, loss=0.1584
Epoch=114, loss=0.1568
Epoch=115, loss=0.1539
Epoch=116, loss=0.1604
Epoch=117, loss=0.1569
Epoch=118, loss=0.1534
Epoch=119, loss=0.1570
Epoch=120, loss=0.1498
Epoch=121, loss=0.1549
Epoch=122, loss=0.1483
Epoch=123, loss=0.1458
Epoch=124, loss=0.1433
Epoch=125, loss=0.1397
Epoch=126, loss=0.1445
Epoch=127, loss=0.1383
Epoch=128, loss=0.1424
Epoch=129, loss=0.1398
Epoch=130, loss=0.1361
Epoch=131, loss=0.1365
Epoch=132, loss=0.1373
Epoch=133, loss=0.1371
Epoch=134, loss=0.1330
Epoch=135, loss=0.1314
Epoch=136, loss=0.1295
Epoch=137, loss=0.1277
Epoch=138, loss=0.1286
Epoch=139, loss=0.1256
Epoch=140, loss=0.1227
Epoch=141, loss=0.1274
Epoch=142, loss=0.1232
Epoch=143, loss=0.1232
Epoch=144, loss=0.1331
Epoch=145, loss=0.1204
Epoch=146, loss=0.1265
Epoch=147, loss=0.1206
Epoch=148, loss=0.1181
Epoch=149, loss=0.1178
Epoch=150, loss=0.1168
Epoch=151, loss=0.1208
Epoch=152, loss=0.1143
Epoch=153, loss=0.1116
Epoch=154, loss=0.1131
Epoch=155, loss=0.1166
Epoch=156, loss=0.1153
Epoch=157, loss=0.1123
Epoch=158, loss=0.1114
Epoch=159, loss=0.1083
Epoch=160, loss=0.1089
Epoch=161, loss=0.1049
Epoch=162, loss=0.1132
Epoch=163, loss=0.1090
Epoch=164, loss=0.1026
Epoch=165, loss=0.1058
Epoch=166, loss=0.1029
Epoch=167, loss=0.1055
Epoch=168, loss=0.1050
Epoch=169, loss=0.1045
Epoch=170, loss=0.1005
Epoch=171, loss=0.0971
Epoch=172, loss=0.0986
Epoch=173, loss=0.1015
Epoch=174, loss=0.1001
Epoch=175, loss=0.1023
Epoch=176, loss=0.1004
Epoch=177, loss=0.0970
Epoch=178, loss=0.0973
Epoch=179, loss=0.0958
Epoch=180, loss=0.0995
Epoch=181, loss=0.0996
Epoch=182, loss=0.0946
Epoch=183, loss=0.0877
Epoch=184, loss=0.0960
Epoch=185, loss=0.0935
Epoch=186, loss=0.0932
Epoch=187, loss=0.0868
Epoch=188, loss=0.0923
Epoch=189, loss=0.0952
Epoch=190, loss=0.0905
Epoch=191, loss=0.0873
Epoch=192, loss=0.0918
Epoch=193, loss=0.0901
Epoch=194, loss=0.0901
Epoch=195, loss=0.0902
Epoch=196, loss=0.0876
Epoch=197, loss=0.0843
Epoch=198, loss=0.0908
Epoch=199, loss=0.0863
Epoch=200, loss=0.0859
Epoch=201, loss=0.0830
Epoch=202, loss=0.0817
Epoch=203, loss=0.0857
Epoch=204, loss=0.0779
Epoch=205, loss=0.0867
Epoch=206, loss=0.0839
Epoch=207, loss=0.0861
Epoch=208, loss=0.0869
Epoch=209, loss=0.0824
Epoch=210, loss=0.0799
Epoch=211, loss=0.0808
Epoch=212, loss=0.0755
Epoch=213, loss=0.0762
Epoch=214, loss=0.0784
Epoch=215, loss=0.0819
Epoch=216, loss=0.0804
Epoch=217, loss=0.0823
Epoch=218, loss=0.0730
Epoch=219, loss=0.0789
Epoch=220, loss=0.0754
Epoch=221, loss=0.0753
Epoch=222, loss=0.0754
Epoch=223, loss=0.0717
Epoch=224, loss=0.0791
Epoch=225, loss=0.0771
Epoch=226, loss=0.0775
Epoch=227, loss=0.0746
Epoch=228, loss=0.0739
Epoch=229, loss=0.0740
Epoch=230, loss=0.0805
Epoch=231, loss=0.0747
Epoch=232, loss=0.0728
Epoch=233, loss=0.0749
Epoch=234, loss=0.0701
Epoch=235, loss=0.0691
Epoch=236, loss=0.0654
Epoch=237, loss=0.0698
Epoch=238, loss=0.0744
Epoch=239, loss=0.0694
Epoch=240, loss=0.0721
Epoch=241, loss=0.0661
Epoch=242, loss=0.0719
Epoch=243, loss=0.0675
Epoch=244, loss=0.0695
Epoch=245, loss=0.0692
Epoch=246, loss=0.0678
Epoch=247, loss=0.0674
Epoch=248, loss=0.0660
Epoch=249, loss=0.0688
Epoch=250, loss=0.0648
Epoch=251, loss=0.0674
Epoch=252, loss=0.0649
Epoch=253, loss=0.0644
Epoch=254, loss=0.0657
Epoch=255, loss=0.0649
Epoch=256, loss=0.0667
Epoch=257, loss=0.0639
Epoch=258, loss=0.0656
Epoch=259, loss=0.0652
Epoch=260, loss=0.0703
Epoch=261, loss=0.0661
Epoch=262, loss=0.0636
Epoch=263, loss=0.0663
Epoch=264, loss=0.0675
Epoch=265, loss=0.0650
Epoch=266, loss=0.0584
Epoch=267, loss=0.0649
Epoch=268, loss=0.0631
Epoch=269, loss=0.0617
Epoch=270, loss=0.0629
Epoch=271, loss=0.0598
Epoch=272, loss=0.0635
Epoch=273, loss=0.0601
Epoch=274, loss=0.0613
Epoch=275, loss=0.0557
Epoch=276, loss=0.0612
Epoch=277, loss=0.0569
Epoch=278, loss=0.0617
Epoch=279, loss=0.0606
Epoch=280, loss=0.0602
Epoch=281, loss=0.0553
Epoch=282, loss=0.0592
Epoch=283, loss=0.0594
Epoch=284, loss=0.0608
Epoch=285, loss=0.0611
Epoch=286, loss=0.0558
Epoch=287, loss=0.0572
Epoch=288, loss=0.0585
Epoch=289, loss=0.0557
Epoch=290, loss=0.0597
Epoch=291, loss=0.0568
Epoch=292, loss=0.0561
Epoch=293, loss=0.0567
Epoch=294, loss=0.0594
Epoch=295, loss=0.0557
Epoch=296, loss=0.0596
Epoch=297, loss=0.0540
Epoch=298, loss=0.0521
Epoch=299, loss=0.0537
Epoch=300, loss=0.0517
Epoch=301, loss=0.0549
Epoch=302, loss=0.0570
Epoch=303, loss=0.0558
Epoch=304, loss=0.0569
Epoch=305, loss=0.0512
Epoch=306, loss=0.0521
Epoch=307, loss=0.0523
Epoch=308, loss=0.0518
Epoch=309, loss=0.0554
Epoch=310, loss=0.0574
Epoch=311, loss=0.0545
Epoch=312, loss=0.0486
Epoch=313, loss=0.0532
Epoch=314, loss=0.0539
Epoch=315, loss=0.0557
Epoch=316, loss=0.0476
Epoch=317, loss=0.0534
Epoch=318, loss=0.0512
Epoch=319, loss=0.0505
Epoch=320, loss=0.0512
Epoch=321, loss=0.0495
Epoch=322, loss=0.0493
Epoch=323, loss=0.0491
Epoch=324, loss=0.0497
Epoch=325, loss=0.0522
Epoch=326, loss=0.0509
Epoch=327, loss=0.0474
Epoch=328, loss=0.0472
Epoch=329, loss=0.0498
Epoch=330, loss=0.0524
Epoch=331, loss=0.0470
Epoch=332, loss=0.0493
Epoch=333, loss=0.0475
Epoch=334, loss=0.0460
Epoch=335, loss=0.0546
Epoch=336, loss=0.0493
Epoch=337, loss=0.0490
Epoch=338, loss=0.0472
Epoch=339, loss=0.0460
Epoch=340, loss=0.0472
Epoch=341, loss=0.0497
Epoch=342, loss=0.0503
Epoch=343, loss=0.0521
Epoch=344, loss=0.0471
Epoch=345, loss=0.0451
Epoch=346, loss=0.0457
Epoch=347, loss=0.0452
Epoch=348, loss=0.0479
Epoch=349, loss=0.0459
Epoch=350, loss=0.0507
Epoch=351, loss=0.0463
Epoch=352, loss=0.0489
Epoch=353, loss=0.0429
Epoch=354, loss=0.0457
Epoch=355, loss=0.0449
Epoch=356, loss=0.0452
Epoch=357, loss=0.0483
Epoch=358, loss=0.0461
Epoch=359, loss=0.0503
Epoch=360, loss=0.0450
Epoch=361, loss=0.0450
Epoch=362, loss=0.0463
Epoch=363, loss=0.0457
Epoch=364, loss=0.0455
Epoch=365, loss=0.0433
Epoch=366, loss=0.0436
Epoch=367, loss=0.0400
Epoch=368, loss=0.0440
Epoch=369, loss=0.0407
Epoch=370, loss=0.0438
Epoch=371, loss=0.0423
Epoch=372, loss=0.0433
Epoch=373, loss=0.0410
Epoch=374, loss=0.0424
Epoch=375, loss=0.0427
Epoch=376, loss=0.0391
Epoch=377, loss=0.0437
Epoch=378, loss=0.0384
Epoch=379, loss=0.0454
Epoch=380, loss=0.0412
Epoch=381, loss=0.0410
Epoch=382, loss=0.0449
Epoch=383, loss=0.0429
Epoch=384, loss=0.0448
Epoch=385, loss=0.0430
Epoch=386, loss=0.0422
Epoch=387, loss=0.0423
Epoch=388, loss=0.0404
Epoch=389, loss=0.0389
Epoch=390, loss=0.0381
Epoch=391, loss=0.0442
Epoch=392, loss=0.0389
Epoch=393, loss=0.0403
Epoch=394, loss=0.0429
Epoch=395, loss=0.0400
Epoch=396, loss=0.0380
Epoch=397, loss=0.0403
Epoch=398, loss=0.0410
Epoch=399, loss=0.0386
Epoch=400, loss=0.0435
Epoch=401, loss=0.0388
Epoch=402, loss=0.0406
Epoch=403, loss=0.0453
Epoch=404, loss=0.0363
Epoch=405, loss=0.0350
Epoch=406, loss=0.0359
Epoch=407, loss=0.0401
Epoch=408, loss=0.0386
Epoch=409, loss=0.0382
Epoch=410, loss=0.0440
Epoch=411, loss=0.0412
Epoch=412, loss=0.0401
Epoch=413, loss=0.0376
Epoch=414, loss=0.0377
Epoch=415, loss=0.0436
Epoch=416, loss=0.0366
Epoch=417, loss=0.0374
Epoch=418, loss=0.0401
Epoch=419, loss=0.0403
Epoch=420, loss=0.0365
Epoch=421, loss=0.0409
Epoch=422, loss=0.0372
Epoch=423, loss=0.0374
Epoch=424, loss=0.0337
Epoch=425, loss=0.0374
Epoch=426, loss=0.0333
Epoch=427, loss=0.0359
Epoch=428, loss=0.0374
Epoch=429, loss=0.0357
Epoch=430, loss=0.0377
Epoch=431, loss=0.0380
Epoch=432, loss=0.0371
Epoch=433, loss=0.0341
Epoch=434, loss=0.0363
Epoch=435, loss=0.0330
Epoch=436, loss=0.0331
Epoch=437, loss=0.0339
Epoch=438, loss=0.0416
Epoch=439, loss=0.0354
Epoch=440, loss=0.0363
Epoch=441, loss=0.0352
Epoch=442, loss=0.0342
Epoch=443, loss=0.0352
Epoch=444, loss=0.0362
Epoch=445, loss=0.0389
Epoch=446, loss=0.0402
Epoch=447, loss=0.0311
Epoch=448, loss=0.0343
Epoch=449, loss=0.0337
Epoch=450, loss=0.0337
Epoch=451, loss=0.0316
Epoch=452, loss=0.0333
Epoch=453, loss=0.0337
Epoch=454, loss=0.0320
Epoch=455, loss=0.0332
Epoch=456, loss=0.0339
Epoch=457, loss=0.0321
Epoch=458, loss=0.0352
Epoch=459, loss=0.0321
Epoch=460, loss=0.0349
Epoch=461, loss=0.0323
Epoch=462, loss=0.0314
Epoch=463, loss=0.0355
Epoch=464, loss=0.0347
Epoch=465, loss=0.0337
Epoch=466, loss=0.0332
Epoch=467, loss=0.0322
Early stopping!
Loading 447th epoch
done with the edge prediction
done with the node prediction
done with the second node prediction
(E) | label_classification: F1Mi=0.7877+-0.0141, F1Ma=0.7544+-0.0404, acc=0.7877+-0.0141
[['MVGRL', 'heat', 16, 15, 2, 'normalize', 0.1, 0.2, 0.4, 0.001, 0.5, 0.2, 0.5, 0.0001, 512, 512, 0.9464667217154241, 0.9442916753998611, 0.946915878428252, 0.946366824674399, 0.75, 0.6000000238418579, 0.6165376901626587, 0.7428571581840515, 0.6060000061988831, 0.6276595592498779, 0.6595413913719393, 0.007881098705409444, 0.6156854537069868, 0.006742258859922978, 0.6595413913719393, 0.007881098705409444], ['MVGRL', 'heat', 32, 15, 2, 'normalize', 0.1, 0.2, 0.4, 0.001, 0.5, 0.2, 0.5, 0.0001, 512, 512, 0.9191854898862801, 0.9141670876428859, 0.9268747592077168, 0.9192415936460216, 0.8500000238418579, 0.7300000190734863, 0.7219535708427429, 0.8714285492897034, 0.7300000190734863, 0.7292069792747498, 0.7537504858142247, 0.011789917528589865, 0.7268703415111675, 0.019696998575653147, 0.7537504858142247, 0.011789917528589865], ['MVGRL', 'heat', 64, 15, 2, 'normalize', 0.1, 0.2, 0.4, 0.001, 0.5, 0.2, 0.5, 0.0001, 512, 512, 0.9644046085659997, 0.9615532242888878, 0.9608647278462098, 0.9596723635784601, 0.9142857193946838, 0.7699999809265137, 0.7678917050361633, 0.9285714030265808, 0.7720000147819519, 0.7664409875869751, 0.7851535172949864, 0.016469649642892655, 0.751977323556374, 0.03299115978826194, 0.7851535172949864, 0.01646964964289263], ['MVGRL', 'heat', 128, 15, 2, 'normalize', 0.1, 0.2, 0.4, 0.001, 0.5, 0.2, 0.5, 0.0001, 512, 512, 0.9905977486805775, 0.9892817485603008, 0.9760485941331297, 0.9735398506415266, 0.9571428298950195, 0.777999997138977, 0.7553191781044006, 0.9642857313156128, 0.7760000228881836, 0.7601547241210938, 0.7877186164010881, 0.014089135173976478, 0.7544069541476075, 0.040396958739329525, 0.7877186164010881, 0.014089135173976482]]
Epoch=000, loss=0.6948
Epoch=001, loss=0.6815
Epoch=002, loss=0.6706
Epoch=003, loss=0.6593
Epoch=004, loss=0.6482
Epoch=005, loss=0.6373
Epoch=006, loss=0.6225
Epoch=007, loss=0.6078
Epoch=008, loss=0.5903
Epoch=009, loss=0.5804
Epoch=010, loss=0.5627
Epoch=011, loss=0.5464
Epoch=012, loss=0.5342
Epoch=013, loss=0.5216
Epoch=014, loss=0.5044
Epoch=015, loss=0.4922
Epoch=016, loss=0.4784
Epoch=017, loss=0.4702
Epoch=018, loss=0.4537
Epoch=019, loss=0.4386
Epoch=020, loss=0.4309
Epoch=021, loss=0.4262
Epoch=022, loss=0.4151
Epoch=023, loss=0.4032
Epoch=024, loss=0.3938
Epoch=025, loss=0.3810
Epoch=026, loss=0.3768
Epoch=027, loss=0.3665
Epoch=028, loss=0.3659
Epoch=029, loss=0.3563
Epoch=030, loss=0.3480
Epoch=031, loss=0.3411
Epoch=032, loss=0.3277
Epoch=033, loss=0.3233
Epoch=034, loss=0.3150
Epoch=035, loss=0.3101
Epoch=036, loss=0.3064
Epoch=037, loss=0.2964
Epoch=038, loss=0.2910
Epoch=039, loss=0.2846
Epoch=040, loss=0.2810
Epoch=041, loss=0.2743
Epoch=042, loss=0.2681
Epoch=043, loss=0.2637
Epoch=044, loss=0.2527
Epoch=045, loss=0.2494
Epoch=046, loss=0.2449
Epoch=047, loss=0.2444
Epoch=048, loss=0.2337
Epoch=049, loss=0.2304
Epoch=050, loss=0.2276
Epoch=051, loss=0.2215
Epoch=052, loss=0.2181
Epoch=053, loss=0.2141
Epoch=054, loss=0.2111
Epoch=055, loss=0.2058
Epoch=056, loss=0.2033
Epoch=057, loss=0.2005
Epoch=058, loss=0.1945
Epoch=059, loss=0.1961
Epoch=060, loss=0.1885
Epoch=061, loss=0.1833
Epoch=062, loss=0.1823
Epoch=063, loss=0.1746
Epoch=064, loss=0.1761
Epoch=065, loss=0.1743
Epoch=066, loss=0.1712
Epoch=067, loss=0.1632
Epoch=068, loss=0.1616
Epoch=069, loss=0.1620
Epoch=070, loss=0.1557
Epoch=071, loss=0.1526
Epoch=072, loss=0.1560
Epoch=073, loss=0.1485
Epoch=074, loss=0.1484
Epoch=075, loss=0.1401
Epoch=076, loss=0.1448
Epoch=077, loss=0.1438
Epoch=078, loss=0.1460
Epoch=079, loss=0.1447
Epoch=080, loss=0.1380
Epoch=081, loss=0.1326
Epoch=082, loss=0.1331
Epoch=083, loss=0.1376
Epoch=084, loss=0.1281
Epoch=085, loss=0.1227
Epoch=086, loss=0.1252
Epoch=087, loss=0.1293
Epoch=088, loss=0.1241
Epoch=089, loss=0.1191
Epoch=090, loss=0.1176
Epoch=091, loss=0.1180
Epoch=092, loss=0.1152
Epoch=093, loss=0.1168
Epoch=094, loss=0.1094
Epoch=095, loss=0.1121
Epoch=096, loss=0.1084
Epoch=097, loss=0.1071
Epoch=098, loss=0.1136
Epoch=099, loss=0.1044
Epoch=100, loss=0.1077
Epoch=101, loss=0.1070
Epoch=102, loss=0.1042
Epoch=103, loss=0.1024
Epoch=104, loss=0.1007
Epoch=105, loss=0.0993
Epoch=106, loss=0.1012
Epoch=107, loss=0.1003
Epoch=108, loss=0.1004
Epoch=109, loss=0.0962
Epoch=110, loss=0.0987
Epoch=111, loss=0.0966
Epoch=112, loss=0.0937
Epoch=113, loss=0.0939
Epoch=114, loss=0.0894
Epoch=115, loss=0.0969
Epoch=116, loss=0.0890
Epoch=117, loss=0.0894
Epoch=118, loss=0.0916
Epoch=119, loss=0.0914
Epoch=120, loss=0.0925
Epoch=121, loss=0.0879
Epoch=122, loss=0.0866
Epoch=123, loss=0.0895
Epoch=124, loss=0.0857
Epoch=125, loss=0.0953
Epoch=126, loss=0.0821
Epoch=127, loss=0.0836
Epoch=128, loss=0.0883
Epoch=129, loss=0.0831
Epoch=130, loss=0.0822
Epoch=131, loss=0.0847
Epoch=132, loss=0.0818
Epoch=133, loss=0.0812
Epoch=134, loss=0.0780
Epoch=135, loss=0.0801
Epoch=136, loss=0.0803
Epoch=137, loss=0.0785
Epoch=138, loss=0.0760
Epoch=139, loss=0.0778
Epoch=140, loss=0.0750
Epoch=141, loss=0.0726
Epoch=142, loss=0.0766
Epoch=143, loss=0.0739
Epoch=144, loss=0.0702
Epoch=145, loss=0.0790
Epoch=146, loss=0.0740
Epoch=147, loss=0.0719
Epoch=148, loss=0.0713
Epoch=149, loss=0.0711
Epoch=150, loss=0.0710
Epoch=151, loss=0.0721
Epoch=152, loss=0.0689
Epoch=153, loss=0.0726
Epoch=154, loss=0.0685
Epoch=155, loss=0.0722
Epoch=156, loss=0.0679
Epoch=157, loss=0.0694
Epoch=158, loss=0.0691
Epoch=159, loss=0.0679
Epoch=160, loss=0.0679
Epoch=161, loss=0.0708
Epoch=162, loss=0.0658
Epoch=163, loss=0.0633
Epoch=164, loss=0.0659
Epoch=165, loss=0.0649
Epoch=166, loss=0.0652
Epoch=167, loss=0.0678
Epoch=168, loss=0.0652
Epoch=169, loss=0.0615
Epoch=170, loss=0.0672
Epoch=171, loss=0.0664
Epoch=172, loss=0.0615
Epoch=173, loss=0.0623
Epoch=174, loss=0.0612
Epoch=175, loss=0.0632
Epoch=176, loss=0.0625
Epoch=177, loss=0.0577
Epoch=178, loss=0.0606
Epoch=179, loss=0.0611
Epoch=180, loss=0.0609
Epoch=181, loss=0.0584
Epoch=182, loss=0.0609
Epoch=183, loss=0.0639
Epoch=184, loss=0.0582
Epoch=185, loss=0.0573
Epoch=186, loss=0.0650
Epoch=187, loss=0.0611
Epoch=188, loss=0.0610
Epoch=189, loss=0.0573
Epoch=190, loss=0.0574
Epoch=191, loss=0.0572
Epoch=192, loss=0.0613
Epoch=193, loss=0.0538
Epoch=194, loss=0.0566
Epoch=195, loss=0.0575
Epoch=196, loss=0.0573
Epoch=197, loss=0.0543
Epoch=198, loss=0.0568
Epoch=199, loss=0.0592
Epoch=200, loss=0.0563
Epoch=201, loss=0.0534
Epoch=202, loss=0.0571
Epoch=203, loss=0.0552
Epoch=204, loss=0.0526
Epoch=205, loss=0.0564
Epoch=206, loss=0.0524
Epoch=207, loss=0.0498
Epoch=208, loss=0.0483
Epoch=209, loss=0.0468
Epoch=210, loss=0.0511
Epoch=211, loss=0.0542
Epoch=212, loss=0.0533
Epoch=213, loss=0.0529
Epoch=214, loss=0.0513
Epoch=215, loss=0.0520
Epoch=216, loss=0.0505
Epoch=217, loss=0.0479
Epoch=218, loss=0.0511
Epoch=219, loss=0.0501
Epoch=220, loss=0.0475
Epoch=221, loss=0.0510
Epoch=222, loss=0.0488
Epoch=223, loss=0.0452
Epoch=224, loss=0.0470
Epoch=225, loss=0.0478
Epoch=226, loss=0.0506
Epoch=227, loss=0.0472
Epoch=228, loss=0.0464
Epoch=229, loss=0.0461
Epoch=230, loss=0.0514
Epoch=231, loss=0.0449
Epoch=232, loss=0.0481
Epoch=233, loss=0.0464
Epoch=234, loss=0.0490
Epoch=235, loss=0.0489
Epoch=236, loss=0.0475
Epoch=237, loss=0.0470
Epoch=238, loss=0.0443
Epoch=239, loss=0.0483
Epoch=240, loss=0.0481
Epoch=241, loss=0.0449
Epoch=242, loss=0.0441
Epoch=243, loss=0.0423
Epoch=244, loss=0.0454
Epoch=245, loss=0.0438
Epoch=246, loss=0.0441
Epoch=247, loss=0.0423
Epoch=248, loss=0.0471
Epoch=249, loss=0.0425
Epoch=250, loss=0.0438
Epoch=251, loss=0.0410
Epoch=252, loss=0.0414
Epoch=253, loss=0.0440
Epoch=254, loss=0.0476
Epoch=255, loss=0.0461
Epoch=256, loss=0.0467
Epoch=257, loss=0.0446
Epoch=258, loss=0.0455
Epoch=259, loss=0.0450
Epoch=260, loss=0.0445
Epoch=261, loss=0.0422
Epoch=262, loss=0.0456
Epoch=263, loss=0.0426
Epoch=264, loss=0.0438
Epoch=265, loss=0.0461
Epoch=266, loss=0.0418
Epoch=267, loss=0.0465
Epoch=268, loss=0.0428
Epoch=269, loss=0.0387
Epoch=270, loss=0.0432
Epoch=271, loss=0.0412
Epoch=272, loss=0.0406
Epoch=273, loss=0.0394
Epoch=274, loss=0.0439
Epoch=275, loss=0.0419
Epoch=276, loss=0.0384
Epoch=277, loss=0.0428
Epoch=278, loss=0.0435
Epoch=279, loss=0.0407
Epoch=280, loss=0.0371
Epoch=281, loss=0.0375
Epoch=282, loss=0.0412
Epoch=283, loss=0.0413
Epoch=284, loss=0.0464
Epoch=285, loss=0.0380
Epoch=286, loss=0.0412
Epoch=287, loss=0.0408
Epoch=288, loss=0.0382
Epoch=289, loss=0.0367
Epoch=290, loss=0.0356
Epoch=291, loss=0.0376
Epoch=292, loss=0.0369
Epoch=293, loss=0.0413
Epoch=294, loss=0.0383
Epoch=295, loss=0.0399
Epoch=296, loss=0.0370
Epoch=297, loss=0.0427
Epoch=298, loss=0.0378
Epoch=299, loss=0.0400
Epoch=300, loss=0.0415
Epoch=301, loss=0.0328
Epoch=302, loss=0.0376
Epoch=303, loss=0.0389
Epoch=304, loss=0.0365
Epoch=305, loss=0.0377
Epoch=306, loss=0.0358
Epoch=307, loss=0.0347
Epoch=308, loss=0.0395
Epoch=309, loss=0.0375
Epoch=310, loss=0.0350
Epoch=311, loss=0.0343
Epoch=312, loss=0.0382
Epoch=313, loss=0.0386
Epoch=314, loss=0.0370
Epoch=315, loss=0.0376
Epoch=316, loss=0.0362
Epoch=317, loss=0.0333
Epoch=318, loss=0.0369
Epoch=319, loss=0.0344
Epoch=320, loss=0.0344
Epoch=321, loss=0.0352
Early stopping!
Loading 301th epoch
Early stopping!
Start to test process.
done with the edge prediction
done with the node prediction
done with the second node prediction
(E) | label_classification: F1Mi=0.7985+-0.0074, F1Ma=0.7815+-0.0109, acc=0.7985+-0.0074
[['MVGRL', 'heat', 16, 15, 2, 'normalize', 0.1, 0.2, 0.4, 0.001, 0.5, 0.2, 0.5, 0.0001, 512, 512, 0.9464667217154241, 0.9442916753998611, 0.946915878428252, 0.946366824674399, 0.75, 0.6000000238418579, 0.6165376901626587, 0.7428571581840515, 0.6060000061988831, 0.6276595592498779, 0.6595413913719393, 0.007881098705409444, 0.6156854537069868, 0.006742258859922978, 0.6595413913719393, 0.007881098705409444], ['MVGRL', 'heat', 32, 15, 2, 'normalize', 0.1, 0.2, 0.4, 0.001, 0.5, 0.2, 0.5, 0.0001, 512, 512, 0.9191854898862801, 0.9141670876428859, 0.9268747592077168, 0.9192415936460216, 0.8500000238418579, 0.7300000190734863, 0.7219535708427429, 0.8714285492897034, 0.7300000190734863, 0.7292069792747498, 0.7537504858142247, 0.011789917528589865, 0.7268703415111675, 0.019696998575653147, 0.7537504858142247, 0.011789917528589865], ['MVGRL', 'heat', 64, 15, 2, 'normalize', 0.1, 0.2, 0.4, 0.001, 0.5, 0.2, 0.5, 0.0001, 512, 512, 0.9644046085659997, 0.9615532242888878, 0.9608647278462098, 0.9596723635784601, 0.9142857193946838, 0.7699999809265137, 0.7678917050361633, 0.9285714030265808, 0.7720000147819519, 0.7664409875869751, 0.7851535172949864, 0.016469649642892655, 0.751977323556374, 0.03299115978826194, 0.7851535172949864, 0.01646964964289263], ['MVGRL', 'heat', 128, 15, 2, 'normalize', 0.1, 0.2, 0.4, 0.001, 0.5, 0.2, 0.5, 0.0001, 512, 512, 0.9905977486805775, 0.9892817485603008, 0.9760485941331297, 0.9735398506415266, 0.9571428298950195, 0.777999997138977, 0.7553191781044006, 0.9642857313156128, 0.7760000228881836, 0.7601547241210938, 0.7877186164010881, 0.014089135173976478, 0.7544069541476075, 0.040396958739329525, 0.7877186164010881, 0.014089135173976482], ['MVGRL', 'heat', 256, 15, 2, 'normalize', 0.1, 0.2, 0.4, 0.001, 0.5, 0.2, 0.5, 0.0001, 512, 512, 0.9883977346205051, 0.9868841319109016, 0.9744319102434388, 0.9728430018000497, 1.0, 0.7680000066757202, 0.7572534084320068, 1.0, 0.765999972820282, 0.7562862634658813, 0.798523124757093, 0.007413365887332383, 0.7815415898601236, 0.010907635214545616, 0.798523124757093, 0.007413365887332347]]
Epoch=000, loss=0.6918
Epoch=001, loss=0.6678
Epoch=002, loss=0.7590
Epoch=003, loss=0.6346
Epoch=004, loss=0.7101
Epoch=005, loss=0.6469
Epoch=006, loss=0.6148
Epoch=007, loss=0.6415
Epoch=008, loss=0.6380
Epoch=009, loss=0.6003
Epoch=010, loss=0.5813
Epoch=011, loss=0.5970
Epoch=012, loss=0.5882
Epoch=013, loss=0.5582
Epoch=014, loss=0.5434
Epoch=015, loss=0.5510
Epoch=016, loss=0.5354
Epoch=017, loss=0.5101
Epoch=018, loss=0.5012
Epoch=019, loss=0.4975
Epoch=020, loss=0.4842
Epoch=021, loss=0.4585
Epoch=022, loss=0.4509
Epoch=023, loss=0.4431
Epoch=024, loss=0.4271
Epoch=025, loss=0.4110
Epoch=026, loss=0.4083
Epoch=027, loss=0.3999
Epoch=028, loss=0.3813
Epoch=029, loss=0.3709
Epoch=030, loss=0.3577
Epoch=031, loss=0.3448
Epoch=032, loss=0.3381
Epoch=033, loss=0.3370
Epoch=034, loss=0.3129
Epoch=035, loss=0.3094
Epoch=036, loss=0.3073
Epoch=037, loss=0.2960
Epoch=038, loss=0.2885
Epoch=039, loss=0.2769
Epoch=040, loss=0.2630
Epoch=041, loss=0.2559
Epoch=042, loss=0.2562
Epoch=043, loss=0.2451
Epoch=044, loss=0.2402
Epoch=045, loss=0.2329
Epoch=046, loss=0.2310
Epoch=047, loss=0.2186
Epoch=048, loss=0.2114
Epoch=049, loss=0.2102
Epoch=050, loss=0.2029
Epoch=051, loss=0.1983
Epoch=052, loss=0.2000
Epoch=053, loss=0.1925
Epoch=054, loss=0.1843
Epoch=055, loss=0.1850
Epoch=056, loss=0.1757
Epoch=057, loss=0.1714
Epoch=058, loss=0.1703
Epoch=059, loss=0.1651
Epoch=060, loss=0.1610
Epoch=061, loss=0.1578
Epoch=062, loss=0.1542
Epoch=063, loss=0.1497
Epoch=064, loss=0.1469
Epoch=065, loss=0.1509
Epoch=066, loss=0.1431
Epoch=067, loss=0.1403
Epoch=068, loss=0.1373
Epoch=069, loss=0.1337
Epoch=070, loss=0.1343
Epoch=071, loss=0.1310
Epoch=072, loss=0.1259
Epoch=073, loss=0.1226
Epoch=074, loss=0.1245
Epoch=075, loss=0.1195
Epoch=076, loss=0.1215
Epoch=077, loss=0.1178
Epoch=078, loss=0.1191
Epoch=079, loss=0.1147
Epoch=080, loss=0.1149
Epoch=081, loss=0.1130
Epoch=082, loss=0.1098
Epoch=083, loss=0.1018
Epoch=084, loss=0.1070
Epoch=085, loss=0.1023
Epoch=086, loss=0.0993
Epoch=087, loss=0.1020
Epoch=088, loss=0.1031
Epoch=089, loss=0.0982
Epoch=090, loss=0.0963
Epoch=091, loss=0.0958
Epoch=092, loss=0.0961
Epoch=093, loss=0.0951
Epoch=094, loss=0.0917
Epoch=095, loss=0.0909
Epoch=096, loss=0.0911
Epoch=097, loss=0.0887
Epoch=098, loss=0.0853
Epoch=099, loss=0.0865
Epoch=100, loss=0.0870
Epoch=101, loss=0.0934
Epoch=102, loss=0.0815
Epoch=103, loss=0.0852
Epoch=104, loss=0.0804
Epoch=105, loss=0.0883
Epoch=106, loss=0.0808
Epoch=107, loss=0.0844
Epoch=108, loss=0.0824
Epoch=109, loss=0.0821
Epoch=110, loss=0.0847
Epoch=111, loss=0.0848
Epoch=112, loss=0.0763
Epoch=113, loss=0.0774
Epoch=114, loss=0.0762
Epoch=115, loss=0.0754
Epoch=116, loss=0.0786
Epoch=117, loss=0.0768
Epoch=118, loss=0.0748
Epoch=119, loss=0.0771
Epoch=120, loss=0.0728
Epoch=121, loss=0.0722
Epoch=122, loss=0.0807
Epoch=123, loss=0.0782
Epoch=124, loss=0.0690
Epoch=125, loss=0.0752
Epoch=126, loss=0.0797
Epoch=127, loss=0.0715
Epoch=128, loss=0.0780
Epoch=129, loss=0.0688
Epoch=130, loss=0.0738
Epoch=131, loss=0.0669
Epoch=132, loss=0.0729
Epoch=133, loss=0.0687
Epoch=134, loss=0.0668
Epoch=135, loss=0.0686
Epoch=136, loss=0.0670
Epoch=137, loss=0.0631
Epoch=138, loss=0.0684
Epoch=139, loss=0.0652
Epoch=140, loss=0.0643
Epoch=141, loss=0.0599
Epoch=142, loss=0.0675
Epoch=143, loss=0.0655
Epoch=144, loss=0.0664
Epoch=145, loss=0.0651
Epoch=146, loss=0.0614
Epoch=147, loss=0.0646
Epoch=148, loss=0.0626
Epoch=149, loss=0.0605
Epoch=150, loss=0.0598
Epoch=151, loss=0.0617
Epoch=152, loss=0.0627
Epoch=153, loss=0.0615
Epoch=154, loss=0.0579
Epoch=155, loss=0.0576
Epoch=156, loss=0.0611
Epoch=157, loss=0.0572
Epoch=158, loss=0.0529
Epoch=159, loss=0.0544
Epoch=160, loss=0.0584
Epoch=161, loss=0.0532
Epoch=162, loss=0.0603
Epoch=163, loss=0.0554
Epoch=164, loss=0.0570
Epoch=165, loss=0.0556
Epoch=166, loss=0.0527
Epoch=167, loss=0.0558
Epoch=168, loss=0.0529
Epoch=169, loss=0.0592
Epoch=170, loss=0.0560
Epoch=171, loss=0.0581
Epoch=172, loss=0.0547
Epoch=173, loss=0.0539
Epoch=174, loss=0.0552
Epoch=175, loss=0.0551
Epoch=176, loss=0.0511
Epoch=177, loss=0.0483
Epoch=178, loss=0.0515
Epoch=179, loss=0.0507
Epoch=180, loss=0.0530
Epoch=181, loss=0.0491
Epoch=182, loss=0.0531
Epoch=183, loss=0.0559
Epoch=184, loss=0.0512
Epoch=185, loss=0.0501
Epoch=186, loss=0.0517
Epoch=187, loss=0.0466
Epoch=188, loss=0.0527
Epoch=189, loss=0.0497
Epoch=190, loss=0.0501
Epoch=191, loss=0.0499
Epoch=192, loss=0.0535
Epoch=193, loss=0.0496
Epoch=194, loss=0.0519
Epoch=195, loss=0.0468
Epoch=196, loss=0.0457
Epoch=197, loss=0.0488
Epoch=198, loss=0.0513
Epoch=199, loss=0.0454
Epoch=200, loss=0.0468
Epoch=201, loss=0.0540
Epoch=202, loss=0.0477
Epoch=203, loss=0.0461
Epoch=204, loss=0.0477
Epoch=205, loss=0.0428
Epoch=206, loss=0.0471
Epoch=207, loss=0.0465
Epoch=208, loss=0.0455
Epoch=209, loss=0.0457
Epoch=210, loss=0.0449
Epoch=211, loss=0.0491
Epoch=212, loss=0.0486
Epoch=213, loss=0.0448
Epoch=214, loss=0.0457
Epoch=215, loss=0.0428
Epoch=216, loss=0.0456
Epoch=217, loss=0.0431
Epoch=218, loss=0.0416
Epoch=219, loss=0.0407
Epoch=220, loss=0.0481
Epoch=221, loss=0.0426
Epoch=222, loss=0.0431
Epoch=223, loss=0.0439
Epoch=224, loss=0.0428
Epoch=225, loss=0.0420
Epoch=226, loss=0.0436
Epoch=227, loss=0.0382
Epoch=228, loss=0.0401
Epoch=229, loss=0.0427
Epoch=230, loss=0.0435
Epoch=231, loss=0.0411
Epoch=232, loss=0.0416
Epoch=233, loss=0.0439
Epoch=234, loss=0.0399
Epoch=235, loss=0.0467
Epoch=236, loss=0.0434
Epoch=237, loss=0.0406
Epoch=238, loss=0.0416
Epoch=239, loss=0.0409
Epoch=240, loss=0.0429
Epoch=241, loss=0.0414
Epoch=242, loss=0.0400
Epoch=243, loss=0.0393
Epoch=244, loss=0.0365
Epoch=245, loss=0.0382
Epoch=246, loss=0.0379
Epoch=247, loss=0.0411
Epoch=248, loss=0.0454
Epoch=249, loss=0.0379
Epoch=250, loss=0.0474
Epoch=251, loss=0.0363
Epoch=252, loss=0.0374
Epoch=253, loss=0.0384
Epoch=254, loss=0.0334
Epoch=255, loss=0.0377
Epoch=256, loss=0.0363
Epoch=257, loss=0.0386
Epoch=258, loss=0.0382
Epoch=259, loss=0.0412
Epoch=260, loss=0.0387
Epoch=261, loss=0.0369
Epoch=262, loss=0.0403
Epoch=263, loss=0.0309
Epoch=264, loss=0.0393
Epoch=265, loss=0.0387
Epoch=266, loss=0.0346
Epoch=267, loss=0.0358
Epoch=268, loss=0.0351
Epoch=269, loss=0.0350
Epoch=270, loss=0.0379
Epoch=271, loss=0.0343
Epoch=272, loss=0.0341
Epoch=273, loss=0.0377
Epoch=274, loss=0.0339
Epoch=275, loss=0.0354
Epoch=276, loss=0.0333
Epoch=277, loss=0.0345
Epoch=278, loss=0.0391
Epoch=279, loss=0.0321
Epoch=280, loss=0.0374
Epoch=281, loss=0.0348
Epoch=282, loss=0.0338
Epoch=283, loss=0.0353
Early stopping!
Loading 263th epoch
Early stopping!
Start to test process.
done with the edge prediction
done with the node prediction
done with the second node prediction
(E) | label_classification: F1Mi=0.8055+-0.0127, F1Ma=0.7915+-0.0197, acc=0.8055+-0.0127
[['MVGRL', 'heat', 16, 15, 2, 'normalize', 0.1, 0.2, 0.4, 0.001, 0.5, 0.2, 0.5, 0.0001, 512, 512, 0.9464667217154241, 0.9442916753998611, 0.946915878428252, 0.946366824674399, 0.75, 0.6000000238418579, 0.6165376901626587, 0.7428571581840515, 0.6060000061988831, 0.6276595592498779, 0.6595413913719393, 0.007881098705409444, 0.6156854537069868, 0.006742258859922978, 0.6595413913719393, 0.007881098705409444], ['MVGRL', 'heat', 32, 15, 2, 'normalize', 0.1, 0.2, 0.4, 0.001, 0.5, 0.2, 0.5, 0.0001, 512, 512, 0.9191854898862801, 0.9141670876428859, 0.9268747592077168, 0.9192415936460216, 0.8500000238418579, 0.7300000190734863, 0.7219535708427429, 0.8714285492897034, 0.7300000190734863, 0.7292069792747498, 0.7537504858142247, 0.011789917528589865, 0.7268703415111675, 0.019696998575653147, 0.7537504858142247, 0.011789917528589865], ['MVGRL', 'heat', 64, 15, 2, 'normalize', 0.1, 0.2, 0.4, 0.001, 0.5, 0.2, 0.5, 0.0001, 512, 512, 0.9644046085659997, 0.9615532242888878, 0.9608647278462098, 0.9596723635784601, 0.9142857193946838, 0.7699999809265137, 0.7678917050361633, 0.9285714030265808, 0.7720000147819519, 0.7664409875869751, 0.7851535172949864, 0.016469649642892655, 0.751977323556374, 0.03299115978826194, 0.7851535172949864, 0.01646964964289263], ['MVGRL', 'heat', 128, 15, 2, 'normalize', 0.1, 0.2, 0.4, 0.001, 0.5, 0.2, 0.5, 0.0001, 512, 512, 0.9905977486805775, 0.9892817485603008, 0.9760485941331297, 0.9735398506415266, 0.9571428298950195, 0.777999997138977, 0.7553191781044006, 0.9642857313156128, 0.7760000228881836, 0.7601547241210938, 0.7877186164010881, 0.014089135173976478, 0.7544069541476075, 0.040396958739329525, 0.7877186164010881, 0.014089135173976482], ['MVGRL', 'heat', 256, 15, 2, 'normalize', 0.1, 0.2, 0.4, 0.001, 0.5, 0.2, 0.5, 0.0001, 512, 512, 0.9883977346205051, 0.9868841319109016, 0.9744319102434388, 0.9728430018000497, 1.0, 0.7680000066757202, 0.7572534084320068, 1.0, 0.765999972820282, 0.7562862634658813, 0.798523124757093, 0.007413365887332383, 0.7815415898601236, 0.010907635214545616, 0.798523124757093, 0.007413365887332347], ['MVGRL', 'heat', 512, 15, 2, 'normalize', 0.1, 0.2, 0.4, 0.001, 0.5, 0.2, 0.5, 0.0001, 512, 512, 0.992526366607249, 0.9914026573130009, 0.9782053728634748, 0.9773537907466718, 0.8999999761581421, 0.7839999794960022, 0.761605441570282, 0.9428571462631226, 0.7820000052452087, 0.7649903297424316, 0.8055188495919161, 0.012650229274930907, 0.7914506569834673, 0.019673582198518957, 0.8055188495919161, 0.012650229274930891]]
