My SLURM_ARRAY_TASK_ID:  11
My SLURM_ARRAY_JOB_ID:  4522349
GRACE
Cora
result file is 4522349_11
Dataset: Cora():
======================
Number of graphs: 1
Number of features: 1433
Number of classes: 7
Data(x=[2708, 1433], edge_index=[2, 10556], y=[2708], train_mask=[2708], val_mask=[2708], test_mask=[2708])
==============================================================
Number of nodes: 2708
Number of edges: 10556
Average node degree: 3.90
Number of training nodes: 140
Training node label rate: 0.05
Contains isolated nodes: False
Contains self-loops: False
Is undirected: True
=== train GRACE model ===
Epoch=000, loss=1.4374
Epoch=001, loss=1.1827
Epoch=002, loss=1.0439
Epoch=003, loss=0.9496
Epoch=004, loss=0.8807
Epoch=005, loss=0.8253
Epoch=006, loss=0.7781
Epoch=007, loss=0.7377
Epoch=008, loss=0.7027
Epoch=009, loss=0.6717
Epoch=010, loss=0.6438
Epoch=011, loss=0.6183
Epoch=012, loss=0.5946
Epoch=013, loss=0.5725
Epoch=014, loss=0.5517
Epoch=015, loss=0.5326
Epoch=016, loss=0.5154
Epoch=017, loss=0.5000
Epoch=018, loss=0.4858
Epoch=019, loss=0.4722
Epoch=020, loss=0.4589
Epoch=021, loss=0.4461
Epoch=022, loss=0.4341
Epoch=023, loss=0.4231
Epoch=024, loss=0.4128
Epoch=025, loss=0.4032
Epoch=026, loss=0.3942
Epoch=027, loss=0.3857
Epoch=028, loss=0.3778
Epoch=029, loss=0.3702
Epoch=030, loss=0.3629
Epoch=031, loss=0.3558
Epoch=032, loss=0.3490
Epoch=033, loss=0.3426
Epoch=034, loss=0.3364
Epoch=035, loss=0.3305
Epoch=036, loss=0.3249
Epoch=037, loss=0.3196
Epoch=038, loss=0.3145
Epoch=039, loss=0.3096
Epoch=040, loss=0.3049
Epoch=041, loss=0.3003
Epoch=042, loss=0.2960
Epoch=043, loss=0.2918
Epoch=044, loss=0.2878
Epoch=045, loss=0.2840
Epoch=046, loss=0.2803
Epoch=047, loss=0.2767
Epoch=048, loss=0.2733
Epoch=049, loss=0.2700
Epoch=050, loss=0.2668
Epoch=051, loss=0.2638
Epoch=052, loss=0.2608
Epoch=053, loss=0.2579
Epoch=054, loss=0.2551
Epoch=055, loss=0.2524
Epoch=056, loss=0.2498
Epoch=057, loss=0.2473
Epoch=058, loss=0.2448
Epoch=059, loss=0.2424
Epoch=060, loss=0.2401
Epoch=061, loss=0.2378
Epoch=062, loss=0.2356
Epoch=063, loss=0.2334
Epoch=064, loss=0.2314
Epoch=065, loss=0.2294
Epoch=066, loss=0.2274
Epoch=067, loss=0.2255
Epoch=068, loss=0.2237
Epoch=069, loss=0.2219
Epoch=070, loss=0.2202
Epoch=071, loss=0.2185
Epoch=072, loss=0.2168
Epoch=073, loss=0.2152
Epoch=074, loss=0.2136
Epoch=075, loss=0.2121
Epoch=076, loss=0.2106
Epoch=077, loss=0.2091
Epoch=078, loss=0.2077
Epoch=079, loss=0.2063
Epoch=080, loss=0.2049
Epoch=081, loss=0.2036
Epoch=082, loss=0.2023
Epoch=083, loss=0.2010
Epoch=084, loss=0.1998
Epoch=085, loss=0.1986
Epoch=086, loss=0.1974
Epoch=087, loss=0.1962
Epoch=088, loss=0.1951
Epoch=089, loss=0.1940
Epoch=090, loss=0.1929
Epoch=091, loss=0.1918
Epoch=092, loss=0.1908
Epoch=093, loss=0.1898
Epoch=094, loss=0.1888
Epoch=095, loss=0.1878
Epoch=096, loss=0.1869
Epoch=097, loss=0.1859
Epoch=098, loss=0.1850
Epoch=099, loss=0.1841
Epoch=100, loss=0.1833
Epoch=101, loss=0.1824
Epoch=102, loss=0.1816
Epoch=103, loss=0.1808
Epoch=104, loss=0.1800
Epoch=105, loss=0.1792
Epoch=106, loss=0.1785
Epoch=107, loss=0.1777
Epoch=108, loss=0.1770
Epoch=109, loss=0.1763
Epoch=110, loss=0.1756
Epoch=111, loss=0.1750
Epoch=112, loss=0.1743
Epoch=113, loss=0.1737
Epoch=114, loss=0.1730
Epoch=115, loss=0.1724
Epoch=116, loss=0.1719
Epoch=117, loss=0.1713
Epoch=118, loss=0.1707
Epoch=119, loss=0.1702
Epoch=120, loss=0.1696
Epoch=121, loss=0.1691
Epoch=122, loss=0.1686
Epoch=123, loss=0.1681
Epoch=124, loss=0.1676
Epoch=125, loss=0.1672
Epoch=126, loss=0.1667
Epoch=127, loss=0.1663
Epoch=128, loss=0.1658
Epoch=129, loss=0.1654
Epoch=130, loss=0.1650
Epoch=131, loss=0.1646
Epoch=132, loss=0.1641
Epoch=133, loss=0.1638
Epoch=134, loss=0.1634
Epoch=135, loss=0.1630
Epoch=136, loss=0.1626
Epoch=137, loss=0.1622
Epoch=138, loss=0.1619
Epoch=139, loss=0.1615
Epoch=140, loss=0.1612
Epoch=141, loss=0.1608
Epoch=142, loss=0.1605
Epoch=143, loss=0.1601
Epoch=144, loss=0.1598
Epoch=145, loss=0.1595
Epoch=146, loss=0.1592
Epoch=147, loss=0.1589
Epoch=148, loss=0.1586
Epoch=149, loss=0.1583
Epoch=150, loss=0.1580
Epoch=151, loss=0.1577
Epoch=152, loss=0.1574
Epoch=153, loss=0.1571
Epoch=154, loss=0.1569
Epoch=155, loss=0.1566
Epoch=156, loss=0.1563
Epoch=157, loss=0.1561
Epoch=158, loss=0.1558
Epoch=159, loss=0.1556
Epoch=160, loss=0.1553
Epoch=161, loss=0.1551
Epoch=162, loss=0.1549
Epoch=163, loss=0.1546
Epoch=164, loss=0.1544
Epoch=165, loss=0.1542
Epoch=166, loss=0.1540
Epoch=167, loss=0.1538
Epoch=168, loss=0.1535
Epoch=169, loss=0.1533
Epoch=170, loss=0.1531
Epoch=171, loss=0.1529
Epoch=172, loss=0.1527
Epoch=173, loss=0.1525
Epoch=174, loss=0.1523
Epoch=175, loss=0.1521
Epoch=176, loss=0.1520
Epoch=177, loss=0.1518
Epoch=178, loss=0.1516
Epoch=179, loss=0.1514
Epoch=180, loss=0.1512
Epoch=181, loss=0.1511
Epoch=182, loss=0.1509
Epoch=183, loss=0.1507
Epoch=184, loss=0.1506
Epoch=185, loss=0.1504
Epoch=186, loss=0.1502
Epoch=187, loss=0.1501
Epoch=188, loss=0.1499
Epoch=189, loss=0.1498
Epoch=190, loss=0.1496
Epoch=191, loss=0.1494
Epoch=192, loss=0.1493
Epoch=193, loss=0.1492
Epoch=194, loss=0.1490
Epoch=195, loss=0.1489
Epoch=196, loss=0.1487
Epoch=197, loss=0.1486
Epoch=198, loss=0.1484
Epoch=199, loss=0.1483
Epoch=200, loss=0.1482
Epoch=201, loss=0.1480
Epoch=202, loss=0.1479
Epoch=203, loss=0.1478
Epoch=204, loss=0.1476
Epoch=205, loss=0.1475
Epoch=206, loss=0.1474
Epoch=207, loss=0.1473
Epoch=208, loss=0.1471
Epoch=209, loss=0.1470
Epoch=210, loss=0.1469
Epoch=211, loss=0.1468
Epoch=212, loss=0.1466
Epoch=213, loss=0.1465
Epoch=214, loss=0.1464
Epoch=215, loss=0.1463
Epoch=216, loss=0.1462
Epoch=217, loss=0.1461
Epoch=218, loss=0.1460
Epoch=219, loss=0.1459
Epoch=220, loss=0.1458
Epoch=221, loss=0.1457
Epoch=222, loss=0.1456
Epoch=223, loss=0.1455
Epoch=224, loss=0.1454
Epoch=225, loss=0.1453
Epoch=226, loss=0.1452
Epoch=227, loss=0.1451
Epoch=228, loss=0.1450
Epoch=229, loss=0.1449
Epoch=230, loss=0.1448
Epoch=231, loss=0.1447
Epoch=232, loss=0.1446
Epoch=233, loss=0.1445
Epoch=234, loss=0.1444
Epoch=235, loss=0.1444
Epoch=236, loss=0.1443
Epoch=237, loss=0.1442
Epoch=238, loss=0.1441
Epoch=239, loss=0.1440
Epoch=240, loss=0.1440
Epoch=241, loss=0.1439
Epoch=242, loss=0.1438
Epoch=243, loss=0.1437
Epoch=244, loss=0.1436
Epoch=245, loss=0.1436
Epoch=246, loss=0.1435
Epoch=247, loss=0.1434
Epoch=248, loss=0.1433
Epoch=249, loss=0.1433
Epoch=250, loss=0.1432
Epoch=251, loss=0.1431
Epoch=252, loss=0.1430
Epoch=253, loss=0.1430
Epoch=254, loss=0.1429
Epoch=255, loss=0.1428
Epoch=256, loss=0.1428
Epoch=257, loss=0.1427
Epoch=258, loss=0.1426
Epoch=259, loss=0.1425
Epoch=260, loss=0.1425
Epoch=261, loss=0.1424
Epoch=262, loss=0.1423
Epoch=263, loss=0.1423
Epoch=264, loss=0.1422
Epoch=265, loss=0.1421
Epoch=266, loss=0.1420
Epoch=267, loss=0.1420
Epoch=268, loss=0.1419
Epoch=269, loss=0.1418
Epoch=270, loss=0.1418
Epoch=271, loss=0.1417
Epoch=272, loss=0.1416
Epoch=273, loss=0.1416
Epoch=274, loss=0.1415
Epoch=275, loss=0.1414
Epoch=276, loss=0.1413
Epoch=277, loss=0.1413
Epoch=278, loss=0.1412
Epoch=279, loss=0.1412
Epoch=280, loss=0.1411
Epoch=281, loss=0.1410
Epoch=282, loss=0.1410
Epoch=283, loss=0.1409
Epoch=284, loss=0.1408
Epoch=285, loss=0.1408
Epoch=286, loss=0.1407
Epoch=287, loss=0.1407
Epoch=288, loss=0.1406
Epoch=289, loss=0.1406
Epoch=290, loss=0.1405
Epoch=291, loss=0.1404
Epoch=292, loss=0.1404
Epoch=293, loss=0.1403
Epoch=294, loss=0.1403
Epoch=295, loss=0.1402
Epoch=296, loss=0.1402
Epoch=297, loss=0.1401
Epoch=298, loss=0.1401
Epoch=299, loss=0.1400
Epoch=300, loss=0.1400
Epoch=301, loss=0.1399
Epoch=302, loss=0.1399
Epoch=303, loss=0.1398
Epoch=304, loss=0.1398
Epoch=305, loss=0.1397
Epoch=306, loss=0.1397
Epoch=307, loss=0.1397
Epoch=308, loss=0.1396
Epoch=309, loss=0.1396
Epoch=310, loss=0.1395
Epoch=311, loss=0.1395
Epoch=312, loss=0.1394
Epoch=313, loss=0.1394
Epoch=314, loss=0.1394
Epoch=315, loss=0.1393
Epoch=316, loss=0.1393
Epoch=317, loss=0.1392
Epoch=318, loss=0.1392
Epoch=319, loss=0.1391
Epoch=320, loss=0.1391
Epoch=321, loss=0.1391
Epoch=322, loss=0.1390
Epoch=323, loss=0.1390
Epoch=324, loss=0.1389
Epoch=325, loss=0.1389
Epoch=326, loss=0.1389
Epoch=327, loss=0.1388
Epoch=328, loss=0.1388
Epoch=329, loss=0.1388
Epoch=330, loss=0.1387
Epoch=331, loss=0.1387
Epoch=332, loss=0.1386
Epoch=333, loss=0.1386
Epoch=334, loss=0.1386
Epoch=335, loss=0.1385
Epoch=336, loss=0.1385
Epoch=337, loss=0.1385
Epoch=338, loss=0.1384
Epoch=339, loss=0.1384
Epoch=340, loss=0.1384
Epoch=341, loss=0.1383
Epoch=342, loss=0.1383
Epoch=343, loss=0.1383
Epoch=344, loss=0.1382
Epoch=345, loss=0.1382
Epoch=346, loss=0.1382
Epoch=347, loss=0.1381
Epoch=348, loss=0.1381
Epoch=349, loss=0.1381
Epoch=350, loss=0.1380
Epoch=351, loss=0.1380
Epoch=352, loss=0.1380
Epoch=353, loss=0.1379
Epoch=354, loss=0.1379
Epoch=355, loss=0.1379
Epoch=356, loss=0.1378
Epoch=357, loss=0.1378
Epoch=358, loss=0.1378
Epoch=359, loss=0.1378
Epoch=360, loss=0.1377
Epoch=361, loss=0.1377
Epoch=362, loss=0.1377
Epoch=363, loss=0.1376
Epoch=364, loss=0.1376
Epoch=365, loss=0.1376
Epoch=366, loss=0.1376
Epoch=367, loss=0.1375
Epoch=368, loss=0.1375
Epoch=369, loss=0.1375
Epoch=370, loss=0.1374
Epoch=371, loss=0.1374
Epoch=372, loss=0.1374
Epoch=373, loss=0.1374
Epoch=374, loss=0.1373
Epoch=375, loss=0.1373
Epoch=376, loss=0.1373
Epoch=377, loss=0.1372
Epoch=378, loss=0.1372
Epoch=379, loss=0.1372
Epoch=380, loss=0.1372
Epoch=381, loss=0.1371
Epoch=382, loss=0.1371
Epoch=383, loss=0.1371
Epoch=384, loss=0.1371
Epoch=385, loss=0.1370
Epoch=386, loss=0.1370
Epoch=387, loss=0.1370
Epoch=388, loss=0.1370
Epoch=389, loss=0.1369
Epoch=390, loss=0.1369
Epoch=391, loss=0.1369
Epoch=392, loss=0.1369
Epoch=393, loss=0.1368
Epoch=394, loss=0.1368
Epoch=395, loss=0.1368
Epoch=396, loss=0.1368
Epoch=397, loss=0.1367
Epoch=398, loss=0.1367
Epoch=399, loss=0.1367
Epoch=400, loss=0.1367
Epoch=401, loss=0.1366
Epoch=402, loss=0.1366
Epoch=403, loss=0.1366
Epoch=404, loss=0.1366
Epoch=405, loss=0.1366
Epoch=406, loss=0.1365
Epoch=407, loss=0.1365
Epoch=408, loss=0.1365
Epoch=409, loss=0.1365
Epoch=410, loss=0.1364
Epoch=411, loss=0.1364
Epoch=412, loss=0.1364
Epoch=413, loss=0.1364
Epoch=414, loss=0.1363
Epoch=415, loss=0.1363
Epoch=416, loss=0.1363
Epoch=417, loss=0.1363
Epoch=418, loss=0.1363
Epoch=419, loss=0.1362
Epoch=420, loss=0.1362
Epoch=421, loss=0.1362
Epoch=422, loss=0.1362
Epoch=423, loss=0.1362
Epoch=424, loss=0.1361
Epoch=425, loss=0.1361
Epoch=426, loss=0.1361
Epoch=427, loss=0.1361
Epoch=428, loss=0.1361
Epoch=429, loss=0.1360
Epoch=430, loss=0.1360
Epoch=431, loss=0.1360
Epoch=432, loss=0.1360
Epoch=433, loss=0.1360
Epoch=434, loss=0.1359
Epoch=435, loss=0.1359
Epoch=436, loss=0.1359
Epoch=437, loss=0.1359
Epoch=438, loss=0.1359
Epoch=439, loss=0.1358
Epoch=440, loss=0.1358
Epoch=441, loss=0.1358
Epoch=442, loss=0.1358
Epoch=443, loss=0.1358
Epoch=444, loss=0.1357
Epoch=445, loss=0.1357
Epoch=446, loss=0.1357
Epoch=447, loss=0.1357
Epoch=448, loss=0.1357
Epoch=449, loss=0.1356
Epoch=450, loss=0.1356
Epoch=451, loss=0.1356
Epoch=452, loss=0.1356
Epoch=453, loss=0.1356
Epoch=454, loss=0.1356
Epoch=455, loss=0.1355
Epoch=456, loss=0.1355
Epoch=457, loss=0.1355
Epoch=458, loss=0.1355
Epoch=459, loss=0.1355
Epoch=460, loss=0.1354
Epoch=461, loss=0.1354
Epoch=462, loss=0.1354
Epoch=463, loss=0.1354
Epoch=464, loss=0.1354
Epoch=465, loss=0.1354
Epoch=466, loss=0.1353
Epoch=467, loss=0.1353
Epoch=468, loss=0.1353
Epoch=469, loss=0.1353
Epoch=470, loss=0.1353
Epoch=471, loss=0.1353
Epoch=472, loss=0.1352
Epoch=473, loss=0.1352
Epoch=474, loss=0.1352
Epoch=475, loss=0.1352
Epoch=476, loss=0.1352
Epoch=477, loss=0.1352
Epoch=478, loss=0.1351
Epoch=479, loss=0.1351
Epoch=480, loss=0.1351
Epoch=481, loss=0.1351
Epoch=482, loss=0.1351
Epoch=483, loss=0.1351
Epoch=484, loss=0.1350
Epoch=485, loss=0.1350
Epoch=486, loss=0.1350
Epoch=487, loss=0.1350
Epoch=488, loss=0.1350
Epoch=489, loss=0.1350
Epoch=490, loss=0.1350
Epoch=491, loss=0.1349
Epoch=492, loss=0.1349
Epoch=493, loss=0.1349
Epoch=494, loss=0.1349
Epoch=495, loss=0.1349
Epoch=496, loss=0.1349
Epoch=497, loss=0.1348
Epoch=498, loss=0.1348
Epoch=499, loss=0.1348
Early stopping!
Start to test process.
done with the edge prediction
done with the node prediction
done with the second node prediction
