My SLURM_ARRAY_TASK_ID:  6
My SLURM_ARRAY_JOB_ID:  4522289
DGI
Cora
result file is 4522289_6
Found it
Dataset: Cora():
======================
Number of graphs: 1
Number of features: 1433
Number of classes: 7
Data(x=[2708, 1433], edge_index=[2, 10556], y=[2708], train_mask=[2708], val_mask=[2708], test_mask=[2708])
==============================================================
Number of nodes: 2708
Number of edges: 10556
Average node degree: 3.90
Number of training nodes: 140
Training node label rate: 0.05
Contains isolated nodes: False
Contains self-loops: False
Is undirected: True
/scratch/midway3/cdonnat/gnumap/experiments/results/DGI_results_Cora_4522289_6.csv
=== train DGI model ===
Epoch=000, loss=0.6932
Epoch=001, loss=0.6931
Epoch=002, loss=0.6931
Epoch=003, loss=0.6930
Epoch=004, loss=0.6930
Epoch=005, loss=0.6930
Epoch=006, loss=0.6930
Epoch=007, loss=0.6929
Epoch=008, loss=0.6929
Epoch=009, loss=0.6928
Epoch=010, loss=0.6928
Epoch=011, loss=0.6927
Epoch=012, loss=0.6927
Epoch=013, loss=0.6926
Epoch=014, loss=0.6926
Epoch=015, loss=0.6925
Epoch=016, loss=0.6924
Epoch=017, loss=0.6924
Epoch=018, loss=0.6923
Epoch=019, loss=0.6922
Epoch=020, loss=0.6920
Epoch=021, loss=0.6919
Epoch=022, loss=0.6919
Epoch=023, loss=0.6917
Epoch=024, loss=0.6916
Epoch=025, loss=0.6915
Epoch=026, loss=0.6913
Epoch=027, loss=0.6912
Epoch=028, loss=0.6910
Epoch=029, loss=0.6908
Epoch=030, loss=0.6906
Epoch=031, loss=0.6904
Epoch=032, loss=0.6902
Epoch=033, loss=0.6901
Epoch=034, loss=0.6897
Epoch=035, loss=0.6895
Epoch=036, loss=0.6892
Epoch=037, loss=0.6890
Epoch=038, loss=0.6887
Epoch=039, loss=0.6884
Epoch=040, loss=0.6882
Epoch=041, loss=0.6878
Epoch=042, loss=0.6874
Epoch=043, loss=0.6870
Epoch=044, loss=0.6867
Epoch=045, loss=0.6862
Epoch=046, loss=0.6859
Epoch=047, loss=0.6855
Epoch=048, loss=0.6850
Epoch=049, loss=0.6846
Epoch=050, loss=0.6841
Epoch=051, loss=0.6835
Epoch=052, loss=0.6831
Epoch=053, loss=0.6823
Epoch=054, loss=0.6820
Epoch=055, loss=0.6813
Epoch=056, loss=0.6805
Epoch=057, loss=0.6799
Epoch=058, loss=0.6791
Epoch=059, loss=0.6787
Epoch=060, loss=0.6778
Epoch=061, loss=0.6767
Epoch=062, loss=0.6760
Epoch=063, loss=0.6753
Epoch=064, loss=0.6742
Epoch=065, loss=0.6737
Epoch=066, loss=0.6727
Epoch=067, loss=0.6717
Epoch=068, loss=0.6704
Epoch=069, loss=0.6697
Epoch=070, loss=0.6687
Epoch=071, loss=0.6674
Epoch=072, loss=0.6658
Epoch=073, loss=0.6656
Epoch=074, loss=0.6636
Epoch=075, loss=0.6626
Epoch=076, loss=0.6615
Epoch=077, loss=0.6606
Epoch=078, loss=0.6590
Epoch=079, loss=0.6575
Epoch=080, loss=0.6559
Epoch=081, loss=0.6541
Epoch=082, loss=0.6532
Epoch=083, loss=0.6508
Epoch=084, loss=0.6499
Epoch=085, loss=0.6481
Epoch=086, loss=0.6464
Epoch=087, loss=0.6444
Epoch=088, loss=0.6433
Epoch=089, loss=0.6404
Epoch=090, loss=0.6401
Epoch=091, loss=0.6379
Epoch=092, loss=0.6354
Epoch=093, loss=0.6333
Epoch=094, loss=0.6316
Epoch=095, loss=0.6301
Epoch=096, loss=0.6272
Epoch=097, loss=0.6239
Epoch=098, loss=0.6231
Epoch=099, loss=0.6225
Epoch=100, loss=0.6201
Epoch=101, loss=0.6164
Epoch=102, loss=0.6140
Epoch=103, loss=0.6112
Epoch=104, loss=0.6107
Epoch=105, loss=0.6075
Epoch=106, loss=0.6078
Epoch=107, loss=0.6016
Epoch=108, loss=0.5986
Epoch=109, loss=0.5966
Epoch=110, loss=0.5959
Epoch=111, loss=0.5933
Epoch=112, loss=0.5896
Epoch=113, loss=0.5855
Epoch=114, loss=0.5844
Epoch=115, loss=0.5827
Epoch=116, loss=0.5771
Epoch=117, loss=0.5767
Epoch=118, loss=0.5732
Epoch=119, loss=0.5698
Epoch=120, loss=0.5650
Epoch=121, loss=0.5633
Epoch=122, loss=0.5597
Epoch=123, loss=0.5576
Epoch=124, loss=0.5532
Epoch=125, loss=0.5485
Epoch=126, loss=0.5478
Epoch=127, loss=0.5434
Epoch=128, loss=0.5424
Epoch=129, loss=0.5384
Epoch=130, loss=0.5331
Epoch=131, loss=0.5318
Epoch=132, loss=0.5311
Epoch=133, loss=0.5218
Epoch=134, loss=0.5251
Epoch=135, loss=0.5201
Epoch=136, loss=0.5135
Epoch=137, loss=0.5126
Epoch=138, loss=0.5051
Epoch=139, loss=0.5015
Epoch=140, loss=0.5024
Epoch=141, loss=0.4929
Epoch=142, loss=0.4913
Epoch=143, loss=0.4897
Epoch=144, loss=0.4809
Epoch=145, loss=0.4804
Epoch=146, loss=0.4761
Epoch=147, loss=0.4761
Epoch=148, loss=0.4719
Epoch=149, loss=0.4659
Epoch=150, loss=0.4638
Epoch=151, loss=0.4612
Epoch=152, loss=0.4566
Epoch=153, loss=0.4523
Epoch=154, loss=0.4495
Epoch=155, loss=0.4459
Epoch=156, loss=0.4403
Epoch=157, loss=0.4365
Epoch=158, loss=0.4360
Epoch=159, loss=0.4288
Epoch=160, loss=0.4295
Epoch=161, loss=0.4205
Epoch=162, loss=0.4235
Epoch=163, loss=0.4160
Epoch=164, loss=0.4079
Epoch=165, loss=0.4070
Epoch=166, loss=0.4034
Epoch=167, loss=0.4030
Epoch=168, loss=0.3977
Epoch=169, loss=0.3902
Epoch=170, loss=0.3907
Epoch=171, loss=0.3881
Epoch=172, loss=0.3839
Epoch=173, loss=0.3790
Epoch=174, loss=0.3807
Epoch=175, loss=0.3751
Epoch=176, loss=0.3688
Epoch=177, loss=0.3625
Epoch=178, loss=0.3613
Epoch=179, loss=0.3625
Epoch=180, loss=0.3549
Epoch=181, loss=0.3492
Epoch=182, loss=0.3473
Epoch=183, loss=0.3462
Epoch=184, loss=0.3443
Epoch=185, loss=0.3390
Epoch=186, loss=0.3364
Epoch=187, loss=0.3378
Epoch=188, loss=0.3268
Epoch=189, loss=0.3259
Epoch=190, loss=0.3193
Epoch=191, loss=0.3173
Epoch=192, loss=0.3134
Epoch=193, loss=0.3142
Epoch=194, loss=0.3097
Epoch=195, loss=0.3053
Epoch=196, loss=0.3085
Epoch=197, loss=0.3001
Epoch=198, loss=0.2923
Epoch=199, loss=0.2936
Epoch=200, loss=0.2953
Epoch=201, loss=0.2878
Epoch=202, loss=0.2837
Epoch=203, loss=0.2910
Epoch=204, loss=0.2757
Epoch=205, loss=0.2768
Epoch=206, loss=0.2764
Epoch=207, loss=0.2686
Epoch=208, loss=0.2757
Epoch=209, loss=0.2726
Epoch=210, loss=0.2697
Epoch=211, loss=0.2584
Epoch=212, loss=0.2576
Epoch=213, loss=0.2580
Epoch=214, loss=0.2556
Epoch=215, loss=0.2494
Epoch=216, loss=0.2424
Epoch=217, loss=0.2437
Epoch=218, loss=0.2359
Epoch=219, loss=0.2427
Epoch=220, loss=0.2362
Epoch=221, loss=0.2372
Epoch=222, loss=0.2356
Epoch=223, loss=0.2348
Epoch=224, loss=0.2346
Epoch=225, loss=0.2353
Epoch=226, loss=0.2256
Epoch=227, loss=0.2283
Epoch=228, loss=0.2210
Epoch=229, loss=0.2242
Epoch=230, loss=0.2232
Epoch=231, loss=0.2178
Epoch=232, loss=0.2244
Epoch=233, loss=0.2108
Epoch=234, loss=0.2106
Epoch=235, loss=0.2032
Epoch=236, loss=0.2000
Epoch=237, loss=0.2031
Epoch=238, loss=0.2030
Epoch=239, loss=0.1973
Epoch=240, loss=0.2011
Epoch=241, loss=0.2025
Epoch=242, loss=0.1966
Epoch=243, loss=0.2004
Epoch=244, loss=0.1963
Epoch=245, loss=0.1957
Epoch=246, loss=0.1939
Epoch=247, loss=0.1825
Epoch=248, loss=0.1839
Epoch=249, loss=0.1837
Epoch=250, loss=0.1819
Epoch=251, loss=0.1773
Epoch=252, loss=0.1771
Epoch=253, loss=0.1838
Epoch=254, loss=0.1720
Epoch=255, loss=0.1766
Epoch=256, loss=0.1767
Epoch=257, loss=0.1716
Epoch=258, loss=0.1756
Epoch=259, loss=0.1720
Epoch=260, loss=0.1614
Epoch=261, loss=0.1656
Epoch=262, loss=0.1648
Epoch=263, loss=0.1741
Epoch=264, loss=0.1609
Epoch=265, loss=0.1657
Epoch=266, loss=0.1596
Epoch=267, loss=0.1632
Epoch=268, loss=0.1601
Epoch=269, loss=0.1628
Epoch=270, loss=0.1572
Epoch=271, loss=0.1581
Epoch=272, loss=0.1446
Epoch=273, loss=0.1499
Epoch=274, loss=0.1453
Epoch=275, loss=0.1631
Epoch=276, loss=0.1551
Epoch=277, loss=0.1429
Epoch=278, loss=0.1448
Epoch=279, loss=0.1507
Epoch=280, loss=0.1434
Epoch=281, loss=0.1409
Epoch=282, loss=0.1414
Epoch=283, loss=0.1439
Epoch=284, loss=0.1432
Epoch=285, loss=0.1469
Epoch=286, loss=0.1378
Epoch=287, loss=0.1346
Epoch=288, loss=0.1333
Epoch=289, loss=0.1407
Epoch=290, loss=0.1413
Epoch=291, loss=0.1376
Epoch=292, loss=0.1348
Epoch=293, loss=0.1341
Epoch=294, loss=0.1291
Epoch=295, loss=0.1226
Epoch=296, loss=0.1375
Epoch=297, loss=0.1309
Epoch=298, loss=0.1228
Epoch=299, loss=0.1285
Epoch=300, loss=0.1350
Epoch=301, loss=0.1314
Epoch=302, loss=0.1342
Epoch=303, loss=0.1304
Epoch=304, loss=0.1245
Epoch=305, loss=0.1263
Epoch=306, loss=0.1225
Epoch=307, loss=0.1134
Epoch=308, loss=0.1258
Epoch=309, loss=0.1266
Epoch=310, loss=0.1298
Epoch=311, loss=0.1248
Epoch=312, loss=0.1221
Epoch=313, loss=0.1170
Epoch=314, loss=0.1276
Epoch=315, loss=0.1225
Epoch=316, loss=0.1238
Epoch=317, loss=0.1141
Epoch=318, loss=0.1120
Epoch=319, loss=0.1183
Epoch=320, loss=0.1193
Epoch=321, loss=0.1153
Epoch=322, loss=0.1232
Epoch=323, loss=0.1148
Epoch=324, loss=0.1056
Epoch=325, loss=0.1087
Epoch=326, loss=0.1167
Epoch=327, loss=0.1082
Epoch=328, loss=0.1112
Epoch=329, loss=0.1109
Epoch=330, loss=0.1110
Epoch=331, loss=0.1093
Epoch=332, loss=0.1161
Epoch=333, loss=0.1030
Epoch=334, loss=0.1060
Epoch=335, loss=0.1056
Epoch=336, loss=0.1039
Epoch=337, loss=0.1006
Epoch=338, loss=0.1015
Epoch=339, loss=0.0953
Epoch=340, loss=0.1041
Epoch=341, loss=0.1000
Epoch=342, loss=0.1030
Epoch=343, loss=0.0977
Epoch=344, loss=0.0976
Epoch=345, loss=0.1069
Epoch=346, loss=0.1007
Epoch=347, loss=0.1067
Epoch=348, loss=0.1006
Epoch=349, loss=0.0990
Epoch=350, loss=0.0974
Epoch=351, loss=0.0971
Epoch=352, loss=0.0993
Epoch=353, loss=0.1006
Epoch=354, loss=0.0984
Epoch=355, loss=0.0938
Epoch=356, loss=0.0961
Epoch=357, loss=0.0892
Epoch=358, loss=0.1001
Epoch=359, loss=0.1016
Epoch=360, loss=0.0932
Epoch=361, loss=0.0926
Epoch=362, loss=0.1039
Epoch=363, loss=0.0939
Epoch=364, loss=0.0949
Epoch=365, loss=0.0912
Epoch=366, loss=0.0904
Epoch=367, loss=0.0893
Epoch=368, loss=0.0976
Epoch=369, loss=0.0926
Epoch=370, loss=0.0922
Epoch=371, loss=0.0940
Epoch=372, loss=0.0895
Epoch=373, loss=0.0910
Epoch=374, loss=0.0892
Epoch=375, loss=0.0961
Epoch=376, loss=0.0870
Epoch=377, loss=0.0928
Epoch=378, loss=0.0886
Epoch=379, loss=0.0925
Epoch=380, loss=0.0879
Epoch=381, loss=0.0935
Epoch=382, loss=0.0889
Epoch=383, loss=0.0837
Epoch=384, loss=0.0885
Epoch=385, loss=0.0855
Epoch=386, loss=0.0875
Epoch=387, loss=0.0771
Epoch=388, loss=0.0769
Epoch=389, loss=0.0845
Epoch=390, loss=0.0802
Epoch=391, loss=0.0800
Epoch=392, loss=0.0918
Epoch=393, loss=0.0802
Epoch=394, loss=0.0832
Epoch=395, loss=0.0840
Epoch=396, loss=0.0766
Epoch=397, loss=0.0808
Epoch=398, loss=0.0845
Epoch=399, loss=0.0760
Epoch=400, loss=0.0812
Epoch=401, loss=0.0861
Epoch=402, loss=0.0786
Epoch=403, loss=0.0838
Epoch=404, loss=0.0817
Epoch=405, loss=0.0756
Epoch=406, loss=0.0761
Epoch=407, loss=0.0710
Epoch=408, loss=0.0792
Epoch=409, loss=0.0761
Epoch=410, loss=0.0680
Epoch=411, loss=0.0721
Epoch=412, loss=0.0755
Epoch=413, loss=0.0768
Epoch=414, loss=0.0733
Epoch=415, loss=0.0714
Epoch=416, loss=0.0650
Epoch=417, loss=0.0731
Epoch=418, loss=0.0737
Epoch=419, loss=0.0755
Epoch=420, loss=0.0764
Epoch=421, loss=0.0768
Epoch=422, loss=0.0627
Epoch=423, loss=0.0716
Epoch=424, loss=0.0762
Epoch=425, loss=0.0820
Epoch=426, loss=0.0694
Epoch=427, loss=0.0715
Epoch=428, loss=0.0724
Epoch=429, loss=0.0734
Epoch=430, loss=0.0699
Epoch=431, loss=0.0716
Epoch=432, loss=0.0750
Epoch=433, loss=0.0705
Epoch=434, loss=0.0730
Epoch=435, loss=0.0701
Epoch=436, loss=0.0714
Epoch=437, loss=0.0701
Epoch=438, loss=0.0699
Epoch=439, loss=0.0685
Epoch=440, loss=0.0627
Epoch=441, loss=0.0788
Epoch=442, loss=0.0694
Early stopping!
Loading 422th epoch
Early stopping!
Start to test process.
done with the edge prediction
done with the node prediction
done with the second node prediction
(E) | label_classification: F1Mi=0.7366+-0.0200, F1Ma=0.6974+-0.0290, acc=0.7366+-0.0200
[['DGI', 'heat', 16, 15, 2, 'normalize', 0.1, 0.2, 0.4, 0.001, 0.5, 0.2, 0.5, 0.0001, 512, 512, 0.725123626362715, 0.7603090725290313, 0.6872382790417997, 0.7230686400623972, 0.7785714268684387, 0.722000002861023, 0.7132495045661926, 0.7857142686843872, 0.7260000109672546, 0.7209864854812622, 0.7365720948309367, 0.020015206454014594, 0.6973761424832894, 0.02903525061134953, 0.7365720948309367, 0.020015206454014577]]
=== train DGI model ===
Epoch=000, loss=0.6931
Epoch=001, loss=0.6930
Epoch=002, loss=0.6930
Epoch=003, loss=0.6929
Epoch=004, loss=0.6928
Epoch=005, loss=0.6927
Epoch=006, loss=0.6926
Epoch=007, loss=0.6925
Epoch=008, loss=0.6924
Epoch=009, loss=0.6923
Epoch=010, loss=0.6921
Epoch=011, loss=0.6919
Epoch=012, loss=0.6917
Epoch=013, loss=0.6914
Epoch=014, loss=0.6912
Epoch=015, loss=0.6909
Epoch=016, loss=0.6906
Epoch=017, loss=0.6902
Epoch=018, loss=0.6898
Epoch=019, loss=0.6895
Epoch=020, loss=0.6890
Epoch=021, loss=0.6884
Epoch=022, loss=0.6880
Epoch=023, loss=0.6872
Epoch=024, loss=0.6866
Epoch=025, loss=0.6858
Epoch=026, loss=0.6852
Epoch=027, loss=0.6843
Epoch=028, loss=0.6833
Epoch=029, loss=0.6824
Epoch=030, loss=0.6813
Epoch=031, loss=0.6800
Epoch=032, loss=0.6790
Epoch=033, loss=0.6776
Epoch=034, loss=0.6763
Epoch=035, loss=0.6746
Epoch=036, loss=0.6733
Epoch=037, loss=0.6715
Epoch=038, loss=0.6698
Epoch=039, loss=0.6678
Epoch=040, loss=0.6658
Epoch=041, loss=0.6638
Epoch=042, loss=0.6614
Epoch=043, loss=0.6594
Epoch=044, loss=0.6558
Epoch=045, loss=0.6531
Epoch=046, loss=0.6507
Epoch=047, loss=0.6482
Epoch=048, loss=0.6444
Epoch=049, loss=0.6412
Epoch=050, loss=0.6379
Epoch=051, loss=0.6346
Epoch=052, loss=0.6306
Epoch=053, loss=0.6265
Epoch=054, loss=0.6213
Epoch=055, loss=0.6179
Epoch=056, loss=0.6146
Epoch=057, loss=0.6092
Epoch=058, loss=0.6052
Epoch=059, loss=0.6004
Epoch=060, loss=0.5938
Epoch=061, loss=0.5903
Epoch=062, loss=0.5834
Epoch=063, loss=0.5782
Epoch=064, loss=0.5734
Epoch=065, loss=0.5668
Epoch=066, loss=0.5604
Epoch=067, loss=0.5520
Epoch=068, loss=0.5483
Epoch=069, loss=0.5415
Epoch=070, loss=0.5352
Epoch=071, loss=0.5261
Epoch=072, loss=0.5212
Epoch=073, loss=0.5136
Epoch=074, loss=0.5072
Epoch=075, loss=0.4989
Epoch=076, loss=0.4926
Epoch=077, loss=0.4855
Epoch=078, loss=0.4767
Epoch=079, loss=0.4705
Epoch=080, loss=0.4611
Epoch=081, loss=0.4539
Epoch=082, loss=0.4478
Epoch=083, loss=0.4366
Epoch=084, loss=0.4301
Epoch=085, loss=0.4191
Epoch=086, loss=0.4177
Epoch=087, loss=0.4064
Epoch=088, loss=0.3976
Epoch=089, loss=0.3916
Epoch=090, loss=0.3807
Epoch=091, loss=0.3795
Epoch=092, loss=0.3720
Epoch=093, loss=0.3604
Epoch=094, loss=0.3469
Epoch=095, loss=0.3498
Epoch=096, loss=0.3437
Epoch=097, loss=0.3364
Epoch=098, loss=0.3232
Epoch=099, loss=0.3216
Epoch=100, loss=0.3158
Epoch=101, loss=0.3041
Epoch=102, loss=0.3006
Epoch=103, loss=0.2866
Epoch=104, loss=0.2896
Epoch=105, loss=0.2763
Epoch=106, loss=0.2810
Epoch=107, loss=0.2675
Epoch=108, loss=0.2664
Epoch=109, loss=0.2562
Epoch=110, loss=0.2499
Epoch=111, loss=0.2534
Epoch=112, loss=0.2443
Epoch=113, loss=0.2342
Epoch=114, loss=0.2379
Epoch=115, loss=0.2296
Epoch=116, loss=0.2342
Epoch=117, loss=0.2219
Epoch=118, loss=0.2174
Epoch=119, loss=0.2107
Epoch=120, loss=0.2095
Epoch=121, loss=0.2099
Epoch=122, loss=0.2087
Epoch=123, loss=0.1974
Epoch=124, loss=0.1938
Epoch=125, loss=0.1894
Epoch=126, loss=0.1855
Epoch=127, loss=0.1817
Epoch=128, loss=0.1783
Epoch=129, loss=0.1812
Epoch=130, loss=0.1727
Epoch=131, loss=0.1616
Epoch=132, loss=0.1693
Epoch=133, loss=0.1667
Epoch=134, loss=0.1604
Epoch=135, loss=0.1583
Epoch=136, loss=0.1602
Epoch=137, loss=0.1517
Epoch=138, loss=0.1545
Epoch=139, loss=0.1552
Epoch=140, loss=0.1491
Epoch=141, loss=0.1591
Epoch=142, loss=0.1402
Epoch=143, loss=0.1409
Epoch=144, loss=0.1393
Epoch=145, loss=0.1432
Epoch=146, loss=0.1355
Epoch=147, loss=0.1473
Epoch=148, loss=0.1332
Epoch=149, loss=0.1320
Epoch=150, loss=0.1260
Epoch=151, loss=0.1226
Epoch=152, loss=0.1316
Epoch=153, loss=0.1246
Epoch=154, loss=0.1177
Epoch=155, loss=0.1288
Epoch=156, loss=0.1240
Epoch=157, loss=0.1124
Epoch=158, loss=0.1202
Epoch=159, loss=0.1191
Epoch=160, loss=0.1155
Epoch=161, loss=0.1144
Epoch=162, loss=0.1120
Epoch=163, loss=0.1151
Epoch=164, loss=0.1092
Epoch=165, loss=0.1024
Epoch=166, loss=0.1066
Epoch=167, loss=0.1050
Epoch=168, loss=0.1022
Epoch=169, loss=0.0967
Epoch=170, loss=0.0995
Epoch=171, loss=0.0995
Epoch=172, loss=0.1010
Epoch=173, loss=0.0967
Epoch=174, loss=0.0958
Epoch=175, loss=0.0901
Epoch=176, loss=0.0974
Epoch=177, loss=0.0981
Epoch=178, loss=0.0896
Epoch=179, loss=0.0915
Epoch=180, loss=0.0982
Epoch=181, loss=0.1007
Epoch=182, loss=0.0909
Epoch=183, loss=0.0914
Epoch=184, loss=0.0971
Epoch=185, loss=0.0865
Epoch=186, loss=0.0918
Epoch=187, loss=0.0854
Epoch=188, loss=0.0918
Epoch=189, loss=0.0875
Epoch=190, loss=0.0856
Epoch=191, loss=0.0905
Epoch=192, loss=0.0818
Epoch=193, loss=0.0760
Epoch=194, loss=0.0939
Epoch=195, loss=0.0911
Epoch=196, loss=0.0773
Epoch=197, loss=0.0811
Epoch=198, loss=0.0872
Epoch=199, loss=0.0803
Epoch=200, loss=0.0787
Epoch=201, loss=0.0771
Epoch=202, loss=0.0747
Epoch=203, loss=0.0843
Epoch=204, loss=0.0783
Epoch=205, loss=0.0766
Epoch=206, loss=0.0737
Epoch=207, loss=0.0733
Epoch=208, loss=0.0724
Epoch=209, loss=0.0773
Epoch=210, loss=0.0824
Epoch=211, loss=0.0724
Epoch=212, loss=0.0654
Epoch=213, loss=0.0771
Epoch=214, loss=0.0691
Epoch=215, loss=0.0673
Epoch=216, loss=0.0844
Epoch=217, loss=0.0718
Epoch=218, loss=0.0751
Epoch=219, loss=0.0728
Epoch=220, loss=0.0685
Epoch=221, loss=0.0631
Epoch=222, loss=0.0663
Epoch=223, loss=0.0759
Epoch=224, loss=0.0693
Epoch=225, loss=0.0653
Epoch=226, loss=0.0708
Epoch=227, loss=0.0634
Epoch=228, loss=0.0629
Epoch=229, loss=0.0580
Epoch=230, loss=0.0709
Epoch=231, loss=0.0670
Epoch=232, loss=0.0783
Epoch=233, loss=0.0714
Epoch=234, loss=0.0596
Epoch=235, loss=0.0586
Epoch=236, loss=0.0651
Epoch=237, loss=0.0601
Epoch=238, loss=0.0654
Epoch=239, loss=0.0650
Epoch=240, loss=0.0627
Epoch=241, loss=0.0692
Epoch=242, loss=0.0554
Epoch=243, loss=0.0627
Epoch=244, loss=0.0673
Epoch=245, loss=0.0530
Epoch=246, loss=0.0505
Epoch=247, loss=0.0673
Epoch=248, loss=0.0645
Epoch=249, loss=0.0608
Epoch=250, loss=0.0547
Epoch=251, loss=0.0588
Epoch=252, loss=0.0566
Epoch=253, loss=0.0548
Epoch=254, loss=0.0448
Epoch=255, loss=0.0635
Epoch=256, loss=0.0603
Epoch=257, loss=0.0590
Epoch=258, loss=0.0671
Epoch=259, loss=0.0595
Epoch=260, loss=0.0528
Epoch=261, loss=0.0536
Epoch=262, loss=0.0570
Epoch=263, loss=0.0578
Epoch=264, loss=0.0594
Epoch=265, loss=0.0518
Epoch=266, loss=0.0579
Epoch=267, loss=0.0516
Epoch=268, loss=0.0646
Epoch=269, loss=0.0535
Epoch=270, loss=0.0502
Epoch=271, loss=0.0525
Epoch=272, loss=0.0592
Epoch=273, loss=0.0464
Epoch=274, loss=0.0511
Early stopping!
Loading 254th epoch
Early stopping!
Start to test process.
done with the edge prediction
done with the node prediction
done with the second node prediction
(E) | label_classification: F1Mi=0.7736+-0.0066, F1Ma=0.7267+-0.0087, acc=0.7736+-0.0066
[['DGI', 'heat', 16, 15, 2, 'normalize', 0.1, 0.2, 0.4, 0.001, 0.5, 0.2, 0.5, 0.0001, 512, 512, 0.725123626362715, 0.7603090725290313, 0.6872382790417997, 0.7230686400623972, 0.7785714268684387, 0.722000002861023, 0.7132495045661926, 0.7857142686843872, 0.7260000109672546, 0.7209864854812622, 0.7365720948309367, 0.020015206454014594, 0.6973761424832894, 0.02903525061134953, 0.7365720948309367, 0.020015206454014577], ['DGI', 'heat', 32, 15, 2, 'normalize', 0.1, 0.2, 0.4, 0.001, 0.5, 0.2, 0.5, 0.0001, 512, 512, 0.7924904369663925, 0.7924159645382963, 0.7589430704031628, 0.7564672168916646, 0.7857142686843872, 0.7459999918937683, 0.7388781309127808, 0.7857142686843872, 0.7459999918937683, 0.7451643943786621, 0.7735717061795568, 0.006561650863709411, 0.7266879428608777, 0.008730737628506954, 0.7735717061795568, 0.006561650863709378]]
=== train DGI model ===
Epoch=000, loss=0.6931
Epoch=001, loss=0.6929
Epoch=002, loss=0.6927
Epoch=003, loss=0.6924
Epoch=004, loss=0.6921
Epoch=005, loss=0.6917
Epoch=006, loss=0.6913
Epoch=007, loss=0.6907
Epoch=008, loss=0.6902
Epoch=009, loss=0.6895
Epoch=010, loss=0.6887
Epoch=011, loss=0.6878
Epoch=012, loss=0.6867
Epoch=013, loss=0.6856
Epoch=014, loss=0.6839
Epoch=015, loss=0.6826
Epoch=016, loss=0.6808
Epoch=017, loss=0.6786
Epoch=018, loss=0.6766
Epoch=019, loss=0.6739
Epoch=020, loss=0.6715
Epoch=021, loss=0.6680
Epoch=022, loss=0.6649
Epoch=023, loss=0.6615
Epoch=024, loss=0.6576
Epoch=025, loss=0.6530
Epoch=026, loss=0.6484
Epoch=027, loss=0.6439
Epoch=028, loss=0.6388
Epoch=029, loss=0.6325
Epoch=030, loss=0.6268
Epoch=031, loss=0.6198
Epoch=032, loss=0.6129
Epoch=033, loss=0.6059
Epoch=034, loss=0.5992
Epoch=035, loss=0.5912
Epoch=036, loss=0.5813
Epoch=037, loss=0.5718
Epoch=038, loss=0.5616
Epoch=039, loss=0.5516
Epoch=040, loss=0.5407
Epoch=041, loss=0.5279
Epoch=042, loss=0.5191
Epoch=043, loss=0.5087
Epoch=044, loss=0.5003
Epoch=045, loss=0.4849
Epoch=046, loss=0.4746
Epoch=047, loss=0.4599
Epoch=048, loss=0.4486
Epoch=049, loss=0.4325
Epoch=050, loss=0.4245
Epoch=051, loss=0.4097
Epoch=052, loss=0.4001
Epoch=053, loss=0.3828
Epoch=054, loss=0.3747
Epoch=055, loss=0.3582
Epoch=056, loss=0.3468
Epoch=057, loss=0.3345
Epoch=058, loss=0.3238
Epoch=059, loss=0.3133
Epoch=060, loss=0.2982
Epoch=061, loss=0.2972
Epoch=062, loss=0.2808
Epoch=063, loss=0.2691
Epoch=064, loss=0.2564
Epoch=065, loss=0.2585
Epoch=066, loss=0.2476
Epoch=067, loss=0.2361
Epoch=068, loss=0.2348
Epoch=069, loss=0.2243
Epoch=070, loss=0.2001
Epoch=071, loss=0.2093
Epoch=072, loss=0.1997
Epoch=073, loss=0.1938
Epoch=074, loss=0.1791
Epoch=075, loss=0.1893
Epoch=076, loss=0.1706
Epoch=077, loss=0.1681
Epoch=078, loss=0.1652
Epoch=079, loss=0.1627
Epoch=080, loss=0.1603
Epoch=081, loss=0.1613
Epoch=082, loss=0.1462
Epoch=083, loss=0.1473
Epoch=084, loss=0.1512
Epoch=085, loss=0.1441
Epoch=086, loss=0.1425
Epoch=087, loss=0.1392
Epoch=088, loss=0.1195
Epoch=089, loss=0.1255
Epoch=090, loss=0.1201
Epoch=091, loss=0.1244
Epoch=092, loss=0.1141
Epoch=093, loss=0.1089
Epoch=094, loss=0.1075
Epoch=095, loss=0.1165
Epoch=096, loss=0.1197
Epoch=097, loss=0.0990
Epoch=098, loss=0.0982
Epoch=099, loss=0.0937
Epoch=100, loss=0.0941
Epoch=101, loss=0.1030
Epoch=102, loss=0.0981
Epoch=103, loss=0.0884
Epoch=104, loss=0.0962
Epoch=105, loss=0.0880
Epoch=106, loss=0.0932
Epoch=107, loss=0.0938
Epoch=108, loss=0.0821
Epoch=109, loss=0.0889
Epoch=110, loss=0.0868
Epoch=111, loss=0.0949
Epoch=112, loss=0.0861
Epoch=113, loss=0.0870
Epoch=114, loss=0.0783
Epoch=115, loss=0.0761
Epoch=116, loss=0.0774
Epoch=117, loss=0.0832
Epoch=118, loss=0.0796
Epoch=119, loss=0.0793
Epoch=120, loss=0.0775
Epoch=121, loss=0.0797
Epoch=122, loss=0.0782
Epoch=123, loss=0.0727
Epoch=124, loss=0.0672
Epoch=125, loss=0.0740
Epoch=126, loss=0.0806
Epoch=127, loss=0.0681
Epoch=128, loss=0.0652
Epoch=129, loss=0.0689
Epoch=130, loss=0.0716
Epoch=131, loss=0.0767
Epoch=132, loss=0.0793
Epoch=133, loss=0.0694
Epoch=134, loss=0.0700
Epoch=135, loss=0.0808
Epoch=136, loss=0.0642
Epoch=137, loss=0.0651
Epoch=138, loss=0.0745
Epoch=139, loss=0.0595
Epoch=140, loss=0.0689
Epoch=141, loss=0.0602
Epoch=142, loss=0.0640
Epoch=143, loss=0.0648
Epoch=144, loss=0.0590
Epoch=145, loss=0.0712
Epoch=146, loss=0.0638
Epoch=147, loss=0.0545
Epoch=148, loss=0.0611
Epoch=149, loss=0.0592
Epoch=150, loss=0.0549
Epoch=151, loss=0.0655
Epoch=152, loss=0.0616
Epoch=153, loss=0.0585
Epoch=154, loss=0.0672
Epoch=155, loss=0.0614
Epoch=156, loss=0.0547
Epoch=157, loss=0.0496
Epoch=158, loss=0.0686
Epoch=159, loss=0.0664
Epoch=160, loss=0.0516
Epoch=161, loss=0.0498
Epoch=162, loss=0.0490
Epoch=163, loss=0.0534
Epoch=164, loss=0.0584
Epoch=165, loss=0.0599
Epoch=166, loss=0.0610
Epoch=167, loss=0.0554
Epoch=168, loss=0.0535
Epoch=169, loss=0.0557
Epoch=170, loss=0.0466
Epoch=171, loss=0.0501
Epoch=172, loss=0.0451
Epoch=173, loss=0.0555
Epoch=174, loss=0.0460
Epoch=175, loss=0.0477
Epoch=176, loss=0.0455
Epoch=177, loss=0.0433
Epoch=178, loss=0.0438
Epoch=179, loss=0.0464
Epoch=180, loss=0.0535
Epoch=181, loss=0.0577
Epoch=182, loss=0.0445
Epoch=183, loss=0.0456
Epoch=184, loss=0.0488
Epoch=185, loss=0.0534
Epoch=186, loss=0.0585
Epoch=187, loss=0.0471
Epoch=188, loss=0.0564
Epoch=189, loss=0.0482
Epoch=190, loss=0.0491
Epoch=191, loss=0.0385
Epoch=192, loss=0.0518
Epoch=193, loss=0.0428
Epoch=194, loss=0.0486
Epoch=195, loss=0.0470
Epoch=196, loss=0.0413
Epoch=197, loss=0.0421
Epoch=198, loss=0.0402
Epoch=199, loss=0.0424
Epoch=200, loss=0.0362
Epoch=201, loss=0.0393
Epoch=202, loss=0.0488
Epoch=203, loss=0.0468
Epoch=204, loss=0.0461
Epoch=205, loss=0.0397
Epoch=206, loss=0.0437
Epoch=207, loss=0.0398
Epoch=208, loss=0.0403
Epoch=209, loss=0.0397
Epoch=210, loss=0.0419
Epoch=211, loss=0.0511
Epoch=212, loss=0.0441
Epoch=213, loss=0.0394
Epoch=214, loss=0.0458
Epoch=215, loss=0.0437
Epoch=216, loss=0.0433
Epoch=217, loss=0.0355
Epoch=218, loss=0.0438
Epoch=219, loss=0.0326
Epoch=220, loss=0.0386
Epoch=221, loss=0.0367
Epoch=222, loss=0.0301
Epoch=223, loss=0.0380
Epoch=224, loss=0.0465
Epoch=225, loss=0.0348
Epoch=226, loss=0.0439
Epoch=227, loss=0.0380
Epoch=228, loss=0.0442
Epoch=229, loss=0.0414
Epoch=230, loss=0.0288
Epoch=231, loss=0.0385
Epoch=232, loss=0.0429
Epoch=233, loss=0.0349
Epoch=234, loss=0.0371
Epoch=235, loss=0.0304
Epoch=236, loss=0.0362
Epoch=237, loss=0.0376
Epoch=238, loss=0.0361
Epoch=239, loss=0.0373
Epoch=240, loss=0.0349
Epoch=241, loss=0.0281
Epoch=242, loss=0.0377
Epoch=243, loss=0.0398
Epoch=244, loss=0.0372
Epoch=245, loss=0.0408
Epoch=246, loss=0.0349
Epoch=247, loss=0.0262
Epoch=248, loss=0.0320
Epoch=249, loss=0.0398
Epoch=250, loss=0.0373
Epoch=251, loss=0.0378
Epoch=252, loss=0.0283
Epoch=253, loss=0.0345
Epoch=254, loss=0.0296
Epoch=255, loss=0.0307
Epoch=256, loss=0.0342
Epoch=257, loss=0.0333
Epoch=258, loss=0.0328
Epoch=259, loss=0.0474
Epoch=260, loss=0.0336
Epoch=261, loss=0.0340
Epoch=262, loss=0.0356
Epoch=263, loss=0.0328
Epoch=264, loss=0.0337
Epoch=265, loss=0.0232
Epoch=266, loss=0.0275
Epoch=267, loss=0.0328
Epoch=268, loss=0.0341
Epoch=269, loss=0.0295
Epoch=270, loss=0.0303
Epoch=271, loss=0.0297
Epoch=272, loss=0.0334
Epoch=273, loss=0.0314
Epoch=274, loss=0.0378
Epoch=275, loss=0.0290
Epoch=276, loss=0.0272
Epoch=277, loss=0.0258
Epoch=278, loss=0.0370
Epoch=279, loss=0.0240
Epoch=280, loss=0.0268
Epoch=281, loss=0.0268
Epoch=282, loss=0.0301
Epoch=283, loss=0.0328
Epoch=284, loss=0.0271
Epoch=285, loss=0.0259
Early stopping!
Loading 265th epoch
Early stopping!
Start to test process.
done with the edge prediction
done with the node prediction
done with the second node prediction
(E) | label_classification: F1Mi=0.7979+-0.0039, F1Ma=0.7795+-0.0092, acc=0.7979+-0.0039
[['DGI', 'heat', 16, 15, 2, 'normalize', 0.1, 0.2, 0.4, 0.001, 0.5, 0.2, 0.5, 0.0001, 512, 512, 0.725123626362715, 0.7603090725290313, 0.6872382790417997, 0.7230686400623972, 0.7785714268684387, 0.722000002861023, 0.7132495045661926, 0.7857142686843872, 0.7260000109672546, 0.7209864854812622, 0.7365720948309367, 0.020015206454014594, 0.6973761424832894, 0.02903525061134953, 0.7365720948309367, 0.020015206454014577], ['DGI', 'heat', 32, 15, 2, 'normalize', 0.1, 0.2, 0.4, 0.001, 0.5, 0.2, 0.5, 0.0001, 512, 512, 0.7924904369663925, 0.7924159645382963, 0.7589430704031628, 0.7564672168916646, 0.7857142686843872, 0.7459999918937683, 0.7388781309127808, 0.7857142686843872, 0.7459999918937683, 0.7451643943786621, 0.7735717061795568, 0.006561650863709411, 0.7266879428608777, 0.008730737628506954, 0.7735717061795568, 0.006561650863709378], ['DGI', 'heat', 64, 15, 2, 'normalize', 0.1, 0.2, 0.4, 0.001, 0.5, 0.2, 0.5, 0.0001, 512, 512, 0.8026784040467589, 0.8002128663406044, 0.7845093598435886, 0.7770759787331233, 0.8357142806053162, 0.7559999823570251, 0.7640231847763062, 0.8357142806053162, 0.7580000162124634, 0.7625725269317627, 0.797901282549553, 0.003855296313295686, 0.7795052097943085, 0.009152755923511205, 0.797901282549553, 0.003855296313295686]]
=== train DGI model ===
Epoch=000, loss=0.6932
Epoch=001, loss=0.6927
Epoch=002, loss=0.6922
Epoch=003, loss=0.6914
Epoch=004, loss=0.6902
Epoch=005, loss=0.6889
Epoch=006, loss=0.6872
Epoch=007, loss=0.6852
Epoch=008, loss=0.6824
Epoch=009, loss=0.6792
Epoch=010, loss=0.6758
Epoch=011, loss=0.6714
Epoch=012, loss=0.6667
Epoch=013, loss=0.6604
Epoch=014, loss=0.6539
Epoch=015, loss=0.6472
Epoch=016, loss=0.6372
Epoch=017, loss=0.6271
Epoch=018, loss=0.6165
Epoch=019, loss=0.6063
Epoch=020, loss=0.5932
Epoch=021, loss=0.5784
Epoch=022, loss=0.5614
Epoch=023, loss=0.5437
Epoch=024, loss=0.5312
Epoch=025, loss=0.5123
Epoch=026, loss=0.4906
Epoch=027, loss=0.4744
Epoch=028, loss=0.4540
Epoch=029, loss=0.4304
Epoch=030, loss=0.4086
Epoch=031, loss=0.3923
Epoch=032, loss=0.3714
Epoch=033, loss=0.3482
Epoch=034, loss=0.3313
Epoch=035, loss=0.3128
Epoch=036, loss=0.2859
Epoch=037, loss=0.2772
Epoch=038, loss=0.2555
Epoch=039, loss=0.2483
Epoch=040, loss=0.2317
Epoch=041, loss=0.2180
Epoch=042, loss=0.2055
Epoch=043, loss=0.2030
Epoch=044, loss=0.1732
Epoch=045, loss=0.1623
Epoch=046, loss=0.1578
Epoch=047, loss=0.1513
Epoch=048, loss=0.1474
Epoch=049, loss=0.1360
Epoch=050, loss=0.1277
Epoch=051, loss=0.1253
Epoch=052, loss=0.1314
Epoch=053, loss=0.1209
Epoch=054, loss=0.1123
Epoch=055, loss=0.1048
Epoch=056, loss=0.1069
Epoch=057, loss=0.1019
Epoch=058, loss=0.1136
Epoch=059, loss=0.1012
Epoch=060, loss=0.0887
Epoch=061, loss=0.1110
Epoch=062, loss=0.0912
Epoch=063, loss=0.0908
Epoch=064, loss=0.0900
Epoch=065, loss=0.0837
Epoch=066, loss=0.0856
Epoch=067, loss=0.0963
Epoch=068, loss=0.0818
Epoch=069, loss=0.0694
Epoch=070, loss=0.0841
Epoch=071, loss=0.0725
Epoch=072, loss=0.0856
Epoch=073, loss=0.0679
Epoch=074, loss=0.0813
Epoch=075, loss=0.0774
Epoch=076, loss=0.0918
Epoch=077, loss=0.0673
Epoch=078, loss=0.0647
Epoch=079, loss=0.0792
Epoch=080, loss=0.0702
Epoch=081, loss=0.0838
Epoch=082, loss=0.0721
Epoch=083, loss=0.0642
Epoch=084, loss=0.0605
Epoch=085, loss=0.0662
Epoch=086, loss=0.0713
Epoch=087, loss=0.0622
Epoch=088, loss=0.0679
Epoch=089, loss=0.0675
Epoch=090, loss=0.0702
Epoch=091, loss=0.0743
Epoch=092, loss=0.0514
Epoch=093, loss=0.0613
Epoch=094, loss=0.0597
Epoch=095, loss=0.0530
Epoch=096, loss=0.0761
Epoch=097, loss=0.0576
Epoch=098, loss=0.0542
Epoch=099, loss=0.0605
Epoch=100, loss=0.0637
Epoch=101, loss=0.0581
Epoch=102, loss=0.0603
Epoch=103, loss=0.0510
Epoch=104, loss=0.0526
Epoch=105, loss=0.0537
Epoch=106, loss=0.0500
Epoch=107, loss=0.0583
Epoch=108, loss=0.0535
Epoch=109, loss=0.0552
Epoch=110, loss=0.0554
Epoch=111, loss=0.0505
Epoch=112, loss=0.0546
Epoch=113, loss=0.0556
Epoch=114, loss=0.0567
Epoch=115, loss=0.0544
Epoch=116, loss=0.0510
Epoch=117, loss=0.0521
Epoch=118, loss=0.0587
Epoch=119, loss=0.0554
Epoch=120, loss=0.0462
Epoch=121, loss=0.0446
Epoch=122, loss=0.0550
Epoch=123, loss=0.0472
Epoch=124, loss=0.0597
Epoch=125, loss=0.0500
Epoch=126, loss=0.0489
Epoch=127, loss=0.0435
Epoch=128, loss=0.0460
Epoch=129, loss=0.0436
Epoch=130, loss=0.0435
Epoch=131, loss=0.0516
Epoch=132, loss=0.0477
Epoch=133, loss=0.0429
Epoch=134, loss=0.0383
Epoch=135, loss=0.0444
Epoch=136, loss=0.0430
Epoch=137, loss=0.0422
Epoch=138, loss=0.0405
Epoch=139, loss=0.0414
Epoch=140, loss=0.0417
Epoch=141, loss=0.0508
Epoch=142, loss=0.0555
Epoch=143, loss=0.0367
Epoch=144, loss=0.0366
Epoch=145, loss=0.0395
Epoch=146, loss=0.0346
Epoch=147, loss=0.0420
Epoch=148, loss=0.0401
Epoch=149, loss=0.0356
Epoch=150, loss=0.0429
Epoch=151, loss=0.0467
Epoch=152, loss=0.0328
Epoch=153, loss=0.0407
Epoch=154, loss=0.0362
Epoch=155, loss=0.0498
Epoch=156, loss=0.0301
Epoch=157, loss=0.0301
Epoch=158, loss=0.0375
Epoch=159, loss=0.0455
Epoch=160, loss=0.0450
Epoch=161, loss=0.0364
Epoch=162, loss=0.0326
Epoch=163, loss=0.0371
Epoch=164, loss=0.0442
Epoch=165, loss=0.0360
Epoch=166, loss=0.0455
Epoch=167, loss=0.0293
Epoch=168, loss=0.0385
Epoch=169, loss=0.0393
Epoch=170, loss=0.0378
Epoch=171, loss=0.0403
Epoch=172, loss=0.0312
Epoch=173, loss=0.0490
Epoch=174, loss=0.0336
Epoch=175, loss=0.0255
Epoch=176, loss=0.0447
Epoch=177, loss=0.0377
Epoch=178, loss=0.0357
Epoch=179, loss=0.0347
Epoch=180, loss=0.0411
Epoch=181, loss=0.0312
Epoch=182, loss=0.0285
Epoch=183, loss=0.0352
Epoch=184, loss=0.0431
Epoch=185, loss=0.0284
Epoch=186, loss=0.0403
Epoch=187, loss=0.0365
Epoch=188, loss=0.0328
Epoch=189, loss=0.0377
Epoch=190, loss=0.0387
Epoch=191, loss=0.0305
Epoch=192, loss=0.0261
Epoch=193, loss=0.0403
Epoch=194, loss=0.0373
Epoch=195, loss=0.0307
Early stopping!
Loading 175th epoch
Early stopping!
Start to test process.
done with the edge prediction
done with the node prediction
done with the second node prediction
(E) | label_classification: F1Mi=0.8003+-0.0064, F1Ma=0.7773+-0.0062, acc=0.8003+-0.0064
[['DGI', 'heat', 16, 15, 2, 'normalize', 0.1, 0.2, 0.4, 0.001, 0.5, 0.2, 0.5, 0.0001, 512, 512, 0.725123626362715, 0.7603090725290313, 0.6872382790417997, 0.7230686400623972, 0.7785714268684387, 0.722000002861023, 0.7132495045661926, 0.7857142686843872, 0.7260000109672546, 0.7209864854812622, 0.7365720948309367, 0.020015206454014594, 0.6973761424832894, 0.02903525061134953, 0.7365720948309367, 0.020015206454014577], ['DGI', 'heat', 32, 15, 2, 'normalize', 0.1, 0.2, 0.4, 0.001, 0.5, 0.2, 0.5, 0.0001, 512, 512, 0.7924904369663925, 0.7924159645382963, 0.7589430704031628, 0.7564672168916646, 0.7857142686843872, 0.7459999918937683, 0.7388781309127808, 0.7857142686843872, 0.7459999918937683, 0.7451643943786621, 0.7735717061795568, 0.006561650863709411, 0.7266879428608777, 0.008730737628506954, 0.7735717061795568, 0.006561650863709378], ['DGI', 'heat', 64, 15, 2, 'normalize', 0.1, 0.2, 0.4, 0.001, 0.5, 0.2, 0.5, 0.0001, 512, 512, 0.8026784040467589, 0.8002128663406044, 0.7845093598435886, 0.7770759787331233, 0.8357142806053162, 0.7559999823570251, 0.7640231847763062, 0.8357142806053162, 0.7580000162124634, 0.7625725269317627, 0.797901282549553, 0.003855296313295686, 0.7795052097943085, 0.009152755923511205, 0.797901282549553, 0.003855296313295686], ['DGI', 'heat', 128, 15, 2, 'normalize', 0.1, 0.2, 0.4, 0.001, 0.5, 0.2, 0.5, 0.0001, 512, 512, 0.7770952039663702, 0.7724127039964361, 0.7533746925960199, 0.7458553775192625, 0.8785714507102966, 0.7879999876022339, 0.7664409875869751, 0.8785714507102966, 0.7879999876022339, 0.7674081325531006, 0.80031092110377, 0.006402257374885098, 0.7773301894027561, 0.006167301887396672, 0.80031092110377, 0.006402257374885058]]
=== train DGI model ===
Epoch=000, loss=0.6932
Epoch=001, loss=0.6919
Epoch=002, loss=0.6896
Epoch=003, loss=0.6864
Epoch=004, loss=0.6817
Epoch=005, loss=0.6764
Epoch=006, loss=0.6681
Epoch=007, loss=0.6584
Epoch=008, loss=0.6465
Epoch=009, loss=0.6343
Epoch=010, loss=0.6179
Epoch=011, loss=0.5984
Epoch=012, loss=0.5781
Epoch=013, loss=0.5652
Epoch=014, loss=0.5335
Epoch=015, loss=0.5101
Epoch=016, loss=0.4912
Epoch=017, loss=0.4561
Epoch=018, loss=0.4301
Epoch=019, loss=0.4149
Epoch=020, loss=0.3819
Epoch=021, loss=0.3633
Epoch=022, loss=0.3286
Epoch=023, loss=0.3073
Epoch=024, loss=0.2871
Epoch=025, loss=0.2827
Epoch=026, loss=0.2540
Epoch=027, loss=0.2315
Epoch=028, loss=0.2127
Epoch=029, loss=0.2048
Epoch=030, loss=0.1894
Epoch=031, loss=0.1823
Epoch=032, loss=0.1670
Epoch=033, loss=0.1611
Epoch=034, loss=0.1488
Epoch=035, loss=0.1472
Epoch=036, loss=0.1456
Epoch=037, loss=0.1329
Epoch=038, loss=0.1291
Epoch=039, loss=0.1359
Epoch=040, loss=0.1342
Epoch=041, loss=0.1161
Epoch=042, loss=0.1144
Epoch=043, loss=0.1117
Epoch=044, loss=0.1023
Epoch=045, loss=0.1289
Epoch=046, loss=0.1005
Epoch=047, loss=0.1184
Epoch=048, loss=0.0991
Epoch=049, loss=0.1030
Epoch=050, loss=0.1129
Epoch=051, loss=0.0946
Epoch=052, loss=0.0807
Epoch=053, loss=0.0852
Epoch=054, loss=0.0775
Epoch=055, loss=0.0867
Epoch=056, loss=0.0840
Epoch=057, loss=0.0856
Epoch=058, loss=0.0876
Epoch=059, loss=0.0872
Epoch=060, loss=0.0763
Epoch=061, loss=0.0672
Epoch=062, loss=0.0787
Epoch=063, loss=0.0805
Epoch=064, loss=0.0648
Epoch=065, loss=0.0738
Epoch=066, loss=0.0642
Epoch=067, loss=0.0825
Epoch=068, loss=0.0745
Epoch=069, loss=0.0795
Epoch=070, loss=0.0586
Epoch=071, loss=0.0763
Epoch=072, loss=0.0623
Epoch=073, loss=0.0849
Epoch=074, loss=0.0719
Epoch=075, loss=0.0661
Epoch=076, loss=0.0706
Epoch=077, loss=0.0679
Epoch=078, loss=0.0657
Epoch=079, loss=0.0586
Epoch=080, loss=0.0613
Epoch=081, loss=0.0622
Epoch=082, loss=0.0507
Epoch=083, loss=0.0646
Epoch=084, loss=0.0501
Epoch=085, loss=0.0595
Epoch=086, loss=0.0547
Epoch=087, loss=0.0545
Epoch=088, loss=0.0645
Epoch=089, loss=0.0646
Epoch=090, loss=0.0579
Epoch=091, loss=0.0528
Epoch=092, loss=0.0569
Epoch=093, loss=0.0599
Epoch=094, loss=0.0584
Epoch=095, loss=0.0626
Epoch=096, loss=0.0533
Epoch=097, loss=0.0544
Epoch=098, loss=0.0648
Epoch=099, loss=0.0469
Epoch=100, loss=0.0578
Epoch=101, loss=0.0490
Epoch=102, loss=0.0480
Epoch=103, loss=0.0529
Epoch=104, loss=0.0574
Epoch=105, loss=0.0485
Epoch=106, loss=0.0458
Epoch=107, loss=0.0367
Epoch=108, loss=0.0504
Epoch=109, loss=0.0409
Epoch=110, loss=0.0431
Epoch=111, loss=0.0462
Epoch=112, loss=0.0430
Epoch=113, loss=0.0627
Epoch=114, loss=0.0446
Epoch=115, loss=0.0381
Epoch=116, loss=0.0405
Epoch=117, loss=0.0528
Epoch=118, loss=0.0638
Epoch=119, loss=0.0374
Epoch=120, loss=0.0496
Epoch=121, loss=0.0590
Epoch=122, loss=0.0422
Epoch=123, loss=0.0411
Epoch=124, loss=0.0499
Epoch=125, loss=0.0458
Epoch=126, loss=0.0313
Epoch=127, loss=0.0373
Epoch=128, loss=0.0401
Epoch=129, loss=0.0437
Epoch=130, loss=0.0359
Epoch=131, loss=0.0346
Epoch=132, loss=0.0332
Epoch=133, loss=0.0446
Epoch=134, loss=0.0389
Epoch=135, loss=0.0410
Epoch=136, loss=0.0547
Epoch=137, loss=0.0371
Epoch=138, loss=0.0277
Epoch=139, loss=0.0399
Epoch=140, loss=0.0398
Epoch=141, loss=0.0336
Epoch=142, loss=0.0465
Epoch=143, loss=0.0344
Epoch=144, loss=0.0464
Epoch=145, loss=0.0323
Epoch=146, loss=0.0403
Epoch=147, loss=0.0409
Epoch=148, loss=0.0347
Epoch=149, loss=0.0405
Epoch=150, loss=0.0296
Epoch=151, loss=0.0404
Epoch=152, loss=0.0407
Epoch=153, loss=0.0341
Epoch=154, loss=0.0196
Epoch=155, loss=0.0273
Epoch=156, loss=0.0328
Epoch=157, loss=0.0311
Epoch=158, loss=0.0244
Epoch=159, loss=0.0411
Epoch=160, loss=0.0359
Epoch=161, loss=0.0339
Epoch=162, loss=0.0311
Epoch=163, loss=0.0297
Epoch=164, loss=0.0353
Epoch=165, loss=0.0202
Epoch=166, loss=0.0301
Epoch=167, loss=0.0403
Epoch=168, loss=0.0351
Epoch=169, loss=0.0328
Epoch=170, loss=0.0443
Epoch=171, loss=0.0258
Epoch=172, loss=0.0326
Epoch=173, loss=0.0336
Epoch=174, loss=0.0221
Early stopping!
Loading 154th epoch
Early stopping!
Start to test process.
done with the edge prediction
done with the node prediction
done with the second node prediction
(E) | label_classification: F1Mi=0.8051+-0.0131, F1Ma=0.7801+-0.0200, acc=0.8051+-0.0131
[['DGI', 'heat', 16, 15, 2, 'normalize', 0.1, 0.2, 0.4, 0.001, 0.5, 0.2, 0.5, 0.0001, 512, 512, 0.725123626362715, 0.7603090725290313, 0.6872382790417997, 0.7230686400623972, 0.7785714268684387, 0.722000002861023, 0.7132495045661926, 0.7857142686843872, 0.7260000109672546, 0.7209864854812622, 0.7365720948309367, 0.020015206454014594, 0.6973761424832894, 0.02903525061134953, 0.7365720948309367, 0.020015206454014577], ['DGI', 'heat', 32, 15, 2, 'normalize', 0.1, 0.2, 0.4, 0.001, 0.5, 0.2, 0.5, 0.0001, 512, 512, 0.7924904369663925, 0.7924159645382963, 0.7589430704031628, 0.7564672168916646, 0.7857142686843872, 0.7459999918937683, 0.7388781309127808, 0.7857142686843872, 0.7459999918937683, 0.7451643943786621, 0.7735717061795568, 0.006561650863709411, 0.7266879428608777, 0.008730737628506954, 0.7735717061795568, 0.006561650863709378], ['DGI', 'heat', 64, 15, 2, 'normalize', 0.1, 0.2, 0.4, 0.001, 0.5, 0.2, 0.5, 0.0001, 512, 512, 0.8026784040467589, 0.8002128663406044, 0.7845093598435886, 0.7770759787331233, 0.8357142806053162, 0.7559999823570251, 0.7640231847763062, 0.8357142806053162, 0.7580000162124634, 0.7625725269317627, 0.797901282549553, 0.003855296313295686, 0.7795052097943085, 0.009152755923511205, 0.797901282549553, 0.003855296313295686], ['DGI', 'heat', 128, 15, 2, 'normalize', 0.1, 0.2, 0.4, 0.001, 0.5, 0.2, 0.5, 0.0001, 512, 512, 0.7770952039663702, 0.7724127039964361, 0.7533746925960199, 0.7458553775192625, 0.8785714507102966, 0.7879999876022339, 0.7664409875869751, 0.8785714507102966, 0.7879999876022339, 0.7674081325531006, 0.80031092110377, 0.006402257374885098, 0.7773301894027561, 0.006167301887396672, 0.80031092110377, 0.006402257374885058], ['DGI', 'heat', 256, 15, 2, 'normalize', 0.1, 0.2, 0.4, 0.001, 0.5, 0.2, 0.5, 0.0001, 512, 512, 0.7660029885597085, 0.774612256539081, 0.7397066924952022, 0.7472203214713289, 0.8571428656578064, 0.7639999985694885, 0.7572534084320068, 0.8642857074737549, 0.765999972820282, 0.7572534084320068, 0.8051301982122036, 0.013061462144606266, 0.7801036215150006, 0.02004274544558618, 0.8051301982122036, 0.013061462144606266]]
=== train DGI model ===
Epoch=000, loss=0.6932
Epoch=001, loss=0.6923
Epoch=002, loss=0.6942
Epoch=003, loss=0.6828
Epoch=004, loss=0.6808
Epoch=005, loss=0.6690
Epoch=006, loss=0.6582
Epoch=007, loss=0.6446
Epoch=008, loss=0.6255
Epoch=009, loss=0.6043
Epoch=010, loss=0.5855
Epoch=011, loss=0.5527
Epoch=012, loss=0.5158
Epoch=013, loss=0.5050
Epoch=014, loss=0.4758
Epoch=015, loss=0.4234
Epoch=016, loss=0.4043
Epoch=017, loss=0.3831
Epoch=018, loss=0.3315
Epoch=019, loss=0.3075
Epoch=020, loss=0.3030
Epoch=021, loss=0.2659
Epoch=022, loss=0.2442
Epoch=023, loss=0.2410
Epoch=024, loss=0.2109
Epoch=025, loss=0.2055
Epoch=026, loss=0.1902
Epoch=027, loss=0.1403
Epoch=028, loss=0.1509
Epoch=029, loss=0.1366
Epoch=030, loss=0.1420
Epoch=031, loss=0.1198
Epoch=032, loss=0.1110
Epoch=033, loss=0.0937
Epoch=034, loss=0.0888
Epoch=035, loss=0.0951
Epoch=036, loss=0.0940
Epoch=037, loss=0.0813
Epoch=038, loss=0.0626
Epoch=039, loss=0.0683
Epoch=040, loss=0.0635
Epoch=041, loss=0.0663
Epoch=042, loss=0.0552
Epoch=043, loss=0.0537
Epoch=044, loss=0.0478
Epoch=045, loss=0.0415
Epoch=046, loss=0.0452
Epoch=047, loss=0.0455
Epoch=048, loss=0.0382
Epoch=049, loss=0.0363
Epoch=050, loss=0.0488
Epoch=051, loss=0.0499
Epoch=052, loss=0.0383
Epoch=053, loss=0.0342
Epoch=054, loss=0.0365
Epoch=055, loss=0.0374
Epoch=056, loss=0.0320
Epoch=057, loss=0.0413
Epoch=058, loss=0.0314
Epoch=059, loss=0.0376
Epoch=060, loss=0.0363
Epoch=061, loss=0.0526
Epoch=062, loss=0.0400
Epoch=063, loss=0.0281
Epoch=064, loss=0.0284
Epoch=065, loss=0.0275
Epoch=066, loss=0.0223
Epoch=067, loss=0.0290
Epoch=068, loss=0.0195
Epoch=069, loss=0.0269
Epoch=070, loss=0.0230
Epoch=071, loss=0.0185
Epoch=072, loss=0.0241
Epoch=073, loss=0.0193
Epoch=074, loss=0.0185
Epoch=075, loss=0.0248
Epoch=076, loss=0.0188
Epoch=077, loss=0.0147
Epoch=078, loss=0.0204
Epoch=079, loss=0.0160
Epoch=080, loss=0.0121
Epoch=081, loss=0.0203
Epoch=082, loss=0.0143
Epoch=083, loss=0.0115
Epoch=084, loss=0.0157
Epoch=085, loss=0.0123
Epoch=086, loss=0.0131
Epoch=087, loss=0.0147
Epoch=088, loss=0.0117
Epoch=089, loss=0.0089
Epoch=090, loss=0.0111
Epoch=091, loss=0.0106
Epoch=092, loss=0.0141
Epoch=093, loss=0.0200
Epoch=094, loss=0.0115
Epoch=095, loss=0.0130
Epoch=096, loss=0.0086
Epoch=097, loss=0.0067
Epoch=098, loss=0.0051
Epoch=099, loss=0.0119
Epoch=100, loss=0.0072
Epoch=101, loss=0.0108
Epoch=102, loss=0.0072
Epoch=103, loss=0.0102
Epoch=104, loss=0.0075
Epoch=105, loss=0.0109
Epoch=106, loss=0.0066
Epoch=107, loss=0.0062
Epoch=108, loss=0.0075
Epoch=109, loss=0.0066
Epoch=110, loss=0.0064
Epoch=111, loss=0.0067
Epoch=112, loss=0.0085
Epoch=113, loss=0.0062
Epoch=114, loss=0.0052
Epoch=115, loss=0.0059
Epoch=116, loss=0.0075
Epoch=117, loss=0.0071
Epoch=118, loss=0.0091
Early stopping!
Loading 98th epoch
Early stopping!
Start to test process.
done with the edge prediction
done with the node prediction
done with the second node prediction
(E) | label_classification: F1Mi=0.8058+-0.0137, F1Ma=0.7889+-0.0131, acc=0.8058+-0.0137
[['DGI', 'heat', 16, 15, 2, 'normalize', 0.1, 0.2, 0.4, 0.001, 0.5, 0.2, 0.5, 0.0001, 512, 512, 0.725123626362715, 0.7603090725290313, 0.6872382790417997, 0.7230686400623972, 0.7785714268684387, 0.722000002861023, 0.7132495045661926, 0.7857142686843872, 0.7260000109672546, 0.7209864854812622, 0.7365720948309367, 0.020015206454014594, 0.6973761424832894, 0.02903525061134953, 0.7365720948309367, 0.020015206454014577], ['DGI', 'heat', 32, 15, 2, 'normalize', 0.1, 0.2, 0.4, 0.001, 0.5, 0.2, 0.5, 0.0001, 512, 512, 0.7924904369663925, 0.7924159645382963, 0.7589430704031628, 0.7564672168916646, 0.7857142686843872, 0.7459999918937683, 0.7388781309127808, 0.7857142686843872, 0.7459999918937683, 0.7451643943786621, 0.7735717061795568, 0.006561650863709411, 0.7266879428608777, 0.008730737628506954, 0.7735717061795568, 0.006561650863709378], ['DGI', 'heat', 64, 15, 2, 'normalize', 0.1, 0.2, 0.4, 0.001, 0.5, 0.2, 0.5, 0.0001, 512, 512, 0.8026784040467589, 0.8002128663406044, 0.7845093598435886, 0.7770759787331233, 0.8357142806053162, 0.7559999823570251, 0.7640231847763062, 0.8357142806053162, 0.7580000162124634, 0.7625725269317627, 0.797901282549553, 0.003855296313295686, 0.7795052097943085, 0.009152755923511205, 0.797901282549553, 0.003855296313295686], ['DGI', 'heat', 128, 15, 2, 'normalize', 0.1, 0.2, 0.4, 0.001, 0.5, 0.2, 0.5, 0.0001, 512, 512, 0.7770952039663702, 0.7724127039964361, 0.7533746925960199, 0.7458553775192625, 0.8785714507102966, 0.7879999876022339, 0.7664409875869751, 0.8785714507102966, 0.7879999876022339, 0.7674081325531006, 0.80031092110377, 0.006402257374885098, 0.7773301894027561, 0.006167301887396672, 0.80031092110377, 0.006402257374885058], ['DGI', 'heat', 256, 15, 2, 'normalize', 0.1, 0.2, 0.4, 0.001, 0.5, 0.2, 0.5, 0.0001, 512, 512, 0.7660029885597085, 0.774612256539081, 0.7397066924952022, 0.7472203214713289, 0.8571428656578064, 0.7639999985694885, 0.7572534084320068, 0.8642857074737549, 0.765999972820282, 0.7572534084320068, 0.8051301982122036, 0.013061462144606266, 0.7801036215150006, 0.02004274544558618, 0.8051301982122036, 0.013061462144606266], ['DGI', 'heat', 512, 15, 2, 'normalize', 0.1, 0.2, 0.4, 0.001, 0.5, 0.2, 0.5, 0.0001, 512, 512, 0.7235960332723269, 0.7362566168413017, 0.6822748074561893, 0.6969613613188245, 0.9285714030265808, 0.7860000133514404, 0.7780464291572571, 0.9285714030265808, 0.7860000133514404, 0.7780464291572571, 0.8057520404197435, 0.01371096850196576, 0.788909523532559, 0.013135596507363399, 0.8057520404197435, 0.01371096850196576]]
