/home/cdonnat/.conda/envs/pytorch_geom3.9/lib/python3.9/site-packages/torch_geometric/deprecation.py:12: UserWarning: 'contains_isolated_nodes' is deprecated, use 'has_isolated_nodes' instead
  warnings.warn(out)
/home/cdonnat/.conda/envs/pytorch_geom3.9/lib/python3.9/site-packages/torch_geometric/deprecation.py:12: UserWarning: 'contains_self_loops' is deprecated, use 'has_self_loops' instead
  warnings.warn(out)
[codecarbon INFO @ 10:56:14] offline tracker init
[codecarbon ERROR @ 10:56:14] Does not support country with ISO code US Exception occurred 'US'
[codecarbon INFO @ 10:56:14] [setup] RAM Tracking...
[codecarbon INFO @ 10:56:14] [setup] GPU Tracking...
[codecarbon INFO @ 10:56:14] No GPU found.
[codecarbon INFO @ 10:56:14] [setup] CPU Tracking...
[codecarbon INFO @ 10:56:14] Tracking Intel CPU via RAPL interface
[codecarbon INFO @ 10:56:15] >>> Tracker's metadata:
[codecarbon INFO @ 10:56:15]   Platform system: Linux-4.18.0-305.3.1.el8.x86_64-x86_64-with-glibc2.28
[codecarbon INFO @ 10:56:15]   Python version: 3.9.13
[codecarbon INFO @ 10:56:15]   Available RAM : 10.000 GB
[codecarbon INFO @ 10:56:15]   CPU count: 1
[codecarbon INFO @ 10:56:15]   CPU model: Intel(R) Xeon(R) Gold 6248R CPU @ 3.00GHz
[codecarbon INFO @ 10:56:15]   GPU count: None
[codecarbon INFO @ 10:56:15]   GPU model: None
[codecarbon WARNING @ 10:56:15] graceful shutdown. Exceptions:
[codecarbon WARNING @ 10:56:15] <class 'Exception'>
Traceback (most recent call last):
  File "/home/cdonnat/.conda/envs/pytorch_geom3.9/lib/python3.9/site-packages/codecarbon/core/util.py", line 18, in suppress
    yield
  File "/home/cdonnat/.conda/envs/pytorch_geom3.9/lib/python3.9/contextlib.py", line 79, in inner
    return func(*args, **kwds)
  File "/home/cdonnat/.conda/envs/pytorch_geom3.9/lib/python3.9/site-packages/codecarbon/emissions_tracker.py", line 684, in __init__
    super().__init__(*args, **kwargs)
  File "/home/cdonnat/.conda/envs/pytorch_geom3.9/lib/python3.9/site-packages/codecarbon/emissions_tracker.py", line 322, in __init__
    self._geo = self._get_geo_metadata()
  File "/home/cdonnat/.conda/envs/pytorch_geom3.9/lib/python3.9/site-packages/codecarbon/emissions_tracker.py", line 689, in _get_geo_metadata
    country_name=self._country_name,
AttributeError: 'OfflineEmissionsTracker' object has no attribute '_country_name'
[codecarbon WARNING @ 10:56:15] stopping.
[codecarbon INFO @ 10:56:29] Energy consumed for RAM : 0.000014 kWh. RAM Power : 3.75 W
[codecarbon INFO @ 10:56:29] Energy consumed for all CPUs : 0.000634 kWh. All CPUs Power : 164.78882933767102 W
[codecarbon INFO @ 10:56:29] 0.000648 kWh of electricity used since the begining.
[codecarbon WARNING @ 10:56:29] graceful shutdown. Exceptions:
[codecarbon WARNING @ 10:56:29] <class 'Exception'>
Traceback (most recent call last):
  File "/home/cdonnat/.conda/envs/pytorch_geom3.9/lib/python3.9/site-packages/codecarbon/core/util.py", line 18, in suppress
    yield
  File "/home/cdonnat/.conda/envs/pytorch_geom3.9/lib/python3.9/contextlib.py", line 79, in inner
    return func(*args, **kwds)
  File "/home/cdonnat/.conda/envs/pytorch_geom3.9/lib/python3.9/site-packages/codecarbon/emissions_tracker.py", line 424, in stop
    emissions_data = self._prepare_emissions_data()
  File "/home/cdonnat/.conda/envs/pytorch_geom3.9/lib/python3.9/site-packages/codecarbon/emissions_tracker.py", line 444, in _prepare_emissions_data
    emissions = self._emissions.get_private_infra_emissions(
AttributeError: 'OfflineEmissionsTracker' object has no attribute '_emissions'
[codecarbon WARNING @ 10:56:29] stopping.
[codecarbon INFO @ 10:56:48] offline tracker init
[codecarbon ERROR @ 10:56:48] Does not support country with ISO code US Exception occurred 'US'
[codecarbon INFO @ 10:56:48] [setup] RAM Tracking...
[codecarbon INFO @ 10:56:48] [setup] GPU Tracking...
[codecarbon INFO @ 10:56:48] No GPU found.
[codecarbon INFO @ 10:56:48] [setup] CPU Tracking...
[codecarbon INFO @ 10:56:48] Tracking Intel CPU via RAPL interface
[codecarbon INFO @ 10:56:49] >>> Tracker's metadata:
[codecarbon INFO @ 10:56:49]   Platform system: Linux-4.18.0-305.3.1.el8.x86_64-x86_64-with-glibc2.28
[codecarbon INFO @ 10:56:49]   Python version: 3.9.13
[codecarbon INFO @ 10:56:49]   Available RAM : 10.000 GB
[codecarbon INFO @ 10:56:49]   CPU count: 1
[codecarbon INFO @ 10:56:49]   CPU model: Intel(R) Xeon(R) Gold 6248R CPU @ 3.00GHz
[codecarbon INFO @ 10:56:49]   GPU count: None
[codecarbon INFO @ 10:56:49]   GPU model: None
[codecarbon WARNING @ 10:56:49] graceful shutdown. Exceptions:
[codecarbon WARNING @ 10:56:49] <class 'Exception'>
Traceback (most recent call last):
  File "/home/cdonnat/.conda/envs/pytorch_geom3.9/lib/python3.9/site-packages/codecarbon/core/util.py", line 18, in suppress
    yield
  File "/home/cdonnat/.conda/envs/pytorch_geom3.9/lib/python3.9/contextlib.py", line 79, in inner
    return func(*args, **kwds)
  File "/home/cdonnat/.conda/envs/pytorch_geom3.9/lib/python3.9/site-packages/codecarbon/emissions_tracker.py", line 684, in __init__
    super().__init__(*args, **kwargs)
  File "/home/cdonnat/.conda/envs/pytorch_geom3.9/lib/python3.9/site-packages/codecarbon/emissions_tracker.py", line 322, in __init__
    self._geo = self._get_geo_metadata()
  File "/home/cdonnat/.conda/envs/pytorch_geom3.9/lib/python3.9/site-packages/codecarbon/emissions_tracker.py", line 689, in _get_geo_metadata
    country_name=self._country_name,
AttributeError: 'OfflineEmissionsTracker' object has no attribute '_country_name'
[codecarbon WARNING @ 10:56:49] stopping.
[codecarbon INFO @ 10:57:04] Energy consumed for RAM : 0.000016 kWh. RAM Power : 3.75 W
[codecarbon INFO @ 10:57:04] Energy consumed for RAM : 0.000031 kWh. RAM Power : 3.75 W
[codecarbon INFO @ 10:57:04] Energy consumed for all CPUs : 0.000694 kWh. All CPUs Power : 164.81830035297676 W
[codecarbon INFO @ 10:57:04] 0.000725 kWh of electricity used since the begining.
[codecarbon INFO @ 10:57:04] Energy consumed for all CPUs : 0.000694 kWh. All CPUs Power : 172.21959634775396 W
[codecarbon INFO @ 10:57:04] 0.000726 kWh of electricity used since the begining.
[codecarbon WARNING @ 10:57:04] graceful shutdown. Exceptions:
[codecarbon WARNING @ 10:57:04] <class 'Exception'>
Traceback (most recent call last):
  File "/home/cdonnat/.conda/envs/pytorch_geom3.9/lib/python3.9/site-packages/codecarbon/core/util.py", line 18, in suppress
    yield
  File "/home/cdonnat/.conda/envs/pytorch_geom3.9/lib/python3.9/contextlib.py", line 79, in inner
    return func(*args, **kwds)
  File "/home/cdonnat/.conda/envs/pytorch_geom3.9/lib/python3.9/site-packages/codecarbon/emissions_tracker.py", line 424, in stop
    emissions_data = self._prepare_emissions_data()
  File "/home/cdonnat/.conda/envs/pytorch_geom3.9/lib/python3.9/site-packages/codecarbon/emissions_tracker.py", line 444, in _prepare_emissions_data
    emissions = self._emissions.get_private_infra_emissions(
AttributeError: 'OfflineEmissionsTracker' object has no attribute '_emissions'
[codecarbon WARNING @ 10:57:04] stopping.
[codecarbon INFO @ 10:57:20] offline tracker init
[codecarbon ERROR @ 10:57:20] Does not support country with ISO code US Exception occurred 'US'
[codecarbon INFO @ 10:57:20] [setup] RAM Tracking...
[codecarbon INFO @ 10:57:20] [setup] GPU Tracking...
[codecarbon INFO @ 10:57:20] No GPU found.
[codecarbon INFO @ 10:57:20] [setup] CPU Tracking...
[codecarbon INFO @ 10:57:20] Tracking Intel CPU via RAPL interface
[codecarbon INFO @ 10:57:20] >>> Tracker's metadata:
[codecarbon INFO @ 10:57:20]   Platform system: Linux-4.18.0-305.3.1.el8.x86_64-x86_64-with-glibc2.28
[codecarbon INFO @ 10:57:20]   Python version: 3.9.13
[codecarbon INFO @ 10:57:20]   Available RAM : 10.000 GB
[codecarbon INFO @ 10:57:20]   CPU count: 1
[codecarbon INFO @ 10:57:20]   CPU model: Intel(R) Xeon(R) Gold 6248R CPU @ 3.00GHz
[codecarbon INFO @ 10:57:20]   GPU count: None
[codecarbon INFO @ 10:57:20]   GPU model: None
[codecarbon WARNING @ 10:57:20] graceful shutdown. Exceptions:
[codecarbon WARNING @ 10:57:20] <class 'Exception'>
Traceback (most recent call last):
  File "/home/cdonnat/.conda/envs/pytorch_geom3.9/lib/python3.9/site-packages/codecarbon/core/util.py", line 18, in suppress
    yield
  File "/home/cdonnat/.conda/envs/pytorch_geom3.9/lib/python3.9/contextlib.py", line 79, in inner
    return func(*args, **kwds)
  File "/home/cdonnat/.conda/envs/pytorch_geom3.9/lib/python3.9/site-packages/codecarbon/emissions_tracker.py", line 684, in __init__
    super().__init__(*args, **kwargs)
  File "/home/cdonnat/.conda/envs/pytorch_geom3.9/lib/python3.9/site-packages/codecarbon/emissions_tracker.py", line 322, in __init__
    self._geo = self._get_geo_metadata()
  File "/home/cdonnat/.conda/envs/pytorch_geom3.9/lib/python3.9/site-packages/codecarbon/emissions_tracker.py", line 689, in _get_geo_metadata
    country_name=self._country_name,
AttributeError: 'OfflineEmissionsTracker' object has no attribute '_country_name'
[codecarbon WARNING @ 10:57:20] stopping.
[codecarbon INFO @ 10:57:35] Energy consumed for RAM : 0.000016 kWh. RAM Power : 3.75 W
[codecarbon INFO @ 10:57:36] Energy consumed for all CPUs : 0.000718 kWh. All CPUs Power : 165.11715903840002 W
[codecarbon INFO @ 10:57:36] 0.000734 kWh of electricity used since the begining.
[codecarbon INFO @ 10:57:40] Energy consumed for RAM : 0.000021 kWh. RAM Power : 3.75 W
[codecarbon INFO @ 10:57:40] Energy consumed for all CPUs : 0.000941 kWh. All CPUs Power : 165.3757224054572 W
[codecarbon INFO @ 10:57:40] 0.000962 kWh of electricity used since the begining.
[codecarbon WARNING @ 10:57:40] graceful shutdown. Exceptions:
[codecarbon WARNING @ 10:57:40] <class 'Exception'>
Traceback (most recent call last):
  File "/home/cdonnat/.conda/envs/pytorch_geom3.9/lib/python3.9/site-packages/codecarbon/core/util.py", line 18, in suppress
    yield
  File "/home/cdonnat/.conda/envs/pytorch_geom3.9/lib/python3.9/contextlib.py", line 79, in inner
    return func(*args, **kwds)
  File "/home/cdonnat/.conda/envs/pytorch_geom3.9/lib/python3.9/site-packages/codecarbon/emissions_tracker.py", line 424, in stop
    emissions_data = self._prepare_emissions_data()
  File "/home/cdonnat/.conda/envs/pytorch_geom3.9/lib/python3.9/site-packages/codecarbon/emissions_tracker.py", line 444, in _prepare_emissions_data
    emissions = self._emissions.get_private_infra_emissions(
AttributeError: 'OfflineEmissionsTracker' object has no attribute '_emissions'
[codecarbon WARNING @ 10:57:40] stopping.
[codecarbon INFO @ 10:57:56] offline tracker init
[codecarbon ERROR @ 10:57:56] Does not support country with ISO code US Exception occurred 'US'
[codecarbon INFO @ 10:57:56] [setup] RAM Tracking...
[codecarbon INFO @ 10:57:56] [setup] GPU Tracking...
[codecarbon INFO @ 10:57:56] No GPU found.
[codecarbon INFO @ 10:57:56] [setup] CPU Tracking...
[codecarbon INFO @ 10:57:56] Tracking Intel CPU via RAPL interface
[codecarbon INFO @ 10:57:57] >>> Tracker's metadata:
[codecarbon INFO @ 10:57:57]   Platform system: Linux-4.18.0-305.3.1.el8.x86_64-x86_64-with-glibc2.28
[codecarbon INFO @ 10:57:57]   Python version: 3.9.13
[codecarbon INFO @ 10:57:57]   Available RAM : 10.000 GB
[codecarbon INFO @ 10:57:57]   CPU count: 1
[codecarbon INFO @ 10:57:57]   CPU model: Intel(R) Xeon(R) Gold 6248R CPU @ 3.00GHz
[codecarbon INFO @ 10:57:57]   GPU count: None
[codecarbon INFO @ 10:57:57]   GPU model: None
[codecarbon WARNING @ 10:57:57] graceful shutdown. Exceptions:
[codecarbon WARNING @ 10:57:57] <class 'Exception'>
Traceback (most recent call last):
  File "/home/cdonnat/.conda/envs/pytorch_geom3.9/lib/python3.9/site-packages/codecarbon/core/util.py", line 18, in suppress
    yield
  File "/home/cdonnat/.conda/envs/pytorch_geom3.9/lib/python3.9/contextlib.py", line 79, in inner
    return func(*args, **kwds)
  File "/home/cdonnat/.conda/envs/pytorch_geom3.9/lib/python3.9/site-packages/codecarbon/emissions_tracker.py", line 684, in __init__
    super().__init__(*args, **kwargs)
  File "/home/cdonnat/.conda/envs/pytorch_geom3.9/lib/python3.9/site-packages/codecarbon/emissions_tracker.py", line 322, in __init__
    self._geo = self._get_geo_metadata()
  File "/home/cdonnat/.conda/envs/pytorch_geom3.9/lib/python3.9/site-packages/codecarbon/emissions_tracker.py", line 689, in _get_geo_metadata
    country_name=self._country_name,
AttributeError: 'OfflineEmissionsTracker' object has no attribute '_country_name'
[codecarbon WARNING @ 10:57:57] stopping.
[codecarbon INFO @ 10:58:12] Energy consumed for RAM : 0.000016 kWh. RAM Power : 3.75 W
[codecarbon INFO @ 10:58:12] Energy consumed for all CPUs : 0.000718 kWh. All CPUs Power : 165.23562156198744 W
[codecarbon INFO @ 10:58:12] 0.000734 kWh of electricity used since the begining.
[codecarbon INFO @ 10:58:27] Energy consumed for RAM : 0.000031 kWh. RAM Power : 3.75 W
[codecarbon INFO @ 10:58:27] Energy consumed for all CPUs : 0.001407 kWh. All CPUs Power : 165.32447760894033 W
[codecarbon INFO @ 10:58:27] 0.001438 kWh of electricity used since the begining.
[codecarbon INFO @ 10:58:32] Energy consumed for RAM : 0.000035 kWh. RAM Power : 3.75 W
[codecarbon INFO @ 10:58:32] Energy consumed for all CPUs : 0.001622 kWh. All CPUs Power : 165.24209748048415 W
[codecarbon INFO @ 10:58:32] 0.001657 kWh of electricity used since the begining.
[codecarbon WARNING @ 10:58:32] graceful shutdown. Exceptions:
[codecarbon WARNING @ 10:58:32] <class 'Exception'>
Traceback (most recent call last):
  File "/home/cdonnat/.conda/envs/pytorch_geom3.9/lib/python3.9/site-packages/codecarbon/core/util.py", line 18, in suppress
    yield
  File "/home/cdonnat/.conda/envs/pytorch_geom3.9/lib/python3.9/contextlib.py", line 79, in inner
    return func(*args, **kwds)
  File "/home/cdonnat/.conda/envs/pytorch_geom3.9/lib/python3.9/site-packages/codecarbon/emissions_tracker.py", line 424, in stop
    emissions_data = self._prepare_emissions_data()
  File "/home/cdonnat/.conda/envs/pytorch_geom3.9/lib/python3.9/site-packages/codecarbon/emissions_tracker.py", line 444, in _prepare_emissions_data
    emissions = self._emissions.get_private_infra_emissions(
AttributeError: 'OfflineEmissionsTracker' object has no attribute '_emissions'
[codecarbon WARNING @ 10:58:32] stopping.
[codecarbon INFO @ 10:58:51] offline tracker init
[codecarbon ERROR @ 10:58:51] Does not support country with ISO code US Exception occurred 'US'
[codecarbon INFO @ 10:58:51] [setup] RAM Tracking...
[codecarbon INFO @ 10:58:51] [setup] GPU Tracking...
[codecarbon INFO @ 10:58:51] No GPU found.
[codecarbon INFO @ 10:58:51] [setup] CPU Tracking...
[codecarbon INFO @ 10:58:51] Tracking Intel CPU via RAPL interface
[codecarbon INFO @ 10:58:51] >>> Tracker's metadata:
[codecarbon INFO @ 10:58:51]   Platform system: Linux-4.18.0-305.3.1.el8.x86_64-x86_64-with-glibc2.28
[codecarbon INFO @ 10:58:51]   Python version: 3.9.13
[codecarbon INFO @ 10:58:51]   Available RAM : 10.000 GB
[codecarbon INFO @ 10:58:51]   CPU count: 1
[codecarbon INFO @ 10:58:51]   CPU model: Intel(R) Xeon(R) Gold 6248R CPU @ 3.00GHz
[codecarbon INFO @ 10:58:51]   GPU count: None
[codecarbon INFO @ 10:58:51]   GPU model: None
[codecarbon WARNING @ 10:58:51] graceful shutdown. Exceptions:
[codecarbon WARNING @ 10:58:51] <class 'Exception'>
Traceback (most recent call last):
  File "/home/cdonnat/.conda/envs/pytorch_geom3.9/lib/python3.9/site-packages/codecarbon/core/util.py", line 18, in suppress
    yield
  File "/home/cdonnat/.conda/envs/pytorch_geom3.9/lib/python3.9/contextlib.py", line 79, in inner
    return func(*args, **kwds)
  File "/home/cdonnat/.conda/envs/pytorch_geom3.9/lib/python3.9/site-packages/codecarbon/emissions_tracker.py", line 684, in __init__
    super().__init__(*args, **kwargs)
  File "/home/cdonnat/.conda/envs/pytorch_geom3.9/lib/python3.9/site-packages/codecarbon/emissions_tracker.py", line 322, in __init__
    self._geo = self._get_geo_metadata()
  File "/home/cdonnat/.conda/envs/pytorch_geom3.9/lib/python3.9/site-packages/codecarbon/emissions_tracker.py", line 689, in _get_geo_metadata
    country_name=self._country_name,
AttributeError: 'OfflineEmissionsTracker' object has no attribute '_country_name'
[codecarbon WARNING @ 10:58:51] stopping.
[codecarbon INFO @ 10:59:06] Energy consumed for RAM : 0.000016 kWh. RAM Power : 3.75 W
[codecarbon INFO @ 10:59:07] Energy consumed for all CPUs : 0.000718 kWh. All CPUs Power : 165.1320816857384 W
[codecarbon INFO @ 10:59:07] 0.000733 kWh of electricity used since the begining.
[codecarbon INFO @ 10:59:21] Energy consumed for RAM : 0.000031 kWh. RAM Power : 3.75 W
[codecarbon INFO @ 10:59:22] Energy consumed for all CPUs : 0.001407 kWh. All CPUs Power : 165.27362990493077 W
[codecarbon INFO @ 10:59:22] 0.001437 kWh of electricity used since the begining.
[codecarbon INFO @ 10:59:36] Energy consumed for RAM : 0.000046 kWh. RAM Power : 3.75 W
[codecarbon INFO @ 10:59:37] Energy consumed for all CPUs : 0.002097 kWh. All CPUs Power : 165.47746555625528 W
[codecarbon INFO @ 10:59:37] 0.002143 kWh of electricity used since the begining.
[codecarbon INFO @ 10:59:51] Energy consumed for RAM : 0.000060 kWh. RAM Power : 3.75 W
[codecarbon INFO @ 10:59:52] Energy consumed for all CPUs : 0.002787 kWh. All CPUs Power : 165.30889033348151 W
[codecarbon INFO @ 10:59:52] 0.002847 kWh of electricity used since the begining.
[codecarbon INFO @ 11:00:06] Energy consumed for RAM : 0.000075 kWh. RAM Power : 3.75 W
[codecarbon INFO @ 11:00:07] Energy consumed for all CPUs : 0.003475 kWh. All CPUs Power : 165.3501532022695 W
[codecarbon INFO @ 11:00:07] 0.003551 kWh of electricity used since the begining.
[codecarbon INFO @ 11:00:21] Energy consumed for RAM : 0.000090 kWh. RAM Power : 3.75 W
[codecarbon INFO @ 11:00:22] Energy consumed for all CPUs : 0.004162 kWh. All CPUs Power : 165.31263801737953 W
[codecarbon INFO @ 11:00:22] 0.004252 kWh of electricity used since the begining.
[codecarbon INFO @ 11:00:36] Energy consumed for RAM : 0.000105 kWh. RAM Power : 3.75 W
[codecarbon INFO @ 11:00:37] Energy consumed for all CPUs : 0.004853 kWh. All CPUs Power : 165.65723110172007 W
[codecarbon INFO @ 11:00:37] 0.004958 kWh of electricity used since the begining.
[codecarbon INFO @ 11:00:40] Energy consumed for RAM : 0.000108 kWh. RAM Power : 3.75 W
[codecarbon INFO @ 11:00:40] Energy consumed for all CPUs : 0.004998 kWh. All CPUs Power : 166.01113530621765 W
[codecarbon INFO @ 11:00:40] 0.005106 kWh of electricity used since the begining.
[codecarbon WARNING @ 11:00:40] graceful shutdown. Exceptions:
[codecarbon WARNING @ 11:00:40] <class 'Exception'>
Traceback (most recent call last):
  File "/home/cdonnat/.conda/envs/pytorch_geom3.9/lib/python3.9/site-packages/codecarbon/core/util.py", line 18, in suppress
    yield
  File "/home/cdonnat/.conda/envs/pytorch_geom3.9/lib/python3.9/contextlib.py", line 79, in inner
    return func(*args, **kwds)
  File "/home/cdonnat/.conda/envs/pytorch_geom3.9/lib/python3.9/site-packages/codecarbon/emissions_tracker.py", line 424, in stop
    emissions_data = self._prepare_emissions_data()
  File "/home/cdonnat/.conda/envs/pytorch_geom3.9/lib/python3.9/site-packages/codecarbon/emissions_tracker.py", line 444, in _prepare_emissions_data
    emissions = self._emissions.get_private_infra_emissions(
AttributeError: 'OfflineEmissionsTracker' object has no attribute '_emissions'
[codecarbon WARNING @ 11:00:40] stopping.
[codecarbon INFO @ 11:01:03] offline tracker init
[codecarbon ERROR @ 11:01:03] Does not support country with ISO code US Exception occurred 'US'
[codecarbon INFO @ 11:01:03] [setup] RAM Tracking...
[codecarbon INFO @ 11:01:03] [setup] GPU Tracking...
[codecarbon INFO @ 11:01:03] No GPU found.
[codecarbon INFO @ 11:01:03] [setup] CPU Tracking...
[codecarbon INFO @ 11:01:03] Tracking Intel CPU via RAPL interface
[codecarbon INFO @ 11:01:04] >>> Tracker's metadata:
[codecarbon INFO @ 11:01:04]   Platform system: Linux-4.18.0-305.3.1.el8.x86_64-x86_64-with-glibc2.28
[codecarbon INFO @ 11:01:04]   Python version: 3.9.13
[codecarbon INFO @ 11:01:04]   Available RAM : 10.000 GB
[codecarbon INFO @ 11:01:04]   CPU count: 1
[codecarbon INFO @ 11:01:04]   CPU model: Intel(R) Xeon(R) Gold 6248R CPU @ 3.00GHz
[codecarbon INFO @ 11:01:04]   GPU count: None
[codecarbon INFO @ 11:01:04]   GPU model: None
[codecarbon WARNING @ 11:01:04] graceful shutdown. Exceptions:
[codecarbon WARNING @ 11:01:04] <class 'Exception'>
Traceback (most recent call last):
  File "/home/cdonnat/.conda/envs/pytorch_geom3.9/lib/python3.9/site-packages/codecarbon/core/util.py", line 18, in suppress
    yield
  File "/home/cdonnat/.conda/envs/pytorch_geom3.9/lib/python3.9/contextlib.py", line 79, in inner
    return func(*args, **kwds)
  File "/home/cdonnat/.conda/envs/pytorch_geom3.9/lib/python3.9/site-packages/codecarbon/emissions_tracker.py", line 684, in __init__
    super().__init__(*args, **kwargs)
  File "/home/cdonnat/.conda/envs/pytorch_geom3.9/lib/python3.9/site-packages/codecarbon/emissions_tracker.py", line 322, in __init__
    self._geo = self._get_geo_metadata()
  File "/home/cdonnat/.conda/envs/pytorch_geom3.9/lib/python3.9/site-packages/codecarbon/emissions_tracker.py", line 689, in _get_geo_metadata
    country_name=self._country_name,
AttributeError: 'OfflineEmissionsTracker' object has no attribute '_country_name'
[codecarbon WARNING @ 11:01:04] stopping.
[codecarbon INFO @ 11:01:19] Energy consumed for RAM : 0.000016 kWh. RAM Power : 3.75 W
[codecarbon INFO @ 11:01:19] Energy consumed for all CPUs : 0.000722 kWh. All CPUs Power : 165.59870050904013 W
[codecarbon INFO @ 11:01:19] 0.000737 kWh of electricity used since the begining.
[codecarbon INFO @ 11:01:34] Energy consumed for RAM : 0.000031 kWh. RAM Power : 3.75 W
[codecarbon INFO @ 11:01:34] Energy consumed for all CPUs : 0.001412 kWh. All CPUs Power : 165.83159741871904 W
[codecarbon INFO @ 11:01:34] 0.001442 kWh of electricity used since the begining.
[codecarbon INFO @ 11:01:49] Energy consumed for RAM : 0.000045 kWh. RAM Power : 3.75 W
[codecarbon INFO @ 11:01:50] Energy consumed for all CPUs : 0.002103 kWh. All CPUs Power : 165.6570782964231 W
[codecarbon INFO @ 11:01:50] 0.002148 kWh of electricity used since the begining.
[codecarbon INFO @ 11:02:04] Energy consumed for RAM : 0.000060 kWh. RAM Power : 3.75 W
[codecarbon INFO @ 11:02:05] Energy consumed for all CPUs : 0.002793 kWh. All CPUs Power : 165.70528242098771 W
[codecarbon INFO @ 11:02:05] 0.002853 kWh of electricity used since the begining.
[codecarbon INFO @ 11:02:19] Energy consumed for RAM : 0.000075 kWh. RAM Power : 3.75 W
[codecarbon INFO @ 11:02:19] Energy consumed for all CPUs : 0.003481 kWh. All CPUs Power : 165.65354914203215 W
[codecarbon INFO @ 11:02:19] 0.003557 kWh of electricity used since the begining.
[codecarbon INFO @ 11:02:34] Energy consumed for RAM : 0.000090 kWh. RAM Power : 3.75 W
[codecarbon INFO @ 11:02:34] Energy consumed for all CPUs : 0.004171 kWh. All CPUs Power : 165.66389924669414 W
[codecarbon INFO @ 11:02:34] 0.004261 kWh of electricity used since the begining.
[codecarbon INFO @ 11:02:49] Energy consumed for RAM : 0.000105 kWh. RAM Power : 3.75 W
[codecarbon INFO @ 11:02:50] Energy consumed for all CPUs : 0.004864 kWh. All CPUs Power : 165.73950138906946 W
[codecarbon INFO @ 11:02:50] 0.004969 kWh of electricity used since the begining.
[codecarbon INFO @ 11:03:04] Energy consumed for RAM : 0.000120 kWh. RAM Power : 3.75 W
[codecarbon INFO @ 11:03:05] Energy consumed for all CPUs : 0.005553 kWh. All CPUs Power : 165.74739719520022 W
[codecarbon INFO @ 11:03:05] 0.005673 kWh of electricity used since the begining.
[codecarbon INFO @ 11:03:19] Energy consumed for RAM : 0.000135 kWh. RAM Power : 3.75 W
[codecarbon INFO @ 11:03:20] Energy consumed for all CPUs : 0.006245 kWh. All CPUs Power : 165.747770229747 W
[codecarbon INFO @ 11:03:20] 0.006380 kWh of electricity used since the begining.
[codecarbon INFO @ 11:03:34] Energy consumed for RAM : 0.000150 kWh. RAM Power : 3.75 W
[codecarbon INFO @ 11:03:35] Energy consumed for all CPUs : 0.006935 kWh. All CPUs Power : 165.80049784852582 W
[codecarbon INFO @ 11:03:35] 0.007085 kWh of electricity used since the begining.
[codecarbon INFO @ 11:03:49] Energy consumed for RAM : 0.000165 kWh. RAM Power : 3.75 W
[codecarbon INFO @ 11:03:50] Energy consumed for all CPUs : 0.007625 kWh. All CPUs Power : 165.68684748119443 W
[codecarbon INFO @ 11:03:50] 0.007790 kWh of electricity used since the begining.
[codecarbon INFO @ 11:04:04] Energy consumed for RAM : 0.000180 kWh. RAM Power : 3.75 W
[codecarbon INFO @ 11:04:05] Energy consumed for all CPUs : 0.008314 kWh. All CPUs Power : 165.70139463124667 W
[codecarbon INFO @ 11:04:05] 0.008494 kWh of electricity used since the begining.
[codecarbon INFO @ 11:04:19] Energy consumed for RAM : 0.000195 kWh. RAM Power : 3.75 W
[codecarbon INFO @ 11:04:20] Energy consumed for all CPUs : 0.009007 kWh. All CPUs Power : 165.65536877753925 W
[codecarbon INFO @ 11:04:20] 0.009202 kWh of electricity used since the begining.
