My SLURM_ARRAY_TASK_ID:  16
My SLURM_ARRAY_JOB_ID:  4522349
GRACE
Cora
result file is 4522349_16
Dataset: Cora():
======================
Number of graphs: 1
Number of features: 1433
Number of classes: 7
Data(x=[2708, 1433], edge_index=[2, 10556], y=[2708], train_mask=[2708], val_mask=[2708], test_mask=[2708])
==============================================================
Number of nodes: 2708
Number of edges: 10556
Average node degree: 3.90
Number of training nodes: 140
Training node label rate: 0.05
Contains isolated nodes: False
Contains self-loops: False
Is undirected: True
=== train GRACE model ===
Epoch=000, loss=1.3681
Epoch=001, loss=1.1596
Epoch=002, loss=1.0317
Epoch=003, loss=0.9379
Epoch=004, loss=0.8669
Epoch=005, loss=0.8111
Epoch=006, loss=0.7653
Epoch=007, loss=0.7262
Epoch=008, loss=0.6923
Epoch=009, loss=0.6619
Epoch=010, loss=0.6338
Epoch=011, loss=0.6076
Epoch=012, loss=0.5832
Epoch=013, loss=0.5605
Epoch=014, loss=0.5395
Epoch=015, loss=0.5203
Epoch=016, loss=0.5026
Epoch=017, loss=0.4863
Epoch=018, loss=0.4710
Epoch=019, loss=0.4567
Epoch=020, loss=0.4434
Epoch=021, loss=0.4311
Epoch=022, loss=0.4198
Epoch=023, loss=0.4094
Epoch=024, loss=0.3997
Epoch=025, loss=0.3907
Epoch=026, loss=0.3821
Epoch=027, loss=0.3739
Epoch=028, loss=0.3659
Epoch=029, loss=0.3584
Epoch=030, loss=0.3511
Epoch=031, loss=0.3443
Epoch=032, loss=0.3377
Epoch=033, loss=0.3315
Epoch=034, loss=0.3255
Epoch=035, loss=0.3198
Epoch=036, loss=0.3143
Epoch=037, loss=0.3090
Epoch=038, loss=0.3038
Epoch=039, loss=0.2990
Epoch=040, loss=0.2943
Epoch=041, loss=0.2898
Epoch=042, loss=0.2855
Epoch=043, loss=0.2813
Epoch=044, loss=0.2774
Epoch=045, loss=0.2736
Epoch=046, loss=0.2700
Epoch=047, loss=0.2666
Epoch=048, loss=0.2633
Epoch=049, loss=0.2601
Epoch=050, loss=0.2570
Epoch=051, loss=0.2540
Epoch=052, loss=0.2512
Epoch=053, loss=0.2484
Epoch=054, loss=0.2458
Epoch=055, loss=0.2432
Epoch=056, loss=0.2408
Epoch=057, loss=0.2385
Epoch=058, loss=0.2362
Epoch=059, loss=0.2340
Epoch=060, loss=0.2319
Epoch=061, loss=0.2298
Epoch=062, loss=0.2279
Epoch=063, loss=0.2260
Epoch=064, loss=0.2242
Epoch=065, loss=0.2224
Epoch=066, loss=0.2207
Epoch=067, loss=0.2190
Epoch=068, loss=0.2174
Epoch=069, loss=0.2159
Epoch=070, loss=0.2144
Epoch=071, loss=0.2129
Epoch=072, loss=0.2115
Epoch=073, loss=0.2101
Epoch=074, loss=0.2088
Epoch=075, loss=0.2075
Epoch=076, loss=0.2062
Epoch=077, loss=0.2049
Epoch=078, loss=0.2037
Epoch=079, loss=0.2025
Epoch=080, loss=0.2013
Epoch=081, loss=0.2002
Epoch=082, loss=0.1991
Epoch=083, loss=0.1980
Epoch=084, loss=0.1969
Epoch=085, loss=0.1959
Epoch=086, loss=0.1950
Epoch=087, loss=0.1940
Epoch=088, loss=0.1931
Epoch=089, loss=0.1922
Epoch=090, loss=0.1914
Epoch=091, loss=0.1905
Epoch=092, loss=0.1897
Epoch=093, loss=0.1889
Epoch=094, loss=0.1881
Epoch=095, loss=0.1874
Epoch=096, loss=0.1866
Epoch=097, loss=0.1859
Epoch=098, loss=0.1852
Epoch=099, loss=0.1845
Epoch=100, loss=0.1838
Epoch=101, loss=0.1832
Epoch=102, loss=0.1826
Epoch=103, loss=0.1820
Epoch=104, loss=0.1814
Epoch=105, loss=0.1808
Epoch=106, loss=0.1802
Epoch=107, loss=0.1797
Epoch=108, loss=0.1791
Epoch=109, loss=0.1786
Epoch=110, loss=0.1781
Epoch=111, loss=0.1776
Epoch=112, loss=0.1771
Epoch=113, loss=0.1766
Epoch=114, loss=0.1762
Epoch=115, loss=0.1757
Epoch=116, loss=0.1753
Epoch=117, loss=0.1748
Epoch=118, loss=0.1744
Epoch=119, loss=0.1740
Epoch=120, loss=0.1736
Epoch=121, loss=0.1732
Epoch=122, loss=0.1728
Epoch=123, loss=0.1724
Epoch=124, loss=0.1720
Epoch=125, loss=0.1716
Epoch=126, loss=0.1713
Epoch=127, loss=0.1709
Epoch=128, loss=0.1705
Epoch=129, loss=0.1702
Epoch=130, loss=0.1699
Epoch=131, loss=0.1695
Epoch=132, loss=0.1692
Epoch=133, loss=0.1689
Epoch=134, loss=0.1686
Epoch=135, loss=0.1683
Epoch=136, loss=0.1680
Epoch=137, loss=0.1677
Epoch=138, loss=0.1674
Epoch=139, loss=0.1671
Epoch=140, loss=0.1668
Epoch=141, loss=0.1665
Epoch=142, loss=0.1662
Epoch=143, loss=0.1660
Epoch=144, loss=0.1657
Epoch=145, loss=0.1654
Epoch=146, loss=0.1652
Epoch=147, loss=0.1649
Epoch=148, loss=0.1646
Epoch=149, loss=0.1644
Epoch=150, loss=0.1641
Epoch=151, loss=0.1639
Epoch=152, loss=0.1637
Epoch=153, loss=0.1634
Epoch=154, loss=0.1632
Epoch=155, loss=0.1629
Epoch=156, loss=0.1627
Epoch=157, loss=0.1625
Epoch=158, loss=0.1623
Epoch=159, loss=0.1620
Epoch=160, loss=0.1618
Epoch=161, loss=0.1616
Epoch=162, loss=0.1614
Epoch=163, loss=0.1612
Epoch=164, loss=0.1610
Epoch=165, loss=0.1607
Epoch=166, loss=0.1605
Epoch=167, loss=0.1603
Epoch=168, loss=0.1601
Epoch=169, loss=0.1599
Epoch=170, loss=0.1597
Epoch=171, loss=0.1595
Epoch=172, loss=0.1593
Epoch=173, loss=0.1591
Epoch=174, loss=0.1589
Epoch=175, loss=0.1587
Epoch=176, loss=0.1586
Epoch=177, loss=0.1584
Epoch=178, loss=0.1582
Epoch=179, loss=0.1580
Epoch=180, loss=0.1578
Epoch=181, loss=0.1576
Epoch=182, loss=0.1574
Epoch=183, loss=0.1573
Epoch=184, loss=0.1571
Epoch=185, loss=0.1569
Epoch=186, loss=0.1567
Epoch=187, loss=0.1565
Epoch=188, loss=0.1563
Epoch=189, loss=0.1562
Epoch=190, loss=0.1560
Epoch=191, loss=0.1558
Epoch=192, loss=0.1556
Epoch=193, loss=0.1555
Epoch=194, loss=0.1553
Epoch=195, loss=0.1551
Epoch=196, loss=0.1549
Epoch=197, loss=0.1548
Epoch=198, loss=0.1546
Epoch=199, loss=0.1544
Epoch=200, loss=0.1543
Epoch=201, loss=0.1541
Epoch=202, loss=0.1539
Epoch=203, loss=0.1537
Epoch=204, loss=0.1536
Epoch=205, loss=0.1534
Epoch=206, loss=0.1532
Epoch=207, loss=0.1531
Epoch=208, loss=0.1529
Epoch=209, loss=0.1527
Epoch=210, loss=0.1525
Epoch=211, loss=0.1524
Epoch=212, loss=0.1522
Epoch=213, loss=0.1520
Epoch=214, loss=0.1519
Epoch=215, loss=0.1517
Epoch=216, loss=0.1515
Epoch=217, loss=0.1513
Epoch=218, loss=0.1512
Epoch=219, loss=0.1510
Epoch=220, loss=0.1508
Epoch=221, loss=0.1507
Epoch=222, loss=0.1505
Epoch=223, loss=0.1503
Epoch=224, loss=0.1502
Epoch=225, loss=0.1500
Epoch=226, loss=0.1498
Epoch=227, loss=0.1497
Epoch=228, loss=0.1495
Epoch=229, loss=0.1493
Epoch=230, loss=0.1492
Epoch=231, loss=0.1490
Epoch=232, loss=0.1488
Epoch=233, loss=0.1487
Epoch=234, loss=0.1485
Epoch=235, loss=0.1484
Epoch=236, loss=0.1482
Epoch=237, loss=0.1481
Epoch=238, loss=0.1479
Epoch=239, loss=0.1478
Epoch=240, loss=0.1476
Epoch=241, loss=0.1475
Epoch=242, loss=0.1473
Epoch=243, loss=0.1472
Epoch=244, loss=0.1471
Epoch=245, loss=0.1469
Epoch=246, loss=0.1468
Epoch=247, loss=0.1467
Epoch=248, loss=0.1465
Epoch=249, loss=0.1464
Epoch=250, loss=0.1463
Epoch=251, loss=0.1461
Epoch=252, loss=0.1460
Epoch=253, loss=0.1459
Epoch=254, loss=0.1458
Epoch=255, loss=0.1456
Epoch=256, loss=0.1455
Epoch=257, loss=0.1454
Epoch=258, loss=0.1453
Epoch=259, loss=0.1452
Epoch=260, loss=0.1451
Epoch=261, loss=0.1450
Epoch=262, loss=0.1449
Epoch=263, loss=0.1448
Epoch=264, loss=0.1446
Epoch=265, loss=0.1445
Epoch=266, loss=0.1444
Epoch=267, loss=0.1443
Epoch=268, loss=0.1442
Epoch=269, loss=0.1441
Epoch=270, loss=0.1440
Epoch=271, loss=0.1439
Epoch=272, loss=0.1438
Epoch=273, loss=0.1438
Epoch=274, loss=0.1437
Epoch=275, loss=0.1436
Epoch=276, loss=0.1435
Epoch=277, loss=0.1434
Epoch=278, loss=0.1433
Epoch=279, loss=0.1432
Epoch=280, loss=0.1431
Epoch=281, loss=0.1430
Epoch=282, loss=0.1430
Epoch=283, loss=0.1429
Epoch=284, loss=0.1428
Epoch=285, loss=0.1427
Epoch=286, loss=0.1426
Epoch=287, loss=0.1426
Epoch=288, loss=0.1425
Epoch=289, loss=0.1424
Epoch=290, loss=0.1423
Epoch=291, loss=0.1423
Epoch=292, loss=0.1422
Epoch=293, loss=0.1421
Epoch=294, loss=0.1420
Epoch=295, loss=0.1420
Epoch=296, loss=0.1419
Epoch=297, loss=0.1418
Epoch=298, loss=0.1418
Epoch=299, loss=0.1417
Epoch=300, loss=0.1417
Epoch=301, loss=0.1416
Epoch=302, loss=0.1415
Epoch=303, loss=0.1415
Epoch=304, loss=0.1414
Epoch=305, loss=0.1413
Epoch=306, loss=0.1413
Epoch=307, loss=0.1412
Epoch=308, loss=0.1412
Epoch=309, loss=0.1411
Epoch=310, loss=0.1411
Epoch=311, loss=0.1410
Epoch=312, loss=0.1409
Epoch=313, loss=0.1409
Epoch=314, loss=0.1408
Epoch=315, loss=0.1408
Epoch=316, loss=0.1407
Epoch=317, loss=0.1407
Epoch=318, loss=0.1406
Epoch=319, loss=0.1406
Epoch=320, loss=0.1405
Epoch=321, loss=0.1405
Epoch=322, loss=0.1404
Epoch=323, loss=0.1404
Epoch=324, loss=0.1403
Epoch=325, loss=0.1403
Epoch=326, loss=0.1402
Epoch=327, loss=0.1402
Epoch=328, loss=0.1401
Epoch=329, loss=0.1401
Epoch=330, loss=0.1400
Epoch=331, loss=0.1400
Epoch=332, loss=0.1399
Epoch=333, loss=0.1399
Epoch=334, loss=0.1398
Epoch=335, loss=0.1398
Epoch=336, loss=0.1397
Epoch=337, loss=0.1397
Epoch=338, loss=0.1396
Epoch=339, loss=0.1396
Epoch=340, loss=0.1395
Epoch=341, loss=0.1395
Epoch=342, loss=0.1394
Epoch=343, loss=0.1394
Epoch=344, loss=0.1393
Epoch=345, loss=0.1392
Epoch=346, loss=0.1392
Epoch=347, loss=0.1391
Epoch=348, loss=0.1391
Epoch=349, loss=0.1390
Epoch=350, loss=0.1390
Epoch=351, loss=0.1389
Epoch=352, loss=0.1388
Epoch=353, loss=0.1388
Epoch=354, loss=0.1387
Epoch=355, loss=0.1387
Epoch=356, loss=0.1386
Epoch=357, loss=0.1386
Epoch=358, loss=0.1385
Epoch=359, loss=0.1385
Epoch=360, loss=0.1384
Epoch=361, loss=0.1384
Epoch=362, loss=0.1383
Epoch=363, loss=0.1383
Epoch=364, loss=0.1382
Epoch=365, loss=0.1382
Epoch=366, loss=0.1382
Epoch=367, loss=0.1381
Epoch=368, loss=0.1381
Epoch=369, loss=0.1380
Epoch=370, loss=0.1380
Epoch=371, loss=0.1380
Epoch=372, loss=0.1379
Epoch=373, loss=0.1379
Epoch=374, loss=0.1378
Epoch=375, loss=0.1378
Epoch=376, loss=0.1378
Epoch=377, loss=0.1377
Epoch=378, loss=0.1377
Epoch=379, loss=0.1377
Epoch=380, loss=0.1376
Epoch=381, loss=0.1376
Epoch=382, loss=0.1376
Epoch=383, loss=0.1375
Epoch=384, loss=0.1375
Epoch=385, loss=0.1375
Epoch=386, loss=0.1374
Epoch=387, loss=0.1374
Epoch=388, loss=0.1374
Epoch=389, loss=0.1373
Epoch=390, loss=0.1373
Epoch=391, loss=0.1373
Epoch=392, loss=0.1373
Epoch=393, loss=0.1372
Epoch=394, loss=0.1372
Epoch=395, loss=0.1372
Epoch=396, loss=0.1371
Epoch=397, loss=0.1371
Epoch=398, loss=0.1371
Epoch=399, loss=0.1371
Epoch=400, loss=0.1370
Epoch=401, loss=0.1370
Epoch=402, loss=0.1370
Epoch=403, loss=0.1369
Epoch=404, loss=0.1369
Epoch=405, loss=0.1369
Epoch=406, loss=0.1369
Epoch=407, loss=0.1368
Epoch=408, loss=0.1368
Epoch=409, loss=0.1368
Epoch=410, loss=0.1368
Epoch=411, loss=0.1367
Epoch=412, loss=0.1367
Epoch=413, loss=0.1367
Epoch=414, loss=0.1366
Epoch=415, loss=0.1366
Epoch=416, loss=0.1366
Epoch=417, loss=0.1366
Epoch=418, loss=0.1365
Epoch=419, loss=0.1365
Epoch=420, loss=0.1365
Epoch=421, loss=0.1365
Epoch=422, loss=0.1364
Epoch=423, loss=0.1364
Epoch=424, loss=0.1364
Epoch=425, loss=0.1364
Epoch=426, loss=0.1363
Epoch=427, loss=0.1363
Epoch=428, loss=0.1363
Epoch=429, loss=0.1363
Epoch=430, loss=0.1362
Epoch=431, loss=0.1362
Epoch=432, loss=0.1362
Epoch=433, loss=0.1362
Epoch=434, loss=0.1362
Epoch=435, loss=0.1361
Epoch=436, loss=0.1361
Epoch=437, loss=0.1361
Epoch=438, loss=0.1361
Epoch=439, loss=0.1361
Epoch=440, loss=0.1360
Epoch=441, loss=0.1360
Epoch=442, loss=0.1360
Epoch=443, loss=0.1360
Epoch=444, loss=0.1359
Epoch=445, loss=0.1359
Epoch=446, loss=0.1359
Epoch=447, loss=0.1359
Epoch=448, loss=0.1358
Epoch=449, loss=0.1358
Epoch=450, loss=0.1358
Epoch=451, loss=0.1358
Epoch=452, loss=0.1358
Epoch=453, loss=0.1357
Epoch=454, loss=0.1357
Epoch=455, loss=0.1357
Epoch=456, loss=0.1357
Epoch=457, loss=0.1357
Epoch=458, loss=0.1356
Epoch=459, loss=0.1356
Epoch=460, loss=0.1356
Epoch=461, loss=0.1356
Epoch=462, loss=0.1355
Epoch=463, loss=0.1355
Epoch=464, loss=0.1355
Epoch=465, loss=0.1355
Epoch=466, loss=0.1355
Epoch=467, loss=0.1354
Epoch=468, loss=0.1354
Epoch=469, loss=0.1354
Epoch=470, loss=0.1354
Epoch=471, loss=0.1354
Epoch=472, loss=0.1354
Epoch=473, loss=0.1353
Epoch=474, loss=0.1353
Epoch=475, loss=0.1353
Epoch=476, loss=0.1353
Epoch=477, loss=0.1353
Epoch=478, loss=0.1352
Epoch=479, loss=0.1352
Epoch=480, loss=0.1352
Epoch=481, loss=0.1352
Epoch=482, loss=0.1352
Epoch=483, loss=0.1351
Epoch=484, loss=0.1351
Epoch=485, loss=0.1351
Epoch=486, loss=0.1351
Epoch=487, loss=0.1351
Epoch=488, loss=0.1350
Epoch=489, loss=0.1350
Epoch=490, loss=0.1350
Epoch=491, loss=0.1350
Epoch=492, loss=0.1350
Epoch=493, loss=0.1350
Epoch=494, loss=0.1349
Epoch=495, loss=0.1349
Epoch=496, loss=0.1349
Epoch=497, loss=0.1349
Epoch=498, loss=0.1349
Epoch=499, loss=0.1349
Early stopping!
Start to test process.
done with the edge prediction
done with the node prediction
done with the second node prediction
