My SLURM_ARRAY_TASK_ID:  15
My SLURM_ARRAY_JOB_ID:  4522329
MVGRL
Cora
result file is 4522329_15
Dataset: Cora():
======================
Number of graphs: 1
Number of features: 1433
Number of classes: 7
Data(x=[2708, 1433], edge_index=[2, 10556], y=[2708], train_mask=[2708], val_mask=[2708], test_mask=[2708])
==============================================================
Number of nodes: 2708
Number of edges: 10556
Average node degree: 3.90
Number of training nodes: 140
Training node label rate: 0.05
Contains isolated nodes: False
Contains self-loops: False
Is undirected: True
Epoch=000, loss=0.6982
Epoch=001, loss=0.6975
Epoch=002, loss=0.6968
Epoch=003, loss=0.6962
Epoch=004, loss=0.6960
Epoch=005, loss=0.6951
Epoch=006, loss=0.6946
Epoch=007, loss=0.6944
Epoch=008, loss=0.6939
Epoch=009, loss=0.6933
Epoch=010, loss=0.6927
Epoch=011, loss=0.6923
Epoch=012, loss=0.6919
Epoch=013, loss=0.6915
Epoch=014, loss=0.6911
Epoch=015, loss=0.6905
Epoch=016, loss=0.6899
Epoch=017, loss=0.6896
Epoch=018, loss=0.6889
Epoch=019, loss=0.6885
Epoch=020, loss=0.6877
Epoch=021, loss=0.6874
Epoch=022, loss=0.6874
Epoch=023, loss=0.6854
Epoch=024, loss=0.6856
Epoch=025, loss=0.6848
Epoch=026, loss=0.6845
Epoch=027, loss=0.6839
Epoch=028, loss=0.6834
Epoch=029, loss=0.6824
Epoch=030, loss=0.6824
Epoch=031, loss=0.6815
Epoch=032, loss=0.6811
Epoch=033, loss=0.6798
Epoch=034, loss=0.6794
Epoch=035, loss=0.6789
Epoch=036, loss=0.6775
Epoch=037, loss=0.6771
Epoch=038, loss=0.6764
Epoch=039, loss=0.6754
Epoch=040, loss=0.6743
Epoch=041, loss=0.6739
Epoch=042, loss=0.6736
Epoch=043, loss=0.6723
Epoch=044, loss=0.6710
Epoch=045, loss=0.6704
Epoch=046, loss=0.6694
Epoch=047, loss=0.6672
Epoch=048, loss=0.6678
Epoch=049, loss=0.6663
Epoch=050, loss=0.6650
Epoch=051, loss=0.6647
Epoch=052, loss=0.6637
Epoch=053, loss=0.6627
Epoch=054, loss=0.6612
Epoch=055, loss=0.6607
Epoch=056, loss=0.6599
Epoch=057, loss=0.6559
Epoch=058, loss=0.6540
Epoch=059, loss=0.6536
Epoch=060, loss=0.6514
Epoch=061, loss=0.6510
Epoch=062, loss=0.6485
Epoch=063, loss=0.6462
Epoch=064, loss=0.6466
Epoch=065, loss=0.6441
Epoch=066, loss=0.6437
Epoch=067, loss=0.6395
Epoch=068, loss=0.6401
Epoch=069, loss=0.6384
Epoch=070, loss=0.6383
Epoch=071, loss=0.6313
Epoch=072, loss=0.6330
Epoch=073, loss=0.6299
Epoch=074, loss=0.6314
Epoch=075, loss=0.6282
Epoch=076, loss=0.6254
Epoch=077, loss=0.6249
Epoch=078, loss=0.6217
Epoch=079, loss=0.6218
Epoch=080, loss=0.6222
Epoch=081, loss=0.6205
Epoch=082, loss=0.6177
Epoch=083, loss=0.6178
Epoch=084, loss=0.6143
Epoch=085, loss=0.6085
Epoch=086, loss=0.6107
Epoch=087, loss=0.6068
Epoch=088, loss=0.6071
Epoch=089, loss=0.6046
Epoch=090, loss=0.6054
Epoch=091, loss=0.5994
Epoch=092, loss=0.5998
Epoch=093, loss=0.5958
Epoch=094, loss=0.5951
Epoch=095, loss=0.5935
Epoch=096, loss=0.5929
Epoch=097, loss=0.5993
Epoch=098, loss=0.5892
Epoch=099, loss=0.5884
Epoch=100, loss=0.5883
Epoch=101, loss=0.5843
Epoch=102, loss=0.5841
Epoch=103, loss=0.5841
Epoch=104, loss=0.5882
Epoch=105, loss=0.5813
Epoch=106, loss=0.5789
Epoch=107, loss=0.5784
Epoch=108, loss=0.5753
Epoch=109, loss=0.5744
Epoch=110, loss=0.5753
Epoch=111, loss=0.5789
Epoch=112, loss=0.5708
Epoch=113, loss=0.5668
Epoch=114, loss=0.5691
Epoch=115, loss=0.5692
Epoch=116, loss=0.5678
Epoch=117, loss=0.5626
Epoch=118, loss=0.5599
Epoch=119, loss=0.5600
Epoch=120, loss=0.5586
Epoch=121, loss=0.5596
Epoch=122, loss=0.5618
Epoch=123, loss=0.5586
Epoch=124, loss=0.5540
Epoch=125, loss=0.5538
Epoch=126, loss=0.5531
Epoch=127, loss=0.5470
Epoch=128, loss=0.5487
Epoch=129, loss=0.5433
Epoch=130, loss=0.5458
Epoch=131, loss=0.5405
Epoch=132, loss=0.5440
Epoch=133, loss=0.5427
Epoch=134, loss=0.5485
Epoch=135, loss=0.5459
Epoch=136, loss=0.5409
Epoch=137, loss=0.5361
Epoch=138, loss=0.5382
Epoch=139, loss=0.5329
Epoch=140, loss=0.5285
Epoch=141, loss=0.5327
Epoch=142, loss=0.5369
Epoch=143, loss=0.5275
Epoch=144, loss=0.5217
Epoch=145, loss=0.5294
Epoch=146, loss=0.5266
Epoch=147, loss=0.5290
Epoch=148, loss=0.5211
Epoch=149, loss=0.5242
Epoch=150, loss=0.5172
Epoch=151, loss=0.5167
Epoch=152, loss=0.5257
Epoch=153, loss=0.5172
Epoch=154, loss=0.5132
Epoch=155, loss=0.5184
Epoch=156, loss=0.5146
Epoch=157, loss=0.5116
Epoch=158, loss=0.5070
Epoch=159, loss=0.5109
Epoch=160, loss=0.5061
Epoch=161, loss=0.5200
Epoch=162, loss=0.5059
Epoch=163, loss=0.5023
Epoch=164, loss=0.5021
Epoch=165, loss=0.4980
Epoch=166, loss=0.5032
Epoch=167, loss=0.4968
Epoch=168, loss=0.4994
Epoch=169, loss=0.5004
Epoch=170, loss=0.5052
Epoch=171, loss=0.4949
Epoch=172, loss=0.4972
Epoch=173, loss=0.4896
Epoch=174, loss=0.4917
Epoch=175, loss=0.4945
Epoch=176, loss=0.4922
Epoch=177, loss=0.4908
Epoch=178, loss=0.4860
Epoch=179, loss=0.4861
Epoch=180, loss=0.4857
Epoch=181, loss=0.4901
Epoch=182, loss=0.4841
Epoch=183, loss=0.4827
Epoch=184, loss=0.4807
Epoch=185, loss=0.4811
Epoch=186, loss=0.4838
Epoch=187, loss=0.4753
Epoch=188, loss=0.4832
Epoch=189, loss=0.4758
Epoch=190, loss=0.4750
Epoch=191, loss=0.4764
Epoch=192, loss=0.4702
Epoch=193, loss=0.4711
Epoch=194, loss=0.4678
Epoch=195, loss=0.4732
Epoch=196, loss=0.4697
Epoch=197, loss=0.4673
Epoch=198, loss=0.4656
Epoch=199, loss=0.4666
Epoch=200, loss=0.4670
Epoch=201, loss=0.4631
Epoch=202, loss=0.4632
Epoch=203, loss=0.4621
Epoch=204, loss=0.4615
Epoch=205, loss=0.4608
Epoch=206, loss=0.4583
Epoch=207, loss=0.4592
Epoch=208, loss=0.4590
Epoch=209, loss=0.4593
Epoch=210, loss=0.4549
Epoch=211, loss=0.4530
Epoch=212, loss=0.4530
Epoch=213, loss=0.4546
Epoch=214, loss=0.4509
Epoch=215, loss=0.4504
Epoch=216, loss=0.4585
Epoch=217, loss=0.4516
Epoch=218, loss=0.4535
Epoch=219, loss=0.4505
Epoch=220, loss=0.4471
Epoch=221, loss=0.4495
Epoch=222, loss=0.4452
Epoch=223, loss=0.4454
Epoch=224, loss=0.4485
Epoch=225, loss=0.4445
Epoch=226, loss=0.4435
Epoch=227, loss=0.4473
Epoch=228, loss=0.4408
Epoch=229, loss=0.4485
Epoch=230, loss=0.4401
Epoch=231, loss=0.4409
Epoch=232, loss=0.4414
Epoch=233, loss=0.4382
Epoch=234, loss=0.4406
Epoch=235, loss=0.4363
Epoch=236, loss=0.4397
Epoch=237, loss=0.4376
Epoch=238, loss=0.4417
Epoch=239, loss=0.4341
Epoch=240, loss=0.4330
Epoch=241, loss=0.4342
Epoch=242, loss=0.4330
Epoch=243, loss=0.4289
Epoch=244, loss=0.4391
Epoch=245, loss=0.4335
Epoch=246, loss=0.4312
Epoch=247, loss=0.4320
Epoch=248, loss=0.4305
Epoch=249, loss=0.4347
Epoch=250, loss=0.4282
Epoch=251, loss=0.4278
Epoch=252, loss=0.4305
Epoch=253, loss=0.4282
Epoch=254, loss=0.4254
Epoch=255, loss=0.4222
Epoch=256, loss=0.4257
Epoch=257, loss=0.4280
Epoch=258, loss=0.4262
Epoch=259, loss=0.4291
Epoch=260, loss=0.4229
Epoch=261, loss=0.4233
Epoch=262, loss=0.4222
Epoch=263, loss=0.4228
Epoch=264, loss=0.4214
Epoch=265, loss=0.4257
Epoch=266, loss=0.4209
Epoch=267, loss=0.4195
Epoch=268, loss=0.4177
Epoch=269, loss=0.4174
Epoch=270, loss=0.4228
Epoch=271, loss=0.4200
Epoch=272, loss=0.4212
Epoch=273, loss=0.4174
Epoch=274, loss=0.4132
Epoch=275, loss=0.4196
Epoch=276, loss=0.4167
Epoch=277, loss=0.4210
Epoch=278, loss=0.4158
Epoch=279, loss=0.4151
Epoch=280, loss=0.4186
Epoch=281, loss=0.4161
Epoch=282, loss=0.4214
Epoch=283, loss=0.4142
Epoch=284, loss=0.4095
Epoch=285, loss=0.4129
Epoch=286, loss=0.4112
Epoch=287, loss=0.4071
Epoch=288, loss=0.4138
Epoch=289, loss=0.4081
Epoch=290, loss=0.4087
Epoch=291, loss=0.4097
Epoch=292, loss=0.4102
Epoch=293, loss=0.4090
Epoch=294, loss=0.4072
Epoch=295, loss=0.4094
Epoch=296, loss=0.4069
Epoch=297, loss=0.4111
Epoch=298, loss=0.4047
Epoch=299, loss=0.4053
Epoch=300, loss=0.4083
Epoch=301, loss=0.4037
Epoch=302, loss=0.4028
Epoch=303, loss=0.4037
Epoch=304, loss=0.4065
Epoch=305, loss=0.4040
Epoch=306, loss=0.4061
Epoch=307, loss=0.4022
Epoch=308, loss=0.4015
Epoch=309, loss=0.4071
Epoch=310, loss=0.4012
Epoch=311, loss=0.3984
Epoch=312, loss=0.4048
Epoch=313, loss=0.4028
Epoch=314, loss=0.3986
Epoch=315, loss=0.3989
Epoch=316, loss=0.3979
Epoch=317, loss=0.4015
Epoch=318, loss=0.3982
Epoch=319, loss=0.3982
Epoch=320, loss=0.3939
Epoch=321, loss=0.4024
Epoch=322, loss=0.3945
Epoch=323, loss=0.3991
Epoch=324, loss=0.3928
Epoch=325, loss=0.3968
Epoch=326, loss=0.3973
Epoch=327, loss=0.3942
Epoch=328, loss=0.3978
Epoch=329, loss=0.3967
Epoch=330, loss=0.3939
Epoch=331, loss=0.3912
Epoch=332, loss=0.3965
Epoch=333, loss=0.3938
Epoch=334, loss=0.3945
Epoch=335, loss=0.3900
Epoch=336, loss=0.3920
Epoch=337, loss=0.3954
Epoch=338, loss=0.3979
Epoch=339, loss=0.3912
Epoch=340, loss=0.3933
Epoch=341, loss=0.3932
Epoch=342, loss=0.3887
Epoch=343, loss=0.3905
Epoch=344, loss=0.3881
Epoch=345, loss=0.3906
Epoch=346, loss=0.3906
Epoch=347, loss=0.3898
Epoch=348, loss=0.3902
Epoch=349, loss=0.3898
Epoch=350, loss=0.3889
Epoch=351, loss=0.3866
Epoch=352, loss=0.3870
Epoch=353, loss=0.3883
Epoch=354, loss=0.3869
Epoch=355, loss=0.3864
Epoch=356, loss=0.3877
Epoch=357, loss=0.3903
Epoch=358, loss=0.3858
Epoch=359, loss=0.3858
Epoch=360, loss=0.3891
Epoch=361, loss=0.3833
Epoch=362, loss=0.3876
Epoch=363, loss=0.3849
Epoch=364, loss=0.3876
Epoch=365, loss=0.3839
Epoch=366, loss=0.3848
Epoch=367, loss=0.3852
Epoch=368, loss=0.3805
Epoch=369, loss=0.3826
Epoch=370, loss=0.3879
Epoch=371, loss=0.3825
Epoch=372, loss=0.3839
Epoch=373, loss=0.3821
Epoch=374, loss=0.3824
Epoch=375, loss=0.3817
Epoch=376, loss=0.3806
Epoch=377, loss=0.3811
Epoch=378, loss=0.3827
Epoch=379, loss=0.3806
Epoch=380, loss=0.3785
Epoch=381, loss=0.3809
Epoch=382, loss=0.3798
Epoch=383, loss=0.3788
Epoch=384, loss=0.3802
Epoch=385, loss=0.3776
Epoch=386, loss=0.3807
Epoch=387, loss=0.3796
Epoch=388, loss=0.3822
Epoch=389, loss=0.3776
Epoch=390, loss=0.3786
Epoch=391, loss=0.3766
Epoch=392, loss=0.3813
Epoch=393, loss=0.3784
Epoch=394, loss=0.3768
Epoch=395, loss=0.3791
Epoch=396, loss=0.3772
Epoch=397, loss=0.3783
Epoch=398, loss=0.3779
Epoch=399, loss=0.3738
Epoch=400, loss=0.3761
Epoch=401, loss=0.3792
Epoch=402, loss=0.3741
Epoch=403, loss=0.3748
Epoch=404, loss=0.3751
Epoch=405, loss=0.3761
Epoch=406, loss=0.3767
Epoch=407, loss=0.3731
Epoch=408, loss=0.3719
Epoch=409, loss=0.3756
Epoch=410, loss=0.3716
Epoch=411, loss=0.3750
Epoch=412, loss=0.3730
Epoch=413, loss=0.3731
Epoch=414, loss=0.3753
Epoch=415, loss=0.3740
Epoch=416, loss=0.3759
Epoch=417, loss=0.3721
Epoch=418, loss=0.3720
Epoch=419, loss=0.3750
Epoch=420, loss=0.3714
Epoch=421, loss=0.3723
Epoch=422, loss=0.3717
Epoch=423, loss=0.3747
Epoch=424, loss=0.3719
Epoch=425, loss=0.3682
Epoch=426, loss=0.3726
Epoch=427, loss=0.3747
Epoch=428, loss=0.3660
Epoch=429, loss=0.3754
Epoch=430, loss=0.3664
Epoch=431, loss=0.3690
Epoch=432, loss=0.3709
Epoch=433, loss=0.3682
Epoch=434, loss=0.3665
Epoch=435, loss=0.3722
Epoch=436, loss=0.3694
Epoch=437, loss=0.3728
Epoch=438, loss=0.3668
Epoch=439, loss=0.3720
Epoch=440, loss=0.3735
Epoch=441, loss=0.3667
Epoch=442, loss=0.3659
Epoch=443, loss=0.3692
Epoch=444, loss=0.3670
Epoch=445, loss=0.3668
Epoch=446, loss=0.3631
Epoch=447, loss=0.3670
Epoch=448, loss=0.3654
Epoch=449, loss=0.3684
Epoch=450, loss=0.3660
Epoch=451, loss=0.3659
Epoch=452, loss=0.3707
Epoch=453, loss=0.3681
Epoch=454, loss=0.3657
Epoch=455, loss=0.3640
Epoch=456, loss=0.3646
Epoch=457, loss=0.3678
Epoch=458, loss=0.3663
Epoch=459, loss=0.3667
Epoch=460, loss=0.3637
Epoch=461, loss=0.3651
Epoch=462, loss=0.3670
Epoch=463, loss=0.3626
Epoch=464, loss=0.3643
Epoch=465, loss=0.3646
Epoch=466, loss=0.3632
Epoch=467, loss=0.3649
Epoch=468, loss=0.3627
Epoch=469, loss=0.3634
Epoch=470, loss=0.3618
Epoch=471, loss=0.3632
Epoch=472, loss=0.3621
Epoch=473, loss=0.3609
Epoch=474, loss=0.3599
Epoch=475, loss=0.3624
Epoch=476, loss=0.3625
Epoch=477, loss=0.3651
Epoch=478, loss=0.3588
Epoch=479, loss=0.3619
Epoch=480, loss=0.3651
Epoch=481, loss=0.3621
Epoch=482, loss=0.3584
Epoch=483, loss=0.3637
Epoch=484, loss=0.3597
Epoch=485, loss=0.3609
Epoch=486, loss=0.3611
Epoch=487, loss=0.3593
Epoch=488, loss=0.3597
Epoch=489, loss=0.3635
Epoch=490, loss=0.3706
Epoch=491, loss=0.3598
Epoch=492, loss=0.3578
Epoch=493, loss=0.3606
Epoch=494, loss=0.3578
Epoch=495, loss=0.3590
Epoch=496, loss=0.3572
Epoch=497, loss=0.3572
Epoch=498, loss=0.3573
Epoch=499, loss=0.3605
Loading 496th epoch
Early stopping!
Start to test process.
done with the edge prediction
done with the node prediction
done with the second node prediction
(E) | label_classification: F1Mi=0.6507+-0.0068, F1Ma=0.5998+-0.0214, acc=0.6507+-0.0068
[['MVGRL', 'heat', 16, 15, 2, 'normalize', 0.1, 0.2, 0.4, 0.001, 0.5, 0.2, 0.5, 0.0001, 512, 512, 0.8995239781822629, 0.8952892865827913, 0.8995783659610628, 0.8920181702376186, 0.7428571581840515, 0.6399999856948853, 0.6228240132331848, 0.7428571581840515, 0.6520000100135803, 0.6208897233009338, 0.6506801399144967, 0.006804840615076357, 0.5998011476767322, 0.021386019504822103, 0.6506801399144967, 0.006804840615076357]]
Epoch=000, loss=0.6963
Epoch=001, loss=0.6950
Epoch=002, loss=0.6940
Epoch=003, loss=0.6929
Epoch=004, loss=0.6918
Epoch=005, loss=0.6910
Epoch=006, loss=0.6899
Epoch=007, loss=0.6891
Epoch=008, loss=0.6878
Epoch=009, loss=0.6866
Epoch=010, loss=0.6858
Epoch=011, loss=0.6851
Epoch=012, loss=0.6837
Epoch=013, loss=0.6822
Epoch=014, loss=0.6820
Epoch=015, loss=0.6809
Epoch=016, loss=0.6792
Epoch=017, loss=0.6781
Epoch=018, loss=0.6767
Epoch=019, loss=0.6748
Epoch=020, loss=0.6735
Epoch=021, loss=0.6725
Epoch=022, loss=0.6704
Epoch=023, loss=0.6679
Epoch=024, loss=0.6675
Epoch=025, loss=0.6640
Epoch=026, loss=0.6636
Epoch=027, loss=0.6605
Epoch=028, loss=0.6595
Epoch=029, loss=0.6558
Epoch=030, loss=0.6561
Epoch=031, loss=0.6527
Epoch=032, loss=0.6503
Epoch=033, loss=0.6468
Epoch=034, loss=0.6447
Epoch=035, loss=0.6419
Epoch=036, loss=0.6400
Epoch=037, loss=0.6368
Epoch=038, loss=0.6348
Epoch=039, loss=0.6308
Epoch=040, loss=0.6282
Epoch=041, loss=0.6255
Epoch=042, loss=0.6221
Epoch=043, loss=0.6198
Epoch=044, loss=0.6150
Epoch=045, loss=0.6099
Epoch=046, loss=0.6104
Epoch=047, loss=0.6067
Epoch=048, loss=0.6026
Epoch=049, loss=0.6007
Epoch=050, loss=0.5980
Epoch=051, loss=0.5933
Epoch=052, loss=0.5903
Epoch=053, loss=0.5912
Epoch=054, loss=0.5882
Epoch=055, loss=0.5834
Epoch=056, loss=0.5769
Epoch=057, loss=0.5758
Epoch=058, loss=0.5749
Epoch=059, loss=0.5696
Epoch=060, loss=0.5666
Epoch=061, loss=0.5628
Epoch=062, loss=0.5606
Epoch=063, loss=0.5595
Epoch=064, loss=0.5571
Epoch=065, loss=0.5534
Epoch=066, loss=0.5503
Epoch=067, loss=0.5453
Epoch=068, loss=0.5412
Epoch=069, loss=0.5373
Epoch=070, loss=0.5346
Epoch=071, loss=0.5303
Epoch=072, loss=0.5307
Epoch=073, loss=0.5236
Epoch=074, loss=0.5252
Epoch=075, loss=0.5244
Epoch=076, loss=0.5222
Epoch=077, loss=0.5165
Epoch=078, loss=0.5108
Epoch=079, loss=0.5129
Epoch=080, loss=0.5048
Epoch=081, loss=0.5047
Epoch=082, loss=0.5014
Epoch=083, loss=0.4987
Epoch=084, loss=0.4979
Epoch=085, loss=0.4947
Epoch=086, loss=0.4860
Epoch=087, loss=0.4852
Epoch=088, loss=0.4806
Epoch=089, loss=0.4793
Epoch=090, loss=0.4833
Epoch=091, loss=0.4756
Epoch=092, loss=0.4735
Epoch=093, loss=0.4724
Epoch=094, loss=0.4712
Epoch=095, loss=0.4635
Epoch=096, loss=0.4656
Epoch=097, loss=0.4627
Epoch=098, loss=0.4634
Epoch=099, loss=0.4586
Epoch=100, loss=0.4557
Epoch=101, loss=0.4564
Epoch=102, loss=0.4497
Epoch=103, loss=0.4513
Epoch=104, loss=0.4504
Epoch=105, loss=0.4433
Epoch=106, loss=0.4485
Epoch=107, loss=0.4421
Epoch=108, loss=0.4416
Epoch=109, loss=0.4334
Epoch=110, loss=0.4303
Epoch=111, loss=0.4320
Epoch=112, loss=0.4306
Epoch=113, loss=0.4272
Epoch=114, loss=0.4280
Epoch=115, loss=0.4247
Epoch=116, loss=0.4289
Epoch=117, loss=0.4212
Epoch=118, loss=0.4161
Epoch=119, loss=0.4178
Epoch=120, loss=0.4142
Epoch=121, loss=0.4100
Epoch=122, loss=0.4110
Epoch=123, loss=0.4135
Epoch=124, loss=0.4047
Epoch=125, loss=0.4073
Epoch=126, loss=0.4017
Epoch=127, loss=0.4007
Epoch=128, loss=0.4041
Epoch=129, loss=0.3954
Epoch=130, loss=0.3964
Epoch=131, loss=0.4096
Epoch=132, loss=0.3965
Epoch=133, loss=0.3879
Epoch=134, loss=0.3921
Epoch=135, loss=0.3915
Epoch=136, loss=0.3894
Epoch=137, loss=0.3853
Epoch=138, loss=0.3859
Epoch=139, loss=0.3893
Epoch=140, loss=0.3842
Epoch=141, loss=0.3796
Epoch=142, loss=0.3771
Epoch=143, loss=0.3787
Epoch=144, loss=0.3763
Epoch=145, loss=0.3729
Epoch=146, loss=0.3689
Epoch=147, loss=0.3688
Epoch=148, loss=0.3679
Epoch=149, loss=0.3690
Epoch=150, loss=0.3654
Epoch=151, loss=0.3635
Epoch=152, loss=0.3651
Epoch=153, loss=0.3641
Epoch=154, loss=0.3571
Epoch=155, loss=0.3617
Epoch=156, loss=0.3591
Epoch=157, loss=0.3551
Epoch=158, loss=0.3546
Epoch=159, loss=0.3507
Epoch=160, loss=0.3508
Epoch=161, loss=0.3487
Epoch=162, loss=0.3462
Epoch=163, loss=0.3471
Epoch=164, loss=0.3476
Epoch=165, loss=0.3405
Epoch=166, loss=0.3461
Epoch=167, loss=0.3399
Epoch=168, loss=0.3402
Epoch=169, loss=0.3417
Epoch=170, loss=0.3359
Epoch=171, loss=0.3393
Epoch=172, loss=0.3339
Epoch=173, loss=0.3308
Epoch=174, loss=0.3345
Epoch=175, loss=0.3307
Epoch=176, loss=0.3264
Epoch=177, loss=0.3279
Epoch=178, loss=0.3234
Epoch=179, loss=0.3235
Epoch=180, loss=0.3293
Epoch=181, loss=0.3240
Epoch=182, loss=0.3191
Epoch=183, loss=0.3205
Epoch=184, loss=0.3169
Epoch=185, loss=0.3163
Epoch=186, loss=0.3158
Epoch=187, loss=0.3141
Epoch=188, loss=0.3124
Epoch=189, loss=0.3109
Epoch=190, loss=0.3069
Epoch=191, loss=0.3063
Epoch=192, loss=0.3106
Epoch=193, loss=0.3048
Epoch=194, loss=0.3034
Epoch=195, loss=0.3037
Epoch=196, loss=0.3056
Epoch=197, loss=0.2973
Epoch=198, loss=0.2966
Epoch=199, loss=0.2953
Epoch=200, loss=0.2985
Epoch=201, loss=0.2950
Epoch=202, loss=0.2988
Epoch=203, loss=0.2919
Epoch=204, loss=0.2896
Epoch=205, loss=0.2870
Epoch=206, loss=0.2872
Epoch=207, loss=0.2872
Epoch=208, loss=0.2935
Epoch=209, loss=0.2850
Epoch=210, loss=0.2857
Epoch=211, loss=0.2858
Epoch=212, loss=0.2839
Epoch=213, loss=0.2796
Epoch=214, loss=0.2763
Epoch=215, loss=0.2786
Epoch=216, loss=0.2769
Epoch=217, loss=0.2763
Epoch=218, loss=0.2740
Epoch=219, loss=0.2699
Epoch=220, loss=0.2802
Epoch=221, loss=0.2680
Epoch=222, loss=0.2702
Epoch=223, loss=0.2729
Epoch=224, loss=0.2668
Epoch=225, loss=0.2659
Epoch=226, loss=0.2637
Epoch=227, loss=0.2701
Epoch=228, loss=0.2660
Epoch=229, loss=0.2621
Epoch=230, loss=0.2598
Epoch=231, loss=0.2614
Epoch=232, loss=0.2594
Epoch=233, loss=0.2559
Epoch=234, loss=0.2583
Epoch=235, loss=0.2526
Epoch=236, loss=0.2498
Epoch=237, loss=0.2552
Epoch=238, loss=0.2528
Epoch=239, loss=0.2526
Epoch=240, loss=0.2493
Epoch=241, loss=0.2495
Epoch=242, loss=0.2438
Epoch=243, loss=0.2462
Epoch=244, loss=0.2483
Epoch=245, loss=0.2443
Epoch=246, loss=0.2462
Epoch=247, loss=0.2415
Epoch=248, loss=0.2460
Epoch=249, loss=0.2429
Epoch=250, loss=0.2385
Epoch=251, loss=0.2401
Epoch=252, loss=0.2352
Epoch=253, loss=0.2383
Epoch=254, loss=0.2391
Epoch=255, loss=0.2308
Epoch=256, loss=0.2344
Epoch=257, loss=0.2328
Epoch=258, loss=0.2270
Epoch=259, loss=0.2302
Epoch=260, loss=0.2316
Epoch=261, loss=0.2316
Epoch=262, loss=0.2307
Epoch=263, loss=0.2292
Epoch=264, loss=0.2286
Epoch=265, loss=0.2251
Epoch=266, loss=0.2215
Epoch=267, loss=0.2199
Epoch=268, loss=0.2219
Epoch=269, loss=0.2181
Epoch=270, loss=0.2203
Epoch=271, loss=0.2185
Epoch=272, loss=0.2171
Epoch=273, loss=0.2180
Epoch=274, loss=0.2150
Epoch=275, loss=0.2191
Epoch=276, loss=0.2172
Epoch=277, loss=0.2145
Epoch=278, loss=0.2138
Epoch=279, loss=0.2113
Epoch=280, loss=0.2135
Epoch=281, loss=0.2128
Epoch=282, loss=0.2065
Epoch=283, loss=0.2128
Epoch=284, loss=0.2103
Epoch=285, loss=0.2125
Epoch=286, loss=0.2059
Epoch=287, loss=0.2026
Epoch=288, loss=0.2038
Epoch=289, loss=0.2061
Epoch=290, loss=0.2072
Epoch=291, loss=0.1982
Epoch=292, loss=0.1996
Epoch=293, loss=0.1994
Epoch=294, loss=0.1984
Epoch=295, loss=0.1977
Epoch=296, loss=0.1997
Epoch=297, loss=0.1988
Epoch=298, loss=0.1975
Epoch=299, loss=0.1986
Epoch=300, loss=0.1950
Epoch=301, loss=0.1942
Epoch=302, loss=0.1923
Epoch=303, loss=0.1956
Epoch=304, loss=0.1927
Epoch=305, loss=0.1906
Epoch=306, loss=0.1911
Epoch=307, loss=0.1881
Epoch=308, loss=0.1893
Epoch=309, loss=0.1892
Epoch=310, loss=0.1887
Epoch=311, loss=0.1844
Epoch=312, loss=0.1904
Epoch=313, loss=0.1885
Epoch=314, loss=0.1901
Epoch=315, loss=0.1864
Epoch=316, loss=0.1830
Epoch=317, loss=0.1856
Epoch=318, loss=0.1843
Epoch=319, loss=0.1804
Epoch=320, loss=0.1814
Epoch=321, loss=0.1833
Epoch=322, loss=0.1776
Epoch=323, loss=0.1805
Epoch=324, loss=0.1776
Epoch=325, loss=0.1743
Epoch=326, loss=0.1761
Epoch=327, loss=0.1705
Epoch=328, loss=0.1801
Epoch=329, loss=0.1780
Epoch=330, loss=0.1767
Epoch=331, loss=0.1733
Epoch=332, loss=0.1710
Epoch=333, loss=0.1730
Epoch=334, loss=0.1762
Epoch=335, loss=0.1680
Epoch=336, loss=0.1709
Epoch=337, loss=0.1698
Epoch=338, loss=0.1691
Epoch=339, loss=0.1670
Epoch=340, loss=0.1684
Epoch=341, loss=0.1658
Epoch=342, loss=0.1661
Epoch=343, loss=0.1704
Epoch=344, loss=0.1688
Epoch=345, loss=0.1596
Epoch=346, loss=0.1615
Epoch=347, loss=0.1611
Epoch=348, loss=0.1598
Epoch=349, loss=0.1630
Epoch=350, loss=0.1605
Epoch=351, loss=0.1607
Epoch=352, loss=0.1580
Epoch=353, loss=0.1608
Epoch=354, loss=0.1619
Epoch=355, loss=0.1607
Epoch=356, loss=0.1607
Epoch=357, loss=0.1603
Epoch=358, loss=0.1647
Epoch=359, loss=0.1573
Epoch=360, loss=0.1571
Epoch=361, loss=0.1541
Epoch=362, loss=0.1525
Epoch=363, loss=0.1551
Epoch=364, loss=0.1633
Epoch=365, loss=0.1553
Epoch=366, loss=0.1578
Epoch=367, loss=0.1514
Epoch=368, loss=0.1531
Epoch=369, loss=0.1497
Epoch=370, loss=0.1486
Epoch=371, loss=0.1533
Epoch=372, loss=0.1509
Epoch=373, loss=0.1502
Epoch=374, loss=0.1477
Epoch=375, loss=0.1478
Epoch=376, loss=0.1471
Epoch=377, loss=0.1537
Epoch=378, loss=0.1469
Epoch=379, loss=0.1456
Epoch=380, loss=0.1460
Epoch=381, loss=0.1426
Epoch=382, loss=0.1460
Epoch=383, loss=0.1429
Epoch=384, loss=0.1459
Epoch=385, loss=0.1444
Epoch=386, loss=0.1432
Epoch=387, loss=0.1403
Epoch=388, loss=0.1385
Epoch=389, loss=0.1385
Epoch=390, loss=0.1412
Epoch=391, loss=0.1426
Epoch=392, loss=0.1385
Epoch=393, loss=0.1383
Epoch=394, loss=0.1431
Epoch=395, loss=0.1409
Epoch=396, loss=0.1412
Epoch=397, loss=0.1361
Epoch=398, loss=0.1355
Epoch=399, loss=0.1361
Epoch=400, loss=0.1351
Epoch=401, loss=0.1296
Epoch=402, loss=0.1387
Epoch=403, loss=0.1346
Epoch=404, loss=0.1369
Epoch=405, loss=0.1346
Epoch=406, loss=0.1341
Epoch=407, loss=0.1342
Epoch=408, loss=0.1341
Epoch=409, loss=0.1343
Epoch=410, loss=0.1343
Epoch=411, loss=0.1310
Epoch=412, loss=0.1280
Epoch=413, loss=0.1298
Epoch=414, loss=0.1268
Epoch=415, loss=0.1333
Epoch=416, loss=0.1324
Epoch=417, loss=0.1315
Epoch=418, loss=0.1259
Epoch=419, loss=0.1277
Epoch=420, loss=0.1264
Epoch=421, loss=0.1254
Epoch=422, loss=0.1285
Epoch=423, loss=0.1265
Epoch=424, loss=0.1237
Epoch=425, loss=0.1259
Epoch=426, loss=0.1252
Epoch=427, loss=0.1259
Epoch=428, loss=0.1253
Epoch=429, loss=0.1240
Epoch=430, loss=0.1226
Epoch=431, loss=0.1296
Epoch=432, loss=0.1238
Epoch=433, loss=0.1253
Epoch=434, loss=0.1236
Epoch=435, loss=0.1237
Epoch=436, loss=0.1245
Epoch=437, loss=0.1237
Epoch=438, loss=0.1207
Epoch=439, loss=0.1210
Epoch=440, loss=0.1188
Epoch=441, loss=0.1204
Epoch=442, loss=0.1228
Epoch=443, loss=0.1211
Epoch=444, loss=0.1186
Epoch=445, loss=0.1197
Epoch=446, loss=0.1177
Epoch=447, loss=0.1184
Epoch=448, loss=0.1172
Epoch=449, loss=0.1207
Epoch=450, loss=0.1138
Epoch=451, loss=0.1192
Epoch=452, loss=0.1146
Epoch=453, loss=0.1148
Epoch=454, loss=0.1157
Epoch=455, loss=0.1166
Epoch=456, loss=0.1169
Epoch=457, loss=0.1118
Epoch=458, loss=0.1155
Epoch=459, loss=0.1121
Epoch=460, loss=0.1115
Epoch=461, loss=0.1155
Epoch=462, loss=0.1173
Epoch=463, loss=0.1153
Epoch=464, loss=0.1154
Epoch=465, loss=0.1107
Epoch=466, loss=0.1119
Epoch=467, loss=0.1185
Epoch=468, loss=0.1093
Epoch=469, loss=0.1152
Epoch=470, loss=0.1065
Epoch=471, loss=0.1102
Epoch=472, loss=0.1123
Epoch=473, loss=0.1135
Epoch=474, loss=0.1102
Epoch=475, loss=0.1102
Epoch=476, loss=0.1076
Epoch=477, loss=0.1087
Epoch=478, loss=0.1108
Epoch=479, loss=0.1126
Epoch=480, loss=0.1113
Epoch=481, loss=0.1095
Epoch=482, loss=0.1092
Epoch=483, loss=0.1095
Epoch=484, loss=0.1039
Epoch=485, loss=0.1033
Epoch=486, loss=0.1095
Epoch=487, loss=0.1044
Epoch=488, loss=0.1083
Epoch=489, loss=0.1081
Epoch=490, loss=0.1027
Epoch=491, loss=0.1093
Epoch=492, loss=0.1073
Epoch=493, loss=0.1100
Epoch=494, loss=0.1025
Epoch=495, loss=0.1050
Epoch=496, loss=0.1042
Epoch=497, loss=0.1035
Epoch=498, loss=0.0989
Epoch=499, loss=0.1014
Loading 498th epoch
Early stopping!
Start to test process.
done with the edge prediction
done with the node prediction
done with the second node prediction
(E) | label_classification: F1Mi=0.7404+-0.0183, F1Ma=0.7000+-0.0383, acc=0.7404+-0.0183
[['MVGRL', 'heat', 16, 15, 2, 'normalize', 0.1, 0.2, 0.4, 0.001, 0.5, 0.2, 0.5, 0.0001, 512, 512, 0.8995239781822629, 0.8952892865827913, 0.8995783659610628, 0.8920181702376186, 0.7428571581840515, 0.6399999856948853, 0.6228240132331848, 0.7428571581840515, 0.6520000100135803, 0.6208897233009338, 0.6506801399144967, 0.006804840615076357, 0.5998011476767322, 0.021386019504822103, 0.6506801399144967, 0.006804840615076357], ['MVGRL', 'heat', 32, 15, 2, 'normalize', 0.1, 0.2, 0.4, 0.001, 0.5, 0.2, 0.5, 0.0001, 512, 512, 0.9605936686779719, 0.9584442160384644, 0.9631223242801435, 0.9597913235185858, 0.8071428537368774, 0.7680000066757202, 0.7345260977745056, 0.8142856955528259, 0.7639999985694885, 0.7277562618255615, 0.7403808783521182, 0.018308739084881145, 0.6999644803320345, 0.038288026930509776, 0.7403808783521182, 0.01830873908488117]]
Epoch=000, loss=0.6926
Epoch=001, loss=0.6908
Epoch=002, loss=0.6883
Epoch=003, loss=0.6868
Epoch=004, loss=0.6841
Epoch=005, loss=0.6826
Epoch=006, loss=0.6798
Epoch=007, loss=0.6768
Epoch=008, loss=0.6747
Epoch=009, loss=0.6717
Epoch=010, loss=0.6673
Epoch=011, loss=0.6646
Epoch=012, loss=0.6602
Epoch=013, loss=0.6578
Epoch=014, loss=0.6530
Epoch=015, loss=0.6470
Epoch=016, loss=0.6443
Epoch=017, loss=0.6390
Epoch=018, loss=0.6334
Epoch=019, loss=0.6277
Epoch=020, loss=0.6232
Epoch=021, loss=0.6206
Epoch=022, loss=0.6154
Epoch=023, loss=0.6074
Epoch=024, loss=0.6019
Epoch=025, loss=0.5943
Epoch=026, loss=0.5912
Epoch=027, loss=0.5862
Epoch=028, loss=0.5777
Epoch=029, loss=0.5742
Epoch=030, loss=0.5700
Epoch=031, loss=0.5685
Epoch=032, loss=0.5580
Epoch=033, loss=0.5533
Epoch=034, loss=0.5455
Epoch=035, loss=0.5461
Epoch=036, loss=0.5380
Epoch=037, loss=0.5342
Epoch=038, loss=0.5260
Epoch=039, loss=0.5209
Epoch=040, loss=0.5160
Epoch=041, loss=0.5129
Epoch=042, loss=0.5057
Epoch=043, loss=0.5047
Epoch=044, loss=0.5010
Epoch=045, loss=0.4923
Epoch=046, loss=0.4860
Epoch=047, loss=0.4888
Epoch=048, loss=0.4760
Epoch=049, loss=0.4689
Epoch=050, loss=0.4703
Epoch=051, loss=0.4678
Epoch=052, loss=0.4619
Epoch=053, loss=0.4591
Epoch=054, loss=0.4545
Epoch=055, loss=0.4501
Epoch=056, loss=0.4488
Epoch=057, loss=0.4409
Epoch=058, loss=0.4378
Epoch=059, loss=0.4363
Epoch=060, loss=0.4330
Epoch=061, loss=0.4286
Epoch=062, loss=0.4248
Epoch=063, loss=0.4162
Epoch=064, loss=0.4129
Epoch=065, loss=0.4114
Epoch=066, loss=0.4063
Epoch=067, loss=0.4081
Epoch=068, loss=0.4038
Epoch=069, loss=0.4020
Epoch=070, loss=0.3964
Epoch=071, loss=0.3937
Epoch=072, loss=0.4074
Epoch=073, loss=0.3853
Epoch=074, loss=0.3844
Epoch=075, loss=0.3806
Epoch=076, loss=0.3780
Epoch=077, loss=0.3773
Epoch=078, loss=0.3719
Epoch=079, loss=0.3720
Epoch=080, loss=0.3691
Epoch=081, loss=0.3654
Epoch=082, loss=0.3576
Epoch=083, loss=0.3551
Epoch=084, loss=0.3536
Epoch=085, loss=0.3507
Epoch=086, loss=0.3495
Epoch=087, loss=0.3552
Epoch=088, loss=0.3554
Epoch=089, loss=0.3436
Epoch=090, loss=0.3390
Epoch=091, loss=0.3358
Epoch=092, loss=0.3377
Epoch=093, loss=0.3352
Epoch=094, loss=0.3317
Epoch=095, loss=0.3295
Epoch=096, loss=0.3268
Epoch=097, loss=0.3226
Epoch=098, loss=0.3236
Epoch=099, loss=0.3210
Epoch=100, loss=0.3188
Epoch=101, loss=0.3129
Epoch=102, loss=0.3143
Epoch=103, loss=0.3084
Epoch=104, loss=0.3079
Epoch=105, loss=0.3030
Epoch=106, loss=0.3037
Epoch=107, loss=0.3004
Epoch=108, loss=0.2980
Epoch=109, loss=0.3032
Epoch=110, loss=0.2945
Epoch=111, loss=0.2932
Epoch=112, loss=0.2901
Epoch=113, loss=0.2903
Epoch=114, loss=0.2831
Epoch=115, loss=0.2827
Epoch=116, loss=0.2880
Epoch=117, loss=0.2796
Epoch=118, loss=0.2816
Epoch=119, loss=0.2778
Epoch=120, loss=0.2734
Epoch=121, loss=0.2737
Epoch=122, loss=0.2676
Epoch=123, loss=0.2698
Epoch=124, loss=0.2794
Epoch=125, loss=0.2602
Epoch=126, loss=0.2641
Epoch=127, loss=0.2634
Epoch=128, loss=0.2570
Epoch=129, loss=0.2552
Epoch=130, loss=0.2553
Epoch=131, loss=0.2548
Epoch=132, loss=0.2529
Epoch=133, loss=0.2515
Epoch=134, loss=0.2530
Epoch=135, loss=0.2452
Epoch=136, loss=0.2464
Epoch=137, loss=0.2451
Epoch=138, loss=0.2441
Epoch=139, loss=0.2392
Epoch=140, loss=0.2395
Epoch=141, loss=0.2427
Epoch=142, loss=0.2386
Epoch=143, loss=0.2326
Epoch=144, loss=0.2343
Epoch=145, loss=0.2314
Epoch=146, loss=0.2276
Epoch=147, loss=0.2271
Epoch=148, loss=0.2242
Epoch=149, loss=0.2297
Epoch=150, loss=0.2249
Epoch=151, loss=0.2173
Epoch=152, loss=0.2222
Epoch=153, loss=0.2181
Epoch=154, loss=0.2150
Epoch=155, loss=0.2174
Epoch=156, loss=0.2126
Epoch=157, loss=0.2128
Epoch=158, loss=0.2123
Epoch=159, loss=0.2115
Epoch=160, loss=0.2099
Epoch=161, loss=0.2082
Epoch=162, loss=0.2097
Epoch=163, loss=0.2032
Epoch=164, loss=0.2023
Epoch=165, loss=0.2030
Epoch=166, loss=0.1994
Epoch=167, loss=0.1993
Epoch=168, loss=0.1959
Epoch=169, loss=0.1986
Epoch=170, loss=0.1993
Epoch=171, loss=0.1916
Epoch=172, loss=0.1941
Epoch=173, loss=0.1915
Epoch=174, loss=0.1866
Epoch=175, loss=0.1911
Epoch=176, loss=0.1889
Epoch=177, loss=0.1869
Epoch=178, loss=0.1859
Epoch=179, loss=0.1934
Epoch=180, loss=0.1840
Epoch=181, loss=0.1761
Epoch=182, loss=0.1817
Epoch=183, loss=0.1801
Epoch=184, loss=0.1748
Epoch=185, loss=0.1750
Epoch=186, loss=0.1754
Epoch=187, loss=0.1778
Epoch=188, loss=0.1729
Epoch=189, loss=0.1710
Epoch=190, loss=0.1723
Epoch=191, loss=0.1687
Epoch=192, loss=0.1701
Epoch=193, loss=0.1708
Epoch=194, loss=0.1698
Epoch=195, loss=0.1632
Epoch=196, loss=0.1655
Epoch=197, loss=0.1654
Epoch=198, loss=0.1653
Epoch=199, loss=0.1597
Epoch=200, loss=0.1599
Epoch=201, loss=0.1626
Epoch=202, loss=0.1592
Epoch=203, loss=0.1632
Epoch=204, loss=0.1569
Epoch=205, loss=0.1579
Epoch=206, loss=0.1566
Epoch=207, loss=0.1585
Epoch=208, loss=0.1542
Epoch=209, loss=0.1532
Epoch=210, loss=0.1517
Epoch=211, loss=0.1517
Epoch=212, loss=0.1529
Epoch=213, loss=0.1484
Epoch=214, loss=0.1500
Epoch=215, loss=0.1499
Epoch=216, loss=0.1442
Epoch=217, loss=0.1509
Epoch=218, loss=0.1454
Epoch=219, loss=0.1440
Epoch=220, loss=0.1448
Epoch=221, loss=0.1417
Epoch=222, loss=0.1460
Epoch=223, loss=0.1395
Epoch=224, loss=0.1391
Epoch=225, loss=0.1408
Epoch=226, loss=0.1391
Epoch=227, loss=0.1391
Epoch=228, loss=0.1391
Epoch=229, loss=0.1386
Epoch=230, loss=0.1392
Epoch=231, loss=0.1371
Epoch=232, loss=0.1387
Epoch=233, loss=0.1330
Epoch=234, loss=0.1366
Epoch=235, loss=0.1323
Epoch=236, loss=0.1335
Epoch=237, loss=0.1284
Epoch=238, loss=0.1311
Epoch=239, loss=0.1309
Epoch=240, loss=0.1291
Epoch=241, loss=0.1299
Epoch=242, loss=0.1301
Epoch=243, loss=0.1305
Epoch=244, loss=0.1291
Epoch=245, loss=0.1285
Epoch=246, loss=0.1230
Epoch=247, loss=0.1241
Epoch=248, loss=0.1241
Epoch=249, loss=0.1217
Epoch=250, loss=0.1266
Epoch=251, loss=0.1274
Epoch=252, loss=0.1227
Epoch=253, loss=0.1199
Epoch=254, loss=0.1293
Epoch=255, loss=0.1192
Epoch=256, loss=0.1211
Epoch=257, loss=0.1177
Epoch=258, loss=0.1238
Epoch=259, loss=0.1176
Epoch=260, loss=0.1206
Epoch=261, loss=0.1176
Epoch=262, loss=0.1163
Epoch=263, loss=0.1187
Epoch=264, loss=0.1218
Epoch=265, loss=0.1152
Epoch=266, loss=0.1176
Epoch=267, loss=0.1123
Epoch=268, loss=0.1104
Epoch=269, loss=0.1112
Epoch=270, loss=0.1153
Epoch=271, loss=0.1120
Epoch=272, loss=0.1092
Epoch=273, loss=0.1115
Epoch=274, loss=0.1117
Epoch=275, loss=0.1120
Epoch=276, loss=0.1084
Epoch=277, loss=0.1074
Epoch=278, loss=0.1061
Epoch=279, loss=0.1090
Epoch=280, loss=0.1089
Epoch=281, loss=0.1111
Epoch=282, loss=0.1081
Epoch=283, loss=0.1071
Epoch=284, loss=0.1052
Epoch=285, loss=0.1058
Epoch=286, loss=0.1079
Epoch=287, loss=0.1046
Epoch=288, loss=0.1034
Epoch=289, loss=0.1024
Epoch=290, loss=0.1089
Epoch=291, loss=0.1035
Epoch=292, loss=0.1005
Epoch=293, loss=0.1060
Epoch=294, loss=0.1025
Epoch=295, loss=0.0970
Epoch=296, loss=0.1005
Epoch=297, loss=0.0998
Epoch=298, loss=0.1010
Epoch=299, loss=0.0992
Epoch=300, loss=0.0989
Epoch=301, loss=0.0989
Epoch=302, loss=0.0972
Epoch=303, loss=0.0972
Epoch=304, loss=0.0962
Epoch=305, loss=0.1004
Epoch=306, loss=0.0988
Epoch=307, loss=0.0965
Epoch=308, loss=0.0951
Epoch=309, loss=0.0938
Epoch=310, loss=0.0954
Epoch=311, loss=0.0946
Epoch=312, loss=0.0983
Epoch=313, loss=0.0973
Epoch=314, loss=0.0920
Epoch=315, loss=0.0922
Epoch=316, loss=0.0917
Epoch=317, loss=0.0939
Epoch=318, loss=0.0949
Epoch=319, loss=0.0890
Epoch=320, loss=0.0902
Epoch=321, loss=0.0958
Epoch=322, loss=0.0895
Epoch=323, loss=0.0913
Epoch=324, loss=0.0923
Epoch=325, loss=0.0917
Epoch=326, loss=0.0940
Epoch=327, loss=0.0899
Epoch=328, loss=0.0890
Epoch=329, loss=0.0845
Epoch=330, loss=0.0899
Epoch=331, loss=0.0889
Epoch=332, loss=0.0909
Epoch=333, loss=0.0896
Epoch=334, loss=0.0863
Epoch=335, loss=0.0858
Epoch=336, loss=0.0842
Epoch=337, loss=0.0878
Epoch=338, loss=0.0869
Epoch=339, loss=0.0857
Epoch=340, loss=0.0836
Epoch=341, loss=0.0815
Epoch=342, loss=0.0828
Epoch=343, loss=0.0815
Epoch=344, loss=0.0827
Epoch=345, loss=0.0813
Epoch=346, loss=0.0796
Epoch=347, loss=0.0839
Epoch=348, loss=0.0807
Epoch=349, loss=0.0821
Epoch=350, loss=0.0828
Epoch=351, loss=0.0795
Epoch=352, loss=0.0783
Epoch=353, loss=0.0781
Epoch=354, loss=0.0825
Epoch=355, loss=0.0786
Epoch=356, loss=0.0782
Epoch=357, loss=0.0812
Epoch=358, loss=0.0810
Epoch=359, loss=0.0838
Epoch=360, loss=0.0786
Epoch=361, loss=0.0760
Epoch=362, loss=0.0745
Epoch=363, loss=0.0805
Epoch=364, loss=0.0842
Epoch=365, loss=0.0810
Epoch=366, loss=0.0794
Epoch=367, loss=0.0797
Epoch=368, loss=0.0767
Epoch=369, loss=0.0749
Epoch=370, loss=0.0748
Epoch=371, loss=0.0758
Epoch=372, loss=0.0757
Epoch=373, loss=0.0728
Epoch=374, loss=0.0767
Epoch=375, loss=0.0749
Epoch=376, loss=0.0724
Epoch=377, loss=0.0716
Epoch=378, loss=0.0780
Epoch=379, loss=0.0730
Epoch=380, loss=0.0791
Epoch=381, loss=0.0712
Epoch=382, loss=0.0759
Epoch=383, loss=0.0801
Epoch=384, loss=0.0753
Epoch=385, loss=0.0694
Epoch=386, loss=0.0694
Epoch=387, loss=0.0727
Epoch=388, loss=0.0698
Epoch=389, loss=0.0712
Epoch=390, loss=0.0705
Epoch=391, loss=0.0715
Epoch=392, loss=0.0749
Epoch=393, loss=0.0716
Epoch=394, loss=0.0710
Epoch=395, loss=0.0729
Epoch=396, loss=0.0702
Epoch=397, loss=0.0670
Epoch=398, loss=0.0692
Epoch=399, loss=0.0665
Epoch=400, loss=0.0671
Epoch=401, loss=0.0722
Epoch=402, loss=0.0673
Epoch=403, loss=0.0681
Epoch=404, loss=0.0653
Epoch=405, loss=0.0640
Epoch=406, loss=0.0716
Epoch=407, loss=0.0700
Epoch=408, loss=0.0655
Epoch=409, loss=0.0658
Epoch=410, loss=0.0638
Epoch=411, loss=0.0695
Epoch=412, loss=0.0638
Epoch=413, loss=0.0652
Epoch=414, loss=0.0666
Epoch=415, loss=0.0693
Epoch=416, loss=0.0664
Epoch=417, loss=0.0675
Epoch=418, loss=0.0654
Epoch=419, loss=0.0674
Epoch=420, loss=0.0623
Epoch=421, loss=0.0647
Epoch=422, loss=0.0609
Epoch=423, loss=0.0681
Epoch=424, loss=0.0656
Epoch=425, loss=0.0638
Epoch=426, loss=0.0653
Epoch=427, loss=0.0608
Epoch=428, loss=0.0684
Epoch=429, loss=0.0598
Epoch=430, loss=0.0633
Epoch=431, loss=0.0605
Epoch=432, loss=0.0615
Epoch=433, loss=0.0592
Epoch=434, loss=0.0638
Epoch=435, loss=0.0608
Epoch=436, loss=0.0610
Epoch=437, loss=0.0614
Epoch=438, loss=0.0613
Epoch=439, loss=0.0593
Epoch=440, loss=0.0634
Epoch=441, loss=0.0603
Epoch=442, loss=0.0595
Epoch=443, loss=0.0597
Epoch=444, loss=0.0614
Epoch=445, loss=0.0600
Epoch=446, loss=0.0597
Epoch=447, loss=0.0614
Epoch=448, loss=0.0581
Epoch=449, loss=0.0596
Epoch=450, loss=0.0577
Epoch=451, loss=0.0586
Epoch=452, loss=0.0586
Epoch=453, loss=0.0580
Epoch=454, loss=0.0561
Epoch=455, loss=0.0558
Epoch=456, loss=0.0559
Epoch=457, loss=0.0584
Epoch=458, loss=0.0584
Epoch=459, loss=0.0595
Epoch=460, loss=0.0576
Epoch=461, loss=0.0547
Epoch=462, loss=0.0584
Epoch=463, loss=0.0585
Epoch=464, loss=0.0547
Epoch=465, loss=0.0563
Epoch=466, loss=0.0569
Epoch=467, loss=0.0594
Epoch=468, loss=0.0547
Epoch=469, loss=0.0545
Epoch=470, loss=0.0558
Epoch=471, loss=0.0567
Epoch=472, loss=0.0568
Epoch=473, loss=0.0529
Epoch=474, loss=0.0602
Epoch=475, loss=0.0539
Epoch=476, loss=0.0568
Epoch=477, loss=0.0568
Epoch=478, loss=0.0540
Epoch=479, loss=0.0543
Epoch=480, loss=0.0539
Epoch=481, loss=0.0528
Epoch=482, loss=0.0548
Epoch=483, loss=0.0560
Epoch=484, loss=0.0527
Epoch=485, loss=0.0515
Epoch=486, loss=0.0524
Epoch=487, loss=0.0545
Epoch=488, loss=0.0559
Epoch=489, loss=0.0529
Epoch=490, loss=0.0548
Epoch=491, loss=0.0516
Epoch=492, loss=0.0519
Epoch=493, loss=0.0502
Epoch=494, loss=0.0521
Epoch=495, loss=0.0515
Epoch=496, loss=0.0496
Epoch=497, loss=0.0505
Epoch=498, loss=0.0505
Epoch=499, loss=0.0480
Loading 499th epoch
Early stopping!
Start to test process.
done with the edge prediction
done with the node prediction
done with the second node prediction
(E) | label_classification: F1Mi=0.7891+-0.0155, F1Ma=0.7590+-0.0354, acc=0.7891+-0.0155
[['MVGRL', 'heat', 16, 15, 2, 'normalize', 0.1, 0.2, 0.4, 0.001, 0.5, 0.2, 0.5, 0.0001, 512, 512, 0.8995239781822629, 0.8952892865827913, 0.8995783659610628, 0.8920181702376186, 0.7428571581840515, 0.6399999856948853, 0.6228240132331848, 0.7428571581840515, 0.6520000100135803, 0.6208897233009338, 0.6506801399144967, 0.006804840615076357, 0.5998011476767322, 0.021386019504822103, 0.6506801399144967, 0.006804840615076357], ['MVGRL', 'heat', 32, 15, 2, 'normalize', 0.1, 0.2, 0.4, 0.001, 0.5, 0.2, 0.5, 0.0001, 512, 512, 0.9605936686779719, 0.9584442160384644, 0.9631223242801435, 0.9597913235185858, 0.8071428537368774, 0.7680000066757202, 0.7345260977745056, 0.8142856955528259, 0.7639999985694885, 0.7277562618255615, 0.7403808783521182, 0.018308739084881145, 0.6999644803320345, 0.038288026930509776, 0.7403808783521182, 0.01830873908488117], ['MVGRL', 'heat', 64, 15, 2, 'normalize', 0.1, 0.2, 0.4, 0.001, 0.5, 0.2, 0.5, 0.0001, 512, 512, 0.9317980250761786, 0.9231345654905087, 0.936430837255022, 0.9245530844117439, 0.9214285612106323, 0.8040000200271606, 0.7577369213104248, 0.8999999761581421, 0.8040000200271606, 0.7533848881721497, 0.7891177613680529, 0.015523886253215605, 0.7590081130766526, 0.03537270341813324, 0.7891177613680529, 0.015523886253215631]]
Epoch=000, loss=0.6954
Epoch=001, loss=0.6896
Epoch=002, loss=0.6848
Epoch=003, loss=0.6799
Epoch=004, loss=0.6750
Epoch=005, loss=0.6705
Epoch=006, loss=0.6647
Epoch=007, loss=0.6599
Epoch=008, loss=0.6537
Epoch=009, loss=0.6460
Epoch=010, loss=0.6369
Epoch=011, loss=0.6313
Epoch=012, loss=0.6240
Epoch=013, loss=0.6137
Epoch=014, loss=0.6057
Epoch=015, loss=0.5971
Epoch=016, loss=0.5868
Epoch=017, loss=0.5773
Epoch=018, loss=0.5685
Epoch=019, loss=0.5608
Epoch=020, loss=0.5509
Epoch=021, loss=0.5422
Epoch=022, loss=0.5353
Epoch=023, loss=0.5227
Epoch=024, loss=0.5179
Epoch=025, loss=0.5048
Epoch=026, loss=0.5015
Epoch=027, loss=0.4949
Epoch=028, loss=0.4838
Epoch=029, loss=0.4800
Epoch=030, loss=0.4705
Epoch=031, loss=0.4590
Epoch=032, loss=0.4565
Epoch=033, loss=0.4502
Epoch=034, loss=0.4371
Epoch=035, loss=0.4400
Epoch=036, loss=0.4298
Epoch=037, loss=0.4234
Epoch=038, loss=0.4153
Epoch=039, loss=0.4097
Epoch=040, loss=0.4101
Epoch=041, loss=0.4006
Epoch=042, loss=0.3908
Epoch=043, loss=0.3876
Epoch=044, loss=0.3841
Epoch=045, loss=0.3763
Epoch=046, loss=0.3709
Epoch=047, loss=0.3677
Epoch=048, loss=0.3620
Epoch=049, loss=0.3567
Epoch=050, loss=0.3552
Epoch=051, loss=0.3485
Epoch=052, loss=0.3442
Epoch=053, loss=0.3399
Epoch=054, loss=0.3347
Epoch=055, loss=0.3313
Epoch=056, loss=0.3262
Epoch=057, loss=0.3251
Epoch=058, loss=0.3181
Epoch=059, loss=0.3132
Epoch=060, loss=0.3104
Epoch=061, loss=0.3029
Epoch=062, loss=0.3035
Epoch=063, loss=0.3018
Epoch=064, loss=0.2940
Epoch=065, loss=0.2928
Epoch=066, loss=0.2878
Epoch=067, loss=0.2850
Epoch=068, loss=0.2817
Epoch=069, loss=0.2785
Epoch=070, loss=0.2730
Epoch=071, loss=0.2700
Epoch=072, loss=0.2675
Epoch=073, loss=0.2607
Epoch=074, loss=0.2587
Epoch=075, loss=0.2552
Epoch=076, loss=0.2507
Epoch=077, loss=0.2525
Epoch=078, loss=0.2505
Epoch=079, loss=0.2425
Epoch=080, loss=0.2419
Epoch=081, loss=0.2391
Epoch=082, loss=0.2342
Epoch=083, loss=0.2359
Epoch=084, loss=0.2262
Epoch=085, loss=0.2287
Epoch=086, loss=0.2223
Epoch=087, loss=0.2228
Epoch=088, loss=0.2195
Epoch=089, loss=0.2190
Epoch=090, loss=0.2149
Epoch=091, loss=0.2164
Epoch=092, loss=0.2096
Epoch=093, loss=0.2074
Epoch=094, loss=0.2052
Epoch=095, loss=0.2006
Epoch=096, loss=0.1973
Epoch=097, loss=0.1978
Epoch=098, loss=0.1950
Epoch=099, loss=0.1942
Epoch=100, loss=0.1911
Epoch=101, loss=0.1861
Epoch=102, loss=0.1840
Epoch=103, loss=0.1854
Epoch=104, loss=0.1774
Epoch=105, loss=0.1776
Epoch=106, loss=0.1741
Epoch=107, loss=0.1785
Epoch=108, loss=0.1821
Epoch=109, loss=0.1717
Epoch=110, loss=0.1667
Epoch=111, loss=0.1661
Epoch=112, loss=0.1644
Epoch=113, loss=0.1631
Epoch=114, loss=0.1620
Epoch=115, loss=0.1596
Epoch=116, loss=0.1607
Epoch=117, loss=0.1573
Epoch=118, loss=0.1595
Epoch=119, loss=0.1532
Epoch=120, loss=0.1547
Epoch=121, loss=0.1519
Epoch=122, loss=0.1503
Epoch=123, loss=0.1468
Epoch=124, loss=0.1479
Epoch=125, loss=0.1420
Epoch=126, loss=0.1463
Epoch=127, loss=0.1436
Epoch=128, loss=0.1395
Epoch=129, loss=0.1411
Epoch=130, loss=0.1338
Epoch=131, loss=0.1338
Epoch=132, loss=0.1327
Epoch=133, loss=0.1318
Epoch=134, loss=0.1328
Epoch=135, loss=0.1336
Epoch=136, loss=0.1330
Epoch=137, loss=0.1309
Epoch=138, loss=0.1280
Epoch=139, loss=0.1288
Epoch=140, loss=0.1298
Epoch=141, loss=0.1235
Epoch=142, loss=0.1258
Epoch=143, loss=0.1252
Epoch=144, loss=0.1193
Epoch=145, loss=0.1199
Epoch=146, loss=0.1197
Epoch=147, loss=0.1197
Epoch=148, loss=0.1177
Epoch=149, loss=0.1146
Epoch=150, loss=0.1161
Epoch=151, loss=0.1152
Epoch=152, loss=0.1157
Epoch=153, loss=0.1159
Epoch=154, loss=0.1095
Epoch=155, loss=0.1117
Epoch=156, loss=0.1121
Epoch=157, loss=0.1102
Epoch=158, loss=0.1081
Epoch=159, loss=0.1070
Epoch=160, loss=0.1029
Epoch=161, loss=0.1027
Epoch=162, loss=0.1076
Epoch=163, loss=0.1059
Epoch=164, loss=0.1031
Epoch=165, loss=0.1029
Epoch=166, loss=0.1028
Epoch=167, loss=0.1001
Epoch=168, loss=0.1036
Epoch=169, loss=0.1008
Epoch=170, loss=0.1003
Epoch=171, loss=0.0989
Epoch=172, loss=0.0987
Epoch=173, loss=0.0992
Epoch=174, loss=0.0938
Epoch=175, loss=0.0969
Epoch=176, loss=0.0944
Epoch=177, loss=0.0979
Epoch=178, loss=0.0969
Epoch=179, loss=0.0939
Epoch=180, loss=0.0944
Epoch=181, loss=0.0928
Epoch=182, loss=0.0902
Epoch=183, loss=0.0952
Epoch=184, loss=0.0927
Epoch=185, loss=0.0884
Epoch=186, loss=0.0885
Epoch=187, loss=0.0864
Epoch=188, loss=0.0884
Epoch=189, loss=0.0876
Epoch=190, loss=0.0868
Epoch=191, loss=0.0844
Epoch=192, loss=0.0865
Epoch=193, loss=0.0889
Epoch=194, loss=0.0893
Epoch=195, loss=0.0855
Epoch=196, loss=0.0834
Epoch=197, loss=0.0857
Epoch=198, loss=0.0848
Epoch=199, loss=0.0842
Epoch=200, loss=0.0813
Epoch=201, loss=0.0796
Epoch=202, loss=0.0792
Epoch=203, loss=0.0779
Epoch=204, loss=0.0804
Epoch=205, loss=0.0837
Epoch=206, loss=0.0805
Epoch=207, loss=0.0785
Epoch=208, loss=0.0771
Epoch=209, loss=0.0807
Epoch=210, loss=0.0767
Epoch=211, loss=0.0774
Epoch=212, loss=0.0758
Epoch=213, loss=0.0746
Epoch=214, loss=0.0748
Epoch=215, loss=0.0765
Epoch=216, loss=0.0744
Epoch=217, loss=0.0709
Epoch=218, loss=0.0783
Epoch=219, loss=0.0737
Epoch=220, loss=0.0766
Epoch=221, loss=0.0723
Epoch=222, loss=0.0696
Epoch=223, loss=0.0717
Epoch=224, loss=0.0727
Epoch=225, loss=0.0682
Epoch=226, loss=0.0688
Epoch=227, loss=0.0715
Epoch=228, loss=0.0709
Epoch=229, loss=0.0673
Epoch=230, loss=0.0706
Epoch=231, loss=0.0633
Epoch=232, loss=0.0676
Epoch=233, loss=0.0682
Epoch=234, loss=0.0658
Epoch=235, loss=0.0676
Epoch=236, loss=0.0650
Epoch=237, loss=0.0650
Epoch=238, loss=0.0656
Epoch=239, loss=0.0641
Epoch=240, loss=0.0668
Epoch=241, loss=0.0625
Epoch=242, loss=0.0603
Epoch=243, loss=0.0645
Epoch=244, loss=0.0677
Epoch=245, loss=0.0655
Epoch=246, loss=0.0600
Epoch=247, loss=0.0646
Epoch=248, loss=0.0615
Epoch=249, loss=0.0596
Epoch=250, loss=0.0637
Epoch=251, loss=0.0638
Epoch=252, loss=0.0603
Epoch=253, loss=0.0545
Epoch=254, loss=0.0606
Epoch=255, loss=0.0569
Epoch=256, loss=0.0599
Epoch=257, loss=0.0593
Epoch=258, loss=0.0588
Epoch=259, loss=0.0604
Epoch=260, loss=0.0589
Epoch=261, loss=0.0596
Epoch=262, loss=0.0571
Epoch=263, loss=0.0589
Epoch=264, loss=0.0595
Epoch=265, loss=0.0561
Epoch=266, loss=0.0557
Epoch=267, loss=0.0582
Epoch=268, loss=0.0560
Epoch=269, loss=0.0543
Epoch=270, loss=0.0545
Epoch=271, loss=0.0568
Epoch=272, loss=0.0552
Epoch=273, loss=0.0589
Epoch=274, loss=0.0537
Epoch=275, loss=0.0536
Epoch=276, loss=0.0524
Epoch=277, loss=0.0559
Epoch=278, loss=0.0524
Epoch=279, loss=0.0528
Epoch=280, loss=0.0512
Epoch=281, loss=0.0547
Epoch=282, loss=0.0546
Epoch=283, loss=0.0519
Epoch=284, loss=0.0502
Epoch=285, loss=0.0517
Epoch=286, loss=0.0541
Epoch=287, loss=0.0473
Epoch=288, loss=0.0498
Epoch=289, loss=0.0529
Epoch=290, loss=0.0544
Epoch=291, loss=0.0501
Epoch=292, loss=0.0514
Epoch=293, loss=0.0495
Epoch=294, loss=0.0495
Epoch=295, loss=0.0505
Epoch=296, loss=0.0517
Epoch=297, loss=0.0499
Epoch=298, loss=0.0474
Epoch=299, loss=0.0460
Epoch=300, loss=0.0526
Epoch=301, loss=0.0511
Epoch=302, loss=0.0464
Epoch=303, loss=0.0480
Epoch=304, loss=0.0482
Epoch=305, loss=0.0454
Epoch=306, loss=0.0491
Epoch=307, loss=0.0512
Epoch=308, loss=0.0485
Epoch=309, loss=0.0451
Epoch=310, loss=0.0459
Epoch=311, loss=0.0439
Epoch=312, loss=0.0468
Epoch=313, loss=0.0479
Epoch=314, loss=0.0450
Epoch=315, loss=0.0462
Epoch=316, loss=0.0469
Epoch=317, loss=0.0448
Epoch=318, loss=0.0431
Epoch=319, loss=0.0448
Epoch=320, loss=0.0448
Epoch=321, loss=0.0414
Epoch=322, loss=0.0443
Epoch=323, loss=0.0427
Epoch=324, loss=0.0433
Epoch=325, loss=0.0423
Epoch=326, loss=0.0432
Epoch=327, loss=0.0400
Epoch=328, loss=0.0449
Epoch=329, loss=0.0432
Epoch=330, loss=0.0419
Epoch=331, loss=0.0429
Epoch=332, loss=0.0442
Epoch=333, loss=0.0417
Epoch=334, loss=0.0436
Epoch=335, loss=0.0433
Epoch=336, loss=0.0428
Epoch=337, loss=0.0397
Epoch=338, loss=0.0404
Epoch=339, loss=0.0409
Epoch=340, loss=0.0375
Epoch=341, loss=0.0446
Epoch=342, loss=0.0396
Epoch=343, loss=0.0398
Epoch=344, loss=0.0462
Epoch=345, loss=0.0399
Epoch=346, loss=0.0415
Epoch=347, loss=0.0375
Epoch=348, loss=0.0415
Epoch=349, loss=0.0375
Epoch=350, loss=0.0397
Epoch=351, loss=0.0363
Epoch=352, loss=0.0386
Epoch=353, loss=0.0382
Epoch=354, loss=0.0380
Epoch=355, loss=0.0406
Epoch=356, loss=0.0394
Epoch=357, loss=0.0381
Epoch=358, loss=0.0393
Epoch=359, loss=0.0357
Epoch=360, loss=0.0404
Epoch=361, loss=0.0390
Epoch=362, loss=0.0361
Epoch=363, loss=0.0341
Epoch=364, loss=0.0406
Epoch=365, loss=0.0372
Epoch=366, loss=0.0372
Epoch=367, loss=0.0355
Epoch=368, loss=0.0331
Epoch=369, loss=0.0391
Epoch=370, loss=0.0379
Epoch=371, loss=0.0359
Epoch=372, loss=0.0347
Epoch=373, loss=0.0361
Epoch=374, loss=0.0333
Epoch=375, loss=0.0367
Epoch=376, loss=0.0387
Epoch=377, loss=0.0387
Epoch=378, loss=0.0353
Epoch=379, loss=0.0364
Epoch=380, loss=0.0348
Epoch=381, loss=0.0345
Epoch=382, loss=0.0366
Epoch=383, loss=0.0342
Epoch=384, loss=0.0346
Epoch=385, loss=0.0380
Epoch=386, loss=0.0353
Epoch=387, loss=0.0337
Epoch=388, loss=0.0341
Early stopping!
Loading 368th epoch
Early stopping!
Start to test process.
done with the edge prediction
done with the node prediction
done with the second node prediction
(E) | label_classification: F1Mi=0.7963+-0.0073, F1Ma=0.7751+-0.0049, acc=0.7963+-0.0073
[['MVGRL', 'heat', 16, 15, 2, 'normalize', 0.1, 0.2, 0.4, 0.001, 0.5, 0.2, 0.5, 0.0001, 512, 512, 0.8995239781822629, 0.8952892865827913, 0.8995783659610628, 0.8920181702376186, 0.7428571581840515, 0.6399999856948853, 0.6228240132331848, 0.7428571581840515, 0.6520000100135803, 0.6208897233009338, 0.6506801399144967, 0.006804840615076357, 0.5998011476767322, 0.021386019504822103, 0.6506801399144967, 0.006804840615076357], ['MVGRL', 'heat', 32, 15, 2, 'normalize', 0.1, 0.2, 0.4, 0.001, 0.5, 0.2, 0.5, 0.0001, 512, 512, 0.9605936686779719, 0.9584442160384644, 0.9631223242801435, 0.9597913235185858, 0.8071428537368774, 0.7680000066757202, 0.7345260977745056, 0.8142856955528259, 0.7639999985694885, 0.7277562618255615, 0.7403808783521182, 0.018308739084881145, 0.6999644803320345, 0.038288026930509776, 0.7403808783521182, 0.01830873908488117], ['MVGRL', 'heat', 64, 15, 2, 'normalize', 0.1, 0.2, 0.4, 0.001, 0.5, 0.2, 0.5, 0.0001, 512, 512, 0.9317980250761786, 0.9231345654905087, 0.936430837255022, 0.9245530844117439, 0.9214285612106323, 0.8040000200271606, 0.7577369213104248, 0.8999999761581421, 0.8040000200271606, 0.7533848881721497, 0.7891177613680529, 0.015523886253215605, 0.7590081130766526, 0.03537270341813324, 0.7891177613680529, 0.015523886253215631], ['MVGRL', 'heat', 128, 15, 2, 'normalize', 0.1, 0.2, 0.4, 0.001, 0.5, 0.2, 0.5, 0.0001, 512, 512, 0.9376205432748371, 0.9306268392217075, 0.9415761407703193, 0.931113197009064, 0.8714285492897034, 0.8040000200271606, 0.7785300016403198, 0.8857142925262451, 0.800000011920929, 0.7819148898124695, 0.7963466770307034, 0.007258526252579096, 0.77509901203276, 0.004904573115658691, 0.7963466770307034, 0.007258526252579096]]
Epoch=000, loss=0.6920
Epoch=001, loss=0.6817
Epoch=002, loss=0.6751
Epoch=003, loss=0.6629
Epoch=004, loss=0.6554
Epoch=005, loss=0.6437
Epoch=006, loss=0.6330
Epoch=007, loss=0.6274
Epoch=008, loss=0.6087
Epoch=009, loss=0.5982
Epoch=010, loss=0.5859
Epoch=011, loss=0.5730
Epoch=012, loss=0.5560
Epoch=013, loss=0.5451
Epoch=014, loss=0.5351
Epoch=015, loss=0.5210
Epoch=016, loss=0.5078
Epoch=017, loss=0.4925
Epoch=018, loss=0.4828
Epoch=019, loss=0.4749
Epoch=020, loss=0.4592
Epoch=021, loss=0.4463
Epoch=022, loss=0.4401
Epoch=023, loss=0.4251
Epoch=024, loss=0.4153
Epoch=025, loss=0.4058
Epoch=026, loss=0.4000
Epoch=027, loss=0.3828
Epoch=028, loss=0.3836
Epoch=029, loss=0.3717
Epoch=030, loss=0.3653
Epoch=031, loss=0.3554
Epoch=032, loss=0.3471
Epoch=033, loss=0.3434
Epoch=034, loss=0.3339
Epoch=035, loss=0.3275
Epoch=036, loss=0.3180
Epoch=037, loss=0.3105
Epoch=038, loss=0.3029
Epoch=039, loss=0.3018
Epoch=040, loss=0.2910
Epoch=041, loss=0.2821
Epoch=042, loss=0.2828
Epoch=043, loss=0.2728
Epoch=044, loss=0.2681
Epoch=045, loss=0.2640
Epoch=046, loss=0.2564
Epoch=047, loss=0.2524
Epoch=048, loss=0.2492
Epoch=049, loss=0.2438
Epoch=050, loss=0.2389
Epoch=051, loss=0.2318
Epoch=052, loss=0.2278
Epoch=053, loss=0.2337
Epoch=054, loss=0.2200
Epoch=055, loss=0.2110
Epoch=056, loss=0.2112
Epoch=057, loss=0.2117
Epoch=058, loss=0.2035
Epoch=059, loss=0.1963
Epoch=060, loss=0.1940
Epoch=061, loss=0.1919
Epoch=062, loss=0.1884
Epoch=063, loss=0.1859
Epoch=064, loss=0.1853
Epoch=065, loss=0.1799
Epoch=066, loss=0.1767
Epoch=067, loss=0.1770
Epoch=068, loss=0.1717
Epoch=069, loss=0.1637
Epoch=070, loss=0.1650
Epoch=071, loss=0.1615
Epoch=072, loss=0.1597
Epoch=073, loss=0.1531
Epoch=074, loss=0.1560
Epoch=075, loss=0.1508
Epoch=076, loss=0.1504
Epoch=077, loss=0.1466
Epoch=078, loss=0.1446
Epoch=079, loss=0.1400
Epoch=080, loss=0.1373
Epoch=081, loss=0.1386
Epoch=082, loss=0.1386
Epoch=083, loss=0.1344
Epoch=084, loss=0.1330
Epoch=085, loss=0.1339
Epoch=086, loss=0.1282
Epoch=087, loss=0.1281
Epoch=088, loss=0.1261
Epoch=089, loss=0.1230
Epoch=090, loss=0.1241
Epoch=091, loss=0.1237
Epoch=092, loss=0.1170
Epoch=093, loss=0.1191
Epoch=094, loss=0.1164
Epoch=095, loss=0.1206
Epoch=096, loss=0.1141
Epoch=097, loss=0.1167
Epoch=098, loss=0.1121
Epoch=099, loss=0.1123
Epoch=100, loss=0.1087
Epoch=101, loss=0.1059
Epoch=102, loss=0.1060
Epoch=103, loss=0.1056
Epoch=104, loss=0.1083
Epoch=105, loss=0.1005
Epoch=106, loss=0.0983
Epoch=107, loss=0.1048
Epoch=108, loss=0.1033
Epoch=109, loss=0.0986
Epoch=110, loss=0.0982
Epoch=111, loss=0.1009
Epoch=112, loss=0.0978
Epoch=113, loss=0.0979
Epoch=114, loss=0.0905
Epoch=115, loss=0.1007
Epoch=116, loss=0.0970
Epoch=117, loss=0.0973
Epoch=118, loss=0.0894
Epoch=119, loss=0.0923
Epoch=120, loss=0.0896
Epoch=121, loss=0.0870
Epoch=122, loss=0.0875
Epoch=123, loss=0.0860
Epoch=124, loss=0.0883
Epoch=125, loss=0.0859
Epoch=126, loss=0.0842
Epoch=127, loss=0.0887
Epoch=128, loss=0.0870
Epoch=129, loss=0.0811
Epoch=130, loss=0.0882
Epoch=131, loss=0.0840
Epoch=132, loss=0.0817
Epoch=133, loss=0.0815
Epoch=134, loss=0.0800
Epoch=135, loss=0.0783
Epoch=136, loss=0.0806
Epoch=137, loss=0.0777
Epoch=138, loss=0.0776
Epoch=139, loss=0.0759
Epoch=140, loss=0.0763
Epoch=141, loss=0.0778
Epoch=142, loss=0.0787
Epoch=143, loss=0.0762
Epoch=144, loss=0.0807
Epoch=145, loss=0.0802
Epoch=146, loss=0.0796
Epoch=147, loss=0.0736
Epoch=148, loss=0.0743
Epoch=149, loss=0.0764
Epoch=150, loss=0.0708
Epoch=151, loss=0.0698
Epoch=152, loss=0.0692
Epoch=153, loss=0.0667
Epoch=154, loss=0.0747
Epoch=155, loss=0.0709
Epoch=156, loss=0.0701
Epoch=157, loss=0.0682
Epoch=158, loss=0.0717
Epoch=159, loss=0.0669
Epoch=160, loss=0.0650
Epoch=161, loss=0.0663
Epoch=162, loss=0.0678
Epoch=163, loss=0.0649
Epoch=164, loss=0.0689
Epoch=165, loss=0.0626
Epoch=166, loss=0.0704
Epoch=167, loss=0.0606
Epoch=168, loss=0.0629
Epoch=169, loss=0.0610
Epoch=170, loss=0.0629
Epoch=171, loss=0.0638
Epoch=172, loss=0.0649
Epoch=173, loss=0.0627
Epoch=174, loss=0.0632
Epoch=175, loss=0.0643
Epoch=176, loss=0.0652
Epoch=177, loss=0.0634
Epoch=178, loss=0.0595
Epoch=179, loss=0.0604
Epoch=180, loss=0.0577
Epoch=181, loss=0.0615
Epoch=182, loss=0.0582
Epoch=183, loss=0.0601
Epoch=184, loss=0.0576
Epoch=185, loss=0.0594
Epoch=186, loss=0.0628
Epoch=187, loss=0.0613
Epoch=188, loss=0.0604
Epoch=189, loss=0.0591
Epoch=190, loss=0.0521
Epoch=191, loss=0.0582
Epoch=192, loss=0.0584
Epoch=193, loss=0.0548
Epoch=194, loss=0.0543
Epoch=195, loss=0.0580
Epoch=196, loss=0.0571
Epoch=197, loss=0.0553
Epoch=198, loss=0.0580
Epoch=199, loss=0.0549
Epoch=200, loss=0.0573
Epoch=201, loss=0.0565
Epoch=202, loss=0.0573
Epoch=203, loss=0.0589
Epoch=204, loss=0.0568
Epoch=205, loss=0.0529
Epoch=206, loss=0.0514
Epoch=207, loss=0.0493
Epoch=208, loss=0.0472
Epoch=209, loss=0.0590
Epoch=210, loss=0.0540
Epoch=211, loss=0.0559
Epoch=212, loss=0.0523
Epoch=213, loss=0.0502
Epoch=214, loss=0.0529
Epoch=215, loss=0.0504
Epoch=216, loss=0.0497
Epoch=217, loss=0.0482
Epoch=218, loss=0.0484
Epoch=219, loss=0.0477
Epoch=220, loss=0.0477
Epoch=221, loss=0.0503
Epoch=222, loss=0.0521
Epoch=223, loss=0.0463
Epoch=224, loss=0.0554
Epoch=225, loss=0.0468
Epoch=226, loss=0.0501
Epoch=227, loss=0.0475
Epoch=228, loss=0.0436
Epoch=229, loss=0.0496
Epoch=230, loss=0.0464
Epoch=231, loss=0.0441
Epoch=232, loss=0.0463
Epoch=233, loss=0.0468
Epoch=234, loss=0.0523
Epoch=235, loss=0.0487
Epoch=236, loss=0.0488
Epoch=237, loss=0.0461
Epoch=238, loss=0.0461
Epoch=239, loss=0.0467
Epoch=240, loss=0.0467
Epoch=241, loss=0.0452
Epoch=242, loss=0.0474
Epoch=243, loss=0.0453
Epoch=244, loss=0.0459
Epoch=245, loss=0.0415
Epoch=246, loss=0.0505
Epoch=247, loss=0.0443
Epoch=248, loss=0.0433
Epoch=249, loss=0.0473
Epoch=250, loss=0.0449
Epoch=251, loss=0.0465
Epoch=252, loss=0.0450
Epoch=253, loss=0.0437
Epoch=254, loss=0.0414
Epoch=255, loss=0.0487
Epoch=256, loss=0.0418
Epoch=257, loss=0.0418
Epoch=258, loss=0.0441
Epoch=259, loss=0.0425
Epoch=260, loss=0.0456
Epoch=261, loss=0.0442
Epoch=262, loss=0.0410
Epoch=263, loss=0.0387
Epoch=264, loss=0.0427
Epoch=265, loss=0.0400
Epoch=266, loss=0.0425
Epoch=267, loss=0.0384
Epoch=268, loss=0.0407
Epoch=269, loss=0.0410
Epoch=270, loss=0.0435
Epoch=271, loss=0.0404
Epoch=272, loss=0.0387
Epoch=273, loss=0.0432
Epoch=274, loss=0.0382
Epoch=275, loss=0.0396
Epoch=276, loss=0.0420
Epoch=277, loss=0.0426
Epoch=278, loss=0.0398
Epoch=279, loss=0.0392
Epoch=280, loss=0.0382
Epoch=281, loss=0.0394
Epoch=282, loss=0.0413
Epoch=283, loss=0.0405
Epoch=284, loss=0.0395
Epoch=285, loss=0.0432
Epoch=286, loss=0.0381
Epoch=287, loss=0.0408
Epoch=288, loss=0.0357
Epoch=289, loss=0.0379
Epoch=290, loss=0.0372
Epoch=291, loss=0.0374
Epoch=292, loss=0.0348
Epoch=293, loss=0.0381
Epoch=294, loss=0.0398
Epoch=295, loss=0.0349
Epoch=296, loss=0.0371
Epoch=297, loss=0.0389
Epoch=298, loss=0.0359
Epoch=299, loss=0.0407
Epoch=300, loss=0.0399
Epoch=301, loss=0.0377
Epoch=302, loss=0.0427
Epoch=303, loss=0.0360
Epoch=304, loss=0.0358
Epoch=305, loss=0.0358
Epoch=306, loss=0.0383
Epoch=307, loss=0.0341
Epoch=308, loss=0.0355
Epoch=309, loss=0.0336
Epoch=310, loss=0.0348
Epoch=311, loss=0.0404
Epoch=312, loss=0.0385
Epoch=313, loss=0.0342
Epoch=314, loss=0.0359
Epoch=315, loss=0.0404
Epoch=316, loss=0.0373
Epoch=317, loss=0.0384
Epoch=318, loss=0.0377
Epoch=319, loss=0.0329
Epoch=320, loss=0.0358
Epoch=321, loss=0.0349
Epoch=322, loss=0.0354
Epoch=323, loss=0.0338
Epoch=324, loss=0.0365
Epoch=325, loss=0.0334
Epoch=326, loss=0.0321
Epoch=327, loss=0.0320
Epoch=328, loss=0.0311
Epoch=329, loss=0.0337
Epoch=330, loss=0.0324
Epoch=331, loss=0.0324
Epoch=332, loss=0.0311
Epoch=333, loss=0.0364
Epoch=334, loss=0.0352
Epoch=335, loss=0.0344
Epoch=336, loss=0.0325
Epoch=337, loss=0.0315
Epoch=338, loss=0.0297
Epoch=339, loss=0.0334
Epoch=340, loss=0.0348
Epoch=341, loss=0.0299
Epoch=342, loss=0.0310
Epoch=343, loss=0.0328
Epoch=344, loss=0.0352
Epoch=345, loss=0.0312
Epoch=346, loss=0.0341
Epoch=347, loss=0.0307
Epoch=348, loss=0.0305
Epoch=349, loss=0.0307
Epoch=350, loss=0.0332
Epoch=351, loss=0.0299
Epoch=352, loss=0.0288
Epoch=353, loss=0.0312
Epoch=354, loss=0.0288
Epoch=355, loss=0.0275
Epoch=356, loss=0.0295
Epoch=357, loss=0.0279
Epoch=358, loss=0.0308
Epoch=359, loss=0.0299
Epoch=360, loss=0.0340
Epoch=361, loss=0.0282
Epoch=362, loss=0.0343
Epoch=363, loss=0.0301
Epoch=364, loss=0.0303
Epoch=365, loss=0.0275
Epoch=366, loss=0.0292
Epoch=367, loss=0.0297
Epoch=368, loss=0.0296
Epoch=369, loss=0.0304
Epoch=370, loss=0.0315
Epoch=371, loss=0.0292
Epoch=372, loss=0.0311
Epoch=373, loss=0.0297
Epoch=374, loss=0.0305
Epoch=375, loss=0.0297
Epoch=376, loss=0.0277
Epoch=377, loss=0.0259
Epoch=378, loss=0.0253
Epoch=379, loss=0.0281
Epoch=380, loss=0.0257
Epoch=381, loss=0.0299
Epoch=382, loss=0.0268
Epoch=383, loss=0.0280
Epoch=384, loss=0.0295
Epoch=385, loss=0.0301
Epoch=386, loss=0.0275
Epoch=387, loss=0.0297
Epoch=388, loss=0.0315
Epoch=389, loss=0.0298
Epoch=390, loss=0.0284
Epoch=391, loss=0.0306
Epoch=392, loss=0.0289
Epoch=393, loss=0.0258
Epoch=394, loss=0.0303
Epoch=395, loss=0.0288
Epoch=396, loss=0.0319
Epoch=397, loss=0.0287
Epoch=398, loss=0.0266
Early stopping!
Loading 378th epoch
Early stopping!
Start to test process.
done with the edge prediction
done with the node prediction
done with the second node prediction
(E) | label_classification: F1Mi=0.8052+-0.0076, F1Ma=0.7852+-0.0107, acc=0.8052+-0.0076
[['MVGRL', 'heat', 16, 15, 2, 'normalize', 0.1, 0.2, 0.4, 0.001, 0.5, 0.2, 0.5, 0.0001, 512, 512, 0.8995239781822629, 0.8952892865827913, 0.8995783659610628, 0.8920181702376186, 0.7428571581840515, 0.6399999856948853, 0.6228240132331848, 0.7428571581840515, 0.6520000100135803, 0.6208897233009338, 0.6506801399144967, 0.006804840615076357, 0.5998011476767322, 0.021386019504822103, 0.6506801399144967, 0.006804840615076357], ['MVGRL', 'heat', 32, 15, 2, 'normalize', 0.1, 0.2, 0.4, 0.001, 0.5, 0.2, 0.5, 0.0001, 512, 512, 0.9605936686779719, 0.9584442160384644, 0.9631223242801435, 0.9597913235185858, 0.8071428537368774, 0.7680000066757202, 0.7345260977745056, 0.8142856955528259, 0.7639999985694885, 0.7277562618255615, 0.7403808783521182, 0.018308739084881145, 0.6999644803320345, 0.038288026930509776, 0.7403808783521182, 0.01830873908488117], ['MVGRL', 'heat', 64, 15, 2, 'normalize', 0.1, 0.2, 0.4, 0.001, 0.5, 0.2, 0.5, 0.0001, 512, 512, 0.9317980250761786, 0.9231345654905087, 0.936430837255022, 0.9245530844117439, 0.9214285612106323, 0.8040000200271606, 0.7577369213104248, 0.8999999761581421, 0.8040000200271606, 0.7533848881721497, 0.7891177613680529, 0.015523886253215605, 0.7590081130766526, 0.03537270341813324, 0.7891177613680529, 0.015523886253215631], ['MVGRL', 'heat', 128, 15, 2, 'normalize', 0.1, 0.2, 0.4, 0.001, 0.5, 0.2, 0.5, 0.0001, 512, 512, 0.9376205432748371, 0.9306268392217075, 0.9415761407703193, 0.931113197009064, 0.8714285492897034, 0.8040000200271606, 0.7785300016403198, 0.8857142925262451, 0.800000011920929, 0.7819148898124695, 0.7963466770307034, 0.007258526252579096, 0.77509901203276, 0.004904573115658691, 0.7963466770307034, 0.007258526252579096], ['MVGRL', 'heat', 256, 15, 2, 'normalize', 0.1, 0.2, 0.4, 0.001, 0.5, 0.2, 0.5, 0.0001, 512, 512, 0.9822060898780189, 0.9807764556801453, 0.9720482916800189, 0.9673234011825447, 0.9928571581840515, 0.8460000157356262, 0.7988394498825073, 0.9928571581840515, 0.8420000076293945, 0.7983558773994446, 0.8052079284881462, 0.007597712014481092, 0.7851604421385148, 0.010693477042830793, 0.8052079284881462, 0.007597712014481092]]
Epoch=000, loss=0.6986
Epoch=001, loss=0.8868
Epoch=002, loss=0.6776
Epoch=003, loss=0.7267
Epoch=004, loss=0.7294
Epoch=005, loss=0.6814
Epoch=006, loss=0.6685
Epoch=007, loss=0.6936
Epoch=008, loss=0.6779
Epoch=009, loss=0.6512
Epoch=010, loss=0.6413
Epoch=011, loss=0.6447
Epoch=012, loss=0.6409
Epoch=013, loss=0.6241
Epoch=014, loss=0.6034
Epoch=015, loss=0.5983
Epoch=016, loss=0.5990
Epoch=017, loss=0.5839
Epoch=018, loss=0.5581
Epoch=019, loss=0.5556
Epoch=020, loss=0.5514
Epoch=021, loss=0.5298
Epoch=022, loss=0.5130
Epoch=023, loss=0.5038
Epoch=024, loss=0.4935
Epoch=025, loss=0.4716
Epoch=026, loss=0.4644
Epoch=027, loss=0.4500
Epoch=028, loss=0.4351
Epoch=029, loss=0.4321
Epoch=030, loss=0.4146
Epoch=031, loss=0.4046
Epoch=032, loss=0.3909
Epoch=033, loss=0.3847
Epoch=034, loss=0.3736
Epoch=035, loss=0.3576
Epoch=036, loss=0.3515
Epoch=037, loss=0.3432
Epoch=038, loss=0.3280
Epoch=039, loss=0.3237
Epoch=040, loss=0.3104
Epoch=041, loss=0.3023
Epoch=042, loss=0.2943
Epoch=043, loss=0.2897
Epoch=044, loss=0.2823
Epoch=045, loss=0.2699
Epoch=046, loss=0.2607
Epoch=047, loss=0.2509
Epoch=048, loss=0.2557
Epoch=049, loss=0.2455
Epoch=050, loss=0.2395
Epoch=051, loss=0.2328
Epoch=052, loss=0.2248
Epoch=053, loss=0.2194
Epoch=054, loss=0.2171
Epoch=055, loss=0.2090
Epoch=056, loss=0.1997
Epoch=057, loss=0.1994
Epoch=058, loss=0.1948
Epoch=059, loss=0.1917
Epoch=060, loss=0.1855
Epoch=061, loss=0.1793
Epoch=062, loss=0.1749
Epoch=063, loss=0.1705
Epoch=064, loss=0.1672
Epoch=065, loss=0.1680
Epoch=066, loss=0.1614
Epoch=067, loss=0.1553
Epoch=068, loss=0.1514
Epoch=069, loss=0.1477
Epoch=070, loss=0.1506
Epoch=071, loss=0.1432
Epoch=072, loss=0.1429
Epoch=073, loss=0.1459
Epoch=074, loss=0.1407
Epoch=075, loss=0.1410
Epoch=076, loss=0.1304
Epoch=077, loss=0.1322
Epoch=078, loss=0.1322
Epoch=079, loss=0.1298
Epoch=080, loss=0.1271
Epoch=081, loss=0.1226
Epoch=082, loss=0.1218
Epoch=083, loss=0.1229
Epoch=084, loss=0.1194
Epoch=085, loss=0.1133
Epoch=086, loss=0.1157
Epoch=087, loss=0.1129
Epoch=088, loss=0.1131
Epoch=089, loss=0.1104
Epoch=090, loss=0.1099
Epoch=091, loss=0.1122
Epoch=092, loss=0.1019
Epoch=093, loss=0.1063
Epoch=094, loss=0.1053
Epoch=095, loss=0.0982
Epoch=096, loss=0.1007
Epoch=097, loss=0.1038
Epoch=098, loss=0.0989
Epoch=099, loss=0.0991
Epoch=100, loss=0.1000
Epoch=101, loss=0.0975
Epoch=102, loss=0.0926
Epoch=103, loss=0.0923
Epoch=104, loss=0.0913
Epoch=105, loss=0.0932
Epoch=106, loss=0.0908
Epoch=107, loss=0.0885
Epoch=108, loss=0.0867
Epoch=109, loss=0.0872
Epoch=110, loss=0.0877
Epoch=111, loss=0.0846
Epoch=112, loss=0.0880
Epoch=113, loss=0.0878
Epoch=114, loss=0.0814
Epoch=115, loss=0.0824
Epoch=116, loss=0.0854
Epoch=117, loss=0.0779
Epoch=118, loss=0.0836
Epoch=119, loss=0.0792
Epoch=120, loss=0.0834
Epoch=121, loss=0.0777
Epoch=122, loss=0.0775
Epoch=123, loss=0.0820
Epoch=124, loss=0.0727
Epoch=125, loss=0.0798
Epoch=126, loss=0.0769
Epoch=127, loss=0.0724
Epoch=128, loss=0.0745
Epoch=129, loss=0.0745
Epoch=130, loss=0.0728
Epoch=131, loss=0.0747
Epoch=132, loss=0.0705
Epoch=133, loss=0.0774
Epoch=134, loss=0.0741
Epoch=135, loss=0.0730
Epoch=136, loss=0.0774
Epoch=137, loss=0.0670
Epoch=138, loss=0.0740
Epoch=139, loss=0.0672
Epoch=140, loss=0.0708
Epoch=141, loss=0.0714
Epoch=142, loss=0.0727
Epoch=143, loss=0.0693
Epoch=144, loss=0.0612
Epoch=145, loss=0.0680
Epoch=146, loss=0.0701
Epoch=147, loss=0.0709
Epoch=148, loss=0.0674
Epoch=149, loss=0.0691
Epoch=150, loss=0.0666
Epoch=151, loss=0.0712
Epoch=152, loss=0.0644
Epoch=153, loss=0.0647
Epoch=154, loss=0.0649
Epoch=155, loss=0.0573
Epoch=156, loss=0.0654
Epoch=157, loss=0.0645
Epoch=158, loss=0.0648
Epoch=159, loss=0.0615
Epoch=160, loss=0.0591
Epoch=161, loss=0.0566
Epoch=162, loss=0.0650
Epoch=163, loss=0.0634
Epoch=164, loss=0.0571
Epoch=165, loss=0.0618
Epoch=166, loss=0.0617
Epoch=167, loss=0.0589
Epoch=168, loss=0.0560
Epoch=169, loss=0.0552
Epoch=170, loss=0.0589
Epoch=171, loss=0.0615
Epoch=172, loss=0.0598
Epoch=173, loss=0.0622
Epoch=174, loss=0.0589
Epoch=175, loss=0.0550
Epoch=176, loss=0.0584
Epoch=177, loss=0.0512
Epoch=178, loss=0.0518
Epoch=179, loss=0.0562
Epoch=180, loss=0.0538
Epoch=181, loss=0.0525
Epoch=182, loss=0.0569
Epoch=183, loss=0.0575
Epoch=184, loss=0.0520
Epoch=185, loss=0.0570
Epoch=186, loss=0.0537
Epoch=187, loss=0.0551
Epoch=188, loss=0.0520
Epoch=189, loss=0.0556
Epoch=190, loss=0.0501
Epoch=191, loss=0.0501
Epoch=192, loss=0.0520
Epoch=193, loss=0.0507
Epoch=194, loss=0.0475
Epoch=195, loss=0.0533
Epoch=196, loss=0.0516
Epoch=197, loss=0.0505
Epoch=198, loss=0.0469
Epoch=199, loss=0.0486
Epoch=200, loss=0.0481
Epoch=201, loss=0.0499
Epoch=202, loss=0.0504
Epoch=203, loss=0.0461
Epoch=204, loss=0.0530
Epoch=205, loss=0.0510
Epoch=206, loss=0.0486
Epoch=207, loss=0.0490
Epoch=208, loss=0.0493
Epoch=209, loss=0.0448
Epoch=210, loss=0.0498
Epoch=211, loss=0.0479
Epoch=212, loss=0.0452
Epoch=213, loss=0.0464
Epoch=214, loss=0.0440
Epoch=215, loss=0.0491
Epoch=216, loss=0.0494
Epoch=217, loss=0.0464
Epoch=218, loss=0.0501
Epoch=219, loss=0.0478
Epoch=220, loss=0.0470
Epoch=221, loss=0.0459
Epoch=222, loss=0.0493
Epoch=223, loss=0.0488
Epoch=224, loss=0.0452
Epoch=225, loss=0.0383
Epoch=226, loss=0.0506
Epoch=227, loss=0.0483
Epoch=228, loss=0.0535
Epoch=229, loss=0.0458
Epoch=230, loss=0.0487
Epoch=231, loss=0.0407
Epoch=232, loss=0.0478
Epoch=233, loss=0.0435
Epoch=234, loss=0.0390
Epoch=235, loss=0.0446
Epoch=236, loss=0.0403
Epoch=237, loss=0.0426
Epoch=238, loss=0.0445
Epoch=239, loss=0.0434
Epoch=240, loss=0.0395
Epoch=241, loss=0.0441
Epoch=242, loss=0.0408
Epoch=243, loss=0.0415
Epoch=244, loss=0.0423
Epoch=245, loss=0.0419
Early stopping!
Loading 225th epoch
Early stopping!
Start to test process.
done with the edge prediction
done with the node prediction
done with the second node prediction
(E) | label_classification: F1Mi=0.7980+-0.0160, F1Ma=0.7774+-0.0278, acc=0.7980+-0.0160
[['MVGRL', 'heat', 16, 15, 2, 'normalize', 0.1, 0.2, 0.4, 0.001, 0.5, 0.2, 0.5, 0.0001, 512, 512, 0.8995239781822629, 0.8952892865827913, 0.8995783659610628, 0.8920181702376186, 0.7428571581840515, 0.6399999856948853, 0.6228240132331848, 0.7428571581840515, 0.6520000100135803, 0.6208897233009338, 0.6506801399144967, 0.006804840615076357, 0.5998011476767322, 0.021386019504822103, 0.6506801399144967, 0.006804840615076357], ['MVGRL', 'heat', 32, 15, 2, 'normalize', 0.1, 0.2, 0.4, 0.001, 0.5, 0.2, 0.5, 0.0001, 512, 512, 0.9605936686779719, 0.9584442160384644, 0.9631223242801435, 0.9597913235185858, 0.8071428537368774, 0.7680000066757202, 0.7345260977745056, 0.8142856955528259, 0.7639999985694885, 0.7277562618255615, 0.7403808783521182, 0.018308739084881145, 0.6999644803320345, 0.038288026930509776, 0.7403808783521182, 0.01830873908488117], ['MVGRL', 'heat', 64, 15, 2, 'normalize', 0.1, 0.2, 0.4, 0.001, 0.5, 0.2, 0.5, 0.0001, 512, 512, 0.9317980250761786, 0.9231345654905087, 0.936430837255022, 0.9245530844117439, 0.9214285612106323, 0.8040000200271606, 0.7577369213104248, 0.8999999761581421, 0.8040000200271606, 0.7533848881721497, 0.7891177613680529, 0.015523886253215605, 0.7590081130766526, 0.03537270341813324, 0.7891177613680529, 0.015523886253215631], ['MVGRL', 'heat', 128, 15, 2, 'normalize', 0.1, 0.2, 0.4, 0.001, 0.5, 0.2, 0.5, 0.0001, 512, 512, 0.9376205432748371, 0.9306268392217075, 0.9415761407703193, 0.931113197009064, 0.8714285492897034, 0.8040000200271606, 0.7785300016403198, 0.8857142925262451, 0.800000011920929, 0.7819148898124695, 0.7963466770307034, 0.007258526252579096, 0.77509901203276, 0.004904573115658691, 0.7963466770307034, 0.007258526252579096], ['MVGRL', 'heat', 256, 15, 2, 'normalize', 0.1, 0.2, 0.4, 0.001, 0.5, 0.2, 0.5, 0.0001, 512, 512, 0.9822060898780189, 0.9807764556801453, 0.9720482916800189, 0.9673234011825447, 0.9928571581840515, 0.8460000157356262, 0.7988394498825073, 0.9928571581840515, 0.8420000076293945, 0.7983558773994446, 0.8052079284881462, 0.007597712014481092, 0.7851604421385148, 0.010693477042830793, 0.8052079284881462, 0.007597712014481092], ['MVGRL', 'heat', 512, 15, 2, 'normalize', 0.1, 0.2, 0.4, 0.001, 0.5, 0.2, 0.5, 0.0001, 512, 512, 0.9985414660921896, 0.9984605808857132, 0.9716144154913603, 0.9668849290825677, 0.9642857313156128, 0.828000009059906, 0.7964216470718384, 0.9571428298950195, 0.828000009059906, 0.7959381341934204, 0.7979790128254955, 0.015974280908281943, 0.777359710568884, 0.02776645176950685, 0.7979790128254955, 0.01597428090828199]]
