My SLURM_ARRAY_TASK_ID:  14
My SLURM_ARRAY_JOB_ID:  4522289
DGI
Cora
result file is 4522289_14
Found it
Dataset: Cora():
======================
Number of graphs: 1
Number of features: 1433
Number of classes: 7
Data(x=[2708, 1433], edge_index=[2, 10556], y=[2708], train_mask=[2708], val_mask=[2708], test_mask=[2708])
==============================================================
Number of nodes: 2708
Number of edges: 10556
Average node degree: 3.90
Number of training nodes: 140
Training node label rate: 0.05
Contains isolated nodes: False
Contains self-loops: False
Is undirected: True
/scratch/midway3/cdonnat/gnumap/experiments/results/DGI_results_Cora_4522289_14.csv
=== train DGI model ===
Epoch=000, loss=0.6931
Epoch=001, loss=0.6931
Epoch=002, loss=0.6931
Epoch=003, loss=0.6931
Epoch=004, loss=0.6930
Epoch=005, loss=0.6930
Epoch=006, loss=0.6930
Epoch=007, loss=0.6930
Epoch=008, loss=0.6929
Epoch=009, loss=0.6929
Epoch=010, loss=0.6929
Epoch=011, loss=0.6928
Epoch=012, loss=0.6928
Epoch=013, loss=0.6928
Epoch=014, loss=0.6927
Epoch=015, loss=0.6927
Epoch=016, loss=0.6926
Epoch=017, loss=0.6926
Epoch=018, loss=0.6925
Epoch=019, loss=0.6925
Epoch=020, loss=0.6924
Epoch=021, loss=0.6923
Epoch=022, loss=0.6922
Epoch=023, loss=0.6921
Epoch=024, loss=0.6920
Epoch=025, loss=0.6919
Epoch=026, loss=0.6918
Epoch=027, loss=0.6917
Epoch=028, loss=0.6916
Epoch=029, loss=0.6914
Epoch=030, loss=0.6913
Epoch=031, loss=0.6911
Epoch=032, loss=0.6909
Epoch=033, loss=0.6908
Epoch=034, loss=0.6906
Epoch=035, loss=0.6904
Epoch=036, loss=0.6901
Epoch=037, loss=0.6899
Epoch=038, loss=0.6897
Epoch=039, loss=0.6894
Epoch=040, loss=0.6891
Epoch=041, loss=0.6889
Epoch=042, loss=0.6885
Epoch=043, loss=0.6882
Epoch=044, loss=0.6878
Epoch=045, loss=0.6876
Epoch=046, loss=0.6871
Epoch=047, loss=0.6867
Epoch=048, loss=0.6864
Epoch=049, loss=0.6859
Epoch=050, loss=0.6852
Epoch=051, loss=0.6849
Epoch=052, loss=0.6845
Epoch=053, loss=0.6838
Epoch=054, loss=0.6835
Epoch=055, loss=0.6825
Epoch=056, loss=0.6821
Epoch=057, loss=0.6814
Epoch=058, loss=0.6808
Epoch=059, loss=0.6800
Epoch=060, loss=0.6794
Epoch=061, loss=0.6786
Epoch=062, loss=0.6779
Epoch=063, loss=0.6766
Epoch=064, loss=0.6757
Epoch=065, loss=0.6750
Epoch=066, loss=0.6744
Epoch=067, loss=0.6734
Epoch=068, loss=0.6725
Epoch=069, loss=0.6708
Epoch=070, loss=0.6701
Epoch=071, loss=0.6691
Epoch=072, loss=0.6678
Epoch=073, loss=0.6664
Epoch=074, loss=0.6653
Epoch=075, loss=0.6640
Epoch=076, loss=0.6629
Epoch=077, loss=0.6611
Epoch=078, loss=0.6599
Epoch=079, loss=0.6583
Epoch=080, loss=0.6573
Epoch=081, loss=0.6550
Epoch=082, loss=0.6541
Epoch=083, loss=0.6514
Epoch=084, loss=0.6507
Epoch=085, loss=0.6491
Epoch=086, loss=0.6474
Epoch=087, loss=0.6457
Epoch=088, loss=0.6433
Epoch=089, loss=0.6422
Epoch=090, loss=0.6393
Epoch=091, loss=0.6374
Epoch=092, loss=0.6351
Epoch=093, loss=0.6335
Epoch=094, loss=0.6314
Epoch=095, loss=0.6295
Epoch=096, loss=0.6272
Epoch=097, loss=0.6248
Epoch=098, loss=0.6224
Epoch=099, loss=0.6203
Epoch=100, loss=0.6185
Epoch=101, loss=0.6150
Epoch=102, loss=0.6120
Epoch=103, loss=0.6118
Epoch=104, loss=0.6079
Epoch=105, loss=0.6069
Epoch=106, loss=0.6022
Epoch=107, loss=0.5995
Epoch=108, loss=0.5977
Epoch=109, loss=0.5955
Epoch=110, loss=0.5922
Epoch=111, loss=0.5884
Epoch=112, loss=0.5870
Epoch=113, loss=0.5843
Epoch=114, loss=0.5822
Epoch=115, loss=0.5782
Epoch=116, loss=0.5755
Epoch=117, loss=0.5716
Epoch=118, loss=0.5688
Epoch=119, loss=0.5651
Epoch=120, loss=0.5615
Epoch=121, loss=0.5591
Epoch=122, loss=0.5575
Epoch=123, loss=0.5499
Epoch=124, loss=0.5496
Epoch=125, loss=0.5447
Epoch=126, loss=0.5420
Epoch=127, loss=0.5397
Epoch=128, loss=0.5369
Epoch=129, loss=0.5322
Epoch=130, loss=0.5313
Epoch=131, loss=0.5243
Epoch=132, loss=0.5208
Epoch=133, loss=0.5218
Epoch=134, loss=0.5136
Epoch=135, loss=0.5125
Epoch=136, loss=0.5052
Epoch=137, loss=0.5012
Epoch=138, loss=0.5030
Epoch=139, loss=0.4974
Epoch=140, loss=0.4924
Epoch=141, loss=0.4890
Epoch=142, loss=0.4808
Epoch=143, loss=0.4809
Epoch=144, loss=0.4758
Epoch=145, loss=0.4739
Epoch=146, loss=0.4679
Epoch=147, loss=0.4658
Epoch=148, loss=0.4645
Epoch=149, loss=0.4583
Epoch=150, loss=0.4545
Epoch=151, loss=0.4517
Epoch=152, loss=0.4492
Epoch=153, loss=0.4445
Epoch=154, loss=0.4404
Epoch=155, loss=0.4353
Epoch=156, loss=0.4304
Epoch=157, loss=0.4306
Epoch=158, loss=0.4242
Epoch=159, loss=0.4234
Epoch=160, loss=0.4115
Epoch=161, loss=0.4118
Epoch=162, loss=0.4091
Epoch=163, loss=0.3962
Epoch=164, loss=0.3987
Epoch=165, loss=0.3960
Epoch=166, loss=0.3907
Epoch=167, loss=0.3825
Epoch=168, loss=0.3800
Epoch=169, loss=0.3831
Epoch=170, loss=0.3741
Epoch=171, loss=0.3753
Epoch=172, loss=0.3784
Epoch=173, loss=0.3669
Epoch=174, loss=0.3613
Epoch=175, loss=0.3563
Epoch=176, loss=0.3508
Epoch=177, loss=0.3538
Epoch=178, loss=0.3479
Epoch=179, loss=0.3380
Epoch=180, loss=0.3479
Epoch=181, loss=0.3332
Epoch=182, loss=0.3288
Epoch=183, loss=0.3344
Epoch=184, loss=0.3289
Epoch=185, loss=0.3238
Epoch=186, loss=0.3215
Epoch=187, loss=0.3167
Epoch=188, loss=0.3107
Epoch=189, loss=0.3049
Epoch=190, loss=0.3013
Epoch=191, loss=0.2962
Epoch=192, loss=0.3028
Epoch=193, loss=0.2993
Epoch=194, loss=0.2906
Epoch=195, loss=0.2946
Epoch=196, loss=0.2871
Epoch=197, loss=0.2841
Epoch=198, loss=0.2884
Epoch=199, loss=0.2809
Epoch=200, loss=0.2779
Epoch=201, loss=0.2794
Epoch=202, loss=0.2693
Epoch=203, loss=0.2733
Epoch=204, loss=0.2647
Epoch=205, loss=0.2696
Epoch=206, loss=0.2609
Epoch=207, loss=0.2576
Epoch=208, loss=0.2577
Epoch=209, loss=0.2543
Epoch=210, loss=0.2519
Epoch=211, loss=0.2477
Epoch=212, loss=0.2473
Epoch=213, loss=0.2431
Epoch=214, loss=0.2374
Epoch=215, loss=0.2400
Epoch=216, loss=0.2338
Epoch=217, loss=0.2331
Epoch=218, loss=0.2294
Epoch=219, loss=0.2234
Epoch=220, loss=0.2277
Epoch=221, loss=0.2206
Epoch=222, loss=0.2256
Epoch=223, loss=0.2256
Epoch=224, loss=0.2195
Epoch=225, loss=0.2213
Epoch=226, loss=0.2183
Epoch=227, loss=0.2105
Epoch=228, loss=0.2163
Epoch=229, loss=0.2081
Epoch=230, loss=0.2063
Epoch=231, loss=0.1997
Epoch=232, loss=0.2075
Epoch=233, loss=0.2037
Epoch=234, loss=0.2050
Epoch=235, loss=0.2000
Epoch=236, loss=0.2021
Epoch=237, loss=0.2023
Epoch=238, loss=0.2039
Epoch=239, loss=0.1963
Epoch=240, loss=0.1933
Epoch=241, loss=0.1897
Epoch=242, loss=0.1899
Epoch=243, loss=0.1845
Epoch=244, loss=0.1869
Epoch=245, loss=0.1942
Epoch=246, loss=0.1835
Epoch=247, loss=0.1889
Epoch=248, loss=0.1876
Epoch=249, loss=0.1742
Epoch=250, loss=0.1677
Epoch=251, loss=0.1793
Epoch=252, loss=0.1721
Epoch=253, loss=0.1841
Epoch=254, loss=0.1662
Epoch=255, loss=0.1672
Epoch=256, loss=0.1665
Epoch=257, loss=0.1699
Epoch=258, loss=0.1689
Epoch=259, loss=0.1573
Epoch=260, loss=0.1686
Epoch=261, loss=0.1607
Epoch=262, loss=0.1634
Epoch=263, loss=0.1676
Epoch=264, loss=0.1557
Epoch=265, loss=0.1661
Epoch=266, loss=0.1589
Epoch=267, loss=0.1614
Epoch=268, loss=0.1464
Epoch=269, loss=0.1589
Epoch=270, loss=0.1524
Epoch=271, loss=0.1578
Epoch=272, loss=0.1471
Epoch=273, loss=0.1572
Epoch=274, loss=0.1412
Epoch=275, loss=0.1515
Epoch=276, loss=0.1410
Epoch=277, loss=0.1465
Epoch=278, loss=0.1496
Epoch=279, loss=0.1394
Epoch=280, loss=0.1540
Epoch=281, loss=0.1459
Epoch=282, loss=0.1378
Epoch=283, loss=0.1367
Epoch=284, loss=0.1446
Epoch=285, loss=0.1450
Epoch=286, loss=0.1372
Epoch=287, loss=0.1373
Epoch=288, loss=0.1370
Epoch=289, loss=0.1279
Epoch=290, loss=0.1272
Epoch=291, loss=0.1337
Epoch=292, loss=0.1317
Epoch=293, loss=0.1349
Epoch=294, loss=0.1321
Epoch=295, loss=0.1269
Epoch=296, loss=0.1257
Epoch=297, loss=0.1366
Epoch=298, loss=0.1271
Epoch=299, loss=0.1243
Epoch=300, loss=0.1302
Epoch=301, loss=0.1316
Epoch=302, loss=0.1205
Epoch=303, loss=0.1319
Epoch=304, loss=0.1312
Epoch=305, loss=0.1274
Epoch=306, loss=0.1216
Epoch=307, loss=0.1189
Epoch=308, loss=0.1255
Epoch=309, loss=0.1143
Epoch=310, loss=0.1236
Epoch=311, loss=0.1303
Epoch=312, loss=0.1235
Epoch=313, loss=0.1186
Epoch=314, loss=0.1155
Epoch=315, loss=0.1184
Epoch=316, loss=0.1191
Epoch=317, loss=0.1233
Epoch=318, loss=0.1212
Epoch=319, loss=0.1186
Epoch=320, loss=0.1130
Epoch=321, loss=0.1200
Epoch=322, loss=0.1090
Epoch=323, loss=0.1139
Epoch=324, loss=0.1066
Epoch=325, loss=0.1171
Epoch=326, loss=0.1117
Epoch=327, loss=0.1123
Epoch=328, loss=0.1136
Epoch=329, loss=0.1115
Epoch=330, loss=0.1007
Epoch=331, loss=0.1089
Epoch=332, loss=0.1124
Epoch=333, loss=0.1092
Epoch=334, loss=0.1065
Epoch=335, loss=0.1181
Epoch=336, loss=0.1101
Epoch=337, loss=0.0994
Epoch=338, loss=0.1095
Epoch=339, loss=0.1005
Epoch=340, loss=0.0985
Epoch=341, loss=0.1060
Epoch=342, loss=0.1067
Epoch=343, loss=0.1047
Epoch=344, loss=0.0991
Epoch=345, loss=0.1025
Epoch=346, loss=0.1041
Epoch=347, loss=0.1023
Epoch=348, loss=0.0980
Epoch=349, loss=0.0963
Epoch=350, loss=0.0999
Epoch=351, loss=0.0912
Epoch=352, loss=0.1086
Epoch=353, loss=0.1109
Epoch=354, loss=0.1016
Epoch=355, loss=0.1082
Epoch=356, loss=0.0977
Epoch=357, loss=0.1030
Epoch=358, loss=0.0948
Epoch=359, loss=0.0971
Epoch=360, loss=0.0976
Epoch=361, loss=0.0926
Epoch=362, loss=0.0907
Epoch=363, loss=0.0930
Epoch=364, loss=0.1027
Epoch=365, loss=0.0927
Epoch=366, loss=0.0903
Epoch=367, loss=0.0915
Epoch=368, loss=0.0930
Epoch=369, loss=0.0892
Epoch=370, loss=0.0927
Epoch=371, loss=0.0925
Epoch=372, loss=0.0871
Epoch=373, loss=0.0953
Epoch=374, loss=0.0883
Epoch=375, loss=0.0912
Epoch=376, loss=0.0903
Epoch=377, loss=0.0846
Epoch=378, loss=0.0953
Epoch=379, loss=0.0891
Epoch=380, loss=0.0851
Epoch=381, loss=0.0893
Epoch=382, loss=0.0966
Epoch=383, loss=0.0794
Epoch=384, loss=0.0844
Epoch=385, loss=0.0916
Epoch=386, loss=0.0811
Epoch=387, loss=0.0804
Epoch=388, loss=0.0909
Epoch=389, loss=0.0853
Epoch=390, loss=0.0856
Epoch=391, loss=0.0923
Epoch=392, loss=0.0932
Epoch=393, loss=0.0917
Epoch=394, loss=0.0871
Epoch=395, loss=0.0774
Epoch=396, loss=0.0864
Epoch=397, loss=0.0784
Epoch=398, loss=0.0829
Epoch=399, loss=0.0801
Epoch=400, loss=0.0902
Epoch=401, loss=0.0807
Epoch=402, loss=0.0862
Epoch=403, loss=0.0934
Epoch=404, loss=0.0841
Epoch=405, loss=0.0852
Epoch=406, loss=0.0777
Epoch=407, loss=0.0815
Epoch=408, loss=0.0806
Epoch=409, loss=0.0849
Epoch=410, loss=0.0845
Epoch=411, loss=0.0823
Epoch=412, loss=0.0802
Epoch=413, loss=0.0739
Epoch=414, loss=0.0880
Epoch=415, loss=0.0809
Epoch=416, loss=0.0786
Epoch=417, loss=0.0822
Epoch=418, loss=0.0804
Epoch=419, loss=0.0837
Epoch=420, loss=0.0811
Epoch=421, loss=0.0739
Epoch=422, loss=0.0762
Epoch=423, loss=0.0693
Epoch=424, loss=0.0766
Epoch=425, loss=0.0789
Epoch=426, loss=0.0750
Epoch=427, loss=0.0874
Epoch=428, loss=0.0735
Epoch=429, loss=0.0647
Epoch=430, loss=0.0783
Epoch=431, loss=0.0745
Epoch=432, loss=0.0696
Epoch=433, loss=0.0782
Epoch=434, loss=0.0806
Epoch=435, loss=0.0652
Epoch=436, loss=0.0697
Epoch=437, loss=0.0669
Epoch=438, loss=0.0754
Epoch=439, loss=0.0767
Epoch=440, loss=0.0765
Epoch=441, loss=0.0704
Epoch=442, loss=0.0880
Epoch=443, loss=0.0692
Epoch=444, loss=0.0703
Epoch=445, loss=0.0703
Epoch=446, loss=0.0750
Epoch=447, loss=0.0638
Epoch=448, loss=0.0780
Epoch=449, loss=0.0631
Epoch=450, loss=0.0761
Epoch=451, loss=0.0777
Epoch=452, loss=0.0752
Epoch=453, loss=0.0728
Epoch=454, loss=0.0765
Epoch=455, loss=0.0766
Epoch=456, loss=0.0752
Epoch=457, loss=0.0690
Epoch=458, loss=0.0735
Epoch=459, loss=0.0705
Epoch=460, loss=0.0707
Epoch=461, loss=0.0706
Epoch=462, loss=0.0782
Epoch=463, loss=0.0749
Epoch=464, loss=0.0682
Epoch=465, loss=0.0697
Epoch=466, loss=0.0698
Epoch=467, loss=0.0675
Epoch=468, loss=0.0663
Epoch=469, loss=0.0677
Early stopping!
Loading 449th epoch
Early stopping!
Start to test process.
done with the edge prediction
done with the node prediction
done with the second node prediction
(E) | label_classification: F1Mi=0.7053+-0.0077, F1Ma=0.6553+-0.0098, acc=0.7053+-0.0077
[['DGI', 'heat', 16, 15, 2, 'normalize', 0.1, 0.2, 0.4, 0.001, 0.5, 0.2, 0.5, 0.0001, 512, 512, 0.7847077252550672, 0.7941735134256206, 0.7695181273831685, 0.7806014939571769, 0.7928571701049805, 0.7139999866485596, 0.6871373057365417, 0.7857142686843872, 0.7139999866485596, 0.6890715956687927, 0.7053245239020598, 0.007716075854630951, 0.6553219431201093, 0.009758301155397718, 0.7053245239020598, 0.007716075854630931]]
=== train DGI model ===
Epoch=000, loss=0.6931
Epoch=001, loss=0.6930
Epoch=002, loss=0.6929
Epoch=003, loss=0.6929
Epoch=004, loss=0.6928
Epoch=005, loss=0.6927
Epoch=006, loss=0.6925
Epoch=007, loss=0.6924
Epoch=008, loss=0.6923
Epoch=009, loss=0.6921
Epoch=010, loss=0.6919
Epoch=011, loss=0.6917
Epoch=012, loss=0.6915
Epoch=013, loss=0.6912
Epoch=014, loss=0.6909
Epoch=015, loss=0.6907
Epoch=016, loss=0.6902
Epoch=017, loss=0.6899
Epoch=018, loss=0.6894
Epoch=019, loss=0.6889
Epoch=020, loss=0.6884
Epoch=021, loss=0.6879
Epoch=022, loss=0.6872
Epoch=023, loss=0.6866
Epoch=024, loss=0.6859
Epoch=025, loss=0.6851
Epoch=026, loss=0.6843
Epoch=027, loss=0.6832
Epoch=028, loss=0.6823
Epoch=029, loss=0.6813
Epoch=030, loss=0.6800
Epoch=031, loss=0.6787
Epoch=032, loss=0.6778
Epoch=033, loss=0.6759
Epoch=034, loss=0.6741
Epoch=035, loss=0.6732
Epoch=036, loss=0.6710
Epoch=037, loss=0.6696
Epoch=038, loss=0.6674
Epoch=039, loss=0.6648
Epoch=040, loss=0.6631
Epoch=041, loss=0.6607
Epoch=042, loss=0.6589
Epoch=043, loss=0.6557
Epoch=044, loss=0.6524
Epoch=045, loss=0.6495
Epoch=046, loss=0.6474
Epoch=047, loss=0.6441
Epoch=048, loss=0.6404
Epoch=049, loss=0.6375
Epoch=050, loss=0.6331
Epoch=051, loss=0.6299
Epoch=052, loss=0.6251
Epoch=053, loss=0.6195
Epoch=054, loss=0.6174
Epoch=055, loss=0.6125
Epoch=056, loss=0.6093
Epoch=057, loss=0.6031
Epoch=058, loss=0.5980
Epoch=059, loss=0.5920
Epoch=060, loss=0.5890
Epoch=061, loss=0.5816
Epoch=062, loss=0.5754
Epoch=063, loss=0.5713
Epoch=064, loss=0.5644
Epoch=065, loss=0.5579
Epoch=066, loss=0.5508
Epoch=067, loss=0.5442
Epoch=068, loss=0.5374
Epoch=069, loss=0.5324
Epoch=070, loss=0.5237
Epoch=071, loss=0.5217
Epoch=072, loss=0.5118
Epoch=073, loss=0.5049
Epoch=074, loss=0.4964
Epoch=075, loss=0.4867
Epoch=076, loss=0.4853
Epoch=077, loss=0.4743
Epoch=078, loss=0.4698
Epoch=079, loss=0.4549
Epoch=080, loss=0.4472
Epoch=081, loss=0.4404
Epoch=082, loss=0.4381
Epoch=083, loss=0.4319
Epoch=084, loss=0.4230
Epoch=085, loss=0.4099
Epoch=086, loss=0.4061
Epoch=087, loss=0.3936
Epoch=088, loss=0.3867
Epoch=089, loss=0.3853
Epoch=090, loss=0.3736
Epoch=091, loss=0.3717
Epoch=092, loss=0.3571
Epoch=093, loss=0.3507
Epoch=094, loss=0.3474
Epoch=095, loss=0.3417
Epoch=096, loss=0.3310
Epoch=097, loss=0.3287
Epoch=098, loss=0.3198
Epoch=099, loss=0.3073
Epoch=100, loss=0.3062
Epoch=101, loss=0.3084
Epoch=102, loss=0.2913
Epoch=103, loss=0.2809
Epoch=104, loss=0.2825
Epoch=105, loss=0.2747
Epoch=106, loss=0.2653
Epoch=107, loss=0.2638
Epoch=108, loss=0.2539
Epoch=109, loss=0.2555
Epoch=110, loss=0.2503
Epoch=111, loss=0.2536
Epoch=112, loss=0.2388
Epoch=113, loss=0.2363
Epoch=114, loss=0.2360
Epoch=115, loss=0.2273
Epoch=116, loss=0.2210
Epoch=117, loss=0.2226
Epoch=118, loss=0.2190
Epoch=119, loss=0.2103
Epoch=120, loss=0.2110
Epoch=121, loss=0.2061
Epoch=122, loss=0.2016
Epoch=123, loss=0.1970
Epoch=124, loss=0.1898
Epoch=125, loss=0.1929
Epoch=126, loss=0.1872
Epoch=127, loss=0.1823
Epoch=128, loss=0.1770
Epoch=129, loss=0.1818
Epoch=130, loss=0.1826
Epoch=131, loss=0.1732
Epoch=132, loss=0.1637
Epoch=133, loss=0.1716
Epoch=134, loss=0.1613
Epoch=135, loss=0.1561
Epoch=136, loss=0.1546
Epoch=137, loss=0.1543
Epoch=138, loss=0.1622
Epoch=139, loss=0.1603
Epoch=140, loss=0.1542
Epoch=141, loss=0.1573
Epoch=142, loss=0.1522
Epoch=143, loss=0.1449
Epoch=144, loss=0.1412
Epoch=145, loss=0.1422
Epoch=146, loss=0.1359
Epoch=147, loss=0.1410
Epoch=148, loss=0.1338
Epoch=149, loss=0.1388
Epoch=150, loss=0.1342
Epoch=151, loss=0.1377
Epoch=152, loss=0.1348
Epoch=153, loss=0.1275
Epoch=154, loss=0.1246
Epoch=155, loss=0.1318
Epoch=156, loss=0.1188
Epoch=157, loss=0.1107
Epoch=158, loss=0.1142
Epoch=159, loss=0.1174
Epoch=160, loss=0.1188
Epoch=161, loss=0.1139
Epoch=162, loss=0.1132
Epoch=163, loss=0.1273
Epoch=164, loss=0.1067
Epoch=165, loss=0.1122
Epoch=166, loss=0.1115
Epoch=167, loss=0.1115
Epoch=168, loss=0.1066
Epoch=169, loss=0.1055
Epoch=170, loss=0.1151
Epoch=171, loss=0.1071
Epoch=172, loss=0.0963
Epoch=173, loss=0.1042
Epoch=174, loss=0.1085
Epoch=175, loss=0.1094
Epoch=176, loss=0.1117
Epoch=177, loss=0.1038
Epoch=178, loss=0.1015
Epoch=179, loss=0.1070
Epoch=180, loss=0.0975
Epoch=181, loss=0.0967
Epoch=182, loss=0.1020
Epoch=183, loss=0.0986
Epoch=184, loss=0.0879
Epoch=185, loss=0.1062
Epoch=186, loss=0.0908
Epoch=187, loss=0.0966
Epoch=188, loss=0.1006
Epoch=189, loss=0.0880
Epoch=190, loss=0.0966
Epoch=191, loss=0.0923
Epoch=192, loss=0.0915
Epoch=193, loss=0.0891
Epoch=194, loss=0.0906
Epoch=195, loss=0.0973
Epoch=196, loss=0.0845
Epoch=197, loss=0.0923
Epoch=198, loss=0.0928
Epoch=199, loss=0.0962
Epoch=200, loss=0.0859
Epoch=201, loss=0.0799
Epoch=202, loss=0.0707
Epoch=203, loss=0.0828
Epoch=204, loss=0.0764
Epoch=205, loss=0.0881
Epoch=206, loss=0.0887
Epoch=207, loss=0.0833
Epoch=208, loss=0.0913
Epoch=209, loss=0.0897
Epoch=210, loss=0.0880
Epoch=211, loss=0.0776
Epoch=212, loss=0.0806
Epoch=213, loss=0.0803
Epoch=214, loss=0.0822
Epoch=215, loss=0.0703
Epoch=216, loss=0.0760
Epoch=217, loss=0.0790
Epoch=218, loss=0.0882
Epoch=219, loss=0.0798
Epoch=220, loss=0.0773
Epoch=221, loss=0.0721
Epoch=222, loss=0.0692
Epoch=223, loss=0.0748
Epoch=224, loss=0.0803
Epoch=225, loss=0.0805
Epoch=226, loss=0.0763
Epoch=227, loss=0.0786
Epoch=228, loss=0.0772
Epoch=229, loss=0.0816
Epoch=230, loss=0.0767
Epoch=231, loss=0.0839
Epoch=232, loss=0.0681
Epoch=233, loss=0.0680
Epoch=234, loss=0.0752
Epoch=235, loss=0.0760
Epoch=236, loss=0.0693
Epoch=237, loss=0.0711
Epoch=238, loss=0.0681
Epoch=239, loss=0.0624
Epoch=240, loss=0.0715
Epoch=241, loss=0.0704
Epoch=242, loss=0.0634
Epoch=243, loss=0.0657
Epoch=244, loss=0.0764
Epoch=245, loss=0.0596
Epoch=246, loss=0.0774
Epoch=247, loss=0.0622
Epoch=248, loss=0.0634
Epoch=249, loss=0.0717
Epoch=250, loss=0.0663
Epoch=251, loss=0.0679
Epoch=252, loss=0.0604
Epoch=253, loss=0.0602
Epoch=254, loss=0.0669
Epoch=255, loss=0.0560
Epoch=256, loss=0.0635
Epoch=257, loss=0.0649
Epoch=258, loss=0.0676
Epoch=259, loss=0.0529
Epoch=260, loss=0.0695
Epoch=261, loss=0.0718
Epoch=262, loss=0.0589
Epoch=263, loss=0.0684
Epoch=264, loss=0.0643
Epoch=265, loss=0.0574
Epoch=266, loss=0.0709
Epoch=267, loss=0.0578
Epoch=268, loss=0.0537
Epoch=269, loss=0.0700
Epoch=270, loss=0.0585
Epoch=271, loss=0.0645
Epoch=272, loss=0.0585
Epoch=273, loss=0.0717
Epoch=274, loss=0.0566
Epoch=275, loss=0.0598
Epoch=276, loss=0.0557
Epoch=277, loss=0.0516
Epoch=278, loss=0.0551
Epoch=279, loss=0.0575
Epoch=280, loss=0.0729
Epoch=281, loss=0.0649
Epoch=282, loss=0.0588
Epoch=283, loss=0.0532
Epoch=284, loss=0.0587
Epoch=285, loss=0.0573
Epoch=286, loss=0.0496
Epoch=287, loss=0.0515
Epoch=288, loss=0.0561
Epoch=289, loss=0.0474
Epoch=290, loss=0.0631
Epoch=291, loss=0.0661
Epoch=292, loss=0.0544
Epoch=293, loss=0.0579
Epoch=294, loss=0.0521
Epoch=295, loss=0.0586
Epoch=296, loss=0.0527
Epoch=297, loss=0.0549
Epoch=298, loss=0.0480
Epoch=299, loss=0.0536
Epoch=300, loss=0.0551
Epoch=301, loss=0.0567
Epoch=302, loss=0.0598
Epoch=303, loss=0.0540
Epoch=304, loss=0.0449
Epoch=305, loss=0.0471
Epoch=306, loss=0.0589
Epoch=307, loss=0.0541
Epoch=308, loss=0.0537
Epoch=309, loss=0.0501
Epoch=310, loss=0.0474
Epoch=311, loss=0.0662
Epoch=312, loss=0.0370
Epoch=313, loss=0.0596
Epoch=314, loss=0.0528
Epoch=315, loss=0.0644
Epoch=316, loss=0.0614
Epoch=317, loss=0.0561
Epoch=318, loss=0.0511
Epoch=319, loss=0.0444
Epoch=320, loss=0.0533
Epoch=321, loss=0.0543
Epoch=322, loss=0.0463
Epoch=323, loss=0.0504
Epoch=324, loss=0.0555
Epoch=325, loss=0.0469
Epoch=326, loss=0.0592
Epoch=327, loss=0.0528
Epoch=328, loss=0.0484
Epoch=329, loss=0.0501
Epoch=330, loss=0.0519
Epoch=331, loss=0.0484
Epoch=332, loss=0.0447
Early stopping!
Loading 312th epoch
Early stopping!
Start to test process.
done with the edge prediction
done with the node prediction
done with the second node prediction
(E) | label_classification: F1Mi=0.7681+-0.0120, F1Ma=0.7401+-0.0177, acc=0.7681+-0.0120
[['DGI', 'heat', 16, 15, 2, 'normalize', 0.1, 0.2, 0.4, 0.001, 0.5, 0.2, 0.5, 0.0001, 512, 512, 0.7847077252550672, 0.7941735134256206, 0.7695181273831685, 0.7806014939571769, 0.7928571701049805, 0.7139999866485596, 0.6871373057365417, 0.7857142686843872, 0.7139999866485596, 0.6890715956687927, 0.7053245239020598, 0.007716075854630951, 0.6553219431201093, 0.009758301155397718, 0.7053245239020598, 0.007716075854630931], ['DGI', 'heat', 32, 15, 2, 'normalize', 0.1, 0.2, 0.4, 0.001, 0.5, 0.2, 0.5, 0.0001, 512, 512, 0.7775310811004033, 0.773933340069008, 0.7686773797478837, 0.7606105232218117, 0.8928571343421936, 0.7699999809265137, 0.7229207158088684, 0.8928571343421936, 0.7760000228881836, 0.728723406791687, 0.7681305868635834, 0.012013288959867524, 0.7401320216977603, 0.017730500641906344, 0.7681305868635834, 0.012013288959867488]]
=== train DGI model ===
Epoch=000, loss=0.6931
Epoch=001, loss=0.6929
Epoch=002, loss=0.6927
Epoch=003, loss=0.6925
Epoch=004, loss=0.6922
Epoch=005, loss=0.6918
Epoch=006, loss=0.6913
Epoch=007, loss=0.6908
Epoch=008, loss=0.6902
Epoch=009, loss=0.6895
Epoch=010, loss=0.6887
Epoch=011, loss=0.6877
Epoch=012, loss=0.6867
Epoch=013, loss=0.6854
Epoch=014, loss=0.6840
Epoch=015, loss=0.6825
Epoch=016, loss=0.6807
Epoch=017, loss=0.6789
Epoch=018, loss=0.6762
Epoch=019, loss=0.6741
Epoch=020, loss=0.6714
Epoch=021, loss=0.6682
Epoch=022, loss=0.6650
Epoch=023, loss=0.6613
Epoch=024, loss=0.6576
Epoch=025, loss=0.6535
Epoch=026, loss=0.6495
Epoch=027, loss=0.6434
Epoch=028, loss=0.6380
Epoch=029, loss=0.6320
Epoch=030, loss=0.6270
Epoch=031, loss=0.6187
Epoch=032, loss=0.6126
Epoch=033, loss=0.6043
Epoch=034, loss=0.5959
Epoch=035, loss=0.5888
Epoch=036, loss=0.5801
Epoch=037, loss=0.5704
Epoch=038, loss=0.5612
Epoch=039, loss=0.5497
Epoch=040, loss=0.5410
Epoch=041, loss=0.5322
Epoch=042, loss=0.5187
Epoch=043, loss=0.5072
Epoch=044, loss=0.4982
Epoch=045, loss=0.4867
Epoch=046, loss=0.4711
Epoch=047, loss=0.4595
Epoch=048, loss=0.4478
Epoch=049, loss=0.4353
Epoch=050, loss=0.4204
Epoch=051, loss=0.4104
Epoch=052, loss=0.3948
Epoch=053, loss=0.3872
Epoch=054, loss=0.3698
Epoch=055, loss=0.3611
Epoch=056, loss=0.3512
Epoch=057, loss=0.3329
Epoch=058, loss=0.3243
Epoch=059, loss=0.3108
Epoch=060, loss=0.2934
Epoch=061, loss=0.2928
Epoch=062, loss=0.2749
Epoch=063, loss=0.2682
Epoch=064, loss=0.2568
Epoch=065, loss=0.2456
Epoch=066, loss=0.2365
Epoch=067, loss=0.2313
Epoch=068, loss=0.2264
Epoch=069, loss=0.2098
Epoch=070, loss=0.2004
Epoch=071, loss=0.1899
Epoch=072, loss=0.1887
Epoch=073, loss=0.1859
Epoch=074, loss=0.1786
Epoch=075, loss=0.1704
Epoch=076, loss=0.1764
Epoch=077, loss=0.1689
Epoch=078, loss=0.1599
Epoch=079, loss=0.1521
Epoch=080, loss=0.1517
Epoch=081, loss=0.1456
Epoch=082, loss=0.1473
Epoch=083, loss=0.1460
Epoch=084, loss=0.1296
Epoch=085, loss=0.1277
Epoch=086, loss=0.1255
Epoch=087, loss=0.1365
Epoch=088, loss=0.1267
Epoch=089, loss=0.1144
Epoch=090, loss=0.1198
Epoch=091, loss=0.1164
Epoch=092, loss=0.1164
Epoch=093, loss=0.1153
Epoch=094, loss=0.1179
Epoch=095, loss=0.1117
Epoch=096, loss=0.1102
Epoch=097, loss=0.1089
Epoch=098, loss=0.1122
Epoch=099, loss=0.1033
Epoch=100, loss=0.1102
Epoch=101, loss=0.0947
Epoch=102, loss=0.0967
Epoch=103, loss=0.1066
Epoch=104, loss=0.0964
Epoch=105, loss=0.1023
Epoch=106, loss=0.1013
Epoch=107, loss=0.0880
Epoch=108, loss=0.0878
Epoch=109, loss=0.0892
Epoch=110, loss=0.1004
Epoch=111, loss=0.0893
Epoch=112, loss=0.0839
Epoch=113, loss=0.0815
Epoch=114, loss=0.0847
Epoch=115, loss=0.0867
Epoch=116, loss=0.0808
Epoch=117, loss=0.0845
Epoch=118, loss=0.0812
Epoch=119, loss=0.0811
Epoch=120, loss=0.0774
Epoch=121, loss=0.0796
Epoch=122, loss=0.0811
Epoch=123, loss=0.0756
Epoch=124, loss=0.0837
Epoch=125, loss=0.0750
Epoch=126, loss=0.0759
Epoch=127, loss=0.0687
Epoch=128, loss=0.0754
Epoch=129, loss=0.0711
Epoch=130, loss=0.0729
Epoch=131, loss=0.0843
Epoch=132, loss=0.0691
Epoch=133, loss=0.0809
Epoch=134, loss=0.0654
Epoch=135, loss=0.0717
Epoch=136, loss=0.0733
Epoch=137, loss=0.0704
Epoch=138, loss=0.0622
Epoch=139, loss=0.0595
Epoch=140, loss=0.0709
Epoch=141, loss=0.0660
Epoch=142, loss=0.0580
Epoch=143, loss=0.0670
Epoch=144, loss=0.0633
Epoch=145, loss=0.0700
Epoch=146, loss=0.0614
Epoch=147, loss=0.0682
Epoch=148, loss=0.0695
Epoch=149, loss=0.0596
Epoch=150, loss=0.0617
Epoch=151, loss=0.0677
Epoch=152, loss=0.0600
Epoch=153, loss=0.0568
Epoch=154, loss=0.0610
Epoch=155, loss=0.0631
Epoch=156, loss=0.0719
Epoch=157, loss=0.0589
Epoch=158, loss=0.0537
Epoch=159, loss=0.0567
Epoch=160, loss=0.0616
Epoch=161, loss=0.0603
Epoch=162, loss=0.0557
Epoch=163, loss=0.0606
Epoch=164, loss=0.0627
Epoch=165, loss=0.0534
Epoch=166, loss=0.0489
Epoch=167, loss=0.0555
Epoch=168, loss=0.0537
Epoch=169, loss=0.0542
Epoch=170, loss=0.0646
Epoch=171, loss=0.0531
Epoch=172, loss=0.0587
Epoch=173, loss=0.0576
Epoch=174, loss=0.0415
Epoch=175, loss=0.0487
Epoch=176, loss=0.0540
Epoch=177, loss=0.0556
Epoch=178, loss=0.0588
Epoch=179, loss=0.0479
Epoch=180, loss=0.0581
Epoch=181, loss=0.0499
Epoch=182, loss=0.0518
Epoch=183, loss=0.0508
Epoch=184, loss=0.0510
Epoch=185, loss=0.0626
Epoch=186, loss=0.0448
Epoch=187, loss=0.0429
Epoch=188, loss=0.0406
Epoch=189, loss=0.0438
Epoch=190, loss=0.0436
Epoch=191, loss=0.0449
Epoch=192, loss=0.0527
Epoch=193, loss=0.0493
Epoch=194, loss=0.0454
Epoch=195, loss=0.0484
Epoch=196, loss=0.0454
Epoch=197, loss=0.0455
Epoch=198, loss=0.0494
Epoch=199, loss=0.0507
Epoch=200, loss=0.0519
Epoch=201, loss=0.0502
Epoch=202, loss=0.0404
Epoch=203, loss=0.0526
Epoch=204, loss=0.0505
Epoch=205, loss=0.0484
Epoch=206, loss=0.0590
Epoch=207, loss=0.0579
Epoch=208, loss=0.0438
Epoch=209, loss=0.0412
Epoch=210, loss=0.0407
Epoch=211, loss=0.0465
Epoch=212, loss=0.0470
Epoch=213, loss=0.0409
Epoch=214, loss=0.0447
Epoch=215, loss=0.0389
Epoch=216, loss=0.0452
Epoch=217, loss=0.0454
Epoch=218, loss=0.0380
Epoch=219, loss=0.0408
Epoch=220, loss=0.0509
Epoch=221, loss=0.0403
Epoch=222, loss=0.0371
Epoch=223, loss=0.0450
Epoch=224, loss=0.0434
Epoch=225, loss=0.0377
Epoch=226, loss=0.0454
Epoch=227, loss=0.0416
Epoch=228, loss=0.0347
Epoch=229, loss=0.0398
Epoch=230, loss=0.0387
Epoch=231, loss=0.0497
Epoch=232, loss=0.0360
Epoch=233, loss=0.0343
Epoch=234, loss=0.0458
Epoch=235, loss=0.0377
Epoch=236, loss=0.0369
Epoch=237, loss=0.0442
Epoch=238, loss=0.0393
Epoch=239, loss=0.0334
Epoch=240, loss=0.0359
Epoch=241, loss=0.0509
Epoch=242, loss=0.0388
Epoch=243, loss=0.0376
Epoch=244, loss=0.0396
Epoch=245, loss=0.0350
Epoch=246, loss=0.0371
Epoch=247, loss=0.0382
Epoch=248, loss=0.0410
Epoch=249, loss=0.0292
Epoch=250, loss=0.0423
Epoch=251, loss=0.0349
Epoch=252, loss=0.0405
Epoch=253, loss=0.0306
Epoch=254, loss=0.0432
Epoch=255, loss=0.0336
Epoch=256, loss=0.0395
Epoch=257, loss=0.0347
Epoch=258, loss=0.0319
Epoch=259, loss=0.0331
Epoch=260, loss=0.0335
Epoch=261, loss=0.0369
Epoch=262, loss=0.0340
Epoch=263, loss=0.0328
Epoch=264, loss=0.0337
Epoch=265, loss=0.0338
Epoch=266, loss=0.0299
Epoch=267, loss=0.0309
Epoch=268, loss=0.0351
Epoch=269, loss=0.0358
Early stopping!
Loading 249th epoch
Early stopping!
Start to test process.
done with the edge prediction
done with the node prediction
done with the second node prediction
(E) | label_classification: F1Mi=0.7948+-0.0194, F1Ma=0.7693+-0.0297, acc=0.7948+-0.0194
[['DGI', 'heat', 16, 15, 2, 'normalize', 0.1, 0.2, 0.4, 0.001, 0.5, 0.2, 0.5, 0.0001, 512, 512, 0.7847077252550672, 0.7941735134256206, 0.7695181273831685, 0.7806014939571769, 0.7928571701049805, 0.7139999866485596, 0.6871373057365417, 0.7857142686843872, 0.7139999866485596, 0.6890715956687927, 0.7053245239020598, 0.007716075854630951, 0.6553219431201093, 0.009758301155397718, 0.7053245239020598, 0.007716075854630931], ['DGI', 'heat', 32, 15, 2, 'normalize', 0.1, 0.2, 0.4, 0.001, 0.5, 0.2, 0.5, 0.0001, 512, 512, 0.7775310811004033, 0.773933340069008, 0.7686773797478837, 0.7606105232218117, 0.8928571343421936, 0.7699999809265137, 0.7229207158088684, 0.8928571343421936, 0.7760000228881836, 0.728723406791687, 0.7681305868635834, 0.012013288959867524, 0.7401320216977603, 0.017730500641906344, 0.7681305868635834, 0.012013288959867488], ['DGI', 'heat', 64, 15, 2, 'normalize', 0.1, 0.2, 0.4, 0.001, 0.5, 0.2, 0.5, 0.0001, 512, 512, 0.7798575464458998, 0.7792586724730827, 0.7709853850336118, 0.7642534863717179, 0.9071428775787354, 0.8199999928474426, 0.7756286263465881, 0.9071428775787354, 0.8199999928474426, 0.7780464291572571, 0.7947920715118538, 0.019434123528959502, 0.7693410726564357, 0.02971256814832525, 0.7947920715118538, 0.019434123528959502]]
=== train DGI model ===
Epoch=000, loss=0.6931
Epoch=001, loss=0.6926
Epoch=002, loss=0.6919
Epoch=003, loss=0.6910
Epoch=004, loss=0.6900
Epoch=005, loss=0.6885
Epoch=006, loss=0.6864
Epoch=007, loss=0.6844
Epoch=008, loss=0.6818
Epoch=009, loss=0.6784
Epoch=010, loss=0.6748
Epoch=011, loss=0.6698
Epoch=012, loss=0.6648
Epoch=013, loss=0.6587
Epoch=014, loss=0.6516
Epoch=015, loss=0.6441
Epoch=016, loss=0.6359
Epoch=017, loss=0.6256
Epoch=018, loss=0.6139
Epoch=019, loss=0.6027
Epoch=020, loss=0.5893
Epoch=021, loss=0.5741
Epoch=022, loss=0.5585
Epoch=023, loss=0.5418
Epoch=024, loss=0.5246
Epoch=025, loss=0.5066
Epoch=026, loss=0.4855
Epoch=027, loss=0.4674
Epoch=028, loss=0.4452
Epoch=029, loss=0.4287
Epoch=030, loss=0.4036
Epoch=031, loss=0.3823
Epoch=032, loss=0.3653
Epoch=033, loss=0.3451
Epoch=034, loss=0.3234
Epoch=035, loss=0.3105
Epoch=036, loss=0.2878
Epoch=037, loss=0.2666
Epoch=038, loss=0.2516
Epoch=039, loss=0.2410
Epoch=040, loss=0.2365
Epoch=041, loss=0.2189
Epoch=042, loss=0.2086
Epoch=043, loss=0.1884
Epoch=044, loss=0.1863
Epoch=045, loss=0.1695
Epoch=046, loss=0.1620
Epoch=047, loss=0.1585
Epoch=048, loss=0.1402
Epoch=049, loss=0.1485
Epoch=050, loss=0.1441
Epoch=051, loss=0.1332
Epoch=052, loss=0.1184
Epoch=053, loss=0.1230
Epoch=054, loss=0.1175
Epoch=055, loss=0.1024
Epoch=056, loss=0.1137
Epoch=057, loss=0.1101
Epoch=058, loss=0.1064
Epoch=059, loss=0.0914
Epoch=060, loss=0.1001
Epoch=061, loss=0.0798
Epoch=062, loss=0.0930
Epoch=063, loss=0.0904
Epoch=064, loss=0.0911
Epoch=065, loss=0.0838
Epoch=066, loss=0.0905
Epoch=067, loss=0.0876
Epoch=068, loss=0.0810
Epoch=069, loss=0.1000
Epoch=070, loss=0.0931
Epoch=071, loss=0.0794
Epoch=072, loss=0.0773
Epoch=073, loss=0.0904
Epoch=074, loss=0.0895
Epoch=075, loss=0.0865
Epoch=076, loss=0.0754
Epoch=077, loss=0.0839
Epoch=078, loss=0.0715
Epoch=079, loss=0.0671
Epoch=080, loss=0.0718
Epoch=081, loss=0.0686
Epoch=082, loss=0.0734
Epoch=083, loss=0.0745
Epoch=084, loss=0.0712
Epoch=085, loss=0.0655
Epoch=086, loss=0.0646
Epoch=087, loss=0.0642
Epoch=088, loss=0.0655
Epoch=089, loss=0.0693
Epoch=090, loss=0.0778
Epoch=091, loss=0.0659
Epoch=092, loss=0.0588
Epoch=093, loss=0.0616
Epoch=094, loss=0.0650
Epoch=095, loss=0.0632
Epoch=096, loss=0.0722
Epoch=097, loss=0.0612
Epoch=098, loss=0.0594
Epoch=099, loss=0.0628
Epoch=100, loss=0.0575
Epoch=101, loss=0.0623
Epoch=102, loss=0.0482
Epoch=103, loss=0.0490
Epoch=104, loss=0.0623
Epoch=105, loss=0.0595
Epoch=106, loss=0.0548
Epoch=107, loss=0.0542
Epoch=108, loss=0.0553
Epoch=109, loss=0.0604
Epoch=110, loss=0.0501
Epoch=111, loss=0.0556
Epoch=112, loss=0.0589
Epoch=113, loss=0.0466
Epoch=114, loss=0.0534
Epoch=115, loss=0.0533
Epoch=116, loss=0.0532
Epoch=117, loss=0.0476
Epoch=118, loss=0.0459
Epoch=119, loss=0.0544
Epoch=120, loss=0.0496
Epoch=121, loss=0.0618
Epoch=122, loss=0.0517
Epoch=123, loss=0.0560
Epoch=124, loss=0.0548
Epoch=125, loss=0.0445
Epoch=126, loss=0.0445
Epoch=127, loss=0.0487
Epoch=128, loss=0.0501
Epoch=129, loss=0.0473
Epoch=130, loss=0.0499
Epoch=131, loss=0.0381
Epoch=132, loss=0.0538
Epoch=133, loss=0.0420
Epoch=134, loss=0.0525
Epoch=135, loss=0.0573
Epoch=136, loss=0.0428
Epoch=137, loss=0.0479
Epoch=138, loss=0.0547
Epoch=139, loss=0.0396
Epoch=140, loss=0.0496
Epoch=141, loss=0.0451
Epoch=142, loss=0.0449
Epoch=143, loss=0.0400
Epoch=144, loss=0.0434
Epoch=145, loss=0.0585
Epoch=146, loss=0.0460
Epoch=147, loss=0.0387
Epoch=148, loss=0.0431
Epoch=149, loss=0.0373
Epoch=150, loss=0.0399
Epoch=151, loss=0.0447
Epoch=152, loss=0.0494
Epoch=153, loss=0.0412
Epoch=154, loss=0.0347
Epoch=155, loss=0.0444
Epoch=156, loss=0.0408
Epoch=157, loss=0.0321
Epoch=158, loss=0.0526
Epoch=159, loss=0.0497
Epoch=160, loss=0.0431
Epoch=161, loss=0.0541
Epoch=162, loss=0.0371
Epoch=163, loss=0.0422
Epoch=164, loss=0.0355
Epoch=165, loss=0.0461
Epoch=166, loss=0.0363
Epoch=167, loss=0.0390
Epoch=168, loss=0.0343
Epoch=169, loss=0.0307
Epoch=170, loss=0.0365
Epoch=171, loss=0.0528
Epoch=172, loss=0.0449
Epoch=173, loss=0.0388
Epoch=174, loss=0.0345
Epoch=175, loss=0.0360
Epoch=176, loss=0.0454
Epoch=177, loss=0.0341
Epoch=178, loss=0.0417
Epoch=179, loss=0.0299
Epoch=180, loss=0.0357
Epoch=181, loss=0.0447
Epoch=182, loss=0.0323
Epoch=183, loss=0.0437
Epoch=184, loss=0.0361
Epoch=185, loss=0.0401
Epoch=186, loss=0.0444
Epoch=187, loss=0.0320
Epoch=188, loss=0.0364
Epoch=189, loss=0.0455
Epoch=190, loss=0.0442
Epoch=191, loss=0.0369
Epoch=192, loss=0.0250
Epoch=193, loss=0.0284
Epoch=194, loss=0.0469
Epoch=195, loss=0.0353
Epoch=196, loss=0.0346
Epoch=197, loss=0.0475
Epoch=198, loss=0.0360
Epoch=199, loss=0.0335
Epoch=200, loss=0.0402
Epoch=201, loss=0.0477
Epoch=202, loss=0.0259
Epoch=203, loss=0.0433
Epoch=204, loss=0.0384
Epoch=205, loss=0.0290
Epoch=206, loss=0.0385
Epoch=207, loss=0.0371
Epoch=208, loss=0.0372
Epoch=209, loss=0.0259
Epoch=210, loss=0.0347
Epoch=211, loss=0.0318
Epoch=212, loss=0.0331
Early stopping!
Loading 192th epoch
Early stopping!
Start to test process.
done with the edge prediction
done with the node prediction
done with the second node prediction
(E) | label_classification: F1Mi=0.8019+-0.0180, F1Ma=0.7824+-0.0239, acc=0.8019+-0.0180
[['DGI', 'heat', 16, 15, 2, 'normalize', 0.1, 0.2, 0.4, 0.001, 0.5, 0.2, 0.5, 0.0001, 512, 512, 0.7847077252550672, 0.7941735134256206, 0.7695181273831685, 0.7806014939571769, 0.7928571701049805, 0.7139999866485596, 0.6871373057365417, 0.7857142686843872, 0.7139999866485596, 0.6890715956687927, 0.7053245239020598, 0.007716075854630951, 0.6553219431201093, 0.009758301155397718, 0.7053245239020598, 0.007716075854630931], ['DGI', 'heat', 32, 15, 2, 'normalize', 0.1, 0.2, 0.4, 0.001, 0.5, 0.2, 0.5, 0.0001, 512, 512, 0.7775310811004033, 0.773933340069008, 0.7686773797478837, 0.7606105232218117, 0.8928571343421936, 0.7699999809265137, 0.7229207158088684, 0.8928571343421936, 0.7760000228881836, 0.728723406791687, 0.7681305868635834, 0.012013288959867524, 0.7401320216977603, 0.017730500641906344, 0.7681305868635834, 0.012013288959867488], ['DGI', 'heat', 64, 15, 2, 'normalize', 0.1, 0.2, 0.4, 0.001, 0.5, 0.2, 0.5, 0.0001, 512, 512, 0.7798575464458998, 0.7792586724730827, 0.7709853850336118, 0.7642534863717179, 0.9071428775787354, 0.8199999928474426, 0.7756286263465881, 0.9071428775787354, 0.8199999928474426, 0.7780464291572571, 0.7947920715118538, 0.019434123528959502, 0.7693410726564357, 0.02971256814832525, 0.7947920715118538, 0.019434123528959502], ['DGI', 'heat', 128, 15, 2, 'normalize', 0.1, 0.2, 0.4, 0.001, 0.5, 0.2, 0.5, 0.0001, 512, 512, 0.7814140838234499, 0.7758047245870481, 0.7710898033694716, 0.7676668847901229, 0.9142857193946838, 0.8299999833106995, 0.7780464291572571, 0.9214285612106323, 0.8299999833106995, 0.7794970870018005, 0.8018655266226193, 0.017964608639193743, 0.7824223617632815, 0.023897895099903026, 0.8018655266226193, 0.017964608639193743]]
=== train DGI model ===
Epoch=000, loss=0.6931
Epoch=001, loss=0.6920
Epoch=002, loss=0.6894
Epoch=003, loss=0.6862
Epoch=004, loss=0.6817
Epoch=005, loss=0.6758
Epoch=006, loss=0.6674
Epoch=007, loss=0.6574
Epoch=008, loss=0.6470
Epoch=009, loss=0.6314
Epoch=010, loss=0.6186
Epoch=011, loss=0.6036
Epoch=012, loss=0.5809
Epoch=013, loss=0.5567
Epoch=014, loss=0.5387
Epoch=015, loss=0.5072
Epoch=016, loss=0.4838
Epoch=017, loss=0.4626
Epoch=018, loss=0.4272
Epoch=019, loss=0.4003
Epoch=020, loss=0.3787
Epoch=021, loss=0.3574
Epoch=022, loss=0.3244
Epoch=023, loss=0.3004
Epoch=024, loss=0.2797
Epoch=025, loss=0.2676
Epoch=026, loss=0.2318
Epoch=027, loss=0.2383
Epoch=028, loss=0.2193
Epoch=029, loss=0.1944
Epoch=030, loss=0.1863
Epoch=031, loss=0.1755
Epoch=032, loss=0.1641
Epoch=033, loss=0.1546
Epoch=034, loss=0.1428
Epoch=035, loss=0.1530
Epoch=036, loss=0.1566
Epoch=037, loss=0.1202
Epoch=038, loss=0.1036
Epoch=039, loss=0.1309
Epoch=040, loss=0.1250
Epoch=041, loss=0.1099
Epoch=042, loss=0.1136
Epoch=043, loss=0.1207
Epoch=044, loss=0.1004
Epoch=045, loss=0.0997
Epoch=046, loss=0.0909
Epoch=047, loss=0.1158
Epoch=048, loss=0.1031
Epoch=049, loss=0.1053
Epoch=050, loss=0.0895
Epoch=051, loss=0.0873
Epoch=052, loss=0.0863
Epoch=053, loss=0.0947
Epoch=054, loss=0.0761
Epoch=055, loss=0.0704
Epoch=056, loss=0.0823
Epoch=057, loss=0.0907
Epoch=058, loss=0.0940
Epoch=059, loss=0.0723
Epoch=060, loss=0.0701
Epoch=061, loss=0.0841
Epoch=062, loss=0.0814
Epoch=063, loss=0.0637
Epoch=064, loss=0.0828
Epoch=065, loss=0.0811
Epoch=066, loss=0.0873
Epoch=067, loss=0.0754
Epoch=068, loss=0.0802
Epoch=069, loss=0.0599
Epoch=070, loss=0.0783
Epoch=071, loss=0.0644
Epoch=072, loss=0.0676
Epoch=073, loss=0.0757
Epoch=074, loss=0.0742
Epoch=075, loss=0.0605
Epoch=076, loss=0.0754
Epoch=077, loss=0.0630
Epoch=078, loss=0.0768
Epoch=079, loss=0.0634
Epoch=080, loss=0.0692
Epoch=081, loss=0.0643
Epoch=082, loss=0.0667
Epoch=083, loss=0.0528
Epoch=084, loss=0.0595
Epoch=085, loss=0.0553
Epoch=086, loss=0.0552
Epoch=087, loss=0.0560
Epoch=088, loss=0.0559
Epoch=089, loss=0.0708
Epoch=090, loss=0.0588
Epoch=091, loss=0.0527
Epoch=092, loss=0.0609
Epoch=093, loss=0.0547
Epoch=094, loss=0.0450
Epoch=095, loss=0.0421
Epoch=096, loss=0.0511
Epoch=097, loss=0.0576
Epoch=098, loss=0.0520
Epoch=099, loss=0.0487
Epoch=100, loss=0.0546
Epoch=101, loss=0.0475
Epoch=102, loss=0.0368
Epoch=103, loss=0.0507
Epoch=104, loss=0.0615
Epoch=105, loss=0.0514
Epoch=106, loss=0.0506
Epoch=107, loss=0.0408
Epoch=108, loss=0.0375
Epoch=109, loss=0.0467
Epoch=110, loss=0.0490
Epoch=111, loss=0.0455
Epoch=112, loss=0.0358
Epoch=113, loss=0.0482
Epoch=114, loss=0.0471
Epoch=115, loss=0.0367
Epoch=116, loss=0.0352
Epoch=117, loss=0.0428
Epoch=118, loss=0.0579
Epoch=119, loss=0.0399
Epoch=120, loss=0.0342
Epoch=121, loss=0.0429
Epoch=122, loss=0.0488
Epoch=123, loss=0.0362
Epoch=124, loss=0.0447
Epoch=125, loss=0.0240
Epoch=126, loss=0.0456
Epoch=127, loss=0.0373
Epoch=128, loss=0.0364
Epoch=129, loss=0.0653
Epoch=130, loss=0.0299
Epoch=131, loss=0.0486
Epoch=132, loss=0.0341
Epoch=133, loss=0.0393
Epoch=134, loss=0.0399
Epoch=135, loss=0.0431
Epoch=136, loss=0.0434
Epoch=137, loss=0.0304
Epoch=138, loss=0.0347
Epoch=139, loss=0.0369
Epoch=140, loss=0.0388
Epoch=141, loss=0.0369
Epoch=142, loss=0.0336
Epoch=143, loss=0.0280
Epoch=144, loss=0.0396
Epoch=145, loss=0.0301
Early stopping!
Loading 125th epoch
Early stopping!
Start to test process.
done with the edge prediction
done with the node prediction
done with the second node prediction
(E) | label_classification: F1Mi=0.7962+-0.0152, F1Ma=0.7720+-0.0235, acc=0.7962+-0.0152
[['DGI', 'heat', 16, 15, 2, 'normalize', 0.1, 0.2, 0.4, 0.001, 0.5, 0.2, 0.5, 0.0001, 512, 512, 0.7847077252550672, 0.7941735134256206, 0.7695181273831685, 0.7806014939571769, 0.7928571701049805, 0.7139999866485596, 0.6871373057365417, 0.7857142686843872, 0.7139999866485596, 0.6890715956687927, 0.7053245239020598, 0.007716075854630951, 0.6553219431201093, 0.009758301155397718, 0.7053245239020598, 0.007716075854630931], ['DGI', 'heat', 32, 15, 2, 'normalize', 0.1, 0.2, 0.4, 0.001, 0.5, 0.2, 0.5, 0.0001, 512, 512, 0.7775310811004033, 0.773933340069008, 0.7686773797478837, 0.7606105232218117, 0.8928571343421936, 0.7699999809265137, 0.7229207158088684, 0.8928571343421936, 0.7760000228881836, 0.728723406791687, 0.7681305868635834, 0.012013288959867524, 0.7401320216977603, 0.017730500641906344, 0.7681305868635834, 0.012013288959867488], ['DGI', 'heat', 64, 15, 2, 'normalize', 0.1, 0.2, 0.4, 0.001, 0.5, 0.2, 0.5, 0.0001, 512, 512, 0.7798575464458998, 0.7792586724730827, 0.7709853850336118, 0.7642534863717179, 0.9071428775787354, 0.8199999928474426, 0.7756286263465881, 0.9071428775787354, 0.8199999928474426, 0.7780464291572571, 0.7947920715118538, 0.019434123528959502, 0.7693410726564357, 0.02971256814832525, 0.7947920715118538, 0.019434123528959502], ['DGI', 'heat', 128, 15, 2, 'normalize', 0.1, 0.2, 0.4, 0.001, 0.5, 0.2, 0.5, 0.0001, 512, 512, 0.7814140838234499, 0.7758047245870481, 0.7710898033694716, 0.7676668847901229, 0.9142857193946838, 0.8299999833106995, 0.7780464291572571, 0.9214285612106323, 0.8299999833106995, 0.7794970870018005, 0.8018655266226193, 0.017964608639193743, 0.7824223617632815, 0.023897895099903026, 0.8018655266226193, 0.017964608639193743], ['DGI', 'heat', 256, 15, 2, 'normalize', 0.1, 0.2, 0.4, 0.001, 0.5, 0.2, 0.5, 0.0001, 512, 512, 0.9214341829747618, 0.9122218509529101, 0.8977672479287362, 0.8890862785262705, 0.949999988079071, 0.8320000171661377, 0.7930367588996887, 0.949999988079071, 0.8320000171661377, 0.7940038442611694, 0.7961912164788185, 0.015247026934044084, 0.7719895240306208, 0.023533572255448446, 0.7961912164788185, 0.015247026934044084]]
=== train DGI model ===
Epoch=000, loss=0.6932
Epoch=001, loss=0.6933
Epoch=002, loss=0.6946
Epoch=003, loss=0.6851
Epoch=004, loss=0.6820
Epoch=005, loss=0.6740
Epoch=006, loss=0.6609
Epoch=007, loss=0.6506
Epoch=008, loss=0.6309
Epoch=009, loss=0.6122
Epoch=010, loss=0.5905
Epoch=011, loss=0.5602
Epoch=012, loss=0.5347
Epoch=013, loss=0.5224
Epoch=014, loss=0.4838
Epoch=015, loss=0.4450
Epoch=016, loss=0.4392
Epoch=017, loss=0.3978
Epoch=018, loss=0.3473
Epoch=019, loss=0.3375
Epoch=020, loss=0.3227
Epoch=021, loss=0.2779
Epoch=022, loss=0.2739
Epoch=023, loss=0.2569
Epoch=024, loss=0.2374
Epoch=025, loss=0.2274
Epoch=026, loss=0.1748
Epoch=027, loss=0.1788
Epoch=028, loss=0.1651
Epoch=029, loss=0.1586
Epoch=030, loss=0.1465
Epoch=031, loss=0.1394
Epoch=032, loss=0.1297
Epoch=033, loss=0.1188
Epoch=034, loss=0.1108
Epoch=035, loss=0.0922
Epoch=036, loss=0.0892
Epoch=037, loss=0.0899
Epoch=038, loss=0.0796
Epoch=039, loss=0.0791
Epoch=040, loss=0.0643
Epoch=041, loss=0.0709
Epoch=042, loss=0.0575
Epoch=043, loss=0.0718
Epoch=044, loss=0.0673
Epoch=045, loss=0.0613
Epoch=046, loss=0.0557
Epoch=047, loss=0.0509
Epoch=048, loss=0.0520
Epoch=049, loss=0.0573
Epoch=050, loss=0.0430
Epoch=051, loss=0.0394
Epoch=052, loss=0.0475
Epoch=053, loss=0.0356
Epoch=054, loss=0.0423
Epoch=055, loss=0.0401
Epoch=056, loss=0.0295
Epoch=057, loss=0.0330
Epoch=058, loss=0.0369
Epoch=059, loss=0.0365
Epoch=060, loss=0.0348
Epoch=061, loss=0.0296
Epoch=062, loss=0.0318
Epoch=063, loss=0.0277
Epoch=064, loss=0.0387
Epoch=065, loss=0.0196
Epoch=066, loss=0.0211
Epoch=067, loss=0.0187
Epoch=068, loss=0.0255
Epoch=069, loss=0.0194
Epoch=070, loss=0.0305
Epoch=071, loss=0.0240
Epoch=072, loss=0.0262
Epoch=073, loss=0.0256
Epoch=074, loss=0.0250
Epoch=075, loss=0.0290
Epoch=076, loss=0.0228
Epoch=077, loss=0.0154
Epoch=078, loss=0.0153
Epoch=079, loss=0.0198
Epoch=080, loss=0.0134
Epoch=081, loss=0.0195
Epoch=082, loss=0.0164
Epoch=083, loss=0.0173
Epoch=084, loss=0.0169
Epoch=085, loss=0.0194
Epoch=086, loss=0.0159
Epoch=087, loss=0.0152
Epoch=088, loss=0.0193
Epoch=089, loss=0.0202
Epoch=090, loss=0.0140
Epoch=091, loss=0.0105
Epoch=092, loss=0.0189
Epoch=093, loss=0.0117
Epoch=094, loss=0.0148
Epoch=095, loss=0.0181
Epoch=096, loss=0.0179
Epoch=097, loss=0.0114
Epoch=098, loss=0.0118
Epoch=099, loss=0.0125
Epoch=100, loss=0.0142
Epoch=101, loss=0.0084
Epoch=102, loss=0.0100
Epoch=103, loss=0.0129
Epoch=104, loss=0.0096
Epoch=105, loss=0.0175
Epoch=106, loss=0.0093
Epoch=107, loss=0.0117
Epoch=108, loss=0.0100
Epoch=109, loss=0.0069
Epoch=110, loss=0.0120
Epoch=111, loss=0.0078
Epoch=112, loss=0.0090
Epoch=113, loss=0.0065
Epoch=114, loss=0.0095
Epoch=115, loss=0.0078
Epoch=116, loss=0.0075
Epoch=117, loss=0.0125
Epoch=118, loss=0.0066
Epoch=119, loss=0.0080
Epoch=120, loss=0.0133
Epoch=121, loss=0.0060
Epoch=122, loss=0.0090
Epoch=123, loss=0.0048
Epoch=124, loss=0.0079
Epoch=125, loss=0.0123
Epoch=126, loss=0.0058
Epoch=127, loss=0.0087
Epoch=128, loss=0.0038
Epoch=129, loss=0.0114
Epoch=130, loss=0.0122
Epoch=131, loss=0.0047
Epoch=132, loss=0.0088
Epoch=133, loss=0.0056
Epoch=134, loss=0.0047
Epoch=135, loss=0.0061
Epoch=136, loss=0.0090
Epoch=137, loss=0.0087
Epoch=138, loss=0.0139
Epoch=139, loss=0.0103
Epoch=140, loss=0.0054
Epoch=141, loss=0.0069
Epoch=142, loss=0.0049
Epoch=143, loss=0.0054
Epoch=144, loss=0.0072
Epoch=145, loss=0.0094
Epoch=146, loss=0.0077
Epoch=147, loss=0.0041
Epoch=148, loss=0.0079
Early stopping!
Loading 128th epoch
Early stopping!
Start to test process.
done with the edge prediction
done with the node prediction
done with the second node prediction
(E) | label_classification: F1Mi=0.8209+-0.0070, F1Ma=0.8014+-0.0119, acc=0.8209+-0.0070
[['DGI', 'heat', 16, 15, 2, 'normalize', 0.1, 0.2, 0.4, 0.001, 0.5, 0.2, 0.5, 0.0001, 512, 512, 0.7847077252550672, 0.7941735134256206, 0.7695181273831685, 0.7806014939571769, 0.7928571701049805, 0.7139999866485596, 0.6871373057365417, 0.7857142686843872, 0.7139999866485596, 0.6890715956687927, 0.7053245239020598, 0.007716075854630951, 0.6553219431201093, 0.009758301155397718, 0.7053245239020598, 0.007716075854630931], ['DGI', 'heat', 32, 15, 2, 'normalize', 0.1, 0.2, 0.4, 0.001, 0.5, 0.2, 0.5, 0.0001, 512, 512, 0.7775310811004033, 0.773933340069008, 0.7686773797478837, 0.7606105232218117, 0.8928571343421936, 0.7699999809265137, 0.7229207158088684, 0.8928571343421936, 0.7760000228881836, 0.728723406791687, 0.7681305868635834, 0.012013288959867524, 0.7401320216977603, 0.017730500641906344, 0.7681305868635834, 0.012013288959867488], ['DGI', 'heat', 64, 15, 2, 'normalize', 0.1, 0.2, 0.4, 0.001, 0.5, 0.2, 0.5, 0.0001, 512, 512, 0.7798575464458998, 0.7792586724730827, 0.7709853850336118, 0.7642534863717179, 0.9071428775787354, 0.8199999928474426, 0.7756286263465881, 0.9071428775787354, 0.8199999928474426, 0.7780464291572571, 0.7947920715118538, 0.019434123528959502, 0.7693410726564357, 0.02971256814832525, 0.7947920715118538, 0.019434123528959502], ['DGI', 'heat', 128, 15, 2, 'normalize', 0.1, 0.2, 0.4, 0.001, 0.5, 0.2, 0.5, 0.0001, 512, 512, 0.7814140838234499, 0.7758047245870481, 0.7710898033694716, 0.7676668847901229, 0.9142857193946838, 0.8299999833106995, 0.7780464291572571, 0.9214285612106323, 0.8299999833106995, 0.7794970870018005, 0.8018655266226193, 0.017964608639193743, 0.7824223617632815, 0.023897895099903026, 0.8018655266226193, 0.017964608639193743], ['DGI', 'heat', 256, 15, 2, 'normalize', 0.1, 0.2, 0.4, 0.001, 0.5, 0.2, 0.5, 0.0001, 512, 512, 0.9214341829747618, 0.9122218509529101, 0.8977672479287362, 0.8890862785262705, 0.949999988079071, 0.8320000171661377, 0.7930367588996887, 0.949999988079071, 0.8320000171661377, 0.7940038442611694, 0.7961912164788185, 0.015247026934044084, 0.7719895240306208, 0.023533572255448446, 0.7961912164788185, 0.015247026934044084], ['DGI', 'heat', 512, 15, 2, 'normalize', 0.1, 0.2, 0.4, 0.001, 0.5, 0.2, 0.5, 0.0001, 512, 512, 0.9050367974729999, 0.8936020272972496, 0.8836635713231242, 0.8727300782263063, 0.9214285612106323, 0.843999981880188, 0.7930367588996887, 0.9285714030265808, 0.843999981880188, 0.792553186416626, 0.820909444228527, 0.0070490689770724285, 0.8014304843011588, 0.011935122134594644, 0.820909444228527, 0.0070490689770724285]]
