My SLURM_ARRAY_TASK_ID:  9
My SLURM_ARRAY_JOB_ID:  4522349
GRACE
Cora
result file is 4522349_9
Dataset: Cora():
======================
Number of graphs: 1
Number of features: 1433
Number of classes: 7
Data(x=[2708, 1433], edge_index=[2, 10556], y=[2708], train_mask=[2708], val_mask=[2708], test_mask=[2708])
==============================================================
Number of nodes: 2708
Number of edges: 10556
Average node degree: 3.90
Number of training nodes: 140
Training node label rate: 0.05
Contains isolated nodes: False
Contains self-loops: False
Is undirected: True
=== train GRACE model ===
Epoch=000, loss=1.7902
Epoch=001, loss=1.4465
Epoch=002, loss=1.2632
Epoch=003, loss=1.1411
Epoch=004, loss=1.0489
Epoch=005, loss=0.9779
Epoch=006, loss=0.9226
Epoch=007, loss=0.8772
Epoch=008, loss=0.8372
Epoch=009, loss=0.8016
Epoch=010, loss=0.7698
Epoch=011, loss=0.7412
Epoch=012, loss=0.7154
Epoch=013, loss=0.6922
Epoch=014, loss=0.6712
Epoch=015, loss=0.6517
Epoch=016, loss=0.6329
Epoch=017, loss=0.6141
Epoch=018, loss=0.5958
Epoch=019, loss=0.5783
Epoch=020, loss=0.5620
Epoch=021, loss=0.5467
Epoch=022, loss=0.5324
Epoch=023, loss=0.5187
Epoch=024, loss=0.5055
Epoch=025, loss=0.4929
Epoch=026, loss=0.4809
Epoch=027, loss=0.4698
Epoch=028, loss=0.4594
Epoch=029, loss=0.4497
Epoch=030, loss=0.4406
Epoch=031, loss=0.4320
Epoch=032, loss=0.4238
Epoch=033, loss=0.4160
Epoch=034, loss=0.4084
Epoch=035, loss=0.4010
Epoch=036, loss=0.3941
Epoch=037, loss=0.3874
Epoch=038, loss=0.3810
Epoch=039, loss=0.3748
Epoch=040, loss=0.3689
Epoch=041, loss=0.3632
Epoch=042, loss=0.3578
Epoch=043, loss=0.3527
Epoch=044, loss=0.3478
Epoch=045, loss=0.3431
Epoch=046, loss=0.3385
Epoch=047, loss=0.3341
Epoch=048, loss=0.3299
Epoch=049, loss=0.3258
Epoch=050, loss=0.3218
Epoch=051, loss=0.3179
Epoch=052, loss=0.3141
Epoch=053, loss=0.3105
Epoch=054, loss=0.3069
Epoch=055, loss=0.3035
Epoch=056, loss=0.3001
Epoch=057, loss=0.2968
Epoch=058, loss=0.2936
Epoch=059, loss=0.2905
Epoch=060, loss=0.2876
Epoch=061, loss=0.2847
Epoch=062, loss=0.2819
Epoch=063, loss=0.2792
Epoch=064, loss=0.2766
Epoch=065, loss=0.2740
Epoch=066, loss=0.2715
Epoch=067, loss=0.2690
Epoch=068, loss=0.2666
Epoch=069, loss=0.2642
Epoch=070, loss=0.2618
Epoch=071, loss=0.2595
Epoch=072, loss=0.2573
Epoch=073, loss=0.2551
Epoch=074, loss=0.2530
Epoch=075, loss=0.2509
Epoch=076, loss=0.2488
Epoch=077, loss=0.2468
Epoch=078, loss=0.2448
Epoch=079, loss=0.2429
Epoch=080, loss=0.2410
Epoch=081, loss=0.2392
Epoch=082, loss=0.2373
Epoch=083, loss=0.2356
Epoch=084, loss=0.2338
Epoch=085, loss=0.2322
Epoch=086, loss=0.2305
Epoch=087, loss=0.2289
Epoch=088, loss=0.2273
Epoch=089, loss=0.2257
Epoch=090, loss=0.2242
Epoch=091, loss=0.2227
Epoch=092, loss=0.2213
Epoch=093, loss=0.2198
Epoch=094, loss=0.2184
Epoch=095, loss=0.2171
Epoch=096, loss=0.2157
Epoch=097, loss=0.2144
Epoch=098, loss=0.2131
Epoch=099, loss=0.2118
Epoch=100, loss=0.2106
Epoch=101, loss=0.2094
Epoch=102, loss=0.2082
Epoch=103, loss=0.2071
Epoch=104, loss=0.2060
Epoch=105, loss=0.2049
Epoch=106, loss=0.2038
Epoch=107, loss=0.2028
Epoch=108, loss=0.2018
Epoch=109, loss=0.2008
Epoch=110, loss=0.1999
Epoch=111, loss=0.1989
Epoch=112, loss=0.1980
Epoch=113, loss=0.1971
Epoch=114, loss=0.1963
Epoch=115, loss=0.1954
Epoch=116, loss=0.1946
Epoch=117, loss=0.1938
Epoch=118, loss=0.1930
Epoch=119, loss=0.1923
Epoch=120, loss=0.1915
Epoch=121, loss=0.1908
Epoch=122, loss=0.1901
Epoch=123, loss=0.1894
Epoch=124, loss=0.1887
Epoch=125, loss=0.1881
Epoch=126, loss=0.1874
Epoch=127, loss=0.1868
Epoch=128, loss=0.1861
Epoch=129, loss=0.1855
Epoch=130, loss=0.1849
Epoch=131, loss=0.1843
Epoch=132, loss=0.1837
Epoch=133, loss=0.1832
Epoch=134, loss=0.1826
Epoch=135, loss=0.1820
Epoch=136, loss=0.1815
Epoch=137, loss=0.1810
Epoch=138, loss=0.1804
Epoch=139, loss=0.1799
Epoch=140, loss=0.1794
Epoch=141, loss=0.1789
Epoch=142, loss=0.1785
Epoch=143, loss=0.1780
Epoch=144, loss=0.1775
Epoch=145, loss=0.1771
Epoch=146, loss=0.1766
Epoch=147, loss=0.1762
Epoch=148, loss=0.1757
Epoch=149, loss=0.1753
Epoch=150, loss=0.1749
Epoch=151, loss=0.1745
Epoch=152, loss=0.1741
Epoch=153, loss=0.1737
Epoch=154, loss=0.1733
Epoch=155, loss=0.1729
Epoch=156, loss=0.1725
Epoch=157, loss=0.1721
Epoch=158, loss=0.1718
Epoch=159, loss=0.1714
Epoch=160, loss=0.1710
Epoch=161, loss=0.1707
Epoch=162, loss=0.1704
Epoch=163, loss=0.1700
Epoch=164, loss=0.1697
Epoch=165, loss=0.1694
Epoch=166, loss=0.1691
Epoch=167, loss=0.1688
Epoch=168, loss=0.1685
Epoch=169, loss=0.1682
Epoch=170, loss=0.1679
Epoch=171, loss=0.1676
Epoch=172, loss=0.1673
Epoch=173, loss=0.1671
Epoch=174, loss=0.1668
Epoch=175, loss=0.1665
Epoch=176, loss=0.1663
Epoch=177, loss=0.1660
Epoch=178, loss=0.1658
Epoch=179, loss=0.1655
Epoch=180, loss=0.1653
Epoch=181, loss=0.1650
Epoch=182, loss=0.1648
Epoch=183, loss=0.1646
Epoch=184, loss=0.1643
Epoch=185, loss=0.1641
Epoch=186, loss=0.1639
Epoch=187, loss=0.1637
Epoch=188, loss=0.1634
Epoch=189, loss=0.1632
Epoch=190, loss=0.1630
Epoch=191, loss=0.1628
Epoch=192, loss=0.1626
Epoch=193, loss=0.1624
Epoch=194, loss=0.1622
Epoch=195, loss=0.1620
Epoch=196, loss=0.1618
Epoch=197, loss=0.1616
Epoch=198, loss=0.1614
Epoch=199, loss=0.1612
Epoch=200, loss=0.1610
Epoch=201, loss=0.1608
Epoch=202, loss=0.1606
Epoch=203, loss=0.1604
Epoch=204, loss=0.1602
Epoch=205, loss=0.1600
Epoch=206, loss=0.1598
Epoch=207, loss=0.1597
Epoch=208, loss=0.1595
Epoch=209, loss=0.1593
Epoch=210, loss=0.1591
Epoch=211, loss=0.1589
Epoch=212, loss=0.1588
Epoch=213, loss=0.1586
Epoch=214, loss=0.1584
Epoch=215, loss=0.1582
Epoch=216, loss=0.1580
Epoch=217, loss=0.1579
Epoch=218, loss=0.1577
Epoch=219, loss=0.1575
Epoch=220, loss=0.1573
Epoch=221, loss=0.1572
Epoch=222, loss=0.1570
Epoch=223, loss=0.1568
Epoch=224, loss=0.1566
Epoch=225, loss=0.1565
Epoch=226, loss=0.1563
Epoch=227, loss=0.1561
Epoch=228, loss=0.1559
Epoch=229, loss=0.1558
Epoch=230, loss=0.1556
Epoch=231, loss=0.1554
Epoch=232, loss=0.1553
Epoch=233, loss=0.1551
Epoch=234, loss=0.1549
Epoch=235, loss=0.1548
Epoch=236, loss=0.1546
Epoch=237, loss=0.1544
Epoch=238, loss=0.1542
Epoch=239, loss=0.1541
Epoch=240, loss=0.1539
Epoch=241, loss=0.1537
Epoch=242, loss=0.1536
Epoch=243, loss=0.1534
Epoch=244, loss=0.1532
Epoch=245, loss=0.1531
Epoch=246, loss=0.1529
Epoch=247, loss=0.1527
Epoch=248, loss=0.1526
Epoch=249, loss=0.1524
Epoch=250, loss=0.1523
Epoch=251, loss=0.1521
Epoch=252, loss=0.1519
Epoch=253, loss=0.1518
Epoch=254, loss=0.1516
Epoch=255, loss=0.1515
Epoch=256, loss=0.1513
Epoch=257, loss=0.1512
Epoch=258, loss=0.1510
Epoch=259, loss=0.1509
Epoch=260, loss=0.1507
Epoch=261, loss=0.1506
Epoch=262, loss=0.1505
Epoch=263, loss=0.1503
Epoch=264, loss=0.1502
Epoch=265, loss=0.1500
Epoch=266, loss=0.1499
Epoch=267, loss=0.1498
Epoch=268, loss=0.1496
Epoch=269, loss=0.1495
Epoch=270, loss=0.1494
Epoch=271, loss=0.1492
Epoch=272, loss=0.1491
Epoch=273, loss=0.1490
Epoch=274, loss=0.1489
Epoch=275, loss=0.1487
Epoch=276, loss=0.1486
Epoch=277, loss=0.1485
Epoch=278, loss=0.1484
Epoch=279, loss=0.1482
Epoch=280, loss=0.1481
Epoch=281, loss=0.1480
Epoch=282, loss=0.1479
Epoch=283, loss=0.1478
Epoch=284, loss=0.1476
Epoch=285, loss=0.1475
Epoch=286, loss=0.1474
Epoch=287, loss=0.1473
Epoch=288, loss=0.1472
Epoch=289, loss=0.1470
Epoch=290, loss=0.1469
Epoch=291, loss=0.1468
Epoch=292, loss=0.1467
Epoch=293, loss=0.1466
Epoch=294, loss=0.1465
Epoch=295, loss=0.1464
Epoch=296, loss=0.1463
Epoch=297, loss=0.1462
Epoch=298, loss=0.1461
Epoch=299, loss=0.1460
Epoch=300, loss=0.1459
Epoch=301, loss=0.1458
Epoch=302, loss=0.1457
Epoch=303, loss=0.1456
Epoch=304, loss=0.1455
Epoch=305, loss=0.1454
Epoch=306, loss=0.1454
Epoch=307, loss=0.1453
Epoch=308, loss=0.1452
Epoch=309, loss=0.1451
Epoch=310, loss=0.1450
Epoch=311, loss=0.1450
Epoch=312, loss=0.1449
Epoch=313, loss=0.1448
Epoch=314, loss=0.1447
Epoch=315, loss=0.1447
Epoch=316, loss=0.1446
Epoch=317, loss=0.1445
Epoch=318, loss=0.1444
Epoch=319, loss=0.1444
Epoch=320, loss=0.1443
Epoch=321, loss=0.1442
Epoch=322, loss=0.1442
Epoch=323, loss=0.1441
Epoch=324, loss=0.1440
Epoch=325, loss=0.1440
Epoch=326, loss=0.1439
Epoch=327, loss=0.1438
Epoch=328, loss=0.1438
Epoch=329, loss=0.1437
Epoch=330, loss=0.1436
Epoch=331, loss=0.1436
Epoch=332, loss=0.1435
Epoch=333, loss=0.1435
Epoch=334, loss=0.1434
Epoch=335, loss=0.1433
Epoch=336, loss=0.1433
Epoch=337, loss=0.1432
Epoch=338, loss=0.1432
Epoch=339, loss=0.1431
Epoch=340, loss=0.1431
Epoch=341, loss=0.1430
Epoch=342, loss=0.1429
Epoch=343, loss=0.1429
Epoch=344, loss=0.1428
Epoch=345, loss=0.1428
Epoch=346, loss=0.1427
Epoch=347, loss=0.1427
Epoch=348, loss=0.1426
Epoch=349, loss=0.1426
Epoch=350, loss=0.1425
Epoch=351, loss=0.1425
Epoch=352, loss=0.1424
Epoch=353, loss=0.1424
Epoch=354, loss=0.1423
Epoch=355, loss=0.1423
Epoch=356, loss=0.1422
Epoch=357, loss=0.1422
Epoch=358, loss=0.1421
Epoch=359, loss=0.1421
Epoch=360, loss=0.1420
Epoch=361, loss=0.1420
Epoch=362, loss=0.1419
Epoch=363, loss=0.1419
Epoch=364, loss=0.1418
Epoch=365, loss=0.1418
Epoch=366, loss=0.1417
Epoch=367, loss=0.1417
Epoch=368, loss=0.1416
Epoch=369, loss=0.1416
Epoch=370, loss=0.1416
Epoch=371, loss=0.1415
Epoch=372, loss=0.1415
Epoch=373, loss=0.1414
Epoch=374, loss=0.1414
Epoch=375, loss=0.1413
Epoch=376, loss=0.1413
Epoch=377, loss=0.1413
Epoch=378, loss=0.1412
Epoch=379, loss=0.1412
Epoch=380, loss=0.1411
Epoch=381, loss=0.1411
Epoch=382, loss=0.1410
Epoch=383, loss=0.1410
Epoch=384, loss=0.1410
Epoch=385, loss=0.1409
Epoch=386, loss=0.1409
Epoch=387, loss=0.1408
Epoch=388, loss=0.1408
Epoch=389, loss=0.1408
Epoch=390, loss=0.1407
Epoch=391, loss=0.1407
Epoch=392, loss=0.1406
Epoch=393, loss=0.1406
Epoch=394, loss=0.1406
Epoch=395, loss=0.1405
Epoch=396, loss=0.1405
Epoch=397, loss=0.1405
Epoch=398, loss=0.1404
Epoch=399, loss=0.1404
Epoch=400, loss=0.1403
Epoch=401, loss=0.1403
Epoch=402, loss=0.1403
Epoch=403, loss=0.1402
Epoch=404, loss=0.1402
Epoch=405, loss=0.1402
Epoch=406, loss=0.1401
Epoch=407, loss=0.1401
Epoch=408, loss=0.1401
Epoch=409, loss=0.1400
Epoch=410, loss=0.1400
Epoch=411, loss=0.1400
Epoch=412, loss=0.1399
Epoch=413, loss=0.1399
Epoch=414, loss=0.1398
Epoch=415, loss=0.1398
Epoch=416, loss=0.1398
Epoch=417, loss=0.1397
Epoch=418, loss=0.1397
Epoch=419, loss=0.1397
Epoch=420, loss=0.1396
Epoch=421, loss=0.1396
Epoch=422, loss=0.1396
Epoch=423, loss=0.1395
Epoch=424, loss=0.1395
Epoch=425, loss=0.1395
Epoch=426, loss=0.1395
Epoch=427, loss=0.1394
Epoch=428, loss=0.1394
Epoch=429, loss=0.1394
Epoch=430, loss=0.1393
Epoch=431, loss=0.1393
Epoch=432, loss=0.1393
Epoch=433, loss=0.1392
Epoch=434, loss=0.1392
Epoch=435, loss=0.1392
Epoch=436, loss=0.1391
Epoch=437, loss=0.1391
Epoch=438, loss=0.1391
Epoch=439, loss=0.1390
Epoch=440, loss=0.1390
Epoch=441, loss=0.1390
Epoch=442, loss=0.1390
Epoch=443, loss=0.1389
Epoch=444, loss=0.1389
Epoch=445, loss=0.1389
Epoch=446, loss=0.1388
Epoch=447, loss=0.1388
Epoch=448, loss=0.1388
Epoch=449, loss=0.1388
Epoch=450, loss=0.1387
Epoch=451, loss=0.1387
Epoch=452, loss=0.1387
Epoch=453, loss=0.1386
Epoch=454, loss=0.1386
Epoch=455, loss=0.1386
Epoch=456, loss=0.1386
Epoch=457, loss=0.1385
Epoch=458, loss=0.1385
Epoch=459, loss=0.1385
Epoch=460, loss=0.1384
Epoch=461, loss=0.1384
Epoch=462, loss=0.1384
Epoch=463, loss=0.1384
Epoch=464, loss=0.1383
Epoch=465, loss=0.1383
Epoch=466, loss=0.1383
Epoch=467, loss=0.1383
Epoch=468, loss=0.1382
Epoch=469, loss=0.1382
Epoch=470, loss=0.1382
Epoch=471, loss=0.1382
Epoch=472, loss=0.1381
Epoch=473, loss=0.1381
Epoch=474, loss=0.1381
Epoch=475, loss=0.1380
Epoch=476, loss=0.1380
Epoch=477, loss=0.1380
Epoch=478, loss=0.1380
Epoch=479, loss=0.1379
Epoch=480, loss=0.1379
Epoch=481, loss=0.1379
Epoch=482, loss=0.1379
Epoch=483, loss=0.1378
Epoch=484, loss=0.1378
Epoch=485, loss=0.1378
Epoch=486, loss=0.1378
Epoch=487, loss=0.1377
Epoch=488, loss=0.1377
Epoch=489, loss=0.1377
Epoch=490, loss=0.1377
Epoch=491, loss=0.1376
Epoch=492, loss=0.1376
Epoch=493, loss=0.1376
Epoch=494, loss=0.1376
Epoch=495, loss=0.1375
Epoch=496, loss=0.1375
Epoch=497, loss=0.1375
Epoch=498, loss=0.1375
Epoch=499, loss=0.1374
Early stopping!
Start to test process.
done with the edge prediction
done with the node prediction
done with the second node prediction
